Running HiGHS 1.10.0 (git hash: fd8665394): Copyright (c) 2025 HiGHS under MIT licence terms
Set option time_limit to 900
Set option log_to_console to false
Set option solution_file to "C:\Users\konra\AppData\Local\Temp\fac1f8f6f5d344e69f5f4f0650854ea0-pulp.sol"
Set option log_file to "C:\Users\konra\Coding\HTWD_Minimalinvasives_Job-Shop_Scheduling\data\logs\makespan_highs.log"
Set option write_solution_to_file to true
Set option mip_rel_gap to 0.05
Number of BV entries in BOUNDS section is 900
MIP  fac1f8f6f5d344e69f5f4f0650854ea0-pulp has 1900 rows; 1001 cols; 5600 nonzeros; 1001 integer variables (900 binary)
Coefficient ranges:
  Matrix [1e+00, 5e+03]
  Cost   [1e+00, 1e+00]
  Bound  [1e+00, 1e+00]
  RHS    [2e+00, 5e+03]
Presolving model
1900 rows, 1001 cols, 5600 nonzeros  0s
1000 rows, 1001 cols, 2900 nonzeros  0s
1000 rows, 1001 cols, 2900 nonzeros  0s
Objective function is integral with scale 1

Solving MIP model with:
   1000 rows
   1001 cols (900 binary, 101 integer, 0 implied int., 0 continuous)
   2900 nonzeros

Src: B => Branching; C => Central rounding; F => Feasibility pump; H => Heuristic; L => Sub-MIP;
     P => Empty MIP; R => Randomized rounding; S => Solve LP; T => Evaluate node; U => Unbounded;
     z => Trivial zero; l => Trivial lower; u => Trivial upper; p => Trivial point; X => User solution

        Nodes      |    B&B Tree     |            Objective Bounds              |  Dynamic Constraints |       Work      
Src  Proc. InQueue |  Leaves   Expl. | BestBound       BestSol              Gap |   Cuts   InLp Confl. | LpIters     Time

         0       0         0   0.00%   682             inf                  inf        0      0      0         0     0.0s
         0       0         0   0.00%   682             inf                  inf        0      0      0       810     0.0s
 L     203      40        32   1.86%   751.99999       1353              44.42%     5755    355     22     15142     4.4s
 L     229      49        34   1.86%   751.99999       1206              37.65%     5774    667     22     22745     4.9s
 L     336     128        44   1.86%   751.99999       1140              34.04%     5550   1169     68     31961     6.2s
 L     548     255        66   1.88%   751.99999       1100              31.64%     6393    928    257     43387     7.3s
 L     758     395        83   1.88%   751.99999       1098              31.51%     5365    936    412     52262     8.3s
 L    1154     471       132   1.97%   751.99999       1069              29.65%     8160    740   1024     86741    12.1s
 L    1554     525       201   1.97%   751.99999       1054              28.65%     9705    549   1816    116131    14.8s

Restarting search from the root node
Model after restart has 980 rows, 979 cols (878 bin., 101 int., 0 impl., 0 cont.), and 2838 nonzeros

      2288       0         0   0.00%   751.99999       1054              28.65%     1104      0      0    175283    19.3s
      2288       0         0   0.00%   751.99999       1054              28.65%     1104    533     12    176515    19.3s
 L    2975     170       132   0.61%   751.99999       1031              27.06%     8189    922   1496    215791    23.0s
 L    3190     207       192   0.67%   751.99999       1030              26.99%    10155   1175   2034    248887    28.5s
 L    3320     194       218   1.12%   751.99999       1011              25.62%    10057    886   2292    277945    31.6s

Restarting search from the root node
Model after restart has 968 rows, 965 cols (864 bin., 101 int., 0 impl., 0 cont.), and 2800 nonzeros

      5151       0         0   0.00%   751.99999       1011              25.62%      856      0      0    340462    36.1s
      5151       0         0   0.00%   751.99999       1011              25.62%      856    486      8    341311    36.1s
      6581     197       398  14.73%   751.99999       1011              25.62%     8883    880   4024    400097    41.1s
      8296     328       905  17.48%   751.99999       1011              25.62%     8132    848   6736    455864    46.1s
     10202     504      1476  19.37%   751.99999       1011              25.62%     8092    918   6473    514856    51.1s
     12036     618      2059  20.56%   751.99999       1011              25.62%     7685    605   7335    570751    56.2s

Restarting search from the root node
Model after restart has 967 rows, 964 cols (863 bin., 101 int., 0 impl., 0 cont.), and 2797 nonzeros


        Nodes      |    B&B Tree     |            Objective Bounds              |  Dynamic Constraints |       Work      
Src  Proc. InQueue |  Leaves   Expl. | BestBound       BestSol              Gap |   Cuts   InLp Confl. | LpIters     Time

     12194       0         0   0.00%   751.99999       1011              25.62%     1113      0      0    576920    56.7s
     12194       0         0   0.00%   751.99999       1011              25.62%     1113    534      8    577959    56.8s
     13592     168       401  13.12%   751.99999       1011              25.62%     7942    907   4079    631788    61.8s
     15506     386       987  17.91%   751.99999       1011              25.62%     7881    913   7715    687446    66.8s
     17295     532      1561  18.61%   751.99999       1011              25.62%     7694    687   7120    741909    71.8s
     18826     666      2032  19.25%   751.99999       1011              25.62%     7516   1032   6077    795276    76.9s

Restarting search from the root node
Model after restart has 967 rows, 964 cols (863 bin., 101 int., 0 impl., 0 cont.), and 2797 nonzeros

     20199       0         0   0.00%   751.99999       1011              25.62%      860      0      0    835143    81.5s
     20199       0         0   0.00%   751.99999       1011              25.62%      860    494      8    836095    81.6s
     22046     180       559  10.92%   751.99999       1011              25.62%     9752   1206   4660    894098    86.6s
     23711     360      1075  17.24%   751.99999       1011              25.62%     7440   1072   8123    954232    91.6s
     25602     567      1656  20.50%   751.99999       1011              25.62%     8095    753   6694     1013k    96.6s
     27420     737      2210  20.92%   751.99999       1011              25.62%     6905    761   7166     1061k   101.6s
     29462     865      2889  21.08%   751.99999       1011              25.62%     5984    938   7840     1111k   106.6s
     31507    1060      3498  21.50%   751.99999       1011              25.62%     6299    971   7139     1163k   111.6s
     33402    1208      4056  21.67%   751.99999       1011              25.62%     6316    717   5659     1214k   116.6s

Restarting search from the root node
Model after restart has 964 rows, 961 cols (860 bin., 101 int., 0 impl., 0 cont.), and 2788 nonzeros

     34021       0         0   0.00%   751.99999       1011              25.62%      749      0      0     1230k   118.3s
     34021       0         0   0.00%   751.99999       1011              25.62%      749    468      8     1231k   118.3s
     35514     219       385   9.71%   751.99999       1011              25.62%     7440    805   3881     1287k   123.3s
     37444     362      1010  10.55%   751.99999       1011              25.62%     6989    890   7921     1345k   128.3s
     39269     507      1582  12.69%   751.99999       1011              25.62%     7307    764   7907     1398k   133.3s

        Nodes      |    B&B Tree     |            Objective Bounds              |  Dynamic Constraints |       Work      
Src  Proc. InQueue |  Leaves   Expl. | BestBound       BestSol              Gap |   Cuts   InLp Confl. | LpIters     Time

     40970     724      2069  13.39%   751.99999       1011              25.62%     7559    929   6671     1457k   138.3s
     43027     868      2774  13.44%   751.99999       1011              25.62%     6131   1066   7311     1508k   143.3s
     45044    1010      3435  16.76%   751.99999       1011              25.62%     5630    802   8007     1562k   148.4s
     46875    1182      4025  17.72%   751.99999       1011              25.62%     6480    833   7128     1616k   153.4s
     48772    1327      4638  17.79%   751.99999       1011              25.62%     5901    930   8206     1667k   158.4s
     50940    1520      5373  17.88%   751.99999       1011              25.62%     6798    659   9987     1729k   163.4s
     52705    1664      5926  18.41%   751.99999       1011              25.62%     5339    806   6271     1782k   168.4s
     54469    1824      6434  18.49%   751.99999       1011              25.62%     5922    899   4800     1835k   173.4s
     56305    1981      7016  18.56%   751.99999       1011              25.62%     5140    744   6499     1883k   178.4s
     57916    2138      7506  21.41%   751.99999       1011              25.62%     5598   1084   4901     1938k   183.4s
     59903    2285      8141  22.51%   751.99999       1011              25.62%     6185    917   7000     1996k   188.4s
     61910    2457      8765  23.33%   751.99999       1011              25.62%     6864    948   7163     2051k   193.4s
     63832    2660      9342  23.58%   751.99999       1011              25.62%     5527    748   5713     2103k   198.4s
     65801    2813      9975  23.62%   751.99999       1011              25.62%     6711    978   6533     2161k   203.5s
     67830    2980     10615  23.99%   751.99999       1011              25.62%     5269    945   6270     2218k   208.5s
     70120    3196     11355  24.41%   751.99999       1011              25.62%     6014    896   9562     2279k   213.5s
     72183    3401     11980  24.58%   751.99999       1011              25.62%     5829    835   9297     2341k   218.6s
     74244    3557     12655  25.23%   751.99999       1011              25.62%     6719    904   7157     2397k   223.6s
     76252    3731     13275  25.70%   751.99999       1011              25.62%     5658    740   7073     2450k   228.6s
     78490    3951     13993  26.23%   751.99999       1011              25.62%     5088    991   7158     2505k   233.6s

        Nodes      |    B&B Tree     |            Objective Bounds              |  Dynamic Constraints |       Work      
Src  Proc. InQueue |  Leaves   Expl. | BestBound       BestSol              Gap |   Cuts   InLp Confl. | LpIters     Time

     80448    4139     14590  26.23%   751.99999       1011              25.62%     5894    661   5518     2555k   238.6s
     82394    4302     15182  26.41%   751.99999       1011              25.62%     5587    919   5213     2606k   243.6s
     84240    4442     15743  26.45%   751.99999       1011              25.62%     5125    768   6665     2660k   248.6s
 L   84458    4159     15815  27.17%   751.99999       1001              24.88%     5456    926   6034     2668k   250.7s
     86580    4315     16510  27.29%   751.99999       1001              24.88%     7265    944   7410     2739k   255.7s
     88585    4476     17171  27.33%   751.99999       1001              24.88%     6189    852   8781     2800k   260.7s
     90581    4576     17866  27.36%   751.99999       1001              24.88%     6950    990   8148     2858k   265.7s
 L   91805    4427     18269  28.55%   751.99999       994               24.35%     5614    876   7855     2895k   270.1s
     93915    4564     18986  29.65%   751.99999       994               24.35%     7150    832   9331     2970k   275.1s
     96101    4705     19728  29.96%   751.99999       994               24.35%     5310    808   8618     3030k   280.1s
     98331    4814     20511  30.31%   751.99999       994               24.35%     6790    987   9506     3091k   285.1s
    100321    4969     21166  30.34%   751.99999       994               24.35%     5105    706   7509     3150k   290.1s
    101900    5086     21698  30.35%   751.99999       994               24.35%     4896    791   6286     3205k   295.8s
    103949    5210     22400  30.45%   751.99999       994               24.35%     6444    977   8358     3265k   300.9s
    106247    5345     23196  30.47%   751.99999       994               24.35%     6269    862   9776     3324k   305.9s
    108382    5497     23939  30.50%   751.99999       994               24.35%     5454    815   6722     3379k   310.9s
 L  109447    5453     24302  30.71%   751.99999       991               24.12%     4812    966   7043     3406k   315.4s
    111485    5564     24993  30.85%   751.99999       991               24.12%     7222    950   7809     3477k   320.5s
    113581    5734     25685  31.11%   751.99999       991               24.12%     6188    550   8161     3536k   325.5s
    115834    5853     26487  31.26%   751.99999       991               24.12%     6474    820   9063     3597k   330.5s

        Nodes      |    B&B Tree     |            Objective Bounds              |  Dynamic Constraints |       Work      
Src  Proc. InQueue |  Leaves   Expl. | BestBound       BestSol              Gap |   Cuts   InLp Confl. | LpIters     Time

    117070    5919     26927  31.27%   751.99999       991               24.12%     5392    862   9384     3642k   335.5s
    118979    6080     27539  31.30%   751.99999       991               24.12%     5552   1084   7999     3700k   340.5s
    121374    6231     28378  31.33%   751.99999       991               24.12%     5389    823   9655     3758k   345.5s
    123215    6355     29006  31.35%   751.99999       991               24.12%     6216    954   9910     3824k   351.8s
    125534    6480     29795  31.39%   751.99999       991               24.12%     6142    902   8794     3881k   356.8s
    127633    6619     30473  31.48%   751.99999       991               24.12%     5015    797   6399     3936k   361.8s
    129950    6731     31283  31.49%   751.99999       991               24.12%     4596    979   8085     3997k   366.8s
    131935    6841     32008  31.64%   751.99999       991               24.12%     5522    824   9994     4055k   371.8s
    134391    6996     32866  31.69%   751.99999       991               24.12%     5094    836   8702     4116k   376.9s
    136727    7117     33664  32.17%   751.99999       991               24.12%     5346    708   8003     4171k   381.9s
    138251    7196     34174  32.18%   751.99999       991               24.12%     5280    865   8067     4231k   386.9s
    140676    7336     35042  32.20%   751.99999       991               24.12%     4809    854   8943     4290k   391.9s
    142879    7447     35818  32.20%   751.99999       991               24.12%     4759    808   8556     4347k   396.9s
    144989    7581     36528  32.22%   751.99999       991               24.12%     5099    826   8461     4404k   401.9s
 L  145526    6762     36708  32.50%   751.99999       976               22.95%     5036    953   8942     4418k   404.0s
    147663    6840     37502  32.56%   751.99999       976               22.95%     5266    939   8848     4484k   409.0s
 L  148265    6825     37725  32.57%   751.99999       975               22.87%     5720    807   8847     4500k   412.9s
    150519    6949     38555  32.58%   751.99999       975               22.87%     4562    797   9589     4575k   417.9s
    152853    7058     39368  32.62%   751.99999       975               22.87%     5687    853   8927     4634k   422.9s
    154764    7133     40055  33.90%   751.99999       975               22.87%     4745    585   9002     4687k   427.9s

        Nodes      |    B&B Tree     |            Objective Bounds              |  Dynamic Constraints |       Work      
Src  Proc. InQueue |  Leaves   Expl. | BestBound       BestSol              Gap |   Cuts   InLp Confl. | LpIters     Time

    156450    7199     40652  33.99%   751.99999       975               22.87%     5104    717   8718     4743k   433.3s
    158239    7246     41294  34.08%   751.99999       975               22.87%     4955    984   7901     4798k   438.3s
    160432    7362     42100  34.12%   751.99999       975               22.87%     4223    757   8595     4852k   443.3s
 L  161635    7367     42524  34.36%   751.99999       974               22.79%     4814    872   9167     4883k   447.6s
    163981    7455     43371  34.38%   751.99999       974               22.79%     4227    813   9284     4950k   452.6s
    166198    7551     44160  34.62%   751.99999       974               22.79%     4893    818   9021     5009k   457.6s
    168201    7647     44857  34.69%   751.99999       974               22.79%     5613    875   8721     5075k   463.4s
    170356    7757     45587  34.77%   751.99999       974               22.79%     4172    575   9040     5132k   468.4s
    171631    7826     46054  39.66%   751.99999       974               22.79%     4566    596   8910     5175k   473.4s
    174063    7938     46932  39.68%   751.99999       974               22.79%     3239    604   9196     5229k   478.4s
    176288    8020     47765  39.69%   751.99999       974               22.79%     4157    850   7654     5282k   483.4s
    178449    8116     48558  39.91%   751.99999       974               22.79%     4710    812   7736     5338k   488.4s
    180372    8199     49221  39.92%   751.99999       974               22.79%     4604    985   6939     5410k   494.8s
    182695    8304     50030  39.93%   751.99999       974               22.79%     3930    864   8164     5465k   499.8s
    184999    8438     50839  40.02%   751.99999       974               22.79%     4770    991   9019     5523k   504.8s
    187284    8554     51671  40.03%   751.99999       974               22.79%     5160    734   9515     5583k   509.9s
    189458    8653     52420  40.08%   751.99999       974               22.79%     5026    907   8755     5641k   514.9s
    191631    8764     53195  40.08%   751.99999       974               22.79%     4297    638   8418     5698k   519.9s
    193104    8849     53734  40.10%   751.99999       974               22.79%     5266    844   7292     5747k   524.9s
    195330    8923     54537  40.11%   751.99999       974               22.79%     4387    582   8317     5804k   529.9s

        Nodes      |    B&B Tree     |            Objective Bounds              |  Dynamic Constraints |       Work      
Src  Proc. InQueue |  Leaves   Expl. | BestBound       BestSol              Gap |   Cuts   InLp Confl. | LpIters     Time

    196785    8982     55073  40.11%   751.99999       974               22.79%     4288    752   8209     5857k   536.0s
    198839    9090     55793  40.20%   751.99999       974               22.79%     4357    636   6455     5912k   541.0s
    201221    9211     56634  40.20%   751.99999       974               22.79%     4162    808   8566     5971k   546.0s
    203585    9292     57492  40.41%   751.99999       974               22.79%     4843    935   8994     6028k   551.0s
    205821    9395     58320  40.44%   751.99999       974               22.79%     4260    817   8373     6087k   556.0s
    207482    9455     58954  40.44%   751.99999       974               22.79%     4310    761   9147     6135k   561.0s
    209595    9575     59682  40.44%   751.99999       974               22.79%     4429    636   8055     6189k   566.0s
    211228    9699     60191  40.60%   751.99999       974               22.79%     3688    647   4709     6248k   572.6s
    213653    9814     61054  40.64%   751.99999       974               22.79%     3326    695   8171     6303k   577.6s
    215906    9941     61846  40.65%   751.99999       974               22.79%     4242   1007   7186     6361k   582.6s
    217917   10011     62537  40.65%   751.99999       974               22.79%     4604    885   7364     6418k   587.6s
    219745   10080     63200  40.65%   751.99999       974               22.79%     4000    904   7656     6467k   592.6s
    221922   10177     63962  40.66%   751.99999       974               22.79%     3782    831   7705     6525k   597.6s
    223218   10232     64431  40.66%   751.99999       974               22.79%     3230    738   7838     6572k   602.6s
    225365   10324     65196  40.66%   751.99999       974               22.79%     3482    840   8177     6632k   607.7s
    227708   10419     66059  40.66%   751.99999       974               22.79%     4616    932   8295     6691k   612.7s
    229815   10495     66842  40.68%   751.99999       974               22.79%     4763    905   9972     6742k   617.7s
    231149   10566     67320  40.68%   751.99999       974               22.79%     3883    811   7291     6795k   622.7s
    233380   10660     68118  40.68%   751.99999       974               22.79%     4347   1006   8466     6854k   627.7s
    235743   10761     69013  40.68%   751.99999       974               22.79%     4293    921   9288     6910k   632.7s

        Nodes      |    B&B Tree     |            Objective Bounds              |  Dynamic Constraints |       Work      
Src  Proc. InQueue |  Leaves   Expl. | BestBound       BestSol              Gap |   Cuts   InLp Confl. | LpIters     Time

    237994   10885     69828  40.68%   751.99999       974               22.79%     3379    636   8149     6965k   637.8s
    239302   10948     70277  40.93%   751.99999       974               22.79%     5337    821   7125     7016k   642.8s
    241299   11053     71010  40.93%   751.99999       974               22.79%     4490    894   7648     7072k   647.8s
    243376   11152     71727  40.94%   751.99999       974               22.79%     4298    847   8516     7134k   652.8s
    245053   11220     72341  40.94%   751.99999       974               22.79%     3905    835   7741     7187k   657.8s
    247395   11290     73179  40.94%   751.99999       974               22.79%     3855    785   8043     7247k   662.8s
    249875   11411     74046  40.95%   751.99999       974               22.79%     4259    817   9036     7305k   667.8s
    251501   11482     74648  40.95%   751.99999       974               22.79%     4088    816   9862     7357k   673.2s
    253687   11570     75449  40.99%   751.99999       974               22.79%     5019    798   8390     7418k   678.2s
    255964   11660     76257  41.06%   751.99999       974               22.79%     4465    973   7786     7473k   683.2s
    258250   11776     77089  41.07%   751.99999       974               22.79%     3601    764   9112     7529k   688.2s
    260315   11901     77757  41.07%   751.99999       974               22.79%     3876    706   6769     7582k   693.2s
    261868   11976     78344  41.07%   751.99999       974               22.79%     4629    897   8619     7638k   698.3s
    264248   12084     79235  41.07%   751.99999       974               22.79%     4144    900   9431     7701k   703.3s
    266563   12170     80084  41.07%   751.99999       974               22.79%     4167    817   8836     7756k   708.3s
    268402   12251     80777  41.09%   751.99999       974               22.79%     5204    829   9451     7827k   715.5s
    270528   12412     81511  41.18%   751.99999       974               22.79%     3485    756   8900     7884k   720.5s
    272638   12467     82311  41.19%   751.99999       974               22.79%     4200    772   6543     7942k   725.6s
    275049   12574     83197  41.19%   751.99999       974               22.79%     4181    779   8780     7999k   730.6s
    277408   12661     84032  41.19%   751.99999       974               22.79%     4357    702   7769     8053k   735.6s

        Nodes      |    B&B Tree     |            Objective Bounds              |  Dynamic Constraints |       Work      
Src  Proc. InQueue |  Leaves   Expl. | BestBound       BestSol              Gap |   Cuts   InLp Confl. | LpIters     Time

    279794   12779     84875  41.19%   751.99999       974               22.79%     4032    775   7338     8105k   740.6s
    282062   12862     85716  41.21%   751.99999       974               22.79%     4025    963   8157     8158k   745.6s
    284327   12951     86561  41.21%   751.99999       974               22.79%     3879    865   7857     8217k   750.6s
    285483   12993     86970  41.21%   751.99999       974               22.79%     4146    850   7735     8264k   755.6s
    287735   13136     87783  41.21%   751.99999       974               22.79%     4937   1031   8323     8325k   760.6s
    290117   13244     88661  41.22%   751.99999       974               22.79%     4078    553   8824     8384k   765.6s
    292478   13337     89530  41.22%   751.99999       974               22.79%     3687    812   8112     8437k   770.6s
 L  293797   13239     90035  41.28%   751.99999       972               22.63%     3504    891   9382     8470k   774.2s
    296034   13309     90857  41.29%   751.99999       972               22.63%     4963    982   9160     8539k   779.2s
    297810   13371     91493  41.29%   751.99999       972               22.63%     4194    680   7597     8599k   784.6s
    299965   13452     92268  41.38%   751.99999       972               22.63%     4678    699   8964     8654k   789.6s
    302244   13578     93057  41.49%   751.99999       972               22.63%     4970    943   9666     8712k   794.7s
    304489   13681     93855  41.49%   751.99999       972               22.63%     4102    858   8225     8765k   799.7s
    306346   13769     94565  41.49%   751.99999       972               22.63%     3818    794   8970     8814k   804.7s
    308675   13881     95386  41.49%   751.99999       972               22.63%     3947    594   9577     8876k   809.7s
    309747   13923     95780  41.49%   751.99999       972               22.63%     4307    984   9760     8920k   814.7s

Restarting search from the root node
Model after restart has 942 rows, 931 cols (830 bin., 101 int., 0 impl., 0 cont.), and 2714 nonzeros

    310229       0         0   0.00%   751.99999       972               22.63%      838      0      0     8930k   815.8s
    310229       0         0   0.00%   751.99999       972               22.63%      838    464     10     8931k   815.8s
    312174     136       688  25.32%   751.99999       972               22.63%     7232    902   6384     8993k   820.9s
    314386     307      1434  34.86%   751.99999       972               22.63%     8266   1015   9559     9063k   825.9s

        Nodes      |    B&B Tree     |            Objective Bounds              |  Dynamic Constraints |       Work      
Src  Proc. InQueue |  Leaves   Expl. | BestBound       BestSol              Gap |   Cuts   InLp Confl. | LpIters     Time

    316383     485      2105  35.19%   751.99999       972               22.63%     6468    771   9382     9122k   830.9s
    318465     650      2795  36.79%   751.99999       972               22.63%     6146   1160   9113     9188k   835.9s
    320396     799      3450  41.25%   751.99999       972               22.63%     7730   1147   9282     9252k   840.9s
    322580     955      4217  42.42%   751.99999       972               22.63%     8039    842   9845     9314k   845.9s
    324496    1049      4913  43.83%   751.99999       972               22.63%     7370    732   8856     9378k   850.9s
    326738    1209      5701  44.73%   751.99999       972               22.63%     6547    677   9939     9441k   855.9s
    328831    1320      6473  45.84%   751.99999       972               22.63%     7009   1077   9911     9510k   860.9s
    330888    1439      7214  45.93%   751.99999       972               22.63%     6213    714   9920     9577k   865.9s
    332933    1569      7962  46.27%   751.99999       972               22.63%     7755   1146   9647     9643k   871.0s
    335003    1664      8728  46.46%   751.99999       972               22.63%     7236   1091   9380     9708k   876.0s
    337141    1771      9488  48.92%   751.99999       972               22.63%     6463    885   9948     9767k   881.0s
    339059    1874     10138  49.33%   751.99999       972               22.63%     6310   1000   9417     9828k   886.0s
    341521    1999     11065  49.93%   751.99999       972               22.63%     7438    671   9881     9887k   891.0s
    343624    2106     11801  50.19%   751.99999       972               22.63%     6565    647   8335     9948k   896.0s
    345359    2172     12440  50.72%   751.99999       972               22.63%     7346   1008   8850     9994k   900.0s

Solving report
  Model             fac1f8f6f5d344e69f5f4f0650854ea0-pulp
  Status            Time limit reached
  Primal bound      972
  Dual bound        752
  Gap               22.63% (tolerance: 5%)
  P-D integral      214.321816071
  Solution status   feasible
                    972 (objective)
                    0 (bound viol.)
                    0 (int. viol.)
                    0 (row viol.)
  Timing            900.00 (total)
                    0.00 (presolve)
                    0.00 (solve)
                    0.00 (postsolve)
  Max sub-MIP depth 6
  Nodes             345359
  Repair LPs        0 (0 feasible; 0 iterations)
  LP iterations     9994784 (total)
                    0 (strong br.)
                    1616336 (separation)
                    514770 (heuristics)
Writing the solution to C:\Users\konra\AppData\Local\Temp\fac1f8f6f5d344e69f5f4f0650854ea0-pulp.sol
