
Starting CP-SAT solver v9.14.6206
Parameters: max_time_in_seconds: 300 log_search_progress: true num_search_workers: 104 relative_gap_limit: 0.005

Initial optimization model '': (model_fingerprint: 0xb1cb6a92fe89efd6)
#Variables: 525 (#ints: 64 in objective) (434 primary variables)
  - 91 in [0,31161]
  - 74 in [15840,31161]
  - 360 in [17280,31161]
#kInterval: 221 (#fixed: 4)
#kLinMax: 91 (#expressions: 182)
#kLinear1: 27
#kLinear2: 190
#kNoOverlap: 10 (#intervals: 221, #fixed_intervals: 4)

Starting presolve at 0.00s
  8.85e-05s  0.00e+00d  [DetectDominanceRelations] 
  2.07e-03s  0.00e+00d  [PresolveToFixPoint] #num_loops=10 #num_dual_strengthening=1 
  2.79e-06s  0.00e+00d  [ExtractEncodingFromLinear] 
  1.57e-05s  0.00e+00d  [DetectDuplicateColumns] 
  7.22e-05s  0.00e+00d  [DetectDuplicateConstraints] 
[Symmetry] Graph for symmetry has 1'202 nodes and 1'111 arcs.
[Symmetry] Symmetry computation done. time: 0.000116046 dtime: 0.00011592
  6.88e-05s  0.00e+00d  [DetectDuplicateConstraintsWithDifferentEnforcements] 
  6.34e-04s  6.21e-06d  [Probe] #new_bounds=27 
  3.11e-06s  0.00e+00d  [MaxClique] 
  7.58e-05s  0.00e+00d  [DetectDominanceRelations] 
  4.56e-04s  0.00e+00d  [PresolveToFixPoint] #num_loops=2 #num_dual_strengthening=1 
  2.71e-05s  0.00e+00d  [ProcessAtMostOneAndLinear] 
  6.24e-05s  0.00e+00d  [DetectDuplicateConstraints] 
  5.94e-05s  0.00e+00d  [DetectDuplicateConstraintsWithDifferentEnforcements] 
  2.63e-05s  1.29e-06d  [DetectDominatedLinearConstraints] #relevant_constraints=215 
  3.06e-05s  0.00e+00d  [DetectDifferentVariables] 
  2.59e-06s  0.00e+00d  [ProcessSetPPC] 
  6.78e-06s  0.00e+00d  [FindAlmostIdenticalLinearConstraints] 
  1.20e-05s  0.00e+00d  [FindBigAtMostOneAndLinearOverlap] 
  1.86e-05s  7.88e-06d  [FindBigVerticalLinearOverlap] 
  2.05e-06s  0.00e+00d  [FindBigHorizontalLinearOverlap] 
  2.06e-06s  0.00e+00d  [MergeClauses] 
  6.38e-05s  0.00e+00d  [DetectDominanceRelations] 
  3.47e-04s  0.00e+00d  [PresolveToFixPoint] #num_loops=1 #num_dual_strengthening=1 
  6.70e-05s  0.00e+00d  [DetectDominanceRelations] 
  3.48e-04s  0.00e+00d  [PresolveToFixPoint] #num_loops=1 #num_dual_strengthening=1 
  1.05e-05s  0.00e+00d  [DetectDuplicateColumns] 
  5.72e-05s  0.00e+00d  [DetectDuplicateConstraints] 
[Symmetry] Graph for symmetry has 1'191 nodes and 1'096 arcs.
[Symmetry] Symmetry computation done. time: 7.3591e-05 dtime: 0.00011473
  6.07e-05s  0.00e+00d  [DetectDuplicateConstraintsWithDifferentEnforcements] 
  4.41e-04s  2.04e-06d  [Probe] 
  1.64e-06s  0.00e+00d  [MaxClique] 
  6.51e-05s  0.00e+00d  [DetectDominanceRelations] 
  3.85e-04s  0.00e+00d  [PresolveToFixPoint] #num_loops=1 #num_dual_strengthening=1 
  2.68e-05s  0.00e+00d  [ProcessAtMostOneAndLinear] 
  5.81e-05s  0.00e+00d  [DetectDuplicateConstraints] 
  5.72e-05s  0.00e+00d  [DetectDuplicateConstraintsWithDifferentEnforcements] 
  2.41e-05s  1.29e-06d  [DetectDominatedLinearConstraints] #relevant_constraints=215 
  2.77e-05s  0.00e+00d  [DetectDifferentVariables] 
  2.29e-06s  0.00e+00d  [ProcessSetPPC] 
  2.89e-06s  0.00e+00d  [FindAlmostIdenticalLinearConstraints] 
  1.13e-05s  0.00e+00d  [FindBigAtMostOneAndLinearOverlap] 
  1.65e-05s  7.88e-06d  [FindBigVerticalLinearOverlap] 
  2.05e-06s  0.00e+00d  [FindBigHorizontalLinearOverlap] 
  1.54e-06s  0.00e+00d  [MergeClauses] 
  6.26e-05s  0.00e+00d  [DetectDominanceRelations] 
  3.43e-04s  0.00e+00d  [PresolveToFixPoint] #num_loops=1 #num_dual_strengthening=1 
  1.64e-05s  0.00e+00d  [ExpandObjective] 

Presolve summary:
  - 252 affine relations were detected.
  - rule 'TODO dual: only one blocking constraint?' was applied 332 times.
  - rule 'TODO dual: only one unspecified blocking constraint?' was applied 150 times.
  - rule 'affine: new relation' was applied 252 times.
  - rule 'intervals: removed unused interval' was applied 4 times.
  - rule 'lin_max: converted abs to equality' was applied 33 times.
  - rule 'lin_max: converted to equality' was applied 4 times.
  - rule 'lin_max: propagate domain from x to abs(x)' was applied 38 times.
  - rule 'lin_max: removed exprs' was applied 4 times.
  - rule 'lin_max: rewrite with precedences' was applied 25 times.
  - rule 'lin_max: target domain reduced' was applied 54 times.
  - rule 'lin_max: unused affine target' was applied 25 times.
  - rule 'linear1: x in domain' was applied 25 times.
  - rule 'linear: always true' was applied 29 times.
  - rule 'linear: fixed or dup variables' was applied 2 times.
  - rule 'linear: reduced variable domains' was applied 1'120 times.
  - rule 'linear: remapped using affine relations' was applied 530 times.
  - rule 'no_overlap: split into disjoint components' was applied 4 times.
  - rule 'presolve: 2 unused variables removed.' was applied 1 time.
  - rule 'presolve: iteration' was applied 2 times.

Presolved optimization model '': (model_fingerprint: 0x2ed93ab8d71ce421)
#Variables: 246 (#ints: 62 in objective) (217 primary variables)
  - 228 different domains in [0,31140] with a largest complexity of 1.
#kInterval: 217
#kLinMax: 4 (#expressions: 8)
#kLinear2: 215
#kNoOverlap: 10 (#intervals: 217)
[Symmetry] Graph for symmetry has 912 nodes and 1'096 arcs.
[Symmetry] Symmetry computation done. time: 6.5831e-05 dtime: 9.799e-05

Preloading model.
#Bound   0.01s best:inf   next:[8082,1842859] initial_domain
#Model   0.01s var:246/246 constraints:446/446

Starting search at 0.01s with 104 workers.
18 full problem subsolvers: [core, default_lp, fixed, lb_tree_search, max_lp, no_lp, objective_lb_search, objective_lb_search_max_lp, objective_lb_search_no_lp, objective_shaving_max_lp, objective_shaving_no_lp, probing, probing_max_lp, probing_no_lp, pseudo_costs, quick_restart, quick_restart_no_lp, reduced_costs]
86 first solution subsolvers: [fj(25), fj_lin(12), fs_random(12), fs_random_no_lp(13), fs_random_quick_restart(12), fs_random_quick_restart_no_lp(12)]
45 interleaved subsolvers: [feasibility_pump, graph_arc_lns, graph_cst_lns, graph_dec_lns, graph_var_lns, lb_relax_lns, ls(19), ls_lin(10), rins/rens, rnd_cst_lns, rnd_var_lns, scheduling_intervals_lns, scheduling_precedences_lns, scheduling_resource_windows_lns, scheduling_time_window_lns, variables_shaving, variables_shaving_max_lp, variables_shaving_no_lp]
3 helper subsolvers: [neighborhood_helper, synchronization_agent, update_gap_integral]

#Bound   0.02s best:inf   next:[8097,1842859] objective_lb_search
#Bound   0.02s best:inf   next:[8134,1842859] objective_lb_search
#Bound   0.02s best:inf   next:[8639,1842859] objective_lb_search
#1       0.02s best:34860 next:[8639,34859] no_lp
#2       0.02s best:34787 next:[8639,34786] default_lp
#3       0.02s best:29781 next:[8639,29780] fixed
#Bound   0.02s best:29781 next:[8662,29780] objective_lb_search
#4       0.02s best:16567 next:[8662,16566] objective_lb_search_no_lp
#5       0.03s best:16564 next:[8662,16563] ls_restart_compound_perturb(batch:1 lin{mvs:0 evals:2} gen{mvs:2 evals:39} comp{mvs:2 btracks:0} #w_updates:0 #perturb:0)
#Bound   0.03s best:16564 next:[8908,16563] max_lp
#6       0.03s best:16561 next:[8908,16560] ls_restart_compound(batch:1 lin{mvs:0 evals:2} gen{mvs:2 evals:38} comp{mvs:2 btracks:0} #w_updates:0 #perturb:0)
#7       0.03s best:12137 next:[8908,12136] core
#8       0.03s best:12128 next:[8908,12127] ls_lin_restart_compound(batch:1 lin{mvs:0 evals:12} gen{mvs:12 evals:165} comp{mvs:10 btracks:1} #w_updates:0 #perturb:0)
#9       0.04s best:12119 next:[8908,12118] ls_lin_restart_decay_compound_perturb(batch:1 lin{mvs:0 evals:30} gen{mvs:52 evals:567} comp{mvs:16 btracks:18} #w_updates:0 #perturb:0)
#Bound   0.04s best:12119 next:[9541,12118] max_lp
#10      0.04s best:11861 next:[9541,11860] rnd_var_lns (d=7.07e-01 s=71 t=0.10 p=1.00 stall=0 h=base)
#11      0.04s best:11852 next:[9541,11851] rnd_var_lns (d=7.07e-01 s=71 t=0.10 p=1.00 stall=0 h=base) [combined with: ls_lin_restart_decay...]
#12      0.05s best:11683 next:[9541,11682] ls_restart_decay(batch:1 lin{mvs:15 evals:135} gen{mvs:104 evals:1'259} #w_updates:17 #perturb:0) [combined with: rnd_var_lns (d=7.07e...]
#Bound   0.05s best:11683 next:[9614,11682] max_lp
#13      0.05s best:11659 next:[9614,11658] ls_restart_decay_compound_perturb(batch:1 lin{mvs:0 evals:5} gen{mvs:6 evals:79} comp{mvs:6 btracks:0} #w_updates:0 #perturb:0)
#14      0.06s best:11653 next:[9614,11652] ls_restart_decay_compound_perturb(batch:1 lin{mvs:0 evals:8} gen{mvs:15 evals:155} comp{mvs:7 btracks:4} #w_updates:0 #perturb:0)
#15      0.06s best:11647 next:[9614,11646] ls_restart_decay_compound_perturb(batch:1 lin{mvs:0 evals:5} gen{mvs:7 evals:102} comp{mvs:7 btracks:0} #w_updates:0 #perturb:0)
#16      0.06s best:11641 next:[9614,11640] ls_restart_compound_perturb(batch:1 lin{mvs:0 evals:2} gen{mvs:3 evals:38} comp{mvs:3 btracks:0} #w_updates:0 #perturb:0)
#Bound   0.06s best:11641 next:[9642,11640] max_lp
#17      0.06s best:11635 next:[9642,11634] ls_restart_compound(batch:1 lin{mvs:0 evals:18} gen{mvs:47 evals:271} comp{mvs:7 btracks:20} #w_updates:0 #perturb:0)
#18      0.06s best:11629 next:[9642,11628] ls_lin_restart_compound_perturb(batch:1 lin{mvs:0 evals:3} gen{mvs:5 evals:67} comp{mvs:5 btracks:0} #w_updates:0 #perturb:0)
#19      0.06s best:11623 next:[9642,11622] ls_restart_compound_perturb(batch:1 lin{mvs:0 evals:9} gen{mvs:9 evals:124} comp{mvs:7 btracks:1} #w_updates:0 #perturb:0)
#20      0.07s best:11617 next:[9642,11616] ls_restart_decay_compound_perturb(batch:1 lin{mvs:0 evals:5} gen{mvs:7 evals:101} comp{mvs:7 btracks:0} #w_updates:0 #perturb:0)
#21      0.07s best:11611 next:[9642,11610] ls_restart_compound(batch:1 lin{mvs:0 evals:3} gen{mvs:5 evals:64} comp{mvs:5 btracks:0} #w_updates:0 #perturb:0)
#22      0.07s best:11495 next:[9642,11494] graph_cst_lns (d=7.07e-01 s=141 t=0.10 p=1.00 stall=0 h=base)
#23      0.07s best:11453 next:[9642,11452] graph_cst_lns (d=7.07e-01 s=141 t=0.10 p=1.00 stall=0 h=base) [combined with: ls_restart_compound(...]
#24      0.07s best:11447 next:[9642,11446] ls_restart_compound_perturb(batch:1 lin{mvs:0 evals:39} gen{mvs:69 evals:484} comp{mvs:7 btracks:31} #w_updates:0 #perturb:0) [combined with: graph_cst_lns (d=7.0...]
#25      0.08s best:11378 next:[9642,11377] ls_lin_restart(batch:1 lin{mvs:11 evals:131} gen{mvs:72 evals:981} #w_updates:24 #perturb:0)
#26      0.08s best:11354 next:[9642,11353] ls_lin_restart(batch:1 lin{mvs:8 evals:95} gen{mvs:33 evals:427} #w_updates:10 #perturb:0)
#27      0.08s best:11257 next:[9642,11256] ls_restart(batch:1 lin{mvs:12 evals:144} gen{mvs:110 evals:1'536} #w_updates:40 #perturb:0)
#28      0.08s best:11109 next:[9642,11108] ls_restart_decay_perturb(batch:1 lin{mvs:7 evals:70} gen{mvs:15 evals:177} #w_updates:11 #perturb:0)
#29      0.10s best:11085 next:[9642,11084] ls_restart_compound(batch:1 lin{mvs:0 evals:374} gen{mvs:601 evals:5'442} comp{mvs:25 btracks:288} #w_updates:3 #perturb:0)
#30      0.11s best:10939 next:[9642,10938] ls_restart_decay_perturb(batch:1 lin{mvs:10 evals:359} gen{mvs:394 evals:4'922} #w_updates:44 #perturb:0)
#31      0.11s best:10935 next:[9642,10934] ls_restart_decay_perturb(batch:1 lin{mvs:9 evals:114} gen{mvs:41 evals:579} #w_updates:14 #perturb:0)
#32      0.12s best:10931 next:[9642,10930] ls_restart_compound(batch:1 lin{mvs:0 evals:63} gen{mvs:89 evals:933} comp{mvs:55 btracks:17} #w_updates:0 #perturb:0)
#33      0.12s best:10869 next:[9642,10868] ls_restart_perturb(batch:1 lin{mvs:8 evals:303} gen{mvs:320 evals:4'682} #w_updates:166 #perturb:0)
#34      0.12s best:10803 next:[9642,10802] ls_lin_restart_decay_perturb(batch:1 lin{mvs:7 evals:130} gen{mvs:104 evals:1'600} #w_updates:47 #perturb:0)
#35      0.12s best:10739 next:[9642,10738] ls_restart_decay_perturb(batch:1 lin{mvs:8 evals:284} gen{mvs:408 evals:4'472} #w_updates:64 #perturb:0)
#Bound   0.14s best:10739 next:[9644,10738] objective_lb_search
#Bound   0.14s best:10739 next:[9645,10738] objective_lb_search
#Bound   0.15s best:10739 next:[9649,10738] objective_lb_search
#Bound   0.15s best:10739 next:[9662,10738] objective_lb_search
#Bound   0.18s best:10739 next:[9723,10738] objective_lb_search_max_lp
#36      0.24s best:10629 next:[9723,10628] ls_restart_decay(batch:2 lin{mvs:12 evals:774} gen{mvs:1'156 evals:13'707} #w_updates:143 #perturb:0)
#37      0.26s best:10557 next:[9723,10556] quick_restart
#38      0.26s best:10551 next:[9723,10550] ls_lin_restart_compound(batch:1 lin{mvs:0 evals:5} gen{mvs:6 evals:86} comp{mvs:6 btracks:0} #w_updates:0 #perturb:0)
#Bound   0.27s best:10551 next:[9848,10550] objective_lb_search
#Bound   0.29s best:10551 next:[9852,10550] objective_lb_search
#Bound   0.30s best:10551 next:[9854,10550] objective_lb_search
#Bound   0.43s best:10551 next:[9864,10550] objective_lb_search
#Bound   0.45s best:10551 next:[10149,10550] objective_lb_search_max_lp
#Bound   0.51s best:10551 next:[10230,10550] objective_lb_search_max_lp
#Done    0.55s quick_restart_no_lp
#Done    0.55s probing_no_lp

Task timing                                  n [     min,      max]      avg      dev     time         n [     min,      max]      avg      dev    dtime
                             'core':         1 [539.72ms, 539.72ms] 539.72ms   0.00ns 539.72ms         1 [126.89ms, 126.89ms] 126.89ms   0.00ns 126.89ms
                       'default_lp':         1 [538.24ms, 538.24ms] 538.24ms   0.00ns 538.24ms         1 [104.97ms, 104.97ms] 104.97ms   0.00ns 104.97ms
                 'feasibility_pump':       181 [ 66.06us,   1.46ms] 132.89us 138.14us  24.05ms       180 [ 33.10us, 307.19us]  34.62us  20.37us   6.23ms
                            'fixed':         1 [534.26ms, 534.26ms] 534.26ms   0.00ns 534.26ms         1 [110.34ms, 110.34ms] 110.34ms   0.00ns 110.34ms
                               'fj':         0 [  0.00ns,   0.00ns]   0.00ns   0.00ns   0.00ns         0 [  0.00ns,   0.00ns]   0.00ns   0.00ns   0.00ns
                               'fj':         0 [  0.00ns,   0.00ns]   0.00ns   0.00ns   0.00ns         0 [  0.00ns,   0.00ns]   0.00ns   0.00ns   0.00ns
                               'fj':         0 [  0.00ns,   0.00ns]   0.00ns   0.00ns   0.00ns         0 [  0.00ns,   0.00ns]   0.00ns   0.00ns   0.00ns
                               'fj':         0 [  0.00ns,   0.00ns]   0.00ns   0.00ns   0.00ns         0 [  0.00ns,   0.00ns]   0.00ns   0.00ns   0.00ns
                               'fj':         0 [  0.00ns,   0.00ns]   0.00ns   0.00ns   0.00ns         0 [  0.00ns,   0.00ns]   0.00ns   0.00ns   0.00ns
                               'fj':         0 [  0.00ns,   0.00ns]   0.00ns   0.00ns   0.00ns         0 [  0.00ns,   0.00ns]   0.00ns   0.00ns   0.00ns
                               'fj':         0 [  0.00ns,   0.00ns]   0.00ns   0.00ns   0.00ns         0 [  0.00ns,   0.00ns]   0.00ns   0.00ns   0.00ns
                               'fj':         0 [  0.00ns,   0.00ns]   0.00ns   0.00ns   0.00ns         0 [  0.00ns,   0.00ns]   0.00ns   0.00ns   0.00ns
                               'fj':         0 [  0.00ns,   0.00ns]   0.00ns   0.00ns   0.00ns         0 [  0.00ns,   0.00ns]   0.00ns   0.00ns   0.00ns
                               'fj':         0 [  0.00ns,   0.00ns]   0.00ns   0.00ns   0.00ns         0 [  0.00ns,   0.00ns]   0.00ns   0.00ns   0.00ns
                               'fj':         0 [  0.00ns,   0.00ns]   0.00ns   0.00ns   0.00ns         0 [  0.00ns,   0.00ns]   0.00ns   0.00ns   0.00ns
                               'fj':         0 [  0.00ns,   0.00ns]   0.00ns   0.00ns   0.00ns         0 [  0.00ns,   0.00ns]   0.00ns   0.00ns   0.00ns
                               'fj':         0 [  0.00ns,   0.00ns]   0.00ns   0.00ns   0.00ns         0 [  0.00ns,   0.00ns]   0.00ns   0.00ns   0.00ns
                               'fj':         0 [  0.00ns,   0.00ns]   0.00ns   0.00ns   0.00ns         0 [  0.00ns,   0.00ns]   0.00ns   0.00ns   0.00ns
                               'fj':         0 [  0.00ns,   0.00ns]   0.00ns   0.00ns   0.00ns         0 [  0.00ns,   0.00ns]   0.00ns   0.00ns   0.00ns
                               'fj':         0 [  0.00ns,   0.00ns]   0.00ns   0.00ns   0.00ns         0 [  0.00ns,   0.00ns]   0.00ns   0.00ns   0.00ns
                               'fj':         0 [  0.00ns,   0.00ns]   0.00ns   0.00ns   0.00ns         0 [  0.00ns,   0.00ns]   0.00ns   0.00ns   0.00ns
                               'fj':         0 [  0.00ns,   0.00ns]   0.00ns   0.00ns   0.00ns         0 [  0.00ns,   0.00ns]   0.00ns   0.00ns   0.00ns
                               'fj':         0 [  0.00ns,   0.00ns]   0.00ns   0.00ns   0.00ns         0 [  0.00ns,   0.00ns]   0.00ns   0.00ns   0.00ns
                               'fj':         0 [  0.00ns,   0.00ns]   0.00ns   0.00ns   0.00ns         0 [  0.00ns,   0.00ns]   0.00ns   0.00ns   0.00ns
                               'fj':         0 [  0.00ns,   0.00ns]   0.00ns   0.00ns   0.00ns         0 [  0.00ns,   0.00ns]   0.00ns   0.00ns   0.00ns
                               'fj':         0 [  0.00ns,   0.00ns]   0.00ns   0.00ns   0.00ns         0 [  0.00ns,   0.00ns]   0.00ns   0.00ns   0.00ns
                               'fj':         0 [  0.00ns,   0.00ns]   0.00ns   0.00ns   0.00ns         0 [  0.00ns,   0.00ns]   0.00ns   0.00ns   0.00ns
                               'fj':         0 [  0.00ns,   0.00ns]   0.00ns   0.00ns   0.00ns         0 [  0.00ns,   0.00ns]   0.00ns   0.00ns   0.00ns
                               'fj':         0 [  0.00ns,   0.00ns]   0.00ns   0.00ns   0.00ns         0 [  0.00ns,   0.00ns]   0.00ns   0.00ns   0.00ns
                           'fj_lin':         0 [  0.00ns,   0.00ns]   0.00ns   0.00ns   0.00ns         0 [  0.00ns,   0.00ns]   0.00ns   0.00ns   0.00ns
                           'fj_lin':         0 [  0.00ns,   0.00ns]   0.00ns   0.00ns   0.00ns         0 [  0.00ns,   0.00ns]   0.00ns   0.00ns   0.00ns
                           'fj_lin':         0 [  0.00ns,   0.00ns]   0.00ns   0.00ns   0.00ns         0 [  0.00ns,   0.00ns]   0.00ns   0.00ns   0.00ns
                           'fj_lin':         0 [  0.00ns,   0.00ns]   0.00ns   0.00ns   0.00ns         0 [  0.00ns,   0.00ns]   0.00ns   0.00ns   0.00ns
                           'fj_lin':         0 [  0.00ns,   0.00ns]   0.00ns   0.00ns   0.00ns         0 [  0.00ns,   0.00ns]   0.00ns   0.00ns   0.00ns
                           'fj_lin':         0 [  0.00ns,   0.00ns]   0.00ns   0.00ns   0.00ns         0 [  0.00ns,   0.00ns]   0.00ns   0.00ns   0.00ns
                           'fj_lin':         0 [  0.00ns,   0.00ns]   0.00ns   0.00ns   0.00ns         0 [  0.00ns,   0.00ns]   0.00ns   0.00ns   0.00ns
                           'fj_lin':         0 [  0.00ns,   0.00ns]   0.00ns   0.00ns   0.00ns         0 [  0.00ns,   0.00ns]   0.00ns   0.00ns   0.00ns
                           'fj_lin':         0 [  0.00ns,   0.00ns]   0.00ns   0.00ns   0.00ns         0 [  0.00ns,   0.00ns]   0.00ns   0.00ns   0.00ns
                           'fj_lin':         0 [  0.00ns,   0.00ns]   0.00ns   0.00ns   0.00ns         0 [  0.00ns,   0.00ns]   0.00ns   0.00ns   0.00ns
                           'fj_lin':         0 [  0.00ns,   0.00ns]   0.00ns   0.00ns   0.00ns         0 [  0.00ns,   0.00ns]   0.00ns   0.00ns   0.00ns
                           'fj_lin':         0 [  0.00ns,   0.00ns]   0.00ns   0.00ns   0.00ns         0 [  0.00ns,   0.00ns]   0.00ns   0.00ns   0.00ns
                        'fs_random':         0 [  0.00ns,   0.00ns]   0.00ns   0.00ns   0.00ns         0 [  0.00ns,   0.00ns]   0.00ns   0.00ns   0.00ns
                        'fs_random':         0 [  0.00ns,   0.00ns]   0.00ns   0.00ns   0.00ns         0 [  0.00ns,   0.00ns]   0.00ns   0.00ns   0.00ns
                        'fs_random':         0 [  0.00ns,   0.00ns]   0.00ns   0.00ns   0.00ns         0 [  0.00ns,   0.00ns]   0.00ns   0.00ns   0.00ns
                        'fs_random':         0 [  0.00ns,   0.00ns]   0.00ns   0.00ns   0.00ns         0 [  0.00ns,   0.00ns]   0.00ns   0.00ns   0.00ns
                        'fs_random':         0 [  0.00ns,   0.00ns]   0.00ns   0.00ns   0.00ns         0 [  0.00ns,   0.00ns]   0.00ns   0.00ns   0.00ns
                        'fs_random':         0 [  0.00ns,   0.00ns]   0.00ns   0.00ns   0.00ns         0 [  0.00ns,   0.00ns]   0.00ns   0.00ns   0.00ns
                        'fs_random':         0 [  0.00ns,   0.00ns]   0.00ns   0.00ns   0.00ns         0 [  0.00ns,   0.00ns]   0.00ns   0.00ns   0.00ns
                        'fs_random':         0 [  0.00ns,   0.00ns]   0.00ns   0.00ns   0.00ns         0 [  0.00ns,   0.00ns]   0.00ns   0.00ns   0.00ns
                        'fs_random':         0 [  0.00ns,   0.00ns]   0.00ns   0.00ns   0.00ns         0 [  0.00ns,   0.00ns]   0.00ns   0.00ns   0.00ns
                        'fs_random':         0 [  0.00ns,   0.00ns]   0.00ns   0.00ns   0.00ns         0 [  0.00ns,   0.00ns]   0.00ns   0.00ns   0.00ns
                        'fs_random':         0 [  0.00ns,   0.00ns]   0.00ns   0.00ns   0.00ns         0 [  0.00ns,   0.00ns]   0.00ns   0.00ns   0.00ns
                        'fs_random':         1 [  2.59ms,   2.59ms]   2.59ms   0.00ns   2.59ms         1 [ 35.48us,  35.48us]  35.48us   0.00ns  35.48us
                  'fs_random_no_lp':         0 [  0.00ns,   0.00ns]   0.00ns   0.00ns   0.00ns         0 [  0.00ns,   0.00ns]   0.00ns   0.00ns   0.00ns
                  'fs_random_no_lp':         0 [  0.00ns,   0.00ns]   0.00ns   0.00ns   0.00ns         0 [  0.00ns,   0.00ns]   0.00ns   0.00ns   0.00ns
                  'fs_random_no_lp':         0 [  0.00ns,   0.00ns]   0.00ns   0.00ns   0.00ns         0 [  0.00ns,   0.00ns]   0.00ns   0.00ns   0.00ns
                  'fs_random_no_lp':         0 [  0.00ns,   0.00ns]   0.00ns   0.00ns   0.00ns         0 [  0.00ns,   0.00ns]   0.00ns   0.00ns   0.00ns
                  'fs_random_no_lp':         0 [  0.00ns,   0.00ns]   0.00ns   0.00ns   0.00ns         0 [  0.00ns,   0.00ns]   0.00ns   0.00ns   0.00ns
                  'fs_random_no_lp':         0 [  0.00ns,   0.00ns]   0.00ns   0.00ns   0.00ns         0 [  0.00ns,   0.00ns]   0.00ns   0.00ns   0.00ns
                  'fs_random_no_lp':         0 [  0.00ns,   0.00ns]   0.00ns   0.00ns   0.00ns         0 [  0.00ns,   0.00ns]   0.00ns   0.00ns   0.00ns
                  'fs_random_no_lp':         0 [  0.00ns,   0.00ns]   0.00ns   0.00ns   0.00ns         0 [  0.00ns,   0.00ns]   0.00ns   0.00ns   0.00ns
                  'fs_random_no_lp':         0 [  0.00ns,   0.00ns]   0.00ns   0.00ns   0.00ns         0 [  0.00ns,   0.00ns]   0.00ns   0.00ns   0.00ns
                  'fs_random_no_lp':         0 [  0.00ns,   0.00ns]   0.00ns   0.00ns   0.00ns         0 [  0.00ns,   0.00ns]   0.00ns   0.00ns   0.00ns
                  'fs_random_no_lp':         0 [  0.00ns,   0.00ns]   0.00ns   0.00ns   0.00ns         0 [  0.00ns,   0.00ns]   0.00ns   0.00ns   0.00ns
                  'fs_random_no_lp':         1 [  2.00ms,   2.00ms]   2.00ms   0.00ns   2.00ms         1 [118.14us, 118.14us] 118.14us   0.00ns 118.14us
                  'fs_random_no_lp':         1 [  2.76ms,   2.76ms]   2.76ms   0.00ns   2.76ms         1 [202.87us, 202.87us] 202.87us   0.00ns 202.87us
          'fs_random_quick_restart':         0 [  0.00ns,   0.00ns]   0.00ns   0.00ns   0.00ns         0 [  0.00ns,   0.00ns]   0.00ns   0.00ns   0.00ns
          'fs_random_quick_restart':         0 [  0.00ns,   0.00ns]   0.00ns   0.00ns   0.00ns         0 [  0.00ns,   0.00ns]   0.00ns   0.00ns   0.00ns
          'fs_random_quick_restart':         0 [  0.00ns,   0.00ns]   0.00ns   0.00ns   0.00ns         0 [  0.00ns,   0.00ns]   0.00ns   0.00ns   0.00ns
          'fs_random_quick_restart':         0 [  0.00ns,   0.00ns]   0.00ns   0.00ns   0.00ns         0 [  0.00ns,   0.00ns]   0.00ns   0.00ns   0.00ns
          'fs_random_quick_restart':         0 [  0.00ns,   0.00ns]   0.00ns   0.00ns   0.00ns         0 [  0.00ns,   0.00ns]   0.00ns   0.00ns   0.00ns
          'fs_random_quick_restart':         0 [  0.00ns,   0.00ns]   0.00ns   0.00ns   0.00ns         0 [  0.00ns,   0.00ns]   0.00ns   0.00ns   0.00ns
          'fs_random_quick_restart':         0 [  0.00ns,   0.00ns]   0.00ns   0.00ns   0.00ns         0 [  0.00ns,   0.00ns]   0.00ns   0.00ns   0.00ns
          'fs_random_quick_restart':         0 [  0.00ns,   0.00ns]   0.00ns   0.00ns   0.00ns         0 [  0.00ns,   0.00ns]   0.00ns   0.00ns   0.00ns
          'fs_random_quick_restart':         0 [  0.00ns,   0.00ns]   0.00ns   0.00ns   0.00ns         0 [  0.00ns,   0.00ns]   0.00ns   0.00ns   0.00ns
          'fs_random_quick_restart':         0 [  0.00ns,   0.00ns]   0.00ns   0.00ns   0.00ns         0 [  0.00ns,   0.00ns]   0.00ns   0.00ns   0.00ns
          'fs_random_quick_restart':         0 [  0.00ns,   0.00ns]   0.00ns   0.00ns   0.00ns         0 [  0.00ns,   0.00ns]   0.00ns   0.00ns   0.00ns
          'fs_random_quick_restart':         1 [  2.20ms,   2.20ms]   2.20ms   0.00ns   2.20ms         0 [  0.00ns,   0.00ns]   0.00ns   0.00ns   0.00ns
    'fs_random_quick_restart_no_lp':         0 [  0.00ns,   0.00ns]   0.00ns   0.00ns   0.00ns         0 [  0.00ns,   0.00ns]   0.00ns   0.00ns   0.00ns
    'fs_random_quick_restart_no_lp':         0 [  0.00ns,   0.00ns]   0.00ns   0.00ns   0.00ns         0 [  0.00ns,   0.00ns]   0.00ns   0.00ns   0.00ns
    'fs_random_quick_restart_no_lp':         0 [  0.00ns,   0.00ns]   0.00ns   0.00ns   0.00ns         0 [  0.00ns,   0.00ns]   0.00ns   0.00ns   0.00ns
    'fs_random_quick_restart_no_lp':         0 [  0.00ns,   0.00ns]   0.00ns   0.00ns   0.00ns         0 [  0.00ns,   0.00ns]   0.00ns   0.00ns   0.00ns
    'fs_random_quick_restart_no_lp':         0 [  0.00ns,   0.00ns]   0.00ns   0.00ns   0.00ns         0 [  0.00ns,   0.00ns]   0.00ns   0.00ns   0.00ns
    'fs_random_quick_restart_no_lp':         0 [  0.00ns,   0.00ns]   0.00ns   0.00ns   0.00ns         0 [  0.00ns,   0.00ns]   0.00ns   0.00ns   0.00ns
    'fs_random_quick_restart_no_lp':         0 [  0.00ns,   0.00ns]   0.00ns   0.00ns   0.00ns         0 [  0.00ns,   0.00ns]   0.00ns   0.00ns   0.00ns
    'fs_random_quick_restart_no_lp':         0 [  0.00ns,   0.00ns]   0.00ns   0.00ns   0.00ns         0 [  0.00ns,   0.00ns]   0.00ns   0.00ns   0.00ns
    'fs_random_quick_restart_no_lp':         0 [  0.00ns,   0.00ns]   0.00ns   0.00ns   0.00ns         0 [  0.00ns,   0.00ns]   0.00ns   0.00ns   0.00ns
    'fs_random_quick_restart_no_lp':         0 [  0.00ns,   0.00ns]   0.00ns   0.00ns   0.00ns         0 [  0.00ns,   0.00ns]   0.00ns   0.00ns   0.00ns
    'fs_random_quick_restart_no_lp':         0 [  0.00ns,   0.00ns]   0.00ns   0.00ns   0.00ns         0 [  0.00ns,   0.00ns]   0.00ns   0.00ns   0.00ns
    'fs_random_quick_restart_no_lp':         1 [  2.31ms,   2.31ms]   2.31ms   0.00ns   2.31ms         1 [140.67us, 140.67us] 140.67us   0.00ns 140.67us
                    'graph_arc_lns':         7 [ 12.08ms, 513.90ms] 247.88ms 205.26ms    1.74s         7 [498.26us, 100.01ms]  50.80ms  43.68ms 355.58ms
                    'graph_cst_lns':        11 [  7.09ms, 462.39ms] 128.79ms 142.56ms    1.42s        11 [374.42us,  34.58ms]  10.46ms  12.12ms 115.08ms
                    'graph_dec_lns':        11 [  5.70ms, 492.36ms] 144.44ms 145.69ms    1.59s        11 [110.00us,  38.71ms]  12.82ms  12.33ms 140.99ms
                    'graph_var_lns':         7 [  3.69ms, 499.79ms] 244.81ms 210.86ms    1.71s         7 [137.91us, 100.07ms]  40.28ms  38.15ms 281.96ms
                     'lb_relax_lns':         8 [194.54us, 507.77ms] 221.52ms 214.88ms    1.77s         6 [  4.17ms,  65.55ms]  32.28ms  22.23ms 193.67ms
                   'lb_tree_search':         1 [539.86ms, 539.86ms] 539.86ms   0.00ns 539.86ms         1 [ 23.76ms,  23.76ms]  23.76ms   0.00ns  23.76ms
                               'ls':        10 [  2.87ms,  61.70ms]  51.92ms  16.60ms 519.24ms        10 [  3.45ms, 100.21ms]  90.42ms  28.99ms 904.18ms
                               'ls':        10 [ 42.37ms,  55.31ms]  51.77ms   3.61ms 517.69ms        10 [ 68.82ms, 100.16ms]  96.94ms   9.38ms 969.42ms
                               'ls':        10 [ 49.01ms,  54.07ms]  51.81ms   1.57ms 518.14ms        10 [ 97.07ms, 100.16ms]  99.77ms 898.64us 997.65ms
                               'ls':        11 [ 13.46ms,  54.68ms]  47.04ms  11.80ms 517.45ms        11 [ 25.36ms, 100.21ms]  92.27ms  21.41ms    1.01s
                               'ls':        12 [ 18.46ms,  56.29ms]  43.71ms  11.98ms 524.58ms        12 [ 44.71ms, 100.25ms]  88.64ms  20.55ms    1.06s
                               'ls':        12 [ 21.91ms,  56.32ms]  43.52ms  13.68ms 522.24ms        12 [ 52.35ms, 100.18ms]  95.22ms  13.24ms    1.14s
                               'ls':        12 [345.36us,  52.54ms]  43.20ms  13.91ms 518.42ms        12 [436.61us, 100.23ms]  91.10ms  27.42ms    1.09s
                               'ls':        13 [ 12.83ms,  55.47ms]  39.86ms  15.90ms 518.18ms        13 [ 51.75ms, 100.17ms]  94.63ms  13.33ms    1.23s
                               'ls':        13 [180.43us,  54.98ms]  39.85ms  15.95ms 518.02ms        12 [ 76.04ms, 100.24ms]  98.08ms   6.65ms    1.18s
                               'ls':        13 [990.05us,  55.08ms]  39.04ms  18.29ms 507.56ms        13 [456.59us, 100.17ms]  85.67ms  33.89ms    1.11s
                               'ls':        14 [  2.20ms,  54.17ms]  36.97ms  18.85ms 517.59ms        14 [  4.73ms, 100.23ms]  78.63ms  35.94ms    1.10s
                               'ls':        14 [  2.33ms,  43.68ms]  37.07ms  10.84ms 518.92ms        14 [  6.25ms, 100.17ms]  90.22ms  25.91ms    1.26s
                               'ls':        14 [ 17.10ms,  46.71ms]  36.90ms  11.10ms 516.58ms        14 [ 32.91ms, 100.13ms]  83.29ms  26.90ms    1.17s
                               'ls':        14 [521.10us,  53.94ms]  36.86ms  20.77ms 516.06ms        14 [  1.66ms, 100.31ms]  78.22ms  39.51ms    1.10s
                               'ls':        15 [710.07us,  45.12ms]  34.47ms  14.70ms 517.11ms        15 [704.35us, 100.15ms]  80.00ms  35.37ms    1.20s
                               'ls':        16 [401.12us,  56.29ms]  32.43ms  20.07ms 518.92ms        16 [  1.08ms, 100.20ms]  74.24ms  41.20ms    1.19s
                               'ls':        16 [744.42us,  55.28ms]  31.72ms  20.85ms 507.59ms        16 [470.00us, 100.11ms]  66.15ms  40.91ms    1.06s
                               'ls':        18 [448.48us,  57.05ms]  28.78ms  21.59ms 518.08ms        18 [409.37us, 100.22ms]  66.00ms  43.85ms    1.19s
                               'ls':        20 [  4.23ms,  54.30ms]  25.94ms  13.03ms 518.74ms        20 [  7.47ms, 100.25ms]  74.94ms  37.23ms    1.50s
                           'ls_lin':        10 [ 20.06ms,  56.85ms]  50.83ms  10.46ms 508.26ms        10 [ 37.06ms, 100.18ms]  93.78ms  18.91ms 937.82ms
                           'ls_lin':        11 [  1.74ms,  54.42ms]  46.32ms  14.58ms 509.55ms        11 [  2.09ms, 100.15ms]  88.73ms  28.46ms 976.01ms
                           'ls_lin':        11 [ 21.86ms,  55.48ms]  47.28ms   9.37ms 520.07ms        11 [ 40.88ms, 100.17ms]  94.70ms  17.02ms    1.04s
                           'ls_lin':        12 [  2.44ms,  61.07ms]  42.42ms  22.84ms 508.98ms        12 [  6.88ms, 100.17ms]  72.85ms  38.71ms 874.18ms
                           'ls_lin':        12 [  2.87ms,  55.54ms]  42.99ms  16.30ms 515.86ms        12 [  3.26ms, 100.23ms]  92.00ms  26.76ms    1.10s
                           'ls_lin':        12 [559.55us,  57.07ms]  43.01ms  17.74ms 516.18ms        12 [739.79us, 100.19ms]  82.73ms  33.04ms 992.75ms
                           'ls_lin':        12 [896.08us,  55.49ms]  42.40ms  17.47ms 508.76ms        11 [ 22.13ms, 100.15ms]  89.99ms  22.38ms 989.91ms
                           'ls_lin':        13 [ 18.59ms,  44.06ms]  39.17ms   6.72ms 509.22ms        13 [ 39.49ms, 100.20ms]  95.43ms  16.15ms    1.24s
                           'ls_lin':        17 [478.57us,  48.85ms]  30.02ms  13.72ms 510.40ms        17 [814.40us, 100.17ms]  88.87ms  29.68ms    1.51s
                           'ls_lin':        18 [  1.77ms,  58.72ms]  28.61ms  20.02ms 515.05ms        18 [  3.75ms, 100.16ms]  69.33ms  43.24ms    1.25s
                           'max_lp':         1 [540.51ms, 540.51ms] 540.51ms   0.00ns 540.51ms         1 [ 51.56ms,  51.56ms]  51.56ms   0.00ns  51.56ms
                            'no_lp':         1 [533.58ms, 533.58ms] 533.58ms   0.00ns 533.58ms         1 [ 83.45ms,  83.45ms]  83.45ms   0.00ns  83.45ms
              'objective_lb_search':         1 [532.51ms, 532.51ms] 532.51ms   0.00ns 532.51ms         1 [ 85.60ms,  85.60ms]  85.60ms   0.00ns  85.60ms
       'objective_lb_search_max_lp':         1 [537.04ms, 537.04ms] 537.04ms   0.00ns 537.04ms         1 [ 40.50ms,  40.50ms]  40.50ms   0.00ns  40.50ms
        'objective_lb_search_no_lp':         1 [530.96ms, 530.96ms] 530.96ms   0.00ns 530.96ms         1 [ 66.48ms,  66.48ms]  66.48ms   0.00ns  66.48ms
         'objective_shaving_max_lp':        43 [841.96us,  14.57ms]   9.06ms   4.03ms 389.42ms        37 [ 30.11us,  83.78us]  78.02us  14.28us   2.89ms
          'objective_shaving_no_lp':        40 [502.21us,  15.10ms]  10.64ms   4.14ms 425.74ms        36 [ 29.48us,  79.48us]  73.30us  15.27us   2.64ms
                          'probing':         1 [539.27ms, 539.27ms] 539.27ms   0.00ns 539.27ms         1 [ 10.50ms,  10.50ms]  10.50ms   0.00ns  10.50ms
                   'probing_max_lp':         1 [541.31ms, 541.31ms] 541.31ms   0.00ns 541.31ms         1 [ 14.22ms,  14.22ms]  14.22ms   0.00ns  14.22ms
                    'probing_no_lp':         1 [531.98ms, 531.98ms] 531.98ms   0.00ns 531.98ms         1 [ 30.45ms,  30.45ms]  30.45ms   0.00ns  30.45ms
                     'pseudo_costs':         1 [542.07ms, 542.07ms] 542.07ms   0.00ns 542.07ms         1 [ 61.89ms,  61.89ms]  61.89ms   0.00ns  61.89ms
                    'quick_restart':         1 [533.17ms, 533.17ms] 533.17ms   0.00ns 533.17ms         1 [ 70.94ms,  70.94ms]  70.94ms   0.00ns  70.94ms
              'quick_restart_no_lp':         1 [532.05ms, 532.05ms] 532.05ms   0.00ns 532.05ms         1 [106.07ms, 106.07ms] 106.07ms   0.00ns 106.07ms
                    'reduced_costs':         1 [533.10ms, 533.10ms] 533.10ms   0.00ns 533.10ms         1 [ 25.87ms,  25.87ms]  25.87ms   0.00ns  25.87ms
                        'rins/rens':        10 [119.82us, 497.33ms] 174.19ms 211.44ms    1.74s         5 [  1.17ms,  76.87ms]  32.60ms  24.78ms 163.01ms
                      'rnd_cst_lns':         8 [  5.84ms, 499.59ms] 190.64ms 193.88ms    1.53s         8 [254.00us,  70.15ms]  20.40ms  23.83ms 163.21ms
                      'rnd_var_lns':        11 [  6.37ms, 496.10ms] 133.04ms 139.00ms    1.46s        11 [145.77us,  92.74ms]  15.19ms  25.21ms 167.09ms
         'scheduling_intervals_lns':         4 [491.11ms, 529.69ms] 510.48ms  13.73ms    2.04s         4 [ 26.45ms,  46.70ms]  32.08ms   8.46ms 128.31ms
       'scheduling_precedences_lns':         4 [491.56ms, 526.38ms] 505.72ms  13.74ms    2.02s         4 [ 21.42ms,  48.06ms]  29.32ms  10.96ms 117.30ms
  'scheduling_resource_windows_lns':         5 [133.14ms, 508.26ms] 399.17ms 141.47ms    2.00s         5 [ 15.59ms, 100.03ms]  76.62ms  32.14ms 383.10ms
       'scheduling_time_window_lns':         4 [466.69ms, 528.55ms] 503.77ms  22.73ms    2.02s         4 [ 30.34ms,  69.75ms]  42.11ms  16.25ms 168.43ms
                'variables_shaving':        86 [  7.29ms, 192.51ms]  24.78ms  26.64ms    2.13s        86 [255.83us,  17.80ms]   1.29ms   2.22ms 111.13ms
         'variables_shaving_max_lp':        43 [  7.08ms, 145.43ms]  69.62ms  37.81ms    2.99s        42 [ 33.41us,  29.66ms]  10.98ms   7.52ms 461.17ms
          'variables_shaving_no_lp':        86 [  6.01ms, 230.71ms]  33.53ms  42.57ms    2.88s        86 [242.46us,  15.57ms]   1.64ms   2.65ms 141.45ms

Search stats                        Bools  Conflicts  Branches  Restarts  BoolPropag  IntegerPropag
                           'core':  1'091        284    12'987     2'036     582'782        190'048
                     'default_lp':  1'191      1'181    12'602     1'910      93'274        743'752
                          'fixed':    961      2'838     6'337       487     157'486        808'593
                      'fs_random':      0          0         0         0           0              0
                      'fs_random':      0          0         0         0           0              0
                      'fs_random':      0          0         0         0           0              0
                      'fs_random':      0          0         0         0           0              0
                      'fs_random':      0          0         0         0           0              0
                      'fs_random':      0          0         0         0           0              0
                      'fs_random':      0          0         0         0           0              0
                      'fs_random':      0          0         0         0           0              0
                      'fs_random':      0          0         0         0           0              0
                      'fs_random':      0          0         0         0           0              0
                      'fs_random':      0          0         0         0           0              0
                      'fs_random':     19          0        19         0           0            171
                'fs_random_no_lp':      0          0         0         0           0              0
                'fs_random_no_lp':      0          0         0         0           0              0
                'fs_random_no_lp':      0          0         0         0           0              0
                'fs_random_no_lp':      0          0         0         0           0              0
                'fs_random_no_lp':      0          0         0         0           0              0
                'fs_random_no_lp':      0          0         0         0           0              0
                'fs_random_no_lp':      0          0         0         0           0              0
                'fs_random_no_lp':      0          0         0         0           0              0
                'fs_random_no_lp':      0          0         0         0           0              0
                'fs_random_no_lp':      0          0         0         0           0              0
                'fs_random_no_lp':      0          0         0         0           0              0
                'fs_random_no_lp':     51          0        51         0           0            776
                'fs_random_no_lp':     82          0        82         0           0          1'340
        'fs_random_quick_restart':      0          0         0         0           0              0
        'fs_random_quick_restart':      0          0         0         0           0              0
        'fs_random_quick_restart':      0          0         0         0           0              0
        'fs_random_quick_restart':      0          0         0         0           0              0
        'fs_random_quick_restart':      0          0         0         0           0              0
        'fs_random_quick_restart':      0          0         0         0           0              0
        'fs_random_quick_restart':      0          0         0         0           0              0
        'fs_random_quick_restart':      0          0         0         0           0              0
        'fs_random_quick_restart':      0          0         0         0           0              0
        'fs_random_quick_restart':      0          0         0         0           0              0
        'fs_random_quick_restart':      0          0         0         0           0              0
        'fs_random_quick_restart':      0          0         0         0           0              0
  'fs_random_quick_restart_no_lp':      0          0         0         0           0              0
  'fs_random_quick_restart_no_lp':      0          0         0         0           0              0
  'fs_random_quick_restart_no_lp':      0          0         0         0           0              0
  'fs_random_quick_restart_no_lp':      0          0         0         0           0              0
  'fs_random_quick_restart_no_lp':      0          0         0         0           0              0
  'fs_random_quick_restart_no_lp':      0          0         0         0           0              0
  'fs_random_quick_restart_no_lp':      0          0         0         0           0              0
  'fs_random_quick_restart_no_lp':      0          0         0         0           0              0
  'fs_random_quick_restart_no_lp':      0          0         0         0           0              0
  'fs_random_quick_restart_no_lp':      0          0         0         0           0              0
  'fs_random_quick_restart_no_lp':      0          0         0         0           0              0
  'fs_random_quick_restart_no_lp':     65          0        65         0           0            912
                 'lb_tree_search':  2'266         53     8'221     6'655      30'893         68'701
                         'max_lp':    162        105     2'800       549       3'839        106'427
                          'no_lp':    776      1'328     3'759       475     136'635        590'372
            'objective_lb_search':    592        751     4'864     1'446      72'846        676'962
     'objective_lb_search_max_lp':  2'273        100     8'221     7'251      39'915         91'584
      'objective_lb_search_no_lp':    658        998     2'665       490      86'186        505'122
                        'probing':  2'548         44     5'052     5'052      28'233         61'169
                 'probing_max_lp':  2'308         17     4'599     4'599       2'896         36'544
                  'probing_no_lp':  2'759        130     7'931     6'273      98'294        135'335
                   'pseudo_costs':    233        235     3'380       422       9'635        136'248
                  'quick_restart':    761        596     6'577     1'549      59'406        539'552
            'quick_restart_no_lp':  1'118      1'303     6'688     1'187     176'297        784'371
                  'reduced_costs':  2'277         85     8'133     6'651      34'868         83'810

SAT stats                           ClassicMinim  LitRemoved  LitLearned  LitForgotten  Subsumed  MClauses  MDecisions  MLitTrue  MSubsumed  MLitRemoved  MReused
                           'core':            47          95         355             0         0     5'250       5'496         0        412        1'236    4'649
                     'default_lp':         1'065       3'669       9'695             0         3       361         115         0         17           74      833
                          'fixed':         2'637       5'908      26'435             0         2         0           0         0          0            0        0
                      'fs_random':             0           0           0             0         0         0           0         0          0            0        0
                      'fs_random':             0           0           0             0         0         0           0         0          0            0        0
                      'fs_random':             0           0           0             0         0         0           0         0          0            0        0
                      'fs_random':             0           0           0             0         0         0           0         0          0            0        0
                      'fs_random':             0           0           0             0         0         0           0         0          0            0        0
                      'fs_random':             0           0           0             0         0         0           0         0          0            0        0
                      'fs_random':             0           0           0             0         0         0           0         0          0            0        0
                      'fs_random':             0           0           0             0         0         0           0         0          0            0        0
                      'fs_random':             0           0           0             0         0         0           0         0          0            0        0
                      'fs_random':             0           0           0             0         0         0           0         0          0            0        0
                      'fs_random':             0           0           0             0         0         0           0         0          0            0        0
                      'fs_random':             0           0           0             0         0         0           0         0          0            0        0
                'fs_random_no_lp':             0           0           0             0         0         0           0         0          0            0        0
                'fs_random_no_lp':             0           0           0             0         0         0           0         0          0            0        0
                'fs_random_no_lp':             0           0           0             0         0         0           0         0          0            0        0
                'fs_random_no_lp':             0           0           0             0         0         0           0         0          0            0        0
                'fs_random_no_lp':             0           0           0             0         0         0           0         0          0            0        0
                'fs_random_no_lp':             0           0           0             0         0         0           0         0          0            0        0
                'fs_random_no_lp':             0           0           0             0         0         0           0         0          0            0        0
                'fs_random_no_lp':             0           0           0             0         0         0           0         0          0            0        0
                'fs_random_no_lp':             0           0           0             0         0         0           0         0          0            0        0
                'fs_random_no_lp':             0           0           0             0         0         0           0         0          0            0        0
                'fs_random_no_lp':             0           0           0             0         0         0           0         0          0            0        0
                'fs_random_no_lp':             0           0           0             0         0         0           0         0          0            0        0
                'fs_random_no_lp':             0           0           0             0         0         0           0         0          0            0        0
        'fs_random_quick_restart':             0           0           0             0         0         0           0         0          0            0        0
        'fs_random_quick_restart':             0           0           0             0         0         0           0         0          0            0        0
        'fs_random_quick_restart':             0           0           0             0         0         0           0         0          0            0        0
        'fs_random_quick_restart':             0           0           0             0         0         0           0         0          0            0        0
        'fs_random_quick_restart':             0           0           0             0         0         0           0         0          0            0        0
        'fs_random_quick_restart':             0           0           0             0         0         0           0         0          0            0        0
        'fs_random_quick_restart':             0           0           0             0         0         0           0         0          0            0        0
        'fs_random_quick_restart':             0           0           0             0         0         0           0         0          0            0        0
        'fs_random_quick_restart':             0           0           0             0         0         0           0         0          0            0        0
        'fs_random_quick_restart':             0           0           0             0         0         0           0         0          0            0        0
        'fs_random_quick_restart':             0           0           0             0         0         0           0         0          0            0        0
        'fs_random_quick_restart':             0           0           0             0         0         0           0         0          0            0        0
  'fs_random_quick_restart_no_lp':             0           0           0             0         0         0           0         0          0            0        0
  'fs_random_quick_restart_no_lp':             0           0           0             0         0         0           0         0          0            0        0
  'fs_random_quick_restart_no_lp':             0           0           0             0         0         0           0         0          0            0        0
  'fs_random_quick_restart_no_lp':             0           0           0             0         0         0           0         0          0            0        0
  'fs_random_quick_restart_no_lp':             0           0           0             0         0         0           0         0          0            0        0
  'fs_random_quick_restart_no_lp':             0           0           0             0         0         0           0         0          0            0        0
  'fs_random_quick_restart_no_lp':             0           0           0             0         0         0           0         0          0            0        0
  'fs_random_quick_restart_no_lp':             0           0           0             0         0         0           0         0          0            0        0
  'fs_random_quick_restart_no_lp':             0           0           0             0         0         0           0         0          0            0        0
  'fs_random_quick_restart_no_lp':             0           0           0             0         0         0           0         0          0            0        0
  'fs_random_quick_restart_no_lp':             0           0           0             0         0         0           0         0          0            0        0
  'fs_random_quick_restart_no_lp':             0           0           0             0         0         0           0         0          0            0        0
                 'lb_tree_search':             0           0          54             0         0         0           0         0          0            0        0
                         'max_lp':            82         139         413             0         5       180          68         1          2           11      437
                          'no_lp':         1'254       5'561      23'939             0         3         0           0         0          0            0        0
            'objective_lb_search':           698       2'645       2'818             0         7        26          66         0         13           58        5
     'objective_lb_search_max_lp':             4           5         127             0         4         0           0         0          0            0        0
      'objective_lb_search_no_lp':           811       2'187       8'387             0         3         6           4         0          0            0        8
                        'probing':             0           0          44             0         0         0           0         0          0            0        0
                 'probing_max_lp':             0           0          17             0         0         0           0         0          0            0        0
                  'probing_no_lp':             0           0         130             0         0         0           0         0          0            0        0
                   'pseudo_costs':           145         215       1'470             0        12        93         201         0         15           72       32
                  'quick_restart':           412       1'204       3'866             0        38       311         754        22        149          744       66
            'quick_restart_no_lp':           723       1'958       5'472             0        48       264         603         0        103          455      221
                  'reduced_costs':             5           7         107             0         1         3           7         0          2            7        0

Lp stats                         Component  Iterations  AddedCuts  OPTIMAL  DUAL_F.  DUAL_U.
                  'default_lp':         26          74          0   11'626        0        0
                       'fixed':         26           4          0    5'733        0        0
                   'fs_random':         26           4          0      150        0        0
     'fs_random_quick_restart':         26           0          0        0        0        0
              'lb_tree_search':          1         444        413       44        1        0
                      'max_lp':          1       1'260        528      381        6        0
         'objective_lb_search':         26          95          0    4'995        0        0
  'objective_lb_search_max_lp':          1         666        643       78       20        0
                     'probing':         26          22          0   52'936        0        0
              'probing_max_lp':          1         376        353       49        0        0
                'pseudo_costs':          1       1'269        736      426       27        0
               'quick_restart':         26         134          0    7'068        0        0
               'reduced_costs':          1         477        553       31       18        0

Lp dimension                      Final dimension of first component
                  'default_lp':         2 rows, 8 columns, 4 entries
                       'fixed':         3 rows, 8 columns, 6 entries
                   'fs_random':         3 rows, 8 columns, 6 entries
     'fs_random_quick_restart':         0 rows, 8 columns, 0 entries
              'lb_tree_search':  448 rows, 246 columns, 1911 entries
                      'max_lp':  294 rows, 246 columns, 1007 entries
         'objective_lb_search':        7 rows, 8 columns, 14 entries
  'objective_lb_search_max_lp':  487 rows, 246 columns, 2542 entries
                     'probing':         3 rows, 8 columns, 6 entries
              'probing_max_lp':  425 rows, 246 columns, 1861 entries
                'pseudo_costs':  362 rows, 246 columns, 1707 entries
               'quick_restart':         2 rows, 8 columns, 4 entries
               'reduced_costs':  429 rows, 246 columns, 2117 entries

Lp debug                         CutPropag  CutEqPropag  Adjust  Overflow     Bad  BadScaling
                  'default_lp':          0            0       0         0       0           0
                       'fixed':          0            0       0         0       0           0
                   'fs_random':          0            0       0         0       0           0
     'fs_random_quick_restart':          0            0       0         0       0           0
              'lb_tree_search':          0           29      31         0   6'379           0
                      'max_lp':          0            0     280         0  20'299           0
         'objective_lb_search':          0            0       0         0       0           0
  'objective_lb_search_max_lp':          0            0      76         0   7'448           0
                     'probing':          0            0       0         0       0           0
              'probing_max_lp':          0            0      40         0  23'105           0
                'pseudo_costs':          0            0     190         0  13'610           0
               'quick_restart':          0            0       0         0       0           0
               'reduced_costs':          0            0      23         0   3'300           0

Lp pool                          Constraints  Updates  Simplif  Merged  Shortened  Split  Strenghtened  Cuts/Call
                  'default_lp':          227        0        7       0          0      0             0        0/0
                       'fixed':          227        0        1       0          0      0             0        0/0
                   'fs_random':          227        0        0       0          0      0             0        0/0
     'fs_random_quick_restart':          227        0        0       0          0      0             0        0/0
              'lb_tree_search':          632      957      118       8          0      0             1    413/671
                      'max_lp':          741    2'471      354      14          0      0             3  528/1'599
         'objective_lb_search':          227        0       19       0          0      0             0        0/0
  'objective_lb_search_max_lp':          830    1'343      678      40          0      0             3  643/1'047
                     'probing':          227        0       10       0          0      0             0        0/0
              'probing_max_lp':          576      492       39       4          0      0             0    353/662
                'pseudo_costs':          885    2'525      610      78          0      0             5  736/2'140
               'quick_restart':          227        0       47       0          0      0             0        0/0
               'reduced_costs':          743      435       67      37          0      0             4    553/851

Lp Cut                                                reduced_costs  max_lp  lb_tree_search  objective_lb_search_max_lp  pseudo_costs  probing_max_lp
                                              CG_FF:              -       -               -                           4             -               -
                                               CG_K:              -       2               3                           1             3               -
                                               CG_R:              6      12               6                           4            20               6
                                            MIR_1_K:              4       -               -                           6             7               -
                                            MIR_1_R:             10       -               2                           8             9               -
                                            MIR_2_K:              1       -               -                           -             -               -
                                            MIR_2_R:              -       3               -                           1             -               1
                                            MIR_3_R:              -       4               1                           2             5               1
                                            MIR_4_R:              -       1               1                           1             -               -
                  NoOverlapCompletionTimeExhaustive:             13      17              15                          19            28              14
           NoOverlapCompletionTimeExhaustive_lifted:             23      25              17                          35            34              11
  NoOverlapCompletionTimeExhaustive_lifted_weighted:             62      52              47                          68            68              39
         NoOverlapCompletionTimeExhaustive_weighted:             36      43              33                          33            50              24
                    NoOverlapCompletionTimeQueyrane:             81      79              56                          93           114              56
             NoOverlapCompletionTimeQueyrane_lifted:            158     149             127                         188           210              96
                        NoOverlapDetectedPrecedence:              -       2               1                           2             3               1
                        NoOverlapDisjunctionOnStart:            151     114             103                         167           172              95
                                        ZERO_HALF_R:              8      25               1                          11            13               9

LNS stats                             Improv/Calls  Closed  Difficulty  TimeLimit
                    'graph_arc_lns':           5/7     43%    5.29e-01       0.10
                    'graph_cst_lns':          9/11     73%    9.46e-01       0.10
                    'graph_dec_lns':          6/11     82%    9.69e-01       0.10
                    'graph_var_lns':           7/7     57%    7.75e-01       0.10
                     'lb_relax_lns':           4/6     50%    6.52e-01       0.50
                        'rins/rens':           7/9     67%    8.95e-01       0.10
                      'rnd_cst_lns':           6/8     62%    8.49e-01       0.10
                      'rnd_var_lns':          7/11     73%    9.46e-01       0.10
         'scheduling_intervals_lns':           2/4      0%    8.55e-02       0.10
       'scheduling_precedences_lns':           2/4      0%    8.55e-02       0.10
  'scheduling_resource_windows_lns':           3/5      0%    6.07e-02       0.10
       'scheduling_time_window_lns':           4/4     25%    2.48e-01       0.10

LS stats                                    Batches  Restarts/Perturbs  LinMoves  GenMoves  CompoundMoves  Bactracks  WeightUpdates  ScoreComputed
                      'ls_decay_compound':       12                  6        84    13'294            395      3'869            395      2'806'431
                         'ls_lin_restart':       13                 12       145     7'942              0          0          3'190      2'634'920
                'ls_lin_restart_compound':       15                 15         0    13'268          1'132      6'052             97      2'648'010
        'ls_lin_restart_compound_perturb':       15                 12         0    18'554          1'408      8'547            148      3'485'263
                   'ls_lin_restart_decay':       21                 20       233    17'222              0          0          3'122      4'551'148
          'ls_lin_restart_decay_compound':        9                  7         0    11'597          1'321      5'129             80      2'293'443
  'ls_lin_restart_decay_compound_perturb':       21                 13         0    25'322          1'800     11'727            179      4'806'197
           'ls_lin_restart_decay_perturb':       19                 15       176    14'513              0          0          2'029      3'233'901
                 'ls_lin_restart_perturb':       15                 13        90     9'752              0          0          5'990      3'382'966
                             'ls_restart':       35                 29       327    22'336              0          0         10'870      7'642'862
                    'ls_restart_compound':       28                 26         0    25'339          2'121     11'577            221      5'277'272
            'ls_restart_compound_perturb':       31                 29         0    27'700          2'696     12'469            200      5'875'565
                       'ls_restart_decay':       48                 31       535    45'277              0          0          6'557     10'697'591
              'ls_restart_decay_compound':       18                 15         0    22'834          1'563     10'613            172      4'340'096
      'ls_restart_decay_compound_perturb':       34                 29         0    28'556          2'181     13'148            224      5'819'318
               'ls_restart_decay_perturb':       22                 21       236    16'718              0          0          2'737      4'193'668
                     'ls_restart_perturb':       29                 26       295    17'571              0          0         11'721      6'477'165

Solutions (38)                              Num     Rank
                                   'core':    1    [7,7]
                             'default_lp':    1    [2,2]
                                  'fixed':    1    [3,3]
                          'graph_cst_lns':    2  [22,23]
                         'ls_lin_restart':    2  [25,26]
                'ls_lin_restart_compound':    2   [8,38]
        'ls_lin_restart_compound_perturb':    1  [18,18]
  'ls_lin_restart_decay_compound_perturb':    1    [9,9]
           'ls_lin_restart_decay_perturb':    1  [34,34]
                             'ls_restart':    1  [27,27]
                    'ls_restart_compound':    5   [6,32]
            'ls_restart_compound_perturb':    4   [5,24]
                       'ls_restart_decay':    2  [12,36]
      'ls_restart_decay_compound_perturb':    4  [13,20]
               'ls_restart_decay_perturb':    4  [28,35]
                     'ls_restart_perturb':    1  [33,33]
                                  'no_lp':    1    [1,1]
              'objective_lb_search_no_lp':    1    [4,4]
                          'quick_restart':    1  [37,37]
                            'rnd_var_lns':    2  [10,11]

Objective bounds                 Num
              'initial_domain':    1
                      'max_lp':    4
         'objective_lb_search':   12
  'objective_lb_search_max_lp':    3

Solution repositories    Added  Queried  Synchro
  'feasible solutions':    193      503      123
   'fj solution hints':      0        0        0
        'lp solutions':      7        0        7
                'pump':    180       10

Improving bounds shared            Num  Sym
                  'default_lp':     82    0
                       'fixed':    287    0
              'lb_tree_search':      1    0
                      'max_lp':  2'242    0
                       'no_lp':    307    0
         'objective_lb_search':    300    0
  'objective_lb_search_max_lp':     14    0
   'objective_lb_search_no_lp':    255    0
                     'probing':     28    0
              'probing_max_lp':    216    0
               'probing_no_lp':    146    0
                'pseudo_costs':    695    0
               'quick_restart':    539    0
         'quick_restart_no_lp':  1'060    0
               'reduced_costs':    222    0

CpSolverResponse summary:
status: OPTIMAL
objective: 10551
best_bound: 10551
integers: 247
booleans: 82
conflicts: 0
branches: 82
propagations: 0
integer_propagations: 1340
restarts: 0
lp_iterations: 0
walltime: 0.565456
usertime: 0.565456
deterministic_time: 36.4975
gap_integral: 216.792
solution_fingerprint: 0x1c8669623baa9bc1

