
Starting CP-SAT solver v9.14.6206
Parameters: max_time_in_seconds: 300 log_search_progress: true num_search_workers: 104 relative_gap_limit: 0.005

Initial optimization model '': (model_fingerprint: 0x5dec95a589c219c3)
#Variables: 297 (#ints: 38 in objective) (242 primary variables)
  - 55 in [0,36068]
  - 42 in [25920,36068]
  - 200 in [27360,36068]
#kInterval: 126 (#fixed: 5)
#kLinMax: 55 (#expressions: 110)
#kLinear1: 17
#kLinear2: 104
#kNoOverlap: 10 (#intervals: 126, #fixed_intervals: 5)

Starting presolve at 0.00s
  5.35e-05s  0.00e+00d  [DetectDominanceRelations] 
  1.16e-03s  0.00e+00d  [PresolveToFixPoint] #num_loops=10 #num_dual_strengthening=1 
  2.22e-06s  0.00e+00d  [ExtractEncodingFromLinear] 
  1.13e-05s  0.00e+00d  [DetectDuplicateColumns] 
  5.14e-05s  0.00e+00d  [DetectDuplicateConstraints] #duplicates=1 
[Symmetry] Graph for symmetry has 704 nodes and 658 arcs.
[Symmetry] Symmetry computation done. time: 5.8841e-05 dtime: 6.537e-05
  4.02e-05s  0.00e+00d  [DetectDuplicateConstraintsWithDifferentEnforcements] 
  4.11e-04s  3.67e-06d  [Probe] #new_bounds=15 
  2.58e-06s  0.00e+00d  [MaxClique] 
  4.25e-05s  0.00e+00d  [DetectDominanceRelations] 
  2.74e-04s  0.00e+00d  [PresolveToFixPoint] #num_loops=2 #num_dual_strengthening=1 
  1.71e-05s  0.00e+00d  [ProcessAtMostOneAndLinear] 
  3.78e-05s  0.00e+00d  [DetectDuplicateConstraints] 
  3.49e-05s  0.00e+00d  [DetectDuplicateConstraintsWithDifferentEnforcements] 
  1.85e-05s  7.26e-07d  [DetectDominatedLinearConstraints] #relevant_constraints=121 
  1.87e-05s  0.00e+00d  [DetectDifferentVariables] 
  2.06e-06s  0.00e+00d  [ProcessSetPPC] 
  2.30e-06s  0.00e+00d  [FindAlmostIdenticalLinearConstraints] 
  6.89e-06s  0.00e+00d  [FindBigAtMostOneAndLinearOverlap] 
  1.07e-05s  4.52e-06d  [FindBigVerticalLinearOverlap] 
  1.81e-06s  0.00e+00d  [FindBigHorizontalLinearOverlap] 
  1.48e-06s  0.00e+00d  [MergeClauses] 
  3.89e-05s  0.00e+00d  [DetectDominanceRelations] 
  2.08e-04s  0.00e+00d  [PresolveToFixPoint] #num_loops=1 #num_dual_strengthening=1 
  3.62e-05s  0.00e+00d  [DetectDominanceRelations] 
  2.03e-04s  0.00e+00d  [PresolveToFixPoint] #num_loops=1 #num_dual_strengthening=1 
  7.27e-06s  0.00e+00d  [DetectDuplicateColumns] 
  3.57e-05s  0.00e+00d  [DetectDuplicateConstraints] 
[Symmetry] Graph for symmetry has 700 nodes and 655 arcs.
[Symmetry] Symmetry computation done. time: 4.6026e-05 dtime: 6.507e-05
  3.72e-05s  0.00e+00d  [DetectDuplicateConstraintsWithDifferentEnforcements] 
  2.88e-04s  1.77e-06d  [Probe] 
  1.13e-06s  0.00e+00d  [MaxClique] 
  3.94e-05s  0.00e+00d  [DetectDominanceRelations] 
  2.25e-04s  0.00e+00d  [PresolveToFixPoint] #num_loops=1 #num_dual_strengthening=1 
  1.57e-05s  0.00e+00d  [ProcessAtMostOneAndLinear] 
  3.57e-05s  0.00e+00d  [DetectDuplicateConstraints] 
  3.52e-05s  0.00e+00d  [DetectDuplicateConstraintsWithDifferentEnforcements] 
  1.54e-05s  7.26e-07d  [DetectDominatedLinearConstraints] #relevant_constraints=121 
  1.71e-05s  0.00e+00d  [DetectDifferentVariables] 
  1.36e-06s  0.00e+00d  [ProcessSetPPC] 
  1.88e-06s  0.00e+00d  [FindAlmostIdenticalLinearConstraints] 
  6.62e-06s  0.00e+00d  [FindBigAtMostOneAndLinearOverlap] 
  1.05e-05s  4.52e-06d  [FindBigVerticalLinearOverlap] 
  1.39e-06s  0.00e+00d  [FindBigHorizontalLinearOverlap] 
  9.93e-07s  0.00e+00d  [MergeClauses] 
  3.71e-05s  0.00e+00d  [DetectDominanceRelations] 
  2.04e-04s  0.00e+00d  [PresolveToFixPoint] #num_loops=1 #num_dual_strengthening=1 
  1.10e-05s  0.00e+00d  [ExpandObjective] 

Presolve summary:
  - 132 affine relations were detected.
  - rule 'TODO dual: only one blocking constraint?' was applied 246 times.
  - rule 'TODO dual: only one unspecified blocking constraint?' was applied 102 times.
  - rule 'affine: new relation' was applied 132 times.
  - rule 'duplicate: remapped duplicate intervals' was applied 1 time.
  - rule 'duplicate: removed constraint' was applied 1 time.
  - rule 'intervals: removed unused interval' was applied 4 times.
  - rule 'lin_max: converted abs to equality' was applied 11 times.
  - rule 'lin_max: propagate domain from x to abs(x)' was applied 31 times.
  - rule 'lin_max: rewrite with precedences' was applied 17 times.
  - rule 'lin_max: target domain reduced' was applied 34 times.
  - rule 'lin_max: unused affine target' was applied 17 times.
  - rule 'linear1: x in domain' was applied 14 times.
  - rule 'linear: always true' was applied 20 times.
  - rule 'linear: reduced variable domains' was applied 605 times.
  - rule 'linear: remapped using affine relations' was applied 281 times.
  - rule 'no_overlap: split into disjoint components' was applied 5 times.
  - rule 'presolve: 0 unused variables removed.' was applied 1 time.
  - rule 'presolve: iteration' was applied 2 times.

Presolved optimization model '': (model_fingerprint: 0x4d17179569a787e0)
#Variables: 148 (#ints: 38 in objective) (121 primary variables)
  - 141 different domains in [0,36047] with a largest complexity of 1.
#kInterval: 121
#kLinMax: 10 (#expressions: 20)
#kLinear2: 121
#kNoOverlap: 10 (#intervals: 121)
[Symmetry] Graph for symmetry has 551 nodes and 655 arcs.
[Symmetry] Symmetry computation done. time: 3.8783e-05 dtime: 5.613e-05

Preloading model.
#Bound   0.01s best:inf   next:[3573,662558] initial_domain
#Model   0.01s var:148/148 constraints:262/262

Starting search at 0.01s with 104 workers.
18 full problem subsolvers: [core, default_lp, fixed, lb_tree_search, max_lp, no_lp, objective_lb_search, objective_lb_search_max_lp, objective_lb_search_no_lp, objective_shaving_max_lp, objective_shaving_no_lp, probing, probing_max_lp, probing_no_lp, pseudo_costs, quick_restart, quick_restart_no_lp, reduced_costs]
86 first solution subsolvers: [fj(25), fj_lin(12), fs_random(12), fs_random_no_lp(13), fs_random_quick_restart(12), fs_random_quick_restart_no_lp(12)]
45 interleaved subsolvers: [feasibility_pump, graph_arc_lns, graph_cst_lns, graph_dec_lns, graph_var_lns, lb_relax_lns, ls(19), ls_lin(10), rins/rens, rnd_cst_lns, rnd_var_lns, scheduling_intervals_lns, scheduling_precedences_lns, scheduling_resource_windows_lns, scheduling_time_window_lns, variables_shaving, variables_shaving_max_lp, variables_shaving_no_lp]
3 helper subsolvers: [neighborhood_helper, synchronization_agent, update_gap_integral]

#1       0.01s best:9537  next:[3573,9536] no_lp
#Bound   0.01s best:9537  next:[3576,9536] bool_core (num_cores=1 [size:2 mw:3 d:1] a=37 d=1 fixed=0/38 clauses=0)
#Bound   0.01s best:9537  next:[3579,9536] bool_core (num_cores=1 [cover] a=37 d=1 fixed=0/41 clauses=1)
#Bound   0.01s best:9537  next:[3582,9536] bool_core (num_cores=1 [cover] a=37 d=1 fixed=1/44 clauses=3)
#Bound   0.01s best:9537  next:[3585,9536] bool_core (num_cores=1 [cover] a=37 d=1 fixed=2/47 clauses=6)
#Bound   0.01s best:9537  next:[3588,9536] bool_core (num_cores=1 [cover] a=37 d=1 fixed=3/50 clauses=10)
#Bound   0.01s best:9537  next:[3591,9536] bool_core (num_cores=1 [cover] a=37 d=1 fixed=4/53 clauses=15)
#Bound   0.01s best:9537  next:[3594,9536] bool_core (num_cores=1 [cover] a=37 d=1 fixed=5/56 clauses=21)
#Bound   0.01s best:9537  next:[3597,9536] bool_core (num_cores=1 [cover] a=37 d=1 fixed=6/59 clauses=28)
#Bound   0.01s best:9537  next:[3600,9536] bool_core (num_cores=1 [cover] a=37 d=1 fixed=7/62 clauses=36)
#Bound   0.01s best:9537  next:[3603,9536] bool_core (num_cores=1 [cover] a=37 d=1 fixed=8/65 clauses=45)
#Bound   0.01s best:9537  next:[3606,9536] bool_core (num_cores=1 [cover] a=37 d=1 fixed=9/68 clauses=55)
#Bound   0.01s best:9537  next:[3609,9536] bool_core (num_cores=1 [cover] a=37 d=1 fixed=10/71 clauses=66)
#Bound   0.01s best:9537  next:[3612,9536] bool_core (num_cores=1 [cover] a=37 d=1 fixed=11/74 clauses=78)
#Bound   0.01s best:9537  next:[3615,9536] bool_core (num_cores=1 [cover] a=37 d=1 fixed=12/77 clauses=91)
#Bound   0.01s best:9537  next:[3618,9536] bool_core (num_cores=1 [cover] a=37 d=1 fixed=13/80 clauses=105)
#Bound   0.01s best:9537  next:[3621,9536] bool_core (num_cores=1 [cover] a=37 d=1 fixed=14/83 clauses=120)
#Bound   0.01s best:9537  next:[3624,9536] bool_core (num_cores=1 [cover] a=37 d=1 fixed=15/86 clauses=136)
#Bound   0.01s best:9537  next:[3627,9536] bool_core (num_cores=1 [cover] a=37 d=1 fixed=16/89 clauses=153)
#Bound   0.01s best:9537  next:[3630,9536] bool_core (num_cores=1 [cover] a=37 d=1 fixed=17/92 clauses=171)
#Bound   0.01s best:9537  next:[3904,9536] max_lp
#2       0.01s best:9198  next:[3904,9197] no_lp
#3       0.01s best:8313  next:[3906,8312] fixed
#4       0.02s best:8238  next:[4172,8237] quick_restart
#5       0.02s best:8235  next:[4172,8234] ls_restart_compound(batch:1 lin{mvs:0 evals:18} gen{mvs:35 evals:340} comp{mvs:15 btracks:10} #w_updates:0 #perturb:0)
#6       0.02s best:8232  next:[4172,8231] ls_restart_decay_compound_perturb(batch:1 lin{mvs:0 evals:32} gen{mvs:56 evals:604} comp{mvs:10 btracks:23} #w_updates:0 #perturb:0) [combined with: ls_restart_compound(...]
#7       0.02s best:8031  next:[4172,8030] graph_var_lns (d=5.00e-01 s=23 t=0.10 p=0.00 stall=0 h=base) [combined with: ls_restart_decay_com...]
#8       0.03s best:8028  next:[4173,8027] ls_restart_compound_perturb(batch:1 lin{mvs:0 evals:1} gen{mvs:4 evals:26} comp{mvs:4 btracks:0} #w_updates:0 #perturb:0)
#9       0.03s best:8025  next:[4173,8024] ls_restart_compound_perturb(batch:1 lin{mvs:0 evals:2} gen{mvs:4 evals:52} comp{mvs:4 btracks:0} #w_updates:0 #perturb:0) [combined with: ls_restart_compound_...]
#10      0.03s best:7962  next:[4173,7961] ls_restart_perturb(batch:1 lin{mvs:17 evals:219} gen{mvs:30 evals:373} #w_updates:3 #perturb:0)
#11      0.03s best:7956  next:[4173,7955] ls_restart_perturb(batch:1 lin{mvs:17 evals:219} gen{mvs:30 evals:373} #w_updates:3 #perturb:0) [combined with: ls_restart_compound_...]
#12      0.03s best:7950  next:[4173,7949] ls_restart_compound(batch:1 lin{mvs:0 evals:22} gen{mvs:38 evals:340} comp{mvs:12 btracks:13} #w_updates:0 #perturb:0) [combined with: ls_restart_perturb(b...]
#13      0.03s best:7947  next:[4173,7946] ls_restart_decay_compound_perturb(batch:1 lin{mvs:0 evals:15} gen{mvs:29 evals:268} comp{mvs:11 btracks:9} #w_updates:0 #perturb:0) [combined with: ls_restart_compound(...]
#14      0.03s best:7944  next:[4173,7943] ls_lin_restart_compound(batch:1 lin{mvs:0 evals:2} gen{mvs:2 evals:37} comp{mvs:2 btracks:0} #w_updates:0 #perturb:0)
#15      0.03s best:7941  next:[4173,7940] ls_lin_restart_compound(batch:1 lin{mvs:0 evals:2} gen{mvs:2 evals:37} comp{mvs:2 btracks:0} #w_updates:0 #perturb:0) [combined with: ls_restart_decay_com...]
#16      0.03s best:7935  next:[4173,7934] ls_lin_restart_compound(batch:1 lin{mvs:0 evals:2} gen{mvs:2 evals:39} comp{mvs:2 btracks:0} #w_updates:0 #perturb:0)
#17      0.03s best:7929  next:[4218,7928] ls_lin_restart_decay_perturb(batch:1 lin{mvs:19 evals:265} gen{mvs:31 evals:432} #w_updates:3 #perturb:0)
#18      0.03s best:7908  next:[4218,7907] ls_restart_decay_perturb(batch:1 lin{mvs:19 evals:210} gen{mvs:179 evals:1'927} #w_updates:12 #perturb:0)
#19      0.03s best:7852  next:[4224,7851] ls_restart_decay(batch:1 lin{mvs:17 evals:639} gen{mvs:697 evals:7'536} #w_updates:83 #perturb:0)
#20      0.03s best:7797  next:[4224,7796] ls_lin_restart_decay_perturb(batch:1 lin{mvs:16 evals:188} gen{mvs:225 evals:2'614} #w_updates:11 #perturb:0)
#21      0.04s best:7788  next:[4245,7787] ls_restart_compound(batch:1 lin{mvs:0 evals:2} gen{mvs:4 evals:43} comp{mvs:4 btracks:0} #w_updates:0 #perturb:0)
#22      0.04s best:7626  next:[4251,7625] ls_restart_compound_perturb(batch:1 lin{mvs:0 evals:4} gen{mvs:5 evals:70} comp{mvs:5 btracks:0} #w_updates:0 #perturb:0)
#23      0.04s best:7318  next:[4266,7317] ls_lin_restart_perturb(batch:1 lin{mvs:16 evals:230} gen{mvs:243 evals:2'948} #w_updates:47 #perturb:0)
#24      0.04s best:7315  next:[4266,7314] ls_restart_decay_compound(batch:1 lin{mvs:0 evals:4} gen{mvs:8 evals:70} comp{mvs:2 btracks:3} #w_updates:0 #perturb:0) [combined with: ls_lin_restart_pertu...]
#25      0.04s best:7312  next:[4281,7311] ls_lin_restart_compound(batch:1 lin{mvs:0 evals:47} gen{mvs:56 evals:473} comp{mvs:6 btracks:25} #w_updates:0 #perturb:0)
#26      0.04s best:7309  next:[4281,7308] ls_lin_restart_decay_compound(batch:1 lin{mvs:0 evals:39} gen{mvs:52 evals:456} comp{mvs:8 btracks:22} #w_updates:0 #perturb:0) [combined with: ls_lin_restart_compo...]
#27      0.04s best:7303  next:[4281,7302] ls_lin_restart_decay_perturb(batch:1 lin{mvs:15 evals:251} gen{mvs:89 evals:985} #w_updates:19 #perturb:0)
#28      0.04s best:7296  next:[4296,7295] ls_lin_restart_decay_perturb(batch:1 lin{mvs:16 evals:304} gen{mvs:186 evals:1'790} #w_updates:52 #perturb:0)
#29      0.04s best:7293  next:[4296,7292] ls_restart_compound_perturb(batch:1 lin{mvs:0 evals:4} gen{mvs:4 evals:52} comp{mvs:4 btracks:0} #w_updates:0 #perturb:0)
#30      0.04s best:7290  next:[4296,7289] ls_restart_compound_perturb(batch:1 lin{mvs:0 evals:7} gen{mvs:4 evals:58} comp{mvs:4 btracks:0} #w_updates:0 #perturb:0)
#31      0.04s best:7287  next:[4305,7286] ls_restart_compound_perturb(batch:1 lin{mvs:0 evals:23} gen{mvs:30 evals:327} comp{mvs:6 btracks:12} #w_updates:0 #perturb:0) [combined with: ls_restart_compound_...]
#32      0.04s best:7284  next:[4311,7283] ls_restart_compound(batch:1 lin{mvs:0 evals:19} gen{mvs:14 evals:166} comp{mvs:6 btracks:4} #w_updates:0 #perturb:0) [combined with: ls_restart_compound_...]
#33      0.04s best:7140  next:[4311,7139] ls_lin_restart_decay_perturb(batch:1 lin{mvs:14 evals:351} gen{mvs:193 evals:2'234} #w_updates:28 #perturb:0)
#34      0.04s best:7113  next:[4311,7112] ls_compound(batch:1 lin{mvs:0 evals:38} gen{mvs:28 evals:275} comp{mvs:6 btracks:11} #w_updates:0 #perturb:1) [combined with: ls_lin_restart_decay...]
#35      0.04s best:7104  next:[4317,7103] ls_compound(batch:2 lin{mvs:0 evals:43} gen{mvs:32 evals:324} comp{mvs:10 btracks:11} #w_updates:0 #perturb:2)
#36      0.04s best:7097  next:[4320,7096] ls_restart_compound_perturb(batch:1 lin{mvs:0 evals:17} gen{mvs:14 evals:196} comp{mvs:10 btracks:2} #w_updates:0 #perturb:0) [combined with: ls_compound(batch:2 ...]
#37      0.04s best:6981  next:[4323,6980] ls_lin_restart(batch:1 lin{mvs:16 evals:347} gen{mvs:250 evals:2'610} #w_updates:180 #perturb:0) [combined with: ls_restart_compound_...]
#38      0.04s best:6978  next:[4326,6977] ls_restart_compound_perturb(batch:1 lin{mvs:0 evals:5} gen{mvs:4 evals:57} comp{mvs:4 btracks:0} #w_updates:0 #perturb:0)
#39      0.04s best:6975  next:[4326,6974] ls_compound(batch:3 lin{mvs:0 evals:54} gen{mvs:42 evals:448} comp{mvs:20 btracks:11} #w_updates:0 #perturb:3)
#40      0.05s best:6967  next:[4326,6966] quick_restart_no_lp
#41      0.05s best:6945  next:[4326,6944] ls_lin_restart_compound_perturb(batch:1 lin{mvs:0 evals:38} gen{mvs:13 evals:107} comp{mvs:13 btracks:0} #w_updates:0 #perturb:0)
#42      0.05s best:6942  next:[4347,6941] ls_lin_restart_compound_perturb(batch:1 lin{mvs:0 evals:2} gen{mvs:4 evals:27} comp{mvs:4 btracks:0} #w_updates:0 #perturb:0)
#43      0.05s best:6939  next:[4368,6938] ls_restart_compound_perturb(batch:1 lin{mvs:0 evals:109} gen{mvs:86 evals:749} comp{mvs:8 btracks:39} #w_updates:0 #perturb:0)
#44      0.05s best:6936  next:[4368,6935] ls_restart_compound_perturb(batch:1 lin{mvs:0 evals:109} gen{mvs:86 evals:749} comp{mvs:8 btracks:39} #w_updates:0 #perturb:0) [combined with: ls_lin_restart_compo...]
#45      0.05s best:6933  next:[4395,6932] ls_restart_decay_compound(batch:1 lin{mvs:0 evals:115} gen{mvs:116 evals:1'104} comp{mvs:20 btracks:48} #w_updates:1 #perturb:0)
#46      0.05s best:6931  next:[4395,6930] ls_restart_perturb(batch:1 lin{mvs:14 evals:474} gen{mvs:269 evals:3'385} #w_updates:74 #perturb:0)
#47      0.05s best:6930  next:[4395,6929] ls_restart_compound_perturb(batch:1 lin{mvs:0 evals:21} gen{mvs:18 evals:177} comp{mvs:10 btracks:4} #w_updates:0 #perturb:0)
#48      0.05s best:6693  next:[4395,6692] ls_lin_restart_decay_perturb(batch:1 lin{mvs:14 evals:437} gen{mvs:532 evals:5'334} #w_updates:96 #perturb:0)
#49      0.05s best:6495  next:[4395,6494] ls_restart_decay(batch:1 lin{mvs:11 evals:186} gen{mvs:12 evals:144} #w_updates:1 #perturb:0)
#50      0.05s best:6492  next:[4395,6491] ls_lin_restart_decay_perturb(batch:1 lin{mvs:12 evals:193} gen{mvs:12 evals:143} #w_updates:1 #perturb:0)
#51      0.05s best:6489  next:[4395,6488] ls_restart_decay(batch:1 lin{mvs:9 evals:120} gen{mvs:11 evals:141} #w_updates:1 #perturb:0)
#52      0.05s best:6486  next:[4395,6485] ls_restart_decay(batch:1 lin{mvs:9 evals:120} gen{mvs:11 evals:141} #w_updates:1 #perturb:0) [combined with: ls_lin_restart_decay...]
#53      0.05s best:6480  next:[4395,6479] ls_lin_restart_compound_perturb(batch:1 lin{mvs:0 evals:22} gen{mvs:14 evals:117} comp{mvs:6 btracks:4} #w_updates:0 #perturb:0)
#54      0.05s best:6417  next:[4395,6416] ls_restart(batch:1 lin{mvs:9 evals:127} gen{mvs:12 evals:150} #w_updates:1 #perturb:0)
#55      0.05s best:6414  next:[4395,6413] ls_lin_restart_decay_compound_perturb(batch:1 lin{mvs:0 evals:47} gen{mvs:26 evals:224} comp{mvs:6 btracks:10} #w_updates:0 #perturb:0) [combined with: ls_restart(batch:1 l...]
#56      0.06s best:6411  next:[4395,6410] ls_lin_restart_decay_compound(batch:1 lin{mvs:0 evals:29} gen{mvs:20 evals:156} comp{mvs:8 btracks:6} #w_updates:0 #perturb:0)
#57      0.06s best:6408  next:[4395,6407] ls_restart_decay_compound(batch:1 lin{mvs:0 evals:42} gen{mvs:28 evals:240} comp{mvs:6 btracks:11} #w_updates:0 #perturb:0)
#58      0.06s best:6403  next:[4395,6402] ls_restart(batch:1 lin{mvs:8 evals:280} gen{mvs:122 evals:1'140} #w_updates:13 #perturb:0)
#59      0.06s best:6400  next:[4395,6399] ls_restart_decay_perturb(batch:1 lin{mvs:9 evals:307} gen{mvs:109 evals:1'220} #w_updates:52 #perturb:0)
#60      0.06s best:6346  next:[4395,6345] ls_restart_decay_compound(batch:1 lin{mvs:0 evals:32} gen{mvs:12 evals:98} comp{mvs:12 btracks:0} #w_updates:0 #perturb:0)
#61      0.07s best:6284  next:[4395,6283] ls_lin_restart_decay(batch:1 lin{mvs:7 evals:505} gen{mvs:350 evals:4'358} #w_updates:47 #perturb:0)
#62      0.07s best:6221  next:[4395,6220] ls_restart_decay_perturb(batch:1 lin{mvs:10 evals:166} gen{mvs:30 evals:344} #w_updates:9 #perturb:0)
#63      0.07s best:6218  next:[4395,6217] ls_lin_restart_compound_perturb(batch:1 lin{mvs:0 evals:76} gen{mvs:60 evals:436} comp{mvs:8 btracks:26} #w_updates:0 #perturb:0) [combined with: ls_restart_decay_per...]
#64      0.07s best:6158  next:[4395,6157] ls_restart_decay_perturb(batch:1 lin{mvs:7 evals:108} gen{mvs:12 evals:138} #w_updates:1 #perturb:0)
#65      0.07s best:6155  next:[4395,6154] ls_restart_decay_perturb(batch:1 lin{mvs:7 evals:108} gen{mvs:12 evals:138} #w_updates:1 #perturb:0) [combined with: ls_lin_restart_compo...]
#66      0.07s best:6152  next:[4395,6151] ls_restart_compound_perturb(batch:1 lin{mvs:0 evals:33} gen{mvs:22 evals:202} comp{mvs:6 btracks:8} #w_updates:0 #perturb:0)
#67      0.07s best:5927  next:[4396,5926] rnd_var_lns (d=8.14e-01 s=256 t=0.10 p=1.00 stall=0 h=base)
#68      0.07s best:5864  next:[4396,5863] rnd_var_lns (d=8.14e-01 s=256 t=0.10 p=1.00 stall=0 h=base) [combined with: ls_restart_compound_...]
#69      0.08s best:5681  next:[4396,5680] ls_restart_decay(batch:1 lin{mvs:8 evals:519} gen{mvs:228 evals:2'426} #w_updates:100 #perturb:0)
#70      0.09s best:5413  next:[4548,5412] graph_cst_lns (d=8.14e-01 s=262 t=0.10 p=1.00 stall=0 h=base)
#71      0.09s best:5412  next:[4548,5411] ls_lin_restart_decay_compound_perturb(batch:1 lin{mvs:0 evals:3} gen{mvs:1 evals:19} comp{mvs:1 btracks:0} #w_updates:0 #perturb:0)
#72      0.09s best:5409  next:[4548,5408] ls_restart_compound_perturb(batch:1 lin{mvs:0 evals:16} gen{mvs:24 evals:163} comp{mvs:6 btracks:9} #w_updates:0 #perturb:0)
#73      0.09s best:5382  next:[4548,5381] ls_lin_restart_decay_perturb(batch:1 lin{mvs:11 evals:468} gen{mvs:273 evals:2'672} #w_updates:58 #perturb:0)
#74      0.10s best:5379  next:[4548,5378] ls_restart_compound(batch:1 lin{mvs:0 evals:27} gen{mvs:34 evals:278} comp{mvs:6 btracks:14} #w_updates:0 #perturb:0)
#75      0.10s best:5364  next:[4548,5363] ls_restart_compound_perturb(batch:1 lin{mvs:0 evals:6} gen{mvs:4 evals:57} comp{mvs:4 btracks:0} #w_updates:0 #perturb:0)
#76      0.10s best:5342  next:[4548,5341] quick_restart
#77      0.10s best:5307  next:[4548,5306] ls_lin_restart_compound_perturb(batch:1 lin{mvs:0 evals:14} gen{mvs:8 evals:87} comp{mvs:8 btracks:0} #w_updates:0 #perturb:0)
#78      0.10s best:5292  next:[4548,5291] graph_var_lns (d=9.39e-01 s=353 t=0.10 p=1.00 stall=1 h=base)
#79      0.10s best:5226  next:[4548,5225] graph_var_lns (d=9.39e-01 s=353 t=0.10 p=1.00 stall=1 h=base) [combined with: ls_lin_restart_compo...]
#80      0.10s best:5223  next:[4548,5222] ls_lin_restart_decay_perturb(batch:1 lin{mvs:8 evals:116} gen{mvs:22 evals:224} #w_updates:6 #perturb:0)
#81      0.10s best:5220  next:[4548,5219] ls_lin_restart_decay(batch:1 lin{mvs:8 evals:118} gen{mvs:30 evals:303} #w_updates:9 #perturb:0)
#82      0.10s best:5217  next:[4548,5216] ls_restart_decay_compound(batch:1 lin{mvs:0 evals:10} gen{mvs:8 evals:75} comp{mvs:4 btracks:2} #w_updates:0 #perturb:0)
#83      0.11s best:5214  next:[4548,5213] ls_restart_decay_perturb(batch:1 lin{mvs:9 evals:120} gen{mvs:26 evals:260} #w_updates:5 #perturb:0)
#84      0.11s best:5088  next:[4548,5087] ls_lin_restart(batch:1 lin{mvs:6 evals:557} gen{mvs:365 evals:4'612} #w_updates:169 #perturb:0)
#85      0.11s best:5007  next:[4548,5006] rins_pump_lns (d=7.07e-01 s=172 t=0.10 p=1.00 stall=0 h=base)
#Done    0.19s probing_no_lp
#Bound   0.19s best:5007  next:[4926,5006] objective_lb_search_no_lp [skipped_logs=89]

Task timing                                  n [     min,      max]      avg      dev     time         n [     min,      max]      avg      dev    dtime
                             'core':         1 [189.22ms, 189.22ms] 189.22ms   0.00ns 189.22ms         1 [127.62ms, 127.62ms] 127.62ms   0.00ns 127.62ms
                       'default_lp':         1 [184.97ms, 184.97ms] 184.97ms   0.00ns 184.97ms         0 [  0.00ns,   0.00ns]   0.00ns   0.00ns   0.00ns
                 'feasibility_pump':        81 [ 45.34us, 909.51us] 133.33us 115.58us  10.80ms        74 [ 21.51us, 309.14us]  27.14us  33.52us   2.01ms
                            'fixed':         1 [184.88ms, 184.88ms] 184.88ms   0.00ns 184.88ms         0 [  0.00ns,   0.00ns]   0.00ns   0.00ns   0.00ns
                               'fj':         0 [  0.00ns,   0.00ns]   0.00ns   0.00ns   0.00ns         0 [  0.00ns,   0.00ns]   0.00ns   0.00ns   0.00ns
                               'fj':         0 [  0.00ns,   0.00ns]   0.00ns   0.00ns   0.00ns         0 [  0.00ns,   0.00ns]   0.00ns   0.00ns   0.00ns
                               'fj':         0 [  0.00ns,   0.00ns]   0.00ns   0.00ns   0.00ns         0 [  0.00ns,   0.00ns]   0.00ns   0.00ns   0.00ns
                               'fj':         0 [  0.00ns,   0.00ns]   0.00ns   0.00ns   0.00ns         0 [  0.00ns,   0.00ns]   0.00ns   0.00ns   0.00ns
                               'fj':         0 [  0.00ns,   0.00ns]   0.00ns   0.00ns   0.00ns         0 [  0.00ns,   0.00ns]   0.00ns   0.00ns   0.00ns
                               'fj':         0 [  0.00ns,   0.00ns]   0.00ns   0.00ns   0.00ns         0 [  0.00ns,   0.00ns]   0.00ns   0.00ns   0.00ns
                               'fj':         0 [  0.00ns,   0.00ns]   0.00ns   0.00ns   0.00ns         0 [  0.00ns,   0.00ns]   0.00ns   0.00ns   0.00ns
                               'fj':         0 [  0.00ns,   0.00ns]   0.00ns   0.00ns   0.00ns         0 [  0.00ns,   0.00ns]   0.00ns   0.00ns   0.00ns
                               'fj':         0 [  0.00ns,   0.00ns]   0.00ns   0.00ns   0.00ns         0 [  0.00ns,   0.00ns]   0.00ns   0.00ns   0.00ns
                               'fj':         0 [  0.00ns,   0.00ns]   0.00ns   0.00ns   0.00ns         0 [  0.00ns,   0.00ns]   0.00ns   0.00ns   0.00ns
                               'fj':         0 [  0.00ns,   0.00ns]   0.00ns   0.00ns   0.00ns         0 [  0.00ns,   0.00ns]   0.00ns   0.00ns   0.00ns
                               'fj':         0 [  0.00ns,   0.00ns]   0.00ns   0.00ns   0.00ns         0 [  0.00ns,   0.00ns]   0.00ns   0.00ns   0.00ns
                               'fj':         0 [  0.00ns,   0.00ns]   0.00ns   0.00ns   0.00ns         0 [  0.00ns,   0.00ns]   0.00ns   0.00ns   0.00ns
                               'fj':         0 [  0.00ns,   0.00ns]   0.00ns   0.00ns   0.00ns         0 [  0.00ns,   0.00ns]   0.00ns   0.00ns   0.00ns
                               'fj':         0 [  0.00ns,   0.00ns]   0.00ns   0.00ns   0.00ns         0 [  0.00ns,   0.00ns]   0.00ns   0.00ns   0.00ns
                               'fj':         0 [  0.00ns,   0.00ns]   0.00ns   0.00ns   0.00ns         0 [  0.00ns,   0.00ns]   0.00ns   0.00ns   0.00ns
                               'fj':         0 [  0.00ns,   0.00ns]   0.00ns   0.00ns   0.00ns         0 [  0.00ns,   0.00ns]   0.00ns   0.00ns   0.00ns
                               'fj':         0 [  0.00ns,   0.00ns]   0.00ns   0.00ns   0.00ns         0 [  0.00ns,   0.00ns]   0.00ns   0.00ns   0.00ns
                               'fj':         0 [  0.00ns,   0.00ns]   0.00ns   0.00ns   0.00ns         0 [  0.00ns,   0.00ns]   0.00ns   0.00ns   0.00ns
                               'fj':         0 [  0.00ns,   0.00ns]   0.00ns   0.00ns   0.00ns         0 [  0.00ns,   0.00ns]   0.00ns   0.00ns   0.00ns
                               'fj':         0 [  0.00ns,   0.00ns]   0.00ns   0.00ns   0.00ns         0 [  0.00ns,   0.00ns]   0.00ns   0.00ns   0.00ns
                               'fj':         0 [  0.00ns,   0.00ns]   0.00ns   0.00ns   0.00ns         0 [  0.00ns,   0.00ns]   0.00ns   0.00ns   0.00ns
                               'fj':         0 [  0.00ns,   0.00ns]   0.00ns   0.00ns   0.00ns         0 [  0.00ns,   0.00ns]   0.00ns   0.00ns   0.00ns
                               'fj':         0 [  0.00ns,   0.00ns]   0.00ns   0.00ns   0.00ns         0 [  0.00ns,   0.00ns]   0.00ns   0.00ns   0.00ns
                               'fj':         0 [  0.00ns,   0.00ns]   0.00ns   0.00ns   0.00ns         0 [  0.00ns,   0.00ns]   0.00ns   0.00ns   0.00ns
                           'fj_lin':         0 [  0.00ns,   0.00ns]   0.00ns   0.00ns   0.00ns         0 [  0.00ns,   0.00ns]   0.00ns   0.00ns   0.00ns
                           'fj_lin':         0 [  0.00ns,   0.00ns]   0.00ns   0.00ns   0.00ns         0 [  0.00ns,   0.00ns]   0.00ns   0.00ns   0.00ns
                           'fj_lin':         0 [  0.00ns,   0.00ns]   0.00ns   0.00ns   0.00ns         0 [  0.00ns,   0.00ns]   0.00ns   0.00ns   0.00ns
                           'fj_lin':         0 [  0.00ns,   0.00ns]   0.00ns   0.00ns   0.00ns         0 [  0.00ns,   0.00ns]   0.00ns   0.00ns   0.00ns
                           'fj_lin':         0 [  0.00ns,   0.00ns]   0.00ns   0.00ns   0.00ns         0 [  0.00ns,   0.00ns]   0.00ns   0.00ns   0.00ns
                           'fj_lin':         0 [  0.00ns,   0.00ns]   0.00ns   0.00ns   0.00ns         0 [  0.00ns,   0.00ns]   0.00ns   0.00ns   0.00ns
                           'fj_lin':         0 [  0.00ns,   0.00ns]   0.00ns   0.00ns   0.00ns         0 [  0.00ns,   0.00ns]   0.00ns   0.00ns   0.00ns
                           'fj_lin':         0 [  0.00ns,   0.00ns]   0.00ns   0.00ns   0.00ns         0 [  0.00ns,   0.00ns]   0.00ns   0.00ns   0.00ns
                           'fj_lin':         0 [  0.00ns,   0.00ns]   0.00ns   0.00ns   0.00ns         0 [  0.00ns,   0.00ns]   0.00ns   0.00ns   0.00ns
                           'fj_lin':         0 [  0.00ns,   0.00ns]   0.00ns   0.00ns   0.00ns         0 [  0.00ns,   0.00ns]   0.00ns   0.00ns   0.00ns
                           'fj_lin':         0 [  0.00ns,   0.00ns]   0.00ns   0.00ns   0.00ns         0 [  0.00ns,   0.00ns]   0.00ns   0.00ns   0.00ns
                           'fj_lin':         0 [  0.00ns,   0.00ns]   0.00ns   0.00ns   0.00ns         0 [  0.00ns,   0.00ns]   0.00ns   0.00ns   0.00ns
                        'fs_random':         0 [  0.00ns,   0.00ns]   0.00ns   0.00ns   0.00ns         0 [  0.00ns,   0.00ns]   0.00ns   0.00ns   0.00ns
                        'fs_random':         0 [  0.00ns,   0.00ns]   0.00ns   0.00ns   0.00ns         0 [  0.00ns,   0.00ns]   0.00ns   0.00ns   0.00ns
                        'fs_random':         0 [  0.00ns,   0.00ns]   0.00ns   0.00ns   0.00ns         0 [  0.00ns,   0.00ns]   0.00ns   0.00ns   0.00ns
                        'fs_random':         0 [  0.00ns,   0.00ns]   0.00ns   0.00ns   0.00ns         0 [  0.00ns,   0.00ns]   0.00ns   0.00ns   0.00ns
                        'fs_random':         0 [  0.00ns,   0.00ns]   0.00ns   0.00ns   0.00ns         0 [  0.00ns,   0.00ns]   0.00ns   0.00ns   0.00ns
                        'fs_random':         0 [  0.00ns,   0.00ns]   0.00ns   0.00ns   0.00ns         0 [  0.00ns,   0.00ns]   0.00ns   0.00ns   0.00ns
                        'fs_random':         0 [  0.00ns,   0.00ns]   0.00ns   0.00ns   0.00ns         0 [  0.00ns,   0.00ns]   0.00ns   0.00ns   0.00ns
                        'fs_random':         0 [  0.00ns,   0.00ns]   0.00ns   0.00ns   0.00ns         0 [  0.00ns,   0.00ns]   0.00ns   0.00ns   0.00ns
                        'fs_random':         0 [  0.00ns,   0.00ns]   0.00ns   0.00ns   0.00ns         0 [  0.00ns,   0.00ns]   0.00ns   0.00ns   0.00ns
                        'fs_random':         0 [  0.00ns,   0.00ns]   0.00ns   0.00ns   0.00ns         0 [  0.00ns,   0.00ns]   0.00ns   0.00ns   0.00ns
                        'fs_random':         0 [  0.00ns,   0.00ns]   0.00ns   0.00ns   0.00ns         0 [  0.00ns,   0.00ns]   0.00ns   0.00ns   0.00ns
                        'fs_random':         0 [  0.00ns,   0.00ns]   0.00ns   0.00ns   0.00ns         0 [  0.00ns,   0.00ns]   0.00ns   0.00ns   0.00ns
                  'fs_random_no_lp':         0 [  0.00ns,   0.00ns]   0.00ns   0.00ns   0.00ns         0 [  0.00ns,   0.00ns]   0.00ns   0.00ns   0.00ns
                  'fs_random_no_lp':         0 [  0.00ns,   0.00ns]   0.00ns   0.00ns   0.00ns         0 [  0.00ns,   0.00ns]   0.00ns   0.00ns   0.00ns
                  'fs_random_no_lp':         0 [  0.00ns,   0.00ns]   0.00ns   0.00ns   0.00ns         0 [  0.00ns,   0.00ns]   0.00ns   0.00ns   0.00ns
                  'fs_random_no_lp':         0 [  0.00ns,   0.00ns]   0.00ns   0.00ns   0.00ns         0 [  0.00ns,   0.00ns]   0.00ns   0.00ns   0.00ns
                  'fs_random_no_lp':         0 [  0.00ns,   0.00ns]   0.00ns   0.00ns   0.00ns         0 [  0.00ns,   0.00ns]   0.00ns   0.00ns   0.00ns
                  'fs_random_no_lp':         0 [  0.00ns,   0.00ns]   0.00ns   0.00ns   0.00ns         0 [  0.00ns,   0.00ns]   0.00ns   0.00ns   0.00ns
                  'fs_random_no_lp':         0 [  0.00ns,   0.00ns]   0.00ns   0.00ns   0.00ns         0 [  0.00ns,   0.00ns]   0.00ns   0.00ns   0.00ns
                  'fs_random_no_lp':         0 [  0.00ns,   0.00ns]   0.00ns   0.00ns   0.00ns         0 [  0.00ns,   0.00ns]   0.00ns   0.00ns   0.00ns
                  'fs_random_no_lp':         0 [  0.00ns,   0.00ns]   0.00ns   0.00ns   0.00ns         0 [  0.00ns,   0.00ns]   0.00ns   0.00ns   0.00ns
                  'fs_random_no_lp':         0 [  0.00ns,   0.00ns]   0.00ns   0.00ns   0.00ns         0 [  0.00ns,   0.00ns]   0.00ns   0.00ns   0.00ns
                  'fs_random_no_lp':         0 [  0.00ns,   0.00ns]   0.00ns   0.00ns   0.00ns         0 [  0.00ns,   0.00ns]   0.00ns   0.00ns   0.00ns
                  'fs_random_no_lp':         0 [  0.00ns,   0.00ns]   0.00ns   0.00ns   0.00ns         0 [  0.00ns,   0.00ns]   0.00ns   0.00ns   0.00ns
                  'fs_random_no_lp':         0 [  0.00ns,   0.00ns]   0.00ns   0.00ns   0.00ns         0 [  0.00ns,   0.00ns]   0.00ns   0.00ns   0.00ns
          'fs_random_quick_restart':         0 [  0.00ns,   0.00ns]   0.00ns   0.00ns   0.00ns         0 [  0.00ns,   0.00ns]   0.00ns   0.00ns   0.00ns
          'fs_random_quick_restart':         0 [  0.00ns,   0.00ns]   0.00ns   0.00ns   0.00ns         0 [  0.00ns,   0.00ns]   0.00ns   0.00ns   0.00ns
          'fs_random_quick_restart':         0 [  0.00ns,   0.00ns]   0.00ns   0.00ns   0.00ns         0 [  0.00ns,   0.00ns]   0.00ns   0.00ns   0.00ns
          'fs_random_quick_restart':         0 [  0.00ns,   0.00ns]   0.00ns   0.00ns   0.00ns         0 [  0.00ns,   0.00ns]   0.00ns   0.00ns   0.00ns
          'fs_random_quick_restart':         0 [  0.00ns,   0.00ns]   0.00ns   0.00ns   0.00ns         0 [  0.00ns,   0.00ns]   0.00ns   0.00ns   0.00ns
          'fs_random_quick_restart':         0 [  0.00ns,   0.00ns]   0.00ns   0.00ns   0.00ns         0 [  0.00ns,   0.00ns]   0.00ns   0.00ns   0.00ns
          'fs_random_quick_restart':         0 [  0.00ns,   0.00ns]   0.00ns   0.00ns   0.00ns         0 [  0.00ns,   0.00ns]   0.00ns   0.00ns   0.00ns
          'fs_random_quick_restart':         0 [  0.00ns,   0.00ns]   0.00ns   0.00ns   0.00ns         0 [  0.00ns,   0.00ns]   0.00ns   0.00ns   0.00ns
          'fs_random_quick_restart':         0 [  0.00ns,   0.00ns]   0.00ns   0.00ns   0.00ns         0 [  0.00ns,   0.00ns]   0.00ns   0.00ns   0.00ns
          'fs_random_quick_restart':         0 [  0.00ns,   0.00ns]   0.00ns   0.00ns   0.00ns         0 [  0.00ns,   0.00ns]   0.00ns   0.00ns   0.00ns
          'fs_random_quick_restart':         0 [  0.00ns,   0.00ns]   0.00ns   0.00ns   0.00ns         0 [  0.00ns,   0.00ns]   0.00ns   0.00ns   0.00ns
          'fs_random_quick_restart':         0 [  0.00ns,   0.00ns]   0.00ns   0.00ns   0.00ns         0 [  0.00ns,   0.00ns]   0.00ns   0.00ns   0.00ns
    'fs_random_quick_restart_no_lp':         0 [  0.00ns,   0.00ns]   0.00ns   0.00ns   0.00ns         0 [  0.00ns,   0.00ns]   0.00ns   0.00ns   0.00ns
    'fs_random_quick_restart_no_lp':         0 [  0.00ns,   0.00ns]   0.00ns   0.00ns   0.00ns         0 [  0.00ns,   0.00ns]   0.00ns   0.00ns   0.00ns
    'fs_random_quick_restart_no_lp':         0 [  0.00ns,   0.00ns]   0.00ns   0.00ns   0.00ns         0 [  0.00ns,   0.00ns]   0.00ns   0.00ns   0.00ns
    'fs_random_quick_restart_no_lp':         0 [  0.00ns,   0.00ns]   0.00ns   0.00ns   0.00ns         0 [  0.00ns,   0.00ns]   0.00ns   0.00ns   0.00ns
    'fs_random_quick_restart_no_lp':         0 [  0.00ns,   0.00ns]   0.00ns   0.00ns   0.00ns         0 [  0.00ns,   0.00ns]   0.00ns   0.00ns   0.00ns
    'fs_random_quick_restart_no_lp':         0 [  0.00ns,   0.00ns]   0.00ns   0.00ns   0.00ns         0 [  0.00ns,   0.00ns]   0.00ns   0.00ns   0.00ns
    'fs_random_quick_restart_no_lp':         0 [  0.00ns,   0.00ns]   0.00ns   0.00ns   0.00ns         0 [  0.00ns,   0.00ns]   0.00ns   0.00ns   0.00ns
    'fs_random_quick_restart_no_lp':         0 [  0.00ns,   0.00ns]   0.00ns   0.00ns   0.00ns         0 [  0.00ns,   0.00ns]   0.00ns   0.00ns   0.00ns
    'fs_random_quick_restart_no_lp':         0 [  0.00ns,   0.00ns]   0.00ns   0.00ns   0.00ns         0 [  0.00ns,   0.00ns]   0.00ns   0.00ns   0.00ns
    'fs_random_quick_restart_no_lp':         0 [  0.00ns,   0.00ns]   0.00ns   0.00ns   0.00ns         0 [  0.00ns,   0.00ns]   0.00ns   0.00ns   0.00ns
    'fs_random_quick_restart_no_lp':         0 [  0.00ns,   0.00ns]   0.00ns   0.00ns   0.00ns         0 [  0.00ns,   0.00ns]   0.00ns   0.00ns   0.00ns
    'fs_random_quick_restart_no_lp':         0 [  0.00ns,   0.00ns]   0.00ns   0.00ns   0.00ns         0 [  0.00ns,   0.00ns]   0.00ns   0.00ns   0.00ns
                    'graph_arc_lns':         7 [  4.56ms, 140.92ms]  66.70ms  60.38ms 466.87ms         7 [101.85us,  42.89ms]  12.34ms  14.93ms  86.39ms
                    'graph_cst_lns':        10 [  2.18ms, 164.25ms]  45.31ms  50.28ms 453.07ms         9 [ 18.12us,  24.07ms]   6.30ms   7.48ms  56.71ms
                    'graph_dec_lns':        10 [  1.95ms, 129.34ms]  44.63ms  40.12ms 446.25ms        10 [ 14.46us,  15.88ms]   4.62ms   4.84ms  46.17ms
                    'graph_var_lns':        11 [  4.82ms, 139.66ms]  32.14ms  38.72ms 353.50ms        11 [ 52.92us,  20.14ms]   4.97ms   6.46ms  54.70ms
                     'lb_relax_lns':         6 [188.87us, 178.64ms]  96.22ms  65.25ms 577.30ms         5 [  3.13ms,  34.46ms]  16.55ms  10.17ms  82.76ms
                   'lb_tree_search':         1 [187.76ms, 187.76ms] 187.76ms   0.00ns 187.76ms         1 [ 16.69ms,  16.69ms]  16.69ms   0.00ns  16.69ms
                               'ls':         4 [371.37us,  93.92ms]  39.47ms  34.23ms 157.89ms         3 [ 41.08ms, 100.01ms]  76.84ms  25.65ms 230.53ms
                               'ls':         5 [271.96us,  82.23ms]  31.34ms  36.61ms 156.70ms         5 [339.04us, 100.05ms]  42.09ms  47.38ms 210.47ms
                               'ls':         5 [795.47us,  69.77ms]  31.76ms  27.45ms 158.81ms         5 [  1.40ms, 100.05ms]  45.44ms  40.62ms 227.21ms
                               'ls':         6 [349.95us,  63.85ms]  25.52ms  24.03ms 153.13ms         6 [128.06us, 100.05ms]  49.81ms  42.75ms 298.87ms
                               'ls':         6 [583.68us,  95.88ms]  28.83ms  32.40ms 173.00ms         6 [941.12us, 100.02ms]  36.23ms  33.62ms 217.36ms
                               'ls':         7 [307.95us,  91.78ms]  21.27ms  32.51ms 148.90ms         7 [218.12us, 100.04ms]  26.20ms  35.08ms 183.39ms
                               'ls':         7 [675.38us,  64.62ms]  22.36ms  23.39ms 156.52ms         7 [432.83us, 100.00ms]  41.84ms  43.72ms 292.89ms
                               'ls':         7 [894.35us,  95.21ms]  22.43ms  31.27ms 156.98ms         7 [  1.71ms, 100.01ms]  25.70ms  32.57ms 179.91ms
                               'ls':         8 [184.38us,  46.54ms]  20.89ms  18.28ms 167.15ms         8 [238.62us, 100.04ms]  43.33ms  42.46ms 346.64ms
                               'ls':         9 [ 62.52us,  86.80ms]  16.40ms  26.47ms 147.58ms         8 [740.90us, 100.05ms]  22.69ms  32.38ms 181.56ms
                               'ls':         9 [285.53us,  84.27ms]  16.71ms  29.20ms 150.43ms         9 [237.00us, 100.11ms]  23.82ms  40.78ms 214.35ms
                               'ls':         9 [304.63us,  86.38ms]  16.61ms  27.25ms 149.45ms         8 [856.33us, 100.05ms]  26.22ms  34.48ms 209.73ms
                               'ls':        10 [ 75.63us,  37.58ms]  14.91ms  15.13ms 149.12ms         8 [  1.17ms, 100.05ms]  51.52ms  42.11ms 412.13ms
                               'ls':        10 [ 77.64us,  84.49ms]  14.73ms  23.92ms 147.29ms         9 [238.83us, 100.03ms]  23.64ms  28.92ms 212.73ms
                               'ls':        10 [140.28us,  48.24ms]  17.54ms  17.81ms 175.44ms         9 [306.13us, 100.07ms]  37.71ms  38.23ms 339.41ms
                               'ls':        11 [846.23us,  55.35ms]  13.69ms  15.58ms 150.64ms        11 [928.15us, 100.05ms]  26.23ms  29.30ms 288.54ms
                               'ls':        13 [272.12us,  86.49ms]  11.73ms  23.41ms 152.51ms        12 [180.56us,  91.94ms]  16.10ms  27.48ms 193.17ms
                               'ls':        14 [147.05us,  95.30ms]  10.49ms  25.32ms 146.81ms        12 [172.20us, 100.01ms]  18.93ms  36.45ms 227.13ms
                               'ls':        17 [ 53.65us,  39.77ms]   8.44ms  13.15ms 143.50ms        15 [396.67us, 100.03ms]  24.45ms  38.94ms 366.77ms
                           'ls_lin':         3 [ 25.41ms,  84.24ms]  55.69ms  24.05ms 167.07ms         3 [ 28.76ms, 100.13ms]  76.32ms  33.63ms 228.96ms
                           'ls_lin':         7 [148.55us,  74.63ms]  23.29ms  23.03ms 163.03ms         6 [ 14.01ms, 100.05ms]  38.48ms  28.96ms 230.86ms
                           'ls_lin':         7 [328.46us,  79.65ms]  21.71ms  32.36ms 151.94ms         7 [155.61us, 100.07ms]  29.20ms  42.47ms 204.40ms
                           'ls_lin':         8 [  1.82ms,  86.76ms]  19.76ms  26.04ms 158.11ms         8 [  4.03ms,  96.95ms]  29.74ms  30.55ms 237.92ms
                           'ls_lin':         8 [152.42us,  50.14ms]  20.82ms  20.35ms 166.58ms         6 [  1.48ms, 100.08ms]  61.71ms  43.65ms 370.27ms
                           'ls_lin':         8 [153.27us,  84.89ms]  19.64ms  27.77ms 157.10ms         7 [282.78us, 100.05ms]  34.25ms  41.49ms 239.76ms
                           'ls_lin':         9 [178.59us,  76.04ms]  17.36ms  25.14ms 156.26ms         7 [114.30us,  91.13ms]  29.32ms  32.53ms 205.25ms
                           'ls_lin':        12 [ 99.53us,  74.74ms]  11.95ms  20.92ms 143.34ms        11 [ 59.85us, 100.03ms]  17.77ms  28.21ms 195.49ms
                           'ls_lin':        13 [ 69.69us,  81.20ms]  11.77ms  23.42ms 153.01ms        12 [248.78us, 100.11ms]  19.51ms  36.18ms 234.13ms
                           'ls_lin':        15 [144.27us,  80.62ms]  10.00ms  21.03ms 149.99ms        13 [395.11us, 100.02ms]  16.18ms  28.13ms 210.40ms
                           'max_lp':         1 [184.52ms, 184.52ms] 184.52ms   0.00ns 184.52ms         0 [  0.00ns,   0.00ns]   0.00ns   0.00ns   0.00ns
                            'no_lp':         1 [184.50ms, 184.50ms] 184.50ms   0.00ns 184.50ms         0 [  0.00ns,   0.00ns]   0.00ns   0.00ns   0.00ns
              'objective_lb_search':         1 [181.70ms, 181.70ms] 181.70ms   0.00ns 181.70ms         0 [  0.00ns,   0.00ns]   0.00ns   0.00ns   0.00ns
       'objective_lb_search_max_lp':         1 [186.90ms, 186.90ms] 186.90ms   0.00ns 186.90ms         1 [ 11.90ms,  11.90ms]  11.90ms   0.00ns  11.90ms
        'objective_lb_search_no_lp':         1 [181.29ms, 181.29ms] 181.29ms   0.00ns 181.29ms         0 [  0.00ns,   0.00ns]   0.00ns   0.00ns   0.00ns
         'objective_shaving_max_lp':        30 [345.90us,  11.18ms]   4.57ms   3.17ms 137.09ms        20 [ 24.95us,  36.87us]  32.34us   3.13us 646.81us
          'objective_shaving_no_lp':        30 [325.11us,  10.37ms]   4.58ms   3.33ms 137.37ms        21 [ 11.18us,  35.89us]  30.27us   4.74us 635.58us
                          'probing':         1 [188.13ms, 188.13ms] 188.13ms   0.00ns 188.13ms         1 [  6.25ms,   6.25ms]   6.25ms   0.00ns   6.25ms
                   'probing_max_lp':         1 [185.58ms, 185.58ms] 185.58ms   0.00ns 185.58ms         1 [  3.91ms,   3.91ms]   3.91ms   0.00ns   3.91ms
                    'probing_no_lp':         1 [181.29ms, 181.29ms] 181.29ms   0.00ns 181.29ms         1 [ 24.42ms,  24.42ms]  24.42ms   0.00ns  24.42ms
                     'pseudo_costs':         1 [189.38ms, 189.38ms] 189.38ms   0.00ns 189.38ms         1 [ 28.92ms,  28.92ms]  28.92ms   0.00ns  28.92ms
                    'quick_restart':         1 [184.31ms, 184.31ms] 184.31ms   0.00ns 184.31ms         0 [  0.00ns,   0.00ns]   0.00ns   0.00ns   0.00ns
              'quick_restart_no_lp':         1 [183.90ms, 183.90ms] 183.90ms   0.00ns 183.90ms         0 [  0.00ns,   0.00ns]   0.00ns   0.00ns   0.00ns
                    'reduced_costs':         1 [189.90ms, 189.90ms] 189.90ms   0.00ns 189.90ms         1 [ 24.23ms,  24.23ms]  24.23ms   0.00ns  24.23ms
                        'rins/rens':         5 [259.73us, 155.20ms]  91.31ms  56.53ms 456.57ms         4 [ 10.51ms,  16.11ms]  13.25ms   2.34ms  53.00ms
                      'rnd_cst_lns':        11 [  2.12ms, 118.00ms]  39.70ms  42.23ms 436.65ms        10 [ 18.15us,  11.00ms]   4.13ms   4.48ms  41.27ms
                      'rnd_var_lns':        10 [  2.19ms, 127.35ms]  40.63ms  36.51ms 406.26ms        10 [ 14.43us,  27.18ms]   6.95ms   8.07ms  69.50ms
         'scheduling_intervals_lns':         5 [  4.77ms, 178.44ms] 106.73ms  61.04ms 533.64ms         4 [ 11.48ms,  24.81ms]  17.88ms   5.25ms  71.53ms
       'scheduling_precedences_lns':         4 [109.65ms, 181.96ms] 146.03ms  26.62ms 584.11ms         4 [ 13.22ms,  34.34ms]  22.67ms   7.65ms  90.69ms
  'scheduling_resource_windows_lns':         4 [105.64ms, 178.23ms] 142.82ms  26.27ms 571.28ms         4 [ 14.43ms,  43.52ms]  26.25ms  10.79ms 104.99ms
       'scheduling_time_window_lns':         5 [  5.84ms, 182.08ms] 102.59ms  64.38ms 512.95ms         4 [  8.31ms,  23.90ms]  16.05ms   6.37ms  64.19ms
                'variables_shaving':        82 [  3.38ms,  38.76ms]   9.58ms   7.69ms 785.87ms        81 [ 11.74us,   5.22ms] 407.86us 699.17us  33.04ms
         'variables_shaving_max_lp':        11 [ 13.09ms,  93.74ms]  38.44ms  28.23ms 422.84ms        11 [ 46.82us,  15.27ms]   4.34ms   4.20ms  47.76ms
          'variables_shaving_no_lp':        81 [  2.70ms,  81.93ms]  11.65ms  12.00ms 943.38ms        81 [  8.64us,   4.96ms] 651.53us 886.83us  52.77ms

Search stats                        Bools  Conflicts  Branches  Restarts  BoolPropag  IntegerPropag
                           'core':  1'204        301     7'480     1'654     747'771        153'660
                     'default_lp':    523        449     1'376       281      24'313        165'099
                          'fixed':    581        829     3'234       286      57'955        262'788
                      'fs_random':      0          0         0         0           0              0
                      'fs_random':      0          0         0         0           0              0
                      'fs_random':      0          0         0         0           0              0
                      'fs_random':      0          0         0         0           0              0
                      'fs_random':      0          0         0         0           0              0
                      'fs_random':      0          0         0         0           0              0
                      'fs_random':      0          0         0         0           0              0
                      'fs_random':      0          0         0         0           0              0
                      'fs_random':      0          0         0         0           0              0
                      'fs_random':      0          0         0         0           0              0
                      'fs_random':      0          0         0         0           0              0
                      'fs_random':      0          0         0         0           0              0
                'fs_random_no_lp':      0          0         0         0           0              0
                'fs_random_no_lp':      0          0         0         0           0              0
                'fs_random_no_lp':      0          0         0         0           0              0
                'fs_random_no_lp':      0          0         0         0           0              0
                'fs_random_no_lp':      0          0         0         0           0              0
                'fs_random_no_lp':      0          0         0         0           0              0
                'fs_random_no_lp':      0          0         0         0           0              0
                'fs_random_no_lp':      0          0         0         0           0              0
                'fs_random_no_lp':      0          0         0         0           0              0
                'fs_random_no_lp':      0          0         0         0           0              0
                'fs_random_no_lp':      0          0         0         0           0              0
                'fs_random_no_lp':      0          0         0         0           0              0
                'fs_random_no_lp':      0          0         0         0           0              0
        'fs_random_quick_restart':      0          0         0         0           0              0
        'fs_random_quick_restart':      0          0         0         0           0              0
        'fs_random_quick_restart':      0          0         0         0           0              0
        'fs_random_quick_restart':      0          0         0         0           0              0
        'fs_random_quick_restart':      0          0         0         0           0              0
        'fs_random_quick_restart':      0          0         0         0           0              0
        'fs_random_quick_restart':      0          0         0         0           0              0
        'fs_random_quick_restart':      0          0         0         0           0              0
        'fs_random_quick_restart':      0          0         0         0           0              0
        'fs_random_quick_restart':      0          0         0         0           0              0
        'fs_random_quick_restart':      0          0         0         0           0              0
        'fs_random_quick_restart':      0          0         0         0           0              0
  'fs_random_quick_restart_no_lp':      0          0         0         0           0              0
  'fs_random_quick_restart_no_lp':      0          0         0         0           0              0
  'fs_random_quick_restart_no_lp':      0          0         0         0           0              0
  'fs_random_quick_restart_no_lp':      0          0         0         0           0              0
  'fs_random_quick_restart_no_lp':      0          0         0         0           0              0
  'fs_random_quick_restart_no_lp':      0          0         0         0           0              0
  'fs_random_quick_restart_no_lp':      0          0         0         0           0              0
  'fs_random_quick_restart_no_lp':      0          0         0         0           0              0
  'fs_random_quick_restart_no_lp':      0          0         0         0           0              0
  'fs_random_quick_restart_no_lp':      0          0         0         0           0              0
  'fs_random_quick_restart_no_lp':      0          0         0         0           0              0
  'fs_random_quick_restart_no_lp':      0          0         0         0           0              0
                 'lb_tree_search':    684         30     4'210     2'185      10'853         38'424
                         'max_lp':    562        315     1'701       399      21'873        122'419
                          'no_lp':    479        472     2'860       416      18'504        268'509
            'objective_lb_search':    416        555     1'667       373      22'582        296'423
     'objective_lb_search_max_lp':    689         64     2'448     2'225      10'025         55'761
      'objective_lb_search_no_lp':    418        690     2'225       323      32'434        311'269
                        'probing':    886         26     1'746     1'746      16'999         32'403
                 'probing_max_lp':    726         18     1'434     1'434       1'127         12'939
                  'probing_no_lp':  1'015        198     4'141     2'582      64'366        122'440
                   'pseudo_costs':    132        218     1'333       337       7'951        123'781
                  'quick_restart':    792        381     5'096       724      43'594        240'979
            'quick_restart_no_lp':  1'400        867     7'418       896     141'087        376'993
                  'reduced_costs':    789        159     2'962     2'187      16'508         95'874

SAT stats                           ClassicMinim  LitRemoved  LitLearned  LitForgotten  Subsumed  MClauses  MDecisions  MLitTrue  MSubsumed  MLitRemoved  MReused
                           'core':            16          28          83             0         0     2'888       3'646         0        392        1'176    1'755
                     'default_lp':           333         902       5'454             0        15         0           0         0          0            0        0
                          'fixed':           725       1'739       5'145             0         7         0           0         0          0            0        0
                      'fs_random':             0           0           0             0         0         0           0         0          0            0        0
                      'fs_random':             0           0           0             0         0         0           0         0          0            0        0
                      'fs_random':             0           0           0             0         0         0           0         0          0            0        0
                      'fs_random':             0           0           0             0         0         0           0         0          0            0        0
                      'fs_random':             0           0           0             0         0         0           0         0          0            0        0
                      'fs_random':             0           0           0             0         0         0           0         0          0            0        0
                      'fs_random':             0           0           0             0         0         0           0         0          0            0        0
                      'fs_random':             0           0           0             0         0         0           0         0          0            0        0
                      'fs_random':             0           0           0             0         0         0           0         0          0            0        0
                      'fs_random':             0           0           0             0         0         0           0         0          0            0        0
                      'fs_random':             0           0           0             0         0         0           0         0          0            0        0
                      'fs_random':             0           0           0             0         0         0           0         0          0            0        0
                'fs_random_no_lp':             0           0           0             0         0         0           0         0          0            0        0
                'fs_random_no_lp':             0           0           0             0         0         0           0         0          0            0        0
                'fs_random_no_lp':             0           0           0             0         0         0           0         0          0            0        0
                'fs_random_no_lp':             0           0           0             0         0         0           0         0          0            0        0
                'fs_random_no_lp':             0           0           0             0         0         0           0         0          0            0        0
                'fs_random_no_lp':             0           0           0             0         0         0           0         0          0            0        0
                'fs_random_no_lp':             0           0           0             0         0         0           0         0          0            0        0
                'fs_random_no_lp':             0           0           0             0         0         0           0         0          0            0        0
                'fs_random_no_lp':             0           0           0             0         0         0           0         0          0            0        0
                'fs_random_no_lp':             0           0           0             0         0         0           0         0          0            0        0
                'fs_random_no_lp':             0           0           0             0         0         0           0         0          0            0        0
                'fs_random_no_lp':             0           0           0             0         0         0           0         0          0            0        0
                'fs_random_no_lp':             0           0           0             0         0         0           0         0          0            0        0
        'fs_random_quick_restart':             0           0           0             0         0         0           0         0          0            0        0
        'fs_random_quick_restart':             0           0           0             0         0         0           0         0          0            0        0
        'fs_random_quick_restart':             0           0           0             0         0         0           0         0          0            0        0
        'fs_random_quick_restart':             0           0           0             0         0         0           0         0          0            0        0
        'fs_random_quick_restart':             0           0           0             0         0         0           0         0          0            0        0
        'fs_random_quick_restart':             0           0           0             0         0         0           0         0          0            0        0
        'fs_random_quick_restart':             0           0           0             0         0         0           0         0          0            0        0
        'fs_random_quick_restart':             0           0           0             0         0         0           0         0          0            0        0
        'fs_random_quick_restart':             0           0           0             0         0         0           0         0          0            0        0
        'fs_random_quick_restart':             0           0           0             0         0         0           0         0          0            0        0
        'fs_random_quick_restart':             0           0           0             0         0         0           0         0          0            0        0
        'fs_random_quick_restart':             0           0           0             0         0         0           0         0          0            0        0
  'fs_random_quick_restart_no_lp':             0           0           0             0         0         0           0         0          0            0        0
  'fs_random_quick_restart_no_lp':             0           0           0             0         0         0           0         0          0            0        0
  'fs_random_quick_restart_no_lp':             0           0           0             0         0         0           0         0          0            0        0
  'fs_random_quick_restart_no_lp':             0           0           0             0         0         0           0         0          0            0        0
  'fs_random_quick_restart_no_lp':             0           0           0             0         0         0           0         0          0            0        0
  'fs_random_quick_restart_no_lp':             0           0           0             0         0         0           0         0          0            0        0
  'fs_random_quick_restart_no_lp':             0           0           0             0         0         0           0         0          0            0        0
  'fs_random_quick_restart_no_lp':             0           0           0             0         0         0           0         0          0            0        0
  'fs_random_quick_restart_no_lp':             0           0           0             0         0         0           0         0          0            0        0
  'fs_random_quick_restart_no_lp':             0           0           0             0         0         0           0         0          0            0        0
  'fs_random_quick_restart_no_lp':             0           0           0             0         0         0           0         0          0            0        0
  'fs_random_quick_restart_no_lp':             0           0           0             0         0         0           0         0          0            0        0
                 'lb_tree_search':             2           4         171             0         0        20          47         0          0            0        1
                         'max_lp':           308         843       2'007             0         1         0           0         0          0            0        0
                          'no_lp':           464       2'135       4'022             0         0         3           6         0          1            4        3
            'objective_lb_search':           465       1'190       2'039             0        11        88         204         0         50          246       35
     'objective_lb_search_max_lp':             3           6          78             0         2         0           0         0          0            0        0
      'objective_lb_search_no_lp':           569       1'710       2'705             0        11        27          69         0          7           32       25
                        'probing':             0           0          26             0         0         0           0         0          0            0        0
                 'probing_max_lp':             0           0          18             0         0         0           0         0          0            0        0
                  'probing_no_lp':            45         109         352             0         5         0           0         0          0            0        0
                   'pseudo_costs':            13          13         837             0        39       160         360         3         68          269       17
                  'quick_restart':           176         377       1'835             0         4        24          57         0          8           42        7
            'quick_restart_no_lp':            41          84       2'080             0         0         1           2         0          1            5        0
                  'reduced_costs':            37          70         381             0         0         0           0         0          0            0        0

Lp stats                         Component  Iterations  AddedCuts  OPTIMAL  DUAL_F.  DUAL_U.
                  'default_lp':         17         109          0    2'215        0        0
                       'fixed':         17         166          0    2'034        0        0
              'lb_tree_search':          1         851        248      604        3        0
                      'max_lp':          1       1'854        160      785        8        0
         'objective_lb_search':         17         155          0    2'096        0        0
  'objective_lb_search_max_lp':          1         233        199       62        0        0
                     'probing':         17         126          0   21'583        0        0
              'probing_max_lp':          1         151         99       54        0        0
                'pseudo_costs':          1         922        222      534        0        0
               'quick_restart':         17         160          0    3'072        0        0
               'reduced_costs':          1         429        212      437        0        0

Lp dimension                     Final dimension of first component
                  'default_lp':        2 rows, 5 columns, 4 entries
                       'fixed':        2 rows, 5 columns, 4 entries
              'lb_tree_search':  191 rows, 148 columns, 568 entries
                      'max_lp':  159 rows, 148 columns, 415 entries
         'objective_lb_search':        2 rows, 5 columns, 4 entries
  'objective_lb_search_max_lp':  185 rows, 148 columns, 516 entries
                     'probing':        2 rows, 5 columns, 4 entries
              'probing_max_lp':  207 rows, 148 columns, 493 entries
                'pseudo_costs':  146 rows, 148 columns, 362 entries
               'quick_restart':        1 rows, 5 columns, 2 entries
               'reduced_costs':  163 rows, 148 columns, 405 entries

Lp debug                         CutPropag  CutEqPropag  Adjust  Overflow     Bad  BadScaling
                  'default_lp':          0            0       0         0       0           0
                       'fixed':          0            0       0         0       0           0
              'lb_tree_search':          0           10     428         0   6'390           0
                      'max_lp':          0            2      13         0   3'183           0
         'objective_lb_search':          0            0       0         0       0           0
  'objective_lb_search_max_lp':          0            9      19         0   9'870           0
                     'probing':          0            0       0         0       0           0
              'probing_max_lp':          0            3      53         0  18'193           0
                'pseudo_costs':          0            9     231         0  19'678           0
               'quick_restart':          0            0       0         0       0           0
               'reduced_costs':          0           12      33         0  15'391           0

Lp pool                          Constraints  Updates  Simplif  Merged  Shortened  Split  Strenghtened  Cuts/Call
                  'default_lp':          151        0        0       0          0      0             0        0/0
                       'fixed':          151        0        0       0          0      0             0        0/0
              'lb_tree_search':          355      689      388      44          0      0             8  248/5'715
                      'max_lp':          303      228      167       8          0      0             3  160/6'496
         'objective_lb_search':          151        0      133       0          0      0             0        0/0
  'objective_lb_search_max_lp':          342    1'049      373       8          0      0            29    199/625
                     'probing':          151        0        8       0          0      0             0        0/0
              'probing_max_lp':          249      132       55       1          0      0             1     99/584
                'pseudo_costs':          371    2'428      659       2          0      0            55  222/3'303
               'quick_restart':          151        0      462       0          0      0             0        0/0
               'reduced_costs':          352    1'736      779      11          0      0            21  212/2'214

Lp Cut                                                max_lp  probing_max_lp  reduced_costs  pseudo_costs  lb_tree_search  objective_lb_search_max_lp
                                              CG_FF:       -               -              2             2               -                           1
                                               CG_K:       2               -              6             6               3                           3
                                               CG_R:       1               -              7            21               1                          10
                                           MIR_1_FF:       -               -              -             1               1                           -
                                            MIR_1_K:       2               -              3             3               1                           2
                                            MIR_1_R:       3               -              3             1               -                           1
                                           MIR_2_FF:       -               -              2             1               -                           1
                                            MIR_2_K:       -               -              3             4               2                           2
                                            MIR_2_R:       1               -              3             3               1                           2
                                            MIR_3_R:       -               1              -             -               -                           3
                                            MIR_4_K:       1               -              -             -               -                           -
                                            MIR_4_R:       2               1              -             1               1                           1
                                            MIR_5_K:       -               1              -             -               -                           -
                                            MIR_5_R:       1               2              1             1               3                           1
                                            MIR_6_R:       1               1              1             -               1                           2
                  NoOverlapCompletionTimeExhaustive:      20              10             31            38              46                          23
           NoOverlapCompletionTimeExhaustive_lifted:      12               6             19            16              15                          12
  NoOverlapCompletionTimeExhaustive_lifted_weighted:      14              10             16            15              17                          15
         NoOverlapCompletionTimeExhaustive_weighted:      25              17             32            30              44                          41
                    NoOverlapCompletionTimeQueyrane:       8               4              9             6              11                          11
             NoOverlapCompletionTimeQueyrane_lifted:       8               7              7             7              12                           7
                        NoOverlapDetectedPrecedence:       4               -              6             8               6                           2
                        NoOverlapDisjunctionOnStart:      55              38             60            57              82                          56
                                        ZERO_HALF_R:       -               1              1             1               1                           3

LNS stats                             Improv/Calls  Closed  Difficulty  TimeLimit
                    'graph_arc_lns':           7/7     57%    7.75e-01       0.10
                    'graph_cst_lns':           6/9     78%    9.43e-01       0.10
                    'graph_dec_lns':          6/10     70%    9.26e-01       0.10
                    'graph_var_lns':          6/11     73%    9.46e-01       0.10
                     'lb_relax_lns':           5/5     20%    1.76e-01       0.50
                        'rins/rens':           4/5     40%    4.32e-01       0.10
                      'rnd_cst_lns':          6/10     90%    9.76e-01       0.10
                      'rnd_var_lns':          6/10     70%    9.26e-01       0.10
         'scheduling_intervals_lns':           4/4     25%    2.48e-01       0.10
       'scheduling_precedences_lns':           4/4     25%    1.86e-01       0.10
  'scheduling_resource_windows_lns':           4/4      0%    8.55e-02       0.10
       'scheduling_time_window_lns':           4/4     25%    2.48e-01       0.10

LS stats                                    Batches  Restarts/Perturbs  LinMoves  GenMoves  CompoundMoves  Bactracks  WeightUpdates  ScoreComputed
                       'ls_decay_perturb':       10                 11        37     7'534            167      1'977            817      1'535'529
                         'ls_lin_restart':       14                 14       150    11'166              0          0          5'566      3'133'206
                'ls_lin_restart_compound':       12                 12         0     6'997            191      3'403             92      1'092'112
        'ls_lin_restart_compound_perturb':        9                  9         0     2'039             87        976             24        259'503
                   'ls_lin_restart_decay':        9                  9        81     3'635              0          0            454        839'077
          'ls_lin_restart_decay_compound':       11                 11         0     9'017            445      4'283             94      1'426'635
  'ls_lin_restart_decay_compound_perturb':        7                  7         0     5'884            236      2'824             66        960'678
           'ls_lin_restart_decay_perturb':       16                 16       169     9'152              0          0          1'805      1'847'890
                 'ls_lin_restart_perturb':       12                 12       122    13'971              0          0          8'156      3'744'539
                             'ls_restart':       19                 19       206    10'523              0          0          7'857      2'759'236
                    'ls_restart_compound':       25                 25         0    30'039            708     14'663            409      4'151'209
            'ls_restart_compound_perturb':       28                 28         0    35'328            995     17'153            470      5'550'270
                       'ls_restart_decay':       23                 23       262    17'137              0          0          3'001      3'574'232
              'ls_restart_decay_compound':       14                 14         0    10'262            494      4'877            106      1'759'740
      'ls_restart_decay_compound_perturb':       14                 14         0    13'663            664      6'496            155      1'892'812
               'ls_restart_decay_perturb':       20                 20       184    22'346              0          0          3'933      4'363'607
                     'ls_restart_perturb':       14                 14       167    10'568              0          0         12'180      3'146'194

Solutions (85)                              Num     Rank
                                  'fixed':    1    [3,3]
                          'graph_cst_lns':    1  [70,70]
                          'graph_var_lns':    3   [7,79]
                            'ls_compound':    3  [34,39]
                         'ls_lin_restart':    2  [37,84]
                'ls_lin_restart_compound':    4  [14,25]
        'ls_lin_restart_compound_perturb':    5  [41,77]
                   'ls_lin_restart_decay':    2  [61,81]
          'ls_lin_restart_decay_compound':    2  [26,56]
  'ls_lin_restart_decay_compound_perturb':    2  [55,71]
           'ls_lin_restart_decay_perturb':    9  [17,80]
                 'ls_lin_restart_perturb':    1  [23,23]
                             'ls_restart':    2  [54,58]
                    'ls_restart_compound':    5   [5,74]
            'ls_restart_compound_perturb':   14   [8,75]
                       'ls_restart_decay':    5  [19,69]
              'ls_restart_decay_compound':    5  [24,82]
      'ls_restart_decay_compound_perturb':    2   [6,13]
               'ls_restart_decay_perturb':    6  [18,83]
                     'ls_restart_perturb':    3  [10,46]
                                  'no_lp':    2    [1,2]
                          'quick_restart':    2   [4,76]
                    'quick_restart_no_lp':    1  [40,40]
                          'rins_pump_lns':    1  [85,85]
                            'rnd_var_lns':    2  [67,68]

Objective bounds                Num
                  'bool_core':   93
             'initial_domain':    1
                     'max_lp':    3
        'objective_lb_search':   11
  'objective_lb_search_no_lp':    3

Solution repositories    Added  Queried  Synchro
  'feasible solutions':    438      437      228
   'fj solution hints':      0        0        0
        'lp solutions':     17        1       17
                'pump':     80        4

Improving bounds shared            Num  Sym
                  'default_lp':    441    0
                       'fixed':    316    0
              'lb_tree_search':    709    0
                      'max_lp':  1'063    0
                       'no_lp':    320    0
         'objective_lb_search':     14    0
  'objective_lb_search_max_lp':     15    0
   'objective_lb_search_no_lp':    161    0
              'probing_max_lp':      3    0
               'probing_no_lp':    938    0
                'pseudo_costs':  1'690    0
               'quick_restart':    583    0
         'quick_restart_no_lp':    365    0
               'reduced_costs':    414    0

CpSolverResponse summary:
status: OPTIMAL
objective: 5007
best_bound: 5007
integers: 0
booleans: 0
conflicts: 0
branches: 0
propagations: 0
integer_propagations: 0
restarts: 0
lp_iterations: 0
walltime: 0.20655
usertime: 0.20655
deterministic_time: 8.39292
gap_integral: 47.0232
solution_fingerprint: 0xf8df206c599818dc

