
Starting CP-SAT solver v9.14.6206
Parameters: max_time_in_seconds: 300 log_search_progress: true num_search_workers: 104 relative_gap_limit: 0.005

Initial optimization model '': (model_fingerprint: 0x3c3a575239d1307)
#Variables: 478 (#ints: 34 in objective) (420 primary variables)
  - 58 in [0,23653]
  - 20 in [8640,23653]
  - 400 in [10080,23653]
#kInterval: 213 (#fixed: 3)
#kLinMax: 58 (#expressions: 116)
#kLinear1: 24
#kLinear2: 186
#kNoOverlap: 10 (#intervals: 213, #fixed_intervals: 3)

Starting presolve at 0.00s
  7.62e-05s  0.00e+00d  [DetectDominanceRelations] 
  1.87e-03s  0.00e+00d  [PresolveToFixPoint] #num_loops=10 #num_dual_strengthening=1 
  2.60e-06s  0.00e+00d  [ExtractEncodingFromLinear] 
  1.16e-05s  0.00e+00d  [DetectDuplicateColumns] 
  6.24e-05s  0.00e+00d  [DetectDuplicateConstraints] 
[Symmetry] Graph for symmetry has 1'121 nodes and 1'053 arcs.
[Symmetry] Symmetry computation done. time: 8.4978e-05 dtime: 0.00012171
  6.85e-05s  0.00e+00d  [DetectDuplicateConstraintsWithDifferentEnforcements] 
  5.37e-04s  2.66e-06d  [Probe] #new_bounds=6 
  3.23e-06s  0.00e+00d  [MaxClique] 
  6.12e-05s  0.00e+00d  [DetectDominanceRelations] 
  3.86e-04s  0.00e+00d  [PresolveToFixPoint] #num_loops=2 #num_dual_strengthening=1 
  2.77e-05s  0.00e+00d  [ProcessAtMostOneAndLinear] 
  5.47e-05s  0.00e+00d  [DetectDuplicateConstraints] 
  5.04e-05s  0.00e+00d  [DetectDuplicateConstraintsWithDifferentEnforcements] 
  2.51e-05s  1.25e-06d  [DetectDominatedLinearConstraints] #relevant_constraints=209 
  2.87e-05s  0.00e+00d  [DetectDifferentVariables] 
  2.30e-06s  0.00e+00d  [ProcessSetPPC] 
  2.83e-06s  0.00e+00d  [FindAlmostIdenticalLinearConstraints] 
  1.09e-05s  0.00e+00d  [FindBigAtMostOneAndLinearOverlap] 
  1.64e-05s  7.48e-06d  [FindBigVerticalLinearOverlap] 
  2.09e-06s  0.00e+00d  [FindBigHorizontalLinearOverlap] 
  1.83e-06s  0.00e+00d  [MergeClauses] 
  5.67e-05s  0.00e+00d  [DetectDominanceRelations] 
  3.31e-04s  0.00e+00d  [PresolveToFixPoint] #num_loops=1 #num_dual_strengthening=1 
  5.42e-05s  0.00e+00d  [DetectDominanceRelations] 
  3.22e-04s  0.00e+00d  [PresolveToFixPoint] #num_loops=1 #num_dual_strengthening=1 
  1.02e-05s  0.00e+00d  [DetectDuplicateColumns] 
  5.18e-05s  0.00e+00d  [DetectDuplicateConstraints] 
[Symmetry] Graph for symmetry has 1'113 nodes and 1'044 arcs.
[Symmetry] Symmetry computation done. time: 7.2507e-05 dtime: 0.00012091
  5.18e-05s  0.00e+00d  [DetectDuplicateConstraintsWithDifferentEnforcements] 
  3.86e-04s  1.95e-06d  [Probe] 
  1.58e-06s  0.00e+00d  [MaxClique] 
  5.78e-05s  0.00e+00d  [DetectDominanceRelations] 
  3.52e-04s  0.00e+00d  [PresolveToFixPoint] #num_loops=1 #num_dual_strengthening=1 
  2.72e-05s  0.00e+00d  [ProcessAtMostOneAndLinear] 
  5.00e-05s  0.00e+00d  [DetectDuplicateConstraints] 
  5.04e-05s  0.00e+00d  [DetectDuplicateConstraintsWithDifferentEnforcements] 
  2.28e-05s  1.25e-06d  [DetectDominatedLinearConstraints] #relevant_constraints=209 
  2.74e-05s  0.00e+00d  [DetectDifferentVariables] 
  1.87e-06s  0.00e+00d  [ProcessSetPPC] 
  2.21e-06s  0.00e+00d  [FindAlmostIdenticalLinearConstraints] 
  1.03e-05s  0.00e+00d  [FindBigAtMostOneAndLinearOverlap] 
  1.49e-05s  7.48e-06d  [FindBigVerticalLinearOverlap] 
  1.67e-06s  0.00e+00d  [FindBigHorizontalLinearOverlap] 
  1.52e-06s  0.00e+00d  [MergeClauses] 
  5.66e-05s  0.00e+00d  [DetectDominanceRelations] 
  3.26e-04s  0.00e+00d  [PresolveToFixPoint] #num_loops=1 #num_dual_strengthening=1 
  1.12e-05s  0.00e+00d  [ExpandObjective] 

Presolve summary:
  - 221 affine relations were detected.
  - rule 'TODO dual: only one blocking constraint?' was applied 283 times.
  - rule 'TODO dual: only one unspecified blocking constraint?' was applied 138 times.
  - rule 'affine: new relation' was applied 221 times.
  - rule 'intervals: removed unused interval' was applied 3 times.
  - rule 'lin_max: converted abs to equality' was applied 10 times.
  - rule 'lin_max: converted to equality' was applied 2 times.
  - rule 'lin_max: propagate domain from x to abs(x)' was applied 10 times.
  - rule 'lin_max: removed exprs' was applied 2 times.
  - rule 'lin_max: rewrite with precedences' was applied 23 times.
  - rule 'lin_max: target domain reduced' was applied 48 times.
  - rule 'lin_max: unused affine target' was applied 23 times.
  - rule 'linear1: x in domain' was applied 18 times.
  - rule 'linear: always true' was applied 30 times.
  - rule 'linear: fixed or dup variables' was applied 1 time.
  - rule 'linear: reduced variable domains' was applied 1'119 times.
  - rule 'linear: remapped using affine relations' was applied 466 times.
  - rule 'no_overlap: split into disjoint components' was applied 3 times.
  - rule 'presolve: 1 unused variables removed.' was applied 1 time.
  - rule 'presolve: iteration' was applied 2 times.

Presolved optimization model '': (model_fingerprint: 0xfb4c284e249944df)
#Variables: 233 (#ints: 33 in objective) (210 primary variables)
  - 210 different domains in [0,23632] with a largest complexity of 1.
#kInterval: 210
#kLinear2: 209
#kNoOverlap: 10 (#intervals: 210)
[Symmetry] Graph for symmetry has 868 nodes and 1'044 arcs.
[Symmetry] Symmetry computation done. time: 5.8971e-05 dtime: 0.00010621

Preloading model.
#Bound   0.01s best:inf   next:[3212,694851] initial_domain
#Model   0.01s var:233/233 constraints:429/429

Starting search at 0.01s with 104 workers.
18 full problem subsolvers: [core, default_lp, fixed, lb_tree_search, max_lp, no_lp, objective_lb_search, objective_lb_search_max_lp, objective_lb_search_no_lp, objective_shaving_max_lp, objective_shaving_no_lp, probing, probing_max_lp, probing_no_lp, pseudo_costs, quick_restart, quick_restart_no_lp, reduced_costs]
86 first solution subsolvers: [fj(25), fj_lin(12), fs_random(12), fs_random_no_lp(13), fs_random_quick_restart(12), fs_random_quick_restart_no_lp(12)]
45 interleaved subsolvers: [feasibility_pump, graph_arc_lns, graph_cst_lns, graph_dec_lns, graph_var_lns, lb_relax_lns, ls(19), ls_lin(10), rins/rens, rnd_cst_lns, rnd_var_lns, scheduling_intervals_lns, scheduling_precedences_lns, scheduling_resource_windows_lns, scheduling_time_window_lns, variables_shaving, variables_shaving_max_lp, variables_shaving_no_lp]
3 helper subsolvers: [neighborhood_helper, synchronization_agent, update_gap_integral]

#1       0.02s best:6274  next:[3212,6273] default_lp
#2       0.02s best:3561  next:[3212,3560] core
#Bound   0.02s best:3561  next:[3222,3560] fixed
#Bound   0.02s best:3561  next:[3462,3560] fixed
#3       0.03s best:3462  next:[]         objective_lb_search_no_lp
#Done    0.03s objective_lb_search_no_lp

Task timing                                  n [     min,      max]      avg      dev     time         n [     min,      max]      avg      dev    dtime
                             'core':         1 [ 20.66ms,  20.66ms]  20.66ms   0.00ns  20.66ms         1 [  1.11ms,   1.11ms]   1.11ms   0.00ns   1.11ms
                       'default_lp':         1 [ 20.90ms,  20.90ms]  20.90ms   0.00ns  20.90ms         1 [  1.98ms,   1.98ms]   1.98ms   0.00ns   1.98ms
                 'feasibility_pump':         1 [  1.10ms,   1.10ms]   1.10ms   0.00ns   1.10ms         0 [  0.00ns,   0.00ns]   0.00ns   0.00ns   0.00ns
                            'fixed':         1 [ 20.78ms,  20.78ms]  20.78ms   0.00ns  20.78ms         1 [  1.82ms,   1.82ms]   1.82ms   0.00ns   1.82ms
                               'fj':         0 [  0.00ns,   0.00ns]   0.00ns   0.00ns   0.00ns         0 [  0.00ns,   0.00ns]   0.00ns   0.00ns   0.00ns
                               'fj':         0 [  0.00ns,   0.00ns]   0.00ns   0.00ns   0.00ns         0 [  0.00ns,   0.00ns]   0.00ns   0.00ns   0.00ns
                               'fj':         0 [  0.00ns,   0.00ns]   0.00ns   0.00ns   0.00ns         0 [  0.00ns,   0.00ns]   0.00ns   0.00ns   0.00ns
                               'fj':         0 [  0.00ns,   0.00ns]   0.00ns   0.00ns   0.00ns         0 [  0.00ns,   0.00ns]   0.00ns   0.00ns   0.00ns
                               'fj':         0 [  0.00ns,   0.00ns]   0.00ns   0.00ns   0.00ns         0 [  0.00ns,   0.00ns]   0.00ns   0.00ns   0.00ns
                               'fj':         0 [  0.00ns,   0.00ns]   0.00ns   0.00ns   0.00ns         0 [  0.00ns,   0.00ns]   0.00ns   0.00ns   0.00ns
                               'fj':         0 [  0.00ns,   0.00ns]   0.00ns   0.00ns   0.00ns         0 [  0.00ns,   0.00ns]   0.00ns   0.00ns   0.00ns
                               'fj':         0 [  0.00ns,   0.00ns]   0.00ns   0.00ns   0.00ns         0 [  0.00ns,   0.00ns]   0.00ns   0.00ns   0.00ns
                               'fj':         0 [  0.00ns,   0.00ns]   0.00ns   0.00ns   0.00ns         0 [  0.00ns,   0.00ns]   0.00ns   0.00ns   0.00ns
                               'fj':         0 [  0.00ns,   0.00ns]   0.00ns   0.00ns   0.00ns         0 [  0.00ns,   0.00ns]   0.00ns   0.00ns   0.00ns
                               'fj':         0 [  0.00ns,   0.00ns]   0.00ns   0.00ns   0.00ns         0 [  0.00ns,   0.00ns]   0.00ns   0.00ns   0.00ns
                               'fj':         0 [  0.00ns,   0.00ns]   0.00ns   0.00ns   0.00ns         0 [  0.00ns,   0.00ns]   0.00ns   0.00ns   0.00ns
                               'fj':         0 [  0.00ns,   0.00ns]   0.00ns   0.00ns   0.00ns         0 [  0.00ns,   0.00ns]   0.00ns   0.00ns   0.00ns
                               'fj':         0 [  0.00ns,   0.00ns]   0.00ns   0.00ns   0.00ns         0 [  0.00ns,   0.00ns]   0.00ns   0.00ns   0.00ns
                               'fj':         0 [  0.00ns,   0.00ns]   0.00ns   0.00ns   0.00ns         0 [  0.00ns,   0.00ns]   0.00ns   0.00ns   0.00ns
                               'fj':         0 [  0.00ns,   0.00ns]   0.00ns   0.00ns   0.00ns         0 [  0.00ns,   0.00ns]   0.00ns   0.00ns   0.00ns
                               'fj':         0 [  0.00ns,   0.00ns]   0.00ns   0.00ns   0.00ns         0 [  0.00ns,   0.00ns]   0.00ns   0.00ns   0.00ns
                               'fj':         0 [  0.00ns,   0.00ns]   0.00ns   0.00ns   0.00ns         0 [  0.00ns,   0.00ns]   0.00ns   0.00ns   0.00ns
                               'fj':         0 [  0.00ns,   0.00ns]   0.00ns   0.00ns   0.00ns         0 [  0.00ns,   0.00ns]   0.00ns   0.00ns   0.00ns
                               'fj':         0 [  0.00ns,   0.00ns]   0.00ns   0.00ns   0.00ns         0 [  0.00ns,   0.00ns]   0.00ns   0.00ns   0.00ns
                               'fj':         0 [  0.00ns,   0.00ns]   0.00ns   0.00ns   0.00ns         0 [  0.00ns,   0.00ns]   0.00ns   0.00ns   0.00ns
                               'fj':         0 [  0.00ns,   0.00ns]   0.00ns   0.00ns   0.00ns         0 [  0.00ns,   0.00ns]   0.00ns   0.00ns   0.00ns
                               'fj':         0 [  0.00ns,   0.00ns]   0.00ns   0.00ns   0.00ns         0 [  0.00ns,   0.00ns]   0.00ns   0.00ns   0.00ns
                               'fj':         0 [  0.00ns,   0.00ns]   0.00ns   0.00ns   0.00ns         0 [  0.00ns,   0.00ns]   0.00ns   0.00ns   0.00ns
                               'fj':         0 [  0.00ns,   0.00ns]   0.00ns   0.00ns   0.00ns         0 [  0.00ns,   0.00ns]   0.00ns   0.00ns   0.00ns
                           'fj_lin':         0 [  0.00ns,   0.00ns]   0.00ns   0.00ns   0.00ns         0 [  0.00ns,   0.00ns]   0.00ns   0.00ns   0.00ns
                           'fj_lin':         0 [  0.00ns,   0.00ns]   0.00ns   0.00ns   0.00ns         0 [  0.00ns,   0.00ns]   0.00ns   0.00ns   0.00ns
                           'fj_lin':         0 [  0.00ns,   0.00ns]   0.00ns   0.00ns   0.00ns         0 [  0.00ns,   0.00ns]   0.00ns   0.00ns   0.00ns
                           'fj_lin':         0 [  0.00ns,   0.00ns]   0.00ns   0.00ns   0.00ns         0 [  0.00ns,   0.00ns]   0.00ns   0.00ns   0.00ns
                           'fj_lin':         0 [  0.00ns,   0.00ns]   0.00ns   0.00ns   0.00ns         0 [  0.00ns,   0.00ns]   0.00ns   0.00ns   0.00ns
                           'fj_lin':         0 [  0.00ns,   0.00ns]   0.00ns   0.00ns   0.00ns         0 [  0.00ns,   0.00ns]   0.00ns   0.00ns   0.00ns
                           'fj_lin':         0 [  0.00ns,   0.00ns]   0.00ns   0.00ns   0.00ns         0 [  0.00ns,   0.00ns]   0.00ns   0.00ns   0.00ns
                           'fj_lin':         0 [  0.00ns,   0.00ns]   0.00ns   0.00ns   0.00ns         0 [  0.00ns,   0.00ns]   0.00ns   0.00ns   0.00ns
                           'fj_lin':         0 [  0.00ns,   0.00ns]   0.00ns   0.00ns   0.00ns         0 [  0.00ns,   0.00ns]   0.00ns   0.00ns   0.00ns
                           'fj_lin':         0 [  0.00ns,   0.00ns]   0.00ns   0.00ns   0.00ns         0 [  0.00ns,   0.00ns]   0.00ns   0.00ns   0.00ns
                           'fj_lin':         0 [  0.00ns,   0.00ns]   0.00ns   0.00ns   0.00ns         0 [  0.00ns,   0.00ns]   0.00ns   0.00ns   0.00ns
                           'fj_lin':         0 [  0.00ns,   0.00ns]   0.00ns   0.00ns   0.00ns         0 [  0.00ns,   0.00ns]   0.00ns   0.00ns   0.00ns
                        'fs_random':         0 [  0.00ns,   0.00ns]   0.00ns   0.00ns   0.00ns         0 [  0.00ns,   0.00ns]   0.00ns   0.00ns   0.00ns
                        'fs_random':         0 [  0.00ns,   0.00ns]   0.00ns   0.00ns   0.00ns         0 [  0.00ns,   0.00ns]   0.00ns   0.00ns   0.00ns
                        'fs_random':         0 [  0.00ns,   0.00ns]   0.00ns   0.00ns   0.00ns         0 [  0.00ns,   0.00ns]   0.00ns   0.00ns   0.00ns
                        'fs_random':         0 [  0.00ns,   0.00ns]   0.00ns   0.00ns   0.00ns         0 [  0.00ns,   0.00ns]   0.00ns   0.00ns   0.00ns
                        'fs_random':         0 [  0.00ns,   0.00ns]   0.00ns   0.00ns   0.00ns         0 [  0.00ns,   0.00ns]   0.00ns   0.00ns   0.00ns
                        'fs_random':         0 [  0.00ns,   0.00ns]   0.00ns   0.00ns   0.00ns         0 [  0.00ns,   0.00ns]   0.00ns   0.00ns   0.00ns
                        'fs_random':         0 [  0.00ns,   0.00ns]   0.00ns   0.00ns   0.00ns         0 [  0.00ns,   0.00ns]   0.00ns   0.00ns   0.00ns
                        'fs_random':         0 [  0.00ns,   0.00ns]   0.00ns   0.00ns   0.00ns         0 [  0.00ns,   0.00ns]   0.00ns   0.00ns   0.00ns
                        'fs_random':         0 [  0.00ns,   0.00ns]   0.00ns   0.00ns   0.00ns         0 [  0.00ns,   0.00ns]   0.00ns   0.00ns   0.00ns
                        'fs_random':         0 [  0.00ns,   0.00ns]   0.00ns   0.00ns   0.00ns         0 [  0.00ns,   0.00ns]   0.00ns   0.00ns   0.00ns
                        'fs_random':         0 [  0.00ns,   0.00ns]   0.00ns   0.00ns   0.00ns         0 [  0.00ns,   0.00ns]   0.00ns   0.00ns   0.00ns
                        'fs_random':         0 [  0.00ns,   0.00ns]   0.00ns   0.00ns   0.00ns         0 [  0.00ns,   0.00ns]   0.00ns   0.00ns   0.00ns
                  'fs_random_no_lp':         0 [  0.00ns,   0.00ns]   0.00ns   0.00ns   0.00ns         0 [  0.00ns,   0.00ns]   0.00ns   0.00ns   0.00ns
                  'fs_random_no_lp':         0 [  0.00ns,   0.00ns]   0.00ns   0.00ns   0.00ns         0 [  0.00ns,   0.00ns]   0.00ns   0.00ns   0.00ns
                  'fs_random_no_lp':         0 [  0.00ns,   0.00ns]   0.00ns   0.00ns   0.00ns         0 [  0.00ns,   0.00ns]   0.00ns   0.00ns   0.00ns
                  'fs_random_no_lp':         0 [  0.00ns,   0.00ns]   0.00ns   0.00ns   0.00ns         0 [  0.00ns,   0.00ns]   0.00ns   0.00ns   0.00ns
                  'fs_random_no_lp':         0 [  0.00ns,   0.00ns]   0.00ns   0.00ns   0.00ns         0 [  0.00ns,   0.00ns]   0.00ns   0.00ns   0.00ns
                  'fs_random_no_lp':         0 [  0.00ns,   0.00ns]   0.00ns   0.00ns   0.00ns         0 [  0.00ns,   0.00ns]   0.00ns   0.00ns   0.00ns
                  'fs_random_no_lp':         0 [  0.00ns,   0.00ns]   0.00ns   0.00ns   0.00ns         0 [  0.00ns,   0.00ns]   0.00ns   0.00ns   0.00ns
                  'fs_random_no_lp':         0 [  0.00ns,   0.00ns]   0.00ns   0.00ns   0.00ns         0 [  0.00ns,   0.00ns]   0.00ns   0.00ns   0.00ns
                  'fs_random_no_lp':         0 [  0.00ns,   0.00ns]   0.00ns   0.00ns   0.00ns         0 [  0.00ns,   0.00ns]   0.00ns   0.00ns   0.00ns
                  'fs_random_no_lp':         0 [  0.00ns,   0.00ns]   0.00ns   0.00ns   0.00ns         0 [  0.00ns,   0.00ns]   0.00ns   0.00ns   0.00ns
                  'fs_random_no_lp':         0 [  0.00ns,   0.00ns]   0.00ns   0.00ns   0.00ns         0 [  0.00ns,   0.00ns]   0.00ns   0.00ns   0.00ns
                  'fs_random_no_lp':         0 [  0.00ns,   0.00ns]   0.00ns   0.00ns   0.00ns         0 [  0.00ns,   0.00ns]   0.00ns   0.00ns   0.00ns
                  'fs_random_no_lp':         0 [  0.00ns,   0.00ns]   0.00ns   0.00ns   0.00ns         0 [  0.00ns,   0.00ns]   0.00ns   0.00ns   0.00ns
          'fs_random_quick_restart':         0 [  0.00ns,   0.00ns]   0.00ns   0.00ns   0.00ns         0 [  0.00ns,   0.00ns]   0.00ns   0.00ns   0.00ns
          'fs_random_quick_restart':         0 [  0.00ns,   0.00ns]   0.00ns   0.00ns   0.00ns         0 [  0.00ns,   0.00ns]   0.00ns   0.00ns   0.00ns
          'fs_random_quick_restart':         0 [  0.00ns,   0.00ns]   0.00ns   0.00ns   0.00ns         0 [  0.00ns,   0.00ns]   0.00ns   0.00ns   0.00ns
          'fs_random_quick_restart':         0 [  0.00ns,   0.00ns]   0.00ns   0.00ns   0.00ns         0 [  0.00ns,   0.00ns]   0.00ns   0.00ns   0.00ns
          'fs_random_quick_restart':         0 [  0.00ns,   0.00ns]   0.00ns   0.00ns   0.00ns         0 [  0.00ns,   0.00ns]   0.00ns   0.00ns   0.00ns
          'fs_random_quick_restart':         0 [  0.00ns,   0.00ns]   0.00ns   0.00ns   0.00ns         0 [  0.00ns,   0.00ns]   0.00ns   0.00ns   0.00ns
          'fs_random_quick_restart':         0 [  0.00ns,   0.00ns]   0.00ns   0.00ns   0.00ns         0 [  0.00ns,   0.00ns]   0.00ns   0.00ns   0.00ns
          'fs_random_quick_restart':         0 [  0.00ns,   0.00ns]   0.00ns   0.00ns   0.00ns         0 [  0.00ns,   0.00ns]   0.00ns   0.00ns   0.00ns
          'fs_random_quick_restart':         0 [  0.00ns,   0.00ns]   0.00ns   0.00ns   0.00ns         0 [  0.00ns,   0.00ns]   0.00ns   0.00ns   0.00ns
          'fs_random_quick_restart':         0 [  0.00ns,   0.00ns]   0.00ns   0.00ns   0.00ns         0 [  0.00ns,   0.00ns]   0.00ns   0.00ns   0.00ns
          'fs_random_quick_restart':         0 [  0.00ns,   0.00ns]   0.00ns   0.00ns   0.00ns         0 [  0.00ns,   0.00ns]   0.00ns   0.00ns   0.00ns
          'fs_random_quick_restart':         0 [  0.00ns,   0.00ns]   0.00ns   0.00ns   0.00ns         0 [  0.00ns,   0.00ns]   0.00ns   0.00ns   0.00ns
    'fs_random_quick_restart_no_lp':         0 [  0.00ns,   0.00ns]   0.00ns   0.00ns   0.00ns         0 [  0.00ns,   0.00ns]   0.00ns   0.00ns   0.00ns
    'fs_random_quick_restart_no_lp':         0 [  0.00ns,   0.00ns]   0.00ns   0.00ns   0.00ns         0 [  0.00ns,   0.00ns]   0.00ns   0.00ns   0.00ns
    'fs_random_quick_restart_no_lp':         0 [  0.00ns,   0.00ns]   0.00ns   0.00ns   0.00ns         0 [  0.00ns,   0.00ns]   0.00ns   0.00ns   0.00ns
    'fs_random_quick_restart_no_lp':         0 [  0.00ns,   0.00ns]   0.00ns   0.00ns   0.00ns         0 [  0.00ns,   0.00ns]   0.00ns   0.00ns   0.00ns
    'fs_random_quick_restart_no_lp':         0 [  0.00ns,   0.00ns]   0.00ns   0.00ns   0.00ns         0 [  0.00ns,   0.00ns]   0.00ns   0.00ns   0.00ns
    'fs_random_quick_restart_no_lp':         0 [  0.00ns,   0.00ns]   0.00ns   0.00ns   0.00ns         0 [  0.00ns,   0.00ns]   0.00ns   0.00ns   0.00ns
    'fs_random_quick_restart_no_lp':         0 [  0.00ns,   0.00ns]   0.00ns   0.00ns   0.00ns         0 [  0.00ns,   0.00ns]   0.00ns   0.00ns   0.00ns
    'fs_random_quick_restart_no_lp':         0 [  0.00ns,   0.00ns]   0.00ns   0.00ns   0.00ns         0 [  0.00ns,   0.00ns]   0.00ns   0.00ns   0.00ns
    'fs_random_quick_restart_no_lp':         0 [  0.00ns,   0.00ns]   0.00ns   0.00ns   0.00ns         0 [  0.00ns,   0.00ns]   0.00ns   0.00ns   0.00ns
    'fs_random_quick_restart_no_lp':         0 [  0.00ns,   0.00ns]   0.00ns   0.00ns   0.00ns         0 [  0.00ns,   0.00ns]   0.00ns   0.00ns   0.00ns
    'fs_random_quick_restart_no_lp':         0 [  0.00ns,   0.00ns]   0.00ns   0.00ns   0.00ns         0 [  0.00ns,   0.00ns]   0.00ns   0.00ns   0.00ns
    'fs_random_quick_restart_no_lp':         0 [  0.00ns,   0.00ns]   0.00ns   0.00ns   0.00ns         0 [  0.00ns,   0.00ns]   0.00ns   0.00ns   0.00ns
                    'graph_arc_lns':         1 [  2.77ms,   2.77ms]   2.77ms   0.00ns   2.77ms         1 [  1.23us,   1.23us]   1.23us   0.00ns   1.23us
                    'graph_cst_lns':         1 [  2.20ms,   2.20ms]   2.20ms   0.00ns   2.20ms         1 [954.00ns, 954.00ns] 954.00ns   0.00ns 954.00ns
                    'graph_dec_lns':         1 [  1.97ms,   1.97ms]   1.97ms   0.00ns   1.97ms         1 [468.00ns, 468.00ns] 468.00ns   0.00ns 468.00ns
                    'graph_var_lns':         1 [  2.82ms,   2.82ms]   2.82ms   0.00ns   2.82ms         1 [  1.64us,   1.64us]   1.64us   0.00ns   1.64us
                     'lb_relax_lns':         1 [957.23us, 957.23us] 957.23us   0.00ns 957.23us         1 [ 60.86us,  60.86us]  60.86us   0.00ns  60.86us
                   'lb_tree_search':         1 [  7.93ms,   7.93ms]   7.93ms   0.00ns   7.93ms         0 [  0.00ns,   0.00ns]   0.00ns   0.00ns   0.00ns
                               'ls':         0 [  0.00ns,   0.00ns]   0.00ns   0.00ns   0.00ns         0 [  0.00ns,   0.00ns]   0.00ns   0.00ns   0.00ns
                               'ls':         0 [  0.00ns,   0.00ns]   0.00ns   0.00ns   0.00ns         0 [  0.00ns,   0.00ns]   0.00ns   0.00ns   0.00ns
                               'ls':         0 [  0.00ns,   0.00ns]   0.00ns   0.00ns   0.00ns         0 [  0.00ns,   0.00ns]   0.00ns   0.00ns   0.00ns
                               'ls':         0 [  0.00ns,   0.00ns]   0.00ns   0.00ns   0.00ns         0 [  0.00ns,   0.00ns]   0.00ns   0.00ns   0.00ns
                               'ls':         0 [  0.00ns,   0.00ns]   0.00ns   0.00ns   0.00ns         0 [  0.00ns,   0.00ns]   0.00ns   0.00ns   0.00ns
                               'ls':         0 [  0.00ns,   0.00ns]   0.00ns   0.00ns   0.00ns         0 [  0.00ns,   0.00ns]   0.00ns   0.00ns   0.00ns
                               'ls':         0 [  0.00ns,   0.00ns]   0.00ns   0.00ns   0.00ns         0 [  0.00ns,   0.00ns]   0.00ns   0.00ns   0.00ns
                               'ls':         0 [  0.00ns,   0.00ns]   0.00ns   0.00ns   0.00ns         0 [  0.00ns,   0.00ns]   0.00ns   0.00ns   0.00ns
                               'ls':         0 [  0.00ns,   0.00ns]   0.00ns   0.00ns   0.00ns         0 [  0.00ns,   0.00ns]   0.00ns   0.00ns   0.00ns
                               'ls':         0 [  0.00ns,   0.00ns]   0.00ns   0.00ns   0.00ns         0 [  0.00ns,   0.00ns]   0.00ns   0.00ns   0.00ns
                               'ls':         0 [  0.00ns,   0.00ns]   0.00ns   0.00ns   0.00ns         0 [  0.00ns,   0.00ns]   0.00ns   0.00ns   0.00ns
                               'ls':         0 [  0.00ns,   0.00ns]   0.00ns   0.00ns   0.00ns         0 [  0.00ns,   0.00ns]   0.00ns   0.00ns   0.00ns
                               'ls':         0 [  0.00ns,   0.00ns]   0.00ns   0.00ns   0.00ns         0 [  0.00ns,   0.00ns]   0.00ns   0.00ns   0.00ns
                               'ls':         0 [  0.00ns,   0.00ns]   0.00ns   0.00ns   0.00ns         0 [  0.00ns,   0.00ns]   0.00ns   0.00ns   0.00ns
                               'ls':         1 [  1.33ms,   1.33ms]   1.33ms   0.00ns   1.33ms         0 [  0.00ns,   0.00ns]   0.00ns   0.00ns   0.00ns
                               'ls':         1 [  1.40ms,   1.40ms]   1.40ms   0.00ns   1.40ms         0 [  0.00ns,   0.00ns]   0.00ns   0.00ns   0.00ns
                               'ls':         1 [  1.53ms,   1.53ms]   1.53ms   0.00ns   1.53ms         0 [  0.00ns,   0.00ns]   0.00ns   0.00ns   0.00ns
                               'ls':         1 [  1.77ms,   1.77ms]   1.77ms   0.00ns   1.77ms         1 [749.87us, 749.87us] 749.87us   0.00ns 749.87us
                               'ls':         1 [  1.86ms,   1.86ms]   1.86ms   0.00ns   1.86ms         1 [  1.59ms,   1.59ms]   1.59ms   0.00ns   1.59ms
                           'ls_lin':         0 [  0.00ns,   0.00ns]   0.00ns   0.00ns   0.00ns         0 [  0.00ns,   0.00ns]   0.00ns   0.00ns   0.00ns
                           'ls_lin':         0 [  0.00ns,   0.00ns]   0.00ns   0.00ns   0.00ns         0 [  0.00ns,   0.00ns]   0.00ns   0.00ns   0.00ns
                           'ls_lin':         0 [  0.00ns,   0.00ns]   0.00ns   0.00ns   0.00ns         0 [  0.00ns,   0.00ns]   0.00ns   0.00ns   0.00ns
                           'ls_lin':         0 [  0.00ns,   0.00ns]   0.00ns   0.00ns   0.00ns         0 [  0.00ns,   0.00ns]   0.00ns   0.00ns   0.00ns
                           'ls_lin':         0 [  0.00ns,   0.00ns]   0.00ns   0.00ns   0.00ns         0 [  0.00ns,   0.00ns]   0.00ns   0.00ns   0.00ns
                           'ls_lin':         0 [  0.00ns,   0.00ns]   0.00ns   0.00ns   0.00ns         0 [  0.00ns,   0.00ns]   0.00ns   0.00ns   0.00ns
                           'ls_lin':         0 [  0.00ns,   0.00ns]   0.00ns   0.00ns   0.00ns         0 [  0.00ns,   0.00ns]   0.00ns   0.00ns   0.00ns
                           'ls_lin':         0 [  0.00ns,   0.00ns]   0.00ns   0.00ns   0.00ns         0 [  0.00ns,   0.00ns]   0.00ns   0.00ns   0.00ns
                           'ls_lin':         0 [  0.00ns,   0.00ns]   0.00ns   0.00ns   0.00ns         0 [  0.00ns,   0.00ns]   0.00ns   0.00ns   0.00ns
                           'ls_lin':         0 [  0.00ns,   0.00ns]   0.00ns   0.00ns   0.00ns         0 [  0.00ns,   0.00ns]   0.00ns   0.00ns   0.00ns
                           'max_lp':         1 [ 25.47ms,  25.47ms]  25.47ms   0.00ns  25.47ms         1 [939.22us, 939.22us] 939.22us   0.00ns 939.22us
                            'no_lp':         1 [ 20.58ms,  20.58ms]  20.58ms   0.00ns  20.58ms         1 [  1.20ms,   1.20ms]   1.20ms   0.00ns   1.20ms
              'objective_lb_search':         1 [  6.33ms,   6.33ms]   6.33ms   0.00ns   6.33ms         0 [  0.00ns,   0.00ns]   0.00ns   0.00ns   0.00ns
       'objective_lb_search_max_lp':         1 [  6.34ms,   6.34ms]   6.34ms   0.00ns   6.34ms         0 [  0.00ns,   0.00ns]   0.00ns   0.00ns   0.00ns
        'objective_lb_search_no_lp':         1 [  5.35ms,   5.35ms]   5.35ms   0.00ns   5.35ms         1 [344.82us, 344.82us] 344.82us   0.00ns 344.82us
         'objective_shaving_max_lp':         1 [  6.98ms,   6.98ms]   6.98ms   0.00ns   6.98ms         1 [ 40.93us,  40.93us]  40.93us   0.00ns  40.93us
          'objective_shaving_no_lp':         1 [  7.03ms,   7.03ms]   7.03ms   0.00ns   7.03ms         1 [ 41.31us,  41.31us]  41.31us   0.00ns  41.31us
                          'probing':         1 [  7.79ms,   7.79ms]   7.79ms   0.00ns   7.79ms         0 [  0.00ns,   0.00ns]   0.00ns   0.00ns   0.00ns
                   'probing_max_lp':         1 [  6.98ms,   6.98ms]   6.98ms   0.00ns   6.98ms         0 [  0.00ns,   0.00ns]   0.00ns   0.00ns   0.00ns
                    'probing_no_lp':         1 [  6.65ms,   6.65ms]   6.65ms   0.00ns   6.65ms         0 [  0.00ns,   0.00ns]   0.00ns   0.00ns   0.00ns
                     'pseudo_costs':         1 [ 19.96ms,  19.96ms]  19.96ms   0.00ns  19.96ms         1 [333.33us, 333.33us] 333.33us   0.00ns 333.33us
                    'quick_restart':         1 [ 20.03ms,  20.03ms]  20.03ms   0.00ns  20.03ms         1 [  1.96ms,   1.96ms]   1.96ms   0.00ns   1.96ms
              'quick_restart_no_lp':         1 [ 19.93ms,  19.93ms]  19.93ms   0.00ns  19.93ms         1 [  1.81ms,   1.81ms]   1.81ms   0.00ns   1.81ms
                    'reduced_costs':         1 [ 20.21ms,  20.21ms]  20.21ms   0.00ns  20.21ms         0 [  0.00ns,   0.00ns]   0.00ns   0.00ns   0.00ns
                        'rins/rens':         0 [  0.00ns,   0.00ns]   0.00ns   0.00ns   0.00ns         0 [  0.00ns,   0.00ns]   0.00ns   0.00ns   0.00ns
                      'rnd_cst_lns':         1 [661.83us, 661.83us] 661.83us   0.00ns 661.83us         0 [  0.00ns,   0.00ns]   0.00ns   0.00ns   0.00ns
                      'rnd_var_lns':         1 [572.04us, 572.04us] 572.04us   0.00ns 572.04us         0 [  0.00ns,   0.00ns]   0.00ns   0.00ns   0.00ns
         'scheduling_intervals_lns':         1 [  3.80ms,   3.80ms]   3.80ms   0.00ns   3.80ms         0 [  0.00ns,   0.00ns]   0.00ns   0.00ns   0.00ns
       'scheduling_precedences_lns':         1 [  3.33ms,   3.33ms]   3.33ms   0.00ns   3.33ms         0 [  0.00ns,   0.00ns]   0.00ns   0.00ns   0.00ns
  'scheduling_resource_windows_lns':         1 [  3.50ms,   3.50ms]   3.50ms   0.00ns   3.50ms         0 [  0.00ns,   0.00ns]   0.00ns   0.00ns   0.00ns
       'scheduling_time_window_lns':         1 [  3.57ms,   3.57ms]   3.57ms   0.00ns   3.57ms         0 [  0.00ns,   0.00ns]   0.00ns   0.00ns   0.00ns
                'variables_shaving':         1 [  6.09ms,   6.09ms]   6.09ms   0.00ns   6.09ms         1 [ 34.42us,  34.42us]  34.42us   0.00ns  34.42us
         'variables_shaving_max_lp':         1 [  5.62ms,   5.62ms]   5.62ms   0.00ns   5.62ms         1 [ 30.90us,  30.90us]  30.90us   0.00ns  30.90us
          'variables_shaving_no_lp':         1 [  5.71ms,   5.71ms]   5.71ms   0.00ns   5.71ms         1 [ 17.04us,  17.04us]  17.04us   0.00ns  17.04us

Search stats                        Bools  Conflicts  Branches  Restarts  BoolPropag  IntegerPropag
                           'core':    235          0       521       125         243          7'406
                     'default_lp':    268         18       394         1       1'484         13'208
                          'fixed':    428          2       692       125         691         12'131
                      'fs_random':      0          0         0         0           0              0
                      'fs_random':      0          0         0         0           0              0
                      'fs_random':      0          0         0         0           0              0
                      'fs_random':      0          0         0         0           0              0
                      'fs_random':      0          0         0         0           0              0
                      'fs_random':      0          0         0         0           0              0
                      'fs_random':      0          0         0         0           0              0
                      'fs_random':      0          0         0         0           0              0
                      'fs_random':      0          0         0         0           0              0
                      'fs_random':      0          0         0         0           0              0
                      'fs_random':      0          0         0         0           0              0
                      'fs_random':      0          0         0         0           0              0
                'fs_random_no_lp':      0          0         0         0           0              0
                'fs_random_no_lp':      0          0         0         0           0              0
                'fs_random_no_lp':      0          0         0         0           0              0
                'fs_random_no_lp':      0          0         0         0           0              0
                'fs_random_no_lp':      0          0         0         0           0              0
                'fs_random_no_lp':      0          0         0         0           0              0
                'fs_random_no_lp':      0          0         0         0           0              0
                'fs_random_no_lp':      0          0         0         0           0              0
                'fs_random_no_lp':      0          0         0         0           0              0
                'fs_random_no_lp':      0          0         0         0           0              0
                'fs_random_no_lp':      0          0         0         0           0              0
                'fs_random_no_lp':      0          0         0         0           0              0
                'fs_random_no_lp':      0          0         0         0           0              0
        'fs_random_quick_restart':      0          0         0         0           0              0
        'fs_random_quick_restart':      0          0         0         0           0              0
        'fs_random_quick_restart':      0          0         0         0           0              0
        'fs_random_quick_restart':      0          0         0         0           0              0
        'fs_random_quick_restart':      0          0         0         0           0              0
        'fs_random_quick_restart':      0          0         0         0           0              0
        'fs_random_quick_restart':      0          0         0         0           0              0
        'fs_random_quick_restart':      0          0         0         0           0              0
        'fs_random_quick_restart':      0          0         0         0           0              0
        'fs_random_quick_restart':      0          0         0         0           0              0
        'fs_random_quick_restart':      0          0         0         0           0              0
        'fs_random_quick_restart':      0          0         0         0           0              0
  'fs_random_quick_restart_no_lp':      0          0         0         0           0              0
  'fs_random_quick_restart_no_lp':      0          0         0         0           0              0
  'fs_random_quick_restart_no_lp':      0          0         0         0           0              0
  'fs_random_quick_restart_no_lp':      0          0         0         0           0              0
  'fs_random_quick_restart_no_lp':      0          0         0         0           0              0
  'fs_random_quick_restart_no_lp':      0          0         0         0           0              0
  'fs_random_quick_restart_no_lp':      0          0         0         0           0              0
  'fs_random_quick_restart_no_lp':      0          0         0         0           0              0
  'fs_random_quick_restart_no_lp':      0          0         0         0           0              0
  'fs_random_quick_restart_no_lp':      0          0         0         0           0              0
  'fs_random_quick_restart_no_lp':      0          0         0         0           0              0
  'fs_random_quick_restart_no_lp':      0          0         0         0           0              0
                 'lb_tree_search':  2'105          0       138       138           0            855
                         'max_lp':      0          0         0         0           0              0
                          'no_lp':    242         17       416         1         254          8'366
            'objective_lb_search':    209          0       208         0           0          2'447
     'objective_lb_search_max_lp':  2'105          0        32        32           0            117
      'objective_lb_search_no_lp':    234          0       234         1           0          2'478
                        'probing':  2'105          0       118       118           0            690
                 'probing_max_lp':  2'105          0        92        92           0            513
                  'probing_no_lp':  2'105          0        88        88           0            478
                   'pseudo_costs':      0          0         0         0           0              0
                  'quick_restart':    243          0       877       467         283         11'918
            'quick_restart_no_lp':    233         11       605         2         164         14'195
                  'reduced_costs':  2'105          0       476       476           0          3'064

SAT stats                           ClassicMinim  LitRemoved  LitLearned  LitForgotten  Subsumed  MClauses  MDecisions  MLitTrue  MSubsumed  MLitRemoved  MReused
                           'core':             0           0           0             0         0         0           0         0          0            0        0
                     'default_lp':             0           0         105             0         0         0           0         0          0            0        0
                          'fixed':             0           0           2             0         0         0           0         0          0            0        0
                      'fs_random':             0           0           0             0         0         0           0         0          0            0        0
                      'fs_random':             0           0           0             0         0         0           0         0          0            0        0
                      'fs_random':             0           0           0             0         0         0           0         0          0            0        0
                      'fs_random':             0           0           0             0         0         0           0         0          0            0        0
                      'fs_random':             0           0           0             0         0         0           0         0          0            0        0
                      'fs_random':             0           0           0             0         0         0           0         0          0            0        0
                      'fs_random':             0           0           0             0         0         0           0         0          0            0        0
                      'fs_random':             0           0           0             0         0         0           0         0          0            0        0
                      'fs_random':             0           0           0             0         0         0           0         0          0            0        0
                      'fs_random':             0           0           0             0         0         0           0         0          0            0        0
                      'fs_random':             0           0           0             0         0         0           0         0          0            0        0
                      'fs_random':             0           0           0             0         0         0           0         0          0            0        0
                'fs_random_no_lp':             0           0           0             0         0         0           0         0          0            0        0
                'fs_random_no_lp':             0           0           0             0         0         0           0         0          0            0        0
                'fs_random_no_lp':             0           0           0             0         0         0           0         0          0            0        0
                'fs_random_no_lp':             0           0           0             0         0         0           0         0          0            0        0
                'fs_random_no_lp':             0           0           0             0         0         0           0         0          0            0        0
                'fs_random_no_lp':             0           0           0             0         0         0           0         0          0            0        0
                'fs_random_no_lp':             0           0           0             0         0         0           0         0          0            0        0
                'fs_random_no_lp':             0           0           0             0         0         0           0         0          0            0        0
                'fs_random_no_lp':             0           0           0             0         0         0           0         0          0            0        0
                'fs_random_no_lp':             0           0           0             0         0         0           0         0          0            0        0
                'fs_random_no_lp':             0           0           0             0         0         0           0         0          0            0        0
                'fs_random_no_lp':             0           0           0             0         0         0           0         0          0            0        0
                'fs_random_no_lp':             0           0           0             0         0         0           0         0          0            0        0
        'fs_random_quick_restart':             0           0           0             0         0         0           0         0          0            0        0
        'fs_random_quick_restart':             0           0           0             0         0         0           0         0          0            0        0
        'fs_random_quick_restart':             0           0           0             0         0         0           0         0          0            0        0
        'fs_random_quick_restart':             0           0           0             0         0         0           0         0          0            0        0
        'fs_random_quick_restart':             0           0           0             0         0         0           0         0          0            0        0
        'fs_random_quick_restart':             0           0           0             0         0         0           0         0          0            0        0
        'fs_random_quick_restart':             0           0           0             0         0         0           0         0          0            0        0
        'fs_random_quick_restart':             0           0           0             0         0         0           0         0          0            0        0
        'fs_random_quick_restart':             0           0           0             0         0         0           0         0          0            0        0
        'fs_random_quick_restart':             0           0           0             0         0         0           0         0          0            0        0
        'fs_random_quick_restart':             0           0           0             0         0         0           0         0          0            0        0
        'fs_random_quick_restart':             0           0           0             0         0         0           0         0          0            0        0
  'fs_random_quick_restart_no_lp':             0           0           0             0         0         0           0         0          0            0        0
  'fs_random_quick_restart_no_lp':             0           0           0             0         0         0           0         0          0            0        0
  'fs_random_quick_restart_no_lp':             0           0           0             0         0         0           0         0          0            0        0
  'fs_random_quick_restart_no_lp':             0           0           0             0         0         0           0         0          0            0        0
  'fs_random_quick_restart_no_lp':             0           0           0             0         0         0           0         0          0            0        0
  'fs_random_quick_restart_no_lp':             0           0           0             0         0         0           0         0          0            0        0
  'fs_random_quick_restart_no_lp':             0           0           0             0         0         0           0         0          0            0        0
  'fs_random_quick_restart_no_lp':             0           0           0             0         0         0           0         0          0            0        0
  'fs_random_quick_restart_no_lp':             0           0           0             0         0         0           0         0          0            0        0
  'fs_random_quick_restart_no_lp':             0           0           0             0         0         0           0         0          0            0        0
  'fs_random_quick_restart_no_lp':             0           0           0             0         0         0           0         0          0            0        0
  'fs_random_quick_restart_no_lp':             0           0           0             0         0         0           0         0          0            0        0
                 'lb_tree_search':             0           0           0             0         0         0           0         0          0            0        0
                         'max_lp':             0           0           0             0         0         0           0         0          0            0        0
                          'no_lp':             4           4         304             0         0         0           0         0          0            0        0
            'objective_lb_search':             0           0           0             0         0         0           0         0          0            0        0
     'objective_lb_search_max_lp':             0           0           0             0         0         0           0         0          0            0        0
      'objective_lb_search_no_lp':             0           0           0             0         0         0           0         0          0            0        0
                        'probing':             0           0           0             0         0         0           0         0          0            0        0
                 'probing_max_lp':             0           0           0             0         0         0           0         0          0            0        0
                  'probing_no_lp':             0           0           0             0         0         0           0         0          0            0        0
                   'pseudo_costs':             0           0           0             0         0         0           0         0          0            0        0
                  'quick_restart':             0           0           0             0         0         0           0         0          0            0        0
            'quick_restart_no_lp':            10          34         575             0         0         0           0         0          0            0        0
                  'reduced_costs':             0           0           0             0         0         0           0         0          0            0        0

Lp stats                         Component  Iterations  AddedCuts  OPTIMAL  DUAL_F.  DUAL_U.
                  'default_lp':         24           0          0      776        0        0
                       'fixed':         24           0          0      753        0        0
              'lb_tree_search':          1           0          0        0        0        0
                      'max_lp':          1         195        252        5        0        0
         'objective_lb_search':         24           0          0      364        0        0
  'objective_lb_search_max_lp':          1           0          0        0        0        0
                     'probing':         24           0          0        0        0        0
              'probing_max_lp':          1           0          0        0        0        0
                'pseudo_costs':          1          99        311        6        0        0
               'quick_restart':         24           0          0      828        0        0
               'reduced_costs':          1           0          0        0        0        0

Lp dimension                      Final dimension of first component
                  'default_lp':         0 rows, 4 columns, 0 entries
                       'fixed':         0 rows, 4 columns, 0 entries
              'lb_tree_search':   209 rows, 233 columns, 418 entries
                      'max_lp':  336 rows, 233 columns, 1249 entries
         'objective_lb_search':         0 rows, 4 columns, 0 entries
  'objective_lb_search_max_lp':       0 rows, 233 columns, 0 entries
                     'probing':         0 rows, 4 columns, 0 entries
              'probing_max_lp':   209 rows, 233 columns, 418 entries
                'pseudo_costs':   148 rows, 233 columns, 868 entries
               'quick_restart':         0 rows, 4 columns, 0 entries
               'reduced_costs':       0 rows, 233 columns, 0 entries

Lp debug                         CutPropag  CutEqPropag  Adjust  Overflow  Bad  BadScaling
                  'default_lp':          0            0       0         0    0           0
                       'fixed':          0            0       0         0    0           0
              'lb_tree_search':          0            0       0         0    0           0
                      'max_lp':          0            0       0         0  746           0
         'objective_lb_search':          0            0       0         0    0           0
  'objective_lb_search_max_lp':          0            0       0         0    0           0
                     'probing':          0            0       0         0    0           0
              'probing_max_lp':          0            0       0         0    0           0
                'pseudo_costs':          0            0       0         0  231           0
               'quick_restart':          0            0       0         0    0           0
               'reduced_costs':          0            0       0         0    0           0

Lp pool                          Constraints  Updates  Simplif  Merged  Shortened  Split  Strenghtened  Cuts/Call
                  'default_lp':          209        0        0       0          0      0             0        0/0
                       'fixed':          209        0        0       0          0      0             0        0/0
              'lb_tree_search':          209        0        0       0          0      0             0        0/0
                      'max_lp':          461        0        0       0          0      0             0    252/344
         'objective_lb_search':          209        0        1       0          0      0             0        0/0
  'objective_lb_search_max_lp':          209        0        0       0          0      0             0        0/0
                     'probing':          209        0        0       0          0      0             0        0/0
              'probing_max_lp':          209        0        0       0          0      0             0        0/0
                'pseudo_costs':          520        0        0       0          0      0             0    311/436
               'quick_restart':          209        0        0       0          0      0             0        0/0
               'reduced_costs':          209        0        0       0          0      0             0        0/0

Lp Cut                                                pseudo_costs  max_lp
                                               CG_R:             -       7
                                            MIR_1_R:             2       -
                  NoOverlapCompletionTimeExhaustive:             3       4
           NoOverlapCompletionTimeExhaustive_lifted:             6      12
  NoOverlapCompletionTimeExhaustive_lifted_weighted:            48      29
         NoOverlapCompletionTimeExhaustive_weighted:            11      14
                    NoOverlapCompletionTimeQueyrane:            50      34
             NoOverlapCompletionTimeQueyrane_lifted:            80      63
                        NoOverlapDisjunctionOnStart:           110      87
                                        ZERO_HALF_R:             1       2

LNS stats                             Improv/Calls  Closed  Difficulty  TimeLimit
                    'graph_arc_lns':           1/1    100%    7.07e-01       0.10
                    'graph_cst_lns':           1/1    100%    7.07e-01       0.10
                    'graph_dec_lns':           1/1    100%    7.07e-01       0.10
                    'graph_var_lns':           1/1    100%    7.07e-01       0.10
                     'lb_relax_lns':           1/1    100%    7.07e-01       0.50
                        'rins/rens':           0/0      0%    5.00e-01       0.10
                      'rnd_cst_lns':           1/1    100%    7.07e-01       0.10
                      'rnd_var_lns':           1/1    100%    7.07e-01       0.10
         'scheduling_intervals_lns':           0/0      0%    5.00e-01       0.10
       'scheduling_precedences_lns':           0/0      0%    5.00e-01       0.10
  'scheduling_resource_windows_lns':           0/0      0%    5.00e-01       0.10
       'scheduling_time_window_lns':           0/0      0%    5.00e-01       0.10

LS stats                 Batches  Restarts/Perturbs  LinMoves  GenMoves  CompoundMoves  Bactracks  WeightUpdates  ScoreComputed
    'ls_restart_decay':        1                  1         2        54              0          0             22          3'696
  'ls_restart_perturb':        1                  1         2        19              0          0             18          1'697

Solutions (3)                   Num   Rank
                       'core':    1  [2,2]
                 'default_lp':    1  [1,1]
  'objective_lb_search_no_lp':    1  [3,3]

Objective bounds     Num
           'fixed':    2
  'initial_domain':    1

Solution repositories    Added  Queried  Synchro
  'feasible solutions':      8       24        4
   'fj solution hints':      0        0        0
        'lp solutions':      0        0        0
                'pump':      0        0

Improving bounds shared    Num  Sym
            'default_lp':  233    0
                 'fixed':  699    0

CpSolverResponse summary:
status: OPTIMAL
objective: 3462
best_bound: 3462
integers: 0
booleans: 0
conflicts: 0
branches: 0
propagations: 0
integer_propagations: 0
restarts: 0
lp_iterations: 0
walltime: 0.0423023
usertime: 0.0423024
deterministic_time: 0.0140909
gap_integral: 0.00188389
solution_fingerprint: 0xf9dea6be15eb663c

