
Starting CP-SAT solver v9.14.6206
Parameters: max_time_in_seconds: 3600 log_search_progress: true num_search_workers: 96 relative_gap_limit: 0.005

Initial optimization model '': (model_fingerprint: 0x8b8b69d8dba87231)
#Variables: 330 (#ints: 15 in objective) (300 primary variables)
  - 30 in [0,12196]
  - 300 in [1440,12196]
#kInterval: 150
#kLinMax: 30 (#expressions: 60)
#kLinear1: 15
#kLinear2: 135
#kNoOverlap: 10 (#intervals: 150)

Starting presolve at 0.01s
  7.71e-04s  0.00e+00d  [DetectDominanceRelations] 
  1.11e-02s  0.00e+00d  [PresolveToFixPoint] #num_loops=10 #num_dual_strengthening=1 
  2.23e-04s  0.00e+00d  [ExtractEncodingFromLinear] 
  9.77e-06s  0.00e+00d  [DetectDuplicateColumns] 
  5.18e-05s  0.00e+00d  [DetectDuplicateConstraints] 
[Symmetry] Graph for symmetry has 775 nodes and 735 arcs.
[Symmetry] Symmetry computation done. time: 0.000793213 dtime: 8.881e-05
  4.84e-05s  0.00e+00d  [DetectDuplicateConstraintsWithDifferentEnforcements] 
  1.05e-02s  1.71e-06d  [Probe] 
  5.94e-06s  0.00e+00d  [MaxClique] 
  4.55e-05s  0.00e+00d  [DetectDominanceRelations] 
  2.63e-04s  0.00e+00d  [PresolveToFixPoint] #num_loops=1 #num_dual_strengthening=1 
  2.29e-05s  0.00e+00d  [ProcessAtMostOneAndLinear] 
  3.90e-05s  0.00e+00d  [DetectDuplicateConstraints] 
  3.53e-05s  0.00e+00d  [DetectDuplicateConstraintsWithDifferentEnforcements] 
  2.27e-04s  9.00e-07d  [DetectDominatedLinearConstraints] #relevant_constraints=150 
  2.45e-05s  0.00e+00d  [DetectDifferentVariables] 
  2.68e-06s  0.00e+00d  [ProcessSetPPC] 
  1.85e-06s  0.00e+00d  [FindAlmostIdenticalLinearConstraints] 
  7.79e-06s  0.00e+00d  [FindBigAtMostOneAndLinearOverlap] 
  1.05e-05s  5.32e-06d  [FindBigVerticalLinearOverlap] 
  2.66e-06s  0.00e+00d  [FindBigHorizontalLinearOverlap] 
  2.46e-06s  0.00e+00d  [MergeClauses] 
  3.96e-05s  0.00e+00d  [DetectDominanceRelations] 
  2.26e-04s  0.00e+00d  [PresolveToFixPoint] #num_loops=1 #num_dual_strengthening=1 
  3.74e-05s  0.00e+00d  [DetectDominanceRelations] 
  2.19e-04s  0.00e+00d  [PresolveToFixPoint] #num_loops=1 #num_dual_strengthening=1 
  7.03e-06s  0.00e+00d  [DetectDuplicateColumns] 
  3.73e-05s  0.00e+00d  [DetectDuplicateConstraints] 
[Symmetry] Graph for symmetry has 775 nodes and 735 arcs.
[Symmetry] Symmetry computation done. time: 5.3493e-05 dtime: 8.881e-05
  3.92e-05s  0.00e+00d  [DetectDuplicateConstraintsWithDifferentEnforcements] 
  2.98e-04s  1.71e-06d  [Probe] 
  1.48e-06s  0.00e+00d  [MaxClique] 
  3.94e-05s  0.00e+00d  [DetectDominanceRelations] 
  2.39e-04s  0.00e+00d  [PresolveToFixPoint] #num_loops=1 #num_dual_strengthening=1 
  1.93e-05s  0.00e+00d  [ProcessAtMostOneAndLinear] 
  3.66e-05s  0.00e+00d  [DetectDuplicateConstraints] 
  3.61e-05s  0.00e+00d  [DetectDuplicateConstraintsWithDifferentEnforcements] 
  1.65e-05s  9.00e-07d  [DetectDominatedLinearConstraints] #relevant_constraints=150 
  1.90e-05s  0.00e+00d  [DetectDifferentVariables] 
  1.45e-06s  0.00e+00d  [ProcessSetPPC] 
  1.63e-06s  0.00e+00d  [FindAlmostIdenticalLinearConstraints] 
  7.14e-06s  0.00e+00d  [FindBigAtMostOneAndLinearOverlap] 
  8.10e-06s  5.32e-06d  [FindBigVerticalLinearOverlap] 
  1.32e-06s  0.00e+00d  [FindBigHorizontalLinearOverlap] 
  1.08e-06s  0.00e+00d  [MergeClauses] 
  3.89e-05s  0.00e+00d  [DetectDominanceRelations] 
  2.24e-04s  0.00e+00d  [PresolveToFixPoint] #num_loops=1 #num_dual_strengthening=1 
  1.19e-05s  0.00e+00d  [ExpandObjective] 

Presolve summary:
  - 150 affine relations were detected.
  - rule 'TODO dual: only one blocking constraint?' was applied 270 times.
  - rule 'TODO dual: only one unspecified blocking constraint?' was applied 90 times.
  - rule 'affine: new relation' was applied 150 times.
  - rule 'lin_max: rewrite with precedences' was applied 15 times.
  - rule 'lin_max: target domain reduced' was applied 30 times.
  - rule 'lin_max: unused affine target' was applied 15 times.
  - rule 'linear1: x in domain' was applied 6 times.
  - rule 'linear: always true' was applied 24 times.
  - rule 'linear: reduced variable domains' was applied 825 times.
  - rule 'linear: remapped using affine relations' was applied 315 times.
  - rule 'presolve: 0 unused variables removed.' was applied 1 time.
  - rule 'presolve: iteration' was applied 2 times.

Presolved optimization model '': (model_fingerprint: 0x948bef83fe32b29)
#Variables: 165 (#ints: 15 in objective) (150 primary variables)
  - 142 different domains in [0,12175] with a largest complexity of 1.
#kInterval: 150
#kLinear2: 150
#kNoOverlap: 10 (#intervals: 150)
[Symmetry] Graph for symmetry has 610 nodes and 735 arcs.
[Symmetry] Symmetry computation done. time: 4.4913e-05 dtime: 7.891e-05

Preloading model.
#Bound   0.06s best:inf   next:[0,10787]  initial_domain
#Model   0.07s var:165/165 constraints:310/310

Starting search at 0.07s with 96 workers.
18 full problem subsolvers: [core, default_lp, fixed, lb_tree_search, max_lp, no_lp, objective_lb_search, objective_lb_search_max_lp, objective_lb_search_no_lp, objective_shaving_max_lp, objective_shaving_no_lp, probing, probing_max_lp, probing_no_lp, pseudo_costs, quick_restart, quick_restart_no_lp, reduced_costs]
78 first solution subsolvers: [fj(23), fj_lin(11), fs_random(11), fs_random_no_lp(11), fs_random_quick_restart(11), fs_random_quick_restart_no_lp(11)]
42 interleaved subsolvers: [feasibility_pump, graph_arc_lns, graph_cst_lns, graph_dec_lns, graph_var_lns, lb_relax_lns, ls(17), ls_lin(9), rins/rens, rnd_cst_lns, rnd_var_lns, scheduling_intervals_lns, scheduling_precedences_lns, scheduling_resource_windows_lns, scheduling_time_window_lns, variables_shaving, variables_shaving_max_lp, variables_shaving_no_lp]
3 helper subsolvers: [neighborhood_helper, synchronization_agent, update_gap_integral]

#1       0.08s best:0     next:[]         core
#Done    0.08s core

Task timing                                  n [     min,      max]      avg      dev     time         n [     min,      max]      avg      dev    dtime
                             'core':         1 [ 10.69ms,  10.69ms]  10.69ms   0.00ns  10.69ms         1 [167.76us, 167.76us] 167.76us   0.00ns 167.76us
                       'default_lp':         1 [ 16.19ms,  16.19ms]  16.19ms   0.00ns  16.19ms         0 [  0.00ns,   0.00ns]   0.00ns   0.00ns   0.00ns
                 'feasibility_pump':         0 [  0.00ns,   0.00ns]   0.00ns   0.00ns   0.00ns         0 [  0.00ns,   0.00ns]   0.00ns   0.00ns   0.00ns
                            'fixed':         1 [ 16.06ms,  16.06ms]  16.06ms   0.00ns  16.06ms         0 [  0.00ns,   0.00ns]   0.00ns   0.00ns   0.00ns
                               'fj':         0 [  0.00ns,   0.00ns]   0.00ns   0.00ns   0.00ns         0 [  0.00ns,   0.00ns]   0.00ns   0.00ns   0.00ns
                               'fj':         0 [  0.00ns,   0.00ns]   0.00ns   0.00ns   0.00ns         0 [  0.00ns,   0.00ns]   0.00ns   0.00ns   0.00ns
                               'fj':         0 [  0.00ns,   0.00ns]   0.00ns   0.00ns   0.00ns         0 [  0.00ns,   0.00ns]   0.00ns   0.00ns   0.00ns
                               'fj':         0 [  0.00ns,   0.00ns]   0.00ns   0.00ns   0.00ns         0 [  0.00ns,   0.00ns]   0.00ns   0.00ns   0.00ns
                               'fj':         0 [  0.00ns,   0.00ns]   0.00ns   0.00ns   0.00ns         0 [  0.00ns,   0.00ns]   0.00ns   0.00ns   0.00ns
                               'fj':         0 [  0.00ns,   0.00ns]   0.00ns   0.00ns   0.00ns         0 [  0.00ns,   0.00ns]   0.00ns   0.00ns   0.00ns
                               'fj':         0 [  0.00ns,   0.00ns]   0.00ns   0.00ns   0.00ns         0 [  0.00ns,   0.00ns]   0.00ns   0.00ns   0.00ns
                               'fj':         0 [  0.00ns,   0.00ns]   0.00ns   0.00ns   0.00ns         0 [  0.00ns,   0.00ns]   0.00ns   0.00ns   0.00ns
                               'fj':         0 [  0.00ns,   0.00ns]   0.00ns   0.00ns   0.00ns         0 [  0.00ns,   0.00ns]   0.00ns   0.00ns   0.00ns
                               'fj':         0 [  0.00ns,   0.00ns]   0.00ns   0.00ns   0.00ns         0 [  0.00ns,   0.00ns]   0.00ns   0.00ns   0.00ns
                               'fj':         0 [  0.00ns,   0.00ns]   0.00ns   0.00ns   0.00ns         0 [  0.00ns,   0.00ns]   0.00ns   0.00ns   0.00ns
                               'fj':         0 [  0.00ns,   0.00ns]   0.00ns   0.00ns   0.00ns         0 [  0.00ns,   0.00ns]   0.00ns   0.00ns   0.00ns
                               'fj':         0 [  0.00ns,   0.00ns]   0.00ns   0.00ns   0.00ns         0 [  0.00ns,   0.00ns]   0.00ns   0.00ns   0.00ns
                               'fj':         0 [  0.00ns,   0.00ns]   0.00ns   0.00ns   0.00ns         0 [  0.00ns,   0.00ns]   0.00ns   0.00ns   0.00ns
                               'fj':         0 [  0.00ns,   0.00ns]   0.00ns   0.00ns   0.00ns         0 [  0.00ns,   0.00ns]   0.00ns   0.00ns   0.00ns
                               'fj':         0 [  0.00ns,   0.00ns]   0.00ns   0.00ns   0.00ns         0 [  0.00ns,   0.00ns]   0.00ns   0.00ns   0.00ns
                               'fj':         0 [  0.00ns,   0.00ns]   0.00ns   0.00ns   0.00ns         0 [  0.00ns,   0.00ns]   0.00ns   0.00ns   0.00ns
                               'fj':         0 [  0.00ns,   0.00ns]   0.00ns   0.00ns   0.00ns         0 [  0.00ns,   0.00ns]   0.00ns   0.00ns   0.00ns
                               'fj':         0 [  0.00ns,   0.00ns]   0.00ns   0.00ns   0.00ns         0 [  0.00ns,   0.00ns]   0.00ns   0.00ns   0.00ns
                               'fj':         0 [  0.00ns,   0.00ns]   0.00ns   0.00ns   0.00ns         0 [  0.00ns,   0.00ns]   0.00ns   0.00ns   0.00ns
                               'fj':         0 [  0.00ns,   0.00ns]   0.00ns   0.00ns   0.00ns         0 [  0.00ns,   0.00ns]   0.00ns   0.00ns   0.00ns
                               'fj':         0 [  0.00ns,   0.00ns]   0.00ns   0.00ns   0.00ns         0 [  0.00ns,   0.00ns]   0.00ns   0.00ns   0.00ns
                               'fj':         0 [  0.00ns,   0.00ns]   0.00ns   0.00ns   0.00ns         0 [  0.00ns,   0.00ns]   0.00ns   0.00ns   0.00ns
                           'fj_lin':         0 [  0.00ns,   0.00ns]   0.00ns   0.00ns   0.00ns         0 [  0.00ns,   0.00ns]   0.00ns   0.00ns   0.00ns
                           'fj_lin':         0 [  0.00ns,   0.00ns]   0.00ns   0.00ns   0.00ns         0 [  0.00ns,   0.00ns]   0.00ns   0.00ns   0.00ns
                           'fj_lin':         0 [  0.00ns,   0.00ns]   0.00ns   0.00ns   0.00ns         0 [  0.00ns,   0.00ns]   0.00ns   0.00ns   0.00ns
                           'fj_lin':         0 [  0.00ns,   0.00ns]   0.00ns   0.00ns   0.00ns         0 [  0.00ns,   0.00ns]   0.00ns   0.00ns   0.00ns
                           'fj_lin':         0 [  0.00ns,   0.00ns]   0.00ns   0.00ns   0.00ns         0 [  0.00ns,   0.00ns]   0.00ns   0.00ns   0.00ns
                           'fj_lin':         0 [  0.00ns,   0.00ns]   0.00ns   0.00ns   0.00ns         0 [  0.00ns,   0.00ns]   0.00ns   0.00ns   0.00ns
                           'fj_lin':         0 [  0.00ns,   0.00ns]   0.00ns   0.00ns   0.00ns         0 [  0.00ns,   0.00ns]   0.00ns   0.00ns   0.00ns
                           'fj_lin':         0 [  0.00ns,   0.00ns]   0.00ns   0.00ns   0.00ns         0 [  0.00ns,   0.00ns]   0.00ns   0.00ns   0.00ns
                           'fj_lin':         0 [  0.00ns,   0.00ns]   0.00ns   0.00ns   0.00ns         0 [  0.00ns,   0.00ns]   0.00ns   0.00ns   0.00ns
                           'fj_lin':         0 [  0.00ns,   0.00ns]   0.00ns   0.00ns   0.00ns         0 [  0.00ns,   0.00ns]   0.00ns   0.00ns   0.00ns
                           'fj_lin':         0 [  0.00ns,   0.00ns]   0.00ns   0.00ns   0.00ns         0 [  0.00ns,   0.00ns]   0.00ns   0.00ns   0.00ns
                        'fs_random':         0 [  0.00ns,   0.00ns]   0.00ns   0.00ns   0.00ns         0 [  0.00ns,   0.00ns]   0.00ns   0.00ns   0.00ns
                        'fs_random':         0 [  0.00ns,   0.00ns]   0.00ns   0.00ns   0.00ns         0 [  0.00ns,   0.00ns]   0.00ns   0.00ns   0.00ns
                        'fs_random':         0 [  0.00ns,   0.00ns]   0.00ns   0.00ns   0.00ns         0 [  0.00ns,   0.00ns]   0.00ns   0.00ns   0.00ns
                        'fs_random':         0 [  0.00ns,   0.00ns]   0.00ns   0.00ns   0.00ns         0 [  0.00ns,   0.00ns]   0.00ns   0.00ns   0.00ns
                        'fs_random':         0 [  0.00ns,   0.00ns]   0.00ns   0.00ns   0.00ns         0 [  0.00ns,   0.00ns]   0.00ns   0.00ns   0.00ns
                        'fs_random':         0 [  0.00ns,   0.00ns]   0.00ns   0.00ns   0.00ns         0 [  0.00ns,   0.00ns]   0.00ns   0.00ns   0.00ns
                        'fs_random':         0 [  0.00ns,   0.00ns]   0.00ns   0.00ns   0.00ns         0 [  0.00ns,   0.00ns]   0.00ns   0.00ns   0.00ns
                        'fs_random':         0 [  0.00ns,   0.00ns]   0.00ns   0.00ns   0.00ns         0 [  0.00ns,   0.00ns]   0.00ns   0.00ns   0.00ns
                        'fs_random':         1 [  1.87ms,   1.87ms]   1.87ms   0.00ns   1.87ms         0 [  0.00ns,   0.00ns]   0.00ns   0.00ns   0.00ns
                        'fs_random':         1 [  5.10ms,   5.10ms]   5.10ms   0.00ns   5.10ms         0 [  0.00ns,   0.00ns]   0.00ns   0.00ns   0.00ns
                        'fs_random':         1 [  7.27ms,   7.27ms]   7.27ms   0.00ns   7.27ms         0 [  0.00ns,   0.00ns]   0.00ns   0.00ns   0.00ns
                  'fs_random_no_lp':         0 [  0.00ns,   0.00ns]   0.00ns   0.00ns   0.00ns         0 [  0.00ns,   0.00ns]   0.00ns   0.00ns   0.00ns
                  'fs_random_no_lp':         0 [  0.00ns,   0.00ns]   0.00ns   0.00ns   0.00ns         0 [  0.00ns,   0.00ns]   0.00ns   0.00ns   0.00ns
                  'fs_random_no_lp':         0 [  0.00ns,   0.00ns]   0.00ns   0.00ns   0.00ns         0 [  0.00ns,   0.00ns]   0.00ns   0.00ns   0.00ns
                  'fs_random_no_lp':         0 [  0.00ns,   0.00ns]   0.00ns   0.00ns   0.00ns         0 [  0.00ns,   0.00ns]   0.00ns   0.00ns   0.00ns
                  'fs_random_no_lp':         0 [  0.00ns,   0.00ns]   0.00ns   0.00ns   0.00ns         0 [  0.00ns,   0.00ns]   0.00ns   0.00ns   0.00ns
                  'fs_random_no_lp':         0 [  0.00ns,   0.00ns]   0.00ns   0.00ns   0.00ns         0 [  0.00ns,   0.00ns]   0.00ns   0.00ns   0.00ns
                  'fs_random_no_lp':         0 [  0.00ns,   0.00ns]   0.00ns   0.00ns   0.00ns         0 [  0.00ns,   0.00ns]   0.00ns   0.00ns   0.00ns
                  'fs_random_no_lp':         0 [  0.00ns,   0.00ns]   0.00ns   0.00ns   0.00ns         0 [  0.00ns,   0.00ns]   0.00ns   0.00ns   0.00ns
                  'fs_random_no_lp':         1 [  2.24ms,   2.24ms]   2.24ms   0.00ns   2.24ms         0 [  0.00ns,   0.00ns]   0.00ns   0.00ns   0.00ns
                  'fs_random_no_lp':         1 [  5.27ms,   5.27ms]   5.27ms   0.00ns   5.27ms         0 [  0.00ns,   0.00ns]   0.00ns   0.00ns   0.00ns
                  'fs_random_no_lp':         1 [  5.91ms,   5.91ms]   5.91ms   0.00ns   5.91ms         1 [117.51us, 117.51us] 117.51us   0.00ns 117.51us
          'fs_random_quick_restart':         0 [  0.00ns,   0.00ns]   0.00ns   0.00ns   0.00ns         0 [  0.00ns,   0.00ns]   0.00ns   0.00ns   0.00ns
          'fs_random_quick_restart':         0 [  0.00ns,   0.00ns]   0.00ns   0.00ns   0.00ns         0 [  0.00ns,   0.00ns]   0.00ns   0.00ns   0.00ns
          'fs_random_quick_restart':         0 [  0.00ns,   0.00ns]   0.00ns   0.00ns   0.00ns         0 [  0.00ns,   0.00ns]   0.00ns   0.00ns   0.00ns
          'fs_random_quick_restart':         0 [  0.00ns,   0.00ns]   0.00ns   0.00ns   0.00ns         0 [  0.00ns,   0.00ns]   0.00ns   0.00ns   0.00ns
          'fs_random_quick_restart':         0 [  0.00ns,   0.00ns]   0.00ns   0.00ns   0.00ns         0 [  0.00ns,   0.00ns]   0.00ns   0.00ns   0.00ns
          'fs_random_quick_restart':         0 [  0.00ns,   0.00ns]   0.00ns   0.00ns   0.00ns         0 [  0.00ns,   0.00ns]   0.00ns   0.00ns   0.00ns
          'fs_random_quick_restart':         0 [  0.00ns,   0.00ns]   0.00ns   0.00ns   0.00ns         0 [  0.00ns,   0.00ns]   0.00ns   0.00ns   0.00ns
          'fs_random_quick_restart':         0 [  0.00ns,   0.00ns]   0.00ns   0.00ns   0.00ns         0 [  0.00ns,   0.00ns]   0.00ns   0.00ns   0.00ns
          'fs_random_quick_restart':         0 [  0.00ns,   0.00ns]   0.00ns   0.00ns   0.00ns         0 [  0.00ns,   0.00ns]   0.00ns   0.00ns   0.00ns
          'fs_random_quick_restart':         1 [  1.36ms,   1.36ms]   1.36ms   0.00ns   1.36ms         0 [  0.00ns,   0.00ns]   0.00ns   0.00ns   0.00ns
          'fs_random_quick_restart':         1 [  5.59ms,   5.59ms]   5.59ms   0.00ns   5.59ms         0 [  0.00ns,   0.00ns]   0.00ns   0.00ns   0.00ns
    'fs_random_quick_restart_no_lp':         0 [  0.00ns,   0.00ns]   0.00ns   0.00ns   0.00ns         0 [  0.00ns,   0.00ns]   0.00ns   0.00ns   0.00ns
    'fs_random_quick_restart_no_lp':         0 [  0.00ns,   0.00ns]   0.00ns   0.00ns   0.00ns         0 [  0.00ns,   0.00ns]   0.00ns   0.00ns   0.00ns
    'fs_random_quick_restart_no_lp':         0 [  0.00ns,   0.00ns]   0.00ns   0.00ns   0.00ns         0 [  0.00ns,   0.00ns]   0.00ns   0.00ns   0.00ns
    'fs_random_quick_restart_no_lp':         0 [  0.00ns,   0.00ns]   0.00ns   0.00ns   0.00ns         0 [  0.00ns,   0.00ns]   0.00ns   0.00ns   0.00ns
    'fs_random_quick_restart_no_lp':         0 [  0.00ns,   0.00ns]   0.00ns   0.00ns   0.00ns         0 [  0.00ns,   0.00ns]   0.00ns   0.00ns   0.00ns
    'fs_random_quick_restart_no_lp':         0 [  0.00ns,   0.00ns]   0.00ns   0.00ns   0.00ns         0 [  0.00ns,   0.00ns]   0.00ns   0.00ns   0.00ns
    'fs_random_quick_restart_no_lp':         0 [  0.00ns,   0.00ns]   0.00ns   0.00ns   0.00ns         0 [  0.00ns,   0.00ns]   0.00ns   0.00ns   0.00ns
    'fs_random_quick_restart_no_lp':         0 [  0.00ns,   0.00ns]   0.00ns   0.00ns   0.00ns         0 [  0.00ns,   0.00ns]   0.00ns   0.00ns   0.00ns
    'fs_random_quick_restart_no_lp':         1 [  1.26ms,   1.26ms]   1.26ms   0.00ns   1.26ms         0 [  0.00ns,   0.00ns]   0.00ns   0.00ns   0.00ns
    'fs_random_quick_restart_no_lp':         1 [  2.84ms,   2.84ms]   2.84ms   0.00ns   2.84ms         0 [  0.00ns,   0.00ns]   0.00ns   0.00ns   0.00ns
    'fs_random_quick_restart_no_lp':         1 [  6.14ms,   6.14ms]   6.14ms   0.00ns   6.14ms         0 [  0.00ns,   0.00ns]   0.00ns   0.00ns   0.00ns
                    'graph_arc_lns':         0 [  0.00ns,   0.00ns]   0.00ns   0.00ns   0.00ns         0 [  0.00ns,   0.00ns]   0.00ns   0.00ns   0.00ns
                    'graph_cst_lns':         0 [  0.00ns,   0.00ns]   0.00ns   0.00ns   0.00ns         0 [  0.00ns,   0.00ns]   0.00ns   0.00ns   0.00ns
                    'graph_dec_lns':         0 [  0.00ns,   0.00ns]   0.00ns   0.00ns   0.00ns         0 [  0.00ns,   0.00ns]   0.00ns   0.00ns   0.00ns
                    'graph_var_lns':         0 [  0.00ns,   0.00ns]   0.00ns   0.00ns   0.00ns         0 [  0.00ns,   0.00ns]   0.00ns   0.00ns   0.00ns
                     'lb_relax_lns':         0 [  0.00ns,   0.00ns]   0.00ns   0.00ns   0.00ns         0 [  0.00ns,   0.00ns]   0.00ns   0.00ns   0.00ns
                   'lb_tree_search':         1 [ 14.13ms,  14.13ms]  14.13ms   0.00ns  14.13ms         0 [  0.00ns,   0.00ns]   0.00ns   0.00ns   0.00ns
                               'ls':         0 [  0.00ns,   0.00ns]   0.00ns   0.00ns   0.00ns         0 [  0.00ns,   0.00ns]   0.00ns   0.00ns   0.00ns
                               'ls':         0 [  0.00ns,   0.00ns]   0.00ns   0.00ns   0.00ns         0 [  0.00ns,   0.00ns]   0.00ns   0.00ns   0.00ns
                               'ls':         0 [  0.00ns,   0.00ns]   0.00ns   0.00ns   0.00ns         0 [  0.00ns,   0.00ns]   0.00ns   0.00ns   0.00ns
                               'ls':         0 [  0.00ns,   0.00ns]   0.00ns   0.00ns   0.00ns         0 [  0.00ns,   0.00ns]   0.00ns   0.00ns   0.00ns
                               'ls':         0 [  0.00ns,   0.00ns]   0.00ns   0.00ns   0.00ns         0 [  0.00ns,   0.00ns]   0.00ns   0.00ns   0.00ns
                               'ls':         0 [  0.00ns,   0.00ns]   0.00ns   0.00ns   0.00ns         0 [  0.00ns,   0.00ns]   0.00ns   0.00ns   0.00ns
                               'ls':         0 [  0.00ns,   0.00ns]   0.00ns   0.00ns   0.00ns         0 [  0.00ns,   0.00ns]   0.00ns   0.00ns   0.00ns
                               'ls':         0 [  0.00ns,   0.00ns]   0.00ns   0.00ns   0.00ns         0 [  0.00ns,   0.00ns]   0.00ns   0.00ns   0.00ns
                               'ls':         0 [  0.00ns,   0.00ns]   0.00ns   0.00ns   0.00ns         0 [  0.00ns,   0.00ns]   0.00ns   0.00ns   0.00ns
                               'ls':         0 [  0.00ns,   0.00ns]   0.00ns   0.00ns   0.00ns         0 [  0.00ns,   0.00ns]   0.00ns   0.00ns   0.00ns
                               'ls':         0 [  0.00ns,   0.00ns]   0.00ns   0.00ns   0.00ns         0 [  0.00ns,   0.00ns]   0.00ns   0.00ns   0.00ns
                               'ls':         0 [  0.00ns,   0.00ns]   0.00ns   0.00ns   0.00ns         0 [  0.00ns,   0.00ns]   0.00ns   0.00ns   0.00ns
                               'ls':         0 [  0.00ns,   0.00ns]   0.00ns   0.00ns   0.00ns         0 [  0.00ns,   0.00ns]   0.00ns   0.00ns   0.00ns
                               'ls':         0 [  0.00ns,   0.00ns]   0.00ns   0.00ns   0.00ns         0 [  0.00ns,   0.00ns]   0.00ns   0.00ns   0.00ns
                               'ls':         0 [  0.00ns,   0.00ns]   0.00ns   0.00ns   0.00ns         0 [  0.00ns,   0.00ns]   0.00ns   0.00ns   0.00ns
                               'ls':         0 [  0.00ns,   0.00ns]   0.00ns   0.00ns   0.00ns         0 [  0.00ns,   0.00ns]   0.00ns   0.00ns   0.00ns
                               'ls':         0 [  0.00ns,   0.00ns]   0.00ns   0.00ns   0.00ns         0 [  0.00ns,   0.00ns]   0.00ns   0.00ns   0.00ns
                           'ls_lin':         0 [  0.00ns,   0.00ns]   0.00ns   0.00ns   0.00ns         0 [  0.00ns,   0.00ns]   0.00ns   0.00ns   0.00ns
                           'ls_lin':         0 [  0.00ns,   0.00ns]   0.00ns   0.00ns   0.00ns         0 [  0.00ns,   0.00ns]   0.00ns   0.00ns   0.00ns
                           'ls_lin':         0 [  0.00ns,   0.00ns]   0.00ns   0.00ns   0.00ns         0 [  0.00ns,   0.00ns]   0.00ns   0.00ns   0.00ns
                           'ls_lin':         0 [  0.00ns,   0.00ns]   0.00ns   0.00ns   0.00ns         0 [  0.00ns,   0.00ns]   0.00ns   0.00ns   0.00ns
                           'ls_lin':         0 [  0.00ns,   0.00ns]   0.00ns   0.00ns   0.00ns         0 [  0.00ns,   0.00ns]   0.00ns   0.00ns   0.00ns
                           'ls_lin':         0 [  0.00ns,   0.00ns]   0.00ns   0.00ns   0.00ns         0 [  0.00ns,   0.00ns]   0.00ns   0.00ns   0.00ns
                           'ls_lin':         0 [  0.00ns,   0.00ns]   0.00ns   0.00ns   0.00ns         0 [  0.00ns,   0.00ns]   0.00ns   0.00ns   0.00ns
                           'ls_lin':         0 [  0.00ns,   0.00ns]   0.00ns   0.00ns   0.00ns         0 [  0.00ns,   0.00ns]   0.00ns   0.00ns   0.00ns
                           'ls_lin':         0 [  0.00ns,   0.00ns]   0.00ns   0.00ns   0.00ns         0 [  0.00ns,   0.00ns]   0.00ns   0.00ns   0.00ns
                           'max_lp':         1 [ 15.45ms,  15.45ms]  15.45ms   0.00ns  15.45ms         0 [  0.00ns,   0.00ns]   0.00ns   0.00ns   0.00ns
                            'no_lp':         1 [ 11.98ms,  11.98ms]  11.98ms   0.00ns  11.98ms         1 [113.67us, 113.67us] 113.67us   0.00ns 113.67us
              'objective_lb_search':         1 [ 13.68ms,  13.68ms]  13.68ms   0.00ns  13.68ms         0 [  0.00ns,   0.00ns]   0.00ns   0.00ns   0.00ns
       'objective_lb_search_max_lp':         1 [ 11.72ms,  11.72ms]  11.72ms   0.00ns  11.72ms         0 [  0.00ns,   0.00ns]   0.00ns   0.00ns   0.00ns
        'objective_lb_search_no_lp':         1 [  7.69ms,   7.69ms]   7.69ms   0.00ns   7.69ms         1 [ 57.91us,  57.91us]  57.91us   0.00ns  57.91us
         'objective_shaving_max_lp':         1 [ 13.72ms,  13.72ms]  13.72ms   0.00ns  13.72ms         1 [ 24.98us,  24.98us]  24.98us   0.00ns  24.98us
          'objective_shaving_no_lp':         1 [ 17.12ms,  17.12ms]  17.12ms   0.00ns  17.12ms         1 [ 17.51us,  17.51us]  17.51us   0.00ns  17.51us
                          'probing':         1 [ 12.91ms,  12.91ms]  12.91ms   0.00ns  12.91ms         0 [  0.00ns,   0.00ns]   0.00ns   0.00ns   0.00ns
                   'probing_max_lp':         1 [ 12.49ms,  12.49ms]  12.49ms   0.00ns  12.49ms         0 [  0.00ns,   0.00ns]   0.00ns   0.00ns   0.00ns
                    'probing_no_lp':         1 [ 12.41ms,  12.41ms]  12.41ms   0.00ns  12.41ms         0 [  0.00ns,   0.00ns]   0.00ns   0.00ns   0.00ns
                     'pseudo_costs':         1 [ 14.75ms,  14.75ms]  14.75ms   0.00ns  14.75ms         0 [  0.00ns,   0.00ns]   0.00ns   0.00ns   0.00ns
                    'quick_restart':         1 [ 15.38ms,  15.38ms]  15.38ms   0.00ns  15.38ms         0 [  0.00ns,   0.00ns]   0.00ns   0.00ns   0.00ns
              'quick_restart_no_lp':         1 [ 11.11ms,  11.11ms]  11.11ms   0.00ns  11.11ms         1 [175.32us, 175.32us] 175.32us   0.00ns 175.32us
                    'reduced_costs':         1 [ 13.25ms,  13.25ms]  13.25ms   0.00ns  13.25ms         0 [  0.00ns,   0.00ns]   0.00ns   0.00ns   0.00ns
                        'rins/rens':         0 [  0.00ns,   0.00ns]   0.00ns   0.00ns   0.00ns         0 [  0.00ns,   0.00ns]   0.00ns   0.00ns   0.00ns
                      'rnd_cst_lns':         0 [  0.00ns,   0.00ns]   0.00ns   0.00ns   0.00ns         0 [  0.00ns,   0.00ns]   0.00ns   0.00ns   0.00ns
                      'rnd_var_lns':         0 [  0.00ns,   0.00ns]   0.00ns   0.00ns   0.00ns         0 [  0.00ns,   0.00ns]   0.00ns   0.00ns   0.00ns
         'scheduling_intervals_lns':         0 [  0.00ns,   0.00ns]   0.00ns   0.00ns   0.00ns         0 [  0.00ns,   0.00ns]   0.00ns   0.00ns   0.00ns
       'scheduling_precedences_lns':         0 [  0.00ns,   0.00ns]   0.00ns   0.00ns   0.00ns         0 [  0.00ns,   0.00ns]   0.00ns   0.00ns   0.00ns
  'scheduling_resource_windows_lns':         0 [  0.00ns,   0.00ns]   0.00ns   0.00ns   0.00ns         0 [  0.00ns,   0.00ns]   0.00ns   0.00ns   0.00ns
       'scheduling_time_window_lns':         0 [  0.00ns,   0.00ns]   0.00ns   0.00ns   0.00ns         0 [  0.00ns,   0.00ns]   0.00ns   0.00ns   0.00ns
                'variables_shaving':         0 [  0.00ns,   0.00ns]   0.00ns   0.00ns   0.00ns         0 [  0.00ns,   0.00ns]   0.00ns   0.00ns   0.00ns
         'variables_shaving_max_lp':         0 [  0.00ns,   0.00ns]   0.00ns   0.00ns   0.00ns         0 [  0.00ns,   0.00ns]   0.00ns   0.00ns   0.00ns
          'variables_shaving_no_lp':         0 [  0.00ns,   0.00ns]   0.00ns   0.00ns   0.00ns         0 [  0.00ns,   0.00ns]   0.00ns   0.00ns   0.00ns

Search stats                        Bools  Conflicts  Branches  Restarts  BoolPropag  IntegerPropag
                           'core':    165          0       164         2          16          1'007
                     'default_lp':      0          0         0         0           0              0
                          'fixed':      0          0         0         0           0              0
                      'fs_random':      0          0         0         0           0              0
                      'fs_random':      0          0         0         0           0              0
                      'fs_random':      0          0         0         0           0              0
                      'fs_random':      0          0         0         0           0              0
                      'fs_random':      0          0         0         0           0              0
                      'fs_random':      0          0         0         0           0              0
                      'fs_random':      0          0         0         0           0              0
                      'fs_random':      0          0         0         0           0              0
                      'fs_random':      0          0         0         0           0              0
                      'fs_random':      0          0         0         0           0              0
                      'fs_random':      0          0         0         0           0              0
                'fs_random_no_lp':      0          0         0         0           0              0
                'fs_random_no_lp':      0          0         0         0           0              0
                'fs_random_no_lp':      0          0         0         0           0              0
                'fs_random_no_lp':      0          0         0         0           0              0
                'fs_random_no_lp':      0          0         0         0           0              0
                'fs_random_no_lp':      0          0         0         0           0              0
                'fs_random_no_lp':      0          0         0         0           0              0
                'fs_random_no_lp':      0          0         0         0           0              0
                'fs_random_no_lp':      0          0         0         0           0              0
                'fs_random_no_lp':      0          0         0         0           0              0
                'fs_random_no_lp':     65          0        64         0           0            722
        'fs_random_quick_restart':      0          0         0         0           0              0
        'fs_random_quick_restart':      0          0         0         0           0              0
        'fs_random_quick_restart':      0          0         0         0           0              0
        'fs_random_quick_restart':      0          0         0         0           0              0
        'fs_random_quick_restart':      0          0         0         0           0              0
        'fs_random_quick_restart':      0          0         0         0           0              0
        'fs_random_quick_restart':      0          0         0         0           0              0
        'fs_random_quick_restart':      0          0         0         0           0              0
        'fs_random_quick_restart':      0          0         0         0           0              0
        'fs_random_quick_restart':      0          0         0         0           0              0
        'fs_random_quick_restart':      0          0         0         0           0              0
  'fs_random_quick_restart_no_lp':      0          0         0         0           0              0
  'fs_random_quick_restart_no_lp':      0          0         0         0           0              0
  'fs_random_quick_restart_no_lp':      0          0         0         0           0              0
  'fs_random_quick_restart_no_lp':      0          0         0         0           0              0
  'fs_random_quick_restart_no_lp':      0          0         0         0           0              0
  'fs_random_quick_restart_no_lp':      0          0         0         0           0              0
  'fs_random_quick_restart_no_lp':      0          0         0         0           0              0
  'fs_random_quick_restart_no_lp':      0          0         0         0           0              0
  'fs_random_quick_restart_no_lp':      0          0         0         0           0              0
  'fs_random_quick_restart_no_lp':      0          0         0         0           0              0
  'fs_random_quick_restart_no_lp':      0          0         0         0           0              0
                 'lb_tree_search':  1'050          0         0         0           0              0
                         'max_lp':      0          0         0         0           0              0
                          'no_lp':     70          0        70         0           0            686
            'objective_lb_search':      0          0         0         0           0              0
     'objective_lb_search_max_lp':  1'050          0         0         0           0              0
      'objective_lb_search_no_lp':     24          0        24         0           0            386
                        'probing':  1'050          0         0         0           0              0
                 'probing_max_lp':  1'050          0         0         0           0              0
                  'probing_no_lp':  1'050          0         0         0           0              0
                   'pseudo_costs':      0          0         0         0           0              0
                  'quick_restart':      0          0         0         0           0              0
            'quick_restart_no_lp':    133          0       133         0           0          1'053
                  'reduced_costs':  1'050          0         0         0           0              0

SAT stats                           ClassicMinim  LitRemoved  LitLearned  LitForgotten  Subsumed  MClauses  MDecisions  MLitTrue  MSubsumed  MLitRemoved  MReused
                           'core':             0           0           0             0         0         0           0         0          0            0        0
                     'default_lp':             0           0           0             0         0         0           0         0          0            0        0
                          'fixed':             0           0           0             0         0         0           0         0          0            0        0
                      'fs_random':             0           0           0             0         0         0           0         0          0            0        0
                      'fs_random':             0           0           0             0         0         0           0         0          0            0        0
                      'fs_random':             0           0           0             0         0         0           0         0          0            0        0
                      'fs_random':             0           0           0             0         0         0           0         0          0            0        0
                      'fs_random':             0           0           0             0         0         0           0         0          0            0        0
                      'fs_random':             0           0           0             0         0         0           0         0          0            0        0
                      'fs_random':             0           0           0             0         0         0           0         0          0            0        0
                      'fs_random':             0           0           0             0         0         0           0         0          0            0        0
                      'fs_random':             0           0           0             0         0         0           0         0          0            0        0
                      'fs_random':             0           0           0             0         0         0           0         0          0            0        0
                      'fs_random':             0           0           0             0         0         0           0         0          0            0        0
                'fs_random_no_lp':             0           0           0             0         0         0           0         0          0            0        0
                'fs_random_no_lp':             0           0           0             0         0         0           0         0          0            0        0
                'fs_random_no_lp':             0           0           0             0         0         0           0         0          0            0        0
                'fs_random_no_lp':             0           0           0             0         0         0           0         0          0            0        0
                'fs_random_no_lp':             0           0           0             0         0         0           0         0          0            0        0
                'fs_random_no_lp':             0           0           0             0         0         0           0         0          0            0        0
                'fs_random_no_lp':             0           0           0             0         0         0           0         0          0            0        0
                'fs_random_no_lp':             0           0           0             0         0         0           0         0          0            0        0
                'fs_random_no_lp':             0           0           0             0         0         0           0         0          0            0        0
                'fs_random_no_lp':             0           0           0             0         0         0           0         0          0            0        0
                'fs_random_no_lp':             0           0           0             0         0         0           0         0          0            0        0
        'fs_random_quick_restart':             0           0           0             0         0         0           0         0          0            0        0
        'fs_random_quick_restart':             0           0           0             0         0         0           0         0          0            0        0
        'fs_random_quick_restart':             0           0           0             0         0         0           0         0          0            0        0
        'fs_random_quick_restart':             0           0           0             0         0         0           0         0          0            0        0
        'fs_random_quick_restart':             0           0           0             0         0         0           0         0          0            0        0
        'fs_random_quick_restart':             0           0           0             0         0         0           0         0          0            0        0
        'fs_random_quick_restart':             0           0           0             0         0         0           0         0          0            0        0
        'fs_random_quick_restart':             0           0           0             0         0         0           0         0          0            0        0
        'fs_random_quick_restart':             0           0           0             0         0         0           0         0          0            0        0
        'fs_random_quick_restart':             0           0           0             0         0         0           0         0          0            0        0
        'fs_random_quick_restart':             0           0           0             0         0         0           0         0          0            0        0
  'fs_random_quick_restart_no_lp':             0           0           0             0         0         0           0         0          0            0        0
  'fs_random_quick_restart_no_lp':             0           0           0             0         0         0           0         0          0            0        0
  'fs_random_quick_restart_no_lp':             0           0           0             0         0         0           0         0          0            0        0
  'fs_random_quick_restart_no_lp':             0           0           0             0         0         0           0         0          0            0        0
  'fs_random_quick_restart_no_lp':             0           0           0             0         0         0           0         0          0            0        0
  'fs_random_quick_restart_no_lp':             0           0           0             0         0         0           0         0          0            0        0
  'fs_random_quick_restart_no_lp':             0           0           0             0         0         0           0         0          0            0        0
  'fs_random_quick_restart_no_lp':             0           0           0             0         0         0           0         0          0            0        0
  'fs_random_quick_restart_no_lp':             0           0           0             0         0         0           0         0          0            0        0
  'fs_random_quick_restart_no_lp':             0           0           0             0         0         0           0         0          0            0        0
  'fs_random_quick_restart_no_lp':             0           0           0             0         0         0           0         0          0            0        0
                 'lb_tree_search':             0           0           0             0         0         0           0         0          0            0        0
                         'max_lp':             0           0           0             0         0         0           0         0          0            0        0
                          'no_lp':             0           0           0             0         0         0           0         0          0            0        0
            'objective_lb_search':             0           0           0             0         0         0           0         0          0            0        0
     'objective_lb_search_max_lp':             0           0           0             0         0         0           0         0          0            0        0
      'objective_lb_search_no_lp':             0           0           0             0         0         0           0         0          0            0        0
                        'probing':             0           0           0             0         0         0           0         0          0            0        0
                 'probing_max_lp':             0           0           0             0         0         0           0         0          0            0        0
                  'probing_no_lp':             0           0           0             0         0         0           0         0          0            0        0
                   'pseudo_costs':             0           0           0             0         0         0           0         0          0            0        0
                  'quick_restart':             0           0           0             0         0         0           0         0          0            0        0
            'quick_restart_no_lp':             0           0           0             0         0         0           0         0          0            0        0
                  'reduced_costs':             0           0           0             0         0         0           0         0          0            0        0

Lp stats                  Component  Iterations  AddedCuts  OPTIMAL  DUAL_F.  DUAL_U.
           'default_lp':         15           0          0        0        0        0
                'fixed':         15           0          0        0        0        0
               'max_lp':          1           0          0        0        0        0
  'objective_lb_search':         15           0          0        0        0        0
         'pseudo_costs':          1           0          0        0        0        0
        'quick_restart':         15           0          0        0        0        0

Lp dimension              Final dimension of first component
           'default_lp':       0 rows, 11 columns, 0 entries
                'fixed':       0 rows, 11 columns, 0 entries
               'max_lp':  150 rows, 165 columns, 300 entries
  'objective_lb_search':       0 rows, 11 columns, 0 entries
         'pseudo_costs':      0 rows, 165 columns, 0 entries
        'quick_restart':       0 rows, 11 columns, 0 entries

Lp debug                  CutPropag  CutEqPropag  Adjust  Overflow  Bad  BadScaling
           'default_lp':          0            0       0         0    0           0
                'fixed':          0            0       0         0    0           0
               'max_lp':          0            0       0         0    0           0
  'objective_lb_search':          0            0       0         0    0           0
         'pseudo_costs':          0            0       0         0    0           0
        'quick_restart':          0            0       0         0    0           0

Lp pool                   Constraints  Updates  Simplif  Merged  Shortened  Split  Strenghtened  Cuts/Call
           'default_lp':          150        0        0       0          0      0             0        0/0
                'fixed':          150        0        0       0          0      0             0        0/0
               'max_lp':          150        0        0       0          0      0             0        0/0
  'objective_lb_search':          150        0        0       0          0      0             0        0/0
         'pseudo_costs':          150        0        0       0          0      0             0        0/0
        'quick_restart':          150        0        0       0          0      0             0        0/0

LNS stats                             Improv/Calls  Closed  Difficulty  TimeLimit
                    'graph_arc_lns':           0/0      0%    5.00e-01       0.10
                    'graph_cst_lns':           0/0      0%    5.00e-01       0.10
                    'graph_dec_lns':           0/0      0%    5.00e-01       0.10
                    'graph_var_lns':           0/0      0%    5.00e-01       0.10
                     'lb_relax_lns':           0/0      0%    5.00e-01       0.50
                        'rins/rens':           0/0      0%    5.00e-01       0.10
                      'rnd_cst_lns':           0/0      0%    5.00e-01       0.10
                      'rnd_var_lns':           0/0      0%    5.00e-01       0.10
         'scheduling_intervals_lns':           0/0      0%    5.00e-01       0.10
       'scheduling_precedences_lns':           0/0      0%    5.00e-01       0.10
  'scheduling_resource_windows_lns':           0/0      0%    5.00e-01       0.10
       'scheduling_time_window_lns':           0/0      0%    5.00e-01       0.10

Solutions (1)    Num   Rank
        'core':    1  [1,1]

Objective bounds     Num
  'initial_domain':    1

Solution repositories    Added  Queried  Synchro
  'feasible solutions':      1        0        1
   'fj solution hints':      0        0        0
        'lp solutions':      0        0        0
                'pump':      0        0

CpSolverResponse summary:
status: OPTIMAL
objective: 0
best_bound: 0
integers: 166
booleans: 165
conflicts: 0
branches: 164
propagations: 16
integer_propagations: 1007
restarts: 2
lp_iterations: 0
walltime: 0.0956455
usertime: 0.0956455
deterministic_time: 0.000690532
gap_integral: 0.00264912
solution_fingerprint: 0xddcbff4acf3658fc

