
Starting CP-SAT solver v9.14.6206
Parameters: max_time_in_seconds: 3600 log_search_progress: true num_search_workers: 96 relative_gap_limit: 0.005

Initial optimization model '': (model_fingerprint: 0x45a2f65dda0ed076)
#Variables: 630 (#ints: 143 in objective) (448 primary variables)
  - 182 in [0,22226]
  - 48 in [5760,22226]
  - 160 in [7200,22226]
  - 240 in [8640,22226]
#kInterval: 232 (#fixed: 8)
#kLinMax: 182 (#expressions: 364)
#kLinear1: 39
#kLinear2: 185
#kNoOverlap: 10 (#intervals: 232, #fixed_intervals: 8)

Starting presolve at 0.00s
  9.38e-05s  0.00e+00d  [DetectDominanceRelations] 
  2.24e-03s  0.00e+00d  [PresolveToFixPoint] #num_loops=10 #num_dual_strengthening=1 
  2.86e-06s  0.00e+00d  [ExtractEncodingFromLinear] 
  1.41e-05s  0.00e+00d  [DetectDuplicateColumns] 
  9.78e-05s  0.00e+00d  [DetectDuplicateConstraints] 
[Symmetry] Graph for symmetry has 1'546 nodes and 1'508 arcs.
[Symmetry] Symmetry computation done. time: 0.000100642 dtime: 0.00014958
  1.02e-04s  0.00e+00d  [DetectDuplicateConstraintsWithDifferentEnforcements] 
  7.67e-04s  1.85e-05d  [Probe] #new_bounds=105 
  3.05e-06s  0.00e+00d  [MaxClique] 
  8.33e-05s  0.00e+00d  [DetectDominanceRelations] 
  7.63e-04s  0.00e+00d  [PresolveToFixPoint] #num_loops=3 #num_dual_strengthening=2 
  2.65e-05s  0.00e+00d  [ProcessAtMostOneAndLinear] 
  8.87e-05s  0.00e+00d  [DetectDuplicateConstraints] 
  9.04e-05s  0.00e+00d  [DetectDuplicateConstraintsWithDifferentEnforcements] 
  2.60e-05s  1.22e-06d  [DetectDominatedLinearConstraints] #relevant_constraints=203 
  2.80e-05s  0.00e+00d  [DetectDifferentVariables] 
  2.87e-06s  0.00e+00d  [ProcessSetPPC] 
  3.22e-06s  0.00e+00d  [FindAlmostIdenticalLinearConstraints] 
  1.36e-05s  0.00e+00d  [FindBigAtMostOneAndLinearOverlap] 
  2.02e-05s  8.68e-06d  [FindBigVerticalLinearOverlap] 
  2.09e-06s  0.00e+00d  [FindBigHorizontalLinearOverlap] 
  2.09e-06s  0.00e+00d  [MergeClauses] 
  7.92e-05s  0.00e+00d  [DetectDominanceRelations] 
  4.46e-04s  0.00e+00d  [PresolveToFixPoint] #num_loops=1 #num_dual_strengthening=1 
  7.77e-05s  0.00e+00d  [DetectDominanceRelations] 
  4.43e-04s  0.00e+00d  [PresolveToFixPoint] #num_loops=1 #num_dual_strengthening=1 
  1.17e-05s  0.00e+00d  [DetectDuplicateColumns] 
  8.70e-05s  0.00e+00d  [DetectDuplicateConstraints] 
[Symmetry] Graph for symmetry has 1'529 nodes and 1'487 arcs.
[Symmetry] Symmetry computation done. time: 8.3101e-05 dtime: 0.00014786
  9.02e-05s  0.00e+00d  [DetectDuplicateConstraintsWithDifferentEnforcements] 
  5.93e-04s  3.47e-06d  [Probe] 
  1.81e-06s  0.00e+00d  [MaxClique] 
  8.16e-05s  0.00e+00d  [DetectDominanceRelations] 
  4.80e-04s  0.00e+00d  [PresolveToFixPoint] #num_loops=1 #num_dual_strengthening=1 
  2.59e-05s  0.00e+00d  [ProcessAtMostOneAndLinear] 
  8.95e-05s  0.00e+00d  [DetectDuplicateConstraints] 
  8.39e-05s  0.00e+00d  [DetectDuplicateConstraintsWithDifferentEnforcements] 
  2.34e-05s  1.22e-06d  [DetectDominatedLinearConstraints] #relevant_constraints=203 
  2.64e-05s  0.00e+00d  [DetectDifferentVariables] 
  2.34e-06s  0.00e+00d  [ProcessSetPPC] 
  3.13e-06s  0.00e+00d  [FindAlmostIdenticalLinearConstraints] 
  1.39e-05s  0.00e+00d  [FindBigAtMostOneAndLinearOverlap] 
  2.19e-05s  8.68e-06d  [FindBigVerticalLinearOverlap] 
  2.04e-06s  0.00e+00d  [FindBigHorizontalLinearOverlap] 
  1.63e-06s  0.00e+00d  [MergeClauses] 
  7.88e-05s  0.00e+00d  [DetectDominanceRelations] 
  4.49e-04s  0.00e+00d  [PresolveToFixPoint] #num_loops=1 #num_dual_strengthening=1 
  2.38e-05s  0.00e+00d  [ExpandObjective] 

Presolve summary:
  - 263 affine relations were detected.
  - rule 'TODO dual: only one blocking constraint?' was applied 988 times.
  - rule 'TODO dual: only one unspecified blocking constraint?' was applied 127 times.
  - rule 'affine: new relation' was applied 263 times.
  - rule 'dual: fix variable' was applied 1 time.
  - rule 'dual: reduced domain' was applied 7 times.
  - rule 'intervals: removed unused interval' was applied 8 times.
  - rule 'lin_max: converted abs to equality' was applied 18 times.
  - rule 'lin_max: converted to equality' was applied 40 times.
  - rule 'lin_max: propagate domain from x to abs(x)' was applied 226 times.
  - rule 'lin_max: removed exprs' was applied 40 times.
  - rule 'lin_max: rewrite with precedences' was applied 19 times.
  - rule 'lin_max: target domain reduced' was applied 78 times.
  - rule 'lin_max: unused affine target' was applied 19 times.
  - rule 'linear1: x in domain' was applied 36 times.
  - rule 'linear: always true' was applied 43 times.
  - rule 'linear: fixed or dup variables' was applied 20 times.
  - rule 'linear: reduced variable domains' was applied 983 times.
  - rule 'linear: remapped using affine relations' was applied 580 times.
  - rule 'no_overlap: split into disjoint components' was applied 8 times.
  - rule 'objective: variable not used elsewhere' was applied 21 times.
  - rule 'presolve: 21 unused variables removed.' was applied 1 time.
  - rule 'presolve: iteration' was applied 2 times.
  - rule 'variables: canonicalize domain' was applied 1 time.

Presolved optimization model '': (model_fingerprint: 0xec3873c749676d2a)
#Variables: 328 (#ints: 122 in objective) (224 primary variables)
  - 293 different domains in [0,22205] with a largest complexity of 1.
#kInterval: 224
#kLinMax: 86 (#expressions: 172)
#kLinear2: 203
#kNoOverlap: 10 (#intervals: 224)
[Symmetry] Graph for symmetry has 1'226 nodes and 1'487 arcs.
[Symmetry] Symmetry computation done. time: 7.8509e-05 dtime: 0.00012968

Preloading model.
#Bound   0.01s best:inf   next:[8742,4081335] initial_domain
#Model   0.01s var:328/328 constraints:523/523

Starting search at 0.01s with 96 workers.
18 full problem subsolvers: [core, default_lp, fixed, lb_tree_search, max_lp, no_lp, objective_lb_search, objective_lb_search_max_lp, objective_lb_search_no_lp, objective_shaving_max_lp, objective_shaving_no_lp, probing, probing_max_lp, probing_no_lp, pseudo_costs, quick_restart, quick_restart_no_lp, reduced_costs]
78 first solution subsolvers: [fj(23), fj_lin(11), fs_random(11), fs_random_no_lp(11), fs_random_quick_restart(11), fs_random_quick_restart_no_lp(11)]
42 interleaved subsolvers: [feasibility_pump, graph_arc_lns, graph_cst_lns, graph_dec_lns, graph_var_lns, lb_relax_lns, ls(17), ls_lin(9), rins/rens, rnd_cst_lns, rnd_var_lns, scheduling_intervals_lns, scheduling_precedences_lns, scheduling_resource_windows_lns, scheduling_time_window_lns, variables_shaving, variables_shaving_max_lp, variables_shaving_no_lp]
3 helper subsolvers: [neighborhood_helper, synchronization_agent, update_gap_integral]

#1       0.02s best:108598 next:[8742,108597] no_lp
#Bound   0.02s best:108598 next:[9294,108597] pseudo_costs
#Bound   0.02s best:108598 next:[9295,108597] objective_lb_search
#2       0.02s best:106991 next:[9295,106990] default_lp
#Bound   0.02s best:106991 next:[10686,106990] max_lp
#3       0.03s best:106526 next:[10686,106525] ls_restart_compound_perturb(batch:1 lin{mvs:0 evals:15} gen{mvs:3 evals:208} comp{mvs:3 btracks:0} #w_updates:0 #perturb:0)
#4       0.03s best:106523 next:[10686,106522] ls_restart_compound_perturb(batch:1 lin{mvs:0 evals:7} gen{mvs:4 evals:112} comp{mvs:4 btracks:0} #w_updates:0 #perturb:0) [combined with: ls_restart_compound_...]
#5       0.03s best:106186 next:[10686,106185] ls_restart_compound(batch:1 lin{mvs:0 evals:15} gen{mvs:3 evals:209} comp{mvs:3 btracks:0} #w_updates:0 #perturb:0)
#6       0.03s best:105718 next:[10686,105717] ls_restart_compound(batch:1 lin{mvs:0 evals:15} gen{mvs:3 evals:209} comp{mvs:3 btracks:0} #w_updates:0 #perturb:0) [combined with: ls_restart_compound_...]
#7       0.03s best:105715 next:[10686,105714] ls_restart_decay_compound_perturb(batch:1 lin{mvs:0 evals:7} gen{mvs:3 evals:116} comp{mvs:3 btracks:0} #w_updates:0 #perturb:0) [combined with: ls_restart_compound(...]
#8       0.03s best:105712 next:[10686,105711] ls_lin_restart_compound_perturb(batch:1 lin{mvs:0 evals:5} gen{mvs:2 evals:111} comp{mvs:2 btracks:0} #w_updates:0 #perturb:0)
#9       0.03s best:105361 next:[10686,105360] ls_restart_compound(batch:1 lin{mvs:0 evals:149} gen{mvs:41 evals:2'175} comp{mvs:9 btracks:16} #w_updates:0 #perturb:0) [combined with: ls_lin_restart_compo...]
#10      0.03s best:80418 next:[10686,80417] objective_lb_search_no_lp
#11      0.04s best:80000 next:[10686,79999] ls_lin_restart_compound_perturb(batch:1 lin{mvs:0 evals:13} gen{mvs:3 evals:197} comp{mvs:3 btracks:0} #w_updates:0 #perturb:0)
#12      0.04s best:79291 next:[10686,79290] ls_restart_compound_perturb(batch:1 lin{mvs:0 evals:205} gen{mvs:63 evals:2'975} comp{mvs:5 btracks:29} #w_updates:1 #perturb:0) [combined with: ls_lin_restart_compo...]
#Bound   0.04s best:79291 next:[11658,79290] max_lp
#13      0.05s best:79290 next:[11658,79289] ls_restart_decay_compound_perturb(batch:1 lin{mvs:0 evals:132} gen{mvs:92 evals:3'271} comp{mvs:6 btracks:43} #w_updates:1 #perturb:0)
#Bound   0.05s best:79290 next:[11674,79289] max_lp
#14      0.06s best:79088 next:[11674,79087] ls_restart_decay_compound_perturb(batch:1 lin{mvs:0 evals:19} gen{mvs:9 evals:551} comp{mvs:3 btracks:3} #w_updates:0 #perturb:0)
#15      0.06s best:79004 next:[11674,79003] ls_restart_decay_compound_perturb(batch:1 lin{mvs:0 evals:328} gen{mvs:202 evals:6'801} comp{mvs:10 btracks:96} #w_updates:2 #perturb:0) [combined with: ls_restart_decay_com...]
#16      0.06s best:79001 next:[11674,79000] ls_restart_compound(batch:1 lin{mvs:0 evals:236} gen{mvs:176 evals:6'052} comp{mvs:10 btracks:83} #w_updates:2 #perturb:0) [combined with: ls_restart_decay_com...]
#17      0.06s best:54990 next:[11674,54989] objective_lb_search
#Bound   0.07s best:54990 next:[11677,54989] max_lp
#18      0.07s best:54989 next:[11677,54988] ls_restart_compound(batch:1 lin{mvs:0 evals:53} gen{mvs:14 evals:750} comp{mvs:4 btracks:5} #w_updates:0 #perturb:0)
#19      0.07s best:54349 next:[11677,54348] ls_restart_compound_perturb(batch:1 lin{mvs:0 evals:17} gen{mvs:3 evals:232} comp{mvs:3 btracks:0} #w_updates:0 #perturb:0)
#20      0.07s best:54348 next:[11677,54347] ls_restart_compound(batch:1 lin{mvs:0 evals:171} gen{mvs:148 evals:2'741} comp{mvs:8 btracks:70} #w_updates:1 #perturb:0) [combined with: ls_restart_compound_...]
#21      0.08s best:54182 next:[11677,54181] ls_lin_restart_compound_perturb(batch:1 lin{mvs:0 evals:16} gen{mvs:4 evals:281} comp{mvs:4 btracks:0} #w_updates:0 #perturb:0)
#22      0.08s best:54043 next:[11677,54042] ls_lin_restart_compound(batch:1 lin{mvs:0 evals:10} gen{mvs:3 evals:198} comp{mvs:3 btracks:0} #w_updates:0 #perturb:0)
#23      0.08s best:54042 next:[11677,54041] ls_restart_decay_compound_perturb(batch:1 lin{mvs:0 evals:276} gen{mvs:124 evals:4'611} comp{mvs:8 btracks:58} #w_updates:2 #perturb:0) [combined with: ls_lin_restart_compo...]
#24      0.08s best:53826 next:[11677,53825] ls_restart_compound_perturb(batch:1 lin{mvs:0 evals:8} gen{mvs:3 evals:217} comp{mvs:3 btracks:0} #w_updates:0 #perturb:0)
#25      0.09s best:53808 next:[11677,53807] ls_restart_compound(batch:1 lin{mvs:0 evals:400} gen{mvs:207 evals:9'888} comp{mvs:15 btracks:96} #w_updates:4 #perturb:0)
#26      0.09s best:53591 next:[11677,53590] ls_restart_compound(batch:1 lin{mvs:0 evals:400} gen{mvs:207 evals:9'888} comp{mvs:15 btracks:96} #w_updates:4 #perturb:0) [combined with: ls_restart_compound_...]
#27      0.10s best:53492 next:[11677,53491] ls_restart_decay_perturb(batch:1 lin{mvs:21 evals:1'423} gen{mvs:95 evals:3'558} #w_updates:3 #perturb:0)
#Bound   0.11s best:53492 next:[11709,53491] pseudo_costs
#28      0.11s best:53489 next:[11709,53488] ls_restart_decay_compound_perturb(batch:1 lin{mvs:0 evals:196} gen{mvs:334 evals:9'868} comp{mvs:20 btracks:157} #w_updates:5 #perturb:0)
#29      0.12s best:52964 next:[11709,52963] rnd_cst_lns (d=5.00e-01 s=149 t=0.10 p=0.00 stall=0 h=base) [combined with: ls_restart_decay_com...]
#30      0.12s best:52961 next:[11709,52960] ls_restart_compound_perturb(batch:1 lin{mvs:0 evals:131} gen{mvs:190 evals:6'560} comp{mvs:10 btracks:90} #w_updates:2 #perturb:0) [combined with: rnd_cst_lns (d=5.00e...]
#31      0.12s best:52748 next:[11709,52747] ls_lin_restart_decay_compound(batch:1 lin{mvs:0 evals:195} gen{mvs:291 evals:9'480} comp{mvs:13 btracks:139} #w_updates:4 #perturb:0)
#32      0.12s best:52217 next:[11709,52216] ls_lin_restart_decay_compound(batch:1 lin{mvs:0 evals:195} gen{mvs:291 evals:9'480} comp{mvs:13 btracks:139} #w_updates:4 #perturb:0) [combined with: ls_restart_compound_...]
#33      0.13s best:52216 next:[11709,52215] ls_lin_restart_compound_perturb(batch:1 lin{mvs:0 evals:93} gen{mvs:164 evals:4'725} comp{mvs:8 btracks:78} #w_updates:2 #perturb:0) [combined with: ls_lin_restart_decay...]
#34      0.13s best:51942 next:[11709,51941] graph_arc_lns (d=5.00e-01 s=127 t=0.10 p=0.00 stall=0 h=base) [combined with: ls_lin_restart_decay...]
#35      0.15s best:51939 next:[11709,51938] ls_restart_compound(batch:1 lin{mvs:0 evals:163} gen{mvs:222 evals:7'950} comp{mvs:10 btracks:106} #w_updates:3 #perturb:0) [combined with: graph_arc_lns (d=5.0...]
#36      0.16s best:51726 next:[11709,51725] quick_restart
#37      0.17s best:51393 next:[11709,51392] ls_restart_perturb(batch:1 lin{mvs:12 evals:651} gen{mvs:39 evals:2'639} #w_updates:6 #perturb:0)
#38      0.17s best:42111 next:[11709,42110] max_lp
#39      0.17s best:41799 next:[11709,41798] ls_restart_compound_perturb(batch:1 lin{mvs:0 evals:38} gen{mvs:10 evals:485} comp{mvs:4 btracks:3} #w_updates:0 #perturb:0)
#40      0.18s best:39068 next:[11709,39067] pseudo_costs
#41      0.18s best:39045 next:[11709,39044] ls_restart_decay_compound(batch:1 lin{mvs:0 evals:72} gen{mvs:24 evals:943} comp{mvs:4 btracks:10} #w_updates:0 #perturb:0) [combined with: pseudo_costs...]
#42      0.18s best:39030 next:[11709,39029] ls_restart_compound(batch:1 lin{mvs:0 evals:46} gen{mvs:9 evals:471} comp{mvs:3 btracks:3} #w_updates:0 #perturb:0) [combined with: ls_restart_decay_com...]
#43      0.18s best:38337 next:[11709,38336] ls_restart_decay_compound(batch:1 lin{mvs:0 evals:42} gen{mvs:9 evals:491} comp{mvs:5 btracks:2} #w_updates:0 #perturb:0)
#44      0.18s best:38274 next:[11709,38273] ls_restart_compound_perturb(batch:1 lin{mvs:0 evals:15} gen{mvs:3 evals:166} comp{mvs:3 btracks:0} #w_updates:0 #perturb:0)
#45      0.19s best:37947 next:[11709,37946] ls_restart_compound(batch:1 lin{mvs:0 evals:51} gen{mvs:19 evals:744} comp{mvs:5 btracks:7} #w_updates:0 #perturb:0)
#46      0.19s best:37944 next:[11709,37943] ls_restart_decay_perturb(batch:1 lin{mvs:12 evals:786} gen{mvs:42 evals:1'792} #w_updates:36 #perturb:0)
#47      0.19s best:37941 next:[11709,37940] ls_restart_compound(batch:1 lin{mvs:0 evals:48} gen{mvs:36 evals:765} comp{mvs:4 btracks:16} #w_updates:0 #perturb:0)
#48      0.19s best:37935 next:[11709,37934] ls_restart_compound(batch:1 lin{mvs:0 evals:48} gen{mvs:36 evals:765} comp{mvs:4 btracks:16} #w_updates:0 #perturb:0) [combined with: ls_restart_compound(...]
#49      0.20s best:37715 next:[11709,37714] ls_restart_decay_compound(batch:1 lin{mvs:0 evals:403} gen{mvs:171 evals:5'680} comp{mvs:11 btracks:80} #w_updates:2 #perturb:0) [combined with: ls_restart_compound(...]
#50      0.20s best:37712 next:[11709,37711] ls_lin_restart_compound_perturb(batch:1 lin{mvs:0 evals:30} gen{mvs:12 evals:475} comp{mvs:4 btracks:4} #w_updates:0 #perturb:0) [combined with: ls_restart_decay_com...]
#51      0.20s best:37711 next:[11709,37710] ls_lin_restart_decay_compound_perturb(batch:1 lin{mvs:0 evals:100} gen{mvs:58 evals:1'699} comp{mvs:4 btracks:27} #w_updates:0 #perturb:0) [combined with: ls_lin_restart_compo...]
#52      0.21s best:37080 next:[11709,37079] ls_lin_restart_compound_perturb(batch:1 lin{mvs:0 evals:38} gen{mvs:27 evals:1'029} comp{mvs:5 btracks:11} #w_updates:0 #perturb:0)
#53      0.21s best:37077 next:[11709,37076] ls_lin_restart_compound_perturb(batch:1 lin{mvs:0 evals:68} gen{mvs:68 evals:1'524} comp{mvs:6 btracks:31} #w_updates:1 #perturb:0) [combined with: ls_lin_restart_compo...]
#54      0.21s best:37074 next:[11709,37073] ls_restart_compound_perturb(batch:1 lin{mvs:0 evals:201} gen{mvs:132 evals:3'349} comp{mvs:10 btracks:61} #w_updates:2 #perturb:0) [combined with: ls_lin_restart_compo...]
#55      0.21s best:37073 next:[11709,37072] ls_restart_compound(batch:1 lin{mvs:0 evals:8} gen{mvs:6 evals:226} comp{mvs:4 btracks:1} #w_updates:0 #perturb:0)
#56      0.22s best:36936 next:[11709,36935] ls_restart_compound_perturb(batch:1 lin{mvs:0 evals:26} gen{mvs:37 evals:1'068} comp{mvs:9 btracks:14} #w_updates:0 #perturb:0)
#57      0.22s best:36888 next:[11709,36887] ls_restart(batch:1 lin{mvs:11 evals:634} gen{mvs:52 evals:2'766} #w_updates:17 #perturb:0) [combined with: ls_restart_compound_...]
#58      0.22s best:36864 next:[11709,36863] ls_restart_decay(batch:1 lin{mvs:11 evals:1'092} gen{mvs:314 evals:11'172} #w_updates:59 #perturb:0) [combined with: ls_restart(batch:1 l...]
#59      0.23s best:36861 next:[11709,36860] ls_restart_compound_perturb(batch:1 lin{mvs:0 evals:41} gen{mvs:52 evals:1'656} comp{mvs:6 btracks:23} #w_updates:0 #perturb:0) [combined with: ls_restart_decay(bat...]
#60      0.23s best:36561 next:[11709,36560] ls_restart_perturb(batch:1 lin{mvs:11 evals:708} gen{mvs:30 evals:1'618} #w_updates:55 #perturb:0)
#61      0.23s best:36558 next:[11709,36557] ls_restart_compound(batch:1 lin{mvs:0 evals:10} gen{mvs:8 evals:435} comp{mvs:4 btracks:2} #w_updates:0 #perturb:0)
#62      0.24s best:36555 next:[11709,36554] ls_restart_compound_perturb(batch:1 lin{mvs:0 evals:10} gen{mvs:10 evals:447} comp{mvs:4 btracks:3} #w_updates:0 #perturb:0)
#63      0.24s best:36552 next:[11709,36551] ls_restart_compound(batch:1 lin{mvs:0 evals:123} gen{mvs:162 evals:5'367} comp{mvs:12 btracks:75} #w_updates:2 #perturb:0) [combined with: ls_restart_compound_...]
#64      0.24s best:36462 next:[11709,36461] ls_restart_decay(batch:1 lin{mvs:13 evals:860} gen{mvs:155 evals:9'418} #w_updates:67 #perturb:0)
#65      0.24s best:36459 next:[11709,36458] ls_restart_decay(batch:1 lin{mvs:13 evals:860} gen{mvs:155 evals:9'418} #w_updates:67 #perturb:0) [combined with: ls_restart_compound(...]
#Bound   0.25s best:36459 next:[11750,36458] max_lp
#66      0.25s best:36456 next:[11750,36455] ls_restart_decay_compound(batch:1 lin{mvs:0 evals:70} gen{mvs:118 evals:3'164} comp{mvs:6 btracks:56} #w_updates:2 #perturb:0) [combined with: ls_restart_decay(bat...]
#67      0.25s best:36453 next:[11750,36452] ls_lin_restart_compound(batch:1 lin{mvs:0 evals:127} gen{mvs:168 evals:5'728} comp{mvs:12 btracks:78} #w_updates:2 #perturb:0)
#68      0.25s best:36450 next:[11750,36449] ls_lin_restart_compound(batch:1 lin{mvs:0 evals:127} gen{mvs:168 evals:5'728} comp{mvs:12 btracks:78} #w_updates:2 #perturb:0) [combined with: ls_restart_decay_com...]
#69      0.26s best:36447 next:[11750,36446] ls_restart_compound(batch:1 lin{mvs:0 evals:18} gen{mvs:27 evals:827} comp{mvs:5 btracks:11} #w_updates:0 #perturb:0) [combined with: ls_lin_restart_compo...]
#Bound   0.26s best:36447 next:[12571,36446] lb_tree_search
#70      0.26s best:36444 next:[12571,36443] ls_restart_compound_perturb(batch:1 lin{mvs:0 evals:11} gen{mvs:22 evals:603} comp{mvs:4 btracks:9} #w_updates:0 #perturb:0)
#71      0.26s best:36435 next:[12571,36434] ls_restart_decay_perturb(batch:1 lin{mvs:12 evals:779} gen{mvs:42 evals:2'165} #w_updates:54 #perturb:0)
#72      0.26s best:36432 next:[12571,36431] ls_restart_decay_compound(batch:1 lin{mvs:0 evals:27} gen{mvs:40 evals:1'252} comp{mvs:4 btracks:18} #w_updates:0 #perturb:0) [combined with: ls_restart_decay_per...]
#Bound   0.26s best:36432 next:[12696,36431] probing_max_lp
#Bound   0.26s best:36432 next:[13983,36431] max_lp
#73      0.26s best:36429 next:[13983,36428] ls_lin_restart_decay_compound_perturb(batch:1 lin{mvs:0 evals:99} gen{mvs:118 evals:4'365} comp{mvs:12 btracks:53} #w_updates:1 #perturb:0) [combined with: ls_restart_decay_com...]
#74      0.27s best:36426 next:[13983,36425] ls_restart_compound(batch:1 lin{mvs:0 evals:15} gen{mvs:22 evals:786} comp{mvs:4 btracks:9} #w_updates:0 #perturb:0) [combined with: ls_lin_restart_decay...]
#75      0.27s best:36423 next:[13983,36422] ls_restart_decay_compound_perturb(batch:1 lin{mvs:0 evals:10} gen{mvs:26 evals:476} comp{mvs:4 btracks:11} #w_updates:0 #perturb:0) [combined with: ls_restart_compound(...]
#76      0.27s best:36422 next:[13983,36421] ls_restart_decay_compound(batch:1 lin{mvs:0 evals:35} gen{mvs:48 evals:1'564} comp{mvs:4 btracks:22} #w_updates:0 #perturb:0) [combined with: ls_restart_decay_com...]
#77      0.27s best:36419 next:[13983,36418] ls_restart_decay_compound_perturb(batch:1 lin{mvs:0 evals:18} gen{mvs:32 evals:798} comp{mvs:4 btracks:14} #w_updates:0 #perturb:0) [combined with: ls_restart_decay_com...]
#78      0.27s best:36175 next:[13983,36174] ls_restart_compound(batch:1 lin{mvs:0 evals:12} gen{mvs:13 evals:645} comp{mvs:3 btracks:5} #w_updates:0 #perturb:0)
#79      0.27s best:36172 next:[13983,36171] ls_restart_compound(batch:1 lin{mvs:0 evals:12} gen{mvs:13 evals:645} comp{mvs:3 btracks:5} #w_updates:0 #perturb:0) [combined with: ls_restart_decay_com...]
#80      0.27s best:36148 next:[13983,36147] ls_restart_perturb(batch:1 lin{mvs:13 evals:696} gen{mvs:24 evals:1'229} #w_updates:1 #perturb:0)
#81      0.28s best:36145 next:[13983,36144] ls_restart_decay_compound(batch:1 lin{mvs:0 evals:116} gen{mvs:158 evals:5'290} comp{mvs:12 btracks:73} #w_updates:2 #perturb:0) [combined with: ls_restart_perturb(b...]
#82      0.28s best:36142 next:[13983,36141] ls_restart_compound(batch:1 lin{mvs:0 evals:45} gen{mvs:102 evals:4'244} comp{mvs:10 btracks:46} #w_updates:1 #perturb:0) [combined with: ls_restart_decay_com...]
#83      0.28s best:36028 next:[13983,36027] ls_restart_decay_perturb(batch:1 lin{mvs:13 evals:961} gen{mvs:403 evals:12'245} #w_updates:75 #perturb:0)
#Bound   0.28s best:36028 next:[14067,36027] max_lp
#84      0.28s best:36025 next:[14067,36024] ls_restart_compound(batch:1 lin{mvs:0 evals:24} gen{mvs:54 evals:2'150} comp{mvs:4 btracks:25} #w_updates:0 #perturb:0) [combined with: ls_restart_decay_per...]
#85      0.28s best:35950 next:[14067,35949] ls_lin_restart_perturb(batch:1 lin{mvs:11 evals:631} gen{mvs:32 evals:2'029} #w_updates:6 #perturb:0)
#86      0.29s best:35947 next:[14067,35946] ls_lin_restart_compound_perturb(batch:1 lin{mvs:0 evals:9} gen{mvs:21 evals:779} comp{mvs:5 btracks:8} #w_updates:0 #perturb:0)
#Bound   0.29s best:35947 next:[14480,35946] lb_tree_search
#87      0.30s best:35944 next:[14480,35943] ls_restart_decay_compound(batch:1 lin{mvs:0 evals:71} gen{mvs:180 evals:6'352} comp{mvs:10 btracks:85} #w_updates:3 #perturb:0) [combined with: ls_lin_restart_compo...]
#Bound   0.30s best:35944 next:[14877,35943] lb_tree_search
#88      0.30s best:35941 next:[14877,35940] ls_restart_decay_compound(batch:1 lin{mvs:0 evals:78} gen{mvs:162 evals:6'860} comp{mvs:10 btracks:76} #w_updates:2 #perturb:0) [combined with: ls_restart_decay_com...]
#89      0.30s best:35938 next:[14877,35937] ls_lin_restart_decay_compound_perturb(batch:1 lin{mvs:0 evals:7} gen{mvs:21 evals:647} comp{mvs:9 btracks:6} #w_updates:0 #perturb:0)
#90      0.30s best:35935 next:[14877,35934] ls_lin_restart_decay_compound_perturb(batch:1 lin{mvs:0 evals:7} gen{mvs:21 evals:647} comp{mvs:9 btracks:6} #w_updates:0 #perturb:0) [combined with: ls_restart_decay_com...]
#91      0.30s best:35746 next:[14877,35745] ls_restart_decay(batch:1 lin{mvs:11 evals:653} gen{mvs:24 evals:1'400} #w_updates:6 #perturb:0)
#92      0.30s best:35737 next:[14877,35736] ls_restart_decay(batch:1 lin{mvs:11 evals:653} gen{mvs:24 evals:1'400} #w_updates:6 #perturb:0) [combined with: ls_lin_restart_decay...]
#93      0.30s best:35731 next:[14877,35730] ls_lin_restart_decay_compound_perturb(batch:1 lin{mvs:0 evals:2} gen{mvs:5 evals:186} comp{mvs:5 btracks:0} #w_updates:0 #perturb:0)
#94      0.30s best:35728 next:[14877,35727] ls_restart_compound_perturb(batch:1 lin{mvs:0 evals:58} gen{mvs:180 evals:5'396} comp{mvs:10 btracks:85} #w_updates:2 #perturb:0) [combined with: ls_lin_restart_decay...]
#95      0.30s best:35410 next:[14877,35409] ls_lin_restart_decay_perturb(batch:1 lin{mvs:13 evals:831} gen{mvs:327 evals:8'787} #w_updates:24 #perturb:0)
#96      0.31s best:35407 next:[14877,35406] ls_restart_compound_perturb(batch:1 lin{mvs:0 evals:2} gen{mvs:6 evals:259} comp{mvs:4 btracks:1} #w_updates:0 #perturb:0)
#97      0.31s best:35383 next:[14877,35382] ls_restart_decay_perturb(batch:1 lin{mvs:12 evals:730} gen{mvs:54 evals:3'358} #w_updates:72 #perturb:0)
#98      0.31s best:35380 next:[14877,35379] ls_restart_decay_perturb(batch:1 lin{mvs:12 evals:730} gen{mvs:54 evals:3'358} #w_updates:72 #perturb:0) [combined with: ls_restart_compound_...]
#99      0.31s best:35377 next:[14877,35376] ls_lin_restart_compound(batch:1 lin{mvs:0 evals:5} gen{mvs:8 evals:430} comp{mvs:4 btracks:2} #w_updates:0 #perturb:0) [combined with: ls_restart_decay_per...]
#100     0.31s best:35095 next:[14877,35094] ls_restart(batch:1 lin{mvs:11 evals:671} gen{mvs:21 evals:1'252} #w_updates:1 #perturb:0)
#101     0.31s best:35092 next:[14877,35091] ls_restart(batch:1 lin{mvs:11 evals:671} gen{mvs:21 evals:1'252} #w_updates:1 #perturb:0) [combined with: ls_lin_restart_compo...]
#102     0.31s best:35089 next:[14877,35088] ls_restart_decay_compound(batch:1 lin{mvs:0 evals:4} gen{mvs:12 evals:353} comp{mvs:4 btracks:4} #w_updates:0 #perturb:0)
#103     0.31s best:34861 next:[14877,34860] ls_lin_restart_compound_perturb(batch:1 lin{mvs:0 evals:24} gen{mvs:65 evals:2'034} comp{mvs:7 btracks:29} #w_updates:1 #perturb:0) [combined with: ls_restart_decay_com...]
#104     0.31s best:34858 next:[14877,34857] ls_restart_decay_compound(batch:1 lin{mvs:0 evals:32} gen{mvs:94 evals:2'924} comp{mvs:10 btracks:42} #w_updates:0 #perturb:0) [combined with: ls_lin_restart_compo...]
#105     0.32s best:34855 next:[14877,34854] ls_lin_restart_compound(batch:1 lin{mvs:0 evals:14} gen{mvs:40 evals:1'435} comp{mvs:4 btracks:18} #w_updates:0 #perturb:0) [combined with: ls_restart_decay_com...]
#106     0.32s best:34852 next:[14877,34851] ls_restart_compound_perturb(batch:1 lin{mvs:0 evals:1} gen{mvs:2 evals:94} comp{mvs:2 btracks:0} #w_updates:0 #perturb:0)
#107     0.32s best:34849 next:[14877,34848] ls_restart_compound_perturb(batch:1 lin{mvs:0 evals:2} gen{mvs:12 evals:244} comp{mvs:4 btracks:4} #w_updates:0 #perturb:0) [combined with: ls_restart_compound_...]
#108     0.32s best:34846 next:[14877,34845] ls_restart_decay_compound_perturb(batch:1 lin{mvs:0 evals:6} gen{mvs:14 evals:542} comp{mvs:4 btracks:5} #w_updates:0 #perturb:0) [combined with: ls_restart_compound_...]
#109     0.33s best:34843 next:[14877,34842] ls_restart_decay_compound(batch:1 lin{mvs:0 evals:46} gen{mvs:112 evals:4'017} comp{mvs:8 btracks:52} #w_updates:2 #perturb:0) [combined with: ls_restart_decay_com...]
#110     0.33s best:34840 next:[14877,34839] ls_restart_compound(batch:1 lin{mvs:0 evals:22} gen{mvs:58 evals:2'030} comp{mvs:10 btracks:24} #w_updates:0 #perturb:0) [combined with: ls_restart_decay_com...]
#111     0.33s best:34837 next:[14877,34836] ls_restart_compound(batch:1 lin{mvs:0 evals:43} gen{mvs:109 evals:3'939} comp{mvs:9 btracks:50} #w_updates:1 #perturb:0) [combined with: ls_restart_compound(...]
#112     0.33s best:34834 next:[14877,34833] ls_lin_restart_compound_perturb(batch:1 lin{mvs:0 evals:113} gen{mvs:206 evals:10'108} comp{mvs:14 btracks:96} #w_updates:2 #perturb:0) [combined with: ls_restart_compound(...]
#113     0.34s best:34669 next:[14877,34668] quick_restart
#114     0.34s best:34666 next:[14877,34665] ls_restart_compound_perturb(batch:1 lin{mvs:0 evals:1} gen{mvs:2 evals:93} comp{mvs:2 btracks:0} #w_updates:0 #perturb:0)
#115     0.34s best:34663 next:[14877,34662] ls_restart_compound(batch:1 lin{mvs:0 evals:49} gen{mvs:110 evals:4'166} comp{mvs:10 btracks:50} #w_updates:1 #perturb:0) [combined with: ls_restart_compound_...]
#116     0.35s best:34660 next:[14877,34659] ls_restart_compound_perturb(batch:1 lin{mvs:0 evals:23} gen{mvs:46 evals:2'026} comp{mvs:10 btracks:18} #w_updates:0 #perturb:0)
#Bound   0.35s best:34660 next:[14883,34659] max_lp
#117     0.35s best:34657 next:[14883,34656] ls_restart_compound_perturb(batch:1 lin{mvs:0 evals:53} gen{mvs:144 evals:4'886} comp{mvs:16 btracks:64} #w_updates:2 #perturb:0)
#118     0.36s best:34654 next:[14883,34653] ls_restart_decay_compound(batch:1 lin{mvs:0 evals:68} gen{mvs:152 evals:6'122} comp{mvs:14 btracks:69} #w_updates:1 #perturb:0) [combined with: ls_restart_compound_...]
#119     0.36s best:34651 next:[14883,34650] ls_restart_decay_compound(batch:1 lin{mvs:0 evals:29} gen{mvs:72 evals:2'719} comp{mvs:8 btracks:32} #w_updates:1 #perturb:0)
#120     0.36s best:34648 next:[14883,34647] ls_lin_restart_compound(batch:1 lin{mvs:0 evals:44} gen{mvs:148 evals:4'085} comp{mvs:12 btracks:68} #w_updates:1 #perturb:0) [combined with: ls_restart_decay_com...]
#121     0.36s best:34645 next:[14883,34644] ls_restart_decay_compound(batch:1 lin{mvs:0 evals:26} gen{mvs:40 evals:2'093} comp{mvs:10 btracks:15} #w_updates:0 #perturb:0) [combined with: ls_lin_restart_compo...]
#122     0.36s best:34333 next:[14883,34332] ls_lin_restart(batch:1 lin{mvs:12 evals:831} gen{mvs:502 evals:14'462} #w_updates:489 #perturb:0)
#123     0.38s best:34330 next:[14883,34329] ls_restart_compound(batch:1 lin{mvs:0 evals:1} gen{mvs:2 evals:95} comp{mvs:2 btracks:0} #w_updates:0 #perturb:0)
#124     0.38s best:34327 next:[14883,34326] ls_lin_restart_compound(batch:1 lin{mvs:0 evals:12} gen{mvs:32 evals:1'140} comp{mvs:4 btracks:14} #w_updates:0 #perturb:0) [combined with: ls_restart_compound(...]
#125     0.38s best:34324 next:[14883,34323] ls_lin_restart_decay_compound_perturb(batch:1 lin{mvs:0 evals:1} gen{mvs:2 evals:94} comp{mvs:2 btracks:0} #w_updates:0 #perturb:0)
#126     0.38s best:34321 next:[14883,34320] ls_lin_restart_compound(batch:1 lin{mvs:0 evals:6} gen{mvs:15 evals:534} comp{mvs:5 btracks:5} #w_updates:0 #perturb:0) [combined with: ls_lin_restart_decay...]
#127     0.38s best:34318 next:[14883,34317] ls_restart_compound_perturb(batch:1 lin{mvs:0 evals:8} gen{mvs:26 evals:758} comp{mvs:4 btracks:11} #w_updates:0 #perturb:0) [combined with: ls_lin_restart_compo...]
#128     0.38s best:34315 next:[14883,34314] ls_lin_restart_decay_compound_perturb(batch:1 lin{mvs:0 evals:1} gen{mvs:2 evals:95} comp{mvs:2 btracks:0} #w_updates:0 #perturb:0) [combined with: ls_restart_compound_...]
#129     0.38s best:34312 next:[14883,34311] ls_restart_decay_compound(batch:1 lin{mvs:0 evals:26} gen{mvs:64 evals:2'435} comp{mvs:8 btracks:28} #w_updates:1 #perturb:0) [combined with: ls_lin_restart_decay...]
#130     0.38s best:34309 next:[14883,34308] ls_restart_decay_compound(batch:1 lin{mvs:0 evals:94} gen{mvs:200 evals:8'479} comp{mvs:8 btracks:96} #w_updates:2 #perturb:0) [combined with: ls_restart_decay_com...]
#131     0.39s best:34306 next:[14883,34305] ls_restart_compound_perturb(batch:1 lin{mvs:0 evals:17} gen{mvs:50 evals:1'664} comp{mvs:4 btracks:23} #w_updates:0 #perturb:0) [combined with: ls_restart_decay_com...]
#132     0.39s best:34303 next:[14883,34302] ls_lin_restart_compound(batch:1 lin{mvs:0 evals:37} gen{mvs:68 evals:3'203} comp{mvs:8 btracks:30} #w_updates:1 #perturb:0) [combined with: ls_restart_compound_...]
#133     0.39s best:34300 next:[14883,34299] ls_restart_compound(batch:1 lin{mvs:0 evals:1} gen{mvs:2 evals:95} comp{mvs:2 btracks:0} #w_updates:0 #perturb:0)
#134     0.40s best:34297 next:[14883,34296] ls_lin_restart_compound_perturb(batch:1 lin{mvs:0 evals:8} gen{mvs:22 evals:708} comp{mvs:8 btracks:7} #w_updates:0 #perturb:0) [combined with: ls_restart_compound(...]
#135     0.40s best:34294 next:[14883,34293] ls_restart_compound_perturb(batch:1 lin{mvs:0 evals:107} gen{mvs:240 evals:9'757} comp{mvs:14 btracks:113} #w_updates:2 #perturb:0) [combined with: ls_lin_restart_compo...]
#136     0.40s best:34282 next:[14883,34281] quick_restart
#137     0.40s best:34279 next:[14883,34278] ls_restart_decay_compound_perturb(batch:1 lin{mvs:0 evals:20} gen{mvs:54 evals:1'864} comp{mvs:4 btracks:25} #w_updates:0 #perturb:0) [combined with: quick_restart...]
#138     0.40s best:34276 next:[14883,34275] ls_lin_restart_decay_compound_perturb(batch:1 lin{mvs:0 evals:1} gen{mvs:2 evals:94} comp{mvs:2 btracks:0} #w_updates:0 #perturb:0)
#139     0.40s best:34273 next:[14883,34272] ls_restart_decay_compound_perturb(batch:1 lin{mvs:0 evals:16} gen{mvs:43 evals:1'544} comp{mvs:9 btracks:17} #w_updates:0 #perturb:0)
#140     0.40s best:34270 next:[14883,34269] ls_restart_decay_compound_perturb(batch:1 lin{mvs:0 evals:16} gen{mvs:43 evals:1'544} comp{mvs:9 btracks:17} #w_updates:0 #perturb:0) [combined with: ls_lin_restart_decay...]
#141     0.40s best:34267 next:[14883,34266] ls_restart_compound_perturb(batch:1 lin{mvs:0 evals:9} gen{mvs:28 evals:837} comp{mvs:4 btracks:12} #w_updates:0 #perturb:0)
#142     0.41s best:34264 next:[14883,34263] ls_restart_compound(batch:1 lin{mvs:0 evals:33} gen{mvs:60 evals:2'941} comp{mvs:12 btracks:24} #w_updates:0 #perturb:0) [combined with: ls_restart_compound_...]
#143     0.42s best:34261 next:[14883,34260] ls_lin_restart_compound_perturb(batch:1 lin{mvs:0 evals:1} gen{mvs:2 evals:94} comp{mvs:2 btracks:0} #w_updates:0 #perturb:0)
#144     0.42s best:34258 next:[14883,34257] ls_restart_decay_compound_perturb(batch:1 lin{mvs:0 evals:12} gen{mvs:20 evals:1'026} comp{mvs:10 btracks:5} #w_updates:0 #perturb:0) [combined with: ls_lin_restart_compo...]
#145     0.42s best:34252 next:[14883,34251] quick_restart
#146     0.43s best:34249 next:[14883,34248] ls_lin_restart_compound(batch:1 lin{mvs:0 evals:8} gen{mvs:14 evals:668} comp{mvs:4 btracks:5} #w_updates:0 #perturb:0)
#147     0.43s best:34246 next:[14883,34245] ls_lin_restart_decay_compound(batch:1 lin{mvs:0 evals:9} gen{mvs:22 evals:781} comp{mvs:4 btracks:9} #w_updates:0 #perturb:0)
#148     0.44s best:34243 next:[14883,34242] ls_lin_restart_decay_compound(batch:1 lin{mvs:0 evals:40} gen{mvs:96 evals:3'591} comp{mvs:8 btracks:44} #w_updates:1 #perturb:0) [combined with: ls_lin_restart_decay...]
#149     0.44s best:34240 next:[14883,34239] ls_lin_restart_decay_compound_perturb(batch:1 lin{mvs:0 evals:36} gen{mvs:128 evals:3'423} comp{mvs:8 btracks:60} #w_updates:2 #perturb:0) [combined with: ls_lin_restart_decay...]
#150     0.45s best:34237 next:[14883,34236] ls_lin_restart_decay_compound_perturb(batch:1 lin{mvs:0 evals:82} gen{mvs:220 evals:7'650} comp{mvs:16 btracks:102} #w_updates:3 #perturb:0) [combined with: ls_lin_restart_decay...]
#151     0.45s best:34234 next:[14883,34233] ls_lin_restart_decay_compound(batch:1 lin{mvs:0 evals:190} gen{mvs:424 evals:17'102} comp{mvs:22 btracks:201} #w_updates:6 #perturb:0) [combined with: ls_lin_restart_decay...]
#152     0.46s best:34231 next:[14883,34230] ls_restart_compound(batch:1 lin{mvs:0 evals:35} gen{mvs:98 evals:3'238} comp{mvs:12 btracks:43} #w_updates:1 #perturb:0) [combined with: ls_lin_restart_decay...]
#153     0.46s best:34228 next:[14883,34227] ls_restart_decay_compound_perturb(batch:1 lin{mvs:0 evals:12} gen{mvs:40 evals:1'128} comp{mvs:4 btracks:18} #w_updates:0 #perturb:0)
#154     0.47s best:34225 next:[14883,34224] ls_lin_restart_compound(batch:1 lin{mvs:0 evals:6} gen{mvs:21 evals:488} comp{mvs:5 btracks:8} #w_updates:0 #perturb:0)
#155     0.48s best:34222 next:[14883,34221] ls_restart_compound(batch:1 lin{mvs:0 evals:9} gen{mvs:48 evals:1'001} comp{mvs:4 btracks:22} #w_updates:0 #perturb:0) [combined with: ls_lin_restart_compo...]
#156     0.48s best:34219 next:[14883,34218] ls_lin_restart_compound(batch:1 lin{mvs:0 evals:10} gen{mvs:26 evals:971} comp{mvs:4 btracks:11} #w_updates:0 #perturb:0) [combined with: ls_restart_compound(...]
#157     0.48s best:34216 next:[14883,34215] ls_restart_decay_compound(batch:1 lin{mvs:0 evals:11} gen{mvs:26 evals:985} comp{mvs:4 btracks:11} #w_updates:0 #perturb:0) [combined with: ls_lin_restart_compo...]
#158     0.49s best:34213 next:[14883,34212] ls_lin_restart_compound_perturb(batch:1 lin{mvs:0 evals:19} gen{mvs:68 evals:1'915} comp{mvs:8 btracks:30} #w_updates:0 #perturb:0)
#159     0.49s best:34210 next:[14883,34209] ls_restart_decay_compound(batch:1 lin{mvs:0 evals:139} gen{mvs:396 evals:13'033} comp{mvs:16 btracks:190} #w_updates:4 #perturb:0) [combined with: ls_lin_restart_compo...]
#160     0.49s best:34207 next:[14883,34206] ls_lin_restart_compound_perturb(batch:1 lin{mvs:0 evals:41} gen{mvs:108 evals:3'952} comp{mvs:10 btracks:49} #w_updates:0 #perturb:0) [combined with: ls_restart_decay_com...]
#161     0.50s best:34204 next:[14883,34203] ls_restart_compound_perturb(batch:1 lin{mvs:0 evals:30} gen{mvs:90 evals:2'903} comp{mvs:10 btracks:40} #w_updates:0 #perturb:0)
#162     0.51s best:34201 next:[14883,34200] ls_restart_compound(batch:1 lin{mvs:0 evals:16} gen{mvs:38 evals:1'614} comp{mvs:10 btracks:14} #w_updates:0 #perturb:0)
#163     0.51s best:34198 next:[14883,34197] ls_restart_decay_compound_perturb(batch:1 lin{mvs:0 evals:5} gen{mvs:10 evals:437} comp{mvs:4 btracks:3} #w_updates:0 #perturb:0) [combined with: ls_restart_compound(...]
#164     0.51s best:34195 next:[14883,34194] ls_restart_compound_perturb(batch:1 lin{mvs:0 evals:23} gen{mvs:44 evals:2'197} comp{mvs:10 btracks:17} #w_updates:0 #perturb:0)
#165     0.51s best:34192 next:[14883,34191] ls_restart_compound_perturb(batch:1 lin{mvs:0 evals:142} gen{mvs:362 evals:12'699} comp{mvs:24 btracks:169} #w_updates:5 #perturb:0) [combined with: ls_restart_compound_...]
#166     0.52s best:34189 next:[14883,34188] ls_restart_compound(batch:1 lin{mvs:0 evals:14} gen{mvs:38 evals:1'300} comp{mvs:8 btracks:15} #w_updates:0 #perturb:0)
#167     0.52s best:33940 next:[14883,33939] ls_lin_restart_decay_perturb(batch:1 lin{mvs:10 evals:821} gen{mvs:566 evals:20'522} #w_updates:54 #perturb:0)
#168     0.52s best:33922 next:[14883,33921] ls_lin_restart_decay_perturb(batch:1 lin{mvs:10 evals:821} gen{mvs:566 evals:20'522} #w_updates:54 #perturb:0) [combined with: ls_restart_compound(...]
#169     0.53s best:33919 next:[14883,33918] ls_lin_restart_compound_perturb(batch:1 lin{mvs:0 evals:1} gen{mvs:3 evals:102} comp{mvs:3 btracks:0} #w_updates:0 #perturb:0)
#170     0.54s best:33916 next:[14883,33915] ls_restart_decay_compound(batch:1 lin{mvs:0 evals:17} gen{mvs:48 evals:1'504} comp{mvs:4 btracks:22} #w_updates:1 #perturb:0)
#171     0.54s best:33913 next:[14883,33912] ls_lin_restart_decay_compound(batch:1 lin{mvs:0 evals:74} gen{mvs:235 evals:7'095} comp{mvs:15 btracks:110} #w_updates:3 #perturb:0) [combined with: ls_restart_decay_com...]
#172     0.55s best:33910 next:[14883,33909] ls_restart_compound_perturb(batch:1 lin{mvs:0 evals:15} gen{mvs:32 evals:1'428} comp{mvs:12 btracks:10} #w_updates:0 #perturb:0) [combined with: ls_lin_restart_decay...]
#173     0.56s best:33907 next:[14883,33906] ls_lin_restart_decay_compound(batch:1 lin{mvs:0 evals:92} gen{mvs:192 evals:8'250} comp{mvs:12 btracks:90} #w_updates:2 #perturb:0) [combined with: ls_restart_compound_...]
#174     0.57s best:33889 next:[14883,33888] quick_restart_no_lp
#175     0.59s best:33886 next:[14883,33885] ls_restart_compound_perturb(batch:1 lin{mvs:0 evals:1} gen{mvs:2 evals:95} comp{mvs:2 btracks:0} #w_updates:0 #perturb:0)
#176     0.59s best:33883 next:[14883,33882] ls_restart_decay_compound_perturb(batch:1 lin{mvs:0 evals:3} gen{mvs:8 evals:285} comp{mvs:4 btracks:2} #w_updates:0 #perturb:0)
#177     0.60s best:33880 next:[14883,33879] ls_restart_compound_perturb(batch:1 lin{mvs:0 evals:4} gen{mvs:10 evals:448} comp{mvs:4 btracks:3} #w_updates:0 #perturb:0)
#178     0.61s best:33877 next:[14883,33876] ls_decay_compound(batch:10 lin{mvs:76 evals:8'032} gen{mvs:4'998 evals:164'136} comp{mvs:60 btracks:476} #w_updates:371 #perturb:10) [combined with: ls_restart_compound_...]
#179     0.61s best:33874 next:[14883,33873] ls_lin_restart_decay_compound_perturb(batch:1 lin{mvs:0 evals:38} gen{mvs:84 evals:3'259} comp{mvs:12 btracks:36} #w_updates:0 #perturb:0) [combined with: ls_decay_compound(ba...]
#180     0.62s best:33871 next:[14883,33870] ls_restart_compound_perturb(batch:1 lin{mvs:0 evals:136} gen{mvs:288 evals:12'715} comp{mvs:14 btracks:137} #w_updates:4 #perturb:0) [combined with: ls_lin_restart_decay...]
#181     0.62s best:33868 next:[14883,33867] ls_restart_decay_compound(batch:1 lin{mvs:0 evals:11} gen{mvs:28 evals:1'032} comp{mvs:4 btracks:12} #w_updates:0 #perturb:0)
#182     0.63s best:33865 next:[14883,33864] ls_restart_compound(batch:1 lin{mvs:0 evals:6} gen{mvs:26 evals:616} comp{mvs:4 btracks:11} #w_updates:0 #perturb:0)
#183     0.63s best:33862 next:[14883,33861] ls_lin_restart_compound(batch:1 lin{mvs:0 evals:5} gen{mvs:12 evals:467} comp{mvs:4 btracks:4} #w_updates:0 #perturb:0)
#184     0.63s best:33859 next:[14883,33858] ls_restart_compound(batch:1 lin{mvs:0 evals:13} gen{mvs:31 evals:1'240} comp{mvs:5 btracks:13} #w_updates:0 #perturb:0)
#185     0.63s best:33856 next:[14883,33855] ls_restart_compound(batch:1 lin{mvs:0 evals:13} gen{mvs:31 evals:1'240} comp{mvs:5 btracks:13} #w_updates:0 #perturb:0) [combined with: ls_lin_restart_compo...]
#186     0.63s best:33853 next:[14883,33852] ls_restart_decay_compound(batch:1 lin{mvs:0 evals:85} gen{mvs:232 evals:7'883} comp{mvs:12 btracks:110} #w_updates:3 #perturb:0) [combined with: ls_restart_compound(...]
#187     0.63s best:33850 next:[14883,33849] ls_restart_decay_compound(batch:1 lin{mvs:0 evals:14} gen{mvs:42 evals:1'275} comp{mvs:4 btracks:19} #w_updates:0 #perturb:0) [combined with: ls_restart_decay_com...]
#188     0.63s best:33847 next:[14883,33846] ls_lin_restart_decay_compound(batch:1 lin{mvs:0 evals:12} gen{mvs:32 evals:1'149} comp{mvs:4 btracks:14} #w_updates:0 #perturb:0) [combined with: ls_restart_decay_com...]
#189     0.64s best:33844 next:[14883,33843] ls_lin_restart_decay_compound_perturb(batch:1 lin{mvs:0 evals:22} gen{mvs:56 evals:2'166} comp{mvs:6 btracks:25} #w_updates:0 #perturb:0) [combined with: ls_lin_restart_decay...]
#190     0.64s best:33841 next:[14883,33840] ls_restart_compound(batch:1 lin{mvs:0 evals:6} gen{mvs:20 evals:588} comp{mvs:4 btracks:8} #w_updates:0 #perturb:0)
#191     0.64s best:33838 next:[14883,33837] ls_lin_restart_compound_perturb(batch:1 lin{mvs:0 evals:10} gen{mvs:22 evals:891} comp{mvs:4 btracks:9} #w_updates:0 #perturb:0) [combined with: ls_restart_compound(...]
#192     0.65s best:33835 next:[14883,33834] ls_restart_decay_compound_perturb(batch:1 lin{mvs:0 evals:1} gen{mvs:2 evals:94} comp{mvs:2 btracks:0} #w_updates:0 #perturb:0)
#193     0.67s best:33832 next:[14883,33831] ls_lin_restart_decay_compound(batch:1 lin{mvs:0 evals:5} gen{mvs:16 evals:535} comp{mvs:4 btracks:6} #w_updates:0 #perturb:0)
#194     0.67s best:33829 next:[14883,33828] ls_lin_restart_compound(batch:1 lin{mvs:0 evals:93} gen{mvs:206 evals:8'215} comp{mvs:16 btracks:95} #w_updates:2 #perturb:0) [combined with: ls_lin_restart_decay...]
#195     0.68s best:33826 next:[14883,33825] ls_lin_restart_decay_compound_perturb(batch:1 lin{mvs:0 evals:101} gen{mvs:198 evals:8'971} comp{mvs:12 btracks:93} #w_updates:3 #perturb:0) [combined with: ls_lin_restart_compo...]
#196     0.71s best:33823 next:[14883,33822] quick_restart_no_lp
#197     0.72s best:33820 next:[14883,33819] ls_restart_decay_compound(batch:1 lin{mvs:0 evals:114} gen{mvs:240 evals:9'994} comp{mvs:16 btracks:112} #w_updates:4 #perturb:0) [combined with: quick_restart_no_lp...]
#198     0.72s best:33817 next:[14883,33816] ls_restart_compound(batch:1 lin{mvs:0 evals:1} gen{mvs:2 evals:95} comp{mvs:2 btracks:0} #w_updates:0 #perturb:0)
#199     0.73s best:33790 next:[14883,33789] quick_restart_no_lp
#200     0.73s best:33787 next:[14883,33786] ls_lin_restart_compound(batch:1 lin{mvs:0 evals:128} gen{mvs:288 evals:11'569} comp{mvs:16 btracks:136} #w_updates:5 #perturb:0) [combined with: quick_restart_no_lp...]
#201     0.74s best:33781 next:[14883,33780] ls_restart_decay_compound_perturb(batch:1 lin{mvs:0 evals:66} gen{mvs:126 evals:5'927} comp{mvs:12 btracks:57} #w_updates:1 #perturb:0) [combined with: ls_lin_restart_compo...]
#202     0.76s best:33778 next:[14883,33777] ls_restart_compound_perturb(batch:1 lin{mvs:0 evals:82} gen{mvs:212 evals:7'458} comp{mvs:16 btracks:98} #w_updates:3 #perturb:0) [combined with: ls_restart_decay_com...]
#203     0.84s best:33777 next:[14883,33776] quick_restart
#204     0.84s best:33775 next:[14883,33774] ls_restart_compound_perturb(batch:1 lin{mvs:0 evals:244} gen{mvs:610 evals:22'059} comp{mvs:30 btracks:290} #w_updates:8 #perturb:0) [combined with: quick_restart...]
#205     0.84s best:33451 next:[14883,33450] rnd_var_lns (d=5.97e-01 s=849 t=0.10 p=0.50 stall=0 h=base)
#206     0.84s best:33448 next:[14883,33447] rnd_var_lns (d=5.97e-01 s=849 t=0.10 p=0.50 stall=0 h=base) [combined with: ls_restart_compound_...]
#207     0.85s best:33445 next:[14883,33444] ls_lin_restart_decay_compound_perturb(batch:1 lin{mvs:0 evals:56} gen{mvs:138 evals:4'682} comp{mvs:12 btracks:63} #w_updates:1 #perturb:0)
#208     0.88s best:33442 next:[14883,33441] ls_restart_compound_perturb(batch:1 lin{mvs:0 evals:55} gen{mvs:121 evals:4'452} comp{mvs:13 btracks:54} #w_updates:1 #perturb:0)
#209     0.89s best:33160 next:[14883,33159] graph_var_lns (d=4.32e-01 s=938 t=0.10 p=0.40 stall=0 h=base)
#210     0.89s best:33157 next:[14883,33156] graph_var_lns (d=4.32e-01 s=938 t=0.10 p=0.40 stall=0 h=base) [combined with: ls_restart_compound_...]
#211     0.89s best:33154 next:[14883,33153] ls_lin_restart_compound(batch:1 lin{mvs:0 evals:22} gen{mvs:43 evals:1'636} comp{mvs:5 btracks:19} #w_updates:0 #perturb:0)
#212     0.90s best:33151 next:[14883,33150] ls_restart_compound(batch:1 lin{mvs:0 evals:35} gen{mvs:88 evals:3'037} comp{mvs:8 btracks:40} #w_updates:1 #perturb:0) [combined with: ls_lin_restart_compo...]
#213     0.91s best:33148 next:[14883,33147] ls_decay_compound(batch:14 lin{mvs:86 evals:9'506} gen{mvs:7'310 evals:240'225} comp{mvs:133 btracks:1'202} #w_updates:403 #perturb:14)
#214     0.92s best:33145 next:[14883,33144] ls_restart_decay_compound_perturb(batch:1 lin{mvs:0 evals:60} gen{mvs:144 evals:5'002} comp{mvs:8 btracks:68} #w_updates:1 #perturb:0) [combined with: ls_decay_compound(ba...]
#215     0.93s best:33142 next:[14883,33141] ls_lin_restart_compound_perturb(batch:1 lin{mvs:0 evals:51} gen{mvs:103 evals:4'195} comp{mvs:19 btracks:42} #w_updates:1 #perturb:0)
#216     0.93s best:32127 next:[14883,32126] graph_dec_lns (d=7.29e-01 s=890 t=0.10 p=0.60 stall=0 h=base)
#217     0.93s best:32124 next:[14883,32123] ls_restart_decay_compound_perturb(batch:1 lin{mvs:0 evals:39} gen{mvs:78 evals:3'006} comp{mvs:10 btracks:34} #w_updates:1 #perturb:0)
#218     0.93s best:32121 next:[14883,32120] ls_lin_restart_compound(batch:1 lin{mvs:0 evals:20} gen{mvs:62 evals:1'693} comp{mvs:8 btracks:27} #w_updates:1 #perturb:0)
#219     0.93s best:32118 next:[14883,32117] ls_lin_restart_compound(batch:1 lin{mvs:0 evals:20} gen{mvs:62 evals:1'693} comp{mvs:8 btracks:27} #w_updates:1 #perturb:0) [combined with: ls_restart_decay_com...]
#220     0.96s best:32115 next:[14883,32114] ls_restart_compound(batch:1 lin{mvs:0 evals:39} gen{mvs:84 evals:3'101} comp{mvs:12 btracks:36} #w_updates:1 #perturb:0)
#221     0.96s best:32112 next:[14883,32111] ls_restart_compound_perturb(batch:1 lin{mvs:0 evals:39} gen{mvs:77 evals:3'227} comp{mvs:15 btracks:31} #w_updates:1 #perturb:0)
#222     0.96s best:32109 next:[14883,32108] ls_restart_compound_perturb(batch:1 lin{mvs:0 evals:39} gen{mvs:77 evals:3'227} comp{mvs:15 btracks:31} #w_updates:1 #perturb:0) [combined with: ls_restart_compound(...]
#223     0.97s best:32106 next:[14883,32105] ls_lin_restart_compound_perturb(batch:1 lin{mvs:0 evals:30} gen{mvs:60 evals:2'427} comp{mvs:12 btracks:24} #w_updates:0 #perturb:0)
#224     0.97s best:32103 next:[14883,32102] ls_restart_compound_perturb(batch:1 lin{mvs:0 evals:3} gen{mvs:12 evals:243} comp{mvs:4 btracks:4} #w_updates:0 #perturb:0)
#225     0.97s best:32100 next:[14883,32099] ls_restart_compound_perturb(batch:1 lin{mvs:0 evals:1} gen{mvs:5 evals:90} comp{mvs:5 btracks:0} #w_updates:0 #perturb:0)
#226     0.99s best:32097 next:[14883,32096] ls_restart_decay_compound_perturb(batch:1 lin{mvs:0 evals:96} gen{mvs:254 evals:8'416} comp{mvs:10 btracks:122} #w_updates:3 #perturb:0)
#227     0.99s best:32094 next:[14883,32093] ls_lin_restart_decay_compound(batch:1 lin{mvs:0 evals:4} gen{mvs:8 evals:398} comp{mvs:4 btracks:2} #w_updates:0 #perturb:0)
#228     0.99s best:32091 next:[14883,32090] ls_lin_restart_compound_perturb(batch:1 lin{mvs:0 evals:13} gen{mvs:38 evals:1'076} comp{mvs:6 btracks:16} #w_updates:0 #perturb:0)
#229     0.99s best:32064 next:[14883,32063] ls_lin_restart_decay_compound_perturb(batch:1 lin{mvs:0 evals:26} gen{mvs:59 evals:2'088} comp{mvs:5 btracks:27} #w_updates:1 #perturb:0)
#230     1.00s best:32061 next:[14883,32060] ls_restart_compound(batch:1 lin{mvs:0 evals:54} gen{mvs:141 evals:4'389} comp{mvs:19 btracks:61} #w_updates:1 #perturb:0) [combined with: ls_lin_restart_decay...]
#231     1.01s best:32058 next:[14883,32057] ls_restart_compound(batch:1 lin{mvs:0 evals:7} gen{mvs:29 evals:606} comp{mvs:5 btracks:12} #w_updates:0 #perturb:0)
#232     1.01s best:32055 next:[14883,32054] ls_restart_decay_compound(batch:1 lin{mvs:0 evals:3} gen{mvs:7 evals:254} comp{mvs:3 btracks:2} #w_updates:0 #perturb:0) [combined with: ls_restart_compound(...]
#233     1.02s best:32052 next:[14883,32051] ls_lin_restart_compound_perturb(batch:1 lin{mvs:0 evals:117} gen{mvs:294 evals:9'878} comp{mvs:20 btracks:137} #w_updates:4 #perturb:0) [combined with: ls_restart_decay_com...]
#234     1.02s best:31860 next:[14883,31859] rnd_var_lns (d=6.06e-01 s=1056 t=0.10 p=0.50 stall=0 h=base)
#235     1.02s best:31854 next:[14883,31853] rnd_var_lns (d=6.06e-01 s=1056 t=0.10 p=0.50 stall=0 h=base) [combined with: ls_lin_restart_compo...]
#236     1.03s best:31791 next:[14883,31790] graph_cst_lns (d=2.48e-01 s=1075 t=0.10 p=0.25 stall=0 h=base) [combined with: rnd_var_lns (d=6.06e...]
#237     1.03s best:31788 next:[14883,31787] ls_restart_compound(batch:1 lin{mvs:0 evals:146} gen{mvs:324 evals:12'386} comp{mvs:22 btracks:151} #w_updates:5 #perturb:0) [combined with: graph_cst_lns (d=2.4...]
#238     1.03s best:31785 next:[14883,31784] ls_lin_restart_decay_compound(batch:1 lin{mvs:0 evals:29} gen{mvs:70 evals:2'418} comp{mvs:8 btracks:31} #w_updates:1 #perturb:0) [combined with: ls_restart_compound(...]
#239     1.03s best:31782 next:[14883,31781] ls_lin_restart_compound_perturb(batch:1 lin{mvs:0 evals:38} gen{mvs:105 evals:3'184} comp{mvs:13 btracks:46} #w_updates:1 #perturb:0) [combined with: ls_lin_restart_decay...]
#240     1.04s best:31614 next:[14883,31613] graph_cst_lns (d=3.49e-01 s=1086 t=0.10 p=0.40 stall=0 h=base)
#241     1.04s best:31605 next:[14883,31604] graph_cst_lns (d=3.49e-01 s=1086 t=0.10 p=0.40 stall=0 h=base) [combined with: ls_lin_restart_compo...]
#242     1.06s best:31443 next:[14883,31442] graph_cst_lns (d=4.81e-01 s=1099 t=0.10 p=0.50 stall=0 h=base)
#243     1.07s best:31437 next:[14883,31436] ls_lin_restart_compound_perturb(batch:1 lin{mvs:0 evals:28} gen{mvs:105 evals:2'450} comp{mvs:9 btracks:48} #w_updates:1 #perturb:0)
#244     1.08s best:30759 next:[14883,30758] rins_pump_lns (d=4.81e-01 s=1093 t=0.10 p=0.50 stall=0 h=base)
#245     1.08s best:30684 next:[14883,30683] rins_pump_lns (d=4.81e-01 s=1093 t=0.10 p=0.50 stall=0 h=base) [combined with: ls_lin_restart_compo...]
#246     1.08s best:30624 next:[14883,30623] ls_lin_restart_decay_compound_perturb(batch:1 lin{mvs:0 evals:2} gen{mvs:4 evals:167} comp{mvs:4 btracks:0} #w_updates:0 #perturb:0)
#247     1.09s best:30621 next:[14883,30620] ls_restart_decay_compound_perturb(batch:1 lin{mvs:0 evals:152} gen{mvs:346 evals:12'840} comp{mvs:16 btracks:165} #w_updates:5 #perturb:0) [combined with: ls_lin_restart_decay...]
#248     1.09s best:30615 next:[14883,30614] ls_restart_compound(batch:1 lin{mvs:0 evals:2} gen{mvs:4 evals:170} comp{mvs:4 btracks:0} #w_updates:0 #perturb:0)
#249     1.10s best:30612 next:[14883,30611] ls_restart_decay_compound(batch:1 lin{mvs:0 evals:18} gen{mvs:50 evals:1'499} comp{mvs:4 btracks:23} #w_updates:0 #perturb:0)
#250     1.12s best:30609 next:[14883,30608] ls_lin_restart_compound_perturb(batch:1 lin{mvs:0 evals:102} gen{mvs:288 evals:9'188} comp{mvs:10 btracks:139} #w_updates:3 #perturb:0) [combined with: ls_restart_decay_com...]
#251     1.13s best:30603 next:[14883,30602] ls_restart_compound(batch:1 lin{mvs:0 evals:12} gen{mvs:34 evals:997} comp{mvs:6 btracks:14} #w_updates:0 #perturb:0)
#252     1.13s best:30552 next:[14883,30551] ls_restart_compound_perturb(batch:1 lin{mvs:0 evals:138} gen{mvs:473 evals:11'605} comp{mvs:27 btracks:223} #w_updates:4 #perturb:0) [combined with: ls_restart_compound(...]
#253     1.14s best:30549 next:[14883,30548] ls_lin_restart_decay_compound(batch:1 lin{mvs:0 evals:11} gen{mvs:31 evals:864} comp{mvs:5 btracks:13} #w_updates:0 #perturb:0)
#254     1.14s best:30546 next:[14883,30545] ls_lin_restart_decay_compound(batch:1 lin{mvs:0 evals:57} gen{mvs:110 evals:4'335} comp{mvs:10 btracks:50} #w_updates:1 #perturb:0) [combined with: ls_lin_restart_decay...]
#255     1.14s best:30543 next:[14883,30542] ls_lin_restart_compound_perturb(batch:1 lin{mvs:0 evals:8} gen{mvs:22 evals:660} comp{mvs:4 btracks:9} #w_updates:0 #perturb:0) [combined with: ls_lin_restart_decay...]
#256     1.16s best:30540 next:[14883,30539] ls_restart_compound_perturb(batch:1 lin{mvs:0 evals:102} gen{mvs:220 evals:8'106} comp{mvs:18 btracks:101} #w_updates:3 #perturb:0)
#257     1.16s best:30537 next:[14883,30536] ls_restart_compound_perturb(batch:1 lin{mvs:0 evals:102} gen{mvs:220 evals:8'106} comp{mvs:18 btracks:101} #w_updates:3 #perturb:0) [combined with: ls_lin_restart_compo...]
#258     1.16s best:30534 next:[14883,30533] ls_restart_compound(batch:1 lin{mvs:0 evals:13} gen{mvs:32 evals:1'058} comp{mvs:6 btracks:13} #w_updates:0 #perturb:0)
#259     1.16s best:30531 next:[14883,30530] ls_lin_restart_decay_compound_perturb(batch:1 lin{mvs:0 evals:12} gen{mvs:24 evals:926} comp{mvs:4 btracks:10} #w_updates:0 #perturb:0) [combined with: ls_restart_compound(...]
#260     1.16s best:30528 next:[14883,30527] ls_restart_decay_compound_perturb(batch:1 lin{mvs:0 evals:7} gen{mvs:14 evals:596} comp{mvs:4 btracks:5} #w_updates:0 #perturb:0) [combined with: ls_lin_restart_decay...]
#261     1.18s best:30525 next:[14883,30524] ls_lin_restart_compound_perturb(batch:1 lin{mvs:0 evals:5} gen{mvs:8 evals:392} comp{mvs:4 btracks:2} #w_updates:0 #perturb:0)
#262     1.18s best:30522 next:[14883,30521] ls_restart_decay_compound(batch:1 lin{mvs:0 evals:65} gen{mvs:160 evals:5'298} comp{mvs:12 btracks:74} #w_updates:1 #perturb:0) [combined with: ls_lin_restart_compo...]
#263     1.19s best:30519 next:[14883,30518] ls_lin_restart_compound_perturb(batch:1 lin{mvs:0 evals:43} gen{mvs:118 evals:3'734} comp{mvs:12 btracks:53} #w_updates:1 #perturb:0)
#264     1.19s best:30516 next:[14883,30515] ls_lin_restart_compound_perturb(batch:1 lin{mvs:0 evals:43} gen{mvs:118 evals:3'734} comp{mvs:12 btracks:53} #w_updates:1 #perturb:0) [combined with: ls_restart_decay_com...]
#265     1.19s best:30513 next:[14883,30512] ls_lin_restart_compound_perturb(batch:1 lin{mvs:0 evals:1} gen{mvs:2 evals:87} comp{mvs:2 btracks:0} #w_updates:0 #perturb:0)
#266     1.19s best:30510 next:[14883,30509] ls_lin_restart_compound(batch:1 lin{mvs:0 evals:1} gen{mvs:2 evals:85} comp{mvs:2 btracks:0} #w_updates:0 #perturb:0)
#267     1.21s best:30507 next:[14883,30506] ls_lin_restart_compound_perturb(batch:1 lin{mvs:0 evals:50} gen{mvs:108 evals:3'988} comp{mvs:14 btracks:47} #w_updates:1 #perturb:0)
#268     1.21s best:30504 next:[14883,30503] ls_restart_compound_perturb(batch:1 lin{mvs:0 evals:17} gen{mvs:58 evals:1'579} comp{mvs:4 btracks:27} #w_updates:0 #perturb:0) [combined with: ls_lin_restart_compo...]
#269     1.21s best:30318 next:[14883,30317] rnd_var_lns (d=7.09e-01 s=1084 t=0.10 p=0.57 stall=0 h=base) [combined with: ls_restart_compound_...]
#270     1.21s best:30315 next:[14883,30314] ls_restart_compound_perturb(batch:1 lin{mvs:0 evals:14} gen{mvs:24 evals:1'270} comp{mvs:12 btracks:6} #w_updates:0 #perturb:0) [combined with: rnd_var_lns (d=7.09e...]
#271     1.22s best:30312 next:[14883,30311] ls_restart_decay_compound_perturb(batch:1 lin{mvs:0 evals:93} gen{mvs:226 evals:7'834} comp{mvs:12 btracks:107} #w_updates:3 #perturb:0) [combined with: ls_restart_compound_...]
#272     1.23s best:30309 next:[14883,30308] ls_lin_restart_decay_compound(batch:1 lin{mvs:0 evals:34} gen{mvs:102 evals:2'646} comp{mvs:6 btracks:48} #w_updates:1 #perturb:0)
#273     1.23s best:30306 next:[14883,30305] ls_lin_restart_decay_compound(batch:1 lin{mvs:0 evals:8} gen{mvs:18 evals:647} comp{mvs:4 btracks:7} #w_updates:0 #perturb:0)
#274     1.23s best:30264 next:[14883,30263] ls_lin_restart_compound_perturb(batch:1 lin{mvs:0 evals:7} gen{mvs:13 evals:551} comp{mvs:9 btracks:2} #w_updates:0 #perturb:0)
#275     1.23s best:30261 next:[14883,30260] ls_restart_decay_compound(batch:1 lin{mvs:0 evals:3} gen{mvs:6 evals:221} comp{mvs:4 btracks:1} #w_updates:0 #perturb:0)
#276     1.23s best:30258 next:[14883,30257] ls_restart_decay_compound(batch:1 lin{mvs:0 evals:3} gen{mvs:6 evals:221} comp{mvs:4 btracks:1} #w_updates:0 #perturb:0) [combined with: ls_lin_restart_compo...]
#277     1.25s best:30255 next:[14883,30254] ls_lin_restart_compound(batch:1 lin{mvs:0 evals:1} gen{mvs:2 evals:84} comp{mvs:2 btracks:0} #w_updates:0 #perturb:0)
#278     1.25s best:30252 next:[14883,30251] ls_lin_restart_compound_perturb(batch:1 lin{mvs:0 evals:4} gen{mvs:9 evals:383} comp{mvs:5 btracks:2} #w_updates:0 #perturb:0)
#279     1.26s best:30249 next:[14883,30248] ls_lin_restart_decay_compound(batch:1 lin{mvs:0 evals:129} gen{mvs:210 evals:9'496} comp{mvs:16 btracks:97} #w_updates:2 #perturb:0) [combined with: ls_lin_restart_compo...]
#280     1.26s best:30246 next:[14883,30245] ls_restart_decay_compound(batch:1 lin{mvs:0 evals:1} gen{mvs:2 evals:84} comp{mvs:2 btracks:0} #w_updates:0 #perturb:0)
#281     1.26s best:30243 next:[14883,30242] ls_restart_compound(batch:1 lin{mvs:0 evals:5} gen{mvs:18 evals:465} comp{mvs:4 btracks:7} #w_updates:0 #perturb:0) [combined with: ls_restart_decay_com...]
#282     1.29s best:30237 next:[14883,30236] ls_lin_restart_decay_compound(batch:1 lin{mvs:0 evals:132} gen{mvs:296 evals:10'345} comp{mvs:24 btracks:136} #w_updates:4 #perturb:0)
#283     1.29s best:30234 next:[14883,30233] ls_restart_compound(batch:1 lin{mvs:0 evals:4} gen{mvs:10 evals:380} comp{mvs:4 btracks:3} #w_updates:0 #perturb:0)
#284     1.29s best:30231 next:[14883,30230] ls_restart_decay_compound(batch:1 lin{mvs:0 evals:185} gen{mvs:480 evals:14'755} comp{mvs:20 btracks:230} #w_updates:6 #perturb:0) [combined with: ls_restart_compound(...]
#285     1.30s best:30228 next:[14883,30227] quick_restart_no_lp
#286     1.30s best:30225 next:[14883,30224] ls_lin_restart_decay_compound_perturb(batch:1 lin{mvs:0 evals:1} gen{mvs:2 evals:82} comp{mvs:2 btracks:0} #w_updates:0 #perturb:0)
#287     1.30s best:30222 next:[14883,30221] ls_restart_compound(batch:1 lin{mvs:0 evals:24} gen{mvs:56 evals:1'859} comp{mvs:4 btracks:26} #w_updates:0 #perturb:0) [combined with: ls_lin_restart_decay...]
#288     1.30s best:30219 next:[14883,30218] ls_restart_decay_compound_perturb(batch:1 lin{mvs:0 evals:10} gen{mvs:32 evals:865} comp{mvs:4 btracks:14} #w_updates:0 #perturb:0) [combined with: ls_restart_compound(...]
#289     1.30s best:30216 next:[14883,30215] ls_restart_compound_perturb(batch:1 lin{mvs:0 evals:5} gen{mvs:16 evals:461} comp{mvs:4 btracks:6} #w_updates:0 #perturb:0)
#290     1.30s best:30213 next:[14883,30212] ls_restart_decay_compound(batch:1 lin{mvs:0 evals:21} gen{mvs:48 evals:1'599} comp{mvs:12 btracks:18} #w_updates:0 #perturb:0)
#291     1.30s best:30210 next:[14883,30209] ls_restart_compound_perturb(batch:1 lin{mvs:0 evals:1} gen{mvs:2 evals:84} comp{mvs:2 btracks:0} #w_updates:0 #perturb:0) [combined with: ls_restart_decay_com...]
#292     1.30s best:30207 next:[14883,30206] ls_restart_compound_perturb(batch:1 lin{mvs:0 evals:4} gen{mvs:8 evals:358} comp{mvs:4 btracks:2} #w_updates:0 #perturb:0) [combined with: ls_restart_compound_...]
#293     1.31s best:30204 next:[14883,30203] ls_restart_decay_compound(batch:1 lin{mvs:0 evals:18} gen{mvs:52 evals:1'367} comp{mvs:4 btracks:24} #w_updates:1 #perturb:0) [combined with: ls_restart_compound_...]
#294     1.31s best:30192 next:[14883,30191] ls_lin_restart_decay_perturb(batch:1 lin{mvs:10 evals:738} gen{mvs:557 evals:16'056} #w_updates:69 #perturb:0)
#295     1.31s best:30189 next:[14883,30188] ls_lin_restart_decay_perturb(batch:1 lin{mvs:10 evals:738} gen{mvs:557 evals:16'056} #w_updates:69 #perturb:0) [combined with: ls_restart_decay_com...]
#296     1.31s best:30162 next:[14883,30161] quick_restart_no_lp
#297     1.31s best:30159 next:[14883,30158] ls_restart_decay_compound(batch:1 lin{mvs:0 evals:10} gen{mvs:40 evals:870} comp{mvs:4 btracks:18} #w_updates:0 #perturb:0) [combined with: quick_restart_no_lp...]
#298     1.32s best:30156 next:[14883,30155] ls_restart_compound_perturb(batch:1 lin{mvs:0 evals:24} gen{mvs:68 evals:2'013} comp{mvs:4 btracks:32} #w_updates:1 #perturb:0) [combined with: ls_restart_decay_com...]
#299     1.33s best:30153 next:[14883,30152] graph_cst_lns (d=4.89e-01 s=1350 t=0.10 p=0.50 stall=0 h=base)
#300     1.33s best:30075 next:[14883,30074] graph_cst_lns (d=4.89e-01 s=1350 t=0.10 p=0.50 stall=0 h=base) [combined with: ls_restart_compound_...]
#301     1.33s best:30072 next:[14883,30071] ls_restart_compound_perturb(batch:1 lin{mvs:0 evals:75} gen{mvs:148 evals:5'683} comp{mvs:22 btracks:63} #w_updates:2 #perturb:0) [combined with: graph_cst_lns (d=4.8...]
#302     1.34s best:30069 next:[14883,30068] ls_lin_restart_decay_compound_perturb(batch:1 lin{mvs:0 evals:11} gen{mvs:22 evals:867} comp{mvs:12 btracks:5} #w_updates:0 #perturb:0)
#303     1.34s best:30066 next:[14883,30065] ls_restart_compound_perturb(batch:1 lin{mvs:0 evals:7} gen{mvs:21 evals:590} comp{mvs:5 btracks:8} #w_updates:0 #perturb:0) [combined with: ls_lin_restart_decay...]
#304     1.35s best:30063 next:[14883,30062] ls_lin_restart_decay_compound(batch:1 lin{mvs:0 evals:42} gen{mvs:86 evals:3'152} comp{mvs:14 btracks:36} #w_updates:0 #perturb:0) [combined with: ls_restart_compound_...]
#305     1.35s best:30060 next:[14883,30059] ls_restart_decay_compound_perturb(batch:1 lin{mvs:0 evals:28} gen{mvs:74 evals:2'134} comp{mvs:6 btracks:34} #w_updates:1 #perturb:0) [combined with: ls_lin_restart_decay...]
#306     1.36s best:30042 next:[14883,30041] graph_arc_lns (d=7.00e-01 s=1150 t=0.10 p=0.50 stall=1 h=base)
#307     1.36s best:30039 next:[14883,30038] ls_restart_decay_compound_perturb(batch:1 lin{mvs:0 evals:7} gen{mvs:20 evals:659} comp{mvs:4 btracks:8} #w_updates:0 #perturb:0)
#308     1.36s best:30036 next:[14883,30035] ls_lin_restart_compound(batch:1 lin{mvs:0 evals:1} gen{mvs:2 evals:84} comp{mvs:2 btracks:0} #w_updates:0 #perturb:0)
#309     1.37s best:30033 next:[14883,30032] ls_restart_compound_perturb(batch:1 lin{mvs:0 evals:7} gen{mvs:16 evals:573} comp{mvs:4 btracks:6} #w_updates:0 #perturb:0) [combined with: ls_lin_restart_compo...]
#310     1.37s best:30030 next:[14883,30029] ls_restart_compound_perturb(batch:1 lin{mvs:0 evals:11} gen{mvs:28 evals:914} comp{mvs:4 btracks:12} #w_updates:0 #perturb:0)
#311     1.37s best:30024 next:[14883,30023] ls_restart_compound_perturb(batch:1 lin{mvs:0 evals:2} gen{mvs:4 evals:166} comp{mvs:4 btracks:0} #w_updates:0 #perturb:0)
#312     1.38s best:30018 next:[14883,30017] ls_restart_compound(batch:1 lin{mvs:0 evals:18} gen{mvs:40 evals:1'424} comp{mvs:6 btracks:17} #w_updates:0 #perturb:0)
#313     1.38s best:29472 next:[14883,29471] quick_restart
#314     1.39s best:29469 next:[14883,29468] ls_restart_compound(batch:1 lin{mvs:0 evals:19} gen{mvs:54 evals:1'682} comp{mvs:4 btracks:25} #w_updates:0 #perturb:0)
#315     1.40s best:29466 next:[14883,29465] ls_restart_compound(batch:1 lin{mvs:0 evals:13} gen{mvs:24 evals:984} comp{mvs:12 btracks:6} #w_updates:0 #perturb:0)
#316     1.40s best:29463 next:[14883,29462] ls_lin_restart_compound_perturb(batch:1 lin{mvs:0 evals:18} gen{mvs:40 evals:1'457} comp{mvs:4 btracks:18} #w_updates:0 #perturb:0) [combined with: ls_restart_compound(...]
#317     1.41s best:29460 next:[14883,29459] ls_lin_restart_compound(batch:1 lin{mvs:0 evals:5} gen{mvs:8 evals:370} comp{mvs:4 btracks:2} #w_updates:0 #perturb:0)
#318     1.41s best:29457 next:[14883,29456] ls_restart_decay_compound(batch:1 lin{mvs:0 evals:23} gen{mvs:40 evals:1'654} comp{mvs:10 btracks:15} #w_updates:0 #perturb:0) [combined with: ls_lin_restart_compo...]
#319     1.41s best:29454 next:[14883,29453] ls_restart_decay_compound(batch:1 lin{mvs:0 evals:11} gen{mvs:26 evals:853} comp{mvs:4 btracks:11} #w_updates:0 #perturb:0) [combined with: ls_restart_decay_com...]
#320     1.41s best:29451 next:[14883,29450] ls_restart_compound_perturb(batch:1 lin{mvs:0 evals:13} gen{mvs:36 evals:1'042} comp{mvs:4 btracks:16} #w_updates:0 #perturb:0) [combined with: ls_restart_decay_com...]
#321     1.42s best:29448 next:[14883,29447] ls_lin_restart_decay_compound(batch:1 lin{mvs:0 evals:38} gen{mvs:110 evals:3'185} comp{mvs:12 btracks:49} #w_updates:1 #perturb:0) [combined with: ls_restart_compound_...]
#322     1.45s best:29445 next:[14883,29444] ls_restart_compound(batch:1 lin{mvs:0 evals:36} gen{mvs:98 evals:2'846} comp{mvs:8 btracks:45} #w_updates:0 #perturb:0)
#323     1.46s best:29397 next:[14883,29396] graph_arc_lns (d=4.87e-01 s=1467 t=0.10 p=0.40 stall=1 h=base)
#324     1.46s best:29394 next:[14883,29393] ls_restart_decay_compound_perturb(batch:1 lin{mvs:0 evals:164} gen{mvs:348 evals:12'221} comp{mvs:14 btracks:167} #w_updates:5 #perturb:0) [combined with: graph_arc_lns (d=4.8...]
#325     1.47s best:29391 next:[14883,29390] ls_restart_decay_compound(batch:1 lin{mvs:0 evals:35} gen{mvs:100 evals:2'444} comp{mvs:12 btracks:44} #w_updates:1 #perturb:0)
#326     1.47s best:29388 next:[14883,29387] ls_restart_compound_perturb(batch:1 lin{mvs:0 evals:135} gen{mvs:304 evals:9'993} comp{mvs:20 btracks:142} #w_updates:4 #perturb:0) [combined with: ls_restart_decay_com...]
#327     1.47s best:29385 next:[14883,29384] ls_lin_restart_compound_perturb(batch:1 lin{mvs:0 evals:1} gen{mvs:2 evals:82} comp{mvs:2 btracks:0} #w_updates:0 #perturb:0)
#328     1.48s best:29355 next:[14883,29354] ls_lin_restart(batch:1 lin{mvs:10 evals:645} gen{mvs:494 evals:15'440} #w_updates:246 #perturb:0) [combined with: ls_lin_restart_compo...]
#329     1.48s best:29352 next:[14883,29351] ls_lin_restart_decay_compound(batch:1 lin{mvs:0 evals:4} gen{mvs:8 evals:327} comp{mvs:4 btracks:2} #w_updates:0 #perturb:0)
#330     1.48s best:29229 next:[14883,29228] graph_arc_lns (d=6.02e-01 s=1475 t=0.10 p=0.45 stall=0 h=base)
#331     1.50s best:29223 next:[14883,29222] ls_restart_decay_compound_perturb(batch:1 lin{mvs:0 evals:318} gen{mvs:832 evals:25'234} comp{mvs:40 btracks:396} #w_updates:11 #perturb:0) [combined with: graph_arc_lns (d=6.0...]
#332     1.51s best:29220 next:[14883,29219] ls_restart_compound(batch:1 lin{mvs:0 evals:12} gen{mvs:17 evals:903} comp{mvs:13 btracks:2} #w_updates:0 #perturb:0)
#333     1.51s best:29016 next:[14883,29015] graph_arc_lns (d=6.88e-01 s=1496 t=0.10 p=0.50 stall=0 h=base)
#334     1.51s best:29013 next:[14883,29012] graph_arc_lns (d=6.88e-01 s=1496 t=0.10 p=0.50 stall=0 h=base) [combined with: ls_restart_compound(...]
#335     1.51s best:29010 next:[14883,29009] ls_restart_compound_perturb(batch:1 lin{mvs:0 evals:40} gen{mvs:118 evals:3'146} comp{mvs:16 btracks:51} #w_updates:0 #perturb:0)
#336     1.52s best:29007 next:[14883,29006] ls_restart_compound_perturb(batch:1 lin{mvs:0 evals:31} gen{mvs:58 evals:1'955} comp{mvs:4 btracks:27} #w_updates:1 #perturb:0) [combined with: ls_restart_compound_...]
#337     1.53s best:28809 next:[14883,28808] graph_arc_lns (d=6.88e-01 s=1497 t=0.10 p=0.50 stall=0 h=base)
#338     1.54s best:28806 next:[14883,28805] ls_restart_decay_compound_perturb(batch:1 lin{mvs:0 evals:13} gen{mvs:44 evals:1'001} comp{mvs:4 btracks:20} #w_updates:0 #perturb:0)
#339     1.57s best:28785 next:[14883,28784] quick_restart_no_lp
#340     1.58s best:28761 next:[14883,28760] quick_restart_no_lp
#341     1.60s best:28758 next:[14883,28757] quick_restart_no_lp
#342     1.60s best:28755 next:[14883,28754] ls_restart_compound(batch:1 lin{mvs:0 evals:107} gen{mvs:238 evals:7'861} comp{mvs:16 btracks:111} #w_updates:2 #perturb:0) [combined with: quick_restart_no_lp...]
#343     1.62s best:28752 next:[14883,28751] ls_lin_restart_decay_compound(batch:1 lin{mvs:0 evals:5} gen{mvs:16 evals:416} comp{mvs:8 btracks:4} #w_updates:0 #perturb:0)
#344     1.64s best:28749 next:[14883,28748] ls_restart_decay_compound(batch:1 lin{mvs:0 evals:115} gen{mvs:264 evals:8'292} comp{mvs:16 btracks:124} #w_updates:4 #perturb:0) [combined with: ls_lin_restart_decay...]
#345     1.67s best:28746 next:[14883,28745] ls_restart_decay_compound_perturb(batch:1 lin{mvs:0 evals:47} gen{mvs:102 evals:3'482} comp{mvs:10 btracks:46} #w_updates:1 #perturb:0)
#346     1.67s best:28743 next:[14883,28742] ls_restart_decay_compound(batch:1 lin{mvs:0 evals:1} gen{mvs:2 evals:80} comp{mvs:2 btracks:0} #w_updates:0 #perturb:0)
#347     1.69s best:28740 next:[14883,28739] ls_restart_compound_perturb(batch:1 lin{mvs:0 evals:142} gen{mvs:296 evals:9'941} comp{mvs:16 btracks:140} #w_updates:3 #perturb:0)
#348     1.70s best:28737 next:[14883,28736] ls_lin_restart_decay_compound(batch:1 lin{mvs:0 evals:160} gen{mvs:464 evals:12'039} comp{mvs:22 btracks:221} #w_updates:5 #perturb:0) [combined with: ls_restart_compound_...]
#349     1.71s best:28734 next:[14883,28733] ls_lin_restart_decay_compound(batch:1 lin{mvs:0 evals:47} gen{mvs:86 evals:3'397} comp{mvs:10 btracks:38} #w_updates:1 #perturb:0) [combined with: ls_lin_restart_decay...]
#350     1.76s best:28710 next:[14883,28709] quick_restart
#351     1.76s best:28707 next:[14883,28706] ls_restart_compound(batch:1 lin{mvs:0 evals:7} gen{mvs:10 evals:553} comp{mvs:10 btracks:0} #w_updates:0 #perturb:0)
#352     1.79s best:28704 next:[14883,28703] ls_restart_decay_compound(batch:1 lin{mvs:0 evals:27} gen{mvs:64 evals:1'957} comp{mvs:8 btracks:28} #w_updates:1 #perturb:0)
#353     1.80s best:28701 next:[14883,28700] ls_lin_restart_decay_compound_perturb(batch:1 lin{mvs:0 evals:18} gen{mvs:54 evals:1'467} comp{mvs:8 btracks:23} #w_updates:0 #perturb:0)
#354     1.81s best:28683 next:[14883,28682] rins_pump_lns (d=3.72e-01 s=1606 t=0.10 p=0.45 stall=0 h=base)
#355     1.81s best:28677 next:[14883,28676] rins_pump_lns (d=3.72e-01 s=1606 t=0.10 p=0.45 stall=0 h=base) [combined with: ls_lin_restart_decay...]
#356     1.81s best:28674 next:[14883,28673] ls_restart_compound(batch:1 lin{mvs:0 evals:6} gen{mvs:12 evals:411} comp{mvs:4 btracks:4} #w_updates:0 #perturb:0) [combined with: rins_pump_lns (d=3.7...]
#357     1.84s best:28671 next:[14883,28670] quick_restart
#358     1.85s best:28668 next:[14883,28667] ls_restart_decay_compound(batch:1 lin{mvs:0 evals:19} gen{mvs:50 evals:1'329} comp{mvs:4 btracks:23} #w_updates:0 #perturb:0)
#359     1.86s best:28044 next:[14883,28043] graph_arc_lns (d=7.54e-01 s=1503 t=0.10 p=0.54 stall=0 h=base)
#360     1.88s best:28041 next:[14883,28040] ls_lin_restart_compound(batch:1 lin{mvs:0 evals:39} gen{mvs:108 evals:3'059} comp{mvs:6 btracks:51} #w_updates:1 #perturb:0)
#361     1.88s best:28038 next:[14883,28037] ls_restart_compound_perturb(batch:1 lin{mvs:0 evals:21} gen{mvs:42 evals:1'593} comp{mvs:12 btracks:15} #w_updates:0 #perturb:0) [combined with: ls_lin_restart_compo...]
#362     1.88s best:28035 next:[14883,28034] ls_lin_restart_compound_perturb(batch:1 lin{mvs:0 evals:9} gen{mvs:22 evals:677} comp{mvs:4 btracks:9} #w_updates:0 #perturb:0) [combined with: ls_restart_compound_...]
#363     1.88s best:28032 next:[14883,28031] ls_restart_compound_perturb(batch:1 lin{mvs:0 evals:8} gen{mvs:16 evals:719} comp{mvs:12 btracks:2} #w_updates:0 #perturb:0) [combined with: ls_lin_restart_compo...]
#364     1.89s best:28029 next:[14883,28028] ls_restart_decay_compound_perturb(batch:1 lin{mvs:0 evals:26} gen{mvs:70 evals:1'978} comp{mvs:8 btracks:31} #w_updates:0 #perturb:0) [combined with: ls_restart_compound_...]
#365     1.90s best:28026 next:[14883,28025] ls_compound_perturb(batch:26 lin{mvs:194 evals:17'985} gen{mvs:16'034 evals:481'886} comp{mvs:176 btracks:1'495} #w_updates:709 #perturb:26)
#366     1.91s best:28023 next:[14883,28022] ls_restart_decay_compound_perturb(batch:1 lin{mvs:0 evals:16} gen{mvs:56 evals:1'334} comp{mvs:4 btracks:26} #w_updates:0 #perturb:0) [combined with: ls_compound_perturb(...]
#367     1.91s best:27897 next:[14883,27896] graph_arc_lns (d=8.04e-01 s=1512 t=0.10 p=0.57 stall=0 h=base)
#368     1.91s best:27642 next:[14883,27641] graph_cst_lns (d=4.94e-01 s=1614 t=0.10 p=0.50 stall=0 h=base)
#369     1.92s best:27534 next:[14883,27533] graph_arc_lns (d=8.04e-01 s=1515 t=0.10 p=0.57 stall=0 h=base)
#370     1.92s best:27531 next:[14883,27530] ls_restart_compound_perturb(batch:1 lin{mvs:0 evals:69} gen{mvs:186 evals:5'157} comp{mvs:8 btracks:89} #w_updates:3 #perturb:0) [combined with: graph_arc_lns (d=8.0...]
#371     1.95s best:27426 next:[14883,27425] graph_cst_lns (d=6.08e-01 s=1694 t=0.10 p=0.55 stall=0 h=base)
#372     1.95s best:27423 next:[14883,27422] graph_cst_lns (d=6.08e-01 s=1694 t=0.10 p=0.55 stall=0 h=base) [combined with: ls_restart_compound_...]
#373     1.96s best:27420 next:[14883,27419] quick_restart_no_lp
#374     1.99s best:27372 next:[14883,27371] graph_cst_lns (d=6.08e-01 s=1707 t=0.10 p=0.55 stall=0 h=base)
#375     1.99s best:27348 next:[14883,27347] graph_cst_lns (d=6.08e-01 s=1707 t=0.10 p=0.55 stall=0 h=base) [combined with: quick_restart_no_lp...]
#376     2.02s best:27336 next:[14883,27335] quick_restart_no_lp
#377     2.05s best:27246 next:[14883,27245] graph_cst_lns (d=6.08e-01 s=1709 t=0.10 p=0.55 stall=0 h=base) [combined with: quick_restart_no_lp...]
#378     2.09s best:27243 next:[14883,27242] quick_restart_no_lp
#379     2.11s best:27240 next:[14883,27239] quick_restart_no_lp
#380     2.14s best:27237 next:[14883,27236] ls_restart_compound_perturb(batch:1 lin{mvs:0 evals:0} gen{mvs:518 evals:14'660} comp{mvs:28 btracks:245} #w_updates:7 #perturb:0)
#381     2.14s best:27234 next:[14883,27233] ls_restart_compound_perturb(batch:1 lin{mvs:0 evals:0} gen{mvs:518 evals:14'660} comp{mvs:28 btracks:245} #w_updates:7 #perturb:0) [combined with: quick_restart_no_lp...]
#382     2.18s best:27174 next:[14883,27173] quick_restart_no_lp
#383     2.24s best:27171 next:[14883,27170] quick_restart
#384     2.32s best:27135 next:[14883,27134] graph_cst_lns (d=7.58e-01 s=1716 t=0.10 p=0.62 stall=0 h=base) [combined with: quick_restart...]
#385     2.33s best:26250 next:[14883,26249] graph_var_lns (d=4.61e-01 s=1844 t=0.10 p=0.45 stall=1 h=base)
#386     2.33s best:26214 next:[14883,26213] graph_var_lns (d=4.61e-01 s=1844 t=0.10 p=0.45 stall=1 h=base) [combined with: graph_cst_lns (d=7.5...]
#387     2.41s best:25815 next:[14883,25814] graph_var_lns (d=7.35e-01 s=1869 t=0.10 p=0.57 stall=0 h=base)
#388     2.43s best:25809 next:[14883,25808] ls_restart_decay_compound_perturb(batch:1 lin{mvs:0 evals:0} gen{mvs:70 evals:1'917} comp{mvs:14 btracks:28} #w_updates:0 #perturb:0)
#389     2.43s best:25806 next:[14883,25805] ls_lin_restart_compound_perturb(batch:1 lin{mvs:0 evals:0} gen{mvs:2 evals:74} comp{mvs:2 btracks:0} #w_updates:0 #perturb:0)
#390     2.46s best:25803 next:[14883,25802] ls_restart_compound(batch:1 lin{mvs:0 evals:0} gen{mvs:226 evals:7'525} comp{mvs:14 btracks:106} #w_updates:3 #perturb:0)
#391     2.46s best:25800 next:[14883,25799] ls_restart_compound(batch:1 lin{mvs:0 evals:0} gen{mvs:226 evals:7'525} comp{mvs:14 btracks:106} #w_updates:3 #perturb:0) [combined with: ls_lin_restart_compo...]
#392     2.46s best:25797 next:[14883,25796] ls_restart_decay_compound_perturb(batch:1 lin{mvs:0 evals:0} gen{mvs:116 evals:2'934} comp{mvs:10 btracks:53} #w_updates:1 #perturb:0) [combined with: ls_restart_compound(...]
#393     2.49s best:25683 next:[14883,25682] graph_var_lns (d=7.35e-01 s=1863 t=0.10 p=0.57 stall=0 h=base) [combined with: ls_restart_decay_com...]
#394     2.50s best:25377 next:[14883,25376] graph_dec_lns (d=7.33e-01 s=1915 t=0.10 p=0.55 stall=1 h=base)
#395     2.50s best:25137 next:[14883,25136] graph_dec_lns (d=7.33e-01 s=1909 t=0.10 p=0.55 stall=1 h=base)
#396     2.56s best:25134 next:[14883,25133] ls_lin_restart_compound(batch:1 lin{mvs:0 evals:0} gen{mvs:68 evals:2'004} comp{mvs:6 btracks:31} #w_updates:1 #perturb:0)
#397     2.57s best:25131 next:[14883,25130] ls_decay(batch:34 lin{mvs:248 evals:20'708} gen{mvs:21'606 evals:645'925} comp{mvs:282 btracks:2'728} #w_updates:1'089 #perturb:34) [combined with: ls_lin_restart_compo...]
#398     2.58s best:25128 next:[14883,25127] ls_lin_restart_compound_perturb(batch:1 lin{mvs:0 evals:0} gen{mvs:18 evals:695} comp{mvs:10 btracks:4} #w_updates:0 #perturb:0)
#399     2.59s best:25125 next:[14883,25124] ls_compound_perturb(batch:35 lin{mvs:248 evals:20'708} gen{mvs:21'716 evals:649'785} comp{mvs:288 btracks:2'780} #w_updates:1'090 #perturb:35) [combined with: ls_lin_restart_compo...]
#400     2.61s best:25095 next:[14883,25094] quick_restart_no_lp
#401     2.64s best:25092 next:[14883,25091] quick_restart_no_lp
#402     2.72s best:25068 next:[14883,25067] quick_restart_no_lp
#403     2.73s best:25065 next:[14883,25064] quick_restart_no_lp
#404     2.75s best:25062 next:[14883,25061] quick_restart
#405     2.76s best:25059 next:[14883,25058] ls_restart_decay_compound_perturb(batch:1 lin{mvs:0 evals:0} gen{mvs:120 evals:2'880} comp{mvs:8 btracks:56} #w_updates:2 #perturb:0)
#406     2.77s best:25056 next:[14883,25055] ls_restart_compound(batch:1 lin{mvs:0 evals:0} gen{mvs:806 evals:20'863} comp{mvs:42 btracks:382} #w_updates:12 #perturb:0) [combined with: ls_restart_decay_com...]
#407     2.78s best:25053 next:[14883,25052] ls_restart_decay_compound(batch:1 lin{mvs:0 evals:0} gen{mvs:46 evals:1'504} comp{mvs:8 btracks:19} #w_updates:0 #perturb:0)
#408     2.83s best:25050 next:[14883,25049] quick_restart
#409     2.83s best:25014 next:[14883,25013] graph_dec_lns (d=7.91e-01 s=1920 t=0.10 p=0.58 stall=0 h=base) [combined with: quick_restart...]
#410     2.85s best:25005 next:[14883,25004] rnd_var_lns (d=7.22e-01 s=2011 t=0.10 p=0.55 stall=0 h=base)
#411     2.88s best:25002 next:[14883,25001] quick_restart
#412     2.93s best:24996 next:[14883,24995] quick_restart
#413     2.97s best:24993 next:[14883,24992] ls_restart_decay_compound_perturb(batch:1 lin{mvs:0 evals:2} gen{mvs:68 evals:1'917} comp{mvs:4 btracks:32} #w_updates:1 #perturb:0)
#414     2.97s best:24978 next:[14883,24977] graph_dec_lns (d=8.69e-01 s=1960 t=0.10 p=0.64 stall=0 h=base) [combined with: ls_restart_decay_com...]
#415     2.99s best:24975 next:[14883,24974] ls_lin_restart_compound(batch:1 lin{mvs:0 evals:1} gen{mvs:120 evals:3'999} comp{mvs:4 btracks:58} #w_updates:1 #perturb:0)
#416     3.00s best:24960 next:[14883,24959] rnd_var_lns (d=7.82e-01 s=2030 t=0.10 p=0.58 stall=0 h=base)
#417     3.00s best:24933 next:[14883,24932] rnd_var_lns (d=7.82e-01 s=2030 t=0.10 p=0.58 stall=0 h=base) [combined with: ls_lin_restart_compo...]
#418     3.00s best:24927 next:[14883,24926] ls_restart_compound_perturb(batch:1 lin{mvs:0 evals:0} gen{mvs:44 evals:1'450} comp{mvs:12 btracks:16} #w_updates:0 #perturb:0)
#419     3.02s best:24924 next:[14883,24923] ls_restart_decay_compound(batch:1 lin{mvs:0 evals:0} gen{mvs:146 evals:3'798} comp{mvs:12 btracks:67} #w_updates:1 #perturb:0)
#420     3.02s best:24846 next:[14883,24845] ls_lin_restart(batch:1 lin{mvs:12 evals:506} gen{mvs:22 evals:1'129} #w_updates:3 #perturb:0)
#421     3.02s best:24843 next:[14883,24842] ls_restart_decay(batch:1 lin{mvs:12 evals:526} gen{mvs:43 evals:1'580} #w_updates:11 #perturb:0)
#422     3.03s best:24840 next:[14883,24839] ls_restart_decay_compound(batch:1 lin{mvs:0 evals:0} gen{mvs:12 evals:317} comp{mvs:4 btracks:4} #w_updates:0 #perturb:0)
#423     3.03s best:24837 next:[14883,24836] ls_restart_decay_compound_perturb(batch:1 lin{mvs:0 evals:0} gen{mvs:146 evals:4'273} comp{mvs:12 btracks:67} #w_updates:2 #perturb:0) [combined with: ls_restart_decay_com...]
#424     3.05s best:24834 next:[14883,24833] ls_restart_compound(batch:1 lin{mvs:0 evals:0} gen{mvs:102 evals:3'107} comp{mvs:10 btracks:46} #w_updates:1 #perturb:0)
#425     3.06s best:24831 next:[14883,24830] ls_restart_compound(batch:1 lin{mvs:0 evals:0} gen{mvs:32 evals:883} comp{mvs:10 btracks:11} #w_updates:0 #perturb:0)
#426     3.06s best:24828 next:[14883,24827] ls_restart_compound(batch:1 lin{mvs:0 evals:0} gen{mvs:212 evals:6'395} comp{mvs:22 btracks:95} #w_updates:3 #perturb:0) [combined with: ls_restart_compound(...]
#427     3.09s best:24825 next:[14883,24824] ls_restart_compound_perturb(batch:1 lin{mvs:0 evals:0} gen{mvs:40 evals:1'509} comp{mvs:10 btracks:15} #w_updates:0 #perturb:0)
#428     3.09s best:24822 next:[14883,24821] ls_restart_decay_compound_perturb(batch:1 lin{mvs:0 evals:0} gen{mvs:616 evals:16'357} comp{mvs:28 btracks:294} #w_updates:9 #perturb:0) [combined with: ls_restart_compound_...]
#429     3.10s best:24819 next:[14883,24818] ls_restart_compound(batch:1 lin{mvs:0 evals:0} gen{mvs:106 evals:2'813} comp{mvs:10 btracks:48} #w_updates:1 #perturb:0)
#430     3.11s best:24816 next:[14883,24815] quick_restart
#431     3.13s best:24813 next:[14883,24812] ls_lin_restart_decay_compound(batch:1 lin{mvs:0 evals:0} gen{mvs:152 evals:4'728} comp{mvs:8 btracks:72} #w_updates:1 #perturb:0) [combined with: quick_restart...]
#432     3.14s best:24810 next:[14883,24809] ls_restart_compound(batch:1 lin{mvs:0 evals:0} gen{mvs:130 evals:3'212} comp{mvs:12 btracks:59} #w_updates:1 #perturb:0)
#433     3.18s best:24804 next:[14883,24803] ls_lin_restart_compound_perturb(batch:1 lin{mvs:0 evals:0} gen{mvs:110 evals:2'925} comp{mvs:14 btracks:48} #w_updates:1 #perturb:0)
#434     3.21s best:24486 next:[14883,24485] rnd_var_lns (d=7.22e-01 s=2012 t=0.10 p=0.55 stall=0 h=base)
#435     3.22s best:24465 next:[14883,24464] rnd_cst_lns (d=6.10e-01 s=2174 t=0.10 p=0.45 stall=0 h=base)
#436     3.22s best:24459 next:[14883,24458] rnd_var_lns (d=7.82e-01 s=2033 t=0.10 p=0.58 stall=0 h=base) [combined with: rnd_cst_lns (d=6.10e...]
#437     3.23s best:24387 next:[14883,24386] rnd_cst_lns (d=6.10e-01 s=2170 t=0.10 p=0.45 stall=0 h=base) [combined with: rnd_var_lns (d=7.82e...]
#438     3.23s best:24345 next:[14883,24344] rnd_cst_lns (d=6.10e-01 s=2171 t=0.10 p=0.45 stall=0 h=base) [combined with: rnd_cst_lns (d=6.10e...]
#439     3.24s best:24342 next:[14883,24341] ls_restart_decay_compound_perturb(batch:1 lin{mvs:0 evals:0} gen{mvs:136 evals:2'761} comp{mvs:8 btracks:64} #w_updates:2 #perturb:0)
#440     3.28s best:24258 next:[14883,24257] rnd_cst_lns (d=6.10e-01 s=2173 t=0.10 p=0.45 stall=0 h=base)
#441     3.28s best:24192 next:[14883,24191] rnd_cst_lns (d=6.10e-01 s=2173 t=0.10 p=0.45 stall=0 h=base) [combined with: ls_restart_decay_com...]
#442     3.33s best:24189 next:[14883,24188] ls_lin_restart_compound_perturb(batch:1 lin{mvs:0 evals:0} gen{mvs:598 evals:15'532} comp{mvs:24 btracks:287} #w_updates:8 #perturb:0) [combined with: rnd_cst_lns (d=6.10e...]
#443     3.34s best:24186 next:[14883,24185] rnd_cst_lns (d=6.94e-01 s=2180 t=0.10 p=0.50 stall=0 h=base) [combined with: ls_lin_restart_compo...]
#444     3.36s best:24183 next:[14883,24182] ls_restart_decay_compound_perturb(batch:1 lin{mvs:0 evals:0} gen{mvs:142 evals:3'902} comp{mvs:14 btracks:64} #w_updates:2 #perturb:0)
#445     3.40s best:24180 next:[14883,24179] ls_restart_compound_perturb(batch:1 lin{mvs:0 evals:0} gen{mvs:172 evals:5'179} comp{mvs:14 btracks:79} #w_updates:3 #perturb:0)
#446     3.40s best:24177 next:[14883,24176] ls_restart_decay_compound(batch:1 lin{mvs:0 evals:0} gen{mvs:296 evals:8'698} comp{mvs:18 btracks:139} #w_updates:4 #perturb:0) [combined with: ls_restart_compound_...]
#447     3.40s best:24174 next:[14883,24173] ls_restart_compound(batch:1 lin{mvs:0 evals:0} gen{mvs:128 evals:3'282} comp{mvs:10 btracks:59} #w_updates:2 #perturb:0)
#448     3.42s best:24144 next:[14883,24143] rnd_cst_lns (d=7.59e-01 s=2184 t=0.10 p=0.54 stall=0 h=base) [combined with: ls_restart_compound(...]
#449     3.50s best:24141 next:[14883,24140] quick_restart
#450     3.52s best:23868 next:[14883,23867] scheduling_time_window_lns (d=2.44e-02 s=2183 t=0.10 p=0.00 stall=0 h=base)
#451     3.60s best:23850 next:[14883,23849] rnd_var_lns (d=7.82e-01 s=2043 t=0.10 p=0.58 stall=0 h=base) [combined with: scheduling_time_wind...]
#452     3.81s best:23829 next:[14883,23828] lb_relax_lns_bool_h (d=2.25e-01 s=2446 t=0.50 p=0.43 stall=3 h=base)
#453     3.87s best:23817 next:[14883,23816] rnd_cst_lns (d=7.22e-01 s=2438 t=0.10 p=0.47 stall=6 h=base)
#454     3.87s best:23796 next:[14883,23795] rnd_cst_lns (d=7.22e-01 s=2438 t=0.10 p=0.47 stall=6 h=base) [combined with: lb_relax_lns_bool_h ...]
#455     3.87s best:23793 next:[14883,23792] ls_restart_decay_compound(batch:1 lin{mvs:0 evals:0} gen{mvs:14 evals:395} comp{mvs:4 btracks:5} #w_updates:0 #perturb:0)
#456     3.91s best:23790 next:[14883,23789] ls_restart_decay_compound_perturb(batch:1 lin{mvs:0 evals:0} gen{mvs:234 evals:7'216} comp{mvs:16 btracks:109} #w_updates:3 #perturb:0)
#457     3.92s best:23787 next:[14883,23786] ls_restart_decay_compound_perturb(batch:1 lin{mvs:0 evals:0} gen{mvs:126 evals:3'376} comp{mvs:6 btracks:60} #w_updates:1 #perturb:0)
#458     3.94s best:23784 next:[14883,23783] ls_restart_compound_perturb(batch:1 lin{mvs:0 evals:0} gen{mvs:52 evals:1'373} comp{mvs:8 btracks:22} #w_updates:1 #perturb:0)
#459     3.95s best:23781 next:[14883,23780] ls_restart_decay_compound(batch:1 lin{mvs:0 evals:0} gen{mvs:164 evals:3'551} comp{mvs:12 btracks:76} #w_updates:2 #perturb:0)
#460     3.97s best:23778 next:[14883,23777] ls_restart_decay_compound_perturb(batch:1 lin{mvs:0 evals:0} gen{mvs:336 evals:7'825} comp{mvs:18 btracks:159} #w_updates:5 #perturb:0)
#461     4.00s best:23775 next:[14883,23774] ls_lin_restart_decay_compound(batch:1 lin{mvs:0 evals:0} gen{mvs:148 evals:3'430} comp{mvs:8 btracks:70} #w_updates:1 #perturb:0)
#462     4.01s best:23772 next:[14883,23771] ls_lin_restart_decay_compound(batch:1 lin{mvs:0 evals:0} gen{mvs:96 evals:1'818} comp{mvs:8 btracks:44} #w_updates:1 #perturb:0)
#463     4.03s best:23769 next:[14883,23768] ls_restart_decay_compound_perturb(batch:1 lin{mvs:0 evals:0} gen{mvs:126 evals:2'496} comp{mvs:8 btracks:59} #w_updates:2 #perturb:0)
#464     4.03s best:23766 next:[14883,23765] ls_decay_compound_perturb(batch:61 lin{mvs:534 evals:30'839} gen{mvs:39'865 evals:1'186'038} comp{mvs:442 btracks:4'755} #w_updates:2'626 #perturb:56)
#465     4.09s best:23763 next:[14883,23762] ls_lin_restart_compound_perturb(batch:1 lin{mvs:0 evals:0} gen{mvs:286 evals:8'659} comp{mvs:14 btracks:136} #w_updates:5 #perturb:0)
#466     4.11s best:23760 next:[14883,23759] ls_restart_compound_perturb(batch:1 lin{mvs:0 evals:0} gen{mvs:142 evals:2'597} comp{mvs:8 btracks:67} #w_updates:2 #perturb:0)
#467     4.17s best:23757 next:[14883,23756] ls_lin_restart_compound_perturb(batch:1 lin{mvs:0 evals:0} gen{mvs:748 evals:18'509} comp{mvs:34 btracks:357} #w_updates:13 #perturb:0)
#468     4.18s best:23754 next:[14883,23753] ls_lin_restart_decay_compound_perturb(batch:1 lin{mvs:0 evals:0} gen{mvs:92 evals:2'267} comp{mvs:10 btracks:41} #w_updates:0 #perturb:0)
#469     4.31s best:23676 next:[14883,23675] scheduling_intervals_lns (d=6.07e-02 s=2629 t=0.10 p=0.00 stall=0 h=base)
#470     4.59s best:23640 next:[14883,23639] scheduling_time_window_lns (d=1.11e-02 s=2796 t=0.10 p=0.00 stall=2 h=base)
#Bound   4.98s best:23640 next:[14884,23639] lb_tree_search (nodes=1125/1128 rc=0 decisions=88088 @root=122 restarts=10 lp_iters=[0, 0, 10'824, 7'254]) 
#Bound   5.00s best:23640 next:[14885,23639] lb_tree_search (nodes=1136/1141 rc=0 decisions=88344 @root=123 restarts=10 lp_iters=[0, 0, 11'116, 7'285]) 
#Bound   5.14s best:23640 next:[14886,23639] lb_tree_search (nodes=1308/1319 rc=0 decisions=90457 @root=124 restarts=10 lp_iters=[0, 0, 12'530, 8'149]) 
#Bound   5.15s best:23640 next:[14887,23639] lb_tree_search (nodes=1313/1324 rc=0 decisions=90582 @root=125 restarts=10 lp_iters=[0, 0, 12'633, 8'170]) 
#Bound   5.18s best:23640 next:[14888,23639] lb_tree_search (nodes=1329/1340 rc=0 decisions=90769 @root=125 restarts=10 lp_iters=[0, 0, 12'796, 8'185]) 
#Bound   5.22s best:23640 next:[14889,23639] lb_tree_search (nodes=1354/1365 rc=0 decisions=91105 @root=126 restarts=10 lp_iters=[0, 0, 13'245, 8'272]) 
#Bound   5.39s best:23640 next:[14890,23639] lb_tree_search (nodes=1364/1375 rc=0 decisions=91253 @root=128 restarts=10 lp_iters=[0, 0, 13'429, 8'309]) 
#Bound   5.44s best:23640 next:[14891,23639] lb_tree_search (nodes=1417/1430 rc=0 decisions=91591 @root=129 restarts=10 lp_iters=[0, 0, 13'912, 8'444]) 
#Bound   6.31s best:23640 next:[14892,23639] lb_tree_search (nodes=2598/2611 rc=0 decisions=97860 @root=139 restarts=10 lp_iters=[0, 0, 19'329, 11'195]) 
#Bound   6.54s best:23640 next:[14893,23639] lb_tree_search (nodes=2674/2698 rc=0 decisions=98671 @root=141 restarts=10 lp_iters=[0, 0, 20'145, 11'436]) 
#Bound   6.58s best:23640 next:[14894,23639] lb_tree_search (nodes=2716/2740 rc=0 decisions=99057 @root=141 restarts=10 lp_iters=[0, 0, 20'497, 11'599]) 
#Bound   6.96s best:23640 next:[14898,23639] lb_tree_search (nodes=3224/3248 rc=0 decisions=102766 @root=145 restarts=10 lp_iters=[0, 0, 24'222, 13'043])  [skipped_logs=3]
#471     7.44s best:23274 next:[14899,23273] lb_relax_lns_bool_h (d=2.96e-01 s=3268 t=0.50 p=0.50 stall=2 h=base)
#472     7.80s best:23271 next:[14899,23270] ls_restart_compound(batch:1 lin{mvs:0 evals:0} gen{mvs:179 evals:5'426} comp{mvs:17 btracks:81} #w_updates:2 #perturb:0)
#473     7.82s best:23268 next:[14899,23267] ls_restart_compound_perturb(batch:1 lin{mvs:0 evals:0} gen{mvs:276 evals:6'931} comp{mvs:10 btracks:133} #w_updates:3 #perturb:0)
#474     7.83s best:23265 next:[14899,23264] ls_restart_decay_compound(batch:1 lin{mvs:0 evals:0} gen{mvs:472 evals:13'471} comp{mvs:24 btracks:224} #w_updates:5 #perturb:0)
#475     7.86s best:23262 next:[14899,23261] ls_restart_compound(batch:1 lin{mvs:0 evals:0} gen{mvs:94 evals:2'699} comp{mvs:10 btracks:42} #w_updates:1 #perturb:0)
#476     7.88s best:23259 next:[14899,23258] ls_restart_compound_perturb(batch:1 lin{mvs:0 evals:0} gen{mvs:150 evals:4'418} comp{mvs:14 btracks:68} #w_updates:1 #perturb:0)
#477     7.89s best:23256 next:[14899,23255] ls_restart_compound(batch:1 lin{mvs:0 evals:0} gen{mvs:150 evals:4'223} comp{mvs:10 btracks:70} #w_updates:2 #perturb:0)
#478     7.90s best:23253 next:[14899,23252] ls_restart_compound_perturb(batch:1 lin{mvs:0 evals:0} gen{mvs:6 evals:320} comp{mvs:6 btracks:0} #w_updates:0 #perturb:0)
#479     7.92s best:23250 next:[14899,23249] ls_restart_compound_perturb(batch:1 lin{mvs:0 evals:0} gen{mvs:12 evals:485} comp{mvs:4 btracks:4} #w_updates:0 #perturb:0)
#480     7.93s best:23247 next:[14899,23246] ls_lin_restart_compound(batch:1 lin{mvs:0 evals:0} gen{mvs:66 evals:1'631} comp{mvs:6 btracks:30} #w_updates:1 #perturb:0)
#481     7.94s best:23244 next:[14899,23243] ls_restart_compound(batch:1 lin{mvs:0 evals:0} gen{mvs:210 evals:6'399} comp{mvs:14 btracks:98} #w_updates:3 #perturb:0)
#Bound   7.04s best:23640 next:[14899,23639] lb_tree_search (nodes=3274/3298 rc=0 decisions=103511 @root=146 restarts=10 lp_iters=[0, 0, 24'870, 13'169])  [skipped_logs=0]
#482     8.06s best:23241 next:[14899,23240] ls_restart_decay_compound_perturb(batch:2 lin{mvs:0 evals:0} gen{mvs:1'733 evals:43'643} comp{mvs:73 btracks:830} #w_updates:25 #perturb:0)
#483     8.20s best:23043 next:[14900,23042] scheduling_precedences_lns (d=8.70e-05 s=4823 t=0.10 p=0.00 stall=28 h=stalling)
#484     8.70s best:23013 next:[15399,23012] graph_var_lns (d=2.27e-01 s=5296 t=0.10 p=0.46 stall=16 h=base)
#485     8.72s best:23007 next:[15399,23006] graph_var_lns (d=4.52e-01 s=5318 t=0.10 p=0.51 stall=2 h=base)
#486     8.80s best:22812 next:[15399,22811] graph_var_lns (d=4.04e-01 s=5317 t=0.10 p=0.50 stall=1 h=base)
#487     8.80s best:22806 next:[15399,22805] graph_var_lns (d=4.04e-01 s=5317 t=0.10 p=0.50 stall=1 h=base) [combined with: graph_var_lns (d=4.5...]
#488     8.90s best:22296 next:[15399,22295] graph_var_lns (d=6.82e-01 s=5332 t=0.10 p=0.54 stall=2 h=base)
#Bound   8.96s best:22296 next:[15402,22295] objective_lb_search_max_lp [skipped_logs=3]
#Bound   9.34s best:22296 next:[15406,22295] objective_lb_search_max_lp [skipped_logs=0]
#489    10.05s best:21555 next:[15406,21554] graph_dec_lns (d=8.53e-01 s=5848 t=0.10 p=0.60 stall=58 h=base)
#490    10.08s best:21477 next:[15406,21476] ls_restart_perturb(batch:1 lin{mvs:12 evals:511} gen{mvs:56 evals:2'439} #w_updates:26 #perturb:0)
#491    10.08s best:21474 next:[15406,21473] ls_restart_decay_compound_perturb(batch:1 lin{mvs:0 evals:0} gen{mvs:86 evals:3'399} comp{mvs:10 btracks:38} #w_updates:1 #perturb:0) [combined with: ls_restart_perturb(b...]
#492    10.27s best:21030 next:[15406,21029] rnd_var_lns (d=5.41e-01 s=6717 t=0.10 p=0.54 stall=37 h=stalling)
#493    10.36s best:20997 next:[15519,20996] rnd_var_lns (d=7.69e-01 s=6741 t=0.10 p=0.57 stall=1 h=base)
#494    10.42s best:20838 next:[15519,20837] rnd_var_lns (d=6.91e-01 s=6732 t=0.10 p=0.56 stall=1 h=base)
#495    10.42s best:20805 next:[15519,20804] rnd_var_lns (d=6.91e-01 s=6732 t=0.10 p=0.56 stall=1 h=base) [combined with: rnd_var_lns (d=7.69e...]
#Bound  10.72s best:20805 next:[15570,20804] objective_lb_search_max_lp [skipped_logs=1]
#496    11.48s best:20802 next:[15570,20801] scheduling_intervals_lns (d=9.31e-05 s=7775 t=0.10 p=0.28 stall=74 h=stalling)
#Bound  11.55s best:20802 next:[15628,20801] objective_lb_search_max_lp [skipped_logs=0]
#497    12.73s best:20796 next:[15628,20795] graph_var_lns (d=2.62e-01 s=8800 t=0.10 p=0.47 stall=17 h=base)
#Bound  13.42s best:20796 next:[15632,20795] objective_lb_search_max_lp
#Bound  14.37s best:20796 next:[15639,20795] objective_lb_search_max_lp
#Bound  14.87s best:20796 next:[15647,20795] objective_lb_search_max_lp [skipped_logs=0]
#Bound  15.61s best:20796 next:[15677,20795] objective_lb_search_max_lp [skipped_logs=0]
#Bound  16.71s best:20796 next:[15714,20795] objective_lb_search_max_lp [skipped_logs=0]
#Bound  18.01s best:20796 next:[15725,20795] objective_lb_search_max_lp
#Bound  20.82s best:20796 next:[15727,20795] objective_lb_search_max_lp
#Bound  22.26s best:20796 next:[15733,20795] objective_lb_search_max_lp
#Bound  25.40s best:20796 next:[15737,20795] objective_lb_search_max_lp
#Bound  26.76s best:20796 next:[15738,20795] objective_lb_search_max_lp
#Bound  27.82s best:20796 next:[15742,20795] objective_lb_search_max_lp
#Bound  28.76s best:20796 next:[15743,20795] objective_lb_search_max_lp
#Bound  29.15s best:20796 next:[15746,20795] objective_lb_search_max_lp
#Bound  30.07s best:20796 next:[15748,20795] objective_lb_search_max_lp
#Bound  31.30s best:20796 next:[15807,20795] objective_lb_search_max_lp
#Bound  37.23s best:20796 next:[15809,20795] objective_lb_search_max_lp
#Bound  40.49s best:20796 next:[15813,20795] objective_lb_search_max_lp
#Bound  42.35s best:20796 next:[15815,20795] objective_lb_search_max_lp
#Bound  44.82s best:20796 next:[15817,20795] objective_lb_search_max_lp
#Bound  49.38s best:20796 next:[15818,20795] objective_lb_search_max_lp
#Bound  51.50s best:20796 next:[15820,20795] objective_lb_search_max_lp
#Bound  54.08s best:20796 next:[15824,20795] objective_lb_search_max_lp
