
Starting CP-SAT solver v9.14.6206
Parameters: max_time_in_seconds: 300 log_search_progress: true num_search_workers: 104 relative_gap_limit: 0.005

Initial optimization model '': (model_fingerprint: 0xbe0cdf996d11ea97)
#Variables: 360 (#ints: 60 in objective) (300 primary variables)
  - 60 in [0,40487]
  - 40 in [28800,40487]
  - 260 in [30240,40487]
#kInterval: 151 (#fixed: 1)
#kLinMax: 60 (#expressions: 120)
#kLinear1: 20
#kLinear2: 130
#kNoOverlap: 10 (#intervals: 151, #fixed_intervals: 1)

Starting presolve at 0.00s
  6.05e-05s  0.00e+00d  [DetectDominanceRelations] 
  1.45e-03s  0.00e+00d  [PresolveToFixPoint] #num_loops=10 #num_dual_strengthening=1 
  2.11e-06s  0.00e+00d  [ExtractEncodingFromLinear] 
  1.33e-05s  0.00e+00d  [DetectDuplicateColumns] 
  5.49e-05s  0.00e+00d  [DetectDuplicateConstraints] 
[Symmetry] Graph for symmetry has 879 nodes and 851 arcs.
[Symmetry] Symmetry computation done. time: 7.4629e-05 dtime: 8.449e-05
  5.13e-05s  0.00e+00d  [DetectDuplicateConstraintsWithDifferentEnforcements] 
  4.12e-04s  2.67e-06d  [Probe] #new_bounds=6 
  1.92e-06s  0.00e+00d  [MaxClique] 
  5.41e-05s  0.00e+00d  [DetectDominanceRelations] 
  3.85e-04s  0.00e+00d  [PresolveToFixPoint] #num_loops=3 #num_dual_strengthening=2 
  2.18e-05s  0.00e+00d  [ProcessAtMostOneAndLinear] 
  4.84e-05s  0.00e+00d  [DetectDuplicateConstraints] 
  4.43e-05s  0.00e+00d  [DetectDuplicateConstraintsWithDifferentEnforcements] 
  2.41e-05s  1.02e-06d  [DetectDominatedLinearConstraints] #relevant_constraints=170 
  2.39e-05s  0.00e+00d  [DetectDifferentVariables] 
  1.93e-06s  0.00e+00d  [ProcessSetPPC] 
  1.99e-06s  0.00e+00d  [FindAlmostIdenticalLinearConstraints] 
  8.13e-06s  0.00e+00d  [FindBigAtMostOneAndLinearOverlap] 
  1.34e-05s  6.26e-06d  [FindBigVerticalLinearOverlap] 
  1.61e-06s  0.00e+00d  [FindBigHorizontalLinearOverlap] 
  1.31e-06s  0.00e+00d  [MergeClauses] 
  4.89e-05s  0.00e+00d  [DetectDominanceRelations] 
  2.76e-04s  0.00e+00d  [PresolveToFixPoint] #num_loops=1 #num_dual_strengthening=1 
  4.58e-05s  0.00e+00d  [DetectDominanceRelations] 
  2.71e-04s  0.00e+00d  [PresolveToFixPoint] #num_loops=1 #num_dual_strengthening=1 
  9.70e-06s  0.00e+00d  [DetectDuplicateColumns] 
  4.42e-05s  0.00e+00d  [DetectDuplicateConstraints] 
[Symmetry] Graph for symmetry has 878 nodes and 850 arcs.
[Symmetry] Symmetry computation done. time: 5.6838e-05 dtime: 8.441e-05
  4.65e-05s  0.00e+00d  [DetectDuplicateConstraintsWithDifferentEnforcements] 
  3.43e-04s  1.99e-06d  [Probe] 
  1.37e-06s  0.00e+00d  [MaxClique] 
  5.30e-05s  0.00e+00d  [DetectDominanceRelations] 
  3.01e-04s  0.00e+00d  [PresolveToFixPoint] #num_loops=1 #num_dual_strengthening=1 
  2.23e-05s  0.00e+00d  [ProcessAtMostOneAndLinear] 
  4.58e-05s  0.00e+00d  [DetectDuplicateConstraints] 
  4.46e-05s  0.00e+00d  [DetectDuplicateConstraintsWithDifferentEnforcements] 
  2.07e-05s  1.02e-06d  [DetectDominatedLinearConstraints] #relevant_constraints=170 
  2.19e-05s  0.00e+00d  [DetectDifferentVariables] 
  1.66e-06s  0.00e+00d  [ProcessSetPPC] 
  1.82e-06s  0.00e+00d  [FindAlmostIdenticalLinearConstraints] 
  7.81e-06s  0.00e+00d  [FindBigAtMostOneAndLinearOverlap] 
  1.28e-05s  6.26e-06d  [FindBigVerticalLinearOverlap] 
  1.56e-06s  0.00e+00d  [FindBigHorizontalLinearOverlap] 
  1.23e-06s  0.00e+00d  [MergeClauses] 
  4.74e-05s  0.00e+00d  [DetectDominanceRelations] 
  2.69e-04s  0.00e+00d  [PresolveToFixPoint] #num_loops=1 #num_dual_strengthening=1 
  1.34e-05s  0.00e+00d  [ExpandObjective] 

Presolve summary:
  - 159 affine relations were detected.
  - rule 'TODO dual: only one blocking constraint?' was applied 462 times.
  - rule 'TODO dual: only one unspecified blocking constraint?' was applied 280 times.
  - rule 'affine: new relation' was applied 159 times.
  - rule 'dual: reduced domain' was applied 2 times.
  - rule 'intervals: removed unused interval' was applied 1 time.
  - rule 'lin_max: converted abs to equality' was applied 9 times.
  - rule 'lin_max: propagate domain from x to abs(x)' was applied 26 times.
  - rule 'lin_max: rewrite with precedences' was applied 40 times.
  - rule 'lin_max: target domain reduced' was applied 40 times.
  - rule 'linear1: x in domain' was applied 15 times.
  - rule 'linear: always true' was applied 45 times.
  - rule 'linear: reduced variable domains' was applied 790 times.
  - rule 'linear: remapped using affine relations' was applied 338 times.
  - rule 'no_overlap: split into disjoint components' was applied 1 time.
  - rule 'presolve: 0 unused variables removed.' was applied 1 time.
  - rule 'presolve: iteration' was applied 2 times.

Presolved optimization model '': (model_fingerprint: 0xba2fba95f96e1712)
#Variables: 201 (#ints: 60 in objective) (150 primary variables)
  - 178 different domains in [0,40466] with a largest complexity of 1.
#kInterval: 150
#kLinMax: 11 (#expressions: 22)
#kLinear2: 170
#kNoOverlap: 10 (#intervals: 150)
[Symmetry] Graph for symmetry has 719 nodes and 850 arcs.
[Symmetry] Symmetry computation done. time: 4.7664e-05 dtime: 7.487e-05

Preloading model.
#Bound   0.01s best:inf   next:[608,1005295] initial_domain
#Model   0.01s var:201/201 constraints:341/341

Starting search at 0.01s with 104 workers.
18 full problem subsolvers: [core, default_lp, fixed, lb_tree_search, max_lp, no_lp, objective_lb_search, objective_lb_search_max_lp, objective_lb_search_no_lp, objective_shaving_max_lp, objective_shaving_no_lp, probing, probing_max_lp, probing_no_lp, pseudo_costs, quick_restart, quick_restart_no_lp, reduced_costs]
86 first solution subsolvers: [fj(25), fj_lin(12), fs_random(12), fs_random_no_lp(13), fs_random_quick_restart(12), fs_random_quick_restart_no_lp(12)]
45 interleaved subsolvers: [feasibility_pump, graph_arc_lns, graph_cst_lns, graph_dec_lns, graph_var_lns, lb_relax_lns, ls(19), ls_lin(10), rins/rens, rnd_cst_lns, rnd_var_lns, scheduling_intervals_lns, scheduling_precedences_lns, scheduling_resource_windows_lns, scheduling_time_window_lns, variables_shaving, variables_shaving_max_lp, variables_shaving_no_lp]
3 helper subsolvers: [neighborhood_helper, synchronization_agent, update_gap_integral]

#1       0.01s best:40440 next:[608,40439] no_lp
#Bound   0.01s best:40440 next:[612,40439] bool_core (num_cores=1 [size:2 mw:4 d:1] a=59 d=1 fixed=0/60 clauses=0)
#Bound   0.01s best:40440 next:[616,40439] bool_core (num_cores=1 [cover] a=59 d=1 fixed=0/63 clauses=1)
#Bound   0.01s best:40440 next:[620,40439] bool_core (num_cores=1 [cover] a=59 d=1 fixed=1/66 clauses=3)
#Bound   0.01s best:40440 next:[624,40439] bool_core (num_cores=1 [cover] a=59 d=1 fixed=2/69 clauses=6)
#Bound   0.01s best:40440 next:[628,40439] bool_core (num_cores=1 [cover] a=59 d=1 fixed=3/72 clauses=10)
#Bound   0.01s best:40440 next:[632,40439] bool_core (num_cores=1 [cover] a=59 d=1 fixed=4/75 clauses=15)
#Bound   0.01s best:40440 next:[636,40439] bool_core (num_cores=1 [cover] a=59 d=1 fixed=5/78 clauses=21)
#Bound   0.01s best:40440 next:[640,40439] bool_core (num_cores=1 [cover] a=59 d=1 fixed=6/81 clauses=28)
#Bound   0.01s best:40440 next:[644,40439] bool_core (num_cores=1 [cover] a=59 d=1 fixed=7/84 clauses=36)
#Bound   0.01s best:40440 next:[648,40439] bool_core (num_cores=1 [cover] a=59 d=1 fixed=8/87 clauses=45)
#Bound   0.01s best:40440 next:[652,40439] bool_core (num_cores=1 [cover] a=59 d=1 fixed=9/90 clauses=55)
#Bound   0.01s best:40440 next:[656,40439] bool_core (num_cores=1 [cover] a=59 d=1 fixed=10/93 clauses=66)
#Bound   0.01s best:40440 next:[660,40439] bool_core (num_cores=1 [cover] a=59 d=1 fixed=11/96 clauses=78)
#Bound   0.01s best:40440 next:[664,40439] bool_core (num_cores=1 [cover] a=59 d=1 fixed=12/99 clauses=91)
#Bound   0.01s best:40440 next:[668,40439] bool_core (num_cores=1 [cover] a=59 d=1 fixed=13/102 clauses=105)
#Bound   0.01s best:40440 next:[691,40439] objective_lb_search_no_lp
#Bound   0.01s best:40440 next:[701,40439] objective_lb_search_no_lp
#2       0.01s best:40328 next:[701,40327] default_lp
#Bound   0.01s best:40328 next:[703,40327] objective_lb_search_no_lp
#Bound   0.01s best:40328 next:[704,40327] bool_core (num_cores=1 [cover] a=59 d=1 fixed=22/129 clauses=276)
#Bound   0.01s best:40328 next:[708,40327] bool_core (num_cores=1 [cover] a=59 d=1 fixed=23/132 clauses=300)
#3       0.01s best:39876 next:[744,39875] quick_restart_no_lp
#4       0.02s best:12065 next:[744,12064] no_lp
#5       0.02s best:11689 next:[1000,11688] ls_restart_compound(batch:1 lin{mvs:0 evals:23} gen{mvs:5 evals:49} comp{mvs:5 btracks:0} #w_updates:0 #perturb:0)
#6       0.02s best:11675 next:[1000,11674] ls_restart_decay_perturb(batch:1 lin{mvs:8 evals:130} gen{mvs:6 evals:72} #w_updates:1 #perturb:0) [combined with: ls_restart_compound(...]
#7       0.02s best:10086 next:[1000,10085] rnd_var_lns (d=5.00e-01 s=24 t=0.10 p=0.00 stall=0 h=base)
#8       0.02s best:9696  next:[1000,9695] rnd_var_lns (d=5.00e-01 s=24 t=0.10 p=0.00 stall=0 h=base) [combined with: ls_restart_decay_per...]
#9       0.02s best:9543  next:[1000,9542] ls_restart(batch:1 lin{mvs:8 evals:120} gen{mvs:5 evals:64} #w_updates:1 #perturb:0)
#10      0.02s best:7311  next:[1000,7310] graph_cst_lns (d=5.00e-01 s=28 t=0.10 p=0.00 stall=0 h=base) [combined with: ls_restart(batch:1 l...]
#11      0.02s best:5637  next:[1000,5636] ls_restart_decay_compound_perturb(batch:1 lin{mvs:0 evals:5} gen{mvs:1 evals:13} comp{mvs:1 btracks:0} #w_updates:0 #perturb:0)
#12      0.02s best:5376  next:[1000,5375] ls_restart_compound_perturb(batch:1 lin{mvs:0 evals:136} gen{mvs:67 evals:438} comp{mvs:9 btracks:29} #w_updates:1 #perturb:0) [combined with: ls_restart_decay_com...]
#13      0.02s best:5369  next:[1032,5368] ls_lin_restart(batch:1 lin{mvs:10 evals:206} gen{mvs:25 evals:216} #w_updates:5 #perturb:0)
#14      0.02s best:5362  next:[1032,5361] ls_lin_restart_compound(batch:1 lin{mvs:0 evals:9} gen{mvs:8 evals:35} comp{mvs:8 btracks:0} #w_updates:0 #perturb:0)
#15      0.02s best:5302  next:[1032,5301] ls_lin_restart_decay_compound_perturb(batch:1 lin{mvs:0 evals:43} gen{mvs:19 evals:132} comp{mvs:5 btracks:7} #w_updates:0 #perturb:0)
#16      0.02s best:5295  next:[1032,5294] ls_lin_restart_decay_compound_perturb(batch:1 lin{mvs:0 evals:43} gen{mvs:19 evals:132} comp{mvs:5 btracks:7} #w_updates:0 #perturb:0) [combined with: ls_lin_restart_compo...]
#17      0.02s best:5257  next:[1032,5256] ls_lin_restart_decay_perturb(batch:1 lin{mvs:10 evals:302} gen{mvs:63 evals:641} #w_updates:65 #perturb:0)
#18      0.02s best:5250  next:[1032,5249] ls_lin_restart_decay_perturb(batch:1 lin{mvs:10 evals:302} gen{mvs:63 evals:641} #w_updates:65 #perturb:0) [combined with: ls_lin_restart_decay...]
#19      0.03s best:5243  next:[1032,5242] ls_restart_compound(batch:1 lin{mvs:0 evals:6} gen{mvs:3 evals:25} comp{mvs:3 btracks:0} #w_updates:0 #perturb:0)
#20      0.03s best:4900  next:[1032,4899] graph_arc_lns (d=5.00e-01 s=27 t=0.10 p=0.00 stall=0 h=base) [combined with: ls_restart_compound(...]
#21      0.03s best:4892  next:[1104,4891] graph_dec_lns (d=7.07e-01 s=83 t=0.10 p=1.00 stall=0 h=base)
#22      0.04s best:4890  next:[1104,4889] default_lp
#23      0.04s best:3971  next:[1104,3970] ls_restart_decay(batch:1 lin{mvs:7 evals:508} gen{mvs:675 evals:3'507} #w_updates:145 #perturb:0)
#24      0.05s best:3967  next:[1104,3966] ls_restart_decay_compound(batch:1 lin{mvs:0 evals:50} gen{mvs:8 evals:68} comp{mvs:6 btracks:1} #w_updates:0 #perturb:0)
#25      0.05s best:3963  next:[1104,3962] ls_lin_restart_compound(batch:1 lin{mvs:0 evals:240} gen{mvs:48 evals:289} comp{mvs:20 btracks:14} #w_updates:0 #perturb:0)
#26      0.05s best:3955  next:[1104,3954] ls_lin_restart_perturb(batch:1 lin{mvs:4 evals:120} gen{mvs:11 evals:100} #w_updates:4 #perturb:0)
#27      0.05s best:3951  next:[1104,3950] ls_restart_decay(batch:1 lin{mvs:4 evals:135} gen{mvs:13 evals:105} #w_updates:4 #perturb:0) [combined with: ls_lin_restart_pertu...]
#28      0.05s best:3947  next:[1104,3946] ls_lin_restart_compound(batch:1 lin{mvs:0 evals:10} gen{mvs:2 evals:13} comp{mvs:2 btracks:0} #w_updates:0 #perturb:0)
#29      0.05s best:3933  next:[1104,3932] ls_lin_restart_perturb(batch:1 lin{mvs:7 evals:147} gen{mvs:6 evals:69} #w_updates:1 #perturb:0)
#30      0.05s best:3924  next:[1104,3923] ls_restart_decay_compound(batch:1 lin{mvs:0 evals:71} gen{mvs:13 evals:82} comp{mvs:5 btracks:4} #w_updates:0 #perturb:0)
#31      0.05s best:3920  next:[1104,3919] ls_lin_restart_decay_perturb(batch:1 lin{mvs:6 evals:141} gen{mvs:9 evals:79} #w_updates:2 #perturb:0) [combined with: ls_restart_decay_com...]
#32      0.05s best:3916  next:[1104,3915] ls_lin_restart_decay_compound_perturb(batch:1 lin{mvs:0 evals:212} gen{mvs:44 evals:280} comp{mvs:8 btracks:18} #w_updates:0 #perturb:0) [combined with: ls_lin_restart_decay...]
#33      0.05s best:3900  next:[1104,3899] ls_lin_restart_compound(batch:1 lin{mvs:0 evals:80} gen{mvs:16 evals:94} comp{mvs:8 btracks:4} #w_updates:0 #perturb:0)
#34      0.05s best:3896  next:[1104,3895] ls_restart_decay(batch:1 lin{mvs:4 evals:144} gen{mvs:13 evals:122} #w_updates:4 #perturb:0) [combined with: ls_lin_restart_compo...]
#35      0.05s best:3891  next:[1104,3890] ls_lin_restart_perturb(batch:1 lin{mvs:4 evals:131} gen{mvs:10 evals:86} #w_updates:2 #perturb:0)
#36      0.05s best:3887  next:[1104,3886] ls_lin_restart_decay_compound(batch:1 lin{mvs:0 evals:7} gen{mvs:2 evals:14} comp{mvs:2 btracks:0} #w_updates:0 #perturb:0)
#37      0.05s best:3883  next:[1104,3882] ls_lin_restart_compound(batch:1 lin{mvs:0 evals:283} gen{mvs:68 evals:374} comp{mvs:6 btracks:31} #w_updates:0 #perturb:0) [combined with: ls_lin_restart_decay...]
#38      0.05s best:3879  next:[1104,3878] ls_lin_restart_decay(batch:1 lin{mvs:6 evals:119} gen{mvs:9 evals:76} #w_updates:1 #perturb:0)
#39      0.06s best:3875  next:[1104,3874] ls_restart_decay_perturb(batch:1 lin{mvs:4 evals:99} gen{mvs:10 evals:77} #w_updates:2 #perturb:0)
#40      0.06s best:3871  next:[1104,3870] ls_restart_compound_perturb(batch:1 lin{mvs:0 evals:51} gen{mvs:12 evals:75} comp{mvs:4 btracks:4} #w_updates:0 #perturb:0)
#41      0.06s best:3867  next:[1104,3866] ls_lin_restart_compound_perturb(batch:1 lin{mvs:0 evals:8} gen{mvs:2 evals:12} comp{mvs:2 btracks:0} #w_updates:0 #perturb:0)
#42      0.06s best:2717  next:[1104,2716] graph_dec_lns (d=8.14e-01 s=126 t=0.10 p=1.00 stall=0 h=base)
#43      0.06s best:2641  next:[1104,2640] ls_restart_decay_compound_perturb(batch:1 lin{mvs:0 evals:7} gen{mvs:2 evals:12} comp{mvs:2 btracks:0} #w_updates:0 #perturb:0)
#44      0.06s best:2011  next:[1104,2010] ls_restart_perturb(batch:1 lin{mvs:8 evals:197} gen{mvs:108 evals:761} #w_updates:78 #perturb:0)
#45      0.06s best:2006  next:[1104,2005] ls_restart_compound_perturb(batch:1 lin{mvs:0 evals:25} gen{mvs:17 evals:58} comp{mvs:5 btracks:6} #w_updates:0 #perturb:0)
#46      0.06s best:1991  next:[1104,1990] ls_restart_decay_perturb(batch:1 lin{mvs:4 evals:113} gen{mvs:50 evals:263} #w_updates:4 #perturb:0)
#47      0.07s best:1986  next:[1104,1985] ls_restart_decay_compound(batch:1 lin{mvs:0 evals:15} gen{mvs:7 evals:36} comp{mvs:7 btracks:0} #w_updates:0 #perturb:0)
#48      0.07s best:1791  next:[1104,1790] ls_restart_decay(batch:1 lin{mvs:6 evals:746} gen{mvs:451 evals:3'077} #w_updates:78 #perturb:0) [combined with: ls_restart_decay_com...]
#49      0.07s best:1781  next:[1104,1780] ls_restart(batch:1 lin{mvs:6 evals:62} gen{mvs:10 evals:65} #w_updates:1 #perturb:0)
#50      0.07s best:1683  next:[1104,1682] ls_restart_compound_perturb(batch:1 lin{mvs:0 evals:17} gen{mvs:6 evals:27} comp{mvs:6 btracks:0} #w_updates:0 #perturb:0)
#51      0.07s best:1678  next:[1108,1677] ls_restart_decay_compound_perturb(batch:1 lin{mvs:0 evals:27} gen{mvs:17 evals:68} comp{mvs:5 btracks:6} #w_updates:0 #perturb:0) [combined with: ls_restart_compound_...]
#52      0.07s best:1668  next:[1116,1667] ls_restart(batch:1 lin{mvs:5 evals:52} gen{mvs:5 evals:30} #w_updates:0 #perturb:0)
#53      0.07s best:1667  next:[1144,1666] ls_lin_restart_compound_perturb(batch:1 lin{mvs:0 evals:24} gen{mvs:14 evals:58} comp{mvs:6 btracks:4} #w_updates:0 #perturb:0)
#54      0.07s best:1661  next:[1148,1660] ls_restart(batch:1 lin{mvs:3 evals:46} gen{mvs:9 evals:50} #w_updates:1 #perturb:0)
#55      0.07s best:1660  next:[1148,1659] ls_restart(batch:1 lin{mvs:3 evals:46} gen{mvs:9 evals:50} #w_updates:1 #perturb:0) [combined with: ls_lin_restart_compo...]
#56      0.07s best:1655  next:[1156,1654] ls_restart_decay_perturb(batch:1 lin{mvs:4 evals:49} gen{mvs:9 evals:46} #w_updates:0 #perturb:0) [combined with: ls_restart(batch:1 l...]
#57      0.07s best:1653  next:[1156,1652] ls_restart_decay_perturb(batch:1 lin{mvs:4 evals:196} gen{mvs:136 evals:626} #w_updates:65 #perturb:0) [combined with: ls_restart_decay_per...]
#58      0.07s best:1640  next:[1160,1639] ls_restart(batch:1 lin{mvs:4 evals:35} gen{mvs:5 evals:20} #w_updates:0 #perturb:0)
#59      0.07s best:1635  next:[1168,1634] ls_restart_decay_compound_perturb(batch:1 lin{mvs:0 evals:6} gen{mvs:3 evals:15} comp{mvs:3 btracks:0} #w_updates:0 #perturb:0)
#60      0.07s best:1630  next:[1188,1629] ls_restart_decay(batch:1 lin{mvs:2 evals:32} gen{mvs:11 evals:56} #w_updates:3 #perturb:0)
#61      0.07s best:1629  next:[1200,1628] ls_lin_restart_compound_perturb(batch:1 lin{mvs:0 evals:23} gen{mvs:21 evals:59} comp{mvs:9 btracks:6} #w_updates:0 #perturb:0) [combined with: ls_restart_decay(bat...]
#62      0.07s best:1624  next:[1212,1623] ls_restart_compound(batch:1 lin{mvs:0 evals:6} gen{mvs:3 evals:15} comp{mvs:3 btracks:0} #w_updates:0 #perturb:0)
#63      0.07s best:1619  next:[1224,1618] ls_lin_restart_decay_perturb(batch:1 lin{mvs:2 evals:25} gen{mvs:5 evals:27} #w_updates:1 #perturb:0)
#64      0.07s best:1614  next:[1236,1613] ls_lin_restart_decay(batch:1 lin{mvs:2 evals:27} gen{mvs:7 evals:34} #w_updates:2 #perturb:0)
#65      0.07s best:1609  next:[1244,1608] ls_lin_restart(batch:1 lin{mvs:2 evals:27} gen{mvs:7 evals:35} #w_updates:2 #perturb:0)
#66      0.07s best:1604  next:[1252,1603] ls_lin_restart_decay_compound(batch:1 lin{mvs:0 evals:5} gen{mvs:3 evals:16} comp{mvs:3 btracks:0} #w_updates:0 #perturb:0)
#67      0.07s best:1599  next:[1256,1598] ls_restart_decay_compound_perturb(batch:1 lin{mvs:0 evals:6} gen{mvs:3 evals:15} comp{mvs:3 btracks:0} #w_updates:0 #perturb:0)
#68      0.07s best:1594  next:[1256,1593] ls_lin_restart_decay_perturb(batch:1 lin{mvs:3 evals:31} gen{mvs:8 evals:34} #w_updates:0 #perturb:0)
#69      0.07s best:1589  next:[1256,1588] ls_restart_decay_compound_perturb(batch:1 lin{mvs:0 evals:6} gen{mvs:3 evals:14} comp{mvs:3 btracks:0} #w_updates:0 #perturb:0)
#70      0.07s best:1584  next:[1256,1583] ls_restart_decay_compound_perturb(batch:1 lin{mvs:0 evals:34} gen{mvs:41 evals:99} comp{mvs:9 btracks:16} #w_updates:0 #perturb:0)
#71      0.07s best:1579  next:[1256,1578] ls_restart_compound(batch:1 lin{mvs:0 evals:16} gen{mvs:15 evals:40} comp{mvs:5 btracks:5} #w_updates:0 #perturb:0)
#72      0.07s best:1574  next:[1256,1573] ls_restart_decay_perturb(batch:1 lin{mvs:2 evals:23} gen{mvs:7 evals:31} #w_updates:2 #perturb:0)
#73      0.07s best:1569  next:[1256,1568] ls_restart_decay(batch:1 lin{mvs:2 evals:30} gen{mvs:8 evals:42} #w_updates:2 #perturb:0)
#74      0.07s best:1564  next:[1256,1563] ls_lin_restart_perturb(batch:1 lin{mvs:2 evals:33} gen{mvs:12 evals:62} #w_updates:4 #perturb:0)
#75      0.07s best:1559  next:[1256,1558] ls_lin_restart_decay_perturb(batch:1 lin{mvs:2 evals:36} gen{mvs:11 evals:56} #w_updates:4 #perturb:0)
#76      0.07s best:1554  next:[1256,1553] ls_lin_restart_compound_perturb(batch:1 lin{mvs:0 evals:5} gen{mvs:3 evals:13} comp{mvs:3 btracks:0} #w_updates:0 #perturb:0)
#77      0.07s best:1549  next:[1256,1548] ls_lin_restart_decay_compound_perturb(batch:1 lin{mvs:0 evals:7} gen{mvs:3 evals:12} comp{mvs:3 btracks:0} #w_updates:0 #perturb:0)
#78      0.07s best:1544  next:[1256,1543] ls_restart_decay(batch:1 lin{mvs:2 evals:31} gen{mvs:9 evals:42} #w_updates:4 #perturb:0)
#79      0.07s best:1539  next:[1256,1538] ls_restart(batch:1 lin{mvs:2 evals:24} gen{mvs:5 evals:19} #w_updates:0 #perturb:0)
#80      0.07s best:1534  next:[1256,1533] ls_lin_restart_perturb(batch:1 lin{mvs:2 evals:22} gen{mvs:5 evals:22} #w_updates:1 #perturb:0)
#81      0.07s best:1529  next:[1256,1528] ls_lin_restart(batch:1 lin{mvs:2 evals:34} gen{mvs:9 evals:48} #w_updates:3 #perturb:0)
#82      0.08s best:1524  next:[1256,1523] ls_restart_compound(batch:1 lin{mvs:0 evals:6} gen{mvs:3 evals:14} comp{mvs:3 btracks:0} #w_updates:0 #perturb:0)
#83      0.08s best:1519  next:[1256,1518] ls_restart_perturb(batch:1 lin{mvs:3 evals:32} gen{mvs:11 evals:49} #w_updates:2 #perturb:0)
#84      0.08s best:1514  next:[1256,1513] ls_restart_decay_compound(batch:1 lin{mvs:0 evals:7} gen{mvs:3 evals:10} comp{mvs:3 btracks:0} #w_updates:0 #perturb:0)
#85      0.08s best:1504  next:[1288,1503] ls_restart_perturb(batch:1 lin{mvs:4 evals:32} gen{mvs:2 evals:14} #w_updates:0 #perturb:0)
#86      0.08s best:1499  next:[1368,1498] ls_restart_decay(batch:1 lin{mvs:2 evals:322} gen{mvs:245 evals:1'283} #w_updates:118 #perturb:0)
#87      0.08s best:1494  next:[1400,1493] rnd_cst_lns (d=8.14e-01 s=248 t=0.10 p=1.00 stall=0 h=base) [combined with: ls_restart_decay(bat...]
#88      0.09s best:1459  next:[1416,1458] graph_var_lns (d=8.14e-01 s=249 t=0.10 p=1.00 stall=0 h=base) [combined with: ls_restart_decay(bat...]
#89      0.09s best:1454  next:[1436,1453] lb_relax_lns_int_h (d=7.07e-01 s=246 t=0.50 p=1.00 stall=0 h=base)
#Done    0.10s quick_restart
#Bound   0.09s best:1459  next:[1436,1458] bool_core (num_cores=7 [cover] a=53 d=4 fixed=199/978 clauses=11'085) [skipped_logs=118]

Task timing                                  n [     min,      max]      avg      dev     time         n [     min,      max]      avg      dev    dtime
                             'core':         1 [ 88.56ms,  88.56ms]  88.56ms   0.00ns  88.56ms         1 [ 19.84ms,  19.84ms]  19.84ms   0.00ns  19.84ms
                       'default_lp':         1 [ 89.54ms,  89.54ms]  89.54ms   0.00ns  89.54ms         1 [ 16.61ms,  16.61ms]  16.61ms   0.00ns  16.61ms
                 'feasibility_pump':       139 [ 66.32us,   1.13ms] 117.78us 112.00us  16.37ms       138 [ 29.24us, 356.29us]  31.61us  27.74us   4.36ms
                            'fixed':         1 [ 92.25ms,  92.25ms]  92.25ms   0.00ns  92.25ms         1 [ 19.77ms,  19.77ms]  19.77ms   0.00ns  19.77ms
                               'fj':         0 [  0.00ns,   0.00ns]   0.00ns   0.00ns   0.00ns         0 [  0.00ns,   0.00ns]   0.00ns   0.00ns   0.00ns
                               'fj':         0 [  0.00ns,   0.00ns]   0.00ns   0.00ns   0.00ns         0 [  0.00ns,   0.00ns]   0.00ns   0.00ns   0.00ns
                               'fj':         0 [  0.00ns,   0.00ns]   0.00ns   0.00ns   0.00ns         0 [  0.00ns,   0.00ns]   0.00ns   0.00ns   0.00ns
                               'fj':         0 [  0.00ns,   0.00ns]   0.00ns   0.00ns   0.00ns         0 [  0.00ns,   0.00ns]   0.00ns   0.00ns   0.00ns
                               'fj':         0 [  0.00ns,   0.00ns]   0.00ns   0.00ns   0.00ns         0 [  0.00ns,   0.00ns]   0.00ns   0.00ns   0.00ns
                               'fj':         0 [  0.00ns,   0.00ns]   0.00ns   0.00ns   0.00ns         0 [  0.00ns,   0.00ns]   0.00ns   0.00ns   0.00ns
                               'fj':         0 [  0.00ns,   0.00ns]   0.00ns   0.00ns   0.00ns         0 [  0.00ns,   0.00ns]   0.00ns   0.00ns   0.00ns
                               'fj':         0 [  0.00ns,   0.00ns]   0.00ns   0.00ns   0.00ns         0 [  0.00ns,   0.00ns]   0.00ns   0.00ns   0.00ns
                               'fj':         0 [  0.00ns,   0.00ns]   0.00ns   0.00ns   0.00ns         0 [  0.00ns,   0.00ns]   0.00ns   0.00ns   0.00ns
                               'fj':         0 [  0.00ns,   0.00ns]   0.00ns   0.00ns   0.00ns         0 [  0.00ns,   0.00ns]   0.00ns   0.00ns   0.00ns
                               'fj':         0 [  0.00ns,   0.00ns]   0.00ns   0.00ns   0.00ns         0 [  0.00ns,   0.00ns]   0.00ns   0.00ns   0.00ns
                               'fj':         0 [  0.00ns,   0.00ns]   0.00ns   0.00ns   0.00ns         0 [  0.00ns,   0.00ns]   0.00ns   0.00ns   0.00ns
                               'fj':         0 [  0.00ns,   0.00ns]   0.00ns   0.00ns   0.00ns         0 [  0.00ns,   0.00ns]   0.00ns   0.00ns   0.00ns
                               'fj':         0 [  0.00ns,   0.00ns]   0.00ns   0.00ns   0.00ns         0 [  0.00ns,   0.00ns]   0.00ns   0.00ns   0.00ns
                               'fj':         0 [  0.00ns,   0.00ns]   0.00ns   0.00ns   0.00ns         0 [  0.00ns,   0.00ns]   0.00ns   0.00ns   0.00ns
                               'fj':         0 [  0.00ns,   0.00ns]   0.00ns   0.00ns   0.00ns         0 [  0.00ns,   0.00ns]   0.00ns   0.00ns   0.00ns
                               'fj':         0 [  0.00ns,   0.00ns]   0.00ns   0.00ns   0.00ns         0 [  0.00ns,   0.00ns]   0.00ns   0.00ns   0.00ns
                               'fj':         0 [  0.00ns,   0.00ns]   0.00ns   0.00ns   0.00ns         0 [  0.00ns,   0.00ns]   0.00ns   0.00ns   0.00ns
                               'fj':         0 [  0.00ns,   0.00ns]   0.00ns   0.00ns   0.00ns         0 [  0.00ns,   0.00ns]   0.00ns   0.00ns   0.00ns
                               'fj':         0 [  0.00ns,   0.00ns]   0.00ns   0.00ns   0.00ns         0 [  0.00ns,   0.00ns]   0.00ns   0.00ns   0.00ns
                               'fj':         0 [  0.00ns,   0.00ns]   0.00ns   0.00ns   0.00ns         0 [  0.00ns,   0.00ns]   0.00ns   0.00ns   0.00ns
                               'fj':         0 [  0.00ns,   0.00ns]   0.00ns   0.00ns   0.00ns         0 [  0.00ns,   0.00ns]   0.00ns   0.00ns   0.00ns
                               'fj':         0 [  0.00ns,   0.00ns]   0.00ns   0.00ns   0.00ns         0 [  0.00ns,   0.00ns]   0.00ns   0.00ns   0.00ns
                               'fj':         0 [  0.00ns,   0.00ns]   0.00ns   0.00ns   0.00ns         0 [  0.00ns,   0.00ns]   0.00ns   0.00ns   0.00ns
                               'fj':         0 [  0.00ns,   0.00ns]   0.00ns   0.00ns   0.00ns         0 [  0.00ns,   0.00ns]   0.00ns   0.00ns   0.00ns
                           'fj_lin':         0 [  0.00ns,   0.00ns]   0.00ns   0.00ns   0.00ns         0 [  0.00ns,   0.00ns]   0.00ns   0.00ns   0.00ns
                           'fj_lin':         0 [  0.00ns,   0.00ns]   0.00ns   0.00ns   0.00ns         0 [  0.00ns,   0.00ns]   0.00ns   0.00ns   0.00ns
                           'fj_lin':         0 [  0.00ns,   0.00ns]   0.00ns   0.00ns   0.00ns         0 [  0.00ns,   0.00ns]   0.00ns   0.00ns   0.00ns
                           'fj_lin':         0 [  0.00ns,   0.00ns]   0.00ns   0.00ns   0.00ns         0 [  0.00ns,   0.00ns]   0.00ns   0.00ns   0.00ns
                           'fj_lin':         0 [  0.00ns,   0.00ns]   0.00ns   0.00ns   0.00ns         0 [  0.00ns,   0.00ns]   0.00ns   0.00ns   0.00ns
                           'fj_lin':         0 [  0.00ns,   0.00ns]   0.00ns   0.00ns   0.00ns         0 [  0.00ns,   0.00ns]   0.00ns   0.00ns   0.00ns
                           'fj_lin':         0 [  0.00ns,   0.00ns]   0.00ns   0.00ns   0.00ns         0 [  0.00ns,   0.00ns]   0.00ns   0.00ns   0.00ns
                           'fj_lin':         0 [  0.00ns,   0.00ns]   0.00ns   0.00ns   0.00ns         0 [  0.00ns,   0.00ns]   0.00ns   0.00ns   0.00ns
                           'fj_lin':         0 [  0.00ns,   0.00ns]   0.00ns   0.00ns   0.00ns         0 [  0.00ns,   0.00ns]   0.00ns   0.00ns   0.00ns
                           'fj_lin':         0 [  0.00ns,   0.00ns]   0.00ns   0.00ns   0.00ns         0 [  0.00ns,   0.00ns]   0.00ns   0.00ns   0.00ns
                           'fj_lin':         0 [  0.00ns,   0.00ns]   0.00ns   0.00ns   0.00ns         0 [  0.00ns,   0.00ns]   0.00ns   0.00ns   0.00ns
                           'fj_lin':         0 [  0.00ns,   0.00ns]   0.00ns   0.00ns   0.00ns         0 [  0.00ns,   0.00ns]   0.00ns   0.00ns   0.00ns
                        'fs_random':         0 [  0.00ns,   0.00ns]   0.00ns   0.00ns   0.00ns         0 [  0.00ns,   0.00ns]   0.00ns   0.00ns   0.00ns
                        'fs_random':         0 [  0.00ns,   0.00ns]   0.00ns   0.00ns   0.00ns         0 [  0.00ns,   0.00ns]   0.00ns   0.00ns   0.00ns
                        'fs_random':         0 [  0.00ns,   0.00ns]   0.00ns   0.00ns   0.00ns         0 [  0.00ns,   0.00ns]   0.00ns   0.00ns   0.00ns
                        'fs_random':         0 [  0.00ns,   0.00ns]   0.00ns   0.00ns   0.00ns         0 [  0.00ns,   0.00ns]   0.00ns   0.00ns   0.00ns
                        'fs_random':         0 [  0.00ns,   0.00ns]   0.00ns   0.00ns   0.00ns         0 [  0.00ns,   0.00ns]   0.00ns   0.00ns   0.00ns
                        'fs_random':         0 [  0.00ns,   0.00ns]   0.00ns   0.00ns   0.00ns         0 [  0.00ns,   0.00ns]   0.00ns   0.00ns   0.00ns
                        'fs_random':         0 [  0.00ns,   0.00ns]   0.00ns   0.00ns   0.00ns         0 [  0.00ns,   0.00ns]   0.00ns   0.00ns   0.00ns
                        'fs_random':         0 [  0.00ns,   0.00ns]   0.00ns   0.00ns   0.00ns         0 [  0.00ns,   0.00ns]   0.00ns   0.00ns   0.00ns
                        'fs_random':         0 [  0.00ns,   0.00ns]   0.00ns   0.00ns   0.00ns         0 [  0.00ns,   0.00ns]   0.00ns   0.00ns   0.00ns
                        'fs_random':         0 [  0.00ns,   0.00ns]   0.00ns   0.00ns   0.00ns         0 [  0.00ns,   0.00ns]   0.00ns   0.00ns   0.00ns
                        'fs_random':         0 [  0.00ns,   0.00ns]   0.00ns   0.00ns   0.00ns         0 [  0.00ns,   0.00ns]   0.00ns   0.00ns   0.00ns
                        'fs_random':         1 [146.29us, 146.29us] 146.29us   0.00ns 146.29us         0 [  0.00ns,   0.00ns]   0.00ns   0.00ns   0.00ns
                  'fs_random_no_lp':         0 [  0.00ns,   0.00ns]   0.00ns   0.00ns   0.00ns         0 [  0.00ns,   0.00ns]   0.00ns   0.00ns   0.00ns
                  'fs_random_no_lp':         0 [  0.00ns,   0.00ns]   0.00ns   0.00ns   0.00ns         0 [  0.00ns,   0.00ns]   0.00ns   0.00ns   0.00ns
                  'fs_random_no_lp':         0 [  0.00ns,   0.00ns]   0.00ns   0.00ns   0.00ns         0 [  0.00ns,   0.00ns]   0.00ns   0.00ns   0.00ns
                  'fs_random_no_lp':         0 [  0.00ns,   0.00ns]   0.00ns   0.00ns   0.00ns         0 [  0.00ns,   0.00ns]   0.00ns   0.00ns   0.00ns
                  'fs_random_no_lp':         0 [  0.00ns,   0.00ns]   0.00ns   0.00ns   0.00ns         0 [  0.00ns,   0.00ns]   0.00ns   0.00ns   0.00ns
                  'fs_random_no_lp':         0 [  0.00ns,   0.00ns]   0.00ns   0.00ns   0.00ns         0 [  0.00ns,   0.00ns]   0.00ns   0.00ns   0.00ns
                  'fs_random_no_lp':         0 [  0.00ns,   0.00ns]   0.00ns   0.00ns   0.00ns         0 [  0.00ns,   0.00ns]   0.00ns   0.00ns   0.00ns
                  'fs_random_no_lp':         0 [  0.00ns,   0.00ns]   0.00ns   0.00ns   0.00ns         0 [  0.00ns,   0.00ns]   0.00ns   0.00ns   0.00ns
                  'fs_random_no_lp':         0 [  0.00ns,   0.00ns]   0.00ns   0.00ns   0.00ns         0 [  0.00ns,   0.00ns]   0.00ns   0.00ns   0.00ns
                  'fs_random_no_lp':         0 [  0.00ns,   0.00ns]   0.00ns   0.00ns   0.00ns         0 [  0.00ns,   0.00ns]   0.00ns   0.00ns   0.00ns
                  'fs_random_no_lp':         0 [  0.00ns,   0.00ns]   0.00ns   0.00ns   0.00ns         0 [  0.00ns,   0.00ns]   0.00ns   0.00ns   0.00ns
                  'fs_random_no_lp':         0 [  0.00ns,   0.00ns]   0.00ns   0.00ns   0.00ns         0 [  0.00ns,   0.00ns]   0.00ns   0.00ns   0.00ns
                  'fs_random_no_lp':         1 [  1.98ms,   1.98ms]   1.98ms   0.00ns   1.98ms         0 [  0.00ns,   0.00ns]   0.00ns   0.00ns   0.00ns
          'fs_random_quick_restart':         0 [  0.00ns,   0.00ns]   0.00ns   0.00ns   0.00ns         0 [  0.00ns,   0.00ns]   0.00ns   0.00ns   0.00ns
          'fs_random_quick_restart':         0 [  0.00ns,   0.00ns]   0.00ns   0.00ns   0.00ns         0 [  0.00ns,   0.00ns]   0.00ns   0.00ns   0.00ns
          'fs_random_quick_restart':         0 [  0.00ns,   0.00ns]   0.00ns   0.00ns   0.00ns         0 [  0.00ns,   0.00ns]   0.00ns   0.00ns   0.00ns
          'fs_random_quick_restart':         0 [  0.00ns,   0.00ns]   0.00ns   0.00ns   0.00ns         0 [  0.00ns,   0.00ns]   0.00ns   0.00ns   0.00ns
          'fs_random_quick_restart':         0 [  0.00ns,   0.00ns]   0.00ns   0.00ns   0.00ns         0 [  0.00ns,   0.00ns]   0.00ns   0.00ns   0.00ns
          'fs_random_quick_restart':         0 [  0.00ns,   0.00ns]   0.00ns   0.00ns   0.00ns         0 [  0.00ns,   0.00ns]   0.00ns   0.00ns   0.00ns
          'fs_random_quick_restart':         0 [  0.00ns,   0.00ns]   0.00ns   0.00ns   0.00ns         0 [  0.00ns,   0.00ns]   0.00ns   0.00ns   0.00ns
          'fs_random_quick_restart':         0 [  0.00ns,   0.00ns]   0.00ns   0.00ns   0.00ns         0 [  0.00ns,   0.00ns]   0.00ns   0.00ns   0.00ns
          'fs_random_quick_restart':         0 [  0.00ns,   0.00ns]   0.00ns   0.00ns   0.00ns         0 [  0.00ns,   0.00ns]   0.00ns   0.00ns   0.00ns
          'fs_random_quick_restart':         0 [  0.00ns,   0.00ns]   0.00ns   0.00ns   0.00ns         0 [  0.00ns,   0.00ns]   0.00ns   0.00ns   0.00ns
          'fs_random_quick_restart':         0 [  0.00ns,   0.00ns]   0.00ns   0.00ns   0.00ns         0 [  0.00ns,   0.00ns]   0.00ns   0.00ns   0.00ns
          'fs_random_quick_restart':         0 [  0.00ns,   0.00ns]   0.00ns   0.00ns   0.00ns         0 [  0.00ns,   0.00ns]   0.00ns   0.00ns   0.00ns
    'fs_random_quick_restart_no_lp':         0 [  0.00ns,   0.00ns]   0.00ns   0.00ns   0.00ns         0 [  0.00ns,   0.00ns]   0.00ns   0.00ns   0.00ns
    'fs_random_quick_restart_no_lp':         0 [  0.00ns,   0.00ns]   0.00ns   0.00ns   0.00ns         0 [  0.00ns,   0.00ns]   0.00ns   0.00ns   0.00ns
    'fs_random_quick_restart_no_lp':         0 [  0.00ns,   0.00ns]   0.00ns   0.00ns   0.00ns         0 [  0.00ns,   0.00ns]   0.00ns   0.00ns   0.00ns
    'fs_random_quick_restart_no_lp':         0 [  0.00ns,   0.00ns]   0.00ns   0.00ns   0.00ns         0 [  0.00ns,   0.00ns]   0.00ns   0.00ns   0.00ns
    'fs_random_quick_restart_no_lp':         0 [  0.00ns,   0.00ns]   0.00ns   0.00ns   0.00ns         0 [  0.00ns,   0.00ns]   0.00ns   0.00ns   0.00ns
    'fs_random_quick_restart_no_lp':         0 [  0.00ns,   0.00ns]   0.00ns   0.00ns   0.00ns         0 [  0.00ns,   0.00ns]   0.00ns   0.00ns   0.00ns
    'fs_random_quick_restart_no_lp':         0 [  0.00ns,   0.00ns]   0.00ns   0.00ns   0.00ns         0 [  0.00ns,   0.00ns]   0.00ns   0.00ns   0.00ns
    'fs_random_quick_restart_no_lp':         0 [  0.00ns,   0.00ns]   0.00ns   0.00ns   0.00ns         0 [  0.00ns,   0.00ns]   0.00ns   0.00ns   0.00ns
    'fs_random_quick_restart_no_lp':         0 [  0.00ns,   0.00ns]   0.00ns   0.00ns   0.00ns         0 [  0.00ns,   0.00ns]   0.00ns   0.00ns   0.00ns
    'fs_random_quick_restart_no_lp':         0 [  0.00ns,   0.00ns]   0.00ns   0.00ns   0.00ns         0 [  0.00ns,   0.00ns]   0.00ns   0.00ns   0.00ns
    'fs_random_quick_restart_no_lp':         0 [  0.00ns,   0.00ns]   0.00ns   0.00ns   0.00ns         0 [  0.00ns,   0.00ns]   0.00ns   0.00ns   0.00ns
    'fs_random_quick_restart_no_lp':         1 [160.93us, 160.93us] 160.93us   0.00ns 160.93us         0 [  0.00ns,   0.00ns]   0.00ns   0.00ns   0.00ns
                    'graph_arc_lns':         6 [  9.82ms,  77.28ms]  39.73ms  20.98ms 238.36ms         6 [839.12us,   6.81ms]   3.25ms   2.17ms  19.48ms
                    'graph_cst_lns':         8 [  5.25ms,  68.11ms]  30.37ms  23.42ms 242.98ms         8 [ 83.56us,   6.65ms]   2.20ms   2.29ms  17.60ms
                    'graph_dec_lns':         7 [  8.50ms,  62.40ms]  28.44ms  19.84ms 199.07ms         7 [155.04us,   7.73ms]   2.32ms   2.42ms  16.26ms
                    'graph_var_lns':         6 [  4.96ms,  78.11ms]  38.58ms  26.27ms 231.49ms         6 [ 55.68us,   6.47ms]   2.85ms   2.07ms  17.09ms
                     'lb_relax_lns':         7 [158.63us,  61.52ms]  29.53ms  23.23ms 206.73ms         5 [  1.06ms,   5.93ms]   3.76ms   1.96ms  18.80ms
                   'lb_tree_search':         1 [ 87.90ms,  87.90ms]  87.90ms   0.00ns  87.90ms         1 [644.18us, 644.18us] 644.18us   0.00ns 644.18us
                               'ls':         2 [  1.15ms,  73.17ms]  37.16ms  36.01ms  74.32ms         2 [  1.52ms,  96.31ms]  48.91ms  47.40ms  97.83ms
                               'ls':         2 [  3.44ms,  72.95ms]  38.19ms  34.75ms  76.38ms         2 [  3.67ms, 100.03ms]  51.85ms  48.18ms 103.70ms
                               'ls':         2 [545.44us,  73.67ms]  37.11ms  36.56ms  74.21ms         2 [ 43.65us,  97.73ms]  48.89ms  48.85ms  97.78ms
                               'ls':         3 [  2.79ms,  39.97ms]  25.62ms  16.32ms  76.86ms         3 [  5.20ms,  79.69ms]  47.92ms  31.38ms 143.76ms
                               'ls':         3 [  3.51ms,  69.18ms]  25.90ms  30.61ms  77.70ms         3 [  2.11ms, 100.07ms]  35.82ms  45.45ms 107.47ms
                               'ls':         3 [  5.02ms,  61.37ms]  27.24ms  24.50ms  81.72ms         3 [ 12.99ms, 100.03ms]  42.11ms  40.96ms 126.32ms
                               'ls':         3 [151.09us,  69.80ms]  23.81ms  32.53ms  71.42ms         3 [ 95.62us,  93.93ms]  32.23ms  43.64ms  96.70ms
                               'ls':         3 [574.42us,  71.14ms]  24.24ms  33.16ms  72.73ms         3 [322.53us,  87.94ms]  30.18ms  40.85ms  90.53ms
                               'ls':         4 [  1.01ms,  47.31ms]  18.91ms  18.67ms  75.62ms         4 [  1.06ms, 100.01ms]  34.33ms  39.50ms 137.32ms
                               'ls':         4 [189.31us,  56.21ms]  20.39ms  22.26ms  81.55ms         4 [ 82.14us, 100.04ms]  36.36ms  39.48ms 145.44ms
                               'ls':         4 [252.12us,  61.26ms]  18.24ms  25.01ms  72.97ms         4 [105.97us, 100.05ms]  29.81ms  40.80ms 119.24ms
                               'ls':         4 [600.19us,  62.86ms]  18.20ms  25.93ms  72.81ms         4 [289.15us, 100.03ms]  27.85ms  41.80ms 111.41ms
                               'ls':         9 [222.72us,  46.41ms]   9.31ms  16.08ms  83.75ms         9 [ 78.42us, 100.03ms]  15.19ms  31.34ms 136.73ms
                               'ls':        13 [134.74us,  35.89ms]   6.02ms  11.03ms  78.28ms        11 [320.72us,  86.26ms]  15.07ms  26.99ms 165.79ms
                               'ls':        20 [101.15us,  40.40ms]   3.91ms  10.74ms  78.13ms        19 [ 53.70us, 100.03ms]   7.10ms  22.87ms 134.85ms
                               'ls':        21 [161.38us,  40.25ms]   3.39ms   9.61ms  71.16ms        21 [ 72.96us, 100.01ms]   7.88ms  23.98ms 165.56ms
                               'ls':        24 [ 64.93us,  38.60ms]   2.94ms   8.84ms  70.56ms        22 [ 68.94us, 100.05ms]   7.43ms  23.12ms 163.56ms
                               'ls':        24 [181.29us,  39.00ms]   3.07ms   8.76ms  73.56ms        23 [ 47.56us, 100.03ms]   6.09ms  20.65ms 140.14ms
                               'ls':        34 [ 75.98us,  23.48ms]   1.82ms   4.69ms  61.74ms        32 [ 48.92us,  54.19ms]   3.47ms  10.31ms 111.10ms
                           'ls_lin':         2 [  1.42ms,  71.74ms]  36.58ms  35.16ms  73.16ms         2 [  1.59ms,  93.82ms]  47.71ms  46.11ms  95.41ms
                           'ls_lin':         2 [  1.95ms,  71.94ms]  36.94ms  35.00ms  73.88ms         2 [  1.94ms,  93.99ms]  47.96ms  46.02ms  95.93ms
                           'ls_lin':         3 [  1.00ms,  50.04ms]  25.98ms  20.03ms  77.95ms         3 [967.07us, 100.06ms]  42.50ms  42.01ms 127.49ms
                           'ls_lin':         3 [  1.29ms,  57.15ms]  24.23ms  23.87ms  72.69ms         3 [  2.15ms, 100.06ms]  40.10ms  42.90ms 120.30ms
                           'ls_lin':         3 [  1.41ms,  49.42ms]  25.99ms  19.62ms  77.96ms         3 [  2.57ms,  95.68ms]  41.43ms  39.54ms 124.30ms
                           'ls_lin':         3 [  1.96ms,  56.78ms]  24.32ms  23.49ms  72.95ms         3 [  3.43ms, 100.05ms]  42.21ms  41.68ms 126.64ms
                           'ls_lin':        12 [ 82.51us,  42.35ms]   5.75ms  12.47ms  68.99ms         8 [ 78.11us,  71.98ms]  13.20ms  24.05ms 105.57ms
                           'ls_lin':        18 [ 59.99us,  23.81ms]   3.79ms   7.77ms  68.17ms        16 [ 50.36us,  29.07ms]   5.34ms  10.42ms  85.40ms
                           'ls_lin':        22 [ 99.33us,  41.50ms]   3.20ms   9.65ms  70.47ms        22 [ 78.34us, 100.00ms]   6.43ms  21.79ms 141.47ms
                           'ls_lin':        23 [113.02us,  38.73ms]   3.01ms   8.96ms  69.32ms        22 [ 85.35us, 100.05ms]   6.19ms  21.39ms 136.21ms
                           'max_lp':         1 [ 88.37ms,  88.37ms]  88.37ms   0.00ns  88.37ms         1 [ 11.25ms,  11.25ms]  11.25ms   0.00ns  11.25ms
                            'no_lp':         1 [ 93.84ms,  93.84ms]  93.84ms   0.00ns  93.84ms         1 [ 14.34ms,  14.34ms]  14.34ms   0.00ns  14.34ms
              'objective_lb_search':         1 [ 88.03ms,  88.03ms]  88.03ms   0.00ns  88.03ms         1 [ 18.43ms,  18.43ms]  18.43ms   0.00ns  18.43ms
       'objective_lb_search_max_lp':         1 [ 95.93ms,  95.93ms]  95.93ms   0.00ns  95.93ms         1 [510.63us, 510.63us] 510.63us   0.00ns 510.63us
        'objective_lb_search_no_lp':         1 [ 86.52ms,  86.52ms]  86.52ms   0.00ns  86.52ms         1 [ 29.62ms,  29.62ms]  29.62ms   0.00ns  29.62ms
         'objective_shaving_max_lp':        27 [330.81us,  13.82ms]   2.64ms   3.81ms  71.25ms         7 [ 26.16us,  91.92us]  53.48us  26.90us 374.37us
          'objective_shaving_no_lp':        25 [338.36us,  12.07ms]   2.81ms   3.55ms  70.22ms         8 [  1.68us,  63.84us]  46.43us  23.13us 371.44us
                          'probing':         1 [ 90.78ms,  90.78ms]  90.78ms   0.00ns  90.78ms         1 [  1.67ms,   1.67ms]   1.67ms   0.00ns   1.67ms
                   'probing_max_lp':         1 [ 96.32ms,  96.32ms]  96.32ms   0.00ns  96.32ms         1 [794.66us, 794.66us] 794.66us   0.00ns 794.66us
                    'probing_no_lp':         1 [ 95.98ms,  95.98ms]  95.98ms   0.00ns  95.98ms         1 [  8.29ms,   8.29ms]   8.29ms   0.00ns   8.29ms
                     'pseudo_costs':         1 [ 88.03ms,  88.03ms]  88.03ms   0.00ns  88.03ms         1 [ 11.99ms,  11.99ms]  11.99ms   0.00ns  11.99ms
                    'quick_restart':         1 [ 87.37ms,  87.37ms]  87.37ms   0.00ns  87.37ms         1 [ 11.59ms,  11.59ms]  11.59ms   0.00ns  11.59ms
              'quick_restart_no_lp':         1 [ 94.15ms,  94.15ms]  94.15ms   0.00ns  94.15ms         1 [ 10.00ms,  10.00ms]  10.00ms   0.00ns  10.00ms
                    'reduced_costs':         1 [ 95.55ms,  95.55ms]  95.55ms   0.00ns  95.55ms         1 [  7.84ms,   7.84ms]   7.84ms   0.00ns   7.84ms
                        'rins/rens':         6 [318.05us,  79.07ms]  40.77ms  30.00ms 244.60ms         4 [  4.02ms,   8.87ms]   5.76ms   1.86ms  23.04ms
                      'rnd_cst_lns':         7 [  4.45ms,  77.42ms]  32.30ms  25.59ms 226.10ms         7 [ 61.25us,   4.86ms]   2.10ms   1.76ms  14.67ms
                      'rnd_var_lns':         7 [  3.89ms,  66.26ms]  33.37ms  24.76ms 233.57ms         7 [ 75.67us,   7.76ms]   2.50ms   2.55ms  17.50ms
         'scheduling_intervals_lns':         4 [ 44.55ms,  89.85ms]  68.96ms  17.00ms 275.85ms         4 [  3.21ms,   6.85ms]   5.02ms   1.41ms  20.09ms
       'scheduling_precedences_lns':         4 [ 47.90ms,  88.44ms]  67.25ms  15.09ms 269.01ms         4 [  1.90ms,   5.83ms]   3.98ms   1.69ms  15.91ms
  'scheduling_resource_windows_lns':         4 [ 49.72ms,  89.01ms]  68.92ms  14.93ms 275.68ms         4 [  5.66ms,  19.62ms]  10.69ms   5.62ms  42.75ms
       'scheduling_time_window_lns':         4 [ 45.98ms,  84.98ms]  67.55ms  14.38ms 270.19ms         4 [  1.54ms,   7.34ms]   5.18ms   2.39ms  20.74ms
                'variables_shaving':        12 [  6.56ms,  39.35ms]  17.28ms  11.27ms 207.34ms        12 [147.03us,   2.55ms] 783.42us 910.89us   9.40ms
         'variables_shaving_max_lp':         7 [ 28.26ms,  49.53ms]  36.56ms   7.57ms 255.93ms         7 [  1.96ms,   6.59ms]   4.51ms   1.70ms  31.59ms
          'variables_shaving_no_lp':        35 [  3.39ms,  28.15ms]   8.71ms   5.37ms 304.69ms        32 [  5.35us,   1.12ms] 232.76us 289.79us   7.45ms

Search stats                        Bools  Conflicts  Branches  Restarts  BoolPropag  IntegerPropag
                           'core':  1'007        223     2'828       745      78'527         48'988
                     'default_lp':    517        172     1'452       375      10'434        130'070
                          'fixed':    790        424     2'174       374      11'625        154'201
                      'fs_random':      0          0         0         0           0              0
                      'fs_random':      0          0         0         0           0              0
                      'fs_random':      0          0         0         0           0              0
                      'fs_random':      0          0         0         0           0              0
                      'fs_random':      0          0         0         0           0              0
                      'fs_random':      0          0         0         0           0              0
                      'fs_random':      0          0         0         0           0              0
                      'fs_random':      0          0         0         0           0              0
                      'fs_random':      0          0         0         0           0              0
                      'fs_random':      0          0         0         0           0              0
                      'fs_random':      0          0         0         0           0              0
                      'fs_random':      0          0         0         0           0              0
                'fs_random_no_lp':      0          0         0         0           0              0
                'fs_random_no_lp':      0          0         0         0           0              0
                'fs_random_no_lp':      0          0         0         0           0              0
                'fs_random_no_lp':      0          0         0         0           0              0
                'fs_random_no_lp':      0          0         0         0           0              0
                'fs_random_no_lp':      0          0         0         0           0              0
                'fs_random_no_lp':      0          0         0         0           0              0
                'fs_random_no_lp':      0          0         0         0           0              0
                'fs_random_no_lp':      0          0         0         0           0              0
                'fs_random_no_lp':      0          0         0         0           0              0
                'fs_random_no_lp':      0          0         0         0           0              0
                'fs_random_no_lp':      0          0         0         0           0              0
                'fs_random_no_lp':      0          0         0         0           0              0
        'fs_random_quick_restart':      0          0         0         0           0              0
        'fs_random_quick_restart':      0          0         0         0           0              0
        'fs_random_quick_restart':      0          0         0         0           0              0
        'fs_random_quick_restart':      0          0         0         0           0              0
        'fs_random_quick_restart':      0          0         0         0           0              0
        'fs_random_quick_restart':      0          0         0         0           0              0
        'fs_random_quick_restart':      0          0         0         0           0              0
        'fs_random_quick_restart':      0          0         0         0           0              0
        'fs_random_quick_restart':      0          0         0         0           0              0
        'fs_random_quick_restart':      0          0         0         0           0              0
        'fs_random_quick_restart':      0          0         0         0           0              0
        'fs_random_quick_restart':      0          0         0         0           0              0
  'fs_random_quick_restart_no_lp':      0          0         0         0           0              0
  'fs_random_quick_restart_no_lp':      0          0         0         0           0              0
  'fs_random_quick_restart_no_lp':      0          0         0         0           0              0
  'fs_random_quick_restart_no_lp':      0          0         0         0           0              0
  'fs_random_quick_restart_no_lp':      0          0         0         0           0              0
  'fs_random_quick_restart_no_lp':      0          0         0         0           0              0
  'fs_random_quick_restart_no_lp':      0          0         0         0           0              0
  'fs_random_quick_restart_no_lp':      0          0         0         0           0              0
  'fs_random_quick_restart_no_lp':      0          0         0         0           0              0
  'fs_random_quick_restart_no_lp':      0          0         0         0           0              0
  'fs_random_quick_restart_no_lp':      0          0         0         0           0              0
  'fs_random_quick_restart_no_lp':      0          0         0         0           0              0
                 'lb_tree_search':  1'054          0     2'108     2'108           0         15'105
                         'max_lp':    268         35       802       330         665         19'001
                          'no_lp':    501        146     4'846       484       7'247        100'919
            'objective_lb_search':     99        141       794        93       4'481        155'623
     'objective_lb_search_max_lp':  1'055          0     2'108     2'108         227         15'362
      'objective_lb_search_no_lp':    455        434     1'603        66      16'716        244'795
                        'probing':  1'096         31     2'161     2'161       1'631         23'940
                 'probing_max_lp':  1'056          0     2'112     2'112          31         15'153
                  'probing_no_lp':  1'376        195     2'559     2'559      22'823         57'996
                   'pseudo_costs':    252         54       429        77         523         22'517
                  'quick_restart':    656        117     1'836       387       4'626         90'990
            'quick_restart_no_lp':    491         65     2'607       588       4'861         75'579
                  'reduced_costs':  1'207          6     2'425     2'121       2'219         20'479

SAT stats                           ClassicMinim  LitRemoved  LitLearned  LitForgotten  Subsumed  MClauses  MDecisions  MLitTrue  MSubsumed  MLitRemoved  MReused
                           'core':             9          10          35             0         0       385         596         0         82          246      107
                     'default_lp':           166         339       2'547             0         0         0           0         0          0            0        0
                          'fixed':           193         195       2'641             0         5         0           0         0          0            0        0
                      'fs_random':             0           0           0             0         0         0           0         0          0            0        0
                      'fs_random':             0           0           0             0         0         0           0         0          0            0        0
                      'fs_random':             0           0           0             0         0         0           0         0          0            0        0
                      'fs_random':             0           0           0             0         0         0           0         0          0            0        0
                      'fs_random':             0           0           0             0         0         0           0         0          0            0        0
                      'fs_random':             0           0           0             0         0         0           0         0          0            0        0
                      'fs_random':             0           0           0             0         0         0           0         0          0            0        0
                      'fs_random':             0           0           0             0         0         0           0         0          0            0        0
                      'fs_random':             0           0           0             0         0         0           0         0          0            0        0
                      'fs_random':             0           0           0             0         0         0           0         0          0            0        0
                      'fs_random':             0           0           0             0         0         0           0         0          0            0        0
                      'fs_random':             0           0           0             0         0         0           0         0          0            0        0
                'fs_random_no_lp':             0           0           0             0         0         0           0         0          0            0        0
                'fs_random_no_lp':             0           0           0             0         0         0           0         0          0            0        0
                'fs_random_no_lp':             0           0           0             0         0         0           0         0          0            0        0
                'fs_random_no_lp':             0           0           0             0         0         0           0         0          0            0        0
                'fs_random_no_lp':             0           0           0             0         0         0           0         0          0            0        0
                'fs_random_no_lp':             0           0           0             0         0         0           0         0          0            0        0
                'fs_random_no_lp':             0           0           0             0         0         0           0         0          0            0        0
                'fs_random_no_lp':             0           0           0             0         0         0           0         0          0            0        0
                'fs_random_no_lp':             0           0           0             0         0         0           0         0          0            0        0
                'fs_random_no_lp':             0           0           0             0         0         0           0         0          0            0        0
                'fs_random_no_lp':             0           0           0             0         0         0           0         0          0            0        0
                'fs_random_no_lp':             0           0           0             0         0         0           0         0          0            0        0
                'fs_random_no_lp':             0           0           0             0         0         0           0         0          0            0        0
        'fs_random_quick_restart':             0           0           0             0         0         0           0         0          0            0        0
        'fs_random_quick_restart':             0           0           0             0         0         0           0         0          0            0        0
        'fs_random_quick_restart':             0           0           0             0         0         0           0         0          0            0        0
        'fs_random_quick_restart':             0           0           0             0         0         0           0         0          0            0        0
        'fs_random_quick_restart':             0           0           0             0         0         0           0         0          0            0        0
        'fs_random_quick_restart':             0           0           0             0         0         0           0         0          0            0        0
        'fs_random_quick_restart':             0           0           0             0         0         0           0         0          0            0        0
        'fs_random_quick_restart':             0           0           0             0         0         0           0         0          0            0        0
        'fs_random_quick_restart':             0           0           0             0         0         0           0         0          0            0        0
        'fs_random_quick_restart':             0           0           0             0         0         0           0         0          0            0        0
        'fs_random_quick_restart':             0           0           0             0         0         0           0         0          0            0        0
        'fs_random_quick_restart':             0           0           0             0         0         0           0         0          0            0        0
  'fs_random_quick_restart_no_lp':             0           0           0             0         0         0           0         0          0            0        0
  'fs_random_quick_restart_no_lp':             0           0           0             0         0         0           0         0          0            0        0
  'fs_random_quick_restart_no_lp':             0           0           0             0         0         0           0         0          0            0        0
  'fs_random_quick_restart_no_lp':             0           0           0             0         0         0           0         0          0            0        0
  'fs_random_quick_restart_no_lp':             0           0           0             0         0         0           0         0          0            0        0
  'fs_random_quick_restart_no_lp':             0           0           0             0         0         0           0         0          0            0        0
  'fs_random_quick_restart_no_lp':             0           0           0             0         0         0           0         0          0            0        0
  'fs_random_quick_restart_no_lp':             0           0           0             0         0         0           0         0          0            0        0
  'fs_random_quick_restart_no_lp':             0           0           0             0         0         0           0         0          0            0        0
  'fs_random_quick_restart_no_lp':             0           0           0             0         0         0           0         0          0            0        0
  'fs_random_quick_restart_no_lp':             0           0           0             0         0         0           0         0          0            0        0
  'fs_random_quick_restart_no_lp':             0           0           0             0         0         0           0         0          0            0        0
                 'lb_tree_search':             0           0           0             0         0         0           0         0          0            0        0
                         'max_lp':             9           9         211             0         0         0           0         0          0            0        0
                          'no_lp':           135         663       3'176             0         0         0           0         0          0            0        0
            'objective_lb_search':           105         117         552             0         5       284         178         0         26          115      464
     'objective_lb_search_max_lp':             0           0           0             0         0         0           0         0          0            0        0
      'objective_lb_search_no_lp':           105         211       2'403             0         1         4           5         0          1            4        6
                        'probing':             0           0          31             0         0         0           0         0          0            0        0
                 'probing_max_lp':             0           0           0             0         0         0           0         0          0            0        0
                  'probing_no_lp':             0           0         195             0         0         0           0         0          0            0        0
                   'pseudo_costs':             9           9         310             0         0         0           0         0          0            0        0
                  'quick_restart':            21          30         709             0         1         0           0         0          0            0        0
            'quick_restart_no_lp':            22          40         847             0         0         0           0         0          0            0        0
                  'reduced_costs':             0           0          30             0         0         0           0         0          0            0        0

Lp stats                         Component  Iterations  AddedCuts  OPTIMAL  DUAL_F.  DUAL_U.
                  'default_lp':         20          49          0    1'146        0        0
                       'fixed':         20          56          0    2'229        0        0
              'lb_tree_search':          1         155        201        5        1        0
                      'max_lp':          1         556        402      197        3        0
         'objective_lb_search':         20          26          0      497        0        0
  'objective_lb_search_max_lp':          1         135        319       10        0        0
                     'probing':         20          28          0    1'661        0        0
              'probing_max_lp':          1         164        180        7        0        0
                'pseudo_costs':          1         517        484      193        2        0
               'quick_restart':         20          68          0    1'810        0        0
               'reduced_costs':          1         439        543      139        2        0

Lp dimension                     Final dimension of first component
                  'default_lp':      6 rows, 17 columns, 12 entries
                       'fixed':      6 rows, 17 columns, 12 entries
              'lb_tree_search':  321 rows, 201 columns, 953 entries
                      'max_lp':  240 rows, 201 columns, 940 entries
         'objective_lb_search':      6 rows, 17 columns, 12 entries
  'objective_lb_search_max_lp':  182 rows, 201 columns, 730 entries
                     'probing':      6 rows, 17 columns, 12 entries
              'probing_max_lp':  312 rows, 201 columns, 942 entries
                'pseudo_costs':  227 rows, 201 columns, 819 entries
               'quick_restart':      6 rows, 17 columns, 12 entries
               'reduced_costs':  198 rows, 201 columns, 751 entries

Lp debug                         CutPropag  CutEqPropag  Adjust  Overflow    Bad  BadScaling
                  'default_lp':          0            0       0         0      0           0
                       'fixed':          0            0       0         0      0           0
              'lb_tree_search':          0            0       3         0    772           0
                      'max_lp':          0            9      28         0  2'828           0
         'objective_lb_search':          0            0       0         0      0           0
  'objective_lb_search_max_lp':          0            3       0         0    264           0
                     'probing':          0            0       0         0      0           0
              'probing_max_lp':          0            0       4         0    881           0
                'pseudo_costs':          0            8      25         0  1'211           0
               'quick_restart':          0            0       0         0      0           0
               'reduced_costs':          0           13      15         0    767           0

Lp pool                          Constraints  Updates  Simplif  Merged  Shortened  Split  Strenghtened  Cuts/Call
                  'default_lp':          203        0        2       0          0      0             0        0/0
                       'fixed':          203        0        1       0          0      0             0        0/0
              'lb_tree_search':          404        0        0       0          0      0             0    201/317
                      'max_lp':          556      400      100      49          0      0             2  402/1'432
         'objective_lb_search':          203        0        1       0          0      0             0        0/0
  'objective_lb_search_max_lp':          514       80       34       8          0      0             0    319/529
                     'probing':          203        0       26       0          0      0             0        0/0
              'probing_max_lp':          383        0        0       0          0      0             0    180/290
                'pseudo_costs':          623      282       17      64          0      0             2  484/1'541
               'quick_restart':          203        0       48       0          0      0             0        0/0
               'reduced_costs':          627      186       76     119          0      0             0    543/906

Lp Cut                                                max_lp  pseudo_costs  lb_tree_search  reduced_costs  probing_max_lp  objective_lb_search_max_lp
                                               CG_K:       3             4               2              5               1                           3
                                               CG_R:       7            12               2             12               1                          10
                                            MIR_1_K:       1             4               1              3               -                           4
                                            MIR_1_R:       3             8               -              2               -                           4
                                            MIR_2_K:       2             2               1              3               1                           1
                                            MIR_2_R:       2             1               1              3               1                           -
                                            MIR_3_K:       1             -               1              -               1                           -
                                            MIR_3_R:       1             -               1              -               1                           -
                                            MIR_4_K:       -             -               1              -               1                           -
                                            MIR_4_R:       -             -               1              -               1                           -
                                            MIR_5_K:       1             -               -              -               -                           -
                                            MIR_5_R:       1             1               -              1               -                           -
                  NoOverlapCompletionTimeExhaustive:      24            33              10             30               7                          16
           NoOverlapCompletionTimeExhaustive_lifted:      32            34              12             47              13                          30
  NoOverlapCompletionTimeExhaustive_lifted_weighted:      40            45              23             57              18                          28
         NoOverlapCompletionTimeExhaustive_weighted:      23            39              10             37              14                          20
                    NoOverlapCompletionTimeQueyrane:      47            58              22             61              18                          38
             NoOverlapCompletionTimeQueyrane_lifted:      81           109              41            114              39                          71
                        NoOverlapDetectedPrecedence:       1             -               -              1               -                           -
                        NoOverlapDisjunctionOnStart:     123           134              68            166              62                          94
                                        ZERO_HALF_R:       9             -               4              1               1                           -

LNS stats                             Improv/Calls  Closed  Difficulty  TimeLimit
                    'graph_arc_lns':           6/6     50%    6.52e-01       0.10
                    'graph_cst_lns':           7/8     50%    7.00e-01       0.10
                    'graph_dec_lns':           7/7     57%    7.75e-01       0.10
                    'graph_var_lns':           5/6     67%    8.34e-01       0.10
                     'lb_relax_lns':           5/5     60%    7.48e-01       0.50
                        'rins/rens':           3/6     33%    3.14e-01       0.10
                      'rnd_cst_lns':           7/7     57%    7.75e-01       0.10
                      'rnd_var_lns':           7/7     57%    7.75e-01       0.10
         'scheduling_intervals_lns':           4/4      0%    8.55e-02       0.10
       'scheduling_precedences_lns':           4/4      0%    8.55e-02       0.10
  'scheduling_resource_windows_lns':           4/4      0%    8.55e-02       0.10
       'scheduling_time_window_lns':           4/4      0%    8.55e-02       0.10

LS stats                                    Batches  Restarts/Perturbs  LinMoves  GenMoves  CompoundMoves  Bactracks  WeightUpdates  ScoreComputed
                                    'ls_':        2                  3        11     2'515              0          0          2'007        602'312
                         'ls_lin_restart':       10                 10        47     4'267              0          0          3'490      1'108'911
                'ls_lin_restart_compound':       13                 13         0     4'950            246      2'352             56        465'080
        'ls_lin_restart_compound_perturb':        9                  9         0     1'774            120        827             23        102'260
                   'ls_lin_restart_decay':       12                 12        39     1'840              0          0            499        235'135
          'ls_lin_restart_decay_compound':        9                  9         0     6'925            287      3'319             83        685'564
  'ls_lin_restart_decay_compound_perturb':       14                 14         0    11'987            519      5'732            135      1'263'415
           'ls_lin_restart_decay_perturb':       12                 12        41       163              0          0            136         37'450
                 'ls_lin_restart_perturb':       12                 12        70     6'842              0          0          5'367      1'847'052
                             'ls_restart':       19                 19        93     6'506              0          0          5'976      1'702'542
                    'ls_restart_compound':       22                 22         0    13'186            597      6'294            188      1'121'494
            'ls_restart_compound_perturb':       31                 31         0    18'394            566      8'910            272      2'327'074
                       'ls_restart_decay':       24                 24        85     2'392              0          0            936        369'953
              'ls_restart_decay_compound':       15                 15         0       248             92         78              0         20'391
      'ls_restart_decay_compound_perturb':       20                 20         0     7'390            418      3'484             74        890'097
               'ls_restart_decay_perturb':       23                 23        80     2'944              0          0            771        342'600
                     'ls_restart_perturb':       26                 26       110    20'634              0          0         15'273      5'044'409

Solutions (89)                              Num     Rank
                             'default_lp':    2   [2,22]
                          'graph_arc_lns':    1  [20,20]
                          'graph_cst_lns':    1  [10,10]
                          'graph_dec_lns':    2  [21,42]
                          'graph_var_lns':    1  [88,88]
                     'lb_relax_lns_int_h':    1  [89,89]
                         'ls_lin_restart':    3  [13,81]
                'ls_lin_restart_compound':    5  [14,37]
        'ls_lin_restart_compound_perturb':    4  [41,76]
                   'ls_lin_restart_decay':    2  [38,64]
          'ls_lin_restart_decay_compound':    2  [36,66]
  'ls_lin_restart_decay_compound_perturb':    4  [15,77]
           'ls_lin_restart_decay_perturb':    6  [17,75]
                 'ls_lin_restart_perturb':    5  [26,80]
                             'ls_restart':    7   [9,79]
                    'ls_restart_compound':    5   [5,82]
            'ls_restart_compound_perturb':    4  [12,50]
                       'ls_restart_decay':    8  [23,86]
              'ls_restart_decay_compound':    4  [24,84]
      'ls_restart_decay_compound_perturb':    7  [11,70]
               'ls_restart_decay_perturb':    6   [6,72]
                     'ls_restart_perturb':    3  [44,85]
                                  'no_lp':    2    [1,4]
                    'quick_restart_no_lp':    1    [3,3]
                            'rnd_cst_lns':    1  [87,87]
                            'rnd_var_lns':    2    [7,8]

Objective bounds                Num
                  'bool_core':  135
             'initial_domain':    1
                     'max_lp':    1
  'objective_lb_search_no_lp':    3

Solution repositories    Added  Queried  Synchro
  'feasible solutions':    549      417      250
   'fj solution hints':      0        0        0
        'lp solutions':      7        2        6
                'pump':    138        4

Improving bounds shared           Num  Sym
                       'core':     27    0
                 'default_lp':    362    0
                      'fixed':    181    0
                     'max_lp':    209    0
                      'no_lp':  1'172    0
        'objective_lb_search':    181    0
  'objective_lb_search_no_lp':     12    0
                    'probing':    215    0
              'probing_no_lp':    713    0
               'pseudo_costs':    211    0
              'quick_restart':  1'023    0
        'quick_restart_no_lp':    616    0
              'reduced_costs':    580    0

CpSolverResponse summary:
status: OPTIMAL
objective: 1454
best_bound: 1454
integers: 201
booleans: 0
conflicts: 0
branches: 0
propagations: 0
integer_propagations: 0
restarts: 0
lp_iterations: 0
walltime: 0.114318
usertime: 0.114318
deterministic_time: 4.03461
gap_integral: 13.5026
solution_fingerprint: 0x4f89de12b53b8170

