
Starting CP-SAT solver v9.14.6206
Parameters: max_time_in_seconds: 300 log_search_progress: true num_search_workers: 104 relative_gap_limit: 0.005

Initial optimization model '': (model_fingerprint: 0x894c92a0c7b94cc3)
#Variables: 530 (#ints: 138 in objective) (392 primary variables)
  - 138 in [0,20873]
  - 18 in [5760,20873]
  - 134 in [7200,20873]
  - 240 in [8640,20873]
#kInterval: 203 (#fixed: 7)
#kLinMax: 138 (#expressions: 276)
#kLinear1: 31
#kLinear2: 165
#kNoOverlap: 10 (#intervals: 203, #fixed_intervals: 7)

Starting presolve at 0.00s
  9.07e-05s  0.00e+00d  [DetectDominanceRelations] 
  1.94e-03s  0.00e+00d  [PresolveToFixPoint] #num_loops=10 #num_dual_strengthening=1 
  3.09e-06s  0.00e+00d  [ExtractEncodingFromLinear] 
  1.43e-05s  0.00e+00d  [DetectDuplicateColumns] 
  7.71e-05s  0.00e+00d  [DetectDuplicateConstraints] 
[Symmetry] Graph for symmetry has 1'245 nodes and 1'176 arcs.
[Symmetry] Symmetry computation done. time: 9.2574e-05 dtime: 0.00011779
  7.52e-05s  0.00e+00d  [DetectDuplicateConstraintsWithDifferentEnforcements] 
  6.49e-04s  1.23e-05d  [Probe] #new_bounds=76 
  3.01e-06s  0.00e+00d  [MaxClique] 
  7.82e-05s  0.00e+00d  [DetectDominanceRelations] 
  6.26e-04s  0.00e+00d  [PresolveToFixPoint] #num_loops=3 #num_dual_strengthening=2 
  2.62e-05s  0.00e+00d  [ProcessAtMostOneAndLinear] 
  6.99e-05s  0.00e+00d  [DetectDuplicateConstraints] 
  6.80e-05s  0.00e+00d  [DetectDuplicateConstraintsWithDifferentEnforcements] 
  2.70e-05s  1.22e-06d  [DetectDominatedLinearConstraints] #relevant_constraints=203 
  2.76e-05s  0.00e+00d  [DetectDifferentVariables] 
  2.76e-06s  0.00e+00d  [ProcessSetPPC] 
  3.30e-06s  0.00e+00d  [FindAlmostIdenticalLinearConstraints] 
  1.15e-05s  0.00e+00d  [FindBigAtMostOneAndLinearOverlap] 
  1.84e-05s  8.00e-06d  [FindBigVerticalLinearOverlap] 
  2.26e-06s  0.00e+00d  [FindBigHorizontalLinearOverlap] 
  2.08e-06s  0.00e+00d  [MergeClauses] 
  7.07e-05s  0.00e+00d  [DetectDominanceRelations] 
  3.72e-04s  0.00e+00d  [PresolveToFixPoint] #num_loops=1 #num_dual_strengthening=1 
  6.63e-05s  0.00e+00d  [DetectDominanceRelations] 
  3.67e-04s  0.00e+00d  [PresolveToFixPoint] #num_loops=1 #num_dual_strengthening=1 
  1.18e-05s  0.00e+00d  [DetectDuplicateColumns] 
  6.65e-05s  0.00e+00d  [DetectDuplicateConstraints] 
[Symmetry] Graph for symmetry has 1'238 nodes and 1'169 arcs.
[Symmetry] Symmetry computation done. time: 8.0448e-05 dtime: 0.00011729
  7.13e-05s  0.00e+00d  [DetectDuplicateConstraintsWithDifferentEnforcements] 
  4.91e-04s  2.57e-06d  [Probe] 
  1.76e-06s  0.00e+00d  [MaxClique] 
  7.38e-05s  0.00e+00d  [DetectDominanceRelations] 
  4.08e-04s  0.00e+00d  [PresolveToFixPoint] #num_loops=1 #num_dual_strengthening=1 
  2.57e-05s  0.00e+00d  [ProcessAtMostOneAndLinear] 
  6.87e-05s  0.00e+00d  [DetectDuplicateConstraints] 
  7.01e-05s  0.00e+00d  [DetectDuplicateConstraintsWithDifferentEnforcements] 
  2.49e-05s  1.22e-06d  [DetectDominatedLinearConstraints] #relevant_constraints=203 
  2.59e-05s  0.00e+00d  [DetectDifferentVariables] 
  2.26e-06s  0.00e+00d  [ProcessSetPPC] 
  2.38e-06s  0.00e+00d  [FindAlmostIdenticalLinearConstraints] 
  1.16e-05s  0.00e+00d  [FindBigAtMostOneAndLinearOverlap] 
  1.87e-05s  8.00e-06d  [FindBigVerticalLinearOverlap] 
  1.96e-06s  0.00e+00d  [FindBigHorizontalLinearOverlap] 
  1.42e-06s  0.00e+00d  [MergeClauses] 
  7.01e-05s  0.00e+00d  [DetectDominanceRelations] 
  3.75e-04s  0.00e+00d  [PresolveToFixPoint] #num_loops=1 #num_dual_strengthening=1 
  2.24e-05s  0.00e+00d  [ExpandObjective] 

Presolve summary:
  - 248 affine relations were detected.
  - rule 'TODO dual: only one blocking constraint?' was applied 707 times.
  - rule 'TODO dual: only one unspecified blocking constraint?' was applied 266 times.
  - rule 'affine: new relation' was applied 248 times.
  - rule 'dual: reduced domain' was applied 7 times.
  - rule 'intervals: removed unused interval' was applied 7 times.
  - rule 'lin_max: converted abs to equality' was applied 40 times.
  - rule 'lin_max: converted to equality' was applied 24 times.
  - rule 'lin_max: propagate domain from x to abs(x)' was applied 122 times.
  - rule 'lin_max: removed exprs' was applied 24 times.
  - rule 'lin_max: rewrite with precedences' was applied 38 times.
  - rule 'lin_max: target domain reduced' was applied 62 times.
  - rule 'linear1: x in domain' was applied 28 times.
  - rule 'linear: always true' was applied 53 times.
  - rule 'linear: fixed or dup variables' was applied 12 times.
  - rule 'linear: reduced variable domains' was applied 884 times.
  - rule 'linear: remapped using affine relations' was applied 507 times.
  - rule 'no_overlap: split into disjoint components' was applied 7 times.
  - rule 'objective: variable not used elsewhere' was applied 12 times.
  - rule 'presolve: 12 unused variables removed.' was applied 1 time.
  - rule 'presolve: iteration' was applied 2 times.

Presolved optimization model '': (model_fingerprint: 0x81715c89b374fbfb)
#Variables: 270 (#ints: 115 in objective) (196 primary variables)
  - 233 different domains in [0,20852] with a largest complexity of 1.
#kInterval: 196
#kLinMax: 36 (#expressions: 72)
#kLinear2: 203
#kNoOverlap: 10 (#intervals: 196)
[Symmetry] Graph for symmetry has 978 nodes and 1'169 arcs.
[Symmetry] Symmetry computation done. time: 6.6527e-05 dtime: 0.00010169

Preloading model.
#Bound   0.01s best:inf   next:[23518,2197416] initial_domain
#Model   0.01s var:270/270 constraints:445/445

Starting search at 0.01s with 104 workers.
18 full problem subsolvers: [core, default_lp, fixed, lb_tree_search, max_lp, no_lp, objective_lb_search, objective_lb_search_max_lp, objective_lb_search_no_lp, objective_shaving_max_lp, objective_shaving_no_lp, probing, probing_max_lp, probing_no_lp, pseudo_costs, quick_restart, quick_restart_no_lp, reduced_costs]
86 first solution subsolvers: [fj(25), fj_lin(12), fs_random(12), fs_random_no_lp(13), fs_random_quick_restart(12), fs_random_quick_restart_no_lp(12)]
45 interleaved subsolvers: [feasibility_pump, graph_arc_lns, graph_cst_lns, graph_dec_lns, graph_var_lns, lb_relax_lns, ls(19), ls_lin(10), rins/rens, rnd_cst_lns, rnd_var_lns, scheduling_intervals_lns, scheduling_precedences_lns, scheduling_resource_windows_lns, scheduling_time_window_lns, variables_shaving, variables_shaving_max_lp, variables_shaving_no_lp]
3 helper subsolvers: [neighborhood_helper, synchronization_agent, update_gap_integral]

#Bound   0.01s best:inf   next:[23586,2197416] default_lp (initial_propagation)
#Bound   0.01s best:inf   next:[23650,2197416] max_lp
#1       0.02s best:79208 next:[23650,79207] quick_restart_no_lp
#2       0.02s best:78228 next:[23650,78227] no_lp
#Bound   0.02s best:78228 next:[24705,78227] pseudo_costs
#Bound   0.02s best:78228 next:[29362,78227] max_lp
#3       0.02s best:68699 next:[29362,68698] no_lp
#Bound   0.02s best:68699 next:[31972,68698] max_lp
#4       0.03s best:62477 next:[31972,62476] fixed
#Bound   0.03s best:62477 next:[35832,62476] max_lp
#5       0.03s best:62327 next:[35832,62326] objective_lb_search
#Bound   0.04s best:62327 next:[37174,62326] max_lp
#6       0.04s best:62326 next:[37174,62325] ls_restart_compound_perturb(batch:1 lin{mvs:0 evals:306} gen{mvs:38 evals:1'229} comp{mvs:12 btracks:13} #w_updates:0 #perturb:0)
#7       0.04s best:62163 next:[37174,62162] ls_lin_restart_compound(batch:1 lin{mvs:0 evals:104} gen{mvs:18 evals:437} comp{mvs:4 btracks:7} #w_updates:0 #perturb:0)
#Bound   0.04s best:62163 next:[38628,62162] max_lp
#8       0.05s best:53579 next:[38628,53578] fixed
#9       0.05s best:53029 next:[38628,53028] ls_decay_compound_perturb(batch:1 lin{mvs:0 evals:2'320} gen{mvs:223 evals:8'832} comp{mvs:27 btracks:98} #w_updates:2 #perturb:1) [combined with: fixed...]
#10      0.06s best:52621 next:[38628,52620] ls_restart_decay_compound_perturb(batch:1 lin{mvs:0 evals:74} gen{mvs:6 evals:253} comp{mvs:6 btracks:0} #w_updates:0 #perturb:0)
#11      0.06s best:52620 next:[38628,52619] ls_restart_decay_compound_perturb(batch:1 lin{mvs:0 evals:104} gen{mvs:10 evals:391} comp{mvs:4 btracks:3} #w_updates:0 #perturb:0)
#12      0.07s best:52619 next:[38628,52618] ls_restart_decay_compound(batch:1 lin{mvs:0 evals:572} gen{mvs:68 evals:2'202} comp{mvs:4 btracks:32} #w_updates:0 #perturb:0) [combined with: ls_restart_decay_com...]
#13      0.07s best:51612 next:[38628,51611] ls_restart_compound(batch:1 lin{mvs:0 evals:104} gen{mvs:16 evals:376} comp{mvs:4 btracks:6} #w_updates:0 #perturb:0)
#14      0.07s best:51448 next:[38628,51447] ls_restart_decay_compound_perturb(batch:1 lin{mvs:0 evals:40} gen{mvs:3 evals:146} comp{mvs:3 btracks:0} #w_updates:0 #perturb:0)
#15      0.07s best:51447 next:[38628,51446] ls_lin_restart_compound(batch:1 lin{mvs:0 evals:918} gen{mvs:92 evals:3'438} comp{mvs:10 btracks:41} #w_updates:0 #perturb:0) [combined with: ls_restart_decay_com...]
#16      0.08s best:51280 next:[38628,51279] ls_restart_compound_perturb(batch:1 lin{mvs:0 evals:112} gen{mvs:9 evals:426} comp{mvs:3 btracks:3} #w_updates:0 #perturb:0)
#17      0.08s best:51279 next:[38628,51278] ls_restart_decay_compound_perturb(batch:1 lin{mvs:0 evals:146} gen{mvs:24 evals:566} comp{mvs:4 btracks:10} #w_updates:0 #perturb:0)
#18      0.09s best:51199 next:[38628,51198] ls_restart_compound_perturb(batch:1 lin{mvs:0 evals:161} gen{mvs:16 evals:595} comp{mvs:4 btracks:6} #w_updates:0 #perturb:0)
#19      0.09s best:51122 next:[38628,51121] ls_restart_compound_perturb(batch:1 lin{mvs:0 evals:39} gen{mvs:3 evals:147} comp{mvs:3 btracks:0} #w_updates:0 #perturb:0)
#20      0.09s best:51121 next:[38628,51120] ls_restart_decay_compound_perturb(batch:1 lin{mvs:0 evals:692} gen{mvs:68 evals:2'511} comp{mvs:10 btracks:29} #w_updates:1 #perturb:0) [combined with: ls_restart_compound_...]
#21      0.10s best:51120 next:[38628,51119] ls_restart_compound(batch:1 lin{mvs:0 evals:1'304} gen{mvs:156 evals:5'006} comp{mvs:12 btracks:72} #w_updates:1 #perturb:0) [combined with: ls_restart_decay_com...]
#22      0.10s best:50207 next:[38628,50206] rnd_var_lns (d=7.07e-01 s=142 t=0.10 p=1.00 stall=0 h=base)
#23      0.10s best:50206 next:[38628,50205] rnd_var_lns (d=7.07e-01 s=142 t=0.10 p=1.00 stall=0 h=base) [combined with: ls_restart_compound(...]
#24      0.10s best:50205 next:[38628,50204] ls_lin_restart_compound(batch:1 lin{mvs:0 evals:2'883} gen{mvs:360 evals:11'241} comp{mvs:30 btracks:165} #w_updates:2 #perturb:0) [combined with: rnd_var_lns (d=7.07e...]
#25      0.11s best:49860 next:[38628,49859] quick_restart_no_lp
#26      0.11s best:49807 next:[38628,49806] ls_restart_decay_compound_perturb(batch:1 lin{mvs:0 evals:30} gen{mvs:3 evals:167} comp{mvs:3 btracks:0} #w_updates:0 #perturb:0)
#Bound   0.12s best:49807 next:[38630,49806] max_lp
#27      0.12s best:49325 next:[38630,49324] graph_arc_lns (d=5.00e-01 s=99 t=0.10 p=0.00 stall=0 h=base) [combined with: ls_restart_decay_com...]
#28      0.12s best:49263 next:[38630,49262] ls_restart_decay_compound(batch:1 lin{mvs:0 evals:45} gen{mvs:4 evals:268} comp{mvs:4 btracks:0} #w_updates:0 #perturb:0)
#Bound   0.12s best:49263 next:[38675,49262] max_lp
#Bound   0.13s best:49263 next:[38726,49262] max_lp
#29      0.15s best:49261 next:[38726,49260] ls_restart_compound(batch:1 lin{mvs:0 evals:90} gen{mvs:34 evals:648} comp{mvs:4 btracks:15} #w_updates:0 #perturb:0)
#30      0.15s best:49251 next:[38726,49250] ls_restart_decay_compound_perturb(batch:1 lin{mvs:0 evals:66} gen{mvs:9 evals:416} comp{mvs:3 btracks:3} #w_updates:0 #perturb:0)
#Bound   0.15s best:49251 next:[38728,49250] max_lp
#31      0.16s best:49250 next:[38728,49249] quick_restart_no_lp
#32      0.26s best:49245 next:[38728,49244] quick_restart_no_lp
#33      0.27s best:49200 next:[38728,49199] quick_restart_no_lp
#34      0.28s best:49199 next:[38728,49198] quick_restart_no_lp
#35      0.28s best:49156 next:[38728,49155] ls_restart_decay_compound_perturb(batch:1 lin{mvs:0 evals:269} gen{mvs:44 evals:1'749} comp{mvs:10 btracks:17} #w_updates:0 #perturb:0)
#36      0.29s best:49152 next:[38728,49151] ls_restart_decay_compound(batch:1 lin{mvs:0 evals:121} gen{mvs:20 evals:752} comp{mvs:8 btracks:6} #w_updates:0 #perturb:0)
#37      0.32s best:49092 next:[38728,49091] quick_restart
#38      0.32s best:49090 next:[38728,49089] ls_compound_perturb(batch:8 lin{mvs:227 evals:18'634} gen{mvs:2'832 evals:69'054} comp{mvs:40 btracks:110} #w_updates:80 #perturb:7) [combined with: quick_restart...]
#39      0.34s best:49088 next:[38728,49087] ls_restart_decay_compound_perturb(batch:1 lin{mvs:0 evals:430} gen{mvs:76 evals:2'688} comp{mvs:8 btracks:34} #w_updates:0 #perturb:0)
#40      0.35s best:49084 next:[38728,49083] ls_lin_restart_compound(batch:1 lin{mvs:0 evals:149} gen{mvs:22 evals:890} comp{mvs:8 btracks:7} #w_updates:0 #perturb:0)
#41      0.39s best:49080 next:[38728,49079] ls_restart_compound_perturb(batch:1 lin{mvs:0 evals:138} gen{mvs:24 evals:906} comp{mvs:6 btracks:9} #w_updates:0 #perturb:0)
#42      0.39s best:49078 next:[38728,49077] ls_restart_compound_perturb(batch:1 lin{mvs:0 evals:1'815} gen{mvs:352 evals:11'547} comp{mvs:18 btracks:167} #w_updates:4 #perturb:0) [combined with: ls_restart_compound_...]
#43      0.40s best:49076 next:[38728,49075] ls_restart_decay_compound_perturb(batch:1 lin{mvs:0 evals:317} gen{mvs:48 evals:1'992} comp{mvs:10 btracks:19} #w_updates:0 #perturb:0)
#44      0.40s best:49074 next:[38728,49073] ls_restart_decay_compound_perturb(batch:1 lin{mvs:0 evals:317} gen{mvs:48 evals:1'992} comp{mvs:10 btracks:19} #w_updates:0 #perturb:0) [combined with: ls_restart_compound_...]
#45      0.41s best:49072 next:[38728,49071] ls_restart_compound_perturb(batch:1 lin{mvs:0 evals:11} gen{mvs:2 evals:80} comp{mvs:2 btracks:0} #w_updates:0 #perturb:0)
#Bound   0.41s best:49072 next:[38729,49071] objective_lb_search_max_lp
#46      0.43s best:49064 next:[38729,49063] quick_restart
#47      0.43s best:49052 next:[38729,49051] ls_restart_compound_perturb(batch:1 lin{mvs:0 evals:60} gen{mvs:9 evals:375} comp{mvs:3 btracks:3} #w_updates:0 #perturb:0)
#48      0.44s best:48948 next:[38729,48947] reduced_costs
#49      0.44s best:48915 next:[38729,48914] ls_restart_decay_compound(batch:1 lin{mvs:0 evals:43} gen{mvs:10 evals:440} comp{mvs:10 btracks:0} #w_updates:0 #perturb:0)
#50      0.45s best:48912 next:[38729,48911] ls_restart_decay_compound(batch:1 lin{mvs:0 evals:87} gen{mvs:17 evals:837} comp{mvs:7 btracks:5} #w_updates:0 #perturb:0)
#51      0.46s best:48908 next:[38729,48907] quick_restart_no_lp
#52      0.46s best:48906 next:[38729,48905] ls_restart_compound_perturb(batch:1 lin{mvs:0 evals:361} gen{mvs:112 evals:3'732} comp{mvs:24 btracks:44} #w_updates:0 #perturb:0)
#53      0.46s best:48899 next:[38729,48898] ls_restart_compound_perturb(batch:1 lin{mvs:0 evals:361} gen{mvs:112 evals:3'732} comp{mvs:24 btracks:44} #w_updates:0 #perturb:0) [combined with: quick_restart_no_lp...]
#54      0.46s best:48891 next:[38729,48890] ls_lin_restart_decay_compound(batch:1 lin{mvs:0 evals:698} gen{mvs:172 evals:7'056} comp{mvs:40 btracks:66} #w_updates:0 #perturb:0)
#55      0.46s best:48878 next:[38729,48877] ls_lin_restart_decay_compound(batch:1 lin{mvs:0 evals:698} gen{mvs:172 evals:7'056} comp{mvs:40 btracks:66} #w_updates:0 #perturb:0) [combined with: ls_restart_compound_...]
#56      0.47s best:48738 next:[38729,48737] quick_restart_no_lp
#57      0.47s best:48736 next:[38729,48735] quick_restart_no_lp
#58      0.48s best:48586 next:[38729,48585] ls_lin_restart_decay_compound_perturb(batch:1 lin{mvs:0 evals:91} gen{mvs:38 evals:1'005} comp{mvs:8 btracks:15} #w_updates:0 #perturb:0)
#59      0.48s best:48584 next:[38729,48583] ls_restart_compound_perturb(batch:1 lin{mvs:0 evals:86} gen{mvs:20 evals:810} comp{mvs:6 btracks:7} #w_updates:0 #perturb:0)
#60      0.48s best:48582 next:[38729,48581] ls_restart_decay_compound_perturb(batch:1 lin{mvs:0 evals:28} gen{mvs:10 evals:282} comp{mvs:2 btracks:4} #w_updates:0 #perturb:0)
#61      0.49s best:48579 next:[38729,48578] quick_restart
#62      0.50s best:48563 next:[38729,48562] graph_var_lns (d=1.24e-01 s=702 t=0.10 p=0.00 stall=0 h=base)
#63      0.50s best:48559 next:[38729,48558] ls_restart_decay_compound(batch:1 lin{mvs:0 evals:61} gen{mvs:18 evals:595} comp{mvs:6 btracks:6} #w_updates:0 #perturb:0)
#64      0.50s best:48557 next:[38729,48556] ls_restart_compound_perturb(batch:1 lin{mvs:0 evals:526} gen{mvs:124 evals:5'104} comp{mvs:8 btracks:58} #w_updates:1 #perturb:0) [combined with: ls_restart_decay_com...]
#65      0.50s best:48439 next:[38729,48438] graph_var_lns (d=1.79e-01 s=704 t=0.10 p=0.25 stall=0 h=base)
#66      0.50s best:48437 next:[38729,48436] graph_var_lns (d=1.79e-01 s=704 t=0.10 p=0.25 stall=0 h=base) [combined with: ls_restart_compound_...]
#67      0.51s best:48317 next:[38729,48316] graph_var_lns (d=2.52e-01 s=718 t=0.10 p=0.40 stall=0 h=base)
#68      0.52s best:48314 next:[38729,48313] ls_lin_restart_compound_perturb(batch:1 lin{mvs:0 evals:16} gen{mvs:3 evals:146} comp{mvs:3 btracks:0} #w_updates:0 #perturb:0)
#69      0.52s best:48144 next:[38729,48143] graph_var_lns (d=2.48e-01 s=732 t=0.10 p=0.43 stall=0 h=base)
#70      0.52s best:48141 next:[38729,48140] graph_var_lns (d=2.48e-01 s=732 t=0.10 p=0.43 stall=0 h=base) [combined with: ls_lin_restart_compo...]
#71      0.52s best:48139 next:[38729,48138] ls_restart_decay_compound(batch:1 lin{mvs:0 evals:28} gen{mvs:10 evals:306} comp{mvs:2 btracks:4} #w_updates:0 #perturb:0)
#72      0.53s best:48137 next:[38729,48136] ls_restart_compound_perturb(batch:1 lin{mvs:0 evals:55} gen{mvs:12 evals:562} comp{mvs:6 btracks:3} #w_updates:0 #perturb:0)
#73      0.53s best:47989 next:[38729,47988] graph_var_lns (d=1.83e-01 s=725 t=0.10 p=0.33 stall=0 h=base)
#74      0.53s best:47689 next:[38729,47688] graph_var_lns (d=1.83e-01 s=725 t=0.10 p=0.33 stall=0 h=base) [combined with: ls_restart_compound_...]
#75      0.53s best:47686 next:[38729,47685] ls_restart_compound_perturb(batch:1 lin{mvs:0 evals:16} gen{mvs:3 evals:145} comp{mvs:3 btracks:0} #w_updates:0 #perturb:0)
#76      0.56s best:47666 next:[38729,47665] quick_restart_no_lp
#77      0.57s best:47341 next:[38729,47340] graph_var_lns (d=3.30e-01 s=738 t=0.10 p=0.50 stall=0 h=base)
#78      0.57s best:47275 next:[38729,47274] ls_restart_compound_perturb(batch:1 lin{mvs:0 evals:19} gen{mvs:3 evals:179} comp{mvs:3 btracks:0} #w_updates:0 #perturb:0)
#79      0.58s best:47257 next:[38729,47256] graph_cst_lns (d=2.48e-01 s=805 t=0.10 p=0.25 stall=0 h=base)
#80      0.58s best:47255 next:[38729,47254] ls_lin_restart_decay_compound(batch:1 lin{mvs:0 evals:331} gen{mvs:101 evals:3'308} comp{mvs:19 btracks:41} #w_updates:0 #perturb:0) [combined with: graph_cst_lns (d=2.4...]
#81      0.58s best:47224 next:[38729,47223] ls_lin_restart_decay_compound_perturb(batch:1 lin{mvs:0 evals:19} gen{mvs:4 evals:216} comp{mvs:4 btracks:0} #w_updates:0 #perturb:0)
#82      0.58s best:47222 next:[38729,47221] ls_lin_restart_decay_compound_perturb(batch:1 lin{mvs:0 evals:19} gen{mvs:4 evals:216} comp{mvs:4 btracks:0} #w_updates:0 #perturb:0) [combined with: ls_lin_restart_decay...]
#83      0.58s best:47218 next:[38729,47217] ls_lin_restart_decay_compound_perturb(batch:1 lin{mvs:0 evals:27} gen{mvs:6 evals:266} comp{mvs:6 btracks:0} #w_updates:0 #perturb:0)
#84      0.58s best:47214 next:[38729,47213] ls_restart_compound_perturb(batch:1 lin{mvs:0 evals:1'234} gen{mvs:273 evals:12'030} comp{mvs:25 btracks:124} #w_updates:2 #perturb:0) [combined with: ls_lin_restart_decay...]
#85      0.58s best:47203 next:[38729,47202] graph_cst_lns (d=3.49e-01 s=815 t=0.10 p=0.40 stall=0 h=base)
#86      0.58s best:47193 next:[38729,47192] graph_cst_lns (d=3.49e-01 s=815 t=0.10 p=0.40 stall=0 h=base) [combined with: ls_restart_compound_...]
#87      0.60s best:47187 next:[38729,47186] quick_restart_no_lp
#88      0.60s best:47138 next:[38729,47137] rnd_var_lns (d=5.97e-01 s=807 t=0.10 p=0.50 stall=0 h=base)
#89      0.60s best:47053 next:[38729,47052] rnd_var_lns (d=5.97e-01 s=807 t=0.10 p=0.50 stall=0 h=base) [combined with: quick_restart_no_lp...]
#90      0.61s best:47011 next:[38729,47010] ls_restart_compound(batch:1 lin{mvs:0 evals:13} gen{mvs:3 evals:152} comp{mvs:3 btracks:0} #w_updates:0 #perturb:0)
#91      0.61s best:47008 next:[38729,47007] ls_lin_restart_decay_compound(batch:1 lin{mvs:0 evals:199} gen{mvs:55 evals:1'925} comp{mvs:9 btracks:23} #w_updates:0 #perturb:0) [combined with: ls_restart_compound(...]
#92      0.61s best:47006 next:[38729,47005] graph_arc_lns (d=2.48e-01 s=865 t=0.10 p=0.25 stall=0 h=base) [combined with: ls_lin_restart_decay...]
#Bound   0.62s best:47006 next:[38731,47005] objective_lb_search_max_lp
#93      0.62s best:47004 next:[38731,47003] ls_lin_restart_decay_compound_perturb(batch:1 lin{mvs:0 evals:7} gen{mvs:2 evals:82} comp{mvs:2 btracks:0} #w_updates:0 #perturb:0)
#94      0.62s best:46995 next:[38731,46994] rnd_var_lns (d=5.88e-01 s=852 t=0.10 p=0.50 stall=0 h=base)
#95      0.62s best:46950 next:[38731,46949] rnd_var_lns (d=5.88e-01 s=852 t=0.10 p=0.50 stall=0 h=base) [combined with: ls_lin_restart_decay...]
#96      0.62s best:46946 next:[38731,46945] ls_restart_decay_compound_perturb(batch:1 lin{mvs:0 evals:531} gen{mvs:113 evals:5'106} comp{mvs:19 btracks:47} #w_updates:1 #perturb:0) [combined with: rnd_var_lns (d=5.88e...]
#97      0.63s best:46943 next:[38731,46942] ls_restart_compound(batch:1 lin{mvs:0 evals:16} gen{mvs:3 evals:143} comp{mvs:3 btracks:0} #w_updates:0 #perturb:0)
#98      0.63s best:46874 next:[38731,46873] rnd_cst_lns (d=3.59e-01 s=899 t=0.10 p=0.33 stall=0 h=base)
#99      0.63s best:46871 next:[38731,46870] rnd_cst_lns (d=3.59e-01 s=899 t=0.10 p=0.33 stall=0 h=base) [combined with: ls_restart_compound(...]
#100     0.64s best:46763 next:[38731,46762] ls_lin_restart_decay_compound(batch:1 lin{mvs:0 evals:43} gen{mvs:15 evals:411} comp{mvs:3 btracks:6} #w_updates:0 #perturb:0)
#101     0.64s best:46739 next:[38731,46738] graph_cst_lns (d=4.74e-01 s=896 t=0.10 p=0.50 stall=2 h=base) [combined with: ls_lin_restart_decay...]
#Bound   0.64s best:46739 next:[38830,46738] objective_lb_search_max_lp
#102     0.64s best:46717 next:[38830,46716] rnd_cst_lns (d=5.19e-01 s=915 t=0.10 p=0.50 stall=0 h=base) [combined with: graph_cst_lns (d=4.7...]
#103     0.65s best:46706 next:[38830,46705] ls_restart_decay_compound(batch:1 lin{mvs:0 evals:29} gen{mvs:5 evals:245} comp{mvs:5 btracks:0} #w_updates:0 #perturb:0)
#Bound   0.66s best:46706 next:[38831,46705] objective_lb_search_max_lp
#104     0.67s best:46688 next:[38831,46687] rnd_cst_lns (d=3.91e-01 s=965 t=0.10 p=0.43 stall=0 h=base)
#105     0.69s best:46681 next:[38831,46680] ls_lin_restart_compound(batch:1 lin{mvs:0 evals:674} gen{mvs:149 evals:6'479} comp{mvs:29 btracks:60} #w_updates:1 #perturb:0)
#Bound   0.69s best:46681 next:[38851,46680] objective_lb_search_max_lp
#106     0.71s best:46674 next:[38851,46673] ls_lin_restart_compound(batch:1 lin{mvs:0 evals:966} gen{mvs:227 evals:9'365} comp{mvs:31 btracks:98} #w_updates:1 #perturb:0)
#107     0.72s best:46670 next:[38851,46669] ls_restart_decay_compound(batch:1 lin{mvs:0 evals:14} gen{mvs:4 evals:152} comp{mvs:4 btracks:0} #w_updates:0 #perturb:0)
#108     0.72s best:46404 next:[38851,46403] graph_arc_lns (d=3.55e-01 s=999 t=0.10 p=0.43 stall=0 h=base)
#109     0.72s best:46386 next:[38851,46385] graph_arc_lns (d=3.55e-01 s=999 t=0.10 p=0.43 stall=0 h=base) [combined with: ls_restart_decay_com...]
#110     0.73s best:46383 next:[38851,46382] ls_restart_compound(batch:1 lin{mvs:0 evals:16} gen{mvs:3 evals:144} comp{mvs:3 btracks:0} #w_updates:0 #perturb:0)
#111     0.73s best:46381 next:[38851,46380] ls_restart_decay_compound(batch:1 lin{mvs:0 evals:396} gen{mvs:98 evals:3'889} comp{mvs:8 btracks:45} #w_updates:0 #perturb:0) [combined with: ls_restart_compound(...]
#112     0.74s best:46376 next:[38851,46375] ls_restart_compound_perturb(batch:1 lin{mvs:0 evals:50} gen{mvs:11 evals:498} comp{mvs:7 btracks:2} #w_updates:0 #perturb:0)
#113     0.74s best:46362 next:[38851,46361] quick_restart_no_lp
#114     0.74s best:46361 next:[38851,46360] ls_lin_restart_decay_compound(batch:1 lin{mvs:0 evals:56} gen{mvs:15 evals:535} comp{mvs:3 btracks:6} #w_updates:0 #perturb:0)
#115     0.75s best:46351 next:[38851,46350] quick_restart_no_lp
#116     0.76s best:46323 next:[38851,46322] quick_restart_no_lp
#117     0.76s best:46316 next:[38851,46315] ls_restart_decay_compound(batch:1 lin{mvs:0 evals:40} gen{mvs:13 evals:425} comp{mvs:7 btracks:3} #w_updates:0 #perturb:0) [combined with: quick_restart_no_lp...]
#118     0.78s best:46314 next:[38851,46313] ls_restart_decay_compound(batch:1 lin{mvs:0 evals:336} gen{mvs:80 evals:3'218} comp{mvs:6 btracks:37} #w_updates:0 #perturb:0)
#119     0.80s best:46170 next:[38851,46169] graph_var_lns (d=4.40e-01 s=1177 t=0.10 p=0.55 stall=0 h=base)
#120     0.80s best:46137 next:[38851,46136] graph_var_lns (d=4.40e-01 s=1177 t=0.10 p=0.55 stall=0 h=base) [combined with: ls_restart_decay_com...]
#121     0.80s best:45659 next:[38851,45658] scheduling_time_window_lns (d=1.24e-01 s=1034 t=0.10 p=0.00 stall=0 h=base)
#122     0.80s best:45363 next:[38851,45362] scheduling_time_window_lns (d=1.24e-01 s=1034 t=0.10 p=0.00 stall=0 h=base) [combined with: graph_var_lns (d=4.4...]
#123     0.81s best:45341 next:[38851,45340] quick_restart_no_lp
#124     0.82s best:45177 next:[38851,45176] quick_restart_no_lp
#Bound   0.83s best:45177 next:[38868,45176] objective_lb_search_max_lp
#Bound   0.84s best:45177 next:[38870,45176] objective_lb_search_max_lp
#125     0.85s best:45007 next:[38870,45006] graph_var_lns (d=4.40e-01 s=1204 t=0.10 p=0.55 stall=0 h=base) [combined with: quick_restart_no_lp...]
#126     0.86s best:44967 next:[38870,44966] quick_restart_no_lp
#127     0.88s best:44927 next:[38870,44926] quick_restart_no_lp
#Bound   0.95s best:44927 next:[38895,44926] objective_lb_search_max_lp
#Bound   0.97s best:44927 next:[38908,44926] objective_lb_search_max_lp [skipped_logs=2]
#128     1.05s best:44869 next:[38946,44868] quick_restart_no_lp
#129     1.05s best:44867 next:[38946,44866] ls_lin_restart_decay_compound(batch:1 lin{mvs:0 evals:36} gen{mvs:11 evals:404} comp{mvs:3 btracks:4} #w_updates:0 #perturb:0)
#130     1.11s best:44788 next:[38946,44787] quick_restart_no_lp
#131     1.21s best:44693 next:[38952,44692] rnd_cst_lns (d=6.87e-01 s=1434 t=0.10 p=0.57 stall=4 h=base)
#132     1.22s best:44667 next:[38952,44666] graph_cst_lns (d=6.04e-01 s=1302 t=0.10 p=0.55 stall=1 h=base)
#133     1.22s best:44493 next:[38952,44492] graph_cst_lns (d=6.04e-01 s=1302 t=0.10 p=0.55 stall=1 h=base) [combined with: rnd_cst_lns (d=6.87e...]
#134     1.22s best:44415 next:[38952,44414] graph_dec_lns (d=6.70e-01 s=1343 t=0.10 p=0.50 stall=2 h=base) [combined with: graph_cst_lns (d=6.0...]
#135     1.28s best:44413 next:[38952,44412] quick_restart_no_lp
#136     1.63s best:44346 next:[38957,44345] rnd_var_lns (d=6.67e-01 s=1494 t=0.10 p=0.54 stall=6 h=base) [combined with: graph_dec_lns (d=7.4...]
#Bound   1.93s best:44346 next:[38983,44345] objective_lb_search_max_lp [skipped_logs=6]
#137     2.15s best:44345 next:[38983,44344] graph_dec_lns (d=8.02e-01 s=1780 t=0.10 p=0.58 stall=2 h=base)
#138     2.15s best:44344 next:[38983,44343] ls_restart_compound(batch:1 lin{mvs:0 evals:146} gen{mvs:36 evals:1'120} comp{mvs:6 btracks:15} #w_updates:0 #perturb:0)
#139     2.15s best:44241 next:[38983,44240] ls_lin_restart_compound_perturb(batch:1 lin{mvs:0 evals:20} gen{mvs:4 evals:152} comp{mvs:4 btracks:0} #w_updates:0 #perturb:0)
#140     2.15s best:44240 next:[38983,44239] ls_lin_restart_compound_perturb(batch:1 lin{mvs:0 evals:20} gen{mvs:4 evals:152} comp{mvs:4 btracks:0} #w_updates:0 #perturb:0) [combined with: ls_restart_compound(...]
#141     2.15s best:44232 next:[38983,44231] ls_restart_decay_compound(batch:1 lin{mvs:0 evals:38} gen{mvs:4 evals:260} comp{mvs:4 btracks:0} #w_updates:0 #perturb:0)
#142     2.15s best:44051 next:[38983,44050] ls_restart_compound_perturb(batch:1 lin{mvs:0 evals:21} gen{mvs:3 evals:145} comp{mvs:3 btracks:0} #w_updates:0 #perturb:0)
#143     2.17s best:44047 next:[38983,44046] ls_lin_restart_compound_perturb(batch:1 lin{mvs:0 evals:19} gen{mvs:4 evals:148} comp{mvs:4 btracks:0} #w_updates:0 #perturb:0)
#144     2.18s best:44046 next:[38983,44045] ls_restart_decay_compound(batch:1 lin{mvs:0 evals:59} gen{mvs:10 evals:405} comp{mvs:4 btracks:3} #w_updates:0 #perturb:0)
#145     2.18s best:44026 next:[38983,44025] ls_restart_decay_compound(batch:1 lin{mvs:0 evals:165} gen{mvs:32 evals:1'145} comp{mvs:8 btracks:12} #w_updates:0 #perturb:0)
#146     2.19s best:44025 next:[38983,44024] ls_restart_decay_compound(batch:1 lin{mvs:0 evals:304} gen{mvs:58 evals:2'188} comp{mvs:18 btracks:20} #w_updates:0 #perturb:0)
#147     2.19s best:44023 next:[38983,44022] ls_restart_decay_compound_perturb(batch:1 lin{mvs:0 evals:1'734} gen{mvs:276 evals:11'773} comp{mvs:18 btracks:129} #w_updates:1 #perturb:0) [combined with: ls_restart_decay_com...]
#148     2.20s best:44022 next:[38983,44021] ls_restart_compound_perturb(batch:1 lin{mvs:0 evals:1'097} gen{mvs:180 evals:7'478} comp{mvs:24 btracks:78} #w_updates:1 #perturb:0) [combined with: ls_restart_decay_com...]
#149     2.20s best:44016 next:[38983,44015] ls_restart_compound_perturb(batch:1 lin{mvs:0 evals:161} gen{mvs:28 evals:1'206} comp{mvs:12 btracks:8} #w_updates:1 #perturb:0)
#150     2.20s best:44013 next:[38983,44012] ls_restart_compound_perturb(batch:1 lin{mvs:0 evals:161} gen{mvs:28 evals:1'206} comp{mvs:12 btracks:8} #w_updates:1 #perturb:0) [combined with: ls_restart_compound_...]
#151     2.22s best:44012 next:[38983,44011] ls_restart_compound(batch:1 lin{mvs:0 evals:129} gen{mvs:28 evals:937} comp{mvs:6 btracks:11} #w_updates:0 #perturb:0)
#152     2.23s best:44011 next:[38983,44010] ls_restart_compound_perturb(batch:1 lin{mvs:0 evals:342} gen{mvs:68 evals:2'507} comp{mvs:4 btracks:32} #w_updates:0 #perturb:0)
#153     2.23s best:44010 next:[38983,44009] ls_restart_compound_perturb(batch:1 lin{mvs:0 evals:342} gen{mvs:68 evals:2'507} comp{mvs:4 btracks:32} #w_updates:0 #perturb:0) [combined with: ls_restart_compound(...]
#154     2.23s best:44008 next:[38983,44007] ls_restart_decay_compound_perturb(batch:1 lin{mvs:0 evals:122} gen{mvs:26 evals:978} comp{mvs:6 btracks:10} #w_updates:0 #perturb:0)
#155     2.24s best:44006 next:[38983,44005] ls_restart_compound_perturb(batch:1 lin{mvs:0 evals:10} gen{mvs:2 evals:78} comp{mvs:2 btracks:0} #w_updates:0 #perturb:0)
#156     2.29s best:44005 next:[38983,44004] ls_lin_restart_decay_compound_perturb(batch:1 lin{mvs:0 evals:41} gen{mvs:8 evals:329} comp{mvs:4 btracks:2} #w_updates:0 #perturb:0)
#157     2.29s best:44002 next:[38983,44001] ls_restart_decay_compound_perturb(batch:1 lin{mvs:0 evals:920} gen{mvs:187 evals:7'191} comp{mvs:13 btracks:87} #w_updates:1 #perturb:0)
#158     2.32s best:44001 next:[38987,44000] ls_lin_restart_decay_compound_perturb(batch:1 lin{mvs:0 evals:1'096} gen{mvs:240 evals:8'547} comp{mvs:18 btracks:111} #w_updates:1 #perturb:0)
#159     2.40s best:43943 next:[38988,43942] scheduling_intervals_lns (d=3.26e-02 s=2240 t=0.10 p=0.00 stall=1 h=base)
#160     2.44s best:43929 next:[38988,43928] rnd_cst_lns (d=4.27e-01 s=2369 t=0.10 p=0.48 stall=11 h=stalling)
#161     2.83s best:43912 next:[39031,43911] rnd_cst_lns (d=8.34e-01 s=2460 t=0.10 p=0.59 stall=7 h=base)
#162     2.93s best:43683 next:[39031,43682] rnd_cst_lns (d=7.75e-01 s=2424 t=0.10 p=0.57 stall=5 h=base)
#163     2.96s best:43534 next:[39031,43533] rnd_var_lns (d=7.10e-01 s=2793 t=0.10 p=0.51 stall=5 h=base)
#164     2.98s best:43479 next:[39031,43478] rnd_cst_lns (d=7.77e-01 s=2657 t=0.10 p=0.56 stall=9 h=base)
#Bound   2.76s best:43929 next:[39031,43928] objective_lb_search_max_lp [skipped_logs=4]
#165     3.72s best:43471 next:[39043,43470] scheduling_intervals_lns (d=4.26e-02 s=3276 t=0.10 p=0.25 stall=4 h=base)
#Bound   3.85s best:43471 next:[39044,43470] objective_lb_search_max_lp [skipped_logs=1]
#166     4.01s best:43463 next:[39044,43462] scheduling_intervals_lns (d=3.33e-02 s=3238 t=0.10 p=0.18 stall=3 h=base) [combined with: graph_arc_lns (d=2.7...]
#167     4.26s best:43459 next:[39044,43458] graph_cst_lns (d=6.90e-01 s=3851 t=0.10 p=0.55 stall=25 h=stalling)
#168     4.27s best:43457 next:[39044,43456] ls_restart_decay_compound(batch:1 lin{mvs:0 evals:62} gen{mvs:17 evals:537} comp{mvs:3 btracks:7} #w_updates:0 #perturb:0)
#Bound   4.56s best:43457 next:[39100,43456] objective_lb_search_max_lp [skipped_logs=1]
#169     5.10s best:43293 next:[39100,43292] scheduling_precedences_lns (d=5.95e-02 s=4183 t=0.10 p=0.27 stall=3 h=base)
#170     5.12s best:43292 next:[39100,43291] ls_restart_decay_compound_perturb(batch:1 lin{mvs:0 evals:613} gen{mvs:141 evals:4'726} comp{mvs:15 btracks:63} #w_updates:1 #perturb:0)
#171     5.12s best:43276 next:[39100,43275] ls_lin_restart_compound_perturb(batch:1 lin{mvs:0 evals:21} gen{mvs:2 evals:133} comp{mvs:2 btracks:0} #w_updates:0 #perturb:0)
#172     5.14s best:43275 next:[39100,43274] ls_lin_restart_decay_compound_perturb(batch:1 lin{mvs:0 evals:127} gen{mvs:28 evals:1'009} comp{mvs:4 btracks:12} #w_updates:0 #perturb:0)
#173     5.14s best:43274 next:[39100,43273] ls_lin_restart_decay_compound_perturb(batch:1 lin{mvs:0 evals:52} gen{mvs:7 evals:414} comp{mvs:7 btracks:0} #w_updates:0 #perturb:0)
#174     5.15s best:43270 next:[39100,43269] ls_lin_restart_decay_compound_perturb(batch:1 lin{mvs:0 evals:26} gen{mvs:4 evals:206} comp{mvs:4 btracks:0} #w_updates:0 #perturb:0)
#Bound   5.95s best:43270 next:[39126,43269] objective_lb_search_max_lp [skipped_logs=1]
#175     6.71s best:43250 next:[39183,43249] graph_var_lns (d=1.76e-01 s=5294 t=0.10 p=0.49 stall=24 h=base)
#176     6.72s best:43247 next:[39183,43246] graph_var_lns (d=2.20e-01 s=5296 t=0.10 p=0.49 stall=24 h=base)
#177     6.72s best:43227 next:[39183,43226] graph_var_lns (d=2.20e-01 s=5296 t=0.10 p=0.49 stall=24 h=base) [combined with: graph_var_lns (d=2.4...]
#Bound   6.59s best:43270 next:[39183,43269] objective_lb_search_max_lp [skipped_logs=3]
#178     7.89s best:43207 next:[39234,43206] rnd_cst_lns (d=5.62e-02 s=6864 t=0.10 p=0.42 stall=43 h=base)
#Bound   7.42s best:43227 next:[39234,43226] objective_lb_search_max_lp [skipped_logs=0]
#179     8.81s best:43127 next:[39243,43126] graph_var_lns (d=1.86e-01 s=8034 t=0.10 p=0.48 stall=47 h=base)
#Bound   8.32s best:43207 next:[39243,43206] objective_lb_search_max_lp [skipped_logs=0]
#180     9.96s best:43097 next:[39248,43096] scheduling_time_window_lns (d=8.13e-02 s=8808 t=0.10 p=0.47 stall=54 h=base)
#Bound   9.90s best:43127 next:[39248,43126] objective_lb_search_max_lp [skipped_logs=1]
#Bound  11.07s best:43097 next:[39251,43096] objective_lb_search_max_lp
#Bound  11.39s best:43097 next:[39252,43096] objective_lb_search_max_lp [skipped_logs=0]
#Bound  13.79s best:43097 next:[39257,43096] objective_lb_search_max_lp
#Bound  15.59s best:43097 next:[39261,43096] objective_lb_search_max_lp
#Bound  15.88s best:43097 next:[39262,43096] objective_lb_search_max_lp
#Bound  16.13s best:43097 next:[39272,43096] objective_lb_search_max_lp
#Bound  16.87s best:43097 next:[39306,43096] objective_lb_search_max_lp [skipped_logs=0]
#Bound  20.35s best:43097 next:[39307,43096] objective_lb_search_max_lp
#Bound  21.82s best:43097 next:[39316,43096] objective_lb_search_max_lp
#Bound  22.92s best:43097 next:[39327,43096] objective_lb_search_max_lp
#Bound  23.28s best:43097 next:[39330,43096] objective_lb_search_max_lp
#181    23.91s best:43096 next:[39330,43095] rins_lp_lns (d=4.40e-01 s=25981 t=0.10 p=0.50 stall=1 h=base)
#182    24.46s best:43073 next:[39330,43072] graph_dec_lns (d=7.25e-01 s=26450 t=0.11 p=0.52 stall=370 h=base)
#Bound  24.77s best:43073 next:[39362,43072] objective_lb_search_max_lp
#183    24.87s best:43064 next:[39362,43063] graph_dec_lns (d=8.21e-01 s=26874 t=0.11 p=0.53 stall=379 h=base) [combined with: graph_dec_lns (d=7.2...]
#Bound  25.28s best:43064 next:[39366,43063] objective_lb_search_max_lp
#Bound  26.02s best:43064 next:[39369,43063] objective_lb_search_max_lp
#Bound  27.22s best:43064 next:[39370,43063] objective_lb_search_max_lp
#Bound  28.53s best:43064 next:[39375,43063] objective_lb_search_max_lp
#Bound  31.19s best:43064 next:[39377,43063] objective_lb_search_max_lp
#Bound  36.35s best:43064 next:[39382,43063] objective_lb_search_max_lp
#Bound  39.61s best:43064 next:[39384,43063] objective_lb_search_max_lp
#Bound  41.06s best:43064 next:[39389,43063] objective_lb_search_max_lp
#Bound  41.76s best:43064 next:[39390,43063] objective_lb_search_max_lp
#Bound  41.94s best:43064 next:[39397,43063] objective_lb_search_max_lp
#Bound  43.68s best:43064 next:[39398,43063] objective_lb_search_max_lp
#Bound  44.12s best:43064 next:[39399,43063] objective_lb_search_max_lp
#Bound  44.61s best:43064 next:[39402,43063] objective_lb_search_max_lp
#Bound  47.30s best:43064 next:[39404,43063] objective_lb_search_max_lp
#Bound  48.26s best:43064 next:[39405,43063] objective_lb_search_max_lp
#Bound  48.69s best:43064 next:[39407,43063] objective_lb_search_max_lp
#Bound  48.97s best:43064 next:[39412,43063] objective_lb_search_max_lp
#Bound  49.77s best:43064 next:[39414,43063] objective_lb_search_max_lp
#Bound  51.43s best:43064 next:[39417,43063] objective_lb_search_max_lp
#Bound  53.15s best:43064 next:[39418,43063] objective_lb_search_max_lp
#Bound  55.20s best:43064 next:[39419,43063] objective_lb_search_max_lp
#Bound  57.11s best:43064 next:[39420,43063] objective_lb_search_max_lp
#Bound  58.58s best:43064 next:[39422,43063] objective_lb_search_max_lp
#Bound  58.97s best:43064 next:[39426,43063] objective_lb_search_max_lp
#Bound  62.37s best:43064 next:[39447,43063] objective_lb_search_max_lp
#Bound  64.92s best:43064 next:[39448,43063] objective_lb_search_max_lp
#Bound  71.54s best:43064 next:[39456,43063] objective_lb_search_max_lp
#Bound  74.37s best:43064 next:[39457,43063] objective_lb_search_max_lp
#Bound  78.53s best:43064 next:[39458,43063] objective_lb_search_max_lp

Task timing                                  n [     min,      max]      avg      dev     time         n [     min,      max]      avg      dev    dtime
                             'core':         1 [   1.35m,    1.35m]    1.35m   0.00ns    1.35m         1 [   2.54m,    2.54m]    2.54m   0.00ns    2.54m
                       'default_lp':         1 [   1.31m,    1.31m]    1.31m   0.00ns    1.31m         0 [  0.00ns,   0.00ns]   0.00ns   0.00ns   0.00ns
                 'feasibility_pump':      3356 [ 97.57us,   1.58ms] 388.35us 163.32us    1.30s      3354 [ 43.43us,   1.21ms]  43.79us  20.10us 146.88ms
                            'fixed':         1 [   1.31m,    1.31m]    1.31m   0.00ns    1.31m         0 [  0.00ns,   0.00ns]   0.00ns   0.00ns   0.00ns
                               'fj':         0 [  0.00ns,   0.00ns]   0.00ns   0.00ns   0.00ns         0 [  0.00ns,   0.00ns]   0.00ns   0.00ns   0.00ns
                               'fj':         0 [  0.00ns,   0.00ns]   0.00ns   0.00ns   0.00ns         0 [  0.00ns,   0.00ns]   0.00ns   0.00ns   0.00ns
                               'fj':         0 [  0.00ns,   0.00ns]   0.00ns   0.00ns   0.00ns         0 [  0.00ns,   0.00ns]   0.00ns   0.00ns   0.00ns
                               'fj':         0 [  0.00ns,   0.00ns]   0.00ns   0.00ns   0.00ns         0 [  0.00ns,   0.00ns]   0.00ns   0.00ns   0.00ns
                               'fj':         0 [  0.00ns,   0.00ns]   0.00ns   0.00ns   0.00ns         0 [  0.00ns,   0.00ns]   0.00ns   0.00ns   0.00ns
                               'fj':         0 [  0.00ns,   0.00ns]   0.00ns   0.00ns   0.00ns         0 [  0.00ns,   0.00ns]   0.00ns   0.00ns   0.00ns
                               'fj':         0 [  0.00ns,   0.00ns]   0.00ns   0.00ns   0.00ns         0 [  0.00ns,   0.00ns]   0.00ns   0.00ns   0.00ns
                               'fj':         0 [  0.00ns,   0.00ns]   0.00ns   0.00ns   0.00ns         0 [  0.00ns,   0.00ns]   0.00ns   0.00ns   0.00ns
                               'fj':         0 [  0.00ns,   0.00ns]   0.00ns   0.00ns   0.00ns         0 [  0.00ns,   0.00ns]   0.00ns   0.00ns   0.00ns
                               'fj':         0 [  0.00ns,   0.00ns]   0.00ns   0.00ns   0.00ns         0 [  0.00ns,   0.00ns]   0.00ns   0.00ns   0.00ns
                               'fj':         0 [  0.00ns,   0.00ns]   0.00ns   0.00ns   0.00ns         0 [  0.00ns,   0.00ns]   0.00ns   0.00ns   0.00ns
                               'fj':         0 [  0.00ns,   0.00ns]   0.00ns   0.00ns   0.00ns         0 [  0.00ns,   0.00ns]   0.00ns   0.00ns   0.00ns
                               'fj':         0 [  0.00ns,   0.00ns]   0.00ns   0.00ns   0.00ns         0 [  0.00ns,   0.00ns]   0.00ns   0.00ns   0.00ns
                               'fj':         0 [  0.00ns,   0.00ns]   0.00ns   0.00ns   0.00ns         0 [  0.00ns,   0.00ns]   0.00ns   0.00ns   0.00ns
                               'fj':         0 [  0.00ns,   0.00ns]   0.00ns   0.00ns   0.00ns         0 [  0.00ns,   0.00ns]   0.00ns   0.00ns   0.00ns
                               'fj':         0 [  0.00ns,   0.00ns]   0.00ns   0.00ns   0.00ns         0 [  0.00ns,   0.00ns]   0.00ns   0.00ns   0.00ns
                               'fj':         0 [  0.00ns,   0.00ns]   0.00ns   0.00ns   0.00ns         0 [  0.00ns,   0.00ns]   0.00ns   0.00ns   0.00ns
                               'fj':         0 [  0.00ns,   0.00ns]   0.00ns   0.00ns   0.00ns         0 [  0.00ns,   0.00ns]   0.00ns   0.00ns   0.00ns
                               'fj':         0 [  0.00ns,   0.00ns]   0.00ns   0.00ns   0.00ns         0 [  0.00ns,   0.00ns]   0.00ns   0.00ns   0.00ns
                               'fj':         0 [  0.00ns,   0.00ns]   0.00ns   0.00ns   0.00ns         0 [  0.00ns,   0.00ns]   0.00ns   0.00ns   0.00ns
                               'fj':         0 [  0.00ns,   0.00ns]   0.00ns   0.00ns   0.00ns         0 [  0.00ns,   0.00ns]   0.00ns   0.00ns   0.00ns
                               'fj':         0 [  0.00ns,   0.00ns]   0.00ns   0.00ns   0.00ns         0 [  0.00ns,   0.00ns]   0.00ns   0.00ns   0.00ns
                               'fj':         0 [  0.00ns,   0.00ns]   0.00ns   0.00ns   0.00ns         0 [  0.00ns,   0.00ns]   0.00ns   0.00ns   0.00ns
                               'fj':         0 [  0.00ns,   0.00ns]   0.00ns   0.00ns   0.00ns         0 [  0.00ns,   0.00ns]   0.00ns   0.00ns   0.00ns
                               'fj':         0 [  0.00ns,   0.00ns]   0.00ns   0.00ns   0.00ns         0 [  0.00ns,   0.00ns]   0.00ns   0.00ns   0.00ns
                           'fj_lin':         0 [  0.00ns,   0.00ns]   0.00ns   0.00ns   0.00ns         0 [  0.00ns,   0.00ns]   0.00ns   0.00ns   0.00ns
                           'fj_lin':         0 [  0.00ns,   0.00ns]   0.00ns   0.00ns   0.00ns         0 [  0.00ns,   0.00ns]   0.00ns   0.00ns   0.00ns
                           'fj_lin':         0 [  0.00ns,   0.00ns]   0.00ns   0.00ns   0.00ns         0 [  0.00ns,   0.00ns]   0.00ns   0.00ns   0.00ns
                           'fj_lin':         0 [  0.00ns,   0.00ns]   0.00ns   0.00ns   0.00ns         0 [  0.00ns,   0.00ns]   0.00ns   0.00ns   0.00ns
                           'fj_lin':         0 [  0.00ns,   0.00ns]   0.00ns   0.00ns   0.00ns         0 [  0.00ns,   0.00ns]   0.00ns   0.00ns   0.00ns
                           'fj_lin':         0 [  0.00ns,   0.00ns]   0.00ns   0.00ns   0.00ns         0 [  0.00ns,   0.00ns]   0.00ns   0.00ns   0.00ns
                           'fj_lin':         0 [  0.00ns,   0.00ns]   0.00ns   0.00ns   0.00ns         0 [  0.00ns,   0.00ns]   0.00ns   0.00ns   0.00ns
                           'fj_lin':         0 [  0.00ns,   0.00ns]   0.00ns   0.00ns   0.00ns         0 [  0.00ns,   0.00ns]   0.00ns   0.00ns   0.00ns
                           'fj_lin':         0 [  0.00ns,   0.00ns]   0.00ns   0.00ns   0.00ns         0 [  0.00ns,   0.00ns]   0.00ns   0.00ns   0.00ns
                           'fj_lin':         0 [  0.00ns,   0.00ns]   0.00ns   0.00ns   0.00ns         0 [  0.00ns,   0.00ns]   0.00ns   0.00ns   0.00ns
                           'fj_lin':         0 [  0.00ns,   0.00ns]   0.00ns   0.00ns   0.00ns         0 [  0.00ns,   0.00ns]   0.00ns   0.00ns   0.00ns
                           'fj_lin':         0 [  0.00ns,   0.00ns]   0.00ns   0.00ns   0.00ns         0 [  0.00ns,   0.00ns]   0.00ns   0.00ns   0.00ns
                        'fs_random':         0 [  0.00ns,   0.00ns]   0.00ns   0.00ns   0.00ns         0 [  0.00ns,   0.00ns]   0.00ns   0.00ns   0.00ns
                        'fs_random':         0 [  0.00ns,   0.00ns]   0.00ns   0.00ns   0.00ns         0 [  0.00ns,   0.00ns]   0.00ns   0.00ns   0.00ns
                        'fs_random':         0 [  0.00ns,   0.00ns]   0.00ns   0.00ns   0.00ns         0 [  0.00ns,   0.00ns]   0.00ns   0.00ns   0.00ns
                        'fs_random':         0 [  0.00ns,   0.00ns]   0.00ns   0.00ns   0.00ns         0 [  0.00ns,   0.00ns]   0.00ns   0.00ns   0.00ns
                        'fs_random':         0 [  0.00ns,   0.00ns]   0.00ns   0.00ns   0.00ns         0 [  0.00ns,   0.00ns]   0.00ns   0.00ns   0.00ns
                        'fs_random':         0 [  0.00ns,   0.00ns]   0.00ns   0.00ns   0.00ns         0 [  0.00ns,   0.00ns]   0.00ns   0.00ns   0.00ns
                        'fs_random':         0 [  0.00ns,   0.00ns]   0.00ns   0.00ns   0.00ns         0 [  0.00ns,   0.00ns]   0.00ns   0.00ns   0.00ns
                        'fs_random':         0 [  0.00ns,   0.00ns]   0.00ns   0.00ns   0.00ns         0 [  0.00ns,   0.00ns]   0.00ns   0.00ns   0.00ns
                        'fs_random':         0 [  0.00ns,   0.00ns]   0.00ns   0.00ns   0.00ns         0 [  0.00ns,   0.00ns]   0.00ns   0.00ns   0.00ns
                        'fs_random':         1 [  1.57ms,   1.57ms]   1.57ms   0.00ns   1.57ms         0 [  0.00ns,   0.00ns]   0.00ns   0.00ns   0.00ns
                        'fs_random':         1 [  2.86ms,   2.86ms]   2.86ms   0.00ns   2.86ms         0 [  0.00ns,   0.00ns]   0.00ns   0.00ns   0.00ns
                        'fs_random':         1 [244.42us, 244.42us] 244.42us   0.00ns 244.42us         0 [  0.00ns,   0.00ns]   0.00ns   0.00ns   0.00ns
                  'fs_random_no_lp':         0 [  0.00ns,   0.00ns]   0.00ns   0.00ns   0.00ns         0 [  0.00ns,   0.00ns]   0.00ns   0.00ns   0.00ns
                  'fs_random_no_lp':         0 [  0.00ns,   0.00ns]   0.00ns   0.00ns   0.00ns         0 [  0.00ns,   0.00ns]   0.00ns   0.00ns   0.00ns
                  'fs_random_no_lp':         0 [  0.00ns,   0.00ns]   0.00ns   0.00ns   0.00ns         0 [  0.00ns,   0.00ns]   0.00ns   0.00ns   0.00ns
                  'fs_random_no_lp':         0 [  0.00ns,   0.00ns]   0.00ns   0.00ns   0.00ns         0 [  0.00ns,   0.00ns]   0.00ns   0.00ns   0.00ns
                  'fs_random_no_lp':         0 [  0.00ns,   0.00ns]   0.00ns   0.00ns   0.00ns         0 [  0.00ns,   0.00ns]   0.00ns   0.00ns   0.00ns
                  'fs_random_no_lp':         0 [  0.00ns,   0.00ns]   0.00ns   0.00ns   0.00ns         0 [  0.00ns,   0.00ns]   0.00ns   0.00ns   0.00ns
                  'fs_random_no_lp':         0 [  0.00ns,   0.00ns]   0.00ns   0.00ns   0.00ns         0 [  0.00ns,   0.00ns]   0.00ns   0.00ns   0.00ns
                  'fs_random_no_lp':         0 [  0.00ns,   0.00ns]   0.00ns   0.00ns   0.00ns         0 [  0.00ns,   0.00ns]   0.00ns   0.00ns   0.00ns
                  'fs_random_no_lp':         0 [  0.00ns,   0.00ns]   0.00ns   0.00ns   0.00ns         0 [  0.00ns,   0.00ns]   0.00ns   0.00ns   0.00ns
                  'fs_random_no_lp':         0 [  0.00ns,   0.00ns]   0.00ns   0.00ns   0.00ns         0 [  0.00ns,   0.00ns]   0.00ns   0.00ns   0.00ns
                  'fs_random_no_lp':         1 [  1.04ms,   1.04ms]   1.04ms   0.00ns   1.04ms         1 [ 18.84us,  18.84us]  18.84us   0.00ns  18.84us
                  'fs_random_no_lp':         1 [  1.78ms,   1.78ms]   1.78ms   0.00ns   1.78ms         1 [104.53us, 104.53us] 104.53us   0.00ns 104.53us
                  'fs_random_no_lp':         1 [  2.30ms,   2.30ms]   2.30ms   0.00ns   2.30ms         0 [  0.00ns,   0.00ns]   0.00ns   0.00ns   0.00ns
          'fs_random_quick_restart':         0 [  0.00ns,   0.00ns]   0.00ns   0.00ns   0.00ns         0 [  0.00ns,   0.00ns]   0.00ns   0.00ns   0.00ns
          'fs_random_quick_restart':         0 [  0.00ns,   0.00ns]   0.00ns   0.00ns   0.00ns         0 [  0.00ns,   0.00ns]   0.00ns   0.00ns   0.00ns
          'fs_random_quick_restart':         0 [  0.00ns,   0.00ns]   0.00ns   0.00ns   0.00ns         0 [  0.00ns,   0.00ns]   0.00ns   0.00ns   0.00ns
          'fs_random_quick_restart':         0 [  0.00ns,   0.00ns]   0.00ns   0.00ns   0.00ns         0 [  0.00ns,   0.00ns]   0.00ns   0.00ns   0.00ns
          'fs_random_quick_restart':         0 [  0.00ns,   0.00ns]   0.00ns   0.00ns   0.00ns         0 [  0.00ns,   0.00ns]   0.00ns   0.00ns   0.00ns
          'fs_random_quick_restart':         0 [  0.00ns,   0.00ns]   0.00ns   0.00ns   0.00ns         0 [  0.00ns,   0.00ns]   0.00ns   0.00ns   0.00ns
          'fs_random_quick_restart':         0 [  0.00ns,   0.00ns]   0.00ns   0.00ns   0.00ns         0 [  0.00ns,   0.00ns]   0.00ns   0.00ns   0.00ns
          'fs_random_quick_restart':         0 [  0.00ns,   0.00ns]   0.00ns   0.00ns   0.00ns         0 [  0.00ns,   0.00ns]   0.00ns   0.00ns   0.00ns
          'fs_random_quick_restart':         0 [  0.00ns,   0.00ns]   0.00ns   0.00ns   0.00ns         0 [  0.00ns,   0.00ns]   0.00ns   0.00ns   0.00ns
          'fs_random_quick_restart':         0 [  0.00ns,   0.00ns]   0.00ns   0.00ns   0.00ns         0 [  0.00ns,   0.00ns]   0.00ns   0.00ns   0.00ns
          'fs_random_quick_restart':         1 [  2.42ms,   2.42ms]   2.42ms   0.00ns   2.42ms         0 [  0.00ns,   0.00ns]   0.00ns   0.00ns   0.00ns
          'fs_random_quick_restart':         1 [  3.16ms,   3.16ms]   3.16ms   0.00ns   3.16ms         0 [  0.00ns,   0.00ns]   0.00ns   0.00ns   0.00ns
    'fs_random_quick_restart_no_lp':         0 [  0.00ns,   0.00ns]   0.00ns   0.00ns   0.00ns         0 [  0.00ns,   0.00ns]   0.00ns   0.00ns   0.00ns
    'fs_random_quick_restart_no_lp':         0 [  0.00ns,   0.00ns]   0.00ns   0.00ns   0.00ns         0 [  0.00ns,   0.00ns]   0.00ns   0.00ns   0.00ns
    'fs_random_quick_restart_no_lp':         0 [  0.00ns,   0.00ns]   0.00ns   0.00ns   0.00ns         0 [  0.00ns,   0.00ns]   0.00ns   0.00ns   0.00ns
    'fs_random_quick_restart_no_lp':         0 [  0.00ns,   0.00ns]   0.00ns   0.00ns   0.00ns         0 [  0.00ns,   0.00ns]   0.00ns   0.00ns   0.00ns
    'fs_random_quick_restart_no_lp':         0 [  0.00ns,   0.00ns]   0.00ns   0.00ns   0.00ns         0 [  0.00ns,   0.00ns]   0.00ns   0.00ns   0.00ns
    'fs_random_quick_restart_no_lp':         0 [  0.00ns,   0.00ns]   0.00ns   0.00ns   0.00ns         0 [  0.00ns,   0.00ns]   0.00ns   0.00ns   0.00ns
    'fs_random_quick_restart_no_lp':         0 [  0.00ns,   0.00ns]   0.00ns   0.00ns   0.00ns         0 [  0.00ns,   0.00ns]   0.00ns   0.00ns   0.00ns
    'fs_random_quick_restart_no_lp':         0 [  0.00ns,   0.00ns]   0.00ns   0.00ns   0.00ns         0 [  0.00ns,   0.00ns]   0.00ns   0.00ns   0.00ns
    'fs_random_quick_restart_no_lp':         0 [  0.00ns,   0.00ns]   0.00ns   0.00ns   0.00ns         0 [  0.00ns,   0.00ns]   0.00ns   0.00ns   0.00ns
    'fs_random_quick_restart_no_lp':         1 [  1.36ms,   1.36ms]   1.36ms   0.00ns   1.36ms         1 [ 20.37us,  20.37us]  20.37us   0.00ns  20.37us
    'fs_random_quick_restart_no_lp':         1 [158.93us, 158.93us] 158.93us   0.00ns 158.93us         0 [  0.00ns,   0.00ns]   0.00ns   0.00ns   0.00ns
    'fs_random_quick_restart_no_lp':         1 [786.25us, 786.25us] 786.25us   0.00ns 786.25us         0 [  0.00ns,   0.00ns]   0.00ns   0.00ns   0.00ns
                    'graph_arc_lns':      1286 [  1.50ms,    1.04s] 272.53ms 243.03ms    5.84m      1286 [  1.16us, 157.91ms]  69.54ms  61.84ms    1.49m
                    'graph_cst_lns':      1330 [153.91us,    1.05s] 271.20ms 234.25ms    6.01m      1328 [  1.14us, 157.71ms]  69.23ms  59.72ms    1.53m
                    'graph_dec_lns':      1273 [891.03us,    1.10s] 284.36ms 254.74ms    6.03m      1273 [ 10.00ns, 154.85ms]  69.07ms  60.40ms    1.47m
                    'graph_var_lns':      1395 [  1.14ms,    1.00s] 240.80ms 213.84ms    5.60m      1395 [170.00ns, 160.97ms]  69.33ms  61.81ms    1.61m
                     'lb_relax_lns':       469 [160.99us,    3.05s] 721.86ms 915.12ms    5.64m       360 [969.32us, 548.63ms] 268.03ms 255.03ms    1.61m
                   'lb_tree_search':         1 [   1.31m,    1.31m]    1.31m   0.00ns    1.31m         0 [  0.00ns,   0.00ns]   0.00ns   0.00ns   0.00ns
                               'ls':      1977 [292.08us,  66.58ms]  38.50ms   4.93ms    1.27m      1975 [  2.32ms, 100.77ms]  99.95ms   4.98ms    3.29m
                               'ls':      1979 [328.08us,  72.89ms]  38.79ms   5.01ms    1.28m      1978 [ 21.34ms, 100.87ms] 100.13ms   2.55ms    3.30m
                               'ls':      1983 [  1.42ms,  71.53ms]  38.98ms   5.95ms    1.29m      1983 [  1.46ms, 101.02ms] 100.04ms   3.95ms    3.31m
                               'ls':      2031 [269.20us,  66.29ms]  37.66ms   5.41ms    1.27m      2029 [  1.22ms, 100.70ms]  99.90ms   5.24ms    3.38m
                               'ls':      2046 [168.19us,  66.41ms]  37.56ms   5.19ms    1.28m      2045 [  3.98ms, 100.71ms] 100.13ms   2.53ms    3.41m
                               'ls':      2049 [836.62us,  66.95ms]  37.08ms   4.61ms    1.27m      2049 [  1.44ms, 100.87ms]  99.91ms   5.24ms    3.41m
                               'ls':      2053 [788.55us,  69.09ms]  37.08ms   4.38ms    1.27m      2053 [  1.28ms, 100.81ms]  99.91ms   4.94ms    3.42m
                               'ls':      2056 [644.36us,  67.81ms]  37.00ms   4.25ms    1.27m      2056 [  1.14ms, 100.73ms] 100.07ms   3.64ms    3.43m
                               'ls':      2058 [141.23us,  64.75ms]  36.97ms   4.18ms    1.27m      2056 [  1.30ms, 100.76ms] 100.00ms   4.18ms    3.43m
                               'ls':      2058 [488.08us,  64.67ms]  36.74ms   3.85ms    1.26m      2058 [653.42us, 100.66ms]  99.90ms   5.32ms    3.43m
                               'ls':      2060 [233.78us,  67.01ms]  36.71ms   4.35ms    1.26m      2059 [  1.25ms, 101.51ms]  99.81ms   5.94ms    3.43m
                               'ls':      2065 [556.56us,  71.09ms]  36.80ms   4.06ms    1.27m      2065 [  1.18ms, 100.89ms] 100.03ms   4.10ms    3.44m
                               'ls':      2067 [  2.07ms,  65.91ms]  36.46ms   3.54ms    1.26m      2067 [  3.50ms, 101.71ms] 100.01ms   4.15ms    3.45m
                               'ls':      2078 [  3.59ms,  65.68ms]  36.71ms   4.41ms    1.27m      2078 [  9.24ms, 101.55ms] 100.13ms   2.77ms    3.47m
                               'ls':      2084 [  2.31ms,  69.99ms]  36.55ms   4.65ms    1.27m      2084 [  4.06ms, 100.97ms] 100.01ms   4.29ms    3.47m
                               'ls':      2087 [514.32us,  62.33ms]  36.51ms   4.66ms    1.27m      2087 [708.29us, 101.17ms]  99.88ms   5.62ms    3.47m
                               'ls':      2092 [989.53us,  65.04ms]  36.56ms   4.63ms    1.27m      2092 [  1.19ms, 100.80ms] 100.01ms   4.26ms    3.49m
                               'ls':      2094 [  1.88ms,  64.25ms]  36.20ms   4.26ms    1.26m      2094 [  3.45ms, 103.71ms] 100.01ms   4.41ms    3.49m
                               'ls':      2101 [  2.53ms,  63.28ms]  36.14ms   4.08ms    1.27m      2101 [  4.76ms, 101.26ms] 100.08ms   3.19ms    3.50m
                           'ls_lin':      1987 [438.10us,  73.22ms]  38.61ms   5.39ms    1.28m      1987 [  1.18ms, 100.74ms] 100.08ms   3.16ms    3.31m
                           'ls_lin':      2045 [  1.54ms,  71.31ms]  37.65ms   5.57ms    1.28m      2045 [  3.05ms, 100.74ms] 100.06ms   3.74ms    3.41m
                           'ls_lin':      2052 [547.55us,  66.11ms]  37.47ms   5.39ms    1.28m      2052 [763.48us, 100.72ms]  99.98ms   4.60ms    3.42m
                           'ls_lin':      2054 [501.80us,  66.52ms]  37.38ms   4.98ms    1.28m      2054 [969.69us, 100.76ms] 100.13ms   2.83ms    3.43m
                           'ls_lin':      2055 [  1.84ms,  65.76ms]  37.25ms   4.72ms    1.28m      2055 [  3.17ms, 101.06ms] 100.06ms   3.88ms    3.43m
                           'ls_lin':      2067 [  1.27ms,  66.81ms]  36.90ms   4.24ms    1.27m      2067 [  2.18ms, 102.89ms] 100.08ms   3.21ms    3.45m
                           'ls_lin':      2068 [  1.18ms,  69.85ms]  36.69ms   4.20ms    1.26m      2068 [  3.43ms, 100.72ms] 100.08ms   3.37ms    3.45m
                           'ls_lin':      2077 [441.64us,  68.06ms]  36.67ms   4.73ms    1.27m      2077 [586.57us, 101.05ms] 100.07ms   3.74ms    3.46m
                           'ls_lin':      2078 [  1.09ms,  66.45ms]  36.55ms   4.65ms    1.27m      2078 [  1.77ms, 100.94ms]  99.92ms   5.30ms    3.46m
                           'ls_lin':      2099 [297.52us,  68.03ms]  36.35ms   5.24ms    1.27m      2098 [  1.20ms, 103.46ms] 100.11ms   2.96ms    3.50m
                           'max_lp':         1 [   1.31m,    1.31m]    1.31m   0.00ns    1.31m         0 [  0.00ns,   0.00ns]   0.00ns   0.00ns   0.00ns
                            'no_lp':         1 [   1.31m,    1.31m]    1.31m   0.00ns    1.31m         0 [  0.00ns,   0.00ns]   0.00ns   0.00ns   0.00ns
              'objective_lb_search':         1 [   1.31m,    1.31m]    1.31m   0.00ns    1.31m         0 [  0.00ns,   0.00ns]   0.00ns   0.00ns   0.00ns
       'objective_lb_search_max_lp':         1 [   1.31m,    1.31m]    1.31m   0.00ns    1.31m         1 [  19.23s,   19.23s]   19.23s   0.00ns   19.23s
        'objective_lb_search_no_lp':         1 [   1.31m,    1.31m]    1.31m   0.00ns    1.31m         0 [  0.00ns,   0.00ns]   0.00ns   0.00ns   0.00ns
         'objective_shaving_max_lp':      3345 [  1.37ms,  20.72ms]  11.85ms   2.19ms   39.64s      3340 [  3.12us, 211.40us] 134.58us  17.03us 449.51ms
          'objective_shaving_no_lp':      3346 [470.40us,  19.32ms]  10.94ms   2.08ms   36.60s      3338 [  1.01us, 178.56us] 103.32us  17.94us 344.87ms
                          'probing':         1 [   1.31m,    1.31m]    1.31m   0.00ns    1.31m         0 [  0.00ns,   0.00ns]   0.00ns   0.00ns   0.00ns
                   'probing_max_lp':         1 [   1.31m,    1.31m]    1.31m   0.00ns    1.31m         1 [   3.56s,    3.56s]    3.56s   0.00ns    3.56s
                    'probing_no_lp':         1 [   1.31m,    1.31m]    1.31m   0.00ns    1.31m         1 [  14.46s,   14.46s]   14.46s   0.00ns   14.46s
                     'pseudo_costs':         1 [   1.31m,    1.31m]    1.31m   0.00ns    1.31m         1 [  24.90s,   24.90s]   24.90s   0.00ns   24.90s
                    'quick_restart':         1 [   1.31m,    1.31m]    1.31m   0.00ns    1.31m         1 [  24.85s,   24.85s]   24.85s   0.00ns   24.85s
              'quick_restart_no_lp':         1 [   1.31m,    1.31m]    1.31m   0.00ns    1.31m         0 [  0.00ns,   0.00ns]   0.00ns   0.00ns   0.00ns
                    'reduced_costs':         1 [   1.31m,    1.31m]    1.31m   0.00ns    1.31m         0 [  0.00ns,   0.00ns]   0.00ns   0.00ns   0.00ns
                        'rins/rens':      1562 [286.66us,    1.13s] 216.71ms 213.66ms    5.64m      1159 [  6.03us, 110.51ms]  74.80ms  46.83ms    1.44m
                      'rnd_cst_lns':      1231 [305.63us,    1.11s] 278.43ms 245.73ms    5.71m      1230 [180.00ns, 151.71ms]  66.94ms  58.85ms    1.37m
                      'rnd_var_lns':      1251 [979.85us,    1.02s] 273.99ms 236.47ms    5.71m      1251 [170.00ns, 151.76ms]  68.11ms  58.42ms    1.42m
         'scheduling_intervals_lns':      1076 [ 17.17ms, 902.47ms] 329.83ms 206.55ms    5.91m      1076 [166.40us, 143.08ms]  76.34ms  48.77ms    1.37m
       'scheduling_precedences_lns':      1042 [ 18.60ms, 905.74ms] 322.19ms 213.86ms    5.60m      1042 [170.70us, 140.74ms]  73.83ms  49.90ms    1.28m
  'scheduling_resource_windows_lns':       731 [279.40ms, 815.65ms] 465.42ms  82.65ms    5.67m       731 [100.00ms, 129.48ms] 113.96ms   9.21ms    1.39m
       'scheduling_time_window_lns':      1067 [  1.55ms, 965.51ms] 314.77ms 213.31ms    5.60m      1061 [ 11.25us, 143.06ms]  73.07ms  50.76ms    1.29m
                'variables_shaving':      3356 [  7.20ms, 215.56ms]  14.11ms  12.63ms   47.36s      3356 [205.10us,  16.82ms] 432.44us   1.01ms    1.45s
         'variables_shaving_max_lp':      3356 [ 27.42ms, 652.71ms]  75.98ms  76.43ms    4.25m      3356 [413.16us, 100.23ms]  16.21ms  15.67ms   54.41s
          'variables_shaving_no_lp':      3356 [  5.51ms,    1.56s]  28.84ms 144.62ms    1.61m      3356 [192.53us, 100.06ms]   1.65ms  10.21ms    5.52s

Search stats                         Bools  Conflicts   Branches  Restarts   BoolPropag  IntegerPropag
                           'core':  21'159     19'681     96'864     8'712   93'467'354      7'679'087
                     'default_lp':  10'715    109'268    568'044    29'746  137'165'456    113'205'239
                          'fixed':   2'394    288'607    431'923       867   83'908'189    147'835'682
                      'fs_random':       0          0          0         0            0              0
                      'fs_random':       0          0          0         0            0              0
                      'fs_random':       0          0          0         0            0              0
                      'fs_random':       0          0          0         0            0              0
                      'fs_random':       0          0          0         0            0              0
                      'fs_random':       0          0          0         0            0              0
                      'fs_random':       0          0          0         0            0              0
                      'fs_random':       0          0          0         0            0              0
                      'fs_random':       0          0          0         0            0              0
                      'fs_random':       0          0          0         0            0              0
                      'fs_random':       0          0          0         0            0              0
                      'fs_random':       0          0          0         0            0              0
                'fs_random_no_lp':       0          0          0         0            0              0
                'fs_random_no_lp':       0          0          0         0            0              0
                'fs_random_no_lp':       0          0          0         0            0              0
                'fs_random_no_lp':       0          0          0         0            0              0
                'fs_random_no_lp':       0          0          0         0            0              0
                'fs_random_no_lp':       0          0          0         0            0              0
                'fs_random_no_lp':       0          0          0         0            0              0
                'fs_random_no_lp':       0          0          0         0            0              0
                'fs_random_no_lp':       0          0          0         0            0              0
                'fs_random_no_lp':       0          0          0         0            0              0
                'fs_random_no_lp':       0          0          0         0            0              0
                'fs_random_no_lp':      40          0         40         0            0            690
                'fs_random_no_lp':       9          0          9         0            0            121
        'fs_random_quick_restart':       0          0          0         0            0              0
        'fs_random_quick_restart':       0          0          0         0            0              0
        'fs_random_quick_restart':       0          0          0         0            0              0
        'fs_random_quick_restart':       0          0          0         0            0              0
        'fs_random_quick_restart':       0          0          0         0            0              0
        'fs_random_quick_restart':       0          0          0         0            0              0
        'fs_random_quick_restart':       0          0          0         0            0              0
        'fs_random_quick_restart':       0          0          0         0            0              0
        'fs_random_quick_restart':       0          0          0         0            0              0
        'fs_random_quick_restart':       0          0          0         0            0              0
        'fs_random_quick_restart':       0          0          0         0            0              0
        'fs_random_quick_restart':       0          0          0         0            0              0
  'fs_random_quick_restart_no_lp':       0          0          0         0            0              0
  'fs_random_quick_restart_no_lp':       0          0          0         0            0              0
  'fs_random_quick_restart_no_lp':       0          0          0         0            0              0
  'fs_random_quick_restart_no_lp':       0          0          0         0            0              0
  'fs_random_quick_restart_no_lp':       0          0          0         0            0              0
  'fs_random_quick_restart_no_lp':       0          0          0         0            0              0
  'fs_random_quick_restart_no_lp':       0          0          0         0            0              0
  'fs_random_quick_restart_no_lp':       0          0          0         0            0              0
  'fs_random_quick_restart_no_lp':       0          0          0         0            0              0
  'fs_random_quick_restart_no_lp':       0          0          0         0            0              0
  'fs_random_quick_restart_no_lp':       0          0          0         0            0              0
  'fs_random_quick_restart_no_lp':       9          0          9         0            0            135
                 'lb_tree_search':   1'956      1'208  1'086'302   365'066    1'785'877     30'110'557
                         'max_lp':   8'839     81'343    596'444    22'867   62'993'655     56'793'555
                          'no_lp':  11'302    125'958    715'081    33'794  200'994'163    118'045'518
            'objective_lb_search':  10'866     98'306    678'739    38'388  154'325'819    116'802'833
     'objective_lb_search_max_lp':   2'294     33'708    915'665   540'346    9'959'018     39'912'661
      'objective_lb_search_no_lp':   8'911    148'227    561'459    23'965  196'913'704    136'946'707
                        'probing':   4'536      9'196    322'267    75'781    7'774'241     29'251'502
                 'probing_max_lp':   3'389      1'046     27'498    13'644      845'212      1'354'034
                  'probing_no_lp':   5'317     28'205    630'941   230'691   20'578'181     54'345'668
                   'pseudo_costs':   7'901     70'163    695'183    22'106   53'913'449     67'941'432
                  'quick_restart':  18'173     71'855    651'312    20'635  132'845'697     83'180'561
            'quick_restart_no_lp':  19'891    113'015    942'883    29'671  255'414'263    106'368'250
                  'reduced_costs':   8'043     68'604    449'134    84'280   46'112'207     32'793'938

SAT stats                           ClassicMinim  LitRemoved  LitLearned  LitForgotten  Subsumed  MClauses  MDecisions  MLitTrue  MSubsumed  MLitRemoved  MReused
                           'core':        16'577     170'627     127'681             0        55    13'256      19'373         0         15           45    7'138
                     'default_lp':       105'170   1'465'769   2'254'896     1'809'285        50    75'845     101'171         0        585        3'043  144'819
                          'fixed':       225'353     771'462  15'958'410    14'837'567     1'413         0           0         0          0            0        0
                      'fs_random':             0           0           0             0         0         0           0         0          0            0        0
                      'fs_random':             0           0           0             0         0         0           0         0          0            0        0
                      'fs_random':             0           0           0             0         0         0           0         0          0            0        0
                      'fs_random':             0           0           0             0         0         0           0         0          0            0        0
                      'fs_random':             0           0           0             0         0         0           0         0          0            0        0
                      'fs_random':             0           0           0             0         0         0           0         0          0            0        0
                      'fs_random':             0           0           0             0         0         0           0         0          0            0        0
                      'fs_random':             0           0           0             0         0         0           0         0          0            0        0
                      'fs_random':             0           0           0             0         0         0           0         0          0            0        0
                      'fs_random':             0           0           0             0         0         0           0         0          0            0        0
                      'fs_random':             0           0           0             0         0         0           0         0          0            0        0
                      'fs_random':             0           0           0             0         0         0           0         0          0            0        0
                'fs_random_no_lp':             0           0           0             0         0         0           0         0          0            0        0
                'fs_random_no_lp':             0           0           0             0         0         0           0         0          0            0        0
                'fs_random_no_lp':             0           0           0             0         0         0           0         0          0            0        0
                'fs_random_no_lp':             0           0           0             0         0         0           0         0          0            0        0
                'fs_random_no_lp':             0           0           0             0         0         0           0         0          0            0        0
                'fs_random_no_lp':             0           0           0             0         0         0           0         0          0            0        0
                'fs_random_no_lp':             0           0           0             0         0         0           0         0          0            0        0
                'fs_random_no_lp':             0           0           0             0         0         0           0         0          0            0        0
                'fs_random_no_lp':             0           0           0             0         0         0           0         0          0            0        0
                'fs_random_no_lp':             0           0           0             0         0         0           0         0          0            0        0
                'fs_random_no_lp':             0           0           0             0         0         0           0         0          0            0        0
                'fs_random_no_lp':             0           0           0             0         0         0           0         0          0            0        0
                'fs_random_no_lp':             0           0           0             0         0         0           0         0          0            0        0
        'fs_random_quick_restart':             0           0           0             0         0         0           0         0          0            0        0
        'fs_random_quick_restart':             0           0           0             0         0         0           0         0          0            0        0
        'fs_random_quick_restart':             0           0           0             0         0         0           0         0          0            0        0
        'fs_random_quick_restart':             0           0           0             0         0         0           0         0          0            0        0
        'fs_random_quick_restart':             0           0           0             0         0         0           0         0          0            0        0
        'fs_random_quick_restart':             0           0           0             0         0         0           0         0          0            0        0
        'fs_random_quick_restart':             0           0           0             0         0         0           0         0          0            0        0
        'fs_random_quick_restart':             0           0           0             0         0         0           0         0          0            0        0
        'fs_random_quick_restart':             0           0           0             0         0         0           0         0          0            0        0
        'fs_random_quick_restart':             0           0           0             0         0         0           0         0          0            0        0
        'fs_random_quick_restart':             0           0           0             0         0         0           0         0          0            0        0
        'fs_random_quick_restart':             0           0           0             0         0         0           0         0          0            0        0
  'fs_random_quick_restart_no_lp':             0           0           0             0         0         0           0         0          0            0        0
  'fs_random_quick_restart_no_lp':             0           0           0             0         0         0           0         0          0            0        0
  'fs_random_quick_restart_no_lp':             0           0           0             0         0         0           0         0          0            0        0
  'fs_random_quick_restart_no_lp':             0           0           0             0         0         0           0         0          0            0        0
  'fs_random_quick_restart_no_lp':             0           0           0             0         0         0           0         0          0            0        0
  'fs_random_quick_restart_no_lp':             0           0           0             0         0         0           0         0          0            0        0
  'fs_random_quick_restart_no_lp':             0           0           0             0         0         0           0         0          0            0        0
  'fs_random_quick_restart_no_lp':             0           0           0             0         0         0           0         0          0            0        0
  'fs_random_quick_restart_no_lp':             0           0           0             0         0         0           0         0          0            0        0
  'fs_random_quick_restart_no_lp':             0           0           0             0         0         0           0         0          0            0        0
  'fs_random_quick_restart_no_lp':             0           0           0             0         0         0           0         0          0            0        0
  'fs_random_quick_restart_no_lp':             0           0           0             0         0         0           0         0          0            0        0
                 'lb_tree_search':           160         545       9'525             0         0    92'807     219'483         0         57          236    6'897
                         'max_lp':        78'779     653'538   1'837'737     1'382'534        53    30'833      31'952         0        259        1'292   63'874
                          'no_lp':       118'542   1'942'846   2'686'771     2'043'552        48   118'114     120'682         0      1'353        6'845  251'719
            'objective_lb_search':        92'972   1'903'390   1'825'193       735'269        55   101'980     112'275         0      1'246        6'319  205'013
     'objective_lb_search_max_lp':        31'351     235'779     455'815        85'509       508    46'365     158'143         0      1'011        6'535   15'569
      'objective_lb_search_no_lp':       140'782   1'888'654   2'820'718     1'399'290       107    86'938     104'428         0        843        3'979  154'306
                        'probing':         7'347      46'953     222'283             0       304     1'064       2'618         1         14           76       70
                 'probing_max_lp':             4          12       1'079             0         0        26          69         0          0            0        7
                  'probing_no_lp':        25'984     190'762     778'369       218'876       364     2'447       6'309         0         21          116      193
                   'pseudo_costs':        69'290     732'518   1'579'022     1'048'212        23    22'716      18'088         0         58          334   47'300
                  'quick_restart':        64'618     726'648   1'801'920     1'238'261       443    12'094      28'206         0      3'234       16'078    9'737
            'quick_restart_no_lp':       104'312   1'025'641   2'666'882     1'869'313       996    17'806      48'225         3      5'715       32'496   10'055
                  'reduced_costs':        66'616     500'226   1'703'906     1'310'996        55     6'168       9'726         0         36          253   11'579

Lp stats                         Component  Iterations  AddedCuts    OPTIMAL  DUAL_F.  DUAL_U.
                  'default_lp':         30      11'115          0    732'142        0        1
                       'fixed':         30       6'152          0  2'474'195        0        0
                   'fs_random':         30           0          0          0        0        0
                   'fs_random':         30           5          0          7        0        0
     'fs_random_quick_restart':         30           0          0          0        0        0
              'lb_tree_search':          1     798'676      2'222    320'008    8'647        0
                      'max_lp':          1     760'902      3'137    285'981    7'722        1
         'objective_lb_search':         30      19'892          0    688'007        0        2
  'objective_lb_search_max_lp':          1     591'100      1'300    136'761   10'533        1
                     'probing':         30     161'722          0  7'091'002        4        0
              'probing_max_lp':          1      53'759        988     22'433      881        0
                'pseudo_costs':          1     494'874      3'457    245'644    3'076        0
               'quick_restart':         30     229'014          0  3'158'589        0        0
               'reduced_costs':          1     506'792      2'643    186'654    7'256        0

Lp dimension                      Final dimension of first component
                  'default_lp':         0 rows, 2 columns, 0 entries
                       'fixed':         0 rows, 2 columns, 0 entries
                   'fs_random':         0 rows, 2 columns, 0 entries
                   'fs_random':         0 rows, 2 columns, 0 entries
     'fs_random_quick_restart':         0 rows, 2 columns, 0 entries
              'lb_tree_search':   216 rows, 270 columns, 771 entries
                      'max_lp':   202 rows, 270 columns, 605 entries
         'objective_lb_search':         0 rows, 2 columns, 0 entries
  'objective_lb_search_max_lp':  252 rows, 270 columns, 1154 entries
                     'probing':         0 rows, 2 columns, 0 entries
              'probing_max_lp':   268 rows, 270 columns, 835 entries
                'pseudo_costs':   233 rows, 270 columns, 961 entries
               'quick_restart':         0 rows, 2 columns, 0 entries
               'reduced_costs':   200 rows, 270 columns, 612 entries

Lp debug                         CutPropag  CutEqPropag   Adjust  Overflow        Bad  BadScaling
                  'default_lp':          0            0    1'983         0          0           0
                       'fixed':          0            0        0         0          0           0
                   'fs_random':          0            0        0         0          0           0
                   'fs_random':          0            0        0         0          0           0
     'fs_random_quick_restart':          0            0        0         0          0           0
              'lb_tree_search':          0          166  328'653         0    203'076           0
                      'max_lp':          0           15  289'603         0     55'709           0
         'objective_lb_search':          0            0      149         0          0           0
  'objective_lb_search_max_lp':          0            0  147'289         0    173'297           0
                     'probing':          0            0        0         0          0           0
              'probing_max_lp':          0          649   23'312         0  7'206'472           0
                'pseudo_costs':          0            0  248'305         0     69'074           0
               'quick_restart':          0            0        0         0          0           0
               'reduced_costs':          0            0  193'606         0     50'878           0

Lp pool                          Constraints  Updates  Simplif  Merged  Shortened  Split  Strenghtened        Cuts/Call
                  'default_lp':          311        0        0       0          0      0             0              0/0
                       'fixed':          311        0        0       0          0      0             0              0/0
                   'fs_random':          311        0        0       0          0      0             0              0/0
                   'fs_random':          311        0        0       0          0      0             0              0/0
     'fs_random_quick_restart':          311        0        0       0          0      0             0              0/0
              'lb_tree_search':        1'650    5'957        0     883          0      0             0  2'222/5'412'488
                      'max_lp':        2'186    2'523    4'753   1'262          0      0             0  3'137/3'016'551
         'objective_lb_search':          311        0        0       0          0      0             0              0/0
  'objective_lb_search_max_lp':        1'355    4'979        0     256          0      0             2  1'300/1'550'987
                     'probing':          311        0        0       0          0      0             0              0/0
              'probing_max_lp':        1'110    4'462        0     189          0      0             2      988/659'180
                'pseudo_costs':        2'291    3'120    5'235   1'477          0      0             0  3'457/2'567'159
               'quick_restart':          311        0        0       0          0      0             0              0/0
               'reduced_costs':        2'064    2'955       86     890          0      0             0  2'643/2'146'408

Lp Cut                                                max_lp  reduced_costs  lb_tree_search  probing_max_lp  objective_lb_search_max_lp  pseudo_costs
                                          AffineMax:       1              -               -               -                           -             -
                                              CG_FF:       -              2               -               3                           2             1
                                               CG_K:      33             35              41               5                          16            48
                                               CG_R:     121            107             125              10                          73           145
                                            MIR_1_K:       8              9               8               2                           6            17
                                            MIR_1_R:      27             19               6               3                          11            27
                                            MIR_2_K:       6              7               1               -                           4             6
                                            MIR_2_R:      10             18               7               1                           8            18
                                            MIR_3_K:      11              9               1               -                           2            15
                                            MIR_3_R:      12             26               3               -                           5            33
                                           MIR_4_FF:       -              1               -               -                           -             -
                                            MIR_4_K:       6              3               5               2                           2             1
                                            MIR_4_R:       9              9               9               1                           2            10
                                           MIR_5_FF:       -              -               1               -                           1             -
                                            MIR_5_K:       2              1               2               1                           -             4
                                            MIR_5_R:      12              2               5               1                           1            14
                                           MIR_6_FF:       1              -               -               -                           -             1
                                            MIR_6_K:       3              1               1               1                           1             -
                                            MIR_6_R:      13              2               9               1                           1             6
                  NoOverlapCompletionTimeExhaustive:     123            116             143              56                          43           108
           NoOverlapCompletionTimeExhaustive_lifted:     129            116              72              58                          40           152
  NoOverlapCompletionTimeExhaustive_lifted_weighted:     382            298             219              56                         130           431
         NoOverlapCompletionTimeExhaustive_weighted:     282            234             326              90                         171           282
                    NoOverlapCompletionTimeQueyrane:     444            422             434             339                         278           479
             NoOverlapCompletionTimeQueyrane_lifted:     829            729             472             231                         297           991
                        NoOverlapDetectedPrecedence:       1              7               -               -                           -             1
                          NoOverlapDisjunctionOnEnd:      14              1               -               -                           -            19
                        NoOverlapDisjunctionOnStart:     616            428             255             107                         170           608
                                        ZERO_HALF_R:      42             41              77              20                          36            40

LNS stats                             Improv/Calls  Closed  Difficulty  TimeLimit
                    'graph_arc_lns':        9/1286     50%    2.90e-01       0.16
                    'graph_cst_lns':       15/1328     49%    2.51e-01       0.16
                    'graph_dec_lns':       11/1273     49%    3.28e-01       0.16
                    'graph_var_lns':       33/1395     50%    2.87e-01       0.16
                     'lb_relax_lns':        13/360     49%    1.49e-02       0.55
                        'rins/rens':      405/1562     49%    2.59e-01       0.11
                      'rnd_cst_lns':       17/1230     50%    3.36e-01       0.15
                      'rnd_var_lns':       21/1251     50%    5.37e-01       0.15
         'scheduling_intervals_lns':        5/1076     48%    1.60e-02       0.15
       'scheduling_precedences_lns':       15/1042     51%    4.33e-02       0.14
  'scheduling_resource_windows_lns':         3/731      0%    2.67e-22       0.13
       'scheduling_time_window_lns':       11/1061     49%    2.51e-02       0.14

LS stats                                    Batches  Restarts/Perturbs  LinMoves   GenMoves  CompoundMoves  Bactracks  WeightUpdates  ScoreComputed
                      'ls_decay_compound':    2'036                 66    17'438    867'300         24'942    218'847         57'947    726'057'385
                         'ls_lin_restart':    3'071                671    46'160    858'808              0          0        345'560    983'622'285
                'ls_lin_restart_compound':    3'397                676         0  1'340'559         59'961    639'037          7'877  1'318'259'822
        'ls_lin_restart_compound_perturb':    2'259                689         0    868'473         48'355    408'830          6'400    874'704'983
                   'ls_lin_restart_decay':    3'018                672    52'523  1'572'804              0          0         49'738  1'074'978'908
          'ls_lin_restart_decay_compound':    2'151                659         0    839'870         56'787    390'219          5'369    826'771'150
  'ls_lin_restart_decay_compound_perturb':    2'116                645         0    833'573         54'635    388'323          5'134    810'742'491
           'ls_lin_restart_decay_perturb':    2'282                644    37'720  1'169'812              0          0         39'183    817'350'763
                 'ls_lin_restart_perturb':    2'288                640    34'955    753'350              0          0        166'518    778'949'325
                             'ls_restart':    4'146              1'229    63'147  1'395'620              0          0        276'108  1'424'477'211
                    'ls_restart_compound':    4'510              1'105         0  1'752'980         87'541    830'668         11'423  1'741'911'427
            'ls_restart_compound_perturb':    4'004              1'166         0  1'532'994         82'506    723'179         10'948  1'544'534'003
                       'ls_restart_decay':    5'751              1'115   100'770  3'000'769              0          0         92'731  2'043'035'880
              'ls_restart_decay_compound':    4'714              1'153         0  1'953'512        123'091    913'075          9'843  1'795'609'194
      'ls_restart_decay_compound_perturb':    4'277              1'206         0  1'710'152        111'817    796'972          9'975  1'638'487'641
               'ls_restart_decay_perturb':    4'758              1'115    82'657  2'470'850              0          0         78'920  1'695'224'427
                     'ls_restart_perturb':    4'822              1'152    74'876  1'434'041              0          0        467'243  1'574'659'593

Solutions (183)                             Num       Rank
                                  'fixed':    2      [4,8]
                          'graph_arc_lns':    4   [27,109]
                          'graph_cst_lns':    7   [79,167]
                          'graph_dec_lns':    4  [134,183]
                          'graph_var_lns':   16   [62,179]
                    'ls_compound_perturb':    1    [38,38]
              'ls_decay_compound_perturb':    1      [9,9]
                'ls_lin_restart_compound':    6    [7,106]
        'ls_lin_restart_compound_perturb':    5   [68,171]
          'ls_lin_restart_decay_compound':    7   [54,129]
  'ls_lin_restart_decay_compound_perturb':   10   [58,174]
                    'ls_restart_compound':    8   [13,151]
            'ls_restart_compound_perturb':   24    [6,155]
              'ls_restart_decay_compound':   17   [12,168]
      'ls_restart_decay_compound_perturb':   17   [10,170]
                                  'no_lp':    2      [2,3]
                    'objective_lb_search':    1      [5,5]
                          'quick_restart':    3    [37,61]
                    'quick_restart_no_lp':   21    [1,135]
                          'reduced_costs':    1    [48,48]
                            'rins_lp_lns':    1  [181,181]
                            'rnd_cst_lns':   10   [98,178]
                            'rnd_var_lns':    8   [22,163]
               'scheduling_intervals_lns':    3  [159,166]
             'scheduling_precedences_lns':    1  [169,169]
             'scheduling_time_window_lns':    3  [121,180]

Objective bounds                 Num
                  'default_lp':    1
              'initial_domain':    1
                      'max_lp':   10
  'objective_lb_search_max_lp':   78
                'pseudo_costs':    1

Solution repositories     Added  Queried  Synchro
  'feasible solutions':  12'806   43'186    7'161
   'fj solution hints':       0        0        0
        'lp solutions':   3'675      782    3'550
                'pump':   3'355      780

Improving bounds shared            Num  Sym
                  'default_lp':     66    0
                       'fixed':    132    0
              'lb_tree_search':  4'490    0
                      'max_lp':    645    0
         'objective_lb_search':     41    0
  'objective_lb_search_max_lp':  3'474    0
   'objective_lb_search_no_lp':      4    0
                     'probing':    453    0
              'probing_max_lp':  1'642    0
               'probing_no_lp':    798    0
                'pseudo_costs':  1'283    0
               'quick_restart':    310    0
         'quick_restart_no_lp':    121    0
               'reduced_costs':    455    0

CpSolverResponse summary:
status: FEASIBLE
objective: 43064
best_bound: 39458
integers: 282
booleans: 40
conflicts: 0
branches: 40
propagations: 0
integer_propagations: 690
restarts: 0
lp_iterations: 0
walltime: 81.0961
usertime: 81.0961
deterministic_time: 7298.19
gap_integral: 60082.3
solution_fingerprint: 0xabc21bd223dbfd6a

