
Starting CP-SAT solver v9.14.6206
Parameters: max_time_in_seconds: 300 log_search_progress: true num_search_workers: 104 relative_gap_limit: 0.005

Initial optimization model '': (model_fingerprint: 0xd4bbe016c861e4b0)
#Variables: 473 (#ints: 67 in objective) (406 primary variables)
  - 67 in [0,44656]
  - 26 in [30240,44656]
  - 380 in [31680,44656]
#kInterval: 205 (#fixed: 2)
#kLinMax: 67 (#expressions: 134)
#kLinear1: 27
#kLinear2: 176
#kNoOverlap: 10 (#intervals: 205, #fixed_intervals: 2)

Starting presolve at 0.00s
  6.93e-05s  0.00e+00d  [DetectDominanceRelations] 
  1.85e-03s  0.00e+00d  [PresolveToFixPoint] #num_loops=10 #num_dual_strengthening=1 
  2.23e-06s  0.00e+00d  [ExtractEncodingFromLinear] 
  1.31e-05s  0.00e+00d  [DetectDuplicateColumns] 
  6.62e-05s  0.00e+00d  [DetectDuplicateConstraints] 
[Symmetry] Graph for symmetry has 1'168 nodes and 1'144 arcs.
[Symmetry] Symmetry computation done. time: 8.8284e-05 dtime: 0.00011988
  6.44e-05s  0.00e+00d  [DetectDuplicateConstraintsWithDifferentEnforcements] 
  5.31e-04s  4.34e-06d  [Probe] #new_bounds=14 
  2.07e-06s  0.00e+00d  [MaxClique] 
  6.67e-05s  0.00e+00d  [DetectDominanceRelations] 
  5.17e-04s  0.00e+00d  [PresolveToFixPoint] #num_loops=3 #num_dual_strengthening=2 
  2.91e-05s  0.00e+00d  [ProcessAtMostOneAndLinear] 
  6.40e-05s  0.00e+00d  [DetectDuplicateConstraints] 
  5.58e-05s  0.00e+00d  [DetectDuplicateConstraintsWithDifferentEnforcements] 
  2.87e-05s  1.38e-06d  [DetectDominatedLinearConstraints] #relevant_constraints=230 
  2.95e-05s  0.00e+00d  [DetectDifferentVariables] 
  2.09e-06s  0.00e+00d  [ProcessSetPPC] 
  2.47e-06s  0.00e+00d  [FindAlmostIdenticalLinearConstraints] 
  1.06e-05s  0.00e+00d  [FindBigAtMostOneAndLinearOverlap] 
  1.78e-05s  8.33e-06d  [FindBigVerticalLinearOverlap] 
  1.76e-06s  0.00e+00d  [FindBigHorizontalLinearOverlap] 
  1.79e-06s  0.00e+00d  [MergeClauses] 
  6.28e-05s  0.00e+00d  [DetectDominanceRelations] 
  3.64e-04s  0.00e+00d  [PresolveToFixPoint] #num_loops=1 #num_dual_strengthening=1 
  6.03e-05s  0.00e+00d  [DetectDominanceRelations] 
  3.58e-04s  0.00e+00d  [PresolveToFixPoint] #num_loops=1 #num_dual_strengthening=1 
  1.08e-05s  0.00e+00d  [DetectDuplicateColumns] 
  5.60e-05s  0.00e+00d  [DetectDuplicateConstraints] 
[Symmetry] Graph for symmetry has 1'150 nodes and 1'116 arcs.
[Symmetry] Symmetry computation done. time: 7.2004e-05 dtime: 0.00011842
  5.76e-05s  0.00e+00d  [DetectDuplicateConstraintsWithDifferentEnforcements] 
  4.26e-04s  2.17e-06d  [Probe] 
  1.86e-06s  0.00e+00d  [MaxClique] 
  6.48e-05s  0.00e+00d  [DetectDominanceRelations] 
  4.01e-04s  0.00e+00d  [PresolveToFixPoint] #num_loops=1 #num_dual_strengthening=1 
  2.89e-05s  0.00e+00d  [ProcessAtMostOneAndLinear] 
  5.72e-05s  0.00e+00d  [DetectDuplicateConstraints] 
  5.53e-05s  0.00e+00d  [DetectDuplicateConstraintsWithDifferentEnforcements] 
  2.73e-05s  1.38e-06d  [DetectDominatedLinearConstraints] #relevant_constraints=230 
  2.91e-05s  0.00e+00d  [DetectDifferentVariables] 
  2.00e-06s  0.00e+00d  [ProcessSetPPC] 
  2.43e-06s  0.00e+00d  [FindAlmostIdenticalLinearConstraints] 
  1.07e-05s  0.00e+00d  [FindBigAtMostOneAndLinearOverlap] 
  1.64e-05s  8.33e-06d  [FindBigVerticalLinearOverlap] 
  1.79e-06s  0.00e+00d  [FindBigHorizontalLinearOverlap] 
  1.55e-06s  0.00e+00d  [MergeClauses] 
  6.25e-05s  0.00e+00d  [DetectDominanceRelations] 
  3.60e-04s  0.00e+00d  [PresolveToFixPoint] #num_loops=1 #num_dual_strengthening=1 
  1.58e-05s  0.00e+00d  [ExpandObjective] 

Presolve summary:
  - 208 affine relations were detected.
  - rule 'TODO dual: only one blocking constraint?' was applied 578 times.
  - rule 'TODO dual: only one unspecified blocking constraint?' was applied 378 times.
  - rule 'affine: new relation' was applied 208 times.
  - rule 'dual: reduced domain' was applied 4 times.
  - rule 'intervals: removed unused interval' was applied 2 times.
  - rule 'lin_max: converted abs to equality' was applied 5 times.
  - rule 'lin_max: propagate domain from x to abs(x)' was applied 23 times.
  - rule 'lin_max: rewrite with precedences' was applied 54 times.
  - rule 'lin_max: target domain reduced' was applied 54 times.
  - rule 'linear1: x in domain' was applied 20 times.
  - rule 'linear: always true' was applied 61 times.
  - rule 'linear: reduced variable domains' was applied 1'073 times.
  - rule 'linear: remapped using affine relations' was applied 448 times.
  - rule 'no_overlap: split into disjoint components' was applied 2 times.
  - rule 'presolve: 0 unused variables removed.' was applied 1 time.
  - rule 'presolve: iteration' was applied 2 times.

Presolved optimization model '': (model_fingerprint: 0x76f203b2f55a0d97)
#Variables: 265 (#ints: 67 in objective) (203 primary variables)
  - 232 different domains in [0,44635] with a largest complexity of 1.
#kInterval: 203
#kLinMax: 8 (#expressions: 16)
#kLinear2: 230
#kNoOverlap: 10 (#intervals: 203)
[Symmetry] Graph for symmetry has 942 nodes and 1'116 arcs.
[Symmetry] Symmetry computation done. time: 6.1118e-05 dtime: 0.00010594

Preloading model.
#Bound   0.01s best:inf   next:[60,1023788] initial_domain
#Model   0.01s var:265/265 constraints:451/451

Starting search at 0.01s with 104 workers.
18 full problem subsolvers: [core, default_lp, fixed, lb_tree_search, max_lp, no_lp, objective_lb_search, objective_lb_search_max_lp, objective_lb_search_no_lp, objective_shaving_max_lp, objective_shaving_no_lp, probing, probing_max_lp, probing_no_lp, pseudo_costs, quick_restart, quick_restart_no_lp, reduced_costs]
86 first solution subsolvers: [fj(25), fj_lin(12), fs_random(12), fs_random_no_lp(13), fs_random_quick_restart(12), fs_random_quick_restart_no_lp(12)]
45 interleaved subsolvers: [feasibility_pump, graph_arc_lns, graph_cst_lns, graph_dec_lns, graph_var_lns, lb_relax_lns, ls(19), ls_lin(10), rins/rens, rnd_cst_lns, rnd_var_lns, scheduling_intervals_lns, scheduling_precedences_lns, scheduling_resource_windows_lns, scheduling_time_window_lns, variables_shaving, variables_shaving_max_lp, variables_shaving_no_lp]
3 helper subsolvers: [neighborhood_helper, synchronization_agent, update_gap_integral]

#1       0.02s best:43100 next:[60,43099] no_lp
#Bound   0.02s best:43100 next:[75,43099] objective_lb_search
#2       0.02s best:445   next:[75,444]   core
#3       0.02s best:444   next:[75,443]   graph_dec_lns (d=5.00e-01 s=28 t=0.10 p=0.00 stall=0 h=base) [hint]
#4       0.02s best:443   next:[75,442]   ls_restart_decay(batch:1 lin{mvs:3 evals:154} gen{mvs:110 evals:197} #w_updates:78 #perturb:0)
#5       0.03s best:442   next:[75,441]   ls_restart_decay(batch:1 lin{mvs:5 evals:12} #w_updates:2 #perturb:0)
#6       0.03s best:441   next:[75,440]   ls_restart_compound(batch:1 lin{mvs:0 evals:2} gen{mvs:2 evals:1} comp{mvs:2 btracks:0} #w_updates:0 #perturb:0)
#7       0.03s best:440   next:[75,439]   ls_restart_perturb(batch:1 lin{mvs:5 evals:12} #w_updates:2 #perturb:0)
#8       0.03s best:439   next:[75,438]   ls_restart_compound_perturb(batch:1 lin{mvs:0 evals:3} gen{mvs:2 evals:1} comp{mvs:2 btracks:0} #w_updates:0 #perturb:0)
#9       0.03s best:438   next:[75,437]   ls_lin_restart_compound(batch:1 lin{mvs:0 evals:3} gen{mvs:3 evals:2} comp{mvs:3 btracks:0} #w_updates:0 #perturb:0)
#10      0.03s best:437   next:[75,436]   ls_lin_restart_perturb(batch:1 lin{mvs:2 evals:4} #w_updates:0 #perturb:0)
#11      0.03s best:436   next:[75,435]   ls_lin_restart_perturb(batch:1 lin{mvs:3 evals:5} #w_updates:0 #perturb:0)
#12      0.03s best:422   next:[75,421]   ls_lin_restart_compound(batch:1 lin{mvs:0 evals:4} gen{mvs:3 evals:1} comp{mvs:3 btracks:0} #w_updates:0 #perturb:0)
#13      0.03s best:421   next:[75,420]   ls_restart_decay_compound(batch:1 lin{mvs:0 evals:3} gen{mvs:4 evals:3} comp{mvs:4 btracks:0} #w_updates:0 #perturb:0)
#14      0.03s best:405   next:[75,404]   ls_restart_decay_compound_perturb(batch:1 lin{mvs:0 evals:4} gen{mvs:3 evals:1} comp{mvs:3 btracks:0} #w_updates:0 #perturb:0)
#15      0.03s best:77    next:[75,76]    objective_lb_search_no_lp
#Done    0.03s objective_lb_search_no_lp

Task timing                                  n [     min,      max]      avg      dev     time         n [     min,      max]      avg      dev    dtime
                             'core':         1 [ 20.83ms,  20.83ms]  20.83ms   0.00ns  20.83ms         1 [  1.50ms,   1.50ms]   1.50ms   0.00ns   1.50ms
                       'default_lp':         1 [ 19.12ms,  19.12ms]  19.12ms   0.00ns  19.12ms         1 [  3.11ms,   3.11ms]   3.11ms   0.00ns   3.11ms
                 'feasibility_pump':         2 [852.30us,   1.72ms]   1.29ms 433.25us   2.57ms         1 [521.99us, 521.99us] 521.99us   0.00ns 521.99us
                            'fixed':         1 [ 21.60ms,  21.60ms]  21.60ms   0.00ns  21.60ms         1 [  1.82ms,   1.82ms]   1.82ms   0.00ns   1.82ms
                               'fj':         0 [  0.00ns,   0.00ns]   0.00ns   0.00ns   0.00ns         0 [  0.00ns,   0.00ns]   0.00ns   0.00ns   0.00ns
                               'fj':         0 [  0.00ns,   0.00ns]   0.00ns   0.00ns   0.00ns         0 [  0.00ns,   0.00ns]   0.00ns   0.00ns   0.00ns
                               'fj':         0 [  0.00ns,   0.00ns]   0.00ns   0.00ns   0.00ns         0 [  0.00ns,   0.00ns]   0.00ns   0.00ns   0.00ns
                               'fj':         0 [  0.00ns,   0.00ns]   0.00ns   0.00ns   0.00ns         0 [  0.00ns,   0.00ns]   0.00ns   0.00ns   0.00ns
                               'fj':         0 [  0.00ns,   0.00ns]   0.00ns   0.00ns   0.00ns         0 [  0.00ns,   0.00ns]   0.00ns   0.00ns   0.00ns
                               'fj':         0 [  0.00ns,   0.00ns]   0.00ns   0.00ns   0.00ns         0 [  0.00ns,   0.00ns]   0.00ns   0.00ns   0.00ns
                               'fj':         0 [  0.00ns,   0.00ns]   0.00ns   0.00ns   0.00ns         0 [  0.00ns,   0.00ns]   0.00ns   0.00ns   0.00ns
                               'fj':         0 [  0.00ns,   0.00ns]   0.00ns   0.00ns   0.00ns         0 [  0.00ns,   0.00ns]   0.00ns   0.00ns   0.00ns
                               'fj':         0 [  0.00ns,   0.00ns]   0.00ns   0.00ns   0.00ns         0 [  0.00ns,   0.00ns]   0.00ns   0.00ns   0.00ns
                               'fj':         0 [  0.00ns,   0.00ns]   0.00ns   0.00ns   0.00ns         0 [  0.00ns,   0.00ns]   0.00ns   0.00ns   0.00ns
                               'fj':         0 [  0.00ns,   0.00ns]   0.00ns   0.00ns   0.00ns         0 [  0.00ns,   0.00ns]   0.00ns   0.00ns   0.00ns
                               'fj':         0 [  0.00ns,   0.00ns]   0.00ns   0.00ns   0.00ns         0 [  0.00ns,   0.00ns]   0.00ns   0.00ns   0.00ns
                               'fj':         0 [  0.00ns,   0.00ns]   0.00ns   0.00ns   0.00ns         0 [  0.00ns,   0.00ns]   0.00ns   0.00ns   0.00ns
                               'fj':         0 [  0.00ns,   0.00ns]   0.00ns   0.00ns   0.00ns         0 [  0.00ns,   0.00ns]   0.00ns   0.00ns   0.00ns
                               'fj':         0 [  0.00ns,   0.00ns]   0.00ns   0.00ns   0.00ns         0 [  0.00ns,   0.00ns]   0.00ns   0.00ns   0.00ns
                               'fj':         0 [  0.00ns,   0.00ns]   0.00ns   0.00ns   0.00ns         0 [  0.00ns,   0.00ns]   0.00ns   0.00ns   0.00ns
                               'fj':         0 [  0.00ns,   0.00ns]   0.00ns   0.00ns   0.00ns         0 [  0.00ns,   0.00ns]   0.00ns   0.00ns   0.00ns
                               'fj':         0 [  0.00ns,   0.00ns]   0.00ns   0.00ns   0.00ns         0 [  0.00ns,   0.00ns]   0.00ns   0.00ns   0.00ns
                               'fj':         0 [  0.00ns,   0.00ns]   0.00ns   0.00ns   0.00ns         0 [  0.00ns,   0.00ns]   0.00ns   0.00ns   0.00ns
                               'fj':         0 [  0.00ns,   0.00ns]   0.00ns   0.00ns   0.00ns         0 [  0.00ns,   0.00ns]   0.00ns   0.00ns   0.00ns
                               'fj':         0 [  0.00ns,   0.00ns]   0.00ns   0.00ns   0.00ns         0 [  0.00ns,   0.00ns]   0.00ns   0.00ns   0.00ns
                               'fj':         0 [  0.00ns,   0.00ns]   0.00ns   0.00ns   0.00ns         0 [  0.00ns,   0.00ns]   0.00ns   0.00ns   0.00ns
                               'fj':         0 [  0.00ns,   0.00ns]   0.00ns   0.00ns   0.00ns         0 [  0.00ns,   0.00ns]   0.00ns   0.00ns   0.00ns
                               'fj':         0 [  0.00ns,   0.00ns]   0.00ns   0.00ns   0.00ns         0 [  0.00ns,   0.00ns]   0.00ns   0.00ns   0.00ns
                               'fj':         0 [  0.00ns,   0.00ns]   0.00ns   0.00ns   0.00ns         0 [  0.00ns,   0.00ns]   0.00ns   0.00ns   0.00ns
                           'fj_lin':         0 [  0.00ns,   0.00ns]   0.00ns   0.00ns   0.00ns         0 [  0.00ns,   0.00ns]   0.00ns   0.00ns   0.00ns
                           'fj_lin':         0 [  0.00ns,   0.00ns]   0.00ns   0.00ns   0.00ns         0 [  0.00ns,   0.00ns]   0.00ns   0.00ns   0.00ns
                           'fj_lin':         0 [  0.00ns,   0.00ns]   0.00ns   0.00ns   0.00ns         0 [  0.00ns,   0.00ns]   0.00ns   0.00ns   0.00ns
                           'fj_lin':         0 [  0.00ns,   0.00ns]   0.00ns   0.00ns   0.00ns         0 [  0.00ns,   0.00ns]   0.00ns   0.00ns   0.00ns
                           'fj_lin':         0 [  0.00ns,   0.00ns]   0.00ns   0.00ns   0.00ns         0 [  0.00ns,   0.00ns]   0.00ns   0.00ns   0.00ns
                           'fj_lin':         0 [  0.00ns,   0.00ns]   0.00ns   0.00ns   0.00ns         0 [  0.00ns,   0.00ns]   0.00ns   0.00ns   0.00ns
                           'fj_lin':         0 [  0.00ns,   0.00ns]   0.00ns   0.00ns   0.00ns         0 [  0.00ns,   0.00ns]   0.00ns   0.00ns   0.00ns
                           'fj_lin':         0 [  0.00ns,   0.00ns]   0.00ns   0.00ns   0.00ns         0 [  0.00ns,   0.00ns]   0.00ns   0.00ns   0.00ns
                           'fj_lin':         0 [  0.00ns,   0.00ns]   0.00ns   0.00ns   0.00ns         0 [  0.00ns,   0.00ns]   0.00ns   0.00ns   0.00ns
                           'fj_lin':         0 [  0.00ns,   0.00ns]   0.00ns   0.00ns   0.00ns         0 [  0.00ns,   0.00ns]   0.00ns   0.00ns   0.00ns
                           'fj_lin':         0 [  0.00ns,   0.00ns]   0.00ns   0.00ns   0.00ns         0 [  0.00ns,   0.00ns]   0.00ns   0.00ns   0.00ns
                           'fj_lin':         0 [  0.00ns,   0.00ns]   0.00ns   0.00ns   0.00ns         0 [  0.00ns,   0.00ns]   0.00ns   0.00ns   0.00ns
                        'fs_random':         0 [  0.00ns,   0.00ns]   0.00ns   0.00ns   0.00ns         0 [  0.00ns,   0.00ns]   0.00ns   0.00ns   0.00ns
                        'fs_random':         0 [  0.00ns,   0.00ns]   0.00ns   0.00ns   0.00ns         0 [  0.00ns,   0.00ns]   0.00ns   0.00ns   0.00ns
                        'fs_random':         0 [  0.00ns,   0.00ns]   0.00ns   0.00ns   0.00ns         0 [  0.00ns,   0.00ns]   0.00ns   0.00ns   0.00ns
                        'fs_random':         0 [  0.00ns,   0.00ns]   0.00ns   0.00ns   0.00ns         0 [  0.00ns,   0.00ns]   0.00ns   0.00ns   0.00ns
                        'fs_random':         0 [  0.00ns,   0.00ns]   0.00ns   0.00ns   0.00ns         0 [  0.00ns,   0.00ns]   0.00ns   0.00ns   0.00ns
                        'fs_random':         0 [  0.00ns,   0.00ns]   0.00ns   0.00ns   0.00ns         0 [  0.00ns,   0.00ns]   0.00ns   0.00ns   0.00ns
                        'fs_random':         0 [  0.00ns,   0.00ns]   0.00ns   0.00ns   0.00ns         0 [  0.00ns,   0.00ns]   0.00ns   0.00ns   0.00ns
                        'fs_random':         0 [  0.00ns,   0.00ns]   0.00ns   0.00ns   0.00ns         0 [  0.00ns,   0.00ns]   0.00ns   0.00ns   0.00ns
                        'fs_random':         0 [  0.00ns,   0.00ns]   0.00ns   0.00ns   0.00ns         0 [  0.00ns,   0.00ns]   0.00ns   0.00ns   0.00ns
                        'fs_random':         0 [  0.00ns,   0.00ns]   0.00ns   0.00ns   0.00ns         0 [  0.00ns,   0.00ns]   0.00ns   0.00ns   0.00ns
                        'fs_random':         0 [  0.00ns,   0.00ns]   0.00ns   0.00ns   0.00ns         0 [  0.00ns,   0.00ns]   0.00ns   0.00ns   0.00ns
                        'fs_random':         1 [857.51us, 857.51us] 857.51us   0.00ns 857.51us         0 [  0.00ns,   0.00ns]   0.00ns   0.00ns   0.00ns
                  'fs_random_no_lp':         0 [  0.00ns,   0.00ns]   0.00ns   0.00ns   0.00ns         0 [  0.00ns,   0.00ns]   0.00ns   0.00ns   0.00ns
                  'fs_random_no_lp':         0 [  0.00ns,   0.00ns]   0.00ns   0.00ns   0.00ns         0 [  0.00ns,   0.00ns]   0.00ns   0.00ns   0.00ns
                  'fs_random_no_lp':         0 [  0.00ns,   0.00ns]   0.00ns   0.00ns   0.00ns         0 [  0.00ns,   0.00ns]   0.00ns   0.00ns   0.00ns
                  'fs_random_no_lp':         0 [  0.00ns,   0.00ns]   0.00ns   0.00ns   0.00ns         0 [  0.00ns,   0.00ns]   0.00ns   0.00ns   0.00ns
                  'fs_random_no_lp':         0 [  0.00ns,   0.00ns]   0.00ns   0.00ns   0.00ns         0 [  0.00ns,   0.00ns]   0.00ns   0.00ns   0.00ns
                  'fs_random_no_lp':         0 [  0.00ns,   0.00ns]   0.00ns   0.00ns   0.00ns         0 [  0.00ns,   0.00ns]   0.00ns   0.00ns   0.00ns
                  'fs_random_no_lp':         0 [  0.00ns,   0.00ns]   0.00ns   0.00ns   0.00ns         0 [  0.00ns,   0.00ns]   0.00ns   0.00ns   0.00ns
                  'fs_random_no_lp':         0 [  0.00ns,   0.00ns]   0.00ns   0.00ns   0.00ns         0 [  0.00ns,   0.00ns]   0.00ns   0.00ns   0.00ns
                  'fs_random_no_lp':         0 [  0.00ns,   0.00ns]   0.00ns   0.00ns   0.00ns         0 [  0.00ns,   0.00ns]   0.00ns   0.00ns   0.00ns
                  'fs_random_no_lp':         0 [  0.00ns,   0.00ns]   0.00ns   0.00ns   0.00ns         0 [  0.00ns,   0.00ns]   0.00ns   0.00ns   0.00ns
                  'fs_random_no_lp':         0 [  0.00ns,   0.00ns]   0.00ns   0.00ns   0.00ns         0 [  0.00ns,   0.00ns]   0.00ns   0.00ns   0.00ns
                  'fs_random_no_lp':         0 [  0.00ns,   0.00ns]   0.00ns   0.00ns   0.00ns         0 [  0.00ns,   0.00ns]   0.00ns   0.00ns   0.00ns
                  'fs_random_no_lp':         1 [  1.26ms,   1.26ms]   1.26ms   0.00ns   1.26ms         1 [ 18.85us,  18.85us]  18.85us   0.00ns  18.85us
          'fs_random_quick_restart':         0 [  0.00ns,   0.00ns]   0.00ns   0.00ns   0.00ns         0 [  0.00ns,   0.00ns]   0.00ns   0.00ns   0.00ns
          'fs_random_quick_restart':         0 [  0.00ns,   0.00ns]   0.00ns   0.00ns   0.00ns         0 [  0.00ns,   0.00ns]   0.00ns   0.00ns   0.00ns
          'fs_random_quick_restart':         0 [  0.00ns,   0.00ns]   0.00ns   0.00ns   0.00ns         0 [  0.00ns,   0.00ns]   0.00ns   0.00ns   0.00ns
          'fs_random_quick_restart':         0 [  0.00ns,   0.00ns]   0.00ns   0.00ns   0.00ns         0 [  0.00ns,   0.00ns]   0.00ns   0.00ns   0.00ns
          'fs_random_quick_restart':         0 [  0.00ns,   0.00ns]   0.00ns   0.00ns   0.00ns         0 [  0.00ns,   0.00ns]   0.00ns   0.00ns   0.00ns
          'fs_random_quick_restart':         0 [  0.00ns,   0.00ns]   0.00ns   0.00ns   0.00ns         0 [  0.00ns,   0.00ns]   0.00ns   0.00ns   0.00ns
          'fs_random_quick_restart':         0 [  0.00ns,   0.00ns]   0.00ns   0.00ns   0.00ns         0 [  0.00ns,   0.00ns]   0.00ns   0.00ns   0.00ns
          'fs_random_quick_restart':         0 [  0.00ns,   0.00ns]   0.00ns   0.00ns   0.00ns         0 [  0.00ns,   0.00ns]   0.00ns   0.00ns   0.00ns
          'fs_random_quick_restart':         0 [  0.00ns,   0.00ns]   0.00ns   0.00ns   0.00ns         0 [  0.00ns,   0.00ns]   0.00ns   0.00ns   0.00ns
          'fs_random_quick_restart':         0 [  0.00ns,   0.00ns]   0.00ns   0.00ns   0.00ns         0 [  0.00ns,   0.00ns]   0.00ns   0.00ns   0.00ns
          'fs_random_quick_restart':         0 [  0.00ns,   0.00ns]   0.00ns   0.00ns   0.00ns         0 [  0.00ns,   0.00ns]   0.00ns   0.00ns   0.00ns
          'fs_random_quick_restart':         0 [  0.00ns,   0.00ns]   0.00ns   0.00ns   0.00ns         0 [  0.00ns,   0.00ns]   0.00ns   0.00ns   0.00ns
    'fs_random_quick_restart_no_lp':         0 [  0.00ns,   0.00ns]   0.00ns   0.00ns   0.00ns         0 [  0.00ns,   0.00ns]   0.00ns   0.00ns   0.00ns
    'fs_random_quick_restart_no_lp':         0 [  0.00ns,   0.00ns]   0.00ns   0.00ns   0.00ns         0 [  0.00ns,   0.00ns]   0.00ns   0.00ns   0.00ns
    'fs_random_quick_restart_no_lp':         0 [  0.00ns,   0.00ns]   0.00ns   0.00ns   0.00ns         0 [  0.00ns,   0.00ns]   0.00ns   0.00ns   0.00ns
    'fs_random_quick_restart_no_lp':         0 [  0.00ns,   0.00ns]   0.00ns   0.00ns   0.00ns         0 [  0.00ns,   0.00ns]   0.00ns   0.00ns   0.00ns
    'fs_random_quick_restart_no_lp':         0 [  0.00ns,   0.00ns]   0.00ns   0.00ns   0.00ns         0 [  0.00ns,   0.00ns]   0.00ns   0.00ns   0.00ns
    'fs_random_quick_restart_no_lp':         0 [  0.00ns,   0.00ns]   0.00ns   0.00ns   0.00ns         0 [  0.00ns,   0.00ns]   0.00ns   0.00ns   0.00ns
    'fs_random_quick_restart_no_lp':         0 [  0.00ns,   0.00ns]   0.00ns   0.00ns   0.00ns         0 [  0.00ns,   0.00ns]   0.00ns   0.00ns   0.00ns
    'fs_random_quick_restart_no_lp':         0 [  0.00ns,   0.00ns]   0.00ns   0.00ns   0.00ns         0 [  0.00ns,   0.00ns]   0.00ns   0.00ns   0.00ns
    'fs_random_quick_restart_no_lp':         0 [  0.00ns,   0.00ns]   0.00ns   0.00ns   0.00ns         0 [  0.00ns,   0.00ns]   0.00ns   0.00ns   0.00ns
    'fs_random_quick_restart_no_lp':         0 [  0.00ns,   0.00ns]   0.00ns   0.00ns   0.00ns         0 [  0.00ns,   0.00ns]   0.00ns   0.00ns   0.00ns
    'fs_random_quick_restart_no_lp':         0 [  0.00ns,   0.00ns]   0.00ns   0.00ns   0.00ns         0 [  0.00ns,   0.00ns]   0.00ns   0.00ns   0.00ns
    'fs_random_quick_restart_no_lp':         0 [  0.00ns,   0.00ns]   0.00ns   0.00ns   0.00ns         0 [  0.00ns,   0.00ns]   0.00ns   0.00ns   0.00ns
                    'graph_arc_lns':         2 [  4.18ms,   7.33ms]   5.75ms   1.57ms  11.51ms         1 [ 37.41us,  37.41us]  37.41us   0.00ns  37.41us
                    'graph_cst_lns':         2 [  1.34ms,   4.11ms]   2.73ms   1.39ms   5.45ms         0 [  0.00ns,   0.00ns]   0.00ns   0.00ns   0.00ns
                    'graph_dec_lns':         2 [  2.22ms,   2.24ms]   2.23ms  10.46us   4.46ms         1 [ 33.55us,  33.55us]  33.55us   0.00ns  33.55us
                    'graph_var_lns':         1 [ 11.95ms,  11.95ms]  11.95ms   0.00ns  11.95ms         1 [528.61us, 528.61us] 528.61us   0.00ns 528.61us
                     'lb_relax_lns':         2 [243.64us,   7.01ms]   3.63ms   3.38ms   7.25ms         0 [  0.00ns,   0.00ns]   0.00ns   0.00ns   0.00ns
                   'lb_tree_search':         1 [ 20.42ms,  20.42ms]  20.42ms   0.00ns  20.42ms         0 [  0.00ns,   0.00ns]   0.00ns   0.00ns   0.00ns
                               'ls':         1 [  6.06ms,   6.06ms]   6.06ms   0.00ns   6.06ms         1 [  9.62ms,   9.62ms]   9.62ms   0.00ns   9.62ms
                               'ls':         1 [  6.46ms,   6.46ms]   6.46ms   0.00ns   6.46ms         1 [ 19.32ms,  19.32ms]  19.32ms   0.00ns  19.32ms
                               'ls':         1 [  6.73ms,   6.73ms]   6.73ms   0.00ns   6.73ms         1 [ 17.07ms,  17.07ms]  17.07ms   0.00ns  17.07ms
                               'ls':         1 [  6.83ms,   6.83ms]   6.83ms   0.00ns   6.83ms         1 [ 19.35ms,  19.35ms]  19.35ms   0.00ns  19.35ms
                               'ls':         1 [  6.87ms,   6.87ms]   6.87ms   0.00ns   6.87ms         1 [ 19.52ms,  19.52ms]  19.52ms   0.00ns  19.52ms
                               'ls':         1 [  6.96ms,   6.96ms]   6.96ms   0.00ns   6.96ms         1 [ 20.50ms,  20.50ms]  20.50ms   0.00ns  20.50ms
                               'ls':         1 [  8.56ms,   8.56ms]   8.56ms   0.00ns   8.56ms         1 [ 14.41ms,  14.41ms]  14.41ms   0.00ns  14.41ms
                               'ls':         1 [556.25us, 556.25us] 556.25us   0.00ns 556.25us         1 [  5.22us,   5.22us]   5.22us   0.00ns   5.22us
                               'ls':         1 [586.90us, 586.90us] 586.90us   0.00ns 586.90us         1 [ 11.62us,  11.62us]  11.62us   0.00ns  11.62us
                               'ls':         1 [596.87us, 596.87us] 596.87us   0.00ns 596.87us         1 [  9.85us,   9.85us]   9.85us   0.00ns   9.85us
                               'ls':         1 [599.63us, 599.63us] 599.63us   0.00ns 599.63us         1 [  3.79us,   3.79us]   3.79us   0.00ns   3.79us
                               'ls':         1 [674.45us, 674.45us] 674.45us   0.00ns 674.45us         1 [ 12.13us,  12.13us]  12.13us   0.00ns  12.13us
                               'ls':         1 [768.16us, 768.16us] 768.16us   0.00ns 768.16us         1 [ 11.72us,  11.72us]  11.72us   0.00ns  11.72us
                               'ls':         1 [790.16us, 790.16us] 790.16us   0.00ns 790.16us         1 [ 12.13us,  12.13us]  12.13us   0.00ns  12.13us
                               'ls':         1 [793.85us, 793.85us] 793.85us   0.00ns 793.85us         0 [  0.00ns,   0.00ns]   0.00ns   0.00ns   0.00ns
                               'ls':         2 [130.03us, 764.31us] 447.17us 317.14us 894.34us         2 [  5.22us,  13.43us]   9.32us   4.10us  18.65us
                               'ls':         2 [227.77us,   4.29ms]   2.26ms   2.03ms   4.52ms         2 [ 26.43us,   9.82ms]   4.92ms   4.89ms   9.84ms
                               'ls':         2 [547.67us,   1.38ms] 964.37us 416.69us   1.93ms         2 [629.03us,   1.32ms] 974.26us 345.23us   1.95ms
                               'ls':         2 [851.87us,   1.48ms]   1.17ms 314.18us   2.33ms         2 [  9.76us,   1.88ms] 943.15us 933.39us   1.89ms
                           'ls_lin':         1 [575.52us, 575.52us] 575.52us   0.00ns 575.52us         0 [  0.00ns,   0.00ns]   0.00ns   0.00ns   0.00ns
                           'ls_lin':         1 [629.24us, 629.24us] 629.24us   0.00ns 629.24us         0 [  0.00ns,   0.00ns]   0.00ns   0.00ns   0.00ns
                           'ls_lin':         1 [694.02us, 694.02us] 694.02us   0.00ns 694.02us         1 [  5.54us,   5.54us]   5.54us   0.00ns   5.54us
                           'ls_lin':         1 [720.50us, 720.50us] 720.50us   0.00ns 720.50us         0 [  0.00ns,   0.00ns]   0.00ns   0.00ns   0.00ns
                           'ls_lin':         1 [738.81us, 738.81us] 738.81us   0.00ns 738.81us         0 [  0.00ns,   0.00ns]   0.00ns   0.00ns   0.00ns
                           'ls_lin':         1 [743.88us, 743.88us] 743.88us   0.00ns 743.88us         1 [  3.79us,   3.79us]   3.79us   0.00ns   3.79us
                           'ls_lin':         1 [750.97us, 750.97us] 750.97us   0.00ns 750.97us         0 [  0.00ns,   0.00ns]   0.00ns   0.00ns   0.00ns
                           'ls_lin':         1 [762.26us, 762.26us] 762.26us   0.00ns 762.26us         1 [  9.85us,   9.85us]   9.85us   0.00ns   9.85us
                           'ls_lin':         1 [768.79us, 768.79us] 768.79us   0.00ns 768.79us         1 [ 20.60us,  20.60us]  20.60us   0.00ns  20.60us
                           'ls_lin':         1 [801.14us, 801.14us] 801.14us   0.00ns 801.14us         1 [ 11.79us,  11.79us]  11.79us   0.00ns  11.79us
                           'max_lp':         1 [ 23.44ms,  23.44ms]  23.44ms   0.00ns  23.44ms         1 [785.57us, 785.57us] 785.57us   0.00ns 785.57us
                            'no_lp':         1 [ 20.60ms,  20.60ms]  20.60ms   0.00ns  20.60ms         1 [  2.12ms,   2.12ms]   2.12ms   0.00ns   2.12ms
              'objective_lb_search':         1 [ 16.96ms,  16.96ms]  16.96ms   0.00ns  16.96ms         1 [  3.04ms,   3.04ms]   3.04ms   0.00ns   3.04ms
       'objective_lb_search_max_lp':         1 [ 18.58ms,  18.58ms]  18.58ms   0.00ns  18.58ms         0 [  0.00ns,   0.00ns]   0.00ns   0.00ns   0.00ns
        'objective_lb_search_no_lp':         1 [ 15.37ms,  15.37ms]  15.37ms   0.00ns  15.37ms         1 [  2.86ms,   2.86ms]   2.86ms   0.00ns   2.86ms
         'objective_shaving_max_lp':         2 [  3.48ms,   5.63ms]   4.55ms   1.07ms   9.10ms         2 [ 32.99us,  62.96us]  47.98us  14.98us  95.95us
          'objective_shaving_no_lp':         2 [518.96us,   3.64ms]   2.08ms   1.56ms   4.16ms         1 [ 33.03us,  33.03us]  33.03us   0.00ns  33.03us
                          'probing':         1 [ 22.44ms,  22.44ms]  22.44ms   0.00ns  22.44ms         0 [  0.00ns,   0.00ns]   0.00ns   0.00ns   0.00ns
                   'probing_max_lp':         1 [ 19.29ms,  19.29ms]  19.29ms   0.00ns  19.29ms         0 [  0.00ns,   0.00ns]   0.00ns   0.00ns   0.00ns
                    'probing_no_lp':         1 [ 16.29ms,  16.29ms]  16.29ms   0.00ns  16.29ms         0 [  0.00ns,   0.00ns]   0.00ns   0.00ns   0.00ns
                     'pseudo_costs':         1 [ 19.65ms,  19.65ms]  19.65ms   0.00ns  19.65ms         1 [  1.95ms,   1.95ms]   1.95ms   0.00ns   1.95ms
                    'quick_restart':         1 [ 18.09ms,  18.09ms]  18.09ms   0.00ns  18.09ms         1 [  1.37ms,   1.37ms]   1.37ms   0.00ns   1.37ms
              'quick_restart_no_lp':         1 [ 17.79ms,  17.79ms]  17.79ms   0.00ns  17.79ms         1 [  1.65ms,   1.65ms]   1.65ms   0.00ns   1.65ms
                    'reduced_costs':         1 [ 20.47ms,  20.47ms]  20.47ms   0.00ns  20.47ms         0 [  0.00ns,   0.00ns]   0.00ns   0.00ns   0.00ns
                        'rins/rens':         0 [  0.00ns,   0.00ns]   0.00ns   0.00ns   0.00ns         0 [  0.00ns,   0.00ns]   0.00ns   0.00ns   0.00ns
                      'rnd_cst_lns':         2 [  1.12ms,   7.56ms]   4.34ms   3.22ms   8.68ms         0 [  0.00ns,   0.00ns]   0.00ns   0.00ns   0.00ns
                      'rnd_var_lns':         2 [626.04us,   2.55ms]   1.59ms 963.74us   3.18ms         0 [  0.00ns,   0.00ns]   0.00ns   0.00ns   0.00ns
         'scheduling_intervals_lns':         1 [ 11.61ms,  11.61ms]  11.61ms   0.00ns  11.61ms         0 [  0.00ns,   0.00ns]   0.00ns   0.00ns   0.00ns
       'scheduling_precedences_lns':         1 [ 10.57ms,  10.57ms]  10.57ms   0.00ns  10.57ms         0 [  0.00ns,   0.00ns]   0.00ns   0.00ns   0.00ns
  'scheduling_resource_windows_lns':         1 [  8.30ms,   8.30ms]   8.30ms   0.00ns   8.30ms         0 [  0.00ns,   0.00ns]   0.00ns   0.00ns   0.00ns
       'scheduling_time_window_lns':         2 [  4.85ms,   5.92ms]   5.38ms 532.36us  10.77ms         1 [  1.72us,   1.72us]   1.72us   0.00ns   1.72us
                'variables_shaving':         2 [  5.56ms,   6.67ms]   6.11ms 552.80us  12.23ms         2 [  7.36us, 203.55us] 105.45us  98.10us 210.90us
         'variables_shaving_max_lp':         1 [ 17.63ms,  17.63ms]  17.63ms   0.00ns  17.63ms         1 [ 31.03us,  31.03us]  31.03us   0.00ns  31.03us
          'variables_shaving_no_lp':         2 [  5.23ms,   8.53ms]   6.88ms   1.65ms  13.76ms         2 [  7.36us, 192.24us]  99.80us  92.44us 199.60us

Search stats                        Bools  Conflicts  Branches  Restarts  BoolPropag  IntegerPropag
                           'core':    240          0       996       471         428          9'096
                     'default_lp':    275          3       665       367         442         23'943
                          'fixed':    430          8       652        13         672         12'163
                      'fs_random':      0          0         0         0           0              0
                      'fs_random':      0          0         0         0           0              0
                      'fs_random':      0          0         0         0           0              0
                      'fs_random':      0          0         0         0           0              0
                      'fs_random':      0          0         0         0           0              0
                      'fs_random':      0          0         0         0           0              0
                      'fs_random':      0          0         0         0           0              0
                      'fs_random':      0          0         0         0           0              0
                      'fs_random':      0          0         0         0           0              0
                      'fs_random':      0          0         0         0           0              0
                      'fs_random':      0          0         0         0           0              0
                      'fs_random':      0          0         0         0           0              0
                'fs_random_no_lp':      0          0         0         0           0              0
                'fs_random_no_lp':      0          0         0         0           0              0
                'fs_random_no_lp':      0          0         0         0           0              0
                'fs_random_no_lp':      0          0         0         0           0              0
                'fs_random_no_lp':      0          0         0         0           0              0
                'fs_random_no_lp':      0          0         0         0           0              0
                'fs_random_no_lp':      0          0         0         0           0              0
                'fs_random_no_lp':      0          0         0         0           0              0
                'fs_random_no_lp':      0          0         0         0           0              0
                'fs_random_no_lp':      0          0         0         0           0              0
                'fs_random_no_lp':      0          0         0         0           0              0
                'fs_random_no_lp':      0          0         0         0           0              0
                'fs_random_no_lp':      8          0         8         0           0            122
        'fs_random_quick_restart':      0          0         0         0           0              0
        'fs_random_quick_restart':      0          0         0         0           0              0
        'fs_random_quick_restart':      0          0         0         0           0              0
        'fs_random_quick_restart':      0          0         0         0           0              0
        'fs_random_quick_restart':      0          0         0         0           0              0
        'fs_random_quick_restart':      0          0         0         0           0              0
        'fs_random_quick_restart':      0          0         0         0           0              0
        'fs_random_quick_restart':      0          0         0         0           0              0
        'fs_random_quick_restart':      0          0         0         0           0              0
        'fs_random_quick_restart':      0          0         0         0           0              0
        'fs_random_quick_restart':      0          0         0         0           0              0
        'fs_random_quick_restart':      0          0         0         0           0              0
  'fs_random_quick_restart_no_lp':      0          0         0         0           0              0
  'fs_random_quick_restart_no_lp':      0          0         0         0           0              0
  'fs_random_quick_restart_no_lp':      0          0         0         0           0              0
  'fs_random_quick_restart_no_lp':      0          0         0         0           0              0
  'fs_random_quick_restart_no_lp':      0          0         0         0           0              0
  'fs_random_quick_restart_no_lp':      0          0         0         0           0              0
  'fs_random_quick_restart_no_lp':      0          0         0         0           0              0
  'fs_random_quick_restart_no_lp':      0          0         0         0           0              0
  'fs_random_quick_restart_no_lp':      0          0         0         0           0              0
  'fs_random_quick_restart_no_lp':      0          0         0         0           0              0
  'fs_random_quick_restart_no_lp':      0          0         0         0           0              0
  'fs_random_quick_restart_no_lp':      0          0         0         0           0              0
                 'lb_tree_search':  1'965          0       658       658           0          4'699
                         'max_lp':      0          0         0         0           0              0
                          'no_lp':    277         48       448         1         539         14'390
            'objective_lb_search':    307         28       483        67         563         24'372
     'objective_lb_search_max_lp':  1'965          0       690       690           0          4'936
      'objective_lb_search_no_lp':    301         51       560       113         263         23'640
                        'probing':  1'965          0       566       566           0          4'060
                 'probing_max_lp':  1'965          0       432       432           0          3'065
                  'probing_no_lp':  1'965          0       390       390           0          2'805
                   'pseudo_costs':      9          0         9         0           0          1'997
                  'quick_restart':    150         12       216        28         150         10'108
            'quick_restart_no_lp':    256          3       527       256         359         12'634
                  'reduced_costs':  1'965          0       768       768           0          5'488

SAT stats                           ClassicMinim  LitRemoved  LitLearned  LitForgotten  Subsumed  MClauses  MDecisions  MLitTrue  MSubsumed  MLitRemoved  MReused
                           'core':             0           0           0             0         0         0           0         0          0            0        0
                     'default_lp':             0           0           3             0         0         0           0         0          0            0        0
                          'fixed':             0           0          14             0         0         0           0         0          0            0        0
                      'fs_random':             0           0           0             0         0         0           0         0          0            0        0
                      'fs_random':             0           0           0             0         0         0           0         0          0            0        0
                      'fs_random':             0           0           0             0         0         0           0         0          0            0        0
                      'fs_random':             0           0           0             0         0         0           0         0          0            0        0
                      'fs_random':             0           0           0             0         0         0           0         0          0            0        0
                      'fs_random':             0           0           0             0         0         0           0         0          0            0        0
                      'fs_random':             0           0           0             0         0         0           0         0          0            0        0
                      'fs_random':             0           0           0             0         0         0           0         0          0            0        0
                      'fs_random':             0           0           0             0         0         0           0         0          0            0        0
                      'fs_random':             0           0           0             0         0         0           0         0          0            0        0
                      'fs_random':             0           0           0             0         0         0           0         0          0            0        0
                      'fs_random':             0           0           0             0         0         0           0         0          0            0        0
                'fs_random_no_lp':             0           0           0             0         0         0           0         0          0            0        0
                'fs_random_no_lp':             0           0           0             0         0         0           0         0          0            0        0
                'fs_random_no_lp':             0           0           0             0         0         0           0         0          0            0        0
                'fs_random_no_lp':             0           0           0             0         0         0           0         0          0            0        0
                'fs_random_no_lp':             0           0           0             0         0         0           0         0          0            0        0
                'fs_random_no_lp':             0           0           0             0         0         0           0         0          0            0        0
                'fs_random_no_lp':             0           0           0             0         0         0           0         0          0            0        0
                'fs_random_no_lp':             0           0           0             0         0         0           0         0          0            0        0
                'fs_random_no_lp':             0           0           0             0         0         0           0         0          0            0        0
                'fs_random_no_lp':             0           0           0             0         0         0           0         0          0            0        0
                'fs_random_no_lp':             0           0           0             0         0         0           0         0          0            0        0
                'fs_random_no_lp':             0           0           0             0         0         0           0         0          0            0        0
                'fs_random_no_lp':             0           0           0             0         0         0           0         0          0            0        0
        'fs_random_quick_restart':             0           0           0             0         0         0           0         0          0            0        0
        'fs_random_quick_restart':             0           0           0             0         0         0           0         0          0            0        0
        'fs_random_quick_restart':             0           0           0             0         0         0           0         0          0            0        0
        'fs_random_quick_restart':             0           0           0             0         0         0           0         0          0            0        0
        'fs_random_quick_restart':             0           0           0             0         0         0           0         0          0            0        0
        'fs_random_quick_restart':             0           0           0             0         0         0           0         0          0            0        0
        'fs_random_quick_restart':             0           0           0             0         0         0           0         0          0            0        0
        'fs_random_quick_restart':             0           0           0             0         0         0           0         0          0            0        0
        'fs_random_quick_restart':             0           0           0             0         0         0           0         0          0            0        0
        'fs_random_quick_restart':             0           0           0             0         0         0           0         0          0            0        0
        'fs_random_quick_restart':             0           0           0             0         0         0           0         0          0            0        0
        'fs_random_quick_restart':             0           0           0             0         0         0           0         0          0            0        0
  'fs_random_quick_restart_no_lp':             0           0           0             0         0         0           0         0          0            0        0
  'fs_random_quick_restart_no_lp':             0           0           0             0         0         0           0         0          0            0        0
  'fs_random_quick_restart_no_lp':             0           0           0             0         0         0           0         0          0            0        0
  'fs_random_quick_restart_no_lp':             0           0           0             0         0         0           0         0          0            0        0
  'fs_random_quick_restart_no_lp':             0           0           0             0         0         0           0         0          0            0        0
  'fs_random_quick_restart_no_lp':             0           0           0             0         0         0           0         0          0            0        0
  'fs_random_quick_restart_no_lp':             0           0           0             0         0         0           0         0          0            0        0
  'fs_random_quick_restart_no_lp':             0           0           0             0         0         0           0         0          0            0        0
  'fs_random_quick_restart_no_lp':             0           0           0             0         0         0           0         0          0            0        0
  'fs_random_quick_restart_no_lp':             0           0           0             0         0         0           0         0          0            0        0
  'fs_random_quick_restart_no_lp':             0           0           0             0         0         0           0         0          0            0        0
  'fs_random_quick_restart_no_lp':             0           0           0             0         0         0           0         0          0            0        0
                 'lb_tree_search':             0           0           0             0         0         0           0         0          0            0        0
                         'max_lp':             0           0           0             0         0         0           0         0          0            0        0
                          'no_lp':            38          69       1'870             0         1         0           0         0          0            0        0
            'objective_lb_search':             0           0         484             0         0         0           0         0          0            0        0
     'objective_lb_search_max_lp':             0           0           0             0         0         0           0         0          0            0        0
      'objective_lb_search_no_lp':             0           0         316             0         0         0           0         0          0            0        0
                        'probing':             0           0           0             0         0         0           0         0          0            0        0
                 'probing_max_lp':             0           0           0             0         0         0           0         0          0            0        0
                  'probing_no_lp':             0           0           0             0         0         0           0         0          0            0        0
                   'pseudo_costs':             0           0           0             0         0         0           0         0          0            0        0
                  'quick_restart':             0           0         162             0         0         0           0         0          0            0        0
            'quick_restart_no_lp':             0           0           3             0         0         0           0         0          0            0        0
                  'reduced_costs':             0           0           0             0         0         0           0         0          0            0        0

Lp stats                         Component  Iterations  AddedCuts  OPTIMAL  DUAL_F.  DUAL_U.
                  'default_lp':         27          37          0      420        0        0
                       'fixed':         27          36          0      884        0        0
              'lb_tree_search':          1           0          0        0        0        0
                      'max_lp':          1         193        182        5        0        0
         'objective_lb_search':         27          31          0      562        0        0
  'objective_lb_search_max_lp':          1           0          0        0        0        0
                     'probing':         27           0          0        0        0        0
              'probing_max_lp':          1           0          0        0        0        0
                'pseudo_costs':          1         239        331       12        6        0
               'quick_restart':         27         112          0      456        0        0
               'reduced_costs':          1           0          0        0        0        0

Lp dimension                      Final dimension of first component
                  'default_lp':         2 rows, 9 columns, 4 entries
                       'fixed':         2 rows, 9 columns, 4 entries
              'lb_tree_search':   254 rows, 265 columns, 508 entries
                      'max_lp':  366 rows, 265 columns, 1055 entries
         'objective_lb_search':         2 rows, 9 columns, 4 entries
  'objective_lb_search_max_lp':       0 rows, 265 columns, 0 entries
                     'probing':         0 rows, 9 columns, 0 entries
              'probing_max_lp':   254 rows, 265 columns, 508 entries
                'pseudo_costs':  300 rows, 265 columns, 1140 entries
               'quick_restart':         2 rows, 9 columns, 4 entries
               'reduced_costs':       0 rows, 265 columns, 0 entries

Lp debug                         CutPropag  CutEqPropag  Adjust  Overflow    Bad  BadScaling
                  'default_lp':          0            0       0         0      0           0
                       'fixed':          0            0       0         0      0           0
              'lb_tree_search':          0            0       0         0      0           0
                      'max_lp':          0            0       0         0  1'237           0
         'objective_lb_search':          0            0       0         0      0           0
  'objective_lb_search_max_lp':          0            0       0         0      0           0
                     'probing':          0            0       0         0      0           0
              'probing_max_lp':          0            0       0         0      0           0
                'pseudo_costs':          0            6       0         0    260           0
               'quick_restart':          0            0       0         0      0           0
               'reduced_costs':          0            0       0         0      0           0

Lp pool                          Constraints  Updates  Simplif  Merged  Shortened  Split  Strenghtened  Cuts/Call
                  'default_lp':          254        0        0       0          0      0             0        0/0
                       'fixed':          254        0        7       0          0      0             0        0/0
              'lb_tree_search':          254        0        0       0          0      0             0        0/0
                      'max_lp':          436        0        0       0          0      0             0    182/306
         'objective_lb_search':          254        0        0       0          0      0             0        0/0
  'objective_lb_search_max_lp':          254        0        0       0          0      0             0        0/0
                     'probing':          254        0        0       0          0      0             0        0/0
              'probing_max_lp':          254        0        0       0          0      0             0        0/0
                'pseudo_costs':          559       73        9      26          0      0             0    331/518
               'quick_restart':          254        0       14       0          0      0             0        0/0
               'reduced_costs':          254        0        0       0          0      0             0        0/0

Lp Cut                                                pseudo_costs  max_lp
                                              CG_FF:             -       1
                                               CG_K:             1       1
                                               CG_R:             4       -
                                            MIR_1_K:             1       -
                                            MIR_1_R:             7       -
                                            MIR_4_K:             -       1
                  NoOverlapCompletionTimeExhaustive:            21      20
           NoOverlapCompletionTimeExhaustive_lifted:            25       7
  NoOverlapCompletionTimeExhaustive_lifted_weighted:            30      16
         NoOverlapCompletionTimeExhaustive_weighted:            36      15
                    NoOverlapCompletionTimeQueyrane:            36      23
             NoOverlapCompletionTimeQueyrane_lifted:            53      30
                        NoOverlapDetectedPrecedence:             1       -
                        NoOverlapDisjunctionOnStart:           112      66
                                        ZERO_HALF_R:             4       2

LNS stats                             Improv/Calls  Closed  Difficulty  TimeLimit
                    'graph_arc_lns':           1/1    100%    7.07e-01       0.10
                    'graph_cst_lns':           1/1    100%    7.07e-01       0.10
                    'graph_dec_lns':           1/1    100%    7.07e-01       0.10
                    'graph_var_lns':           1/1      0%    2.93e-01       0.10
                     'lb_relax_lns':           0/0      0%    5.00e-01       0.50
                        'rins/rens':           0/0      0%    5.00e-01       0.10
                      'rnd_cst_lns':           1/1    100%    7.07e-01       0.10
                      'rnd_var_lns':           1/1    100%    7.07e-01       0.10
         'scheduling_intervals_lns':           0/0      0%    5.00e-01       0.10
       'scheduling_precedences_lns':           0/0      0%    5.00e-01       0.10
  'scheduling_resource_windows_lns':           0/0      0%    5.00e-01       0.10
       'scheduling_time_window_lns':           1/1    100%    7.07e-01       0.10

LS stats                                    Batches  Restarts/Perturbs  LinMoves  GenMoves  CompoundMoves  Bactracks  WeightUpdates  ScoreComputed
                         'ls_lin_restart':        1                  1         0         0              0          0              0              0
                'ls_lin_restart_compound':        2                  2         0         6              6          0              0             81
                   'ls_lin_restart_decay':        2                  2         5         0              0          0              2             31
  'ls_lin_restart_decay_compound_perturb':        1                  1         0         0              0          0              0              0
           'ls_lin_restart_decay_perturb':        2                  2         0         0              0          0              0              0
                 'ls_lin_restart_perturb':        2                  2         5         0              0          0              0             23
                             'ls_restart':        2                  2         7       792              0          0            809         22'750
                    'ls_restart_compound':        3                  3         0     3'631            133      1'749            118         77'379
            'ls_restart_compound_perturb':        4                  4         0     1'430             58        686             45         30'540
                       'ls_restart_decay':        4                  4        14       811              0          0            258         50'966
              'ls_restart_decay_compound':        1                  1         0         4              4          0              0             61
      'ls_restart_decay_compound_perturb':        3                  3         0     1'787             65        861             43         43'659
               'ls_restart_decay_perturb':        2                  2         6       662              0          0            116         45'026
                     'ls_restart_perturb':        4                  4        14     1'054              0          0          1'072         26'951

Solutions (15)                          Num     Rank
                               'core':    1    [2,2]
                      'graph_dec_lns':    1    [3,3]
            'ls_lin_restart_compound':    2   [9,12]
             'ls_lin_restart_perturb':    2  [10,11]
                'ls_restart_compound':    1    [6,6]
        'ls_restart_compound_perturb':    1    [8,8]
                   'ls_restart_decay':    2    [4,5]
          'ls_restart_decay_compound':    1  [13,13]
  'ls_restart_decay_compound_perturb':    1  [14,14]
                 'ls_restart_perturb':    1    [7,7]
                              'no_lp':    1    [1,1]
          'objective_lb_search_no_lp':    1  [15,15]

Objective bounds          Num
       'initial_domain':    1
  'objective_lb_search':    1

Solution repositories    Added  Queried  Synchro
  'feasible solutions':     52       69       31
   'fj solution hints':      0        0        0
        'lp solutions':      0        0        0
                'pump':      1        0

Improving bounds shared    Num  Sym
            'default_lp':    2    0
                 'fixed':  547    0
                 'no_lp':   21    0
   'objective_lb_search':    3    0
         'quick_restart':  262    0

CpSolverResponse summary:
status: OPTIMAL
objective: 77
best_bound: 77
integers: 266
booleans: 8
conflicts: 0
branches: 8
propagations: 0
integer_propagations: 122
restarts: 0
lp_iterations: 0
walltime: 0.0430448
usertime: 0.0430448
deterministic_time: 0.155557
gap_integral: 0.777257
solution_fingerprint: 0x4c8644d9d1cd6d2c

