
Starting CP-SAT solver v9.14.6206
Parameters: max_time_in_seconds: 300 log_search_progress: true num_search_workers: 104 relative_gap_limit: 0.005

Initial optimization model '': (model_fingerprint: 0x39419a96ffb65394)
#Variables: 463 (#ints: 81 in objective) (382 primary variables)
  - 81 in [0,37820]
  - 62 in [24480,37820]
  - 320 in [25920,37820]
#kInterval: 196 (#fixed: 5)
#kLinMax: 81 (#expressions: 162)
#kLinear1: 25
#kLinear2: 166
#kNoOverlap: 10 (#intervals: 196, #fixed_intervals: 5)

Starting presolve at 0.00s
  7.65e-05s  0.00e+00d  [DetectDominanceRelations] 
  1.88e-03s  0.00e+00d  [PresolveToFixPoint] #num_loops=10 #num_dual_strengthening=1 
  2.37e-06s  0.00e+00d  [ExtractEncodingFromLinear] 
  1.35e-05s  0.00e+00d  [DetectDuplicateColumns] 
  7.60e-05s  0.00e+00d  [DetectDuplicateConstraints] 
[Symmetry] Graph for symmetry has 1'156 nodes and 1'137 arcs.
[Symmetry] Symmetry computation done. time: 8.9762e-05 dtime: 0.00011138
  6.92e-05s  0.00e+00d  [DetectDuplicateConstraintsWithDifferentEnforcements] 
  5.36e-04s  6.86e-06d  [Probe] #new_bounds=31 
  2.16e-06s  0.00e+00d  [MaxClique] 
  6.94e-05s  0.00e+00d  [DetectDominanceRelations] 
  6.04e-04s  0.00e+00d  [PresolveToFixPoint] #num_loops=3 #num_dual_strengthening=2 
  2.83e-05s  0.00e+00d  [ProcessAtMostOneAndLinear] 
  6.51e-05s  0.00e+00d  [DetectDuplicateConstraints] 
  6.23e-05s  0.00e+00d  [DetectDuplicateConstraintsWithDifferentEnforcements] 
  2.62e-05s  1.28e-06d  [DetectDominatedLinearConstraints] #relevant_constraints=214 
  2.95e-05s  0.00e+00d  [DetectDifferentVariables] 
  2.31e-06s  0.00e+00d  [ProcessSetPPC] 
  2.55e-06s  0.00e+00d  [FindAlmostIdenticalLinearConstraints] 
  1.10e-05s  0.00e+00d  [FindBigAtMostOneAndLinearOverlap] 
  1.66e-05s  7.98e-06d  [FindBigVerticalLinearOverlap] 
  2.00e-06s  0.00e+00d  [FindBigHorizontalLinearOverlap] 
  1.67e-06s  0.00e+00d  [MergeClauses] 
  6.59e-05s  0.00e+00d  [DetectDominanceRelations] 
  3.75e-04s  0.00e+00d  [PresolveToFixPoint] #num_loops=1 #num_dual_strengthening=1 
  6.23e-05s  0.00e+00d  [DetectDominanceRelations] 
  3.76e-04s  0.00e+00d  [PresolveToFixPoint] #num_loops=1 #num_dual_strengthening=1 
  1.06e-05s  0.00e+00d  [DetectDuplicateColumns] 
  6.30e-05s  0.00e+00d  [DetectDuplicateConstraints] 
[Symmetry] Graph for symmetry has 1'138 nodes and 1'112 arcs.
[Symmetry] Symmetry computation done. time: 7.1968e-05 dtime: 0.00010917
  6.49e-05s  0.00e+00d  [DetectDuplicateConstraintsWithDifferentEnforcements] 
  4.62e-04s  2.34e-06d  [Probe] 
  1.79e-06s  0.00e+00d  [MaxClique] 
  6.62e-05s  0.00e+00d  [DetectDominanceRelations] 
  4.07e-04s  0.00e+00d  [PresolveToFixPoint] #num_loops=1 #num_dual_strengthening=1 
  2.82e-05s  0.00e+00d  [ProcessAtMostOneAndLinear] 
  6.20e-05s  0.00e+00d  [DetectDuplicateConstraints] 
  6.12e-05s  0.00e+00d  [DetectDuplicateConstraintsWithDifferentEnforcements] 
  2.50e-05s  1.28e-06d  [DetectDominatedLinearConstraints] #relevant_constraints=214 
  2.84e-05s  0.00e+00d  [DetectDifferentVariables] 
  2.08e-06s  0.00e+00d  [ProcessSetPPC] 
  2.43e-06s  0.00e+00d  [FindAlmostIdenticalLinearConstraints] 
  1.07e-05s  0.00e+00d  [FindBigAtMostOneAndLinearOverlap] 
  1.63e-05s  7.98e-06d  [FindBigVerticalLinearOverlap] 
  2.05e-06s  0.00e+00d  [FindBigHorizontalLinearOverlap] 
  1.58e-06s  0.00e+00d  [MergeClauses] 
  6.40e-05s  0.00e+00d  [DetectDominanceRelations] 
  3.74e-04s  0.00e+00d  [PresolveToFixPoint] #num_loops=1 #num_dual_strengthening=1 
  1.59e-05s  0.00e+00d  [ExpandObjective] 

Presolve summary:
  - 202 affine relations were detected.
  - rule 'TODO dual: only one blocking constraint?' was applied 633 times.
  - rule 'TODO dual: only one unspecified blocking constraint?' was applied 338 times.
  - rule 'affine: new relation' was applied 202 times.
  - rule 'dual: fix variable' was applied 1 time.
  - rule 'dual: reduced domain' was applied 6 times.
  - rule 'intervals: removed unused interval' was applied 5 times.
  - rule 'lin_max: converted abs to equality' was applied 10 times.
  - rule 'lin_max: propagate domain from x to abs(x)' was applied 51 times.
  - rule 'lin_max: rewrite with precedences' was applied 50 times.
  - rule 'lin_max: target domain reduced' was applied 50 times.
  - rule 'linear1: x in domain' was applied 19 times.
  - rule 'linear: always true' was applied 57 times.
  - rule 'linear: reduced variable domains' was applied 963 times.
  - rule 'linear: remapped using affine relations' was applied 431 times.
  - rule 'linear: tightened into equality' was applied 1 time.
  - rule 'no_overlap: split into disjoint components' was applied 5 times.
  - rule 'objective: variable not used elsewhere' was applied 1 time.
  - rule 'presolve: 1 unused variables removed.' was applied 1 time.
  - rule 'presolve: iteration' was applied 2 times.

Presolved optimization model '': (model_fingerprint: 0x9c6c4b0dd2198732)
#Variables: 260 (#ints: 79 in objective) (191 primary variables)
  - 236 different domains in [0,37799] with a largest complexity of 1.
#kInterval: 191
#kLinMax: 21 (#expressions: 42)
#kLinear2: 214
#kNoOverlap: 10 (#intervals: 191)
[Symmetry] Graph for symmetry has 935 nodes and 1'112 arcs.
[Symmetry] Symmetry computation done. time: 6.1435e-05 dtime: 9.699e-05

Preloading model.
#Bound   0.01s best:inf   next:[1341,1746942] initial_domain
#Model   0.01s var:260/260 constraints:436/436

Starting search at 0.01s with 104 workers.
18 full problem subsolvers: [core, default_lp, fixed, lb_tree_search, max_lp, no_lp, objective_lb_search, objective_lb_search_max_lp, objective_lb_search_no_lp, objective_shaving_max_lp, objective_shaving_no_lp, probing, probing_max_lp, probing_no_lp, pseudo_costs, quick_restart, quick_restart_no_lp, reduced_costs]
86 first solution subsolvers: [fj(25), fj_lin(12), fs_random(12), fs_random_no_lp(13), fs_random_quick_restart(12), fs_random_quick_restart_no_lp(12)]
45 interleaved subsolvers: [feasibility_pump, graph_arc_lns, graph_cst_lns, graph_dec_lns, graph_var_lns, lb_relax_lns, ls(19), ls_lin(10), rins/rens, rnd_cst_lns, rnd_var_lns, scheduling_intervals_lns, scheduling_precedences_lns, scheduling_resource_windows_lns, scheduling_time_window_lns, variables_shaving, variables_shaving_max_lp, variables_shaving_no_lp]
3 helper subsolvers: [neighborhood_helper, synchronization_agent, update_gap_integral]

#1       0.02s best:52828 next:[1341,52827] no_lp
#2       0.02s best:3919  next:[1341,3918] core
#Bound   0.02s best:3919  next:[1348,3918] objective_lb_search_no_lp
#Bound   0.02s best:3919  next:[1358,3918] objective_lb_search_no_lp
#Bound   0.02s best:3919  next:[1445,3918] objective_lb_search_no_lp
#Bound   0.02s best:3919  next:[1446,3918] objective_lb_search_no_lp
#Bound   0.02s best:3919  next:[1456,3918] objective_lb_search_no_lp
#Bound   0.02s best:3919  next:[1570,3918] objective_lb_search_no_lp
#Bound   0.02s best:3919  next:[1593,3918] objective_lb_search_no_lp
#Bound   0.02s best:3919  next:[1595,3918] objective_lb_search_no_lp
#3       0.02s best:3914  next:[1595,3913] ls_restart_compound(batch:1 lin{mvs:0 evals:60} gen{mvs:60 evals:351} comp{mvs:10 btracks:25} #w_updates:1 #perturb:0)
#4       0.03s best:3909  next:[1595,3908] ls_restart_decay_perturb(batch:1 lin{mvs:3 evals:60} gen{mvs:16 evals:148} #w_updates:7 #perturb:0)
#5       0.03s best:3907  next:[1595,3906] graph_var_lns (d=5.00e-01 s=31 t=0.10 p=0.00 stall=0 h=base)
#6       0.03s best:3897  next:[1595,3896] graph_var_lns (d=5.00e-01 s=31 t=0.10 p=0.00 stall=0 h=base) [combined with: ls_restart_decay_per...]
#7       0.03s best:3892  next:[1595,3891] ls_restart_compound_perturb(batch:1 lin{mvs:0 evals:11} gen{mvs:6 evals:45} comp{mvs:6 btracks:0} #w_updates:0 #perturb:0)
#8       0.03s best:3887  next:[1595,3886] ls_restart(batch:1 lin{mvs:4 evals:61} gen{mvs:16 evals:150} #w_updates:8 #perturb:0)
#Bound   0.03s best:3887  next:[2050,3886] objective_lb_search_no_lp
#9       0.03s best:3855  next:[2050,3854] ls_lin_restart_perturb(batch:1 lin{mvs:4 evals:50} gen{mvs:7 evals:63} #w_updates:1 #perturb:0)
#Bound   0.03s best:3855  next:[2176,3854] max_lp
#10      0.03s best:3850  next:[2176,3849] ls_restart_decay(batch:1 lin{mvs:3 evals:47} gen{mvs:16 evals:119} #w_updates:7 #perturb:0)
#11      0.03s best:3845  next:[2176,3844] ls_restart_compound_perturb(batch:1 lin{mvs:0 evals:36} gen{mvs:31 evals:212} comp{mvs:7 btracks:12} #w_updates:1 #perturb:0)
#12      0.03s best:3840  next:[2176,3839] ls_restart(batch:1 lin{mvs:2 evals:32} gen{mvs:5 evals:38} #w_updates:1 #perturb:0)
#13      0.03s best:3835  next:[2176,3834] ls_restart_compound_perturb(batch:1 lin{mvs:0 evals:10} gen{mvs:11 evals:64} comp{mvs:5 btracks:3} #w_updates:0 #perturb:0)
#14      0.03s best:3830  next:[2176,3829] ls_restart_perturb(batch:1 lin{mvs:2 evals:40} gen{mvs:9 evals:71} #w_updates:3 #perturb:0)
#15      0.03s best:3820  next:[2176,3819] ls_lin_restart_decay(batch:1 lin{mvs:5 evals:53} gen{mvs:1 evals:12} #w_updates:0 #perturb:0)
#16      0.03s best:3815  next:[2176,3814] ls_lin_restart_compound_perturb(batch:1 lin{mvs:0 evals:6} gen{mvs:3 evals:23} comp{mvs:3 btracks:0} #w_updates:0 #perturb:0)
#17      0.03s best:3810  next:[2176,3809] ls_lin_restart_decay_compound(batch:1 lin{mvs:0 evals:46} gen{mvs:33 evals:222} comp{mvs:13 btracks:10} #w_updates:0 #perturb:0)
#18      0.03s best:3805  next:[2176,3804] ls_restart_decay(batch:1 lin{mvs:3 evals:39} gen{mvs:6 evals:45} #w_updates:3 #perturb:0)
#19      0.03s best:3800  next:[2176,3799] ls_restart_compound(batch:1 lin{mvs:0 evals:6} gen{mvs:3 evals:22} comp{mvs:3 btracks:0} #w_updates:0 #perturb:0)
#20      0.03s best:3795  next:[2176,3794] ls_restart_decay(batch:1 lin{mvs:4 evals:60} gen{mvs:9 evals:59} #w_updates:3 #perturb:0)
#21      0.03s best:3790  next:[2176,3789] ls_restart_decay(batch:1 lin{mvs:4 evals:60} gen{mvs:7 evals:53} #w_updates:2 #perturb:0)
#22      0.03s best:3785  next:[2176,3784] ls_restart_compound_perturb(batch:1 lin{mvs:0 evals:38} gen{mvs:37 evals:191} comp{mvs:5 btracks:16} #w_updates:0 #perturb:0)
#23      0.03s best:3780  next:[2176,3779] ls_lin_restart(batch:1 lin{mvs:3 evals:36} gen{mvs:6 evals:46} #w_updates:2 #perturb:0)
#24      0.03s best:3775  next:[2176,3774] ls_lin_restart_compound_perturb(batch:1 lin{mvs:0 evals:5} gen{mvs:3 evals:24} comp{mvs:3 btracks:0} #w_updates:0 #perturb:0)
#25      0.04s best:3770  next:[2176,3769] ls_lin_restart_perturb(batch:1 lin{mvs:2 evals:35} gen{mvs:5 evals:39} #w_updates:1 #perturb:0)
#26      0.04s best:3765  next:[2176,3764] ls_restart(batch:1 lin{mvs:2 evals:33} gen{mvs:5 evals:41} #w_updates:1 #perturb:0)
#27      0.04s best:3760  next:[2176,3759] ls_restart_compound(batch:1 lin{mvs:0 evals:6} gen{mvs:3 evals:24} comp{mvs:3 btracks:0} #w_updates:0 #perturb:0)
#28      0.04s best:3755  next:[2176,3754] ls_restart_compound(batch:1 lin{mvs:0 evals:13} gen{mvs:11 evals:65} comp{mvs:5 btracks:3} #w_updates:0 #perturb:0)
#29      0.04s best:3750  next:[2176,3749] ls_restart(batch:1 lin{mvs:4 evals:65} gen{mvs:11 evals:83} #w_updates:4 #perturb:0)
#30      0.04s best:3719  next:[2176,3718] rnd_var_lns (d=5.00e-01 s=29 t=0.10 p=0.00 stall=0 h=base)
#31      0.04s best:3682  next:[2176,3681] rnd_var_lns (d=5.00e-01 s=29 t=0.10 p=0.00 stall=0 h=base) [combined with: ls_restart(batch:1 l...]
#32      0.04s best:3665  next:[2176,3664] rnd_cst_lns (d=7.07e-01 s=74 t=0.10 p=1.00 stall=1 h=base)
#Bound   0.04s best:3665  next:[2221,3664] max_lp
#33      0.04s best:3629  next:[2221,3628] ls_restart_decay_compound_perturb(batch:1 lin{mvs:0 evals:63} gen{mvs:107 evals:592} comp{mvs:23 btracks:42} #w_updates:1 #perturb:0)
#34      0.05s best:3628  next:[2221,3627] ls_restart_decay(batch:1 lin{mvs:3 evals:52} gen{mvs:148 evals:1'147} #w_updates:71 #perturb:0)
#35      0.05s best:3383  next:[2221,3382] ls_restart_decay_perturb(batch:1 lin{mvs:4 evals:240} gen{mvs:236 evals:1'935} #w_updates:70 #perturb:0)
#36      0.05s best:3335  next:[2221,3334] ls_lin_restart_decay_perturb(batch:1 lin{mvs:3 evals:105} gen{mvs:244 evals:1'938} #w_updates:118 #perturb:0)
#37      0.05s best:3299  next:[2221,3298] lb_relax_lns_int_h (d=5.00e-01 s=35 t=0.50 p=0.00 stall=0 h=base) [combined with: ls_lin_restart_decay...]
#38      0.06s best:3133  next:[2221,3132] rins_pump_lns (d=7.07e-01 s=215 t=0.10 p=1.00 stall=0 h=base)
#Bound   0.07s best:3133  next:[2234,3132] objective_lb_search_no_lp
#Bound   0.07s best:3133  next:[2379,3132] objective_lb_search_no_lp
#39      0.09s best:3129  next:[2379,3128] ls_restart_decay_perturb(batch:1 lin{mvs:4 evals:170} gen{mvs:525 evals:4'112} #w_updates:139 #perturb:0)
#40      0.09s best:3125  next:[2379,3124] ls_restart(batch:1 lin{mvs:5 evals:48} gen{mvs:19 evals:160} #w_updates:8 #perturb:0)
#41      0.09s best:3121  next:[2379,3120] ls_restart_compound(batch:1 lin{mvs:0 evals:2} gen{mvs:116 evals:629} comp{mvs:8 btracks:54} #w_updates:2 #perturb:0)
#42      0.10s best:3117  next:[2379,3116] ls_restart_decay_compound(batch:1 lin{mvs:0 evals:0} gen{mvs:136 evals:703} comp{mvs:8 btracks:64} #w_updates:2 #perturb:0)
#43      0.10s best:3113  next:[2379,3112] ls_restart_compound_perturb(batch:1 lin{mvs:0 evals:1} gen{mvs:38 evals:176} comp{mvs:4 btracks:17} #w_updates:0 #perturb:0)
#44      0.10s best:3109  next:[2379,3108] ls_restart_compound_perturb(batch:1 lin{mvs:0 evals:0} gen{mvs:2 evals:15} comp{mvs:2 btracks:0} #w_updates:0 #perturb:0)
#45      0.10s best:3105  next:[2379,3104] ls_restart_decay_perturb(batch:1 lin{mvs:6 evals:45} gen{mvs:12 evals:84} #w_updates:3 #perturb:0)
#46      0.10s best:3101  next:[2379,3100] ls_restart_decay(batch:1 lin{mvs:3 evals:32} gen{mvs:10 evals:78} #w_updates:2 #perturb:0)
#47      0.10s best:3097  next:[2379,3096] ls_restart_compound_perturb(batch:1 lin{mvs:0 evals:0} gen{mvs:6 evals:41} comp{mvs:4 btracks:1} #w_updates:0 #perturb:0)
#48      0.10s best:3093  next:[2379,3092] ls_restart_compound(batch:1 lin{mvs:0 evals:0} gen{mvs:8 evals:48} comp{mvs:4 btracks:2} #w_updates:0 #perturb:0)
#49      0.10s best:3089  next:[2379,3088] ls_restart_compound_perturb(batch:1 lin{mvs:0 evals:0} gen{mvs:2 evals:15} comp{mvs:2 btracks:0} #w_updates:0 #perturb:0)
#50      0.10s best:3085  next:[2379,3084] ls_restart_decay_compound_perturb(batch:1 lin{mvs:0 evals:0} gen{mvs:70 evals:393} comp{mvs:8 btracks:31} #w_updates:1 #perturb:0)
#51      0.10s best:3082  next:[2379,3081] ls_restart_perturb(batch:1 lin{mvs:5 evals:41} gen{mvs:27 evals:216} #w_updates:19 #perturb:0)
#52      0.10s best:2981  next:[2379,2980] quick_restart_no_lp
#53      0.10s best:2973  next:[2379,2972] ls_restart_decay(batch:1 lin{mvs:5 evals:36} gen{mvs:4 evals:35} #w_updates:0 #perturb:0)
#54      0.11s best:2969  next:[2379,2968] ls_restart_decay_perturb(batch:1 lin{mvs:3 evals:25} gen{mvs:189 evals:1'383} #w_updates:132 #perturb:0)
#Bound   0.11s best:2969  next:[2495,2968] objective_lb_search_no_lp
#55      0.12s best:2965  next:[2495,2964] ls_restart_decay_perturb(batch:1 lin{mvs:3 evals:25} gen{mvs:158 evals:1'137} #w_updates:83 #perturb:0)
#Bound   0.12s best:2965  next:[2535,2964] objective_lb_search_no_lp
#Bound   0.13s best:2965  next:[2540,2964] objective_lb_search_no_lp
#56      0.15s best:2962  next:[2540,2961] ls_lin_restart_decay_perturb(batch:1 lin{mvs:3 evals:896} gen{mvs:1'542 evals:12'331} #w_updates:254 #perturb:0)
#57      0.15s best:2958  next:[2540,2957] ls_lin_restart_decay_compound_perturb(batch:1 lin{mvs:0 evals:230} gen{mvs:386 evals:2'573} comp{mvs:26 btracks:180} #w_updates:4 #perturb:0)
#Bound   0.22s best:2958  next:[2550,2957] objective_lb_search_no_lp
#Bound   0.24s best:2958  next:[2558,2957] objective_lb_search_no_lp
#Bound   0.26s best:2958  next:[2601,2957] bool_core (num_cores=13 [size:2 mw:4 d:7] a=67 d=7 fixed=413/2268 clauses=42'047)
#Bound   0.26s best:2958  next:[2605,2957] bool_core (num_cores=13 [cover] a=67 d=7 fixed=413/2285 clauses=42'699)
Relative gap limit of 0.005 reached.
#Done    0.76s probing_no_lp
#Bound   0.76s best:2958  next:[2956,2957] lb_tree_search [skipped_logs=67]

Task timing                                  n [     min,      max]      avg      dev     time         n [     min,      max]      avg      dev    dtime
                             'core':         1 [743.08ms, 743.08ms] 743.08ms   0.00ns 743.08ms         0 [  0.00ns,   0.00ns]   0.00ns   0.00ns   0.00ns
                       'default_lp':         1 [743.71ms, 743.71ms] 743.71ms   0.00ns 743.71ms         0 [  0.00ns,   0.00ns]   0.00ns   0.00ns   0.00ns
                 'feasibility_pump':       161 [ 89.03us,   1.39ms] 149.47us 139.84us  24.06ms       160 [ 39.32us, 818.17us]  44.19us  61.38us   7.07ms
                            'fixed':         1 [743.50ms, 743.50ms] 743.50ms   0.00ns 743.50ms         1 [251.64ms, 251.64ms] 251.64ms   0.00ns 251.64ms
                               'fj':         0 [  0.00ns,   0.00ns]   0.00ns   0.00ns   0.00ns         0 [  0.00ns,   0.00ns]   0.00ns   0.00ns   0.00ns
                               'fj':         0 [  0.00ns,   0.00ns]   0.00ns   0.00ns   0.00ns         0 [  0.00ns,   0.00ns]   0.00ns   0.00ns   0.00ns
                               'fj':         0 [  0.00ns,   0.00ns]   0.00ns   0.00ns   0.00ns         0 [  0.00ns,   0.00ns]   0.00ns   0.00ns   0.00ns
                               'fj':         0 [  0.00ns,   0.00ns]   0.00ns   0.00ns   0.00ns         0 [  0.00ns,   0.00ns]   0.00ns   0.00ns   0.00ns
                               'fj':         0 [  0.00ns,   0.00ns]   0.00ns   0.00ns   0.00ns         0 [  0.00ns,   0.00ns]   0.00ns   0.00ns   0.00ns
                               'fj':         0 [  0.00ns,   0.00ns]   0.00ns   0.00ns   0.00ns         0 [  0.00ns,   0.00ns]   0.00ns   0.00ns   0.00ns
                               'fj':         0 [  0.00ns,   0.00ns]   0.00ns   0.00ns   0.00ns         0 [  0.00ns,   0.00ns]   0.00ns   0.00ns   0.00ns
                               'fj':         0 [  0.00ns,   0.00ns]   0.00ns   0.00ns   0.00ns         0 [  0.00ns,   0.00ns]   0.00ns   0.00ns   0.00ns
                               'fj':         0 [  0.00ns,   0.00ns]   0.00ns   0.00ns   0.00ns         0 [  0.00ns,   0.00ns]   0.00ns   0.00ns   0.00ns
                               'fj':         0 [  0.00ns,   0.00ns]   0.00ns   0.00ns   0.00ns         0 [  0.00ns,   0.00ns]   0.00ns   0.00ns   0.00ns
                               'fj':         0 [  0.00ns,   0.00ns]   0.00ns   0.00ns   0.00ns         0 [  0.00ns,   0.00ns]   0.00ns   0.00ns   0.00ns
                               'fj':         0 [  0.00ns,   0.00ns]   0.00ns   0.00ns   0.00ns         0 [  0.00ns,   0.00ns]   0.00ns   0.00ns   0.00ns
                               'fj':         0 [  0.00ns,   0.00ns]   0.00ns   0.00ns   0.00ns         0 [  0.00ns,   0.00ns]   0.00ns   0.00ns   0.00ns
                               'fj':         0 [  0.00ns,   0.00ns]   0.00ns   0.00ns   0.00ns         0 [  0.00ns,   0.00ns]   0.00ns   0.00ns   0.00ns
                               'fj':         0 [  0.00ns,   0.00ns]   0.00ns   0.00ns   0.00ns         0 [  0.00ns,   0.00ns]   0.00ns   0.00ns   0.00ns
                               'fj':         0 [  0.00ns,   0.00ns]   0.00ns   0.00ns   0.00ns         0 [  0.00ns,   0.00ns]   0.00ns   0.00ns   0.00ns
                               'fj':         0 [  0.00ns,   0.00ns]   0.00ns   0.00ns   0.00ns         0 [  0.00ns,   0.00ns]   0.00ns   0.00ns   0.00ns
                               'fj':         0 [  0.00ns,   0.00ns]   0.00ns   0.00ns   0.00ns         0 [  0.00ns,   0.00ns]   0.00ns   0.00ns   0.00ns
                               'fj':         0 [  0.00ns,   0.00ns]   0.00ns   0.00ns   0.00ns         0 [  0.00ns,   0.00ns]   0.00ns   0.00ns   0.00ns
                               'fj':         0 [  0.00ns,   0.00ns]   0.00ns   0.00ns   0.00ns         0 [  0.00ns,   0.00ns]   0.00ns   0.00ns   0.00ns
                               'fj':         0 [  0.00ns,   0.00ns]   0.00ns   0.00ns   0.00ns         0 [  0.00ns,   0.00ns]   0.00ns   0.00ns   0.00ns
                               'fj':         0 [  0.00ns,   0.00ns]   0.00ns   0.00ns   0.00ns         0 [  0.00ns,   0.00ns]   0.00ns   0.00ns   0.00ns
                               'fj':         0 [  0.00ns,   0.00ns]   0.00ns   0.00ns   0.00ns         0 [  0.00ns,   0.00ns]   0.00ns   0.00ns   0.00ns
                               'fj':         0 [  0.00ns,   0.00ns]   0.00ns   0.00ns   0.00ns         0 [  0.00ns,   0.00ns]   0.00ns   0.00ns   0.00ns
                               'fj':         0 [  0.00ns,   0.00ns]   0.00ns   0.00ns   0.00ns         0 [  0.00ns,   0.00ns]   0.00ns   0.00ns   0.00ns
                           'fj_lin':         0 [  0.00ns,   0.00ns]   0.00ns   0.00ns   0.00ns         0 [  0.00ns,   0.00ns]   0.00ns   0.00ns   0.00ns
                           'fj_lin':         0 [  0.00ns,   0.00ns]   0.00ns   0.00ns   0.00ns         0 [  0.00ns,   0.00ns]   0.00ns   0.00ns   0.00ns
                           'fj_lin':         0 [  0.00ns,   0.00ns]   0.00ns   0.00ns   0.00ns         0 [  0.00ns,   0.00ns]   0.00ns   0.00ns   0.00ns
                           'fj_lin':         0 [  0.00ns,   0.00ns]   0.00ns   0.00ns   0.00ns         0 [  0.00ns,   0.00ns]   0.00ns   0.00ns   0.00ns
                           'fj_lin':         0 [  0.00ns,   0.00ns]   0.00ns   0.00ns   0.00ns         0 [  0.00ns,   0.00ns]   0.00ns   0.00ns   0.00ns
                           'fj_lin':         0 [  0.00ns,   0.00ns]   0.00ns   0.00ns   0.00ns         0 [  0.00ns,   0.00ns]   0.00ns   0.00ns   0.00ns
                           'fj_lin':         0 [  0.00ns,   0.00ns]   0.00ns   0.00ns   0.00ns         0 [  0.00ns,   0.00ns]   0.00ns   0.00ns   0.00ns
                           'fj_lin':         0 [  0.00ns,   0.00ns]   0.00ns   0.00ns   0.00ns         0 [  0.00ns,   0.00ns]   0.00ns   0.00ns   0.00ns
                           'fj_lin':         0 [  0.00ns,   0.00ns]   0.00ns   0.00ns   0.00ns         0 [  0.00ns,   0.00ns]   0.00ns   0.00ns   0.00ns
                           'fj_lin':         0 [  0.00ns,   0.00ns]   0.00ns   0.00ns   0.00ns         0 [  0.00ns,   0.00ns]   0.00ns   0.00ns   0.00ns
                           'fj_lin':         0 [  0.00ns,   0.00ns]   0.00ns   0.00ns   0.00ns         0 [  0.00ns,   0.00ns]   0.00ns   0.00ns   0.00ns
                           'fj_lin':         0 [  0.00ns,   0.00ns]   0.00ns   0.00ns   0.00ns         0 [  0.00ns,   0.00ns]   0.00ns   0.00ns   0.00ns
                        'fs_random':         0 [  0.00ns,   0.00ns]   0.00ns   0.00ns   0.00ns         0 [  0.00ns,   0.00ns]   0.00ns   0.00ns   0.00ns
                        'fs_random':         0 [  0.00ns,   0.00ns]   0.00ns   0.00ns   0.00ns         0 [  0.00ns,   0.00ns]   0.00ns   0.00ns   0.00ns
                        'fs_random':         0 [  0.00ns,   0.00ns]   0.00ns   0.00ns   0.00ns         0 [  0.00ns,   0.00ns]   0.00ns   0.00ns   0.00ns
                        'fs_random':         0 [  0.00ns,   0.00ns]   0.00ns   0.00ns   0.00ns         0 [  0.00ns,   0.00ns]   0.00ns   0.00ns   0.00ns
                        'fs_random':         0 [  0.00ns,   0.00ns]   0.00ns   0.00ns   0.00ns         0 [  0.00ns,   0.00ns]   0.00ns   0.00ns   0.00ns
                        'fs_random':         0 [  0.00ns,   0.00ns]   0.00ns   0.00ns   0.00ns         0 [  0.00ns,   0.00ns]   0.00ns   0.00ns   0.00ns
                        'fs_random':         0 [  0.00ns,   0.00ns]   0.00ns   0.00ns   0.00ns         0 [  0.00ns,   0.00ns]   0.00ns   0.00ns   0.00ns
                        'fs_random':         0 [  0.00ns,   0.00ns]   0.00ns   0.00ns   0.00ns         0 [  0.00ns,   0.00ns]   0.00ns   0.00ns   0.00ns
                        'fs_random':         0 [  0.00ns,   0.00ns]   0.00ns   0.00ns   0.00ns         0 [  0.00ns,   0.00ns]   0.00ns   0.00ns   0.00ns
                        'fs_random':         0 [  0.00ns,   0.00ns]   0.00ns   0.00ns   0.00ns         0 [  0.00ns,   0.00ns]   0.00ns   0.00ns   0.00ns
                        'fs_random':         1 [  1.76ms,   1.76ms]   1.76ms   0.00ns   1.76ms         0 [  0.00ns,   0.00ns]   0.00ns   0.00ns   0.00ns
                        'fs_random':         1 [  2.71ms,   2.71ms]   2.71ms   0.00ns   2.71ms         0 [  0.00ns,   0.00ns]   0.00ns   0.00ns   0.00ns
                  'fs_random_no_lp':         0 [  0.00ns,   0.00ns]   0.00ns   0.00ns   0.00ns         0 [  0.00ns,   0.00ns]   0.00ns   0.00ns   0.00ns
                  'fs_random_no_lp':         0 [  0.00ns,   0.00ns]   0.00ns   0.00ns   0.00ns         0 [  0.00ns,   0.00ns]   0.00ns   0.00ns   0.00ns
                  'fs_random_no_lp':         0 [  0.00ns,   0.00ns]   0.00ns   0.00ns   0.00ns         0 [  0.00ns,   0.00ns]   0.00ns   0.00ns   0.00ns
                  'fs_random_no_lp':         0 [  0.00ns,   0.00ns]   0.00ns   0.00ns   0.00ns         0 [  0.00ns,   0.00ns]   0.00ns   0.00ns   0.00ns
                  'fs_random_no_lp':         0 [  0.00ns,   0.00ns]   0.00ns   0.00ns   0.00ns         0 [  0.00ns,   0.00ns]   0.00ns   0.00ns   0.00ns
                  'fs_random_no_lp':         0 [  0.00ns,   0.00ns]   0.00ns   0.00ns   0.00ns         0 [  0.00ns,   0.00ns]   0.00ns   0.00ns   0.00ns
                  'fs_random_no_lp':         0 [  0.00ns,   0.00ns]   0.00ns   0.00ns   0.00ns         0 [  0.00ns,   0.00ns]   0.00ns   0.00ns   0.00ns
                  'fs_random_no_lp':         0 [  0.00ns,   0.00ns]   0.00ns   0.00ns   0.00ns         0 [  0.00ns,   0.00ns]   0.00ns   0.00ns   0.00ns
                  'fs_random_no_lp':         0 [  0.00ns,   0.00ns]   0.00ns   0.00ns   0.00ns         0 [  0.00ns,   0.00ns]   0.00ns   0.00ns   0.00ns
                  'fs_random_no_lp':         0 [  0.00ns,   0.00ns]   0.00ns   0.00ns   0.00ns         0 [  0.00ns,   0.00ns]   0.00ns   0.00ns   0.00ns
                  'fs_random_no_lp':         0 [  0.00ns,   0.00ns]   0.00ns   0.00ns   0.00ns         0 [  0.00ns,   0.00ns]   0.00ns   0.00ns   0.00ns
                  'fs_random_no_lp':         1 [  1.67ms,   1.67ms]   1.67ms   0.00ns   1.67ms         1 [ 75.37us,  75.37us]  75.37us   0.00ns  75.37us
                  'fs_random_no_lp':         1 [788.42us, 788.42us] 788.42us   0.00ns 788.42us         0 [  0.00ns,   0.00ns]   0.00ns   0.00ns   0.00ns
          'fs_random_quick_restart':         0 [  0.00ns,   0.00ns]   0.00ns   0.00ns   0.00ns         0 [  0.00ns,   0.00ns]   0.00ns   0.00ns   0.00ns
          'fs_random_quick_restart':         0 [  0.00ns,   0.00ns]   0.00ns   0.00ns   0.00ns         0 [  0.00ns,   0.00ns]   0.00ns   0.00ns   0.00ns
          'fs_random_quick_restart':         0 [  0.00ns,   0.00ns]   0.00ns   0.00ns   0.00ns         0 [  0.00ns,   0.00ns]   0.00ns   0.00ns   0.00ns
          'fs_random_quick_restart':         0 [  0.00ns,   0.00ns]   0.00ns   0.00ns   0.00ns         0 [  0.00ns,   0.00ns]   0.00ns   0.00ns   0.00ns
          'fs_random_quick_restart':         0 [  0.00ns,   0.00ns]   0.00ns   0.00ns   0.00ns         0 [  0.00ns,   0.00ns]   0.00ns   0.00ns   0.00ns
          'fs_random_quick_restart':         0 [  0.00ns,   0.00ns]   0.00ns   0.00ns   0.00ns         0 [  0.00ns,   0.00ns]   0.00ns   0.00ns   0.00ns
          'fs_random_quick_restart':         0 [  0.00ns,   0.00ns]   0.00ns   0.00ns   0.00ns         0 [  0.00ns,   0.00ns]   0.00ns   0.00ns   0.00ns
          'fs_random_quick_restart':         0 [  0.00ns,   0.00ns]   0.00ns   0.00ns   0.00ns         0 [  0.00ns,   0.00ns]   0.00ns   0.00ns   0.00ns
          'fs_random_quick_restart':         0 [  0.00ns,   0.00ns]   0.00ns   0.00ns   0.00ns         0 [  0.00ns,   0.00ns]   0.00ns   0.00ns   0.00ns
          'fs_random_quick_restart':         0 [  0.00ns,   0.00ns]   0.00ns   0.00ns   0.00ns         0 [  0.00ns,   0.00ns]   0.00ns   0.00ns   0.00ns
          'fs_random_quick_restart':         1 [  2.16ms,   2.16ms]   2.16ms   0.00ns   2.16ms         0 [  0.00ns,   0.00ns]   0.00ns   0.00ns   0.00ns
          'fs_random_quick_restart':         1 [103.51us, 103.51us] 103.51us   0.00ns 103.51us         0 [  0.00ns,   0.00ns]   0.00ns   0.00ns   0.00ns
    'fs_random_quick_restart_no_lp':         0 [  0.00ns,   0.00ns]   0.00ns   0.00ns   0.00ns         0 [  0.00ns,   0.00ns]   0.00ns   0.00ns   0.00ns
    'fs_random_quick_restart_no_lp':         0 [  0.00ns,   0.00ns]   0.00ns   0.00ns   0.00ns         0 [  0.00ns,   0.00ns]   0.00ns   0.00ns   0.00ns
    'fs_random_quick_restart_no_lp':         0 [  0.00ns,   0.00ns]   0.00ns   0.00ns   0.00ns         0 [  0.00ns,   0.00ns]   0.00ns   0.00ns   0.00ns
    'fs_random_quick_restart_no_lp':         0 [  0.00ns,   0.00ns]   0.00ns   0.00ns   0.00ns         0 [  0.00ns,   0.00ns]   0.00ns   0.00ns   0.00ns
    'fs_random_quick_restart_no_lp':         0 [  0.00ns,   0.00ns]   0.00ns   0.00ns   0.00ns         0 [  0.00ns,   0.00ns]   0.00ns   0.00ns   0.00ns
    'fs_random_quick_restart_no_lp':         0 [  0.00ns,   0.00ns]   0.00ns   0.00ns   0.00ns         0 [  0.00ns,   0.00ns]   0.00ns   0.00ns   0.00ns
    'fs_random_quick_restart_no_lp':         0 [  0.00ns,   0.00ns]   0.00ns   0.00ns   0.00ns         0 [  0.00ns,   0.00ns]   0.00ns   0.00ns   0.00ns
    'fs_random_quick_restart_no_lp':         0 [  0.00ns,   0.00ns]   0.00ns   0.00ns   0.00ns         0 [  0.00ns,   0.00ns]   0.00ns   0.00ns   0.00ns
    'fs_random_quick_restart_no_lp':         0 [  0.00ns,   0.00ns]   0.00ns   0.00ns   0.00ns         0 [  0.00ns,   0.00ns]   0.00ns   0.00ns   0.00ns
    'fs_random_quick_restart_no_lp':         0 [  0.00ns,   0.00ns]   0.00ns   0.00ns   0.00ns         0 [  0.00ns,   0.00ns]   0.00ns   0.00ns   0.00ns
    'fs_random_quick_restart_no_lp':         1 [  1.22ms,   1.22ms]   1.22ms   0.00ns   1.22ms         1 [ 34.78us,  34.78us]  34.78us   0.00ns  34.78us
    'fs_random_quick_restart_no_lp':         1 [  1.61ms,   1.61ms]   1.61ms   0.00ns   1.61ms         0 [  0.00ns,   0.00ns]   0.00ns   0.00ns   0.00ns
                    'graph_arc_lns':        11 [  5.31ms, 676.71ms] 167.46ms 201.68ms    1.84s        11 [ 71.75us,  74.73ms]  22.31ms  27.58ms 245.36ms
                    'graph_cst_lns':        45 [  3.19ms, 347.41ms] 168.50ms  99.60ms    7.58s        45 [ 85.84us, 100.03ms]  25.60ms  22.86ms    1.15s
                    'graph_dec_lns':        24 [  3.84ms, 655.50ms] 103.27ms 131.74ms    2.48s        23 [ 39.50us,  99.35ms]  17.67ms  20.19ms 406.50ms
                    'graph_var_lns':         8 [  5.00ms, 733.19ms] 288.21ms 304.50ms    2.31s         8 [217.05us, 100.01ms]  36.70ms  40.14ms 293.60ms
                     'lb_relax_lns':         9 [212.86us, 672.14ms] 222.83ms 282.85ms    2.01s         6 [  4.51ms,  71.21ms]  37.14ms  30.87ms 222.84ms
                   'lb_tree_search':         1 [741.95ms, 741.95ms] 741.95ms   0.00ns 741.95ms         1 [ 62.80ms,  62.80ms]  62.80ms   0.00ns  62.80ms
                               'ls':        13 [294.55us, 115.50ms]  55.14ms  41.95ms 716.80ms        13 [152.51us, 100.09ms]  67.16ms  45.07ms 873.03ms
                               'ls':        13 [352.19us,  96.77ms]  55.17ms  37.05ms 717.16ms        13 [254.83us, 100.04ms]  67.61ms  45.08ms 878.92ms
                               'ls':        14 [139.43us, 105.51ms]  50.69ms  41.35ms 709.68ms        13 [536.20us, 100.05ms]  63.16ms  46.71ms 821.03ms
                               'ls':        14 [797.31us, 121.83ms]  51.39ms  36.08ms 719.53ms        14 [675.84us, 100.06ms]  68.21ms  44.02ms 954.96ms
                               'ls':        15 [ 83.62us,  76.91ms]  48.29ms  29.92ms 724.40ms        13 [210.37us, 100.03ms]  84.13ms  35.71ms    1.09s
                               'ls':        15 [185.20us, 104.86ms]  46.45ms  39.15ms 696.72ms        15 [ 59.83us, 100.04ms]  60.81ms  48.05ms 912.17ms
                               'ls':        15 [666.98us,  80.24ms]  48.65ms  29.98ms 729.75ms        15 [896.64us, 100.04ms]  73.33ms  43.48ms    1.10s
                               'ls':        16 [216.21us,  78.79ms]  44.81ms  31.35ms 716.98ms        16 [163.41us, 100.04ms]  65.76ms  45.28ms    1.05s
                               'ls':        17 [296.61us,  73.68ms]  42.34ms  27.67ms 719.73ms        17 [189.10us, 100.07ms]  71.02ms  44.43ms    1.21s
                               'ls':        17 [357.29us,  75.28ms]  41.28ms  28.95ms 701.71ms        17 [280.06us, 100.05ms]  66.41ms  45.57ms    1.13s
                               'ls':        18 [118.44us,  94.02ms]  40.01ms  26.39ms 720.11ms        17 [679.39us, 100.07ms]  78.15ms  37.47ms    1.33s
                               'ls':        18 [161.42us,  91.86ms]  39.22ms  29.24ms 706.02ms        18 [ 58.86us, 100.11ms]  68.30ms  45.01ms    1.23s
                               'ls':        18 [174.02us,  98.38ms]  39.34ms  27.63ms 708.19ms        17 [189.26us, 100.02ms]  74.97ms  39.96ms    1.27s
                               'ls':        18 [317.41us, 100.85ms]  39.18ms  29.96ms 705.22ms        18 [161.26us, 100.11ms]  77.14ms  40.89ms    1.39s
                               'ls':        18 [403.92us,  96.78ms]  40.45ms  30.63ms 728.07ms        18 [788.84us, 100.07ms]  75.99ms  40.81ms    1.37s
                               'ls':        19 [617.99us,  70.28ms]  37.71ms  26.18ms 716.45ms        18 [563.15us, 100.04ms]  73.78ms  42.47ms    1.33s
                               'ls':        21 [126.34us,  72.58ms]  28.96ms  18.21ms 608.07ms        20 [ 64.95us, 100.04ms]  80.98ms  37.71ms    1.62s
                               'ls':        22 [249.25us, 116.57ms]  30.36ms  36.99ms 667.98ms        22 [139.07us, 100.03ms]  39.33ms  46.05ms 865.16ms
                               'ls':        25 [162.68us, 118.17ms]  23.91ms  35.98ms 597.65ms        25 [ 49.72us, 100.04ms]  32.68ms  46.01ms 816.89ms
                           'ls_lin':        11 [154.62us, 105.60ms]  65.26ms  40.71ms 717.87ms        11 [ 61.27us, 100.03ms]  70.22ms  43.06ms 772.42ms
                           'ls_lin':        12 [310.81us, 116.37ms]  60.69ms  41.34ms 728.27ms        12 [150.54us, 100.03ms]  67.57ms  45.93ms 810.86ms
                           'ls_lin':        13 [106.24us, 112.26ms]  55.88ms  42.36ms 726.50ms        12 [ 58.65us, 100.03ms]  67.68ms  45.79ms 812.19ms
                           'ls_lin':        13 [159.83us,  97.43ms]  55.14ms  33.53ms 716.80ms        13 [ 60.82us, 100.04ms]  75.07ms  41.41ms 975.97ms
                           'ls_lin':        13 [302.90us,  87.61ms]  55.93ms  33.04ms 727.10ms        13 [403.96us, 100.05ms]  76.91ms  41.69ms    1.00s
                           'ls_lin':        13 [527.35us,  85.06ms]  56.20ms  30.47ms 730.61ms        13 [697.30us, 100.06ms]  76.78ms  41.21ms 998.11ms
                           'ls_lin':        15 [153.74us,  96.87ms]  46.48ms  34.51ms 697.20ms        13 [ 59.53us, 100.04ms]  73.88ms  40.76ms 960.39ms
                           'ls_lin':        15 [456.68us, 118.24ms]  48.58ms  39.61ms 728.68ms        15 [624.99us, 100.03ms]  64.98ms  44.44ms 974.71ms
                           'ls_lin':        16 [157.33us, 115.83ms]  44.71ms  35.57ms 715.41ms        15 [420.84us, 100.02ms]  77.89ms  39.32ms    1.17s
                           'ls_lin':        16 [646.02us,  82.46ms]  44.86ms  30.78ms 717.75ms        16 [383.44us, 100.02ms]  69.16ms  45.76ms    1.11s
                           'max_lp':         1 [742.78ms, 742.78ms] 742.78ms   0.00ns 742.78ms         0 [  0.00ns,   0.00ns]   0.00ns   0.00ns   0.00ns
                            'no_lp':         1 [742.90ms, 742.90ms] 742.90ms   0.00ns 742.90ms         0 [  0.00ns,   0.00ns]   0.00ns   0.00ns   0.00ns
              'objective_lb_search':         1 [752.22ms, 752.22ms] 752.22ms   0.00ns 752.22ms         1 [132.24ms, 132.24ms] 132.24ms   0.00ns 132.24ms
       'objective_lb_search_max_lp':         1 [757.21ms, 757.21ms] 757.21ms   0.00ns 757.21ms         1 [ 92.01ms,  92.01ms]  92.01ms   0.00ns  92.01ms
        'objective_lb_search_no_lp':         1 [740.45ms, 740.45ms] 740.45ms   0.00ns 740.45ms         0 [  0.00ns,   0.00ns]   0.00ns   0.00ns   0.00ns
         'objective_shaving_max_lp':        47 [446.04us,  16.51ms]   7.98ms   6.05ms 375.17ms        28 [  1.99us, 164.75us] 102.09us  34.83us   2.86ms
          'objective_shaving_no_lp':        54 [451.36us,  16.69ms]   6.92ms   5.27ms 373.63ms        34 [ 41.57us,  98.62us]  91.14us  17.14us   3.10ms
                          'probing':         1 [758.63ms, 758.63ms] 758.63ms   0.00ns 758.63ms         1 [ 19.44ms,  19.44ms]  19.44ms   0.00ns  19.44ms
                   'probing_max_lp':         1 [760.79ms, 760.79ms] 760.79ms   0.00ns 760.79ms         1 [ 26.45ms,  26.45ms]  26.45ms   0.00ns  26.45ms
                    'probing_no_lp':         1 [757.35ms, 757.35ms] 757.35ms   0.00ns 757.35ms         1 [ 58.13ms,  58.13ms]  58.13ms   0.00ns  58.13ms
                     'pseudo_costs':         1 [759.25ms, 759.25ms] 759.25ms   0.00ns 759.25ms         1 [189.97ms, 189.97ms] 189.97ms   0.00ns 189.97ms
                    'quick_restart':         1 [757.36ms, 757.36ms] 757.36ms   0.00ns 757.36ms         1 [ 93.68ms,  93.68ms]  93.68ms   0.00ns  93.68ms
              'quick_restart_no_lp':         1 [742.32ms, 742.32ms] 742.32ms   0.00ns 742.32ms         0 [  0.00ns,   0.00ns]   0.00ns   0.00ns   0.00ns
                    'reduced_costs':         1 [742.37ms, 742.37ms] 742.37ms   0.00ns 742.37ms         1 [ 60.75ms,  60.75ms]  60.75ms   0.00ns  60.75ms
                        'rins/rens':         8 [278.13us, 701.72ms] 271.10ms 257.65ms    2.17s         7 [  1.51ms,  45.15ms]  20.18ms  15.82ms 141.24ms
                      'rnd_cst_lns':        24 [  4.48ms, 467.57ms]  96.58ms 109.77ms    2.32s        23 [ 56.14us,  61.51ms]  14.19ms  15.88ms 326.33ms
                      'rnd_var_lns':        25 [  4.95ms, 378.83ms] 101.57ms 107.46ms    2.54s        24 [ 13.98us,  52.96ms]  14.70ms  15.26ms 352.73ms
         'scheduling_intervals_lns':         4 [691.42ms, 750.54ms] 719.10ms  23.79ms    2.88s         4 [ 26.19ms,  78.52ms]  56.18ms  19.47ms 224.72ms
       'scheduling_precedences_lns':         5 [101.98ms, 749.35ms] 498.46ms 262.66ms    2.49s         5 [ 11.16ms,  48.07ms]  33.04ms  13.15ms 165.22ms
  'scheduling_resource_windows_lns':         6 [287.53us, 631.06ms] 386.59ms 268.90ms    2.32s         4 [100.03ms, 100.53ms] 100.29ms 222.88us 401.16ms
       'scheduling_time_window_lns':         5 [ 17.73ms, 745.44ms] 484.07ms 268.09ms    2.42s         5 [247.91us,  68.43ms]  44.01ms  24.61ms 220.07ms
                'variables_shaving':        96 [  6.94ms, 209.87ms]  25.20ms  30.49ms    2.42s        96 [218.94us,  16.17ms] 982.52us   2.03ms  94.32ms
         'variables_shaving_max_lp':        25 [ 12.26ms, 615.47ms]  99.99ms 118.09ms    2.50s        25 [  6.42us, 101.27ms]  13.53ms  18.84ms 338.34ms
          'variables_shaving_no_lp':        96 [  5.44ms, 346.95ms]  35.86ms  60.40ms    3.44s        96 [206.16us,  15.26ms]   1.52ms   2.95ms 145.57ms

Search stats                        Bools  Conflicts  Branches  Restarts  BoolPropag  IntegerPropag
                           'core':  3'584        525    27'622     6'749   3'025'890        349'263
                     'default_lp':    693      1'392     2'932       444      89'928        772'958
                          'fixed':    947      2'848     7'305       425     352'651      1'869'909
                      'fs_random':      0          0         0         0           0              0
                      'fs_random':      0          0         0         0           0              0
                      'fs_random':      0          0         0         0           0              0
                      'fs_random':      0          0         0         0           0              0
                      'fs_random':      0          0         0         0           0              0
                      'fs_random':      0          0         0         0           0              0
                      'fs_random':      0          0         0         0           0              0
                      'fs_random':      0          0         0         0           0              0
                      'fs_random':      0          0         0         0           0              0
                      'fs_random':      0          0         0         0           0              0
                      'fs_random':      0          0         0         0           0              0
                      'fs_random':      0          0         0         0           0              0
                'fs_random_no_lp':      0          0         0         0           0              0
                'fs_random_no_lp':      0          0         0         0           0              0
                'fs_random_no_lp':      0          0         0         0           0              0
                'fs_random_no_lp':      0          0         0         0           0              0
                'fs_random_no_lp':      0          0         0         0           0              0
                'fs_random_no_lp':      0          0         0         0           0              0
                'fs_random_no_lp':      0          0         0         0           0              0
                'fs_random_no_lp':      0          0         0         0           0              0
                'fs_random_no_lp':      0          0         0         0           0              0
                'fs_random_no_lp':      0          0         0         0           0              0
                'fs_random_no_lp':      0          0         0         0           0              0
                'fs_random_no_lp':      0          0         0         0           0              0
                'fs_random_no_lp':     25          0        25         0           0            485
        'fs_random_quick_restart':      0          0         0         0           0              0
        'fs_random_quick_restart':      0          0         0         0           0              0
        'fs_random_quick_restart':      0          0         0         0           0              0
        'fs_random_quick_restart':      0          0         0         0           0              0
        'fs_random_quick_restart':      0          0         0         0           0              0
        'fs_random_quick_restart':      0          0         0         0           0              0
        'fs_random_quick_restart':      0          0         0         0           0              0
        'fs_random_quick_restart':      0          0         0         0           0              0
        'fs_random_quick_restart':      0          0         0         0           0              0
        'fs_random_quick_restart':      0          0         0         0           0              0
        'fs_random_quick_restart':      0          0         0         0           0              0
        'fs_random_quick_restart':      0          0         0         0           0              0
  'fs_random_quick_restart_no_lp':      0          0         0         0           0              0
  'fs_random_quick_restart_no_lp':      0          0         0         0           0              0
  'fs_random_quick_restart_no_lp':      0          0         0         0           0              0
  'fs_random_quick_restart_no_lp':      0          0         0         0           0              0
  'fs_random_quick_restart_no_lp':      0          0         0         0           0              0
  'fs_random_quick_restart_no_lp':      0          0         0         0           0              0
  'fs_random_quick_restart_no_lp':      0          0         0         0           0              0
  'fs_random_quick_restart_no_lp':      0          0         0         0           0              0
  'fs_random_quick_restart_no_lp':      0          0         0         0           0              0
  'fs_random_quick_restart_no_lp':      0          0         0         0           0              0
  'fs_random_quick_restart_no_lp':      0          0         0         0           0              0
  'fs_random_quick_restart_no_lp':     12          0        12         0           0            239
                 'lb_tree_search':  1'757         56     8'655     6'674      31'784        131'764
                         'max_lp':    205        305     4'469       785      12'799        358'852
                          'no_lp':    647        886    11'400     1'677      52'660        746'272
            'objective_lb_search':    596      1'402     5'381     1'029      84'601      1'062'438
     'objective_lb_search_max_lp':  1'777        176     8'941     6'265      49'967        186'498
      'objective_lb_search_no_lp':    321      1'046     7'717     1'907      32'446      1'147'713
                        'probing':  2'079         54     4'104     4'104      29'519         97'077
                 'probing_max_lp':  1'799         22     3'576     3'576       1'879         32'862
                  'probing_no_lp':  2'310        302     8'558     5'979     100'744        295'190
                   'pseudo_costs':    402        738     7'101       878      49'947        793'762
                  'quick_restart':    777        659     8'592     1'339      47'734        741'712
            'quick_restart_no_lp':  1'418      1'392    11'917     1'640     297'534      1'652'213
                  'reduced_costs':  1'859        133     6'577     5'158      25'826        143'813

SAT stats                           ClassicMinim  LitRemoved  LitLearned  LitForgotten  Subsumed  MClauses  MDecisions  MLitTrue  MSubsumed  MLitRemoved  MReused
                           'core':            97         262         936             0         0     6'654      11'391         0         69          211    1'876
                     'default_lp':         1'261       6'904      11'558             0         5         0           0         0          0            0        0
                          'fixed':         1'429       2'206      26'484             0        24         0           0         0          0            0        0
                      'fs_random':             0           0           0             0         0         0           0         0          0            0        0
                      'fs_random':             0           0           0             0         0         0           0         0          0            0        0
                      'fs_random':             0           0           0             0         0         0           0         0          0            0        0
                      'fs_random':             0           0           0             0         0         0           0         0          0            0        0
                      'fs_random':             0           0           0             0         0         0           0         0          0            0        0
                      'fs_random':             0           0           0             0         0         0           0         0          0            0        0
                      'fs_random':             0           0           0             0         0         0           0         0          0            0        0
                      'fs_random':             0           0           0             0         0         0           0         0          0            0        0
                      'fs_random':             0           0           0             0         0         0           0         0          0            0        0
                      'fs_random':             0           0           0             0         0         0           0         0          0            0        0
                      'fs_random':             0           0           0             0         0         0           0         0          0            0        0
                      'fs_random':             0           0           0             0         0         0           0         0          0            0        0
                'fs_random_no_lp':             0           0           0             0         0         0           0         0          0            0        0
                'fs_random_no_lp':             0           0           0             0         0         0           0         0          0            0        0
                'fs_random_no_lp':             0           0           0             0         0         0           0         0          0            0        0
                'fs_random_no_lp':             0           0           0             0         0         0           0         0          0            0        0
                'fs_random_no_lp':             0           0           0             0         0         0           0         0          0            0        0
                'fs_random_no_lp':             0           0           0             0         0         0           0         0          0            0        0
                'fs_random_no_lp':             0           0           0             0         0         0           0         0          0            0        0
                'fs_random_no_lp':             0           0           0             0         0         0           0         0          0            0        0
                'fs_random_no_lp':             0           0           0             0         0         0           0         0          0            0        0
                'fs_random_no_lp':             0           0           0             0         0         0           0         0          0            0        0
                'fs_random_no_lp':             0           0           0             0         0         0           0         0          0            0        0
                'fs_random_no_lp':             0           0           0             0         0         0           0         0          0            0        0
                'fs_random_no_lp':             0           0           0             0         0         0           0         0          0            0        0
        'fs_random_quick_restart':             0           0           0             0         0         0           0         0          0            0        0
        'fs_random_quick_restart':             0           0           0             0         0         0           0         0          0            0        0
        'fs_random_quick_restart':             0           0           0             0         0         0           0         0          0            0        0
        'fs_random_quick_restart':             0           0           0             0         0         0           0         0          0            0        0
        'fs_random_quick_restart':             0           0           0             0         0         0           0         0          0            0        0
        'fs_random_quick_restart':             0           0           0             0         0         0           0         0          0            0        0
        'fs_random_quick_restart':             0           0           0             0         0         0           0         0          0            0        0
        'fs_random_quick_restart':             0           0           0             0         0         0           0         0          0            0        0
        'fs_random_quick_restart':             0           0           0             0         0         0           0         0          0            0        0
        'fs_random_quick_restart':             0           0           0             0         0         0           0         0          0            0        0
        'fs_random_quick_restart':             0           0           0             0         0         0           0         0          0            0        0
        'fs_random_quick_restart':             0           0           0             0         0         0           0         0          0            0        0
  'fs_random_quick_restart_no_lp':             0           0           0             0         0         0           0         0          0            0        0
  'fs_random_quick_restart_no_lp':             0           0           0             0         0         0           0         0          0            0        0
  'fs_random_quick_restart_no_lp':             0           0           0             0         0         0           0         0          0            0        0
  'fs_random_quick_restart_no_lp':             0           0           0             0         0         0           0         0          0            0        0
  'fs_random_quick_restart_no_lp':             0           0           0             0         0         0           0         0          0            0        0
  'fs_random_quick_restart_no_lp':             0           0           0             0         0         0           0         0          0            0        0
  'fs_random_quick_restart_no_lp':             0           0           0             0         0         0           0         0          0            0        0
  'fs_random_quick_restart_no_lp':             0           0           0             0         0         0           0         0          0            0        0
  'fs_random_quick_restart_no_lp':             0           0           0             0         0         0           0         0          0            0        0
  'fs_random_quick_restart_no_lp':             0           0           0             0         0         0           0         0          0            0        0
  'fs_random_quick_restart_no_lp':             0           0           0             0         0         0           0         0          0            0        0
  'fs_random_quick_restart_no_lp':             0           0           0             0         0         0           0         0          0            0        0
                 'lb_tree_search':            12          19         139             0         7         0           0         0          0            0        0
                         'max_lp':           254         501       1'271             0        10       354         532         8         61          306      381
                          'no_lp':           596       1'570      13'165             0        11        12          15         0         12           45        0
            'objective_lb_search':         1'303       5'737      10'171             0         2         0           0         0          0            0        0
     'objective_lb_search_max_lp':            51         104         311             0         9         2           2         0          0            0        2
      'objective_lb_search_no_lp':           975       3'554       7'392             0        16       284         255         0         49          204      540
                        'probing':             0           0          54             0         0         0           0         0          0            0        0
                 'probing_max_lp':             0           0          22             0         0         0           0         0          0            0        0
                  'probing_no_lp':            74         319         912             0         3         0           0         0          0            0        0
                   'pseudo_costs':           405         953       4'011             0        24       534       1'533         0        178          995      183
                  'quick_restart':           406       1'001       6'103             0        29       151         425         1         60          260       20
            'quick_restart_no_lp':           290         791       6'682             0        17       314         913         4        109          517       56
                  'reduced_costs':            59         110         511             0         1         0           0         0          0            0        0

Lp stats                         Component  Iterations  AddedCuts  OPTIMAL  DUAL_F.  DUAL_U.
                  'default_lp':         25         531          0   16'318        0        0
                       'fixed':         25         476          0   12'867        0        0
                   'fs_random':         25           0          0        0        0        0
     'fs_random_quick_restart':         25           0          0        0        0        0
              'lb_tree_search':          1       1'355        478      394       14        0
                      'max_lp':          1       1'430        579      753        9        0
         'objective_lb_search':         25         571          0   11'828        0        0
  'objective_lb_search_max_lp':          1       1'273        661      303       16        0
                     'probing':         25         412          0   59'435        0        0
              'probing_max_lp':          1         438        365       80        1        0
                'pseudo_costs':          1       2'722        799    1'730       48        0
               'quick_restart':         25         857          0   15'942        0        0
               'reduced_costs':          1         939        654      417       13        0

Lp dimension                      Final dimension of first component
                  'default_lp':         3 rows, 8 columns, 6 entries
                       'fixed':         3 rows, 8 columns, 6 entries
                   'fs_random':         0 rows, 8 columns, 0 entries
     'fs_random_quick_restart':         0 rows, 8 columns, 0 entries
              'lb_tree_search':   269 rows, 260 columns, 980 entries
                      'max_lp':   202 rows, 260 columns, 613 entries
         'objective_lb_search':         3 rows, 8 columns, 6 entries
  'objective_lb_search_max_lp':   247 rows, 260 columns, 953 entries
                     'probing':         2 rows, 8 columns, 4 entries
              'probing_max_lp':  481 rows, 260 columns, 2036 entries
                'pseudo_costs':   186 rows, 260 columns, 491 entries
               'quick_restart':         1 rows, 8 columns, 2 entries
               'reduced_costs':   204 rows, 260 columns, 636 entries

Lp debug                         CutPropag  CutEqPropag  Adjust  Overflow     Bad  BadScaling
                  'default_lp':          0            0       0         0       0           0
                       'fixed':          0            0       0         0       0           0
                   'fs_random':          0            0       0         0       0           0
     'fs_random_quick_restart':          0            0       0         0       0           0
              'lb_tree_search':          0            0     292         0   7'711           0
                      'max_lp':          0            1     449         0  15'656           0
         'objective_lb_search':          0            0      41         0       0           0
  'objective_lb_search_max_lp':          0            2     260         0  12'012           0
                     'probing':          0            0       0         0       0           0
              'probing_max_lp':          0            0      78         0  24'978           0
                'pseudo_costs':          0            0     907         0  13'589           0
               'quick_restart':          0            0       0         0       0           0
               'reduced_costs':          0            1     259         0   4'409           0

Lp pool                          Constraints  Updates  Simplif  Merged  Shortened  Split  Strenghtened   Cuts/Call
                  'default_lp':          277        0       12       0          0      0             0         0/0
                       'fixed':          277        0       11       0          0      0             0         0/0
                   'fs_random':          277        0        0       0          0      0             0         0/0
     'fs_random_quick_restart':          277        0        0       0          0      0             0         0/0
              'lb_tree_search':          749      938      393       6          0      0             0   478/4'849
                      'max_lp':          841    2'453    1'062      15          0      0             8   579/8'026
         'objective_lb_search':          277        0       28       0          0      0             0         0/0
  'objective_lb_search_max_lp':          884    2'165    1'713      54          0      1             5   661/3'655
                     'probing':          277        0      180       0          0      0             0         0/0
              'probing_max_lp':          641      304      113       1          0      0             1   365/1'731
                'pseudo_costs':        1'024    2'550    1'249      52          0      0             5  799/18'549
               'quick_restart':          277        0      603       0          0      0             0         0/0
               'reduced_costs':          879    1'378      427      52          0      0             2   654/5'774

Lp Cut                                                max_lp  reduced_costs  lb_tree_search  pseudo_costs  objective_lb_search_max_lp  probing_max_lp
                                              CG_FF:       4              1               1             1                           3               -
                                               CG_K:       -              1               3             5                           4               -
                                               CG_R:       5             13               3            18                          12               -
                                           MIR_1_FF:       1              -               -             -                           -               -
                                            MIR_1_K:       -              3               -             2                           3               -
                                            MIR_1_R:       4             18               -            13                          12               -
                                           MIR_2_FF:       -              -               1             -                           1               -
                                            MIR_2_K:       3              3               3             5                           4               1
                                            MIR_2_R:       4              2               4             8                           5               -
                                           MIR_3_FF:       1              -               -             -                           -               -
                                            MIR_3_R:       3              -               -             2                           3               1
                                            MIR_4_K:       1              -               1             -                           -               1
                                            MIR_4_R:       2              2               4             3                           2               2
                                            MIR_5_K:       1              -               1             1                           1               -
                                            MIR_5_R:       2              2               -             3                           1               2
                  NoOverlapCompletionTimeExhaustive:      35             28              28            23                          23              24
           NoOverlapCompletionTimeExhaustive_lifted:      24             36              16            43                          37              11
  NoOverlapCompletionTimeExhaustive_lifted_weighted:      61             61              44            71                          49              37
         NoOverlapCompletionTimeExhaustive_weighted:      62             36              38            55                          47              33
                    NoOverlapCompletionTimeQueyrane:     102            101              92           130                          90              70
             NoOverlapCompletionTimeQueyrane_lifted:     133            186             127           226                         187              91
                        NoOverlapDetectedPrecedence:       3              4               3             4                           9               2
                        NoOverlapDisjunctionOnStart:     120            148              97           175                         150              80
                                        ZERO_HALF_R:       8              9              12            11                          18              10

LNS stats                             Improv/Calls  Closed  Difficulty  TimeLimit
                    'graph_arc_lns':          4/11     91%    9.82e-01       0.10
                    'graph_cst_lns':          4/45     64%    9.97e-01       0.10
                    'graph_dec_lns':         13/23     83%    9.96e-01       0.10
                    'graph_var_lns':           5/8     62%    8.49e-01       0.10
                     'lb_relax_lns':           6/6     67%    8.34e-01       0.50
                        'rins/rens':           3/8     62%    8.49e-01       0.10
                      'rnd_cst_lns':         11/23     78%    9.94e-01       0.10
                      'rnd_var_lns':         16/24     67%    9.83e-01       0.10
         'scheduling_intervals_lns':           3/4      0%    8.55e-02       0.10
       'scheduling_precedences_lns':           4/5     60%    7.48e-01       0.10
  'scheduling_resource_windows_lns':           4/4      0%    8.55e-02       0.10
       'scheduling_time_window_lns':           4/5     60%    7.48e-01       0.10

LS stats                                    Batches  Restarts/Perturbs  LinMoves  GenMoves  CompoundMoves  Bactracks  WeightUpdates  ScoreComputed
                                    'ls_':       14                  4        30    18'716            369      3'364         46'647      4'151'975
                         'ls_lin_restart':        7                  6        22    13'225              0          0         20'931      2'364'361
                'ls_lin_restart_compound':       15                 14         0    58'621          2'527     28'032            808      5'502'830
        'ls_lin_restart_compound_perturb':       32                 18         0   182'087          6'097     87'960          2'586     13'141'710
                   'ls_lin_restart_decay':       11                 11        33    15'466              0          0          4'355      2'007'310
          'ls_lin_restart_decay_compound':       23                 16         0   132'424          7'467     62'451          1'321     10'845'364
  'ls_lin_restart_decay_compound_perturb':       22                 17         0   116'177          7'384     54'363          1'218      9'489'507
           'ls_lin_restart_decay_perturb':       16                 15        50    24'245              0          0          3'854      3'236'406
                 'ls_lin_restart_perturb':       11                 10        34    12'258              0          0         21'241      2'486'636
                             'ls_restart':       33                 29       103    45'541              0          0         73'926      8'921'607
                    'ls_restart_compound':       42                 32         0   191'598          7'273     92'123          2'708     15'705'255
            'ls_restart_compound_perturb':       41                 36         0   161'113          5'561     77'736          2'275     13'444'596
                       'ls_restart_decay':       43                 33       195    79'209              0          0         19'752     10'361'972
              'ls_restart_decay_compound':       39                 26         0   193'493         12'439     90'498          2'038     15'237'555
      'ls_restart_decay_compound_perturb':       29                 26         0   114'369          7'102     53'593          1'289      9'637'301
               'ls_restart_decay_perturb':       46                 27       276    92'087              0          0         16'280     11'216'453
                     'ls_restart_perturb':       39                 30       117    54'399              0          0         97'497     10'977'344

Solutions (57)                              Num     Rank
                                   'core':    1    [2,2]
                          'graph_var_lns':    2    [5,6]
                     'lb_relax_lns_int_h':    1  [37,37]
                         'ls_lin_restart':    1  [23,23]
        'ls_lin_restart_compound_perturb':    2  [16,24]
                   'ls_lin_restart_decay':    1  [15,15]
          'ls_lin_restart_decay_compound':    1  [17,17]
  'ls_lin_restart_decay_compound_perturb':    1  [57,57]
           'ls_lin_restart_decay_perturb':    2  [36,56]
                 'ls_lin_restart_perturb':    2   [9,25]
                             'ls_restart':    5   [8,40]
                    'ls_restart_compound':    6   [3,48]
            'ls_restart_compound_perturb':    8   [7,49]
                       'ls_restart_decay':    7  [10,53]
              'ls_restart_decay_compound':    1  [42,42]
      'ls_restart_decay_compound_perturb':    2  [33,50]
               'ls_restart_decay_perturb':    6   [4,55]
                     'ls_restart_perturb':    2  [14,51]
                                  'no_lp':    1    [1,1]
                    'quick_restart_no_lp':    1  [52,52]
                          'rins_pump_lns':    1  [38,38]
                            'rnd_cst_lns':    1  [32,32]
                            'rnd_var_lns':    2  [30,31]

Objective bounds                 Num
                   'bool_core':   59
              'initial_domain':    1
              'lb_tree_search':    1
                      'max_lp':    2
  'objective_lb_search_max_lp':   10
   'objective_lb_search_no_lp':   16

Solution repositories    Added  Queried  Synchro
  'feasible solutions':    413      704      192
   'fj solution hints':      0        0        0
        'lp solutions':     24        1       24
                'pump':    160        7

Improving bounds shared            Num  Sym
                        'core':    181    0
                  'default_lp':      2    0
                       'fixed':    248    0
              'lb_tree_search':    334    0
                      'max_lp':  1'708    0
                       'no_lp':    268    0
         'objective_lb_search':    259    0
  'objective_lb_search_max_lp':    877    0
   'objective_lb_search_no_lp':    484    0
                     'probing':     19    0
               'probing_no_lp':    206    0
                'pseudo_costs':  1'385    0
               'quick_restart':    358    0
         'quick_restart_no_lp':    360    0
               'reduced_costs':      3    0

CpSolverResponse summary:
status: OPTIMAL
objective: 2958
best_bound: 2958
integers: 261
booleans: 25
conflicts: 0
branches: 25
propagations: 0
integer_propagations: 485
restarts: 0
lp_iterations: 0
walltime: 0.785497
usertime: 0.785497
deterministic_time: 36.5503
gap_integral: 181.28
solution_fingerprint: 0x97f063a9ab1fd4ce

