
Starting CP-SAT solver v9.14.6206
Parameters: max_time_in_seconds: 300 log_search_progress: true num_search_workers: 104 relative_gap_limit: 0.005

Initial optimization model '': (model_fingerprint: 0x7f9bda58ece1e38b)
#Variables: 388 (#ints: 71 in objective) (292 primary variables)
  - 96 in [0,37252]
  - 92 in [25920,37252]
  - 200 in [27360,37252]
#kInterval: 151 (#fixed: 5)
#kLinMax: 96 (#expressions: 192)
#kLinear1: 25
#kLinear2: 121
#kNoOverlap: 10 (#intervals: 151, #fixed_intervals: 5)

Starting presolve at 0.00s
  6.69e-05s  0.00e+00d  [DetectDominanceRelations] 
  1.47e-03s  0.00e+00d  [PresolveToFixPoint] #num_loops=10 #num_dual_strengthening=1 
  2.19e-06s  0.00e+00d  [ExtractEncodingFromLinear] 
  1.39e-05s  0.00e+00d  [DetectDuplicateColumns] 
  6.05e-05s  0.00e+00d  [DetectDuplicateConstraints] 
[Symmetry] Graph for symmetry has 919 nodes and 871 arcs.
[Symmetry] Symmetry computation done. time: 8.5585e-05 dtime: 8.695e-05
  5.86e-05s  0.00e+00d  [DetectDuplicateConstraintsWithDifferentEnforcements] 
  5.46e-04s  8.32e-06d  [Probe] #new_bounds=45 
  2.40e-06s  0.00e+00d  [MaxClique] 
  5.53e-05s  0.00e+00d  [DetectDominanceRelations] 
  4.53e-04s  0.00e+00d  [PresolveToFixPoint] #num_loops=3 #num_dual_strengthening=2 
  1.85e-05s  0.00e+00d  [ProcessAtMostOneAndLinear] 
  5.22e-05s  0.00e+00d  [DetectDuplicateConstraints] 
  5.06e-05s  0.00e+00d  [DetectDuplicateConstraintsWithDifferentEnforcements] 
  2.00e-05s  8.16e-07d  [DetectDominatedLinearConstraints] #relevant_constraints=136 
  2.02e-05s  0.00e+00d  [DetectDifferentVariables] 
  2.14e-06s  0.00e+00d  [ProcessSetPPC] 
  2.20e-06s  0.00e+00d  [FindAlmostIdenticalLinearConstraints] 
  8.81e-06s  0.00e+00d  [FindBigAtMostOneAndLinearOverlap] 
  1.32e-05s  5.44e-06d  [FindBigVerticalLinearOverlap] 
  1.61e-06s  0.00e+00d  [FindBigHorizontalLinearOverlap] 
  1.49e-06s  0.00e+00d  [MergeClauses] 
  5.00e-05s  0.00e+00d  [DetectDominanceRelations] 
  2.74e-04s  0.00e+00d  [PresolveToFixPoint] #num_loops=1 #num_dual_strengthening=1 
  4.69e-05s  0.00e+00d  [DetectDominanceRelations] 
  2.64e-04s  0.00e+00d  [PresolveToFixPoint] #num_loops=1 #num_dual_strengthening=1 
  9.05e-06s  0.00e+00d  [DetectDuplicateColumns] 
  4.80e-05s  0.00e+00d  [DetectDuplicateConstraints] 
[Symmetry] Graph for symmetry has 911 nodes and 861 arcs.
[Symmetry] Symmetry computation done. time: 6.7067e-05 dtime: 8.618e-05
  5.56e-05s  0.00e+00d  [DetectDuplicateConstraintsWithDifferentEnforcements] 
  3.91e-04s  2.25e-06d  [Probe] 
  1.55e-06s  0.00e+00d  [MaxClique] 
  5.09e-05s  0.00e+00d  [DetectDominanceRelations] 
  3.03e-04s  0.00e+00d  [PresolveToFixPoint] #num_loops=1 #num_dual_strengthening=1 
  1.81e-05s  0.00e+00d  [ProcessAtMostOneAndLinear] 
  5.17e-05s  0.00e+00d  [DetectDuplicateConstraints] 
  4.89e-05s  0.00e+00d  [DetectDuplicateConstraintsWithDifferentEnforcements] 
  2.06e-05s  8.16e-07d  [DetectDominatedLinearConstraints] #relevant_constraints=136 
  1.91e-05s  0.00e+00d  [DetectDifferentVariables] 
  1.74e-06s  0.00e+00d  [ProcessSetPPC] 
  1.94e-06s  0.00e+00d  [FindAlmostIdenticalLinearConstraints] 
  8.65e-06s  0.00e+00d  [FindBigAtMostOneAndLinearOverlap] 
  1.21e-05s  5.44e-06d  [FindBigVerticalLinearOverlap] 
  1.35e-06s  0.00e+00d  [FindBigHorizontalLinearOverlap] 
  1.27e-06s  0.00e+00d  [MergeClauses] 
  4.88e-05s  0.00e+00d  [DetectDominanceRelations] 
  2.68e-04s  0.00e+00d  [PresolveToFixPoint] #num_loops=1 #num_dual_strengthening=1 
  1.28e-05s  0.00e+00d  [ExpandObjective] 

Presolve summary:
  - 169 affine relations were detected.
  - rule 'TODO dual: only one blocking constraint?' was applied 532 times.
  - rule 'TODO dual: only one unspecified blocking constraint?' was applied 105 times.
  - rule 'affine: new relation' was applied 169 times.
  - rule 'dual: reduced domain' was applied 4 times.
  - rule 'intervals: removed unused interval' was applied 5 times.
  - rule 'lin_max: converted abs to equality' was applied 13 times.
  - rule 'lin_max: converted to equality' was applied 20 times.
  - rule 'lin_max: propagate domain from x to abs(x)' was applied 88 times.
  - rule 'lin_max: removed exprs' was applied 20 times.
  - rule 'lin_max: rewrite with precedences' was applied 15 times.
  - rule 'lin_max: target domain reduced' was applied 50 times.
  - rule 'lin_max: unused affine target' was applied 15 times.
  - rule 'linear1: x in domain' was applied 22 times.
  - rule 'linear: always true' was applied 28 times.
  - rule 'linear: fixed or dup variables' was applied 10 times.
  - rule 'linear: reduced variable domains' was applied 687 times.
  - rule 'linear: remapped using affine relations' was applied 374 times.
  - rule 'no_overlap: split into disjoint components' was applied 5 times.
  - rule 'objective: variable not used elsewhere' was applied 10 times.
  - rule 'presolve: 10 unused variables removed.' was applied 1 time.
  - rule 'presolve: iteration' was applied 2 times.

Presolved optimization model '': (model_fingerprint: 0xe4fa8aab9fdf7a58)
#Variables: 194 (#ints: 61 in objective) (146 primary variables)
  - 171 different domains in [0,37231] with a largest complexity of 1.
#kInterval: 146
#kLinMax: 33 (#expressions: 66)
#kLinear2: 136
#kNoOverlap: 10 (#intervals: 146)
[Symmetry] Graph for symmetry has 717 nodes and 861 arcs.
[Symmetry] Symmetry computation done. time: 5.1741e-05 dtime: 7.454e-05

Preloading model.
#Bound   0.01s best:inf   next:[1328,449521] initial_domain
#Model   0.01s var:194/194 constraints:325/325

Starting search at 0.01s with 104 workers.
18 full problem subsolvers: [core, default_lp, fixed, lb_tree_search, max_lp, no_lp, objective_lb_search, objective_lb_search_max_lp, objective_lb_search_no_lp, objective_shaving_max_lp, objective_shaving_no_lp, probing, probing_max_lp, probing_no_lp, pseudo_costs, quick_restart, quick_restart_no_lp, reduced_costs]
86 first solution subsolvers: [fj(25), fj_lin(12), fs_random(12), fs_random_no_lp(13), fs_random_quick_restart(12), fs_random_quick_restart_no_lp(12)]
45 interleaved subsolvers: [feasibility_pump, graph_arc_lns, graph_cst_lns, graph_dec_lns, graph_var_lns, lb_relax_lns, ls(19), ls_lin(10), rins/rens, rnd_cst_lns, rnd_var_lns, scheduling_intervals_lns, scheduling_precedences_lns, scheduling_resource_windows_lns, scheduling_time_window_lns, variables_shaving, variables_shaving_max_lp, variables_shaving_no_lp]
3 helper subsolvers: [neighborhood_helper, synchronization_agent, update_gap_integral]

#Bound   0.01s best:inf   next:[1329,449521] bool_core (num_cores=1 [size:2 mw:1 d:1] a=60 d=1 fixed=0/61 clauses=0)
#Bound   0.01s best:inf   next:[1330,449521] bool_core (num_cores=1 [cover] a=60 d=1 fixed=0/64 clauses=1)
#Bound   0.01s best:inf   next:[1331,449521] bool_core (num_cores=1 [cover] a=60 d=1 fixed=1/67 clauses=3)
#Bound   0.01s best:inf   next:[1332,449521] bool_core (num_cores=1 [cover] a=60 d=1 fixed=2/70 clauses=6)
#Bound   0.01s best:inf   next:[1333,449521] bool_core (num_cores=1 [cover] a=60 d=1 fixed=3/73 clauses=10)
#Bound   0.01s best:inf   next:[1334,449521] bool_core (num_cores=1 [cover] a=60 d=1 fixed=4/76 clauses=15)
#Bound   0.01s best:inf   next:[1335,449521] bool_core (num_cores=1 [cover] a=60 d=1 fixed=5/79 clauses=21)
#Bound   0.01s best:inf   next:[1336,449521] bool_core (num_cores=1 [cover] a=60 d=1 fixed=6/82 clauses=28)
#Bound   0.01s best:inf   next:[1337,449521] bool_core (num_cores=1 [cover] a=60 d=1 fixed=7/85 clauses=36)
#1       0.01s best:14875 next:[1337,14874] no_lp
#Bound   0.01s best:14875 next:[1338,14874] bool_core (num_cores=1 [cover] a=60 d=1 fixed=8/88 clauses=45)
#Bound   0.01s best:14875 next:[1339,14874] bool_core (num_cores=1 [cover] a=60 d=1 fixed=9/91 clauses=55)
#Bound   0.01s best:14875 next:[1340,14874] bool_core (num_cores=1 [cover] a=60 d=1 fixed=10/94 clauses=66)
#Bound   0.01s best:14875 next:[1341,14874] bool_core (num_cores=1 [cover] a=60 d=1 fixed=11/97 clauses=78)
#Bound   0.01s best:14875 next:[1342,14874] bool_core (num_cores=1 [cover] a=60 d=1 fixed=12/100 clauses=91)
#Bound   0.01s best:14875 next:[1343,14874] bool_core (num_cores=1 [cover] a=60 d=1 fixed=13/103 clauses=105)
#Bound   0.01s best:14875 next:[1344,14874] bool_core (num_cores=1 [cover] a=60 d=1 fixed=14/106 clauses=120)
#Bound   0.01s best:14875 next:[1345,14874] bool_core (num_cores=1 [cover] a=60 d=1 fixed=15/109 clauses=136)
#Bound   0.01s best:14875 next:[1346,14874] bool_core (num_cores=1 [cover] a=60 d=1 fixed=16/112 clauses=153)
#2       0.01s best:14604 next:[1346,14603] quick_restart_no_lp
#Bound   0.01s best:14604 next:[1347,14603] bool_core (num_cores=1 [cover] a=60 d=1 fixed=17/115 clauses=171)
#Bound   0.01s best:14604 next:[1348,14603] bool_core (num_cores=1 [cover] a=60 d=1 fixed=18/118 clauses=190)
#3       0.02s best:11965 next:[1389,11964] quick_restart_no_lp
#4       0.02s best:10631 next:[1389,10630] no_lp
#5       0.02s best:6140  next:[1719,6139] objective_lb_search
#6       0.02s best:6139  next:[2367,6138] ls_restart_decay_compound_perturb(batch:1 lin{mvs:0 evals:95} gen{mvs:27 evals:462} comp{mvs:5 btracks:11} #w_updates:0 #perturb:0)
#7       0.02s best:5838  next:[2367,5837] ls_restart_compound(batch:1 lin{mvs:0 evals:27} gen{mvs:5 evals:130} comp{mvs:5 btracks:0} #w_updates:0 #perturb:0)
#8       0.02s best:5837  next:[2367,5836] ls_restart_compound(batch:1 lin{mvs:0 evals:27} gen{mvs:5 evals:130} comp{mvs:5 btracks:0} #w_updates:0 #perturb:0) [combined with: ls_restart_decay_com...]
#9       0.02s best:5746  next:[2367,5745] ls_restart_decay(batch:1 lin{mvs:9 evals:569} gen{mvs:36 evals:1'022} #w_updates:22 #perturb:0) [combined with: ls_restart_compound(...]
#10      0.03s best:5745  next:[2367,5744] ls_restart_decay(batch:1 lin{mvs:6 evals:292} gen{mvs:14 evals:306} #w_updates:0 #perturb:0)
#11      0.03s best:5327  next:[2367,5326] ls_restart_perturb(batch:1 lin{mvs:6 evals:267} gen{mvs:10 evals:275} #w_updates:2 #perturb:0)
#12      0.03s best:5326  next:[2367,5325] ls_restart_perturb(batch:1 lin{mvs:6 evals:267} gen{mvs:10 evals:275} #w_updates:2 #perturb:0) [combined with: ls_restart_decay(bat...]
#13      0.03s best:5230  next:[2367,5229] ls_restart_compound_perturb(batch:1 lin{mvs:0 evals:15} gen{mvs:3 evals:75} comp{mvs:3 btracks:0} #w_updates:0 #perturb:0) [combined with: ls_restart_perturb(b...]
#14      0.03s best:5172  next:[2367,5171] ls_restart_compound(batch:1 lin{mvs:0 evals:13} gen{mvs:3 evals:79} comp{mvs:3 btracks:0} #w_updates:0 #perturb:0)
#15      0.03s best:5171  next:[2367,5170] ls_restart_decay_perturb(batch:1 lin{mvs:6 evals:330} gen{mvs:36 evals:656} #w_updates:48 #perturb:0) [combined with: ls_restart_compound(...]
#16      0.03s best:4748  next:[2367,4747] ls_restart_perturb(batch:1 lin{mvs:9 evals:297} gen{mvs:14 evals:340} #w_updates:4 #perturb:0)
#17      0.03s best:4689  next:[2367,4688] ls_restart_perturb(batch:1 lin{mvs:9 evals:297} gen{mvs:14 evals:340} #w_updates:4 #perturb:0) [combined with: ls_restart_decay_per...]
#18      0.03s best:4688  next:[2367,4687] ls_lin_restart_compound(batch:1 lin{mvs:0 evals:21} gen{mvs:8 evals:179} comp{mvs:4 btracks:2} #w_updates:0 #perturb:0) [combined with: ls_restart_perturb(b...]
#19      0.03s best:4684  next:[2367,4683] ls_lin_restart(batch:1 lin{mvs:9 evals:282} gen{mvs:6 evals:138} #w_updates:0 #perturb:0) [combined with: ls_lin_restart_compo...]
#20      0.03s best:4683  next:[2367,4682] ls_lin_restart_decay_perturb(batch:1 lin{mvs:8 evals:271} gen{mvs:10 evals:204} #w_updates:2 #perturb:0)
#21      0.03s best:4679  next:[2367,4678] ls_lin_restart_decay(batch:1 lin{mvs:6 evals:292} gen{mvs:40 evals:988} #w_updates:37 #perturb:0)
#22      0.03s best:4674  next:[2367,4673] ls_lin_restart_decay(batch:1 lin{mvs:6 evals:292} gen{mvs:40 evals:988} #w_updates:37 #perturb:0) [combined with: ls_lin_restart_decay...]
#23      0.03s best:4673  next:[2367,4672] ls_restart_decay_compound(batch:1 lin{mvs:0 evals:3} gen{mvs:2 evals:42} comp{mvs:2 btracks:0} #w_updates:0 #perturb:0)
#24      0.03s best:4529  next:[2367,4528] ls_restart_compound_perturb(batch:1 lin{mvs:0 evals:7} gen{mvs:5 evals:118} comp{mvs:5 btracks:0} #w_updates:0 #perturb:0)
#25      0.03s best:4528  next:[2367,4527] ls_restart_decay_compound(batch:1 lin{mvs:0 evals:3} gen{mvs:2 evals:41} comp{mvs:2 btracks:0} #w_updates:0 #perturb:0) [combined with: ls_restart_compound_...]
#26      0.03s best:4527  next:[2367,4526] ls_restart_compound_perturb(batch:1 lin{mvs:0 evals:793} gen{mvs:300 evals:5'128} comp{mvs:14 btracks:143} #w_updates:3 #perturb:0) [combined with: ls_restart_decay_com...]
#27      0.03s best:4522  next:[2367,4521] ls_lin_restart_decay(batch:1 lin{mvs:6 evals:204} gen{mvs:16 evals:343} #w_updates:6 #perturb:0)
#28      0.03s best:4521  next:[2367,4520] ls_lin_restart_decay(batch:1 lin{mvs:6 evals:204} gen{mvs:16 evals:343} #w_updates:6 #perturb:0) [combined with: ls_restart_compound_...]
#29      0.03s best:4520  next:[2367,4519] ls_restart_decay_compound_perturb(batch:1 lin{mvs:0 evals:7} gen{mvs:8 evals:126} comp{mvs:4 btracks:2} #w_updates:0 #perturb:0)
#30      0.04s best:4519  next:[2367,4518] ls_restart_compound_perturb(batch:1 lin{mvs:0 evals:9} gen{mvs:12 evals:173} comp{mvs:4 btracks:4} #w_updates:0 #perturb:0)
#31      0.04s best:4453  next:[2367,4452] graph_dec_lns (d=7.07e-01 s=69 t=0.10 p=1.00 stall=1 h=base)
#32      0.04s best:4415  next:[2367,4414] graph_dec_lns (d=7.07e-01 s=69 t=0.10 p=1.00 stall=1 h=base) [combined with: ls_restart_compound_...]
#33      0.04s best:4325  next:[2367,4324] ls_restart_decay_perturb(batch:1 lin{mvs:6 evals:508} gen{mvs:520 evals:7'472} #w_updates:110 #perturb:0)
#34      0.05s best:4234  next:[2367,4233] ls_lin_restart_perturb(batch:1 lin{mvs:6 evals:317} gen{mvs:235 evals:3'691} #w_updates:161 #perturb:0) [combined with: graph_dec_lns (d=7.0...]
#35      0.05s best:3657  next:[2367,3656] rins_pump_lns (d=5.00e-01 s=107 t=0.10 p=0.00 stall=0 h=base)
#36      0.05s best:3614  next:[2367,3613] rnd_var_lns (d=5.00e-01 s=108 t=0.10 p=0.00 stall=0 h=base)
#37      0.05s best:3607  next:[2367,3606] ls_restart(batch:1 lin{mvs:8 evals:235} gen{mvs:13 evals:301} #w_updates:1 #perturb:0) [combined with: rnd_var_lns (d=5.00e...]
#38      0.05s best:3606  next:[2367,3605] ls_lin_restart_compound_perturb(batch:1 lin{mvs:0 evals:659} gen{mvs:646 evals:11'305} comp{mvs:30 btracks:308} #w_updates:6 #perturb:0) [combined with: ls_restart(batch:1 l...]
#39      0.06s best:3605  next:[2367,3604] ls_restart_decay_compound_perturb(batch:1 lin{mvs:0 evals:2} gen{mvs:2 evals:40} comp{mvs:2 btracks:0} #w_updates:0 #perturb:0)
#40      0.06s best:3604  next:[2367,3603] ls_lin_restart_decay_compound_perturb(batch:1 lin{mvs:0 evals:32} gen{mvs:54 evals:611} comp{mvs:4 btracks:25} #w_updates:0 #perturb:0)
#41      0.06s best:3601  next:[2367,3600] ls_restart_perturb(batch:1 lin{mvs:8 evals:275} gen{mvs:37 evals:967} #w_updates:91 #perturb:0)
#42      0.06s best:3595  next:[2367,3594] ls_restart_decay_compound_perturb(batch:1 lin{mvs:0 evals:6} gen{mvs:5 evals:131} comp{mvs:5 btracks:0} #w_updates:0 #perturb:0)
#43      0.06s best:3558  next:[2367,3557] rnd_var_lns (d=7.07e-01 s=136 t=0.10 p=1.00 stall=0 h=base)
#44      0.06s best:3555  next:[2367,3554] rnd_var_lns (d=7.07e-01 s=136 t=0.10 p=1.00 stall=0 h=base) [combined with: ls_restart_decay_com...]
#45      0.06s best:3553  next:[2367,3552] ls_restart(batch:1 lin{mvs:7 evals:215} gen{mvs:23 evals:450} #w_updates:2 #perturb:0)
#46      0.07s best:3517  next:[2367,3516] ls_lin_restart_compound_perturb(batch:1 lin{mvs:0 evals:233} gen{mvs:293 evals:4'336} comp{mvs:13 btracks:140} #w_updates:2 #perturb:0) [combined with: ls_restart(batch:1 l...]
#47      0.07s best:3451  next:[2367,3450] graph_cst_lns (d=7.07e-01 s=138 t=0.10 p=1.00 stall=0 h=base)
#48      0.08s best:3445  next:[2367,3444] graph_arc_lns (d=7.07e-01 s=137 t=0.10 p=1.00 stall=0 h=base)
#49      0.08s best:3444  next:[2367,3443] quick_restart_no_lp
#50      0.08s best:3422  next:[2367,3421] ls_lin_restart(batch:1 lin{mvs:8 evals:190} gen{mvs:17 evals:366} #w_updates:5 #perturb:0)
#51      0.08s best:3421  next:[2367,3420] ls_lin_restart_compound_perturb(batch:1 lin{mvs:0 evals:1} gen{mvs:2 evals:40} comp{mvs:2 btracks:0} #w_updates:0 #perturb:0)
#52      0.09s best:3420  next:[2367,3419] ls_lin_restart_decay_compound(batch:1 lin{mvs:0 evals:10} gen{mvs:19 evals:339} comp{mvs:11 btracks:4} #w_updates:0 #perturb:0)
#53      0.09s best:3415  next:[2367,3414] ls_restart_decay(batch:1 lin{mvs:6 evals:208} gen{mvs:130 evals:2'496} #w_updates:50 #perturb:0)
#54      0.09s best:3414  next:[2367,3413] ls_restart_decay(batch:1 lin{mvs:6 evals:208} gen{mvs:130 evals:2'496} #w_updates:50 #perturb:0) [combined with: ls_lin_restart_decay...]
#55      0.09s best:3390  next:[2367,3389] ls_restart_decay(batch:1 lin{mvs:7 evals:217} gen{mvs:64 evals:1'365} #w_updates:26 #perturb:0)
#56      0.09s best:3380  next:[2367,3379] ls_restart_compound_perturb(batch:1 lin{mvs:0 evals:1'414} gen{mvs:1'402 evals:23'853} comp{mvs:40 btracks:681} #w_updates:15 #perturb:0) [combined with: ls_restart_decay(bat...]
#57      0.09s best:3379  next:[2367,3378] ls_restart_compound(batch:1 lin{mvs:0 evals:740} gen{mvs:810 evals:12'927} comp{mvs:16 btracks:397} #w_updates:7 #perturb:0) [combined with: ls_restart_compound_...]
#58      0.09s best:3378  next:[2367,3377] ls_lin_restart_compound_perturb(batch:1 lin{mvs:0 evals:165} gen{mvs:410 evals:5'655} comp{mvs:18 btracks:196} #w_updates:4 #perturb:0) [combined with: ls_restart_compound(...]
#59      0.09s best:3362  next:[2367,3361] ls_restart_perturb(batch:1 lin{mvs:8 evals:264} gen{mvs:91 evals:2'107} #w_updates:236 #perturb:0)
#60      0.09s best:3361  next:[2367,3360] ls_restart_perturb(batch:1 lin{mvs:8 evals:264} gen{mvs:91 evals:2'107} #w_updates:236 #perturb:0) [combined with: ls_lin_restart_compo...]
#61      0.09s best:3360  next:[2367,3359] ls_restart_decay_compound_perturb(batch:1 lin{mvs:0 evals:11} gen{mvs:22 evals:396} comp{mvs:8 btracks:7} #w_updates:0 #perturb:0) [combined with: ls_restart_perturb(b...]
#62      0.10s best:3342  next:[2367,3341] ls_restart_decay(batch:1 lin{mvs:7 evals:187} gen{mvs:24 evals:525} #w_updates:27 #perturb:0)
#63      0.10s best:3330  next:[2367,3329] ls_restart_decay_perturb(batch:1 lin{mvs:5 evals:175} gen{mvs:24 evals:549} #w_updates:4 #perturb:0)
#64      0.10s best:3329  next:[2367,3328] ls_lin_restart_compound(batch:1 lin{mvs:0 evals:34} gen{mvs:76 evals:1'120} comp{mvs:8 btracks:34} #w_updates:1 #perturb:0) [combined with: ls_restart_decay_per...]
#65      0.10s best:3328  next:[2367,3327] ls_restart(batch:1 lin{mvs:5 evals:170} gen{mvs:27 evals:628} #w_updates:7 #perturb:0) [combined with: ls_lin_restart_compo...]
#66      0.10s best:3318  next:[2367,3317] ls_restart_decay_perturb(batch:1 lin{mvs:6 evals:160} gen{mvs:20 evals:471} #w_updates:22 #perturb:0)
#67      0.10s best:3317  next:[2367,3316] ls_restart_decay_perturb(batch:1 lin{mvs:6 evals:160} gen{mvs:20 evals:471} #w_updates:22 #perturb:0) [combined with: ls_restart(batch:1 l...]
#68      0.10s best:3316  next:[2367,3315] ls_restart(batch:1 lin{mvs:5 evals:176} gen{mvs:15 evals:358} #w_updates:2 #perturb:0)
#69      0.10s best:3315  next:[2425,3314] ls_restart_decay_compound(batch:1 lin{mvs:0 evals:10} gen{mvs:24 evals:352} comp{mvs:4 btracks:10} #w_updates:0 #perturb:0) [combined with: ls_restart(batch:1 l...]
#70      0.10s best:3266  next:[2425,3265] quick_restart_no_lp
#71      0.10s best:3264  next:[2425,3263] quick_restart_no_lp
#72      0.10s best:3223  next:[2425,3222] ls_restart_perturb(batch:1 lin{mvs:5 evals:224} gen{mvs:116 evals:3'365} #w_updates:441 #perturb:0) [combined with: quick_restart_no_lp...]
#73      0.11s best:3222  next:[2425,3221] ls_restart_compound_perturb(batch:1 lin{mvs:0 evals:94} gen{mvs:320 evals:3'477} comp{mvs:12 btracks:154} #w_updates:3 #perturb:0) [combined with: ls_restart_perturb(b...]
#74      0.11s best:3220  next:[2425,3219] ls_lin_restart_compound_perturb(batch:1 lin{mvs:0 evals:3} gen{mvs:2 evals:72} comp{mvs:2 btracks:0} #w_updates:0 #perturb:0)
#75      0.11s best:3219  next:[2425,3218] ls_restart_compound(batch:1 lin{mvs:0 evals:7} gen{mvs:16 evals:290} comp{mvs:4 btracks:6} #w_updates:0 #perturb:0)
#76      0.11s best:3195  next:[2425,3194] ls_restart_decay_perturb(batch:1 lin{mvs:8 evals:204} gen{mvs:9 evals:194} #w_updates:0 #perturb:0)
#77      0.11s best:3194  next:[2425,3193] ls_restart_decay(batch:1 lin{mvs:7 evals:210} gen{mvs:29 evals:620} #w_updates:42 #perturb:0) [combined with: ls_restart_decay_per...]
#78      0.11s best:3193  next:[2425,3192] ls_restart_decay_compound(batch:1 lin{mvs:0 evals:7} gen{mvs:20 evals:300} comp{mvs:4 btracks:8} #w_updates:0 #perturb:0) [combined with: ls_restart_decay(bat...]
#79      0.11s best:3176  next:[2425,3175] ls_restart_decay_perturb(batch:1 lin{mvs:5 evals:155} gen{mvs:9 evals:198} #w_updates:1 #perturb:0)
#80      0.11s best:3175  next:[2425,3174] ls_lin_restart_perturb(batch:1 lin{mvs:7 evals:189} gen{mvs:6 evals:126} #w_updates:0 #perturb:0) [combined with: ls_restart_decay_per...]
#81      0.11s best:3174  next:[2425,3173] ls_restart_decay(batch:1 lin{mvs:7 evals:216} gen{mvs:18 evals:332} #w_updates:6 #perturb:0) [combined with: ls_lin_restart_pertu...]
#82      0.11s best:3173  next:[2425,3172] ls_restart_decay_perturb(batch:1 lin{mvs:7 evals:213} gen{mvs:35 evals:746} #w_updates:14 #perturb:0) [combined with: ls_restart_decay(bat...]
#83      0.11s best:3172  next:[2425,3171] ls_restart_decay(batch:1 lin{mvs:7 evals:163} gen{mvs:9 evals:205} #w_updates:1 #perturb:0)
#84      0.11s best:3171  next:[2425,3170] ls_restart_decay(batch:1 lin{mvs:6 evals:150} gen{mvs:4 evals:140} #w_updates:0 #perturb:0)
#85      0.11s best:3170  next:[2425,3169] ls_restart_compound(batch:1 lin{mvs:0 evals:0} gen{mvs:40 evals:745} comp{mvs:4 btracks:18} #w_updates:0 #perturb:0) [combined with: ls_restart_decay(bat...]
#86      0.11s best:3168  next:[2425,3167] ls_restart(batch:1 lin{mvs:7 evals:171} gen{mvs:5 evals:157} #w_updates:0 #perturb:0)
#87      0.11s best:3167  next:[2425,3166] ls_restart(batch:1 lin{mvs:7 evals:188} gen{mvs:40 evals:834} #w_updates:18 #perturb:0) [combined with: ls_restart(batch:1 l...]
#88      0.11s best:3166  next:[2425,3165] ls_restart_decay_perturb(batch:1 lin{mvs:5 evals:139} gen{mvs:62 evals:1'436} #w_updates:65 #perturb:0) [combined with: ls_restart(batch:1 l...]
#89      0.11s best:3165  next:[2425,3164] ls_restart_decay_compound_perturb(batch:1 lin{mvs:0 evals:0} gen{mvs:48 evals:619} comp{mvs:10 btracks:19} #w_updates:0 #perturb:0) [combined with: ls_restart_decay_per...]
#90      0.11s best:3152  next:[2425,3151] ls_restart_decay_compound(batch:1 lin{mvs:0 evals:4} gen{mvs:5 evals:139} comp{mvs:5 btracks:0} #w_updates:0 #perturb:0)
#91      0.12s best:3151  next:[2425,3150] ls_restart_perturb(batch:1 lin{mvs:5 evals:143} gen{mvs:21 evals:994} #w_updates:249 #perturb:0) [combined with: ls_restart_decay_com...]
#92      0.12s best:3150  next:[2425,3149] ls_restart_decay_compound(batch:1 lin{mvs:0 evals:2} gen{mvs:2 evals:41} comp{mvs:2 btracks:0} #w_updates:0 #perturb:0)
#93      0.12s best:3149  next:[2425,3148] ls_restart_perturb(batch:1 lin{mvs:7 evals:204} gen{mvs:22 evals:455} #w_updates:9 #perturb:0) [combined with: ls_restart_decay_com...]
#94      0.12s best:3148  next:[2425,3147] ls_lin_restart_decay_compound(batch:1 lin{mvs:0 evals:0} gen{mvs:2 evals:41} comp{mvs:2 btracks:0} #w_updates:0 #perturb:0)
#95      0.12s best:3147  next:[2425,3146] quick_restart_no_lp
#96      0.12s best:3137  next:[2425,3136] ls_lin_restart_decay_perturb(batch:1 lin{mvs:5 evals:133} gen{mvs:22 evals:516} #w_updates:22 #perturb:0)
#97      0.12s best:3136  next:[2425,3135] ls_lin_restart_decay_perturb(batch:1 lin{mvs:5 evals:133} gen{mvs:22 evals:516} #w_updates:22 #perturb:0) [combined with: quick_restart_no_lp...]
#98      0.12s best:3135  next:[2425,3134] ls_restart_compound_perturb(batch:1 lin{mvs:0 evals:0} gen{mvs:250 evals:3'697} comp{mvs:16 btracks:117} #w_updates:3 #perturb:0) [combined with: ls_lin_restart_decay...]
#99      0.12s best:3134  next:[2425,3133] ls_restart_compound(batch:1 lin{mvs:0 evals:1} gen{mvs:262 evals:4'645} comp{mvs:16 btracks:123} #w_updates:4 #perturb:0) [combined with: ls_restart_compound_...]
#100     0.12s best:3133  next:[2425,3132] ls_restart_compound(batch:1 lin{mvs:0 evals:0} gen{mvs:48 evals:859} comp{mvs:4 btracks:22} #w_updates:0 #perturb:0) [combined with: ls_restart_compound(...]
#101     0.13s best:3132  next:[2425,3131] ls_restart_decay_compound_perturb(batch:1 lin{mvs:0 evals:0} gen{mvs:130 evals:1'815} comp{mvs:10 btracks:60} #w_updates:0 #perturb:0)
#102     0.13s best:3130  next:[2425,3129] ls_restart_perturb(batch:1 lin{mvs:7 evals:162} gen{mvs:4 evals:115} #w_updates:0 #perturb:0)
#103     0.13s best:3129  next:[2425,3128] ls_lin_restart_decay_compound_perturb(batch:1 lin{mvs:0 evals:0} gen{mvs:164 evals:2'663} comp{mvs:16 btracks:74} #w_updates:3 #perturb:0) [combined with: ls_restart_perturb(b...]
#104     0.13s best:3128  next:[2425,3127] ls_lin_restart_decay_compound_perturb(batch:1 lin{mvs:0 evals:0} gen{mvs:82 evals:1'047} comp{mvs:4 btracks:39} #w_updates:0 #perturb:0) [combined with: ls_lin_restart_decay...]
#105     0.13s best:3107  next:[2425,3106] quick_restart_no_lp
#106     0.13s best:3105  next:[2425,3104] ls_lin_restart_decay_perturb(batch:1 lin{mvs:7 evals:164} gen{mvs:4 evals:110} #w_updates:0 #perturb:0)
#107     0.14s best:3098  next:[2425,3097] ls_lin_restart_decay_compound(batch:1 lin{mvs:0 evals:946} gen{mvs:2'041 evals:28'243} comp{mvs:37 btracks:1'002} #w_updates:18 #perturb:0) [combined with: ls_lin_restart_decay...]
#108     0.15s best:3097  next:[2425,3096] ls_restart_compound_perturb(batch:1 lin{mvs:0 evals:0} gen{mvs:514 evals:7'744} comp{mvs:26 btracks:244} #w_updates:6 #perturb:0) [combined with: ls_lin_restart_decay...]
#109     0.15s best:3096  next:[2425,3095] ls_restart_decay_compound_perturb(batch:1 lin{mvs:0 evals:0} gen{mvs:236 evals:3'374} comp{mvs:8 btracks:114} #w_updates:1 #perturb:0)
#110     0.15s best:3095  next:[2425,3094] ls_restart_decay_compound_perturb(batch:1 lin{mvs:0 evals:0} gen{mvs:236 evals:3'374} comp{mvs:8 btracks:114} #w_updates:1 #perturb:0) [combined with: ls_restart_compound_...]
#111     0.15s best:3094  next:[2425,3093] ls_restart_decay_compound(batch:1 lin{mvs:0 evals:0} gen{mvs:132 evals:2'162} comp{mvs:10 btracks:61} #w_updates:1 #perturb:0) [combined with: ls_restart_decay_com...]
#112     0.15s best:3055  next:[2425,3054] ls_lin_restart_decay(batch:1 lin{mvs:5 evals:228} gen{mvs:640 evals:10'297} #w_updates:97 #perturb:0)
#113     0.15s best:3052  next:[2425,3051] ls_lin_restart_decay(batch:1 lin{mvs:5 evals:228} gen{mvs:640 evals:10'297} #w_updates:97 #perturb:0) [combined with: ls_restart_decay_com...]
#114     0.16s best:3051  next:[2425,3050] ls_lin_restart_decay_compound(batch:1 lin{mvs:0 evals:0} gen{mvs:258 evals:4'148} comp{mvs:14 btracks:122} #w_updates:2 #perturb:0)
#115     0.16s best:3050  next:[2425,3049] ls_lin_restart_compound(batch:1 lin{mvs:0 evals:0} gen{mvs:16 evals:290} comp{mvs:8 btracks:4} #w_updates:0 #perturb:0)
#116     0.16s best:3049  next:[2425,3048] ls_lin_restart_compound(batch:1 lin{mvs:0 evals:0} gen{mvs:2 evals:41} comp{mvs:2 btracks:0} #w_updates:0 #perturb:0)
#117     0.16s best:3034  next:[2425,3033] ls_lin_restart_decay(batch:1 lin{mvs:7 evals:194} gen{mvs:23 evals:638} #w_updates:24 #perturb:0)
#118     0.16s best:3033  next:[2425,3032] ls_restart_compound(batch:1 lin{mvs:0 evals:0} gen{mvs:508 evals:7'783} comp{mvs:20 btracks:244} #w_updates:5 #perturb:0) [combined with: ls_lin_restart_decay...]
#119     0.17s best:3030  next:[2425,3029] ls_restart_decay_perturb(batch:1 lin{mvs:9 evals:225} gen{mvs:111 evals:1'894} #w_updates:40 #perturb:0)
#120     0.17s best:3029  next:[2425,3028] ls_restart_decay_compound(batch:1 lin{mvs:0 evals:0} gen{mvs:14 evals:278} comp{mvs:4 btracks:5} #w_updates:0 #perturb:0)
#121     0.17s best:3018  next:[2425,3017] ls_restart_perturb(batch:1 lin{mvs:7 evals:175} gen{mvs:12 evals:315} #w_updates:0 #perturb:0)
#122     0.17s best:2993  next:[2425,2992] ls_restart(batch:1 lin{mvs:7 evals:175} gen{mvs:16 evals:351} #w_updates:1 #perturb:0)
#123     0.17s best:2961  next:[2425,2960] ls_restart_decay(batch:1 lin{mvs:7 evals:172} gen{mvs:382 evals:6'724} #w_updates:111 #perturb:0) [combined with: ls_restart(batch:1 l...]
#124     0.17s best:2959  next:[2425,2958] ls_restart_compound_perturb(batch:1 lin{mvs:0 evals:0} gen{mvs:11 evals:219} comp{mvs:5 btracks:3} #w_updates:0 #perturb:0)
#125     0.17s best:2954  next:[2425,2953] quick_restart_no_lp
#126     0.18s best:2951  next:[2425,2950] ls_restart_compound_perturb(batch:1 lin{mvs:0 evals:0} gen{mvs:49 evals:684} comp{mvs:13 btracks:18} #w_updates:0 #perturb:0)
#127     0.18s best:2950  next:[2425,2949] ls_lin_restart_compound(batch:1 lin{mvs:0 evals:0} gen{mvs:166 evals:2'204} comp{mvs:10 btracks:78} #w_updates:1 #perturb:0) [combined with: ls_restart_compound_...]
#128     0.18s best:2947  next:[2425,2946] ls_restart_compound(batch:1 lin{mvs:0 evals:0} gen{mvs:109 evals:1'419} comp{mvs:13 btracks:48} #w_updates:0 #perturb:0)
#129     0.18s best:2946  next:[2425,2945] ls_restart_decay_compound(batch:1 lin{mvs:0 evals:0} gen{mvs:658 evals:11'022} comp{mvs:30 btracks:314} #w_updates:6 #perturb:0) [combined with: quick_restart_no_lp...]
#130     0.18s best:2915  next:[2425,2914] ls_restart_decay_compound_perturb(batch:1 lin{mvs:0 evals:35} gen{mvs:9 evals:173} comp{mvs:9 btracks:0} #w_updates:0 #perturb:0)
#131     0.19s best:2913  next:[2425,2912] ls_restart_decay_compound_perturb(batch:1 lin{mvs:0 evals:25} gen{mvs:18 evals:330} comp{mvs:6 btracks:6} #w_updates:0 #perturb:0)
#132     0.19s best:2912  next:[2425,2911] ls_restart_decay_compound(batch:1 lin{mvs:0 evals:3} gen{mvs:2 evals:45} comp{mvs:2 btracks:0} #w_updates:0 #perturb:0)
#133     0.19s best:2911  next:[2425,2910] ls_restart_decay_compound(batch:1 lin{mvs:0 evals:4} gen{mvs:2 evals:42} comp{mvs:2 btracks:0} #w_updates:0 #perturb:0)
#134     0.20s best:2909  next:[2425,2908] ls_lin_restart_compound_perturb(batch:1 lin{mvs:0 evals:24} gen{mvs:16 evals:296} comp{mvs:6 btracks:5} #w_updates:0 #perturb:0)
#135     0.20s best:2908  next:[2425,2907] ls_restart_compound(batch:1 lin{mvs:0 evals:3} gen{mvs:2 evals:43} comp{mvs:2 btracks:0} #w_updates:0 #perturb:0)
#136     0.20s best:2907  next:[2425,2906] ls_decay_compound_perturb(batch:6 lin{mvs:22 evals:1'957} gen{mvs:3'649 evals:60'817} comp{mvs:39 btracks:295} #w_updates:884 #perturb:6)
#137     0.21s best:2906  next:[2425,2905] ls_restart_decay_compound(batch:1 lin{mvs:0 evals:330} gen{mvs:296 evals:3'959} comp{mvs:14 btracks:141} #w_updates:1 #perturb:0) [combined with: ls_decay_compound_pe...]
#138     0.21s best:2905  next:[2425,2904] ls_restart_decay_compound_perturb(batch:1 lin{mvs:0 evals:4} gen{mvs:3 evals:42} comp{mvs:3 btracks:0} #w_updates:0 #perturb:0)
#139     0.21s best:2904  next:[2425,2903] ls_lin_restart_decay_compound_perturb(batch:1 lin{mvs:0 evals:371} gen{mvs:412 evals:4'495} comp{mvs:4 btracks:204} #w_updates:1 #perturb:0) [combined with: ls_restart_decay_com...]
#140     0.21s best:2903  next:[2425,2902] ls_lin_restart_compound_perturb(batch:1 lin{mvs:0 evals:4} gen{mvs:2 evals:41} comp{mvs:2 btracks:0} #w_updates:0 #perturb:0) [combined with: ls_lin_restart_decay...]
#141     0.21s best:2902  next:[2425,2901] ls_lin_restart_compound_perturb(batch:1 lin{mvs:0 evals:4} gen{mvs:2 evals:40} comp{mvs:2 btracks:0} #w_updates:0 #perturb:0)
#142     0.21s best:2901  next:[2425,2900] ls_lin_restart_compound(batch:1 lin{mvs:0 evals:8} gen{mvs:8 evals:164} comp{mvs:8 btracks:0} #w_updates:0 #perturb:0)
#143     0.22s best:2900  next:[2425,2899] ls_restart_compound(batch:1 lin{mvs:0 evals:2} gen{mvs:2 evals:44} comp{mvs:2 btracks:0} #w_updates:0 #perturb:0)
#144     0.22s best:2899  next:[2425,2898] ls_restart_compound_perturb(batch:1 lin{mvs:0 evals:13} gen{mvs:16 evals:242} comp{mvs:4 btracks:6} #w_updates:0 #perturb:0)
#145     0.22s best:2898  next:[2425,2897] ls_restart_compound(batch:1 lin{mvs:0 evals:383} gen{mvs:272 evals:4'761} comp{mvs:12 btracks:130} #w_updates:3 #perturb:0) [combined with: ls_restart_compound_...]
#146     0.22s best:2897  next:[2425,2896] ls_restart_compound_perturb(batch:1 lin{mvs:0 evals:3} gen{mvs:2 evals:42} comp{mvs:2 btracks:0} #w_updates:0 #perturb:0)
#147     0.22s best:2896  next:[2425,2895] ls_restart_decay_compound_perturb(batch:1 lin{mvs:0 evals:23} gen{mvs:28 evals:469} comp{mvs:8 btracks:10} #w_updates:0 #perturb:0) [combined with: ls_restart_compound_...]
#148     0.22s best:2895  next:[2425,2894] ls_restart_compound(batch:1 lin{mvs:0 evals:62} gen{mvs:56 evals:1'075} comp{mvs:8 btracks:24} #w_updates:1 #perturb:0)
#149     0.22s best:2894  next:[2425,2893] ls_compound(batch:7 lin{mvs:22 evals:2'590} gen{mvs:4'053 evals:67'984} comp{mvs:53 btracks:490} #w_updates:886 #perturb:7) [combined with: ls_restart_compound(...]
#150     0.23s best:2893  next:[2440,2892] ls_restart_decay_compound_perturb(batch:1 lin{mvs:0 evals:2} gen{mvs:2 evals:42} comp{mvs:2 btracks:0} #w_updates:0 #perturb:0)
#151     0.23s best:2892  next:[2440,2891] ls_lin_restart_compound_perturb(batch:1 lin{mvs:0 evals:2} gen{mvs:2 evals:42} comp{mvs:2 btracks:0} #w_updates:0 #perturb:0)
#152     0.23s best:2891  next:[2440,2890] ls_lin_restart_compound(batch:1 lin{mvs:0 evals:28} gen{mvs:34 evals:517} comp{mvs:4 btracks:15} #w_updates:0 #perturb:0)
#153     0.23s best:2852  next:[2440,2851] ls_restart_perturb(batch:1 lin{mvs:7 evals:594} gen{mvs:760 evals:11'917} #w_updates:345 #perturb:0)
#154     0.24s best:2851  next:[2440,2850] ls_restart_decay_compound_perturb(batch:1 lin{mvs:0 evals:55} gen{mvs:97 evals:1'736} comp{mvs:13 btracks:42} #w_updates:2 #perturb:0)
#155     0.24s best:2828  next:[2440,2827] ls_restart(batch:1 lin{mvs:7 evals:189} gen{mvs:84 evals:1'390} #w_updates:14 #perturb:0)
#156     0.25s best:2814  next:[2440,2813] ls_lin_restart_decay_perturb(batch:1 lin{mvs:6 evals:164} gen{mvs:10 evals:248} #w_updates:7 #perturb:0)
#157     0.25s best:2813  next:[2440,2812] ls_lin_restart_decay_compound(batch:1 lin{mvs:0 evals:1} gen{mvs:2 evals:38} comp{mvs:2 btracks:0} #w_updates:0 #perturb:0)
#158     0.25s best:2810  next:[2442,2809] quick_restart_no_lp
#159     0.25s best:2809  next:[2442,2808] ls_restart_compound_perturb(batch:1 lin{mvs:0 evals:23} gen{mvs:60 evals:758} comp{mvs:10 btracks:25} #w_updates:0 #perturb:0) [combined with: quick_restart_no_lp...]
#160     0.25s best:2808  next:[2442,2807] ls_restart_decay_perturb(batch:1 lin{mvs:6 evals:147} gen{mvs:54 evals:1'017} #w_updates:22 #perturb:0) [combined with: ls_restart_compound_...]
#161     0.26s best:2807  next:[2442,2806] ls_restart_compound_perturb(batch:1 lin{mvs:0 evals:1} gen{mvs:2 evals:37} comp{mvs:2 btracks:0} #w_updates:0 #perturb:0)
#162     0.26s best:2806  next:[2442,2805] ls_restart_decay_compound(batch:1 lin{mvs:0 evals:6} gen{mvs:16 evals:218} comp{mvs:4 btracks:6} #w_updates:0 #perturb:0)
#163     0.26s best:2798  next:[2442,2797] ls_restart(batch:1 lin{mvs:5 evals:165} gen{mvs:85 evals:1'321} #w_updates:9 #perturb:0)
#164     0.26s best:2796  next:[2442,2795] ls_restart_decay_perturb(batch:1 lin{mvs:6 evals:190} gen{mvs:114 evals:1'747} #w_updates:16 #perturb:0)
#165     0.26s best:2794  next:[2442,2793] probing_no_lp
#166     0.29s best:2767  next:[2442,2766] quick_restart_no_lp
#167     0.29s best:2766  next:[2443,2765] ls_restart_compound(batch:1 lin{mvs:0 evals:0} gen{mvs:104 evals:1'420} comp{mvs:12 btracks:46} #w_updates:2 #perturb:0)
#168     0.30s best:2765  next:[2450,2764] ls_restart_compound_perturb(batch:1 lin{mvs:0 evals:0} gen{mvs:414 evals:5'821} comp{mvs:22 btracks:196} #w_updates:7 #perturb:0)
#169     0.31s best:2764  next:[2450,2763] ls_restart_decay_perturb(batch:1 lin{mvs:6 evals:144} gen{mvs:275 evals:4'210} #w_updates:73 #perturb:0)
#170     0.32s best:2763  next:[2451,2762] quick_restart
#171     0.34s best:2737  next:[2499,2736] ls_lin_restart_decay_perturb(batch:1 lin{mvs:4 evals:125} gen{mvs:45 evals:821} #w_updates:20 #perturb:0)
#172     0.35s best:2735  next:[2504,2734] probing_no_lp
#173     0.42s best:2734  next:[2609,2733] pseudo_costs
#174     0.43s best:2709  next:[2610,2708] quick_restart
#Done    0.69s probing_no_lp
#Done    0.69s probing
#Bound   0.68s best:2709  next:[2659,2708] lb_tree_search (nodes=32/43 rc=0 decisions=1883 @root=38 restarts=2 lp_iters=[0, 0, 1'464, 1'206])  [skipped_logs=79]

Task timing                                  n [     min,      max]      avg      dev     time         n [     min,      max]      avg      dev    dtime
                             'core':         1 [679.94ms, 679.94ms] 679.94ms   0.00ns 679.94ms         1 [921.77ms, 921.77ms] 921.77ms   0.00ns 921.77ms
                       'default_lp':         1 [687.74ms, 687.74ms] 687.74ms   0.00ns 687.74ms         1 [138.18ms, 138.18ms] 138.18ms   0.00ns 138.18ms
                 'feasibility_pump':       121 [ 57.93us,   8.29ms] 270.95us   1.03ms  32.79ms       120 [ 32.31us, 675.29us]  37.67us  58.45us   4.52ms
                            'fixed':         1 [684.64ms, 684.64ms] 684.64ms   0.00ns 684.64ms         1 [193.92ms, 193.92ms] 193.92ms   0.00ns 193.92ms
                               'fj':         0 [  0.00ns,   0.00ns]   0.00ns   0.00ns   0.00ns         0 [  0.00ns,   0.00ns]   0.00ns   0.00ns   0.00ns
                               'fj':         0 [  0.00ns,   0.00ns]   0.00ns   0.00ns   0.00ns         0 [  0.00ns,   0.00ns]   0.00ns   0.00ns   0.00ns
                               'fj':         0 [  0.00ns,   0.00ns]   0.00ns   0.00ns   0.00ns         0 [  0.00ns,   0.00ns]   0.00ns   0.00ns   0.00ns
                               'fj':         0 [  0.00ns,   0.00ns]   0.00ns   0.00ns   0.00ns         0 [  0.00ns,   0.00ns]   0.00ns   0.00ns   0.00ns
                               'fj':         0 [  0.00ns,   0.00ns]   0.00ns   0.00ns   0.00ns         0 [  0.00ns,   0.00ns]   0.00ns   0.00ns   0.00ns
                               'fj':         0 [  0.00ns,   0.00ns]   0.00ns   0.00ns   0.00ns         0 [  0.00ns,   0.00ns]   0.00ns   0.00ns   0.00ns
                               'fj':         0 [  0.00ns,   0.00ns]   0.00ns   0.00ns   0.00ns         0 [  0.00ns,   0.00ns]   0.00ns   0.00ns   0.00ns
                               'fj':         0 [  0.00ns,   0.00ns]   0.00ns   0.00ns   0.00ns         0 [  0.00ns,   0.00ns]   0.00ns   0.00ns   0.00ns
                               'fj':         0 [  0.00ns,   0.00ns]   0.00ns   0.00ns   0.00ns         0 [  0.00ns,   0.00ns]   0.00ns   0.00ns   0.00ns
                               'fj':         0 [  0.00ns,   0.00ns]   0.00ns   0.00ns   0.00ns         0 [  0.00ns,   0.00ns]   0.00ns   0.00ns   0.00ns
                               'fj':         0 [  0.00ns,   0.00ns]   0.00ns   0.00ns   0.00ns         0 [  0.00ns,   0.00ns]   0.00ns   0.00ns   0.00ns
                               'fj':         0 [  0.00ns,   0.00ns]   0.00ns   0.00ns   0.00ns         0 [  0.00ns,   0.00ns]   0.00ns   0.00ns   0.00ns
                               'fj':         0 [  0.00ns,   0.00ns]   0.00ns   0.00ns   0.00ns         0 [  0.00ns,   0.00ns]   0.00ns   0.00ns   0.00ns
                               'fj':         0 [  0.00ns,   0.00ns]   0.00ns   0.00ns   0.00ns         0 [  0.00ns,   0.00ns]   0.00ns   0.00ns   0.00ns
                               'fj':         0 [  0.00ns,   0.00ns]   0.00ns   0.00ns   0.00ns         0 [  0.00ns,   0.00ns]   0.00ns   0.00ns   0.00ns
                               'fj':         0 [  0.00ns,   0.00ns]   0.00ns   0.00ns   0.00ns         0 [  0.00ns,   0.00ns]   0.00ns   0.00ns   0.00ns
                               'fj':         0 [  0.00ns,   0.00ns]   0.00ns   0.00ns   0.00ns         0 [  0.00ns,   0.00ns]   0.00ns   0.00ns   0.00ns
                               'fj':         0 [  0.00ns,   0.00ns]   0.00ns   0.00ns   0.00ns         0 [  0.00ns,   0.00ns]   0.00ns   0.00ns   0.00ns
                               'fj':         0 [  0.00ns,   0.00ns]   0.00ns   0.00ns   0.00ns         0 [  0.00ns,   0.00ns]   0.00ns   0.00ns   0.00ns
                               'fj':         0 [  0.00ns,   0.00ns]   0.00ns   0.00ns   0.00ns         0 [  0.00ns,   0.00ns]   0.00ns   0.00ns   0.00ns
                               'fj':         0 [  0.00ns,   0.00ns]   0.00ns   0.00ns   0.00ns         0 [  0.00ns,   0.00ns]   0.00ns   0.00ns   0.00ns
                               'fj':         0 [  0.00ns,   0.00ns]   0.00ns   0.00ns   0.00ns         0 [  0.00ns,   0.00ns]   0.00ns   0.00ns   0.00ns
                               'fj':         0 [  0.00ns,   0.00ns]   0.00ns   0.00ns   0.00ns         0 [  0.00ns,   0.00ns]   0.00ns   0.00ns   0.00ns
                               'fj':         0 [  0.00ns,   0.00ns]   0.00ns   0.00ns   0.00ns         0 [  0.00ns,   0.00ns]   0.00ns   0.00ns   0.00ns
                               'fj':         0 [  0.00ns,   0.00ns]   0.00ns   0.00ns   0.00ns         0 [  0.00ns,   0.00ns]   0.00ns   0.00ns   0.00ns
                           'fj_lin':         0 [  0.00ns,   0.00ns]   0.00ns   0.00ns   0.00ns         0 [  0.00ns,   0.00ns]   0.00ns   0.00ns   0.00ns
                           'fj_lin':         0 [  0.00ns,   0.00ns]   0.00ns   0.00ns   0.00ns         0 [  0.00ns,   0.00ns]   0.00ns   0.00ns   0.00ns
                           'fj_lin':         0 [  0.00ns,   0.00ns]   0.00ns   0.00ns   0.00ns         0 [  0.00ns,   0.00ns]   0.00ns   0.00ns   0.00ns
                           'fj_lin':         0 [  0.00ns,   0.00ns]   0.00ns   0.00ns   0.00ns         0 [  0.00ns,   0.00ns]   0.00ns   0.00ns   0.00ns
                           'fj_lin':         0 [  0.00ns,   0.00ns]   0.00ns   0.00ns   0.00ns         0 [  0.00ns,   0.00ns]   0.00ns   0.00ns   0.00ns
                           'fj_lin':         0 [  0.00ns,   0.00ns]   0.00ns   0.00ns   0.00ns         0 [  0.00ns,   0.00ns]   0.00ns   0.00ns   0.00ns
                           'fj_lin':         0 [  0.00ns,   0.00ns]   0.00ns   0.00ns   0.00ns         0 [  0.00ns,   0.00ns]   0.00ns   0.00ns   0.00ns
                           'fj_lin':         0 [  0.00ns,   0.00ns]   0.00ns   0.00ns   0.00ns         0 [  0.00ns,   0.00ns]   0.00ns   0.00ns   0.00ns
                           'fj_lin':         0 [  0.00ns,   0.00ns]   0.00ns   0.00ns   0.00ns         0 [  0.00ns,   0.00ns]   0.00ns   0.00ns   0.00ns
                           'fj_lin':         0 [  0.00ns,   0.00ns]   0.00ns   0.00ns   0.00ns         0 [  0.00ns,   0.00ns]   0.00ns   0.00ns   0.00ns
                           'fj_lin':         0 [  0.00ns,   0.00ns]   0.00ns   0.00ns   0.00ns         0 [  0.00ns,   0.00ns]   0.00ns   0.00ns   0.00ns
                           'fj_lin':         0 [  0.00ns,   0.00ns]   0.00ns   0.00ns   0.00ns         0 [  0.00ns,   0.00ns]   0.00ns   0.00ns   0.00ns
                        'fs_random':         0 [  0.00ns,   0.00ns]   0.00ns   0.00ns   0.00ns         0 [  0.00ns,   0.00ns]   0.00ns   0.00ns   0.00ns
                        'fs_random':         0 [  0.00ns,   0.00ns]   0.00ns   0.00ns   0.00ns         0 [  0.00ns,   0.00ns]   0.00ns   0.00ns   0.00ns
                        'fs_random':         0 [  0.00ns,   0.00ns]   0.00ns   0.00ns   0.00ns         0 [  0.00ns,   0.00ns]   0.00ns   0.00ns   0.00ns
                        'fs_random':         0 [  0.00ns,   0.00ns]   0.00ns   0.00ns   0.00ns         0 [  0.00ns,   0.00ns]   0.00ns   0.00ns   0.00ns
                        'fs_random':         0 [  0.00ns,   0.00ns]   0.00ns   0.00ns   0.00ns         0 [  0.00ns,   0.00ns]   0.00ns   0.00ns   0.00ns
                        'fs_random':         0 [  0.00ns,   0.00ns]   0.00ns   0.00ns   0.00ns         0 [  0.00ns,   0.00ns]   0.00ns   0.00ns   0.00ns
                        'fs_random':         0 [  0.00ns,   0.00ns]   0.00ns   0.00ns   0.00ns         0 [  0.00ns,   0.00ns]   0.00ns   0.00ns   0.00ns
                        'fs_random':         0 [  0.00ns,   0.00ns]   0.00ns   0.00ns   0.00ns         0 [  0.00ns,   0.00ns]   0.00ns   0.00ns   0.00ns
                        'fs_random':         0 [  0.00ns,   0.00ns]   0.00ns   0.00ns   0.00ns         0 [  0.00ns,   0.00ns]   0.00ns   0.00ns   0.00ns
                        'fs_random':         0 [  0.00ns,   0.00ns]   0.00ns   0.00ns   0.00ns         0 [  0.00ns,   0.00ns]   0.00ns   0.00ns   0.00ns
                        'fs_random':         0 [  0.00ns,   0.00ns]   0.00ns   0.00ns   0.00ns         0 [  0.00ns,   0.00ns]   0.00ns   0.00ns   0.00ns
                        'fs_random':         0 [  0.00ns,   0.00ns]   0.00ns   0.00ns   0.00ns         0 [  0.00ns,   0.00ns]   0.00ns   0.00ns   0.00ns
                  'fs_random_no_lp':         0 [  0.00ns,   0.00ns]   0.00ns   0.00ns   0.00ns         0 [  0.00ns,   0.00ns]   0.00ns   0.00ns   0.00ns
                  'fs_random_no_lp':         0 [  0.00ns,   0.00ns]   0.00ns   0.00ns   0.00ns         0 [  0.00ns,   0.00ns]   0.00ns   0.00ns   0.00ns
                  'fs_random_no_lp':         0 [  0.00ns,   0.00ns]   0.00ns   0.00ns   0.00ns         0 [  0.00ns,   0.00ns]   0.00ns   0.00ns   0.00ns
                  'fs_random_no_lp':         0 [  0.00ns,   0.00ns]   0.00ns   0.00ns   0.00ns         0 [  0.00ns,   0.00ns]   0.00ns   0.00ns   0.00ns
                  'fs_random_no_lp':         0 [  0.00ns,   0.00ns]   0.00ns   0.00ns   0.00ns         0 [  0.00ns,   0.00ns]   0.00ns   0.00ns   0.00ns
                  'fs_random_no_lp':         0 [  0.00ns,   0.00ns]   0.00ns   0.00ns   0.00ns         0 [  0.00ns,   0.00ns]   0.00ns   0.00ns   0.00ns
                  'fs_random_no_lp':         0 [  0.00ns,   0.00ns]   0.00ns   0.00ns   0.00ns         0 [  0.00ns,   0.00ns]   0.00ns   0.00ns   0.00ns
                  'fs_random_no_lp':         0 [  0.00ns,   0.00ns]   0.00ns   0.00ns   0.00ns         0 [  0.00ns,   0.00ns]   0.00ns   0.00ns   0.00ns
                  'fs_random_no_lp':         0 [  0.00ns,   0.00ns]   0.00ns   0.00ns   0.00ns         0 [  0.00ns,   0.00ns]   0.00ns   0.00ns   0.00ns
                  'fs_random_no_lp':         0 [  0.00ns,   0.00ns]   0.00ns   0.00ns   0.00ns         0 [  0.00ns,   0.00ns]   0.00ns   0.00ns   0.00ns
                  'fs_random_no_lp':         0 [  0.00ns,   0.00ns]   0.00ns   0.00ns   0.00ns         0 [  0.00ns,   0.00ns]   0.00ns   0.00ns   0.00ns
                  'fs_random_no_lp':         0 [  0.00ns,   0.00ns]   0.00ns   0.00ns   0.00ns         0 [  0.00ns,   0.00ns]   0.00ns   0.00ns   0.00ns
                  'fs_random_no_lp':         0 [  0.00ns,   0.00ns]   0.00ns   0.00ns   0.00ns         0 [  0.00ns,   0.00ns]   0.00ns   0.00ns   0.00ns
          'fs_random_quick_restart':         0 [  0.00ns,   0.00ns]   0.00ns   0.00ns   0.00ns         0 [  0.00ns,   0.00ns]   0.00ns   0.00ns   0.00ns
          'fs_random_quick_restart':         0 [  0.00ns,   0.00ns]   0.00ns   0.00ns   0.00ns         0 [  0.00ns,   0.00ns]   0.00ns   0.00ns   0.00ns
          'fs_random_quick_restart':         0 [  0.00ns,   0.00ns]   0.00ns   0.00ns   0.00ns         0 [  0.00ns,   0.00ns]   0.00ns   0.00ns   0.00ns
          'fs_random_quick_restart':         0 [  0.00ns,   0.00ns]   0.00ns   0.00ns   0.00ns         0 [  0.00ns,   0.00ns]   0.00ns   0.00ns   0.00ns
          'fs_random_quick_restart':         0 [  0.00ns,   0.00ns]   0.00ns   0.00ns   0.00ns         0 [  0.00ns,   0.00ns]   0.00ns   0.00ns   0.00ns
          'fs_random_quick_restart':         0 [  0.00ns,   0.00ns]   0.00ns   0.00ns   0.00ns         0 [  0.00ns,   0.00ns]   0.00ns   0.00ns   0.00ns
          'fs_random_quick_restart':         0 [  0.00ns,   0.00ns]   0.00ns   0.00ns   0.00ns         0 [  0.00ns,   0.00ns]   0.00ns   0.00ns   0.00ns
          'fs_random_quick_restart':         0 [  0.00ns,   0.00ns]   0.00ns   0.00ns   0.00ns         0 [  0.00ns,   0.00ns]   0.00ns   0.00ns   0.00ns
          'fs_random_quick_restart':         0 [  0.00ns,   0.00ns]   0.00ns   0.00ns   0.00ns         0 [  0.00ns,   0.00ns]   0.00ns   0.00ns   0.00ns
          'fs_random_quick_restart':         0 [  0.00ns,   0.00ns]   0.00ns   0.00ns   0.00ns         0 [  0.00ns,   0.00ns]   0.00ns   0.00ns   0.00ns
          'fs_random_quick_restart':         0 [  0.00ns,   0.00ns]   0.00ns   0.00ns   0.00ns         0 [  0.00ns,   0.00ns]   0.00ns   0.00ns   0.00ns
          'fs_random_quick_restart':         0 [  0.00ns,   0.00ns]   0.00ns   0.00ns   0.00ns         0 [  0.00ns,   0.00ns]   0.00ns   0.00ns   0.00ns
    'fs_random_quick_restart_no_lp':         0 [  0.00ns,   0.00ns]   0.00ns   0.00ns   0.00ns         0 [  0.00ns,   0.00ns]   0.00ns   0.00ns   0.00ns
    'fs_random_quick_restart_no_lp':         0 [  0.00ns,   0.00ns]   0.00ns   0.00ns   0.00ns         0 [  0.00ns,   0.00ns]   0.00ns   0.00ns   0.00ns
    'fs_random_quick_restart_no_lp':         0 [  0.00ns,   0.00ns]   0.00ns   0.00ns   0.00ns         0 [  0.00ns,   0.00ns]   0.00ns   0.00ns   0.00ns
    'fs_random_quick_restart_no_lp':         0 [  0.00ns,   0.00ns]   0.00ns   0.00ns   0.00ns         0 [  0.00ns,   0.00ns]   0.00ns   0.00ns   0.00ns
    'fs_random_quick_restart_no_lp':         0 [  0.00ns,   0.00ns]   0.00ns   0.00ns   0.00ns         0 [  0.00ns,   0.00ns]   0.00ns   0.00ns   0.00ns
    'fs_random_quick_restart_no_lp':         0 [  0.00ns,   0.00ns]   0.00ns   0.00ns   0.00ns         0 [  0.00ns,   0.00ns]   0.00ns   0.00ns   0.00ns
    'fs_random_quick_restart_no_lp':         0 [  0.00ns,   0.00ns]   0.00ns   0.00ns   0.00ns         0 [  0.00ns,   0.00ns]   0.00ns   0.00ns   0.00ns
    'fs_random_quick_restart_no_lp':         0 [  0.00ns,   0.00ns]   0.00ns   0.00ns   0.00ns         0 [  0.00ns,   0.00ns]   0.00ns   0.00ns   0.00ns
    'fs_random_quick_restart_no_lp':         0 [  0.00ns,   0.00ns]   0.00ns   0.00ns   0.00ns         0 [  0.00ns,   0.00ns]   0.00ns   0.00ns   0.00ns
    'fs_random_quick_restart_no_lp':         0 [  0.00ns,   0.00ns]   0.00ns   0.00ns   0.00ns         0 [  0.00ns,   0.00ns]   0.00ns   0.00ns   0.00ns
    'fs_random_quick_restart_no_lp':         0 [  0.00ns,   0.00ns]   0.00ns   0.00ns   0.00ns         0 [  0.00ns,   0.00ns]   0.00ns   0.00ns   0.00ns
    'fs_random_quick_restart_no_lp':         0 [  0.00ns,   0.00ns]   0.00ns   0.00ns   0.00ns         0 [  0.00ns,   0.00ns]   0.00ns   0.00ns   0.00ns
                    'graph_arc_lns':         9 [  6.20ms, 392.16ms] 191.71ms 144.10ms    1.73s         9 [507.23us,  77.37ms]  28.61ms  25.53ms 257.51ms
                    'graph_cst_lns':        10 [  2.95ms, 402.96ms] 180.75ms 146.62ms    1.81s        10 [ 54.24us, 100.03ms]  38.32ms  37.17ms 383.23ms
                    'graph_dec_lns':        12 [  2.20ms, 436.40ms] 148.60ms 139.13ms    1.78s        11 [ 13.76us, 100.05ms]  38.73ms  37.83ms 425.98ms
                    'graph_var_lns':        12 [  7.65ms, 422.30ms] 144.50ms 111.03ms    1.73s        12 [686.98us, 100.01ms]  30.33ms  28.02ms 363.98ms
                     'lb_relax_lns':         5 [185.32us, 681.90ms] 433.34ms 279.60ms    2.17s         4 [ 90.88ms, 157.37ms] 126.53ms  28.66ms 506.12ms
                   'lb_tree_search':         1 [690.93ms, 690.93ms] 690.93ms   0.00ns 690.93ms         1 [ 67.21ms,  67.21ms]  67.21ms   0.00ns  67.21ms
                               'ls':        12 [  4.89ms,  91.71ms]  55.42ms  35.01ms 665.01ms        12 [  4.49ms, 100.12ms]  69.43ms  42.90ms 833.19ms
                               'ls':        13 [213.35us,  82.87ms]  50.89ms  28.24ms 661.56ms        13 [137.49us, 100.11ms]  68.25ms  38.45ms 887.25ms
                               'ls':        14 [845.05us,  80.14ms]  48.09ms  31.46ms 673.33ms        14 [870.42us, 100.07ms]  69.79ms  43.04ms 977.01ms
                               'ls':        15 [734.74us,  87.08ms]  42.99ms  32.24ms 644.87ms        15 [445.51us, 100.07ms]  56.97ms  39.58ms 854.49ms
                               'ls':        16 [212.53us,  88.97ms]  40.88ms  33.20ms 654.09ms        16 [125.55us, 100.14ms]  53.39ms  43.80ms 854.22ms
                               'ls':        16 [782.20us,  86.35ms]  40.52ms  22.81ms 648.40ms        16 [232.06us, 100.20ms]  77.29ms  35.95ms    1.24s
                               'ls':        18 [ 80.94us,  75.50ms]  36.36ms  24.75ms 654.41ms        16 [  7.68ms, 100.14ms]  69.49ms  37.43ms    1.11s
                               'ls':        18 [100.29us,  86.85ms]  36.59ms  29.37ms 658.67ms        17 [  1.81ms, 100.08ms]  55.62ms  39.56ms 945.56ms
                               'ls':        19 [ 67.76us,  76.29ms]  33.83ms  26.08ms 642.68ms        17 [131.93us, 100.11ms]  68.86ms  43.18ms    1.17s
                               'ls':        21 [895.84us,  64.80ms]  31.03ms  14.72ms 651.66ms        21 [951.45us, 100.10ms]  73.62ms  36.66ms    1.55s
                               'ls':        22 [228.39us,  84.58ms]  30.15ms  27.61ms 663.28ms        22 [104.36us, 100.07ms]  50.29ms  42.83ms    1.11s
                               'ls':        23 [ 97.26us,  77.07ms]  28.74ms  28.67ms 661.08ms        21 [160.70us, 100.14ms]  52.05ms  45.11ms    1.09s
                               'ls':        23 [147.60us,  77.38ms]  28.94ms  26.78ms 665.62ms        22 [146.46us, 100.16ms]  53.77ms  43.54ms    1.18s
                               'ls':        23 [313.14us,  68.45ms]  28.28ms  22.94ms 650.40ms        22 [473.86us, 100.17ms]  59.89ms  45.17ms    1.32s
                               'ls':        26 [110.31us,  76.14ms]  25.31ms  24.96ms 658.07ms        25 [159.68us, 100.05ms]  47.64ms  45.23ms    1.19s
                               'ls':        30 [ 73.27us,  85.84ms]  20.95ms  29.21ms 628.64ms        27 [117.04us, 100.09ms]  30.33ms  39.46ms 818.99ms
                               'ls':        31 [ 76.04us,  75.54ms]  19.60ms  22.61ms 607.73ms        29 [137.01us, 100.13ms]  42.46ms  45.55ms    1.23s
                               'ls':        31 [105.66us,  87.37ms]  19.88ms  27.94ms 616.37ms        29 [232.46us, 100.06ms]  27.83ms  38.74ms 807.14ms
                               'ls':        32 [ 82.46us,  78.76ms]  20.63ms  26.28ms 660.08ms        30 [115.36us, 100.10ms]  36.21ms  42.49ms    1.09s
                           'ls_lin':        12 [973.54us,  83.01ms]  54.16ms  28.07ms 649.97ms        12 [430.78us, 100.10ms]  69.13ms  36.84ms 829.52ms
                           'ls_lin':        15 [ 75.61us,  88.07ms]  44.26ms  32.24ms 663.89ms        14 [  1.37ms, 100.08ms]  64.33ms  41.47ms 900.62ms
                           'ls_lin':        15 [170.41us,  75.23ms]  43.46ms  29.06ms 651.85ms        14 [116.94us, 100.18ms]  67.03ms  40.40ms 938.40ms
                           'ls_lin':        16 [761.34us,  88.78ms]  40.79ms  29.46ms 652.63ms        16 [937.40us, 100.09ms]  59.98ms  41.84ms 959.73ms
                           'ls_lin':        18 [ 63.75us,  88.54ms]  36.79ms  32.58ms 662.16ms        16 [109.37us, 100.09ms]  55.08ms  43.26ms 881.35ms
                           'ls_lin':        20 [ 77.06us,  80.36ms]  32.89ms  33.10ms 657.87ms        19 [137.35us, 100.13ms]  49.12ms  47.86ms 933.28ms
                           'ls_lin':        20 [112.53us,  87.33ms]  33.08ms  28.33ms 661.65ms        20 [111.54us, 100.10ms]  55.40ms  43.50ms    1.11s
                           'ls_lin':        21 [ 82.18us,  73.84ms]  31.25ms  26.83ms 656.20ms        19 [267.60us, 100.19ms]  56.47ms  44.43ms    1.07s
                           'ls_lin':        25 [ 89.61us,  75.44ms]  26.07ms  21.84ms 651.74ms        24 [111.42us, 100.06ms]  53.79ms  43.64ms    1.29s
                           'ls_lin':        25 [104.47us,  76.78ms]  26.32ms  24.36ms 657.98ms        25 [110.93us, 100.13ms]  50.79ms  44.51ms    1.27s
                           'max_lp':         1 [679.52ms, 679.52ms] 679.52ms   0.00ns 679.52ms         1 [137.06ms, 137.06ms] 137.06ms   0.00ns 137.06ms
                            'no_lp':         1 [692.64ms, 692.64ms] 692.64ms   0.00ns 692.64ms         1 [192.83ms, 192.83ms] 192.83ms   0.00ns 192.83ms
              'objective_lb_search':         1 [685.20ms, 685.20ms] 685.20ms   0.00ns 685.20ms         1 [148.79ms, 148.79ms] 148.79ms   0.00ns 148.79ms
       'objective_lb_search_max_lp':         1 [674.44ms, 674.44ms] 674.44ms   0.00ns 674.44ms         1 [ 69.25ms,  69.25ms]  69.25ms   0.00ns  69.25ms
        'objective_lb_search_no_lp':         1 [674.25ms, 674.25ms] 674.25ms   0.00ns 674.25ms         1 [161.15ms, 161.15ms] 161.15ms   0.00ns 161.15ms
         'objective_shaving_max_lp':        71 [391.97us,  17.63ms]   8.29ms   4.62ms 588.59ms        58 [  1.33us,  86.12us]  62.64us  25.49us   3.63ms
          'objective_shaving_no_lp':        74 [390.87us,  17.03ms]   7.76ms   4.39ms 574.40ms        58 [ 25.69us,  61.88us]  53.46us  13.70us   3.10ms
                          'probing':         1 [690.77ms, 690.77ms] 690.77ms   0.00ns 690.77ms         1 [ 18.96ms,  18.96ms]  18.96ms   0.00ns  18.96ms
                   'probing_max_lp':         1 [675.07ms, 675.07ms] 675.07ms   0.00ns 675.07ms         1 [ 15.78ms,  15.78ms]  15.78ms   0.00ns  15.78ms
                    'probing_no_lp':         1 [673.15ms, 673.15ms] 673.15ms   0.00ns 673.15ms         1 [103.12ms, 103.12ms] 103.12ms   0.00ns 103.12ms
                     'pseudo_costs':         1 [678.61ms, 678.61ms] 678.61ms   0.00ns 678.61ms         1 [133.98ms, 133.98ms] 133.98ms   0.00ns 133.98ms
                    'quick_restart':         1 [679.21ms, 679.21ms] 679.21ms   0.00ns 679.21ms         1 [120.06ms, 120.06ms] 120.06ms   0.00ns 120.06ms
              'quick_restart_no_lp':         1 [687.07ms, 687.07ms] 687.07ms   0.00ns 687.07ms         1 [140.57ms, 140.57ms] 140.57ms   0.00ns 140.57ms
                    'reduced_costs':         1 [689.91ms, 689.91ms] 689.91ms   0.00ns 689.91ms         1 [ 86.57ms,  86.57ms]  86.57ms   0.00ns  86.57ms
                        'rins/rens':         7 [  7.17ms, 585.94ms] 302.25ms 242.91ms    2.12s         7 [282.67us, 100.03ms]  49.27ms  42.03ms 344.88ms
                      'rnd_cst_lns':        11 [  6.83ms, 441.98ms] 166.11ms 132.17ms    1.83s        11 [218.58us, 100.04ms]  34.83ms  34.06ms 383.15ms
                      'rnd_var_lns':        10 [  8.41ms, 469.92ms] 184.48ms 159.92ms    1.84s        10 [410.18us, 100.05ms]  38.28ms  35.81ms 382.81ms
         'scheduling_intervals_lns':         4 [547.19ms, 678.19ms] 613.84ms  46.93ms    2.46s         4 [ 47.89ms, 100.05ms]  72.43ms  20.00ms 289.70ms
       'scheduling_precedences_lns':         4 [588.33ms, 680.56ms] 637.01ms  35.40ms    2.55s         4 [ 54.09ms,  84.70ms]  73.54ms  11.59ms 294.16ms
  'scheduling_resource_windows_lns':         8 [ 49.44ms, 588.91ms] 283.73ms 215.13ms    2.27s         8 [  9.67ms, 100.08ms]  59.82ms  41.13ms 478.57ms
       'scheduling_time_window_lns':         6 [130.20ms, 635.52ms] 326.84ms 155.86ms    1.96s         6 [ 29.84ms, 100.02ms]  65.46ms  29.07ms 392.78ms
                'variables_shaving':        96 [  5.27ms, 273.72ms]  26.20ms  34.45ms    2.52s        96 [  5.09us,  26.98ms]   1.70ms   3.35ms 163.21ms
         'variables_shaving_max_lp':        95 [  8.97ms, 297.52ms]  77.47ms  70.21ms    7.36s        95 [  5.09us,  57.91ms]  11.52ms  11.70ms    1.09s
          'variables_shaving_no_lp':        96 [  4.08ms, 111.91ms]  22.84ms  22.36ms    2.19s        95 [ 61.42us,   7.71ms]   1.28ms   1.52ms 121.36ms

Search stats                        Bools  Conflicts  Branches  Restarts  BoolPropag  IntegerPropag
                           'core':  2'446        718    23'399     7'202   3'814'666        541'417
                     'default_lp':  1'116      2'809     5'649       614     205'123        921'779
                          'fixed':  1'007      5'125    10'636       536     562'317      1'045'049
                      'fs_random':      0          0         0         0           0              0
                      'fs_random':      0          0         0         0           0              0
                      'fs_random':      0          0         0         0           0              0
                      'fs_random':      0          0         0         0           0              0
                      'fs_random':      0          0         0         0           0              0
                      'fs_random':      0          0         0         0           0              0
                      'fs_random':      0          0         0         0           0              0
                      'fs_random':      0          0         0         0           0              0
                      'fs_random':      0          0         0         0           0              0
                      'fs_random':      0          0         0         0           0              0
                      'fs_random':      0          0         0         0           0              0
                      'fs_random':      0          0         0         0           0              0
                'fs_random_no_lp':      0          0         0         0           0              0
                'fs_random_no_lp':      0          0         0         0           0              0
                'fs_random_no_lp':      0          0         0         0           0              0
                'fs_random_no_lp':      0          0         0         0           0              0
                'fs_random_no_lp':      0          0         0         0           0              0
                'fs_random_no_lp':      0          0         0         0           0              0
                'fs_random_no_lp':      0          0         0         0           0              0
                'fs_random_no_lp':      0          0         0         0           0              0
                'fs_random_no_lp':      0          0         0         0           0              0
                'fs_random_no_lp':      0          0         0         0           0              0
                'fs_random_no_lp':      0          0         0         0           0              0
                'fs_random_no_lp':      0          0         0         0           0              0
                'fs_random_no_lp':      0          0         0         0           0              0
        'fs_random_quick_restart':      0          0         0         0           0              0
        'fs_random_quick_restart':      0          0         0         0           0              0
        'fs_random_quick_restart':      0          0         0         0           0              0
        'fs_random_quick_restart':      0          0         0         0           0              0
        'fs_random_quick_restart':      0          0         0         0           0              0
        'fs_random_quick_restart':      0          0         0         0           0              0
        'fs_random_quick_restart':      0          0         0         0           0              0
        'fs_random_quick_restart':      0          0         0         0           0              0
        'fs_random_quick_restart':      0          0         0         0           0              0
        'fs_random_quick_restart':      0          0         0         0           0              0
        'fs_random_quick_restart':      0          0         0         0           0              0
        'fs_random_quick_restart':      0          0         0         0           0              0
  'fs_random_quick_restart_no_lp':      0          0         0         0           0              0
  'fs_random_quick_restart_no_lp':      0          0         0         0           0              0
  'fs_random_quick_restart_no_lp':      0          0         0         0           0              0
  'fs_random_quick_restart_no_lp':      0          0         0         0           0              0
  'fs_random_quick_restart_no_lp':      0          0         0         0           0              0
  'fs_random_quick_restart_no_lp':      0          0         0         0           0              0
  'fs_random_quick_restart_no_lp':      0          0         0         0           0              0
  'fs_random_quick_restart_no_lp':      0          0         0         0           0              0
  'fs_random_quick_restart_no_lp':      0          0         0         0           0              0
  'fs_random_quick_restart_no_lp':      0          0         0         0           0              0
  'fs_random_quick_restart_no_lp':      0          0         0         0           0              0
  'fs_random_quick_restart_no_lp':      0          0         0         0           0              0
                 'lb_tree_search':  1'029        104     7'541     4'579      42'331        132'084
                         'max_lp':    431      1'876     5'122       811     116'214        529'102
                          'no_lp':    585      3'147    13'878     1'501     245'389      1'222'929
            'objective_lb_search':    915      2'185    12'431     1'242     216'417      1'004'232
     'objective_lb_search_max_lp':  1'077        340     5'806     3'970      72'678        140'324
      'objective_lb_search_no_lp':    587      2'249    18'138       771     210'390      1'109'732
                        'probing':  1'418         64     3'030     2'804      36'079         62'768
                 'probing_max_lp':  1'071         23     2'119     2'119       5'903         21'851
                  'probing_no_lp':  1'603      1'177     8'643     3'855     201'517        537'083
                   'pseudo_costs':    677      1'022    11'922     1'880      74'488        444'870
                  'quick_restart':  1'024      1'612    15'261     1'480     160'514        758'170
            'quick_restart_no_lp':  1'305      1'564    22'538     1'740     233'830        869'327
                  'reduced_costs':  1'248        485     7'386     4'121      90'686        187'925

SAT stats                           ClassicMinim  LitRemoved  LitLearned  LitForgotten  Subsumed  MClauses  MDecisions  MLitTrue  MSubsumed  MLitRemoved  MReused
                           'core':            87          87         292             0         0     9'150      15'078         0        490        1'470    2'922
                     'default_lp':         2'693       8'444      35'043             0         4        97         209         0         23          115       34
                          'fixed':         4'296       8'905      92'314             0        64         0           0         0          0            0        0
                      'fs_random':             0           0           0             0         0         0           0         0          0            0        0
                      'fs_random':             0           0           0             0         0         0           0         0          0            0        0
                      'fs_random':             0           0           0             0         0         0           0         0          0            0        0
                      'fs_random':             0           0           0             0         0         0           0         0          0            0        0
                      'fs_random':             0           0           0             0         0         0           0         0          0            0        0
                      'fs_random':             0           0           0             0         0         0           0         0          0            0        0
                      'fs_random':             0           0           0             0         0         0           0         0          0            0        0
                      'fs_random':             0           0           0             0         0         0           0         0          0            0        0
                      'fs_random':             0           0           0             0         0         0           0         0          0            0        0
                      'fs_random':             0           0           0             0         0         0           0         0          0            0        0
                      'fs_random':             0           0           0             0         0         0           0         0          0            0        0
                      'fs_random':             0           0           0             0         0         0           0         0          0            0        0
                'fs_random_no_lp':             0           0           0             0         0         0           0         0          0            0        0
                'fs_random_no_lp':             0           0           0             0         0         0           0         0          0            0        0
                'fs_random_no_lp':             0           0           0             0         0         0           0         0          0            0        0
                'fs_random_no_lp':             0           0           0             0         0         0           0         0          0            0        0
                'fs_random_no_lp':             0           0           0             0         0         0           0         0          0            0        0
                'fs_random_no_lp':             0           0           0             0         0         0           0         0          0            0        0
                'fs_random_no_lp':             0           0           0             0         0         0           0         0          0            0        0
                'fs_random_no_lp':             0           0           0             0         0         0           0         0          0            0        0
                'fs_random_no_lp':             0           0           0             0         0         0           0         0          0            0        0
                'fs_random_no_lp':             0           0           0             0         0         0           0         0          0            0        0
                'fs_random_no_lp':             0           0           0             0         0         0           0         0          0            0        0
                'fs_random_no_lp':             0           0           0             0         0         0           0         0          0            0        0
                'fs_random_no_lp':             0           0           0             0         0         0           0         0          0            0        0
        'fs_random_quick_restart':             0           0           0             0         0         0           0         0          0            0        0
        'fs_random_quick_restart':             0           0           0             0         0         0           0         0          0            0        0
        'fs_random_quick_restart':             0           0           0             0         0         0           0         0          0            0        0
        'fs_random_quick_restart':             0           0           0             0         0         0           0         0          0            0        0
        'fs_random_quick_restart':             0           0           0             0         0         0           0         0          0            0        0
        'fs_random_quick_restart':             0           0           0             0         0         0           0         0          0            0        0
        'fs_random_quick_restart':             0           0           0             0         0         0           0         0          0            0        0
        'fs_random_quick_restart':             0           0           0             0         0         0           0         0          0            0        0
        'fs_random_quick_restart':             0           0           0             0         0         0           0         0          0            0        0
        'fs_random_quick_restart':             0           0           0             0         0         0           0         0          0            0        0
        'fs_random_quick_restart':             0           0           0             0         0         0           0         0          0            0        0
        'fs_random_quick_restart':             0           0           0             0         0         0           0         0          0            0        0
  'fs_random_quick_restart_no_lp':             0           0           0             0         0         0           0         0          0            0        0
  'fs_random_quick_restart_no_lp':             0           0           0             0         0         0           0         0          0            0        0
  'fs_random_quick_restart_no_lp':             0           0           0             0         0         0           0         0          0            0        0
  'fs_random_quick_restart_no_lp':             0           0           0             0         0         0           0         0          0            0        0
  'fs_random_quick_restart_no_lp':             0           0           0             0         0         0           0         0          0            0        0
  'fs_random_quick_restart_no_lp':             0           0           0             0         0         0           0         0          0            0        0
  'fs_random_quick_restart_no_lp':             0           0           0             0         0         0           0         0          0            0        0
  'fs_random_quick_restart_no_lp':             0           0           0             0         0         0           0         0          0            0        0
  'fs_random_quick_restart_no_lp':             0           0           0             0         0         0           0         0          0            0        0
  'fs_random_quick_restart_no_lp':             0           0           0             0         0         0           0         0          0            0        0
  'fs_random_quick_restart_no_lp':             0           0           0             0         0         0           0         0          0            0        0
  'fs_random_quick_restart_no_lp':             0           0           0             0         0         0           0         0          0            0        0
                 'lb_tree_search':            29          73         457             0        10        29          82         0          0            6        8
                         'max_lp':         1'704       6'260      18'982             0        16         6           9         0          0            0       15
                          'no_lp':         3'102      16'936      39'930             0        23         0           0         0          0            0        0
            'objective_lb_search':         2'157      14'509      14'612             0        15        43         133         0         19           93       28
     'objective_lb_search_max_lp':           148         310       1'030             0        32        16          77         0          3           15        6
      'objective_lb_search_no_lp':         1'917       4'864      22'392             0        22         3           4         0          0            0        8
                        'probing':             0           0          64             0         0         0           0         0          0            0        0
                 'probing_max_lp':             0           0          23             0         0         0           0         0          0            0        0
                  'probing_no_lp':           732       2'033       6'281             0       102         0           0         0          0            0        0
                   'pseudo_costs':         1'003       5'288       9'555             0         8       287       1'034         0        139          763       90
                  'quick_restart':         1'406       3'736      17'663             0        23       136         298         2         49          213       61
            'quick_restart_no_lp':         1'377       4'481      20'960             0        19        64         190         0          8           41       14
                  'reduced_costs':           306       1'165       3'217             0         6        24          53         0          7           29        5

Lp stats                         Component  Iterations  AddedCuts  OPTIMAL  DUAL_F.  DUAL_U.
                  'default_lp':         25         390          0   17'503        0        0
                       'fixed':         25       1'027          0   17'632        0        0
              'lb_tree_search':          1       3'545        211    1'228       65        0
                      'max_lp':          1       3'270        263    4'539        6        0
         'objective_lb_search':         25       1'528          0   12'340        0        0
  'objective_lb_search_max_lp':          1       3'547        248      806       75        0
                     'probing':         25       1'727          0   73'585        0        0
              'probing_max_lp':          1         690        164      233        9        0
                'pseudo_costs':          1       4'407        402    2'752       37        0
               'quick_restart':         25       4'987          0   25'056        0        0
               'reduced_costs':          1       3'437        391    1'555       30        0

Lp dimension                     Final dimension of first component
                  'default_lp':       1 rows, 14 columns, 2 entries
                       'fixed':       3 rows, 14 columns, 6 entries
              'lb_tree_search':  175 rows, 194 columns, 418 entries
                      'max_lp':  116 rows, 194 columns, 266 entries
         'objective_lb_search':      7 rows, 14 columns, 14 entries
  'objective_lb_search_max_lp':  193 rows, 194 columns, 480 entries
                     'probing':      6 rows, 14 columns, 12 entries
              'probing_max_lp':  157 rows, 194 columns, 412 entries
                'pseudo_costs':  135 rows, 194 columns, 314 entries
               'quick_restart':      6 rows, 14 columns, 12 entries
               'reduced_costs':  228 rows, 194 columns, 677 entries

Lp debug                         CutPropag  CutEqPropag  Adjust  Overflow     Bad  BadScaling
                  'default_lp':          0            0       0         0       0           0
                       'fixed':          0            0       0         0       0           0
              'lb_tree_search':          0            0   1'270         0  36'080           0
                      'max_lp':          0            3   2'213         0  17'830           0
         'objective_lb_search':          0            0       0         0       0           0
  'objective_lb_search_max_lp':          0            2     856         0  26'017           0
                     'probing':          0            0       0         0       0           0
              'probing_max_lp':          0           10     241         0  52'334           0
                'pseudo_costs':          0            0   1'745         0  16'115           0
               'quick_restart':          0            0       0         0       0           0
               'reduced_costs':          0            8   1'302         0  18'826           0

Lp pool                          Constraints  Updates  Simplif  Merged  Shortened  Split  Strenghtened   Cuts/Call
                  'default_lp':          235        0        0       0          0      0             0         0/0
                       'fixed':          235        0        0       0          0      0             0         0/0
              'lb_tree_search':          443      670      121       3          0      5             3  211/24'329
                      'max_lp':          464    1'067       29      34          0      0             0  263/67'979
         'objective_lb_search':          235        0       52       0          0      0             2         0/0
  'objective_lb_search_max_lp':          478      722      774       5          0      0            14  248/10'750
                     'probing':          235        0       42       0          0      0             0         0/0
              'probing_max_lp':          399       85        0       0          0      0             0   164/6'716
                'pseudo_costs':          556      594      253      81          0      4            11  402/44'199
               'quick_restart':          235        0      352       0          0      0             3         0/0
               'reduced_costs':          572      896      796      54          0      0            10  391/22'182

Lp Cut                                                max_lp  pseudo_costs  probing_max_lp  objective_lb_search_max_lp  reduced_costs  lb_tree_search
                                              CG_FF:       -             2               1                          11             11               -
                                               CG_K:       5             9               4                           7              8               5
                                               CG_R:      25            16              19                          10             24              28
                                            MIR_1_R:       -             1               -                           1              2               -
                                            MIR_2_K:       1             2               1                           3              6               2
                                            MIR_2_R:       4             4               -                           2              3               1
                                            MIR_3_K:       1             2               1                           3              4               1
                                            MIR_3_R:       1             -               -                           4              9               2
                                           MIR_4_FF:       -             1               1                           -              -               -
                                            MIR_4_K:       3             3               4                           -              -               2
                                            MIR_4_R:       1             3               -                           3              5               2
                                            MIR_5_K:       5             1               1                           1              2               2
                                            MIR_5_R:       2             3               2                           4              2               2
                                            MIR_6_R:       2             -               1                           4              2               3
                  NoOverlapCompletionTimeExhaustive:      15            20               8                          16             19              12
           NoOverlapCompletionTimeExhaustive_lifted:      14            21               7                           8             15               7
  NoOverlapCompletionTimeExhaustive_lifted_weighted:      25            50              14                          26             44              19
         NoOverlapCompletionTimeExhaustive_weighted:      49            91              28                          52             84              35
                    NoOverlapCompletionTimeQueyrane:      17            41              15                          19             38              15
             NoOverlapCompletionTimeQueyrane_lifted:      17            38              13                          16             25              14
                        NoOverlapDetectedPrecedence:       -             1               -                           -              -               -
                          NoOverlapDisjunctionOnEnd:       -             4               -                           -              -               6
                        NoOverlapDisjunctionOnStart:      71            86              42                          54             86              48
                                        ZERO_HALF_R:       5             3               2                           4              2               5

LNS stats                             Improv/Calls  Closed  Difficulty  TimeLimit
                    'graph_arc_lns':           8/9     78%    9.43e-01       0.10
                    'graph_cst_lns':          9/10     60%    8.64e-01       0.10
                    'graph_dec_lns':          8/11     64%    9.04e-01       0.10
                    'graph_var_lns':          9/12     75%    9.59e-01       0.10
                     'lb_relax_lns':           4/4     25%    2.48e-01       0.50
                        'rins/rens':           4/7     43%    5.29e-01       0.10
                      'rnd_cst_lns':          8/11     64%    9.04e-01       0.10
                      'rnd_var_lns':          8/10     60%    8.64e-01       0.10
         'scheduling_intervals_lns':           4/4      0%    8.55e-02       0.10
       'scheduling_precedences_lns':           4/4      0%    8.55e-02       0.10
  'scheduling_resource_windows_lns':           4/8     25%    1.15e-01       0.10
       'scheduling_time_window_lns':           4/6     33%    3.14e-01       0.10

LS stats                                    Batches  Restarts/Perturbs  LinMoves  GenMoves  CompoundMoves  Bactracks  WeightUpdates  ScoreComputed
                    'ls_compound_perturb':       14                 13        35    17'672            338      5'335          1'866      5'986'953
                         'ls_lin_restart':       17                 17        95    18'674              0          0          6'741      7'593'108
                'ls_lin_restart_compound':       25                 25         0    25'542            812     12'353            278      7'861'856
        'ls_lin_restart_compound_perturb':       23                 22         0    33'334            920     16'172            287      8'585'262
                   'ls_lin_restart_decay':       30                 28       164    38'931              0          0          4'409     12'453'746
          'ls_lin_restart_decay_compound':       24                 23         0    28'182            982     13'591            298      8'044'578
  'ls_lin_restart_decay_compound_perturb':       21                 20         0    20'968            911     10'024            201      6'197'540
           'ls_lin_restart_decay_perturb':       21                 20       145    22'531              0          0          2'606      7'258'334
                 'ls_lin_restart_perturb':       26                 24       170    23'010              0          0         11'691     10'951'588
                             'ls_restart':       46                 46       290    28'645              0          0         11'453     12'406'106
                    'ls_restart_compound':       54                 50         0    62'466          2'629     29'895            670     17'968'841
            'ls_restart_compound_perturb':       55                 52         0    75'506          2'349     36'539            910     22'263'051
                       'ls_restart_decay':       39                 39       276    40'587              0          0          4'733     13'731'517
              'ls_restart_decay_compound':       48                 46         0    41'543          1'684     19'919            404     12'066'492
      'ls_restart_decay_compound_perturb':       45                 44         0    56'259          1'932     27'142            558     16'383'221
               'ls_restart_decay_perturb':       52                 48       300    59'414              0          0          6'461     19'114'683
                     'ls_restart_perturb':       50                 45       317    45'397              0          0         18'396     19'443'890

Solutions (174)                             Num       Rank
                          'graph_arc_lns':    1    [48,48]
                          'graph_cst_lns':    1    [47,47]
                          'graph_dec_lns':    2    [31,32]
                            'ls_compound':    1  [149,149]
              'ls_decay_compound_perturb':    1  [136,136]
                         'ls_lin_restart':    2    [19,50]
                'ls_lin_restart_compound':    7   [18,152]
        'ls_lin_restart_compound_perturb':    9   [38,151]
                   'ls_lin_restart_decay':    7   [21,117]
          'ls_lin_restart_decay_compound':    5   [52,157]
  'ls_lin_restart_decay_compound_perturb':    4   [40,139]
           'ls_lin_restart_decay_perturb':    6   [20,171]
                 'ls_lin_restart_perturb':    2    [34,80]
                             'ls_restart':    9   [37,163]
                    'ls_restart_compound':   15    [7,167]
            'ls_restart_compound_perturb':   15   [13,168]
                       'ls_restart_decay':   11    [9,123]
              'ls_restart_decay_compound':   13   [23,162]
      'ls_restart_decay_compound_perturb':   15    [6,154]
               'ls_restart_decay_perturb':   13   [15,169]
                     'ls_restart_perturb':   13   [11,153]
                                  'no_lp':    2      [1,4]
                    'objective_lb_search':    1      [5,5]
                          'probing_no_lp':    2  [165,172]
                           'pseudo_costs':    1  [173,173]
                          'quick_restart':    2  [170,174]
                    'quick_restart_no_lp':   10    [2,166]
                          'rins_pump_lns':    1    [35,35]
                            'rnd_var_lns':    3    [36,44]

Objective bounds                 Num
                   'bool_core':   61
              'initial_domain':    1
              'lb_tree_search':   11
                      'max_lp':    2
         'objective_lb_search':    1
  'objective_lb_search_max_lp':   25

Solution repositories    Added  Queried  Synchro
  'feasible solutions':    722      764      443
   'fj solution hints':      0        0        0
        'lp solutions':     65        1       61
                'pump':    120        6

Improving bounds shared            Num  Sym
                  'default_lp':     24    0
                       'fixed':    108    0
              'lb_tree_search':    691    0
                      'max_lp':  2'044    0
                       'no_lp':    554    0
         'objective_lb_search':    176    0
  'objective_lb_search_max_lp':    797    0
   'objective_lb_search_no_lp':     15    0
                     'probing':     31    0
              'probing_max_lp':      6    0
               'probing_no_lp':    281    0
                'pseudo_costs':    221    0
               'quick_restart':    159    0
         'quick_restart_no_lp':    423    0
               'reduced_costs':    824    0

CpSolverResponse summary:
status: OPTIMAL
objective: 2709
best_bound: 2709
integers: 0
booleans: 0
conflicts: 0
branches: 0
propagations: 0
integer_propagations: 0
restarts: 0
lp_iterations: 0
walltime: 0.711406
usertime: 0.711406
deterministic_time: 38.9789
gap_integral: 171.283
solution_fingerprint: 0xcae2dec8b5097685

