
Starting CP-SAT solver v9.14.6206
Parameters: max_time_in_seconds: 300 log_search_progress: true num_search_workers: 104 relative_gap_limit: 0.005

Initial optimization model '': (model_fingerprint: 0x7b4647ae6dd36a72)
#Variables: 379 (#ints: 53 in objective) (326 primary variables)
  - 53 in [0,39930]
  - 26 in [27360,39930]
  - 300 in [28800,39930]
#kInterval: 166 (#fixed: 3)
#kLinMax: 53 (#expressions: 106)
#kLinear1: 20
#kLinear2: 143
#kNoOverlap: 10 (#intervals: 166, #fixed_intervals: 3)

Starting presolve at 0.00s
  5.83e-05s  0.00e+00d  [DetectDominanceRelations] 
  1.51e-03s  0.00e+00d  [PresolveToFixPoint] #num_loops=10 #num_dual_strengthening=1 
  1.98e-06s  0.00e+00d  [ExtractEncodingFromLinear] 
  1.12e-05s  0.00e+00d  [DetectDuplicateColumns] 
  5.34e-05s  0.00e+00d  [DetectDuplicateConstraints] 
[Symmetry] Graph for symmetry has 939 nodes and 916 arcs.
[Symmetry] Symmetry computation done. time: 7.0308e-05 dtime: 9.721e-05
  5.29e-05s  0.00e+00d  [DetectDuplicateConstraintsWithDifferentEnforcements] 
  4.34e-04s  3.34e-06d  [Probe] #new_bounds=8 
  1.92e-06s  0.00e+00d  [MaxClique] 
  5.55e-05s  0.00e+00d  [DetectDominanceRelations] 
  4.13e-04s  0.00e+00d  [PresolveToFixPoint] #num_loops=3 #num_dual_strengthening=2 
  2.39e-05s  0.00e+00d  [ProcessAtMostOneAndLinear] 
  4.89e-05s  0.00e+00d  [DetectDuplicateConstraints] 
  4.65e-05s  0.00e+00d  [DetectDuplicateConstraintsWithDifferentEnforcements] 
  2.23e-05s  1.10e-06d  [DetectDominatedLinearConstraints] #relevant_constraints=183 
  2.60e-05s  0.00e+00d  [DetectDifferentVariables] 
  2.01e-06s  0.00e+00d  [ProcessSetPPC] 
  2.16e-06s  0.00e+00d  [FindAlmostIdenticalLinearConstraints] 
  8.53e-06s  0.00e+00d  [FindBigAtMostOneAndLinearOverlap] 
  1.40e-05s  6.68e-06d  [FindBigVerticalLinearOverlap] 
  1.56e-06s  0.00e+00d  [FindBigHorizontalLinearOverlap] 
  1.36e-06s  0.00e+00d  [MergeClauses] 
  4.99e-05s  0.00e+00d  [DetectDominanceRelations] 
  2.89e-04s  0.00e+00d  [PresolveToFixPoint] #num_loops=1 #num_dual_strengthening=1 
  4.74e-05s  0.00e+00d  [DetectDominanceRelations] 
  2.83e-04s  0.00e+00d  [PresolveToFixPoint] #num_loops=1 #num_dual_strengthening=1 
  9.68e-06s  0.00e+00d  [DetectDuplicateColumns] 
  4.65e-05s  0.00e+00d  [DetectDuplicateConstraints] 
[Symmetry] Graph for symmetry has 936 nodes and 915 arcs.
[Symmetry] Symmetry computation done. time: 6.2954e-05 dtime: 9.701e-05
  4.89e-05s  0.00e+00d  [DetectDuplicateConstraintsWithDifferentEnforcements] 
  3.53e-04s  2.04e-06d  [Probe] 
  1.38e-06s  0.00e+00d  [MaxClique] 
  5.21e-05s  0.00e+00d  [DetectDominanceRelations] 
  3.20e-04s  0.00e+00d  [PresolveToFixPoint] #num_loops=1 #num_dual_strengthening=1 
  2.35e-05s  0.00e+00d  [ProcessAtMostOneAndLinear] 
  5.09e-05s  0.00e+00d  [DetectDuplicateConstraints] 
  4.71e-05s  0.00e+00d  [DetectDuplicateConstraintsWithDifferentEnforcements] 
  2.09e-05s  1.10e-06d  [DetectDominatedLinearConstraints] #relevant_constraints=183 
  2.36e-05s  0.00e+00d  [DetectDifferentVariables] 
  1.70e-06s  0.00e+00d  [ProcessSetPPC] 
  2.14e-06s  0.00e+00d  [FindAlmostIdenticalLinearConstraints] 
  8.47e-06s  0.00e+00d  [FindBigAtMostOneAndLinearOverlap] 
  1.36e-05s  6.68e-06d  [FindBigVerticalLinearOverlap] 
  1.70e-06s  0.00e+00d  [FindBigHorizontalLinearOverlap] 
  1.15e-06s  0.00e+00d  [MergeClauses] 
  4.98e-05s  0.00e+00d  [DetectDominanceRelations] 
  2.90e-04s  0.00e+00d  [PresolveToFixPoint] #num_loops=1 #num_dual_strengthening=1 
  1.34e-05s  0.00e+00d  [ExpandObjective] 

Presolve summary:
  - 165 affine relations were detected.
  - rule 'TODO dual: only one blocking constraint?' was applied 476 times.
  - rule 'TODO dual: only one unspecified blocking constraint?' was applied 280 times.
  - rule 'affine: new relation' was applied 165 times.
  - rule 'dual: reduced domain' was applied 2 times.
  - rule 'intervals: removed unused interval' was applied 3 times.
  - rule 'lin_max: converted abs to equality' was applied 2 times.
  - rule 'lin_max: propagate domain from x to abs(x)' was applied 23 times.
  - rule 'lin_max: rewrite with precedences' was applied 40 times.
  - rule 'lin_max: target domain reduced' was applied 40 times.
  - rule 'linear1: x in domain' was applied 13 times.
  - rule 'linear: always true' was applied 47 times.
  - rule 'linear: reduced variable domains' was applied 861 times.
  - rule 'linear: remapped using affine relations' was applied 350 times.
  - rule 'no_overlap: split into disjoint components' was applied 3 times.
  - rule 'presolve: 0 unused variables removed.' was applied 1 time.
  - rule 'presolve: iteration' was applied 2 times.

Presolved optimization model '': (model_fingerprint: 0xcb339ea0fdb50744)
#Variables: 214 (#ints: 53 in objective) (163 primary variables)
  - 190 different domains in [0,39909] with a largest complexity of 1.
#kInterval: 163
#kLinMax: 11 (#expressions: 22)
#kLinear2: 183
#kNoOverlap: 10 (#intervals: 163)
[Symmetry] Graph for symmetry has 771 nodes and 915 arcs.
[Symmetry] Symmetry computation done. time: 6.1862e-05 dtime: 8.711e-05

Preloading model.
#Bound   0.01s best:inf   next:[180,794984] initial_domain
#Model   0.01s var:214/214 constraints:367/367

Starting search at 0.01s with 104 workers.
18 full problem subsolvers: [core, default_lp, fixed, lb_tree_search, max_lp, no_lp, objective_lb_search, objective_lb_search_max_lp, objective_lb_search_no_lp, objective_shaving_max_lp, objective_shaving_no_lp, probing, probing_max_lp, probing_no_lp, pseudo_costs, quick_restart, quick_restart_no_lp, reduced_costs]
86 first solution subsolvers: [fj(25), fj_lin(12), fs_random(12), fs_random_no_lp(13), fs_random_quick_restart(12), fs_random_quick_restart_no_lp(12)]
45 interleaved subsolvers: [feasibility_pump, graph_arc_lns, graph_cst_lns, graph_dec_lns, graph_var_lns, lb_relax_lns, ls(19), ls_lin(10), rins/rens, rnd_cst_lns, rnd_var_lns, scheduling_intervals_lns, scheduling_precedences_lns, scheduling_resource_windows_lns, scheduling_time_window_lns, variables_shaving, variables_shaving_max_lp, variables_shaving_no_lp]
3 helper subsolvers: [neighborhood_helper, synchronization_agent, update_gap_integral]

#1       0.01s best:34810 next:[180,34809] no_lp
#Bound   0.01s best:34810 next:[184,34809] bool_core (num_cores=1 [size:2 mw:4 d:1] a=52 d=1 fixed=0/53 clauses=0)
#Bound   0.01s best:34810 next:[188,34809] bool_core (num_cores=1 [cover] a=52 d=1 fixed=0/56 clauses=1)
#Bound   0.01s best:34810 next:[192,34809] bool_core (num_cores=1 [cover] a=52 d=1 fixed=1/59 clauses=3)
#Bound   0.01s best:34810 next:[196,34809] bool_core (num_cores=1 [cover] a=52 d=1 fixed=2/62 clauses=6)
#Bound   0.01s best:34810 next:[200,34809] bool_core (num_cores=1 [cover] a=52 d=1 fixed=3/65 clauses=10)
#Bound   0.01s best:34810 next:[204,34809] bool_core (num_cores=1 [cover] a=52 d=1 fixed=4/68 clauses=15)
#Bound   0.01s best:34810 next:[208,34809] bool_core (num_cores=1 [cover] a=52 d=1 fixed=5/71 clauses=21)
#Bound   0.01s best:34810 next:[212,34809] bool_core (num_cores=1 [cover] a=52 d=1 fixed=6/74 clauses=28)
#Bound   0.01s best:34810 next:[216,34809] bool_core (num_cores=1 [cover] a=52 d=1 fixed=7/77 clauses=36)
#2       0.02s best:34678 next:[216,34677] quick_restart_no_lp
#3       0.02s best:34546 next:[216,34545] fixed
#4       0.02s best:21411 next:[216,21410] objective_lb_search
#Bound   0.02s best:21411 next:[220,21410] bool_core (num_cores=2 [size:2 mw:4 d:2] a=51 d=2 fixed=8/80 clauses=0)
#Bound   0.02s best:21411 next:[224,21410] bool_core (num_cores=2 [cover] a=51 d=2 fixed=8/85 clauses=11)
#Bound   0.02s best:21411 next:[228,21410] bool_core (num_cores=2 [cover] a=51 d=2 fixed=9/90 clauses=24)
#Bound   0.02s best:21411 next:[232,21410] bool_core (num_cores=2 [cover] a=51 d=2 fixed=10/95 clauses=39)
#Bound   0.02s best:21411 next:[236,21410] bool_core (num_cores=2 [cover] a=51 d=2 fixed=11/100 clauses=56)
#Bound   0.02s best:21411 next:[240,21410] bool_core (num_cores=2 [cover] a=51 d=2 fixed=12/105 clauses=75)
#5       0.02s best:21404 next:[240,21403] ls_restart_decay(batch:1 lin{mvs:4 evals:82} gen{mvs:9 evals:64} #w_updates:5 #perturb:0)
#Bound   0.02s best:21404 next:[244,21403] bool_core (num_cores=2 [cover] a=51 d=2 fixed=13/110 clauses=96)
#6       0.02s best:21397 next:[244,21396] ls_restart_perturb(batch:1 lin{mvs:4 evals:61} #w_updates:0 #perturb:0)
#7       0.02s best:21390 next:[244,21389] ls_restart_perturb(batch:1 lin{mvs:4 evals:61} #w_updates:0 #perturb:0) [combined with: ls_restart_decay(bat...]
#Bound   0.02s best:21390 next:[248,21389] bool_core (num_cores=2 [cover] a=51 d=2 fixed=14/115 clauses=119)
#Bound   0.02s best:21390 next:[252,21389] bool_core (num_cores=2 [cover] a=51 d=2 fixed=15/120 clauses=144)
#8       0.02s best:21383 next:[252,21382] ls_restart_decay_perturb(batch:1 lin{mvs:6 evals:125} gen{mvs:15 evals:108} #w_updates:8 #perturb:0) [combined with: ls_restart_perturb(b...]
#9       0.02s best:21376 next:[252,21375] ls_restart_decay(batch:1 lin{mvs:4 evals:62} #w_updates:0 #perturb:0)
#10      0.02s best:21362 next:[252,21361] ls_restart_decay(batch:1 lin{mvs:4 evals:61} #w_updates:0 #perturb:0)
#11      0.02s best:21348 next:[252,21347] ls_restart_decay_perturb(batch:1 lin{mvs:4 evals:59} #w_updates:0 #perturb:0) [combined with: ls_restart_decay(bat...]
#12      0.02s best:21334 next:[252,21333] ls_restart_perturb(batch:1 lin{mvs:4 evals:62} #w_updates:0 #perturb:0)
#13      0.02s best:21327 next:[252,21326] ls_restart_perturb(batch:1 lin{mvs:2 evals:119} gen{mvs:23 evals:185} #w_updates:11 #perturb:0) [combined with: ls_restart_perturb(b...]
#14      0.02s best:20095 next:[252,20094] ls_restart_decay_compound_perturb(batch:1 lin{mvs:0 evals:43} gen{mvs:11 evals:69} comp{mvs:5 btracks:3} #w_updates:0 #perturb:0)
#15      0.02s best:20088 next:[252,20087] ls_restart_decay_compound_perturb(batch:1 lin{mvs:0 evals:43} gen{mvs:11 evals:69} comp{mvs:5 btracks:3} #w_updates:0 #perturb:0) [combined with: ls_restart_perturb(b...]
#16      0.02s best:20081 next:[252,20080] ls_restart_compound_perturb(batch:1 lin{mvs:0 evals:124} gen{mvs:33 evals:209} comp{mvs:5 btracks:14} #w_updates:0 #perturb:0) [combined with: ls_restart_decay_com...]
#17      0.02s best:20067 next:[252,20066] ls_lin_restart_perturb(batch:1 lin{mvs:4 evals:62} #w_updates:0 #perturb:0)
#18      0.02s best:19171 next:[252,19170] ls_lin_restart_compound(batch:1 lin{mvs:0 evals:29} gen{mvs:5 evals:44} comp{mvs:5 btracks:0} #w_updates:0 #perturb:0)
#19      0.02s best:19157 next:[252,19156] ls_lin_restart_perturb(batch:1 lin{mvs:4 evals:56} #w_updates:0 #perturb:0) [combined with: ls_lin_restart_compo...]
#20      0.02s best:19143 next:[252,19142] ls_lin_restart_decay_perturb(batch:1 lin{mvs:4 evals:62} #w_updates:0 #perturb:0)
#21      0.02s best:16931 next:[252,16930] ls_restart_decay_compound(batch:1 lin{mvs:0 evals:28} gen{mvs:5 evals:32} comp{mvs:5 btracks:0} #w_updates:0 #perturb:0)
#22      0.02s best:16924 next:[252,16923] ls_restart_compound(batch:1 lin{mvs:0 evals:218} gen{mvs:55 evals:327} comp{mvs:7 btracks:24} #w_updates:0 #perturb:0) [combined with: ls_restart_decay_com...]
#Bound   0.03s best:16924 next:[256,16923] bool_core (num_cores=3 [size:2 mw:4 d:3] a=50 d=3 fixed=16/125 clauses=171)
#Bound   0.03s best:16924 next:[260,16923] bool_core (num_cores=3 [cover] a=50 d=3 fixed=16/132 clauses=201)
#23      0.03s best:16919 next:[288,16918] ls_restart(batch:1 lin{mvs:3 evals:43} #w_updates:0 #perturb:0)
#24      0.03s best:16905 next:[288,16904] ls_restart(batch:1 lin{mvs:4 evals:60} #w_updates:0 #perturb:0)
#25      0.03s best:15687 next:[288,15686] ls_restart_decay_compound_perturb(batch:1 lin{mvs:0 evals:114} gen{mvs:33 evals:199} comp{mvs:5 btracks:14} #w_updates:0 #perturb:0)
#26      0.03s best:15673 next:[288,15672] ls_restart_decay_compound_perturb(batch:1 lin{mvs:0 evals:114} gen{mvs:33 evals:199} comp{mvs:5 btracks:14} #w_updates:0 #perturb:0) [combined with: ls_restart(batch:1 l...]
#27      0.03s best:15666 next:[288,15665] ls_restart_decay_compound(batch:1 lin{mvs:0 evals:49} gen{mvs:13 evals:81} comp{mvs:5 btracks:4} #w_updates:0 #perturb:0) [combined with: ls_restart_decay_com...]
#28      0.03s best:15657 next:[288,15656] ls_restart_compound_perturb(batch:1 lin{mvs:0 evals:31} gen{mvs:5 evals:44} comp{mvs:5 btracks:0} #w_updates:0 #perturb:0)
#29      0.03s best:15652 next:[288,15651] ls_lin_restart(batch:1 lin{mvs:4 evals:62} #w_updates:0 #perturb:0)
#30      0.03s best:15643 next:[288,15642] ls_lin_restart(batch:1 lin{mvs:4 evals:62} #w_updates:0 #perturb:0) [combined with: ls_restart_compound_...]
#31      0.03s best:15633 next:[288,15632] ls_lin_restart_decay(batch:1 lin{mvs:4 evals:62} #w_updates:0 #perturb:0)
#32      0.03s best:15629 next:[288,15628] ls_lin_restart_perturb(batch:1 lin{mvs:4 evals:61} #w_updates:0 #perturb:0)
#33      0.03s best:15619 next:[288,15618] ls_lin_restart_perturb(batch:1 lin{mvs:4 evals:61} #w_updates:0 #perturb:0) [combined with: ls_lin_restart_decay...]
#34      0.03s best:15612 next:[288,15611] ls_lin_restart_compound(batch:1 lin{mvs:0 evals:182} gen{mvs:59 evals:316} comp{mvs:5 btracks:27} #w_updates:1 #perturb:0) [combined with: ls_lin_restart_pertu...]
#35      0.03s best:15605 next:[288,15604] ls_lin_restart(batch:1 lin{mvs:4 evals:61} #w_updates:0 #perturb:0)
#36      0.03s best:15598 next:[288,15597] ls_lin_restart(batch:1 lin{mvs:4 evals:61} #w_updates:0 #perturb:0) [combined with: ls_lin_restart_compo...]
#37      0.03s best:15584 next:[288,15583] ls_restart_decay_perturb(batch:1 lin{mvs:4 evals:62} #w_updates:0 #perturb:0)
#38      0.03s best:15577 next:[288,15576] ls_restart_compound(batch:1 lin{mvs:0 evals:75} gen{mvs:35 evals:134} comp{mvs:5 btracks:15} #w_updates:0 #perturb:0) [combined with: ls_restart_decay_per...]
#39      0.03s best:15570 next:[288,15569] ls_restart_decay_compound_perturb(batch:1 lin{mvs:0 evals:17} gen{mvs:3 evals:25} comp{mvs:3 btracks:0} #w_updates:0 #perturb:0)
#40      0.03s best:15511 next:[288,15510] ls_restart_decay(batch:1 lin{mvs:3 evals:1'070} gen{mvs:266 evals:2'049} #w_updates:140 #perturb:0) [combined with: ls_restart_decay_com...]
#41      0.03s best:15504 next:[288,15503] ls_restart_decay_compound(batch:1 lin{mvs:0 evals:123} gen{mvs:33 evals:172} comp{mvs:5 btracks:14} #w_updates:0 #perturb:0)
#42      0.03s best:15497 next:[288,15496] ls_restart_decay_compound(batch:1 lin{mvs:0 evals:266} gen{mvs:71 evals:444} comp{mvs:7 btracks:32} #w_updates:0 #perturb:0) [combined with: ls_restart_decay_com...]
#43      0.03s best:15490 next:[288,15489] ls_restart_decay_compound(batch:1 lin{mvs:0 evals:264} gen{mvs:57 evals:332} comp{mvs:5 btracks:26} #w_updates:0 #perturb:0) [combined with: ls_restart_decay_com...]
#44      0.03s best:15476 next:[288,15475] ls_lin_restart(batch:1 lin{mvs:4 evals:67} #w_updates:0 #perturb:0)
#45      0.03s best:15462 next:[288,15461] ls_lin_restart_perturb(batch:1 lin{mvs:4 evals:62} #w_updates:0 #perturb:0)
#46      0.03s best:13562 next:[288,13561] ls_lin_restart_decay_compound_perturb(batch:1 lin{mvs:0 evals:101} gen{mvs:19 evals:133} comp{mvs:7 btracks:6} #w_updates:0 #perturb:0)
#47      0.03s best:13548 next:[288,13547] ls_lin_restart_decay_compound_perturb(batch:1 lin{mvs:0 evals:101} gen{mvs:19 evals:133} comp{mvs:7 btracks:6} #w_updates:0 #perturb:0) [combined with: ls_lin_restart_pertu...]
#48      0.03s best:13534 next:[288,13533] ls_restart_decay_perturb(batch:1 lin{mvs:4 evals:68} #w_updates:0 #perturb:0)
#49      0.03s best:13520 next:[288,13519] ls_restart_decay_perturb(batch:1 lin{mvs:4 evals:68} #w_updates:0 #perturb:0) [combined with: ls_restart_decay_per...]
#50      0.03s best:13506 next:[288,13505] ls_restart_decay(batch:1 lin{mvs:4 evals:66} #w_updates:0 #perturb:0)
#51      0.03s best:12404 next:[288,12403] ls_restart_compound_perturb(batch:1 lin{mvs:0 evals:103} gen{mvs:17 evals:127} comp{mvs:5 btracks:6} #w_updates:0 #perturb:0)
#52      0.03s best:12390 next:[288,12389] ls_restart_compound_perturb(batch:1 lin{mvs:0 evals:103} gen{mvs:17 evals:127} comp{mvs:5 btracks:6} #w_updates:0 #perturb:0) [combined with: ls_restart_decay(bat...]
#53      0.03s best:12380 next:[288,12379] ls_restart_perturb(batch:1 lin{mvs:4 evals:65} #w_updates:0 #perturb:0) [combined with: ls_restart_compound_...]
#54      0.03s best:12375 next:[288,12374] ls_restart(batch:1 lin{mvs:3 evals:47} #w_updates:0 #perturb:0)
#55      0.03s best:12370 next:[288,12369] ls_restart_decay_perturb(batch:1 lin{mvs:3 evals:47} #w_updates:0 #perturb:0)
#56      0.03s best:12356 next:[288,12355] ls_restart_decay(batch:1 lin{mvs:4 evals:68} #w_updates:0 #perturb:0)
#57      0.04s best:12351 next:[288,12350] ls_lin_restart(batch:1 lin{mvs:3 evals:47} #w_updates:0 #perturb:0)
#58      0.04s best:12337 next:[288,12336] ls_lin_restart_decay(batch:1 lin{mvs:4 evals:65} #w_updates:0 #perturb:0)
#59      0.04s best:12332 next:[289,12331] ls_restart(batch:1 lin{mvs:5 evals:75} #w_updates:1 #perturb:0)
#60      0.04s best:12327 next:[289,12326] ls_restart_decay_perturb(batch:1 lin{mvs:3 evals:47} #w_updates:0 #perturb:0)
#61      0.04s best:12313 next:[289,12312] ls_restart_decay(batch:1 lin{mvs:4 evals:68} #w_updates:0 #perturb:0)
#62      0.04s best:12312 next:[289,12311] ls_restart_decay_perturb(batch:1 lin{mvs:8 evals:1'069} gen{mvs:186 evals:1'497} #w_updates:108 #perturb:0) [combined with: ls_restart_decay(bat...]
#63      0.04s best:12311 next:[289,12310] ls_lin_restart_decay(batch:1 lin{mvs:4 evals:1'015} gen{mvs:179 evals:1'465} #w_updates:114 #perturb:0)
#64      0.04s best:12291 next:[289,12290] ls_lin_restart_decay(batch:1 lin{mvs:4 evals:1'015} gen{mvs:179 evals:1'465} #w_updates:114 #perturb:0) [combined with: ls_restart_decay_per...]
#65      0.04s best:11802 next:[289,11801] ls_lin_restart_decay_perturb(batch:1 lin{mvs:4 evals:1'294} gen{mvs:231 evals:1'858} #w_updates:116 #perturb:0)
#66      0.04s best:11780 next:[289,11779] ls_lin_restart_decay_perturb(batch:1 lin{mvs:4 evals:1'294} gen{mvs:231 evals:1'858} #w_updates:116 #perturb:0) [combined with: ls_lin_restart_decay...]
#67      0.04s best:11779 next:[289,11778] ls_restart_decay(batch:1 lin{mvs:8 evals:356} gen{mvs:46 evals:359} #w_updates:25 #perturb:0) [combined with: ls_lin_restart_decay...]
#68      0.04s best:11769 next:[289,11768] ls_lin_restart_decay_perturb(batch:1 lin{mvs:4 evals:66} #w_updates:0 #perturb:0)
#69      0.04s best:11755 next:[289,11754] ls_restart_decay_perturb(batch:1 lin{mvs:4 evals:67} #w_updates:0 #perturb:0)
#70      0.04s best:11750 next:[289,11749] ls_restart_decay(batch:1 lin{mvs:3 evals:48} #w_updates:0 #perturb:0)
#71      0.04s best:11749 next:[289,11748] ls_lin_restart_decay(batch:1 lin{mvs:3 evals:200} gen{mvs:31 evals:227} #w_updates:15 #perturb:0) [combined with: ls_restart_decay(bat...]
#72      0.04s best:11742 next:[289,11741] ls_lin_restart_decay(batch:1 lin{mvs:3 evals:1'310} gen{mvs:233 evals:1'904} #w_updates:127 #perturb:0) [combined with: ls_lin_restart_decay...]
#73      0.04s best:11356 next:[289,11355] ls_restart_decay_compound_perturb(batch:1 lin{mvs:0 evals:1'114} gen{mvs:267 evals:1'458} comp{mvs:19 btracks:124} #w_updates:4 #perturb:0)
#74      0.04s best:11315 next:[289,11314] ls_restart_decay_compound_perturb(batch:1 lin{mvs:0 evals:1'114} gen{mvs:267 evals:1'458} comp{mvs:19 btracks:124} #w_updates:4 #perturb:0) [combined with: ls_lin_restart_decay...]
#75      0.04s best:11305 next:[289,11304] ls_restart_decay_perturb(batch:1 lin{mvs:4 evals:65} #w_updates:0 #perturb:0)
#76      0.04s best:11298 next:[289,11297] ls_restart_decay_compound_perturb(batch:1 lin{mvs:0 evals:40} gen{mvs:11 evals:64} comp{mvs:5 btracks:3} #w_updates:0 #perturb:0) [combined with: ls_restart_decay_per...]
#77      0.04s best:11284 next:[289,11283] ls_lin_restart(batch:1 lin{mvs:4 evals:63} #w_updates:0 #perturb:0)
#78      0.04s best:1967  next:[289,1966] objective_lb_search_no_lp
#79      0.04s best:1960  next:[289,1959] ls_lin_restart_perturb(batch:1 lin{mvs:3 evals:32} gen{mvs:6 evals:34} #w_updates:2 #perturb:0)
#80      0.04s best:1830  next:[289,1829] ls_lin_restart_compound_perturb(batch:1 lin{mvs:0 evals:28} gen{mvs:24 evals:104} comp{mvs:6 btracks:9} #w_updates:0 #perturb:0)
#81      0.04s best:1164  next:[289,1163] ls_restart_decay_compound_perturb(batch:1 lin{mvs:0 evals:8} gen{mvs:3 evals:18} comp{mvs:3 btracks:0} #w_updates:0 #perturb:0)
#82      0.04s best:1154  next:[289,1153] ls_restart_perturb(batch:1 lin{mvs:6 evals:50} #w_updates:1 #perturb:0)
#83      0.04s best:1144  next:[289,1143] ls_restart_decay_perturb(batch:1 lin{mvs:10 evals:84} #w_updates:3 #perturb:0)
#84      0.05s best:728   next:[289,727]  ls_restart_decay_compound_perturb(batch:1 lin{mvs:0 evals:10} gen{mvs:5 evals:27} comp{mvs:5 btracks:0} #w_updates:0 #perturb:0)
#85      0.05s best:721   next:[289,720]  ls_restart_decay_compound_perturb(batch:1 lin{mvs:0 evals:6} gen{mvs:3 evals:17} comp{mvs:3 btracks:0} #w_updates:0 #perturb:0)
#86      0.05s best:707   next:[289,706]  ls_restart_decay_perturb(batch:1 lin{mvs:6 evals:48} #w_updates:1 #perturb:0)
#87      0.05s best:693   next:[289,692]  ls_restart_decay(batch:1 lin{mvs:4 evals:34} #w_updates:0 #perturb:0)
#88      0.05s best:686   next:[289,685]  ls_restart_decay_perturb(batch:1 lin{mvs:3 evals:45} gen{mvs:14 evals:83} #w_updates:6 #perturb:0)
#89      0.05s best:679   next:[289,678]  ls_restart_perturb(batch:1 lin{mvs:3 evals:37} gen{mvs:10 evals:61} #w_updates:4 #perturb:0)
#90      0.05s best:672   next:[289,671]  ls_restart_compound(batch:1 lin{mvs:0 evals:9} gen{mvs:9 evals:49} comp{mvs:5 btracks:2} #w_updates:0 #perturb:0)
#91      0.05s best:658   next:[289,657]  ls_restart_perturb(batch:1 lin{mvs:10 evals:81} #w_updates:3 #perturb:0)
#92      0.05s best:644   next:[289,643]  ls_restart_decay(batch:1 lin{mvs:4 evals:35} #w_updates:0 #perturb:0)
#93      0.05s best:637   next:[326,636]  ls_lin_restart_compound_perturb(batch:1 lin{mvs:0 evals:7} gen{mvs:3 evals:17} comp{mvs:3 btracks:0} #w_updates:0 #perturb:0)
#94      0.05s best:630   next:[343,629]  ls_restart_compound_perturb(batch:1 lin{mvs:0 evals:5} gen{mvs:3 evals:18} comp{mvs:3 btracks:0} #w_updates:0 #perturb:0)
#95      0.05s best:623   next:[350,622]  ls_lin_restart_decay_perturb(batch:1 lin{mvs:6 evals:51} #w_updates:1 #perturb:0)
#96      0.05s best:616   next:[376,615]  ls_lin_restart_decay_compound(batch:1 lin{mvs:0 evals:6} gen{mvs:3 evals:18} comp{mvs:3 btracks:0} #w_updates:0 #perturb:0)
#97      0.05s best:609   next:[383,608]  ls_restart_decay_compound(batch:1 lin{mvs:0 evals:6} gen{mvs:3 evals:18} comp{mvs:3 btracks:0} #w_updates:0 #perturb:0)
#98      0.05s best:602   next:[383,601]  ls_restart_decay(batch:1 lin{mvs:2 evals:21} gen{mvs:5 evals:25} #w_updates:2 #perturb:0)
#99      0.05s best:595   next:[383,594]  ls_restart(batch:1 lin{mvs:3 evals:34} gen{mvs:8 evals:44} #w_updates:3 #perturb:0)
#100     0.05s best:592   next:[383,591]  ls_restart_decay_perturb(batch:1 lin{mvs:8 evals:81} gen{mvs:19 evals:111} #w_updates:13 #perturb:0) [combined with: ls_restart(batch:1 l...]
#101     0.05s best:585   next:[383,584]  ls_restart_decay_perturb(batch:1 lin{mvs:3 evals:30} gen{mvs:12 evals:75} #w_updates:5 #perturb:0)
#102     0.05s best:571   next:[383,570]  ls_restart(batch:1 lin{mvs:4 evals:26} #w_updates:0 #perturb:0)
#103     0.05s best:564   next:[383,563]  ls_lin_restart_decay_perturb(batch:1 lin{mvs:6 evals:47} gen{mvs:11 evals:60} #w_updates:6 #perturb:0)
#104     0.05s best:557   next:[383,556]  ls_restart_decay(batch:1 lin{mvs:4 evals:27} #w_updates:0 #perturb:0)
#105     0.05s best:550   next:[383,549]  ls_restart_compound_perturb(batch:1 lin{mvs:0 evals:16} gen{mvs:43 evals:133} comp{mvs:5 btracks:19} #w_updates:0 #perturb:0)
#106     0.05s best:536   next:[383,535]  ls_restart(batch:1 lin{mvs:6 evals:41} #w_updates:1 #perturb:0)
#107     0.05s best:529   next:[383,528]  ls_restart_decay_compound(batch:1 lin{mvs:0 evals:3} gen{mvs:3 evals:17} comp{mvs:3 btracks:0} #w_updates:0 #perturb:0)
#108     0.05s best:522   next:[383,521]  ls_lin_restart_decay_compound_perturb(batch:1 lin{mvs:0 evals:2} gen{mvs:3 evals:15} comp{mvs:3 btracks:0} #w_updates:0 #perturb:0)
#109     0.05s best:515   next:[383,514]  ls_restart_decay_perturb(batch:1 lin{mvs:8 evals:56} #w_updates:2 #perturb:0)
#110     0.05s best:508   next:[383,507]  ls_restart_compound_perturb(batch:1 lin{mvs:0 evals:8} gen{mvs:11 evals:44} comp{mvs:5 btracks:3} #w_updates:0 #perturb:0)
#111     0.05s best:501   next:[383,500]  ls_restart_decay_compound_perturb(batch:1 lin{mvs:0 evals:7} gen{mvs:15 evals:62} comp{mvs:5 btracks:5} #w_updates:0 #perturb:0)
#112     0.05s best:494   next:[383,493]  ls_restart_compound_perturb(batch:1 lin{mvs:0 evals:4} gen{mvs:3 evals:15} comp{mvs:3 btracks:0} #w_updates:0 #perturb:0)
#113     0.05s best:480   next:[383,479]  ls_restart_perturb(batch:1 lin{mvs:4 evals:28} #w_updates:0 #perturb:0)
#114     0.05s best:466   next:[383,465]  ls_restart_decay(batch:1 lin{mvs:4 evals:27} #w_updates:0 #perturb:0)
#115     0.05s best:459   next:[383,458]  ls_lin_restart_compound(batch:1 lin{mvs:0 evals:7} gen{mvs:13 evals:53} comp{mvs:5 btracks:4} #w_updates:0 #perturb:0)
#116     0.05s best:452   next:[383,451]  ls_restart_compound(batch:1 lin{mvs:0 evals:4} gen{mvs:3 evals:15} comp{mvs:3 btracks:0} #w_updates:0 #perturb:0)
#117     0.05s best:445   next:[383,444]  ls_lin_restart_perturb(batch:1 lin{mvs:4 evals:27} #w_updates:0 #perturb:0)
#118     0.05s best:438   next:[383,437]  ls_restart(batch:1 lin{mvs:3 evals:27} gen{mvs:8 evals:43} #w_updates:3 #perturb:0)
#119     0.05s best:431   next:[383,430]  ls_restart_decay(batch:1 lin{mvs:7 evals:53} gen{mvs:8 evals:44} #w_updates:5 #perturb:0)
#120     0.06s best:424   next:[396,423]  ls_restart_decay(batch:1 lin{mvs:4 evals:119} gen{mvs:141 evals:780} #w_updates:77 #perturb:0)
#121     0.06s best:396   next:[]         graph_cst_lns (d=8.76e-01 s=428 t=0.10 p=1.00 stall=0 h=base)
#Bound   0.06s best:431   next:[396,430]  objective_lb_search_no_lp [skipped_logs=18]

Task timing                                  n [     min,      max]      avg      dev     time         n [     min,      max]      avg      dev    dtime
                             'core':         1 [ 49.76ms,  49.76ms]  49.76ms   0.00ns  49.76ms         0 [  0.00ns,   0.00ns]   0.00ns   0.00ns   0.00ns
                       'default_lp':         1 [ 49.94ms,  49.94ms]  49.94ms   0.00ns  49.94ms         1 [  4.02ms,   4.02ms]   4.02ms   0.00ns   4.02ms
                 'feasibility_pump':        89 [ 59.71us,   1.24ms] 135.73us 167.83us  12.08ms        88 [ 31.37us, 454.75us]  36.18us  44.88us   3.18ms
                            'fixed':         1 [ 49.90ms,  49.90ms]  49.90ms   0.00ns  49.90ms         0 [  0.00ns,   0.00ns]   0.00ns   0.00ns   0.00ns
                               'fj':         0 [  0.00ns,   0.00ns]   0.00ns   0.00ns   0.00ns         0 [  0.00ns,   0.00ns]   0.00ns   0.00ns   0.00ns
                               'fj':         0 [  0.00ns,   0.00ns]   0.00ns   0.00ns   0.00ns         0 [  0.00ns,   0.00ns]   0.00ns   0.00ns   0.00ns
                               'fj':         0 [  0.00ns,   0.00ns]   0.00ns   0.00ns   0.00ns         0 [  0.00ns,   0.00ns]   0.00ns   0.00ns   0.00ns
                               'fj':         0 [  0.00ns,   0.00ns]   0.00ns   0.00ns   0.00ns         0 [  0.00ns,   0.00ns]   0.00ns   0.00ns   0.00ns
                               'fj':         0 [  0.00ns,   0.00ns]   0.00ns   0.00ns   0.00ns         0 [  0.00ns,   0.00ns]   0.00ns   0.00ns   0.00ns
                               'fj':         0 [  0.00ns,   0.00ns]   0.00ns   0.00ns   0.00ns         0 [  0.00ns,   0.00ns]   0.00ns   0.00ns   0.00ns
                               'fj':         0 [  0.00ns,   0.00ns]   0.00ns   0.00ns   0.00ns         0 [  0.00ns,   0.00ns]   0.00ns   0.00ns   0.00ns
                               'fj':         0 [  0.00ns,   0.00ns]   0.00ns   0.00ns   0.00ns         0 [  0.00ns,   0.00ns]   0.00ns   0.00ns   0.00ns
                               'fj':         0 [  0.00ns,   0.00ns]   0.00ns   0.00ns   0.00ns         0 [  0.00ns,   0.00ns]   0.00ns   0.00ns   0.00ns
                               'fj':         0 [  0.00ns,   0.00ns]   0.00ns   0.00ns   0.00ns         0 [  0.00ns,   0.00ns]   0.00ns   0.00ns   0.00ns
                               'fj':         0 [  0.00ns,   0.00ns]   0.00ns   0.00ns   0.00ns         0 [  0.00ns,   0.00ns]   0.00ns   0.00ns   0.00ns
                               'fj':         0 [  0.00ns,   0.00ns]   0.00ns   0.00ns   0.00ns         0 [  0.00ns,   0.00ns]   0.00ns   0.00ns   0.00ns
                               'fj':         0 [  0.00ns,   0.00ns]   0.00ns   0.00ns   0.00ns         0 [  0.00ns,   0.00ns]   0.00ns   0.00ns   0.00ns
                               'fj':         0 [  0.00ns,   0.00ns]   0.00ns   0.00ns   0.00ns         0 [  0.00ns,   0.00ns]   0.00ns   0.00ns   0.00ns
                               'fj':         0 [  0.00ns,   0.00ns]   0.00ns   0.00ns   0.00ns         0 [  0.00ns,   0.00ns]   0.00ns   0.00ns   0.00ns
                               'fj':         0 [  0.00ns,   0.00ns]   0.00ns   0.00ns   0.00ns         0 [  0.00ns,   0.00ns]   0.00ns   0.00ns   0.00ns
                               'fj':         0 [  0.00ns,   0.00ns]   0.00ns   0.00ns   0.00ns         0 [  0.00ns,   0.00ns]   0.00ns   0.00ns   0.00ns
                               'fj':         0 [  0.00ns,   0.00ns]   0.00ns   0.00ns   0.00ns         0 [  0.00ns,   0.00ns]   0.00ns   0.00ns   0.00ns
                               'fj':         0 [  0.00ns,   0.00ns]   0.00ns   0.00ns   0.00ns         0 [  0.00ns,   0.00ns]   0.00ns   0.00ns   0.00ns
                               'fj':         0 [  0.00ns,   0.00ns]   0.00ns   0.00ns   0.00ns         0 [  0.00ns,   0.00ns]   0.00ns   0.00ns   0.00ns
                               'fj':         0 [  0.00ns,   0.00ns]   0.00ns   0.00ns   0.00ns         0 [  0.00ns,   0.00ns]   0.00ns   0.00ns   0.00ns
                               'fj':         0 [  0.00ns,   0.00ns]   0.00ns   0.00ns   0.00ns         0 [  0.00ns,   0.00ns]   0.00ns   0.00ns   0.00ns
                               'fj':         0 [  0.00ns,   0.00ns]   0.00ns   0.00ns   0.00ns         0 [  0.00ns,   0.00ns]   0.00ns   0.00ns   0.00ns
                               'fj':         0 [  0.00ns,   0.00ns]   0.00ns   0.00ns   0.00ns         0 [  0.00ns,   0.00ns]   0.00ns   0.00ns   0.00ns
                               'fj':         0 [  0.00ns,   0.00ns]   0.00ns   0.00ns   0.00ns         0 [  0.00ns,   0.00ns]   0.00ns   0.00ns   0.00ns
                           'fj_lin':         0 [  0.00ns,   0.00ns]   0.00ns   0.00ns   0.00ns         0 [  0.00ns,   0.00ns]   0.00ns   0.00ns   0.00ns
                           'fj_lin':         0 [  0.00ns,   0.00ns]   0.00ns   0.00ns   0.00ns         0 [  0.00ns,   0.00ns]   0.00ns   0.00ns   0.00ns
                           'fj_lin':         0 [  0.00ns,   0.00ns]   0.00ns   0.00ns   0.00ns         0 [  0.00ns,   0.00ns]   0.00ns   0.00ns   0.00ns
                           'fj_lin':         0 [  0.00ns,   0.00ns]   0.00ns   0.00ns   0.00ns         0 [  0.00ns,   0.00ns]   0.00ns   0.00ns   0.00ns
                           'fj_lin':         0 [  0.00ns,   0.00ns]   0.00ns   0.00ns   0.00ns         0 [  0.00ns,   0.00ns]   0.00ns   0.00ns   0.00ns
                           'fj_lin':         0 [  0.00ns,   0.00ns]   0.00ns   0.00ns   0.00ns         0 [  0.00ns,   0.00ns]   0.00ns   0.00ns   0.00ns
                           'fj_lin':         0 [  0.00ns,   0.00ns]   0.00ns   0.00ns   0.00ns         0 [  0.00ns,   0.00ns]   0.00ns   0.00ns   0.00ns
                           'fj_lin':         0 [  0.00ns,   0.00ns]   0.00ns   0.00ns   0.00ns         0 [  0.00ns,   0.00ns]   0.00ns   0.00ns   0.00ns
                           'fj_lin':         0 [  0.00ns,   0.00ns]   0.00ns   0.00ns   0.00ns         0 [  0.00ns,   0.00ns]   0.00ns   0.00ns   0.00ns
                           'fj_lin':         0 [  0.00ns,   0.00ns]   0.00ns   0.00ns   0.00ns         0 [  0.00ns,   0.00ns]   0.00ns   0.00ns   0.00ns
                           'fj_lin':         0 [  0.00ns,   0.00ns]   0.00ns   0.00ns   0.00ns         0 [  0.00ns,   0.00ns]   0.00ns   0.00ns   0.00ns
                           'fj_lin':         0 [  0.00ns,   0.00ns]   0.00ns   0.00ns   0.00ns         0 [  0.00ns,   0.00ns]   0.00ns   0.00ns   0.00ns
                        'fs_random':         0 [  0.00ns,   0.00ns]   0.00ns   0.00ns   0.00ns         0 [  0.00ns,   0.00ns]   0.00ns   0.00ns   0.00ns
                        'fs_random':         0 [  0.00ns,   0.00ns]   0.00ns   0.00ns   0.00ns         0 [  0.00ns,   0.00ns]   0.00ns   0.00ns   0.00ns
                        'fs_random':         0 [  0.00ns,   0.00ns]   0.00ns   0.00ns   0.00ns         0 [  0.00ns,   0.00ns]   0.00ns   0.00ns   0.00ns
                        'fs_random':         0 [  0.00ns,   0.00ns]   0.00ns   0.00ns   0.00ns         0 [  0.00ns,   0.00ns]   0.00ns   0.00ns   0.00ns
                        'fs_random':         0 [  0.00ns,   0.00ns]   0.00ns   0.00ns   0.00ns         0 [  0.00ns,   0.00ns]   0.00ns   0.00ns   0.00ns
                        'fs_random':         0 [  0.00ns,   0.00ns]   0.00ns   0.00ns   0.00ns         0 [  0.00ns,   0.00ns]   0.00ns   0.00ns   0.00ns
                        'fs_random':         0 [  0.00ns,   0.00ns]   0.00ns   0.00ns   0.00ns         0 [  0.00ns,   0.00ns]   0.00ns   0.00ns   0.00ns
                        'fs_random':         0 [  0.00ns,   0.00ns]   0.00ns   0.00ns   0.00ns         0 [  0.00ns,   0.00ns]   0.00ns   0.00ns   0.00ns
                        'fs_random':         0 [  0.00ns,   0.00ns]   0.00ns   0.00ns   0.00ns         0 [  0.00ns,   0.00ns]   0.00ns   0.00ns   0.00ns
                        'fs_random':         1 [  1.59ms,   1.59ms]   1.59ms   0.00ns   1.59ms         0 [  0.00ns,   0.00ns]   0.00ns   0.00ns   0.00ns
                        'fs_random':         1 [  2.13ms,   2.13ms]   2.13ms   0.00ns   2.13ms         0 [  0.00ns,   0.00ns]   0.00ns   0.00ns   0.00ns
                        'fs_random':         1 [934.79us, 934.79us] 934.79us   0.00ns 934.79us         0 [  0.00ns,   0.00ns]   0.00ns   0.00ns   0.00ns
                  'fs_random_no_lp':         0 [  0.00ns,   0.00ns]   0.00ns   0.00ns   0.00ns         0 [  0.00ns,   0.00ns]   0.00ns   0.00ns   0.00ns
                  'fs_random_no_lp':         0 [  0.00ns,   0.00ns]   0.00ns   0.00ns   0.00ns         0 [  0.00ns,   0.00ns]   0.00ns   0.00ns   0.00ns
                  'fs_random_no_lp':         0 [  0.00ns,   0.00ns]   0.00ns   0.00ns   0.00ns         0 [  0.00ns,   0.00ns]   0.00ns   0.00ns   0.00ns
                  'fs_random_no_lp':         0 [  0.00ns,   0.00ns]   0.00ns   0.00ns   0.00ns         0 [  0.00ns,   0.00ns]   0.00ns   0.00ns   0.00ns
                  'fs_random_no_lp':         0 [  0.00ns,   0.00ns]   0.00ns   0.00ns   0.00ns         0 [  0.00ns,   0.00ns]   0.00ns   0.00ns   0.00ns
                  'fs_random_no_lp':         0 [  0.00ns,   0.00ns]   0.00ns   0.00ns   0.00ns         0 [  0.00ns,   0.00ns]   0.00ns   0.00ns   0.00ns
                  'fs_random_no_lp':         0 [  0.00ns,   0.00ns]   0.00ns   0.00ns   0.00ns         0 [  0.00ns,   0.00ns]   0.00ns   0.00ns   0.00ns
                  'fs_random_no_lp':         0 [  0.00ns,   0.00ns]   0.00ns   0.00ns   0.00ns         0 [  0.00ns,   0.00ns]   0.00ns   0.00ns   0.00ns
                  'fs_random_no_lp':         0 [  0.00ns,   0.00ns]   0.00ns   0.00ns   0.00ns         0 [  0.00ns,   0.00ns]   0.00ns   0.00ns   0.00ns
                  'fs_random_no_lp':         0 [  0.00ns,   0.00ns]   0.00ns   0.00ns   0.00ns         0 [  0.00ns,   0.00ns]   0.00ns   0.00ns   0.00ns
                  'fs_random_no_lp':         1 [  1.17ms,   1.17ms]   1.17ms   0.00ns   1.17ms         0 [  0.00ns,   0.00ns]   0.00ns   0.00ns   0.00ns
                  'fs_random_no_lp':         1 [  1.35ms,   1.35ms]   1.35ms   0.00ns   1.35ms         1 [ 53.47us,  53.47us]  53.47us   0.00ns  53.47us
                  'fs_random_no_lp':         1 [  1.64ms,   1.64ms]   1.64ms   0.00ns   1.64ms         0 [  0.00ns,   0.00ns]   0.00ns   0.00ns   0.00ns
          'fs_random_quick_restart':         0 [  0.00ns,   0.00ns]   0.00ns   0.00ns   0.00ns         0 [  0.00ns,   0.00ns]   0.00ns   0.00ns   0.00ns
          'fs_random_quick_restart':         0 [  0.00ns,   0.00ns]   0.00ns   0.00ns   0.00ns         0 [  0.00ns,   0.00ns]   0.00ns   0.00ns   0.00ns
          'fs_random_quick_restart':         0 [  0.00ns,   0.00ns]   0.00ns   0.00ns   0.00ns         0 [  0.00ns,   0.00ns]   0.00ns   0.00ns   0.00ns
          'fs_random_quick_restart':         0 [  0.00ns,   0.00ns]   0.00ns   0.00ns   0.00ns         0 [  0.00ns,   0.00ns]   0.00ns   0.00ns   0.00ns
          'fs_random_quick_restart':         0 [  0.00ns,   0.00ns]   0.00ns   0.00ns   0.00ns         0 [  0.00ns,   0.00ns]   0.00ns   0.00ns   0.00ns
          'fs_random_quick_restart':         0 [  0.00ns,   0.00ns]   0.00ns   0.00ns   0.00ns         0 [  0.00ns,   0.00ns]   0.00ns   0.00ns   0.00ns
          'fs_random_quick_restart':         0 [  0.00ns,   0.00ns]   0.00ns   0.00ns   0.00ns         0 [  0.00ns,   0.00ns]   0.00ns   0.00ns   0.00ns
          'fs_random_quick_restart':         0 [  0.00ns,   0.00ns]   0.00ns   0.00ns   0.00ns         0 [  0.00ns,   0.00ns]   0.00ns   0.00ns   0.00ns
          'fs_random_quick_restart':         0 [  0.00ns,   0.00ns]   0.00ns   0.00ns   0.00ns         0 [  0.00ns,   0.00ns]   0.00ns   0.00ns   0.00ns
          'fs_random_quick_restart':         0 [  0.00ns,   0.00ns]   0.00ns   0.00ns   0.00ns         0 [  0.00ns,   0.00ns]   0.00ns   0.00ns   0.00ns
          'fs_random_quick_restart':         1 [  1.25ms,   1.25ms]   1.25ms   0.00ns   1.25ms         0 [  0.00ns,   0.00ns]   0.00ns   0.00ns   0.00ns
          'fs_random_quick_restart':         1 [  1.82ms,   1.82ms]   1.82ms   0.00ns   1.82ms         0 [  0.00ns,   0.00ns]   0.00ns   0.00ns   0.00ns
    'fs_random_quick_restart_no_lp':         0 [  0.00ns,   0.00ns]   0.00ns   0.00ns   0.00ns         0 [  0.00ns,   0.00ns]   0.00ns   0.00ns   0.00ns
    'fs_random_quick_restart_no_lp':         0 [  0.00ns,   0.00ns]   0.00ns   0.00ns   0.00ns         0 [  0.00ns,   0.00ns]   0.00ns   0.00ns   0.00ns
    'fs_random_quick_restart_no_lp':         0 [  0.00ns,   0.00ns]   0.00ns   0.00ns   0.00ns         0 [  0.00ns,   0.00ns]   0.00ns   0.00ns   0.00ns
    'fs_random_quick_restart_no_lp':         0 [  0.00ns,   0.00ns]   0.00ns   0.00ns   0.00ns         0 [  0.00ns,   0.00ns]   0.00ns   0.00ns   0.00ns
    'fs_random_quick_restart_no_lp':         0 [  0.00ns,   0.00ns]   0.00ns   0.00ns   0.00ns         0 [  0.00ns,   0.00ns]   0.00ns   0.00ns   0.00ns
    'fs_random_quick_restart_no_lp':         0 [  0.00ns,   0.00ns]   0.00ns   0.00ns   0.00ns         0 [  0.00ns,   0.00ns]   0.00ns   0.00ns   0.00ns
    'fs_random_quick_restart_no_lp':         0 [  0.00ns,   0.00ns]   0.00ns   0.00ns   0.00ns         0 [  0.00ns,   0.00ns]   0.00ns   0.00ns   0.00ns
    'fs_random_quick_restart_no_lp':         0 [  0.00ns,   0.00ns]   0.00ns   0.00ns   0.00ns         0 [  0.00ns,   0.00ns]   0.00ns   0.00ns   0.00ns
    'fs_random_quick_restart_no_lp':         0 [  0.00ns,   0.00ns]   0.00ns   0.00ns   0.00ns         0 [  0.00ns,   0.00ns]   0.00ns   0.00ns   0.00ns
    'fs_random_quick_restart_no_lp':         0 [  0.00ns,   0.00ns]   0.00ns   0.00ns   0.00ns         0 [  0.00ns,   0.00ns]   0.00ns   0.00ns   0.00ns
    'fs_random_quick_restart_no_lp':         1 [  1.06ms,   1.06ms]   1.06ms   0.00ns   1.06ms         1 [ 45.25us,  45.25us]  45.25us   0.00ns  45.25us
    'fs_random_quick_restart_no_lp':         1 [  1.35ms,   1.35ms]   1.35ms   0.00ns   1.35ms         0 [  0.00ns,   0.00ns]   0.00ns   0.00ns   0.00ns
                    'graph_arc_lns':         6 [ 26.44us,  47.44ms]  18.58ms  15.57ms 111.50ms         5 [117.54us,   3.39ms]   1.24ms   1.19ms   6.22ms
                    'graph_cst_lns':         6 [  5.54ms,  42.88ms]  16.49ms  12.80ms  98.97ms         6 [ 62.56us,   2.42ms] 997.19us 814.98us   5.98ms
                    'graph_dec_lns':         7 [  2.82ms,  41.33ms]  12.57ms  12.07ms  87.96ms         7 [ 44.37us,   1.96ms] 538.19us 619.99us   3.77ms
                    'graph_var_lns':         5 [  9.22ms,  47.79ms]  23.99ms  13.03ms 119.97ms         5 [ 50.23us,   2.98ms]   1.54ms 963.40us   7.70ms
                     'lb_relax_lns':         5 [185.65us,  41.93ms]  21.07ms  13.78ms 105.35ms         4 [923.80us,   7.08ms]   2.71ms   2.54ms  10.84ms
                   'lb_tree_search':         1 [ 54.01ms,  54.01ms]  54.01ms   0.00ns  54.01ms         0 [  0.00ns,   0.00ns]   0.00ns   0.00ns   0.00ns
                               'ls':         3 [358.00us,  29.46ms]  10.43ms  13.46ms  31.30ms         3 [ 90.56us,  30.32ms]  11.36ms  13.49ms  34.08ms
                               'ls':         4 [ 64.83us,  26.34ms]   6.90ms  11.23ms  27.61ms         3 [ 56.99us,  30.77ms]  10.42ms  14.39ms  31.26ms
                               'ls':         4 [141.91us,  25.89ms]   6.68ms  11.09ms  26.72ms         2 [282.60us,  43.31ms]  21.80ms  21.51ms  43.59ms
                               'ls':         5 [ 74.38us,  23.90ms]   5.43ms   9.25ms  27.16ms         4 [435.20us,  47.32ms]  12.82ms  19.93ms  51.29ms
                               'ls':         5 [ 78.36us,  23.65ms]   5.10ms   9.28ms  25.48ms         3 [158.95us,  41.02ms]  14.16ms  19.00ms  42.48ms
                               'ls':         5 [ 89.33us,  24.40ms]   5.19ms   9.61ms  25.93ms         4 [  9.06us,  22.99ms]   5.89ms   9.88ms  23.56ms
                               'ls':         5 [ 94.05us,  24.39ms]   5.74ms   9.34ms  28.68ms         4 [902.40us,  21.97ms]   6.79ms   8.81ms  27.16ms
                               'ls':         5 [101.45us,  23.74ms]   5.23ms   9.27ms  26.17ms         4 [ 13.07us,  44.44ms]  11.70ms  18.91ms  46.82ms
                               'ls':         5 [102.76us,  23.85ms]   5.01ms   9.42ms  25.03ms         4 [ 12.26us,  29.65ms]   7.51ms  12.78ms  30.05ms
                               'ls':         5 [130.96us,  23.91ms]   5.39ms   9.28ms  26.94ms         4 [218.23us,  24.32ms]   6.61ms  10.23ms  26.44ms
                               'ls':         5 [359.48us,  24.43ms]   6.04ms   9.30ms  30.19ms         5 [259.60us,  17.04ms]   5.10ms   6.54ms  25.48ms
                               'ls':         8 [190.03us,  15.81ms]   3.59ms   5.27ms  28.72ms         8 [ 12.45us,  41.41ms]   7.43ms  13.44ms  59.42ms
                               'ls':        11 [ 97.03us,  15.49ms]   2.94ms   4.35ms  32.35ms        11 [  9.43us,  19.20ms]   3.22ms   5.56ms  35.38ms
                               'ls':        11 [110.35us,  15.94ms]   2.44ms   4.54ms  26.79ms        11 [ 11.00us,  14.90ms]   2.16ms   4.35ms  23.79ms
                               'ls':        24 [ 81.24us,  12.65ms]   1.02ms   2.68ms  24.49ms        21 [  8.81us,  37.95ms]   2.53ms   8.34ms  53.15ms
                               'ls':        27 [ 64.38us,   6.01ms] 967.17us   1.61ms  26.11ms        26 [  8.71us,  16.81ms]   1.38ms   3.44ms  35.89ms
                               'ls':        27 [ 75.62us,   5.51ms]   1.03ms   1.56ms  27.83ms        25 [  8.87us,   7.60ms]   1.12ms   1.87ms  28.04ms
                               'ls':        27 [ 86.22us,   6.15ms] 907.93us   1.43ms  24.51ms        26 [  9.48us,   9.59ms]   1.03ms   2.08ms  26.68ms
                               'ls':        28 [ 86.74us,   4.48ms] 783.24us   1.16ms  21.93ms        26 [  9.42us,   5.73ms] 745.16us   1.36ms  19.37ms
                           'ls_lin':         3 [569.46us,  28.83ms]  10.31ms  13.11ms  30.92ms         2 [  2.04ms,  32.85ms]  17.44ms  15.41ms  34.89ms
                           'ls_lin':         4 [ 86.50us,  25.27ms]   6.47ms  10.85ms  25.88ms         1 [ 22.14ms,  22.14ms]  22.14ms   0.00ns  22.14ms
                           'ls_lin':         4 [132.81us,  25.29ms]   6.55ms  10.82ms  26.19ms         4 [ 12.49us,  21.23ms]   5.34ms   9.18ms  21.35ms
                           'ls_lin':         4 [223.30us,  25.47ms]   6.59ms  10.90ms  26.37ms         3 [ 12.60us,  53.96ms]  17.99ms  25.43ms  53.98ms
                           'ls_lin':         4 [527.03us,  23.60ms]   7.33ms   9.52ms  29.34ms         4 [ 12.62us,  19.03ms]   6.58ms   7.61ms  26.33ms
                           'ls_lin':         5 [178.13us,  23.39ms]   5.36ms   9.02ms  26.82ms         5 [ 12.83us,  22.14ms]   5.05ms   8.56ms  25.27ms
                           'ls_lin':         6 [174.19us,  18.64ms]   4.11ms   6.70ms  24.69ms         6 [  9.44us,  31.81ms]   6.42ms  11.58ms  38.52ms
                           'ls_lin':        10 [ 55.81us,  15.82ms]   2.64ms   4.62ms  26.38ms         8 [ 11.93us,  27.32ms]   4.87ms   8.68ms  38.98ms
                           'ls_lin':        27 [ 79.82us,   5.38ms] 773.41us   1.33ms  20.88ms        25 [  8.83us,   6.10ms] 870.85us   1.67ms  21.77ms
                           'ls_lin':        27 [ 84.75us,   5.50ms] 944.14us   1.36ms  25.49ms        24 [ 12.69us,   5.07ms] 972.12us   1.48ms  23.33ms
                           'max_lp':         1 [ 49.40ms,  49.40ms]  49.40ms   0.00ns  49.40ms         1 [  6.57ms,   6.57ms]   6.57ms   0.00ns   6.57ms
                            'no_lp':         1 [ 49.57ms,  49.57ms]  49.57ms   0.00ns  49.57ms         1 [  3.49ms,   3.49ms]   3.49ms   0.00ns   3.49ms
              'objective_lb_search':         1 [ 48.66ms,  48.66ms]  48.66ms   0.00ns  48.66ms         0 [  0.00ns,   0.00ns]   0.00ns   0.00ns   0.00ns
       'objective_lb_search_max_lp':         1 [ 52.31ms,  52.31ms]  52.31ms   0.00ns  52.31ms         0 [  0.00ns,   0.00ns]   0.00ns   0.00ns   0.00ns
        'objective_lb_search_no_lp':         1 [ 47.82ms,  47.82ms]  47.82ms   0.00ns  47.82ms         1 [  9.56ms,   9.56ms]   9.56ms   0.00ns   9.56ms
         'objective_shaving_max_lp':        13 [536.50us,   6.97ms]   3.02ms   2.35ms  39.21ms         5 [ 21.50us, 111.12us]  71.48us  31.18us 357.39us
          'objective_shaving_no_lp':        12 [392.09us,   9.72ms]   3.48ms   3.74ms  41.72ms         5 [ 21.59us, 160.07us]  77.70us  52.37us 388.50us
                          'probing':         1 [ 49.00ms,  49.00ms]  49.00ms   0.00ns  49.00ms         0 [  0.00ns,   0.00ns]   0.00ns   0.00ns   0.00ns
                   'probing_max_lp':         1 [ 53.00ms,  53.00ms]  53.00ms   0.00ns  53.00ms         0 [  0.00ns,   0.00ns]   0.00ns   0.00ns   0.00ns
                    'probing_no_lp':         1 [ 52.58ms,  52.58ms]  52.58ms   0.00ns  52.58ms         0 [  0.00ns,   0.00ns]   0.00ns   0.00ns   0.00ns
                     'pseudo_costs':         1 [ 54.28ms,  54.28ms]  54.28ms   0.00ns  54.28ms         1 [  9.74ms,   9.74ms]   9.74ms   0.00ns   9.74ms
                    'quick_restart':         1 [ 49.39ms,  49.39ms]  49.39ms   0.00ns  49.39ms         0 [  0.00ns,   0.00ns]   0.00ns   0.00ns   0.00ns
              'quick_restart_no_lp':         1 [ 49.18ms,  49.18ms]  49.18ms   0.00ns  49.18ms         0 [  0.00ns,   0.00ns]   0.00ns   0.00ns   0.00ns
                    'reduced_costs':         1 [ 53.78ms,  53.78ms]  53.78ms   0.00ns  53.78ms         0 [  0.00ns,   0.00ns]   0.00ns   0.00ns   0.00ns
                        'rins/rens':         5 [  1.54ms,  35.40ms]  20.78ms  11.12ms 103.90ms         4 [  1.83ms,   2.74ms]   2.18ms 355.48us   8.72ms
                      'rnd_cst_lns':         6 [  8.64ms,  25.38ms]  17.30ms   5.95ms 103.77ms         6 [ 68.19us,   2.10ms]   1.01ms 678.99us   6.07ms
                      'rnd_var_lns':         5 [  8.15ms,  35.02ms]  21.04ms   8.64ms 105.20ms         5 [721.60us,   3.54ms]   2.31ms 979.54us  11.55ms
         'scheduling_intervals_lns':         4 [ 19.09ms,  42.03ms]  27.31ms   9.02ms 109.25ms         4 [333.19us,   1.34ms] 824.51us 452.08us   3.30ms
       'scheduling_precedences_lns':         4 [ 18.43ms,  41.87ms]  27.04ms   9.11ms 108.17ms         4 [525.93us,   1.18ms] 901.34us 251.87us   3.61ms
  'scheduling_resource_windows_lns':         4 [ 18.59ms,  41.76ms]  27.08ms   9.06ms 108.30ms         4 [532.03us,   3.30ms]   1.58ms   1.09ms   6.32ms
       'scheduling_time_window_lns':         4 [ 18.82ms,  41.86ms]  27.23ms   9.02ms 108.92ms         4 [  1.34ms,   2.70ms]   1.91ms 494.84us   7.63ms
                'variables_shaving':         7 [  6.71ms,  22.83ms]  13.23ms   5.81ms  92.59ms         7 [ 13.48us,   2.42ms] 619.17us 781.87us   4.33ms
         'variables_shaving_max_lp':         5 [  3.82ms,  39.55ms]  24.80ms  11.64ms 124.02ms         5 [ 11.57us,   5.99ms]   1.82ms   2.30ms   9.12ms
          'variables_shaving_no_lp':         9 [517.12us,  22.48ms]   9.14ms   7.28ms  82.28ms         8 [166.43us,   2.09ms] 586.19us 626.48us   4.69ms

Search stats                        Bools  Conflicts  Branches  Restarts  BoolPropag  IntegerPropag
                           'core':    368         80     2'085       632      32'989         22'396
                     'default_lp':    315         60     1'073       405       1'946         27'133
                          'fixed':    562         50     1'518       399       1'714         20'675
                      'fs_random':      0          0         0         0           0              0
                      'fs_random':      0          0         0         0           0              0
                      'fs_random':      0          0         0         0           0              0
                      'fs_random':      0          0         0         0           0              0
                      'fs_random':      0          0         0         0           0              0
                      'fs_random':      0          0         0         0           0              0
                      'fs_random':      0          0         0         0           0              0
                      'fs_random':      0          0         0         0           0              0
                      'fs_random':      0          0         0         0           0              0
                      'fs_random':      0          0         0         0           0              0
                      'fs_random':      0          0         0         0           0              0
                      'fs_random':      0          0         0         0           0              0
                'fs_random_no_lp':      0          0         0         0           0              0
                'fs_random_no_lp':      0          0         0         0           0              0
                'fs_random_no_lp':      0          0         0         0           0              0
                'fs_random_no_lp':      0          0         0         0           0              0
                'fs_random_no_lp':      0          0         0         0           0              0
                'fs_random_no_lp':      0          0         0         0           0              0
                'fs_random_no_lp':      0          0         0         0           0              0
                'fs_random_no_lp':      0          0         0         0           0              0
                'fs_random_no_lp':      0          0         0         0           0              0
                'fs_random_no_lp':      0          0         0         0           0              0
                'fs_random_no_lp':      0          0         0         0           0              0
                'fs_random_no_lp':      0          0         0         0           0              0
                'fs_random_no_lp':     20          0        20         0           0            352
        'fs_random_quick_restart':      0          0         0         0           0              0
        'fs_random_quick_restart':      0          0         0         0           0              0
        'fs_random_quick_restart':      0          0         0         0           0              0
        'fs_random_quick_restart':      0          0         0         0           0              0
        'fs_random_quick_restart':      0          0         0         0           0              0
        'fs_random_quick_restart':      0          0         0         0           0              0
        'fs_random_quick_restart':      0          0         0         0           0              0
        'fs_random_quick_restart':      0          0         0         0           0              0
        'fs_random_quick_restart':      0          0         0         0           0              0
        'fs_random_quick_restart':      0          0         0         0           0              0
        'fs_random_quick_restart':      0          0         0         0           0              0
        'fs_random_quick_restart':      0          0         0         0           0              0
  'fs_random_quick_restart_no_lp':      0          0         0         0           0              0
  'fs_random_quick_restart_no_lp':      0          0         0         0           0              0
  'fs_random_quick_restart_no_lp':      0          0         0         0           0              0
  'fs_random_quick_restart_no_lp':      0          0         0         0           0              0
  'fs_random_quick_restart_no_lp':      0          0         0         0           0              0
  'fs_random_quick_restart_no_lp':      0          0         0         0           0              0
  'fs_random_quick_restart_no_lp':      0          0         0         0           0              0
  'fs_random_quick_restart_no_lp':      0          0         0         0           0              0
  'fs_random_quick_restart_no_lp':      0          0         0         0           0              0
  'fs_random_quick_restart_no_lp':      0          0         0         0           0              0
  'fs_random_quick_restart_no_lp':      0          0         0         0           0              0
  'fs_random_quick_restart_no_lp':     16          0        16         0           0            310
                 'lb_tree_search':  1'252          0     2'504     2'504           0         18'227
                         'max_lp':    181          8       193         0          86          4'016
                          'no_lp':    249         75     1'367       404       1'255         21'935
            'objective_lb_search':    254         55       880       380         857         47'646
     'objective_lb_search_max_lp':  1'252          0     1'922     1'922           0         13'874
      'objective_lb_search_no_lp':    383        188     1'837        96       4'201         73'879
                        'probing':  1'252          0     2'504     2'504           0         18'227
                 'probing_max_lp':  1'252          0     1'486     1'486           0         10'574
                  'probing_no_lp':  1'252          0     1'894     1'894           0         13'674
                   'pseudo_costs':    208          4       212         1          44          3'302
                  'quick_restart':    542         18     1'532       411       1'551         29'211
            'quick_restart_no_lp':    870          3     2'314       409       1'844         25'879
                  'reduced_costs':  1'252          0     1'518     1'518           0         10'877

SAT stats                           ClassicMinim  LitRemoved  LitLearned  LitForgotten  Subsumed  MClauses  MDecisions  MLitTrue  MSubsumed  MLitRemoved  MReused
                           'core':             9           9          68             0         0       415         759         0         33           99       71
                     'default_lp':            31          74         972             0         0         0           0         0          0            0        0
                          'fixed':             0           0         186             0         0         0           0         0          0            0        0
                      'fs_random':             0           0           0             0         0         0           0         0          0            0        0
                      'fs_random':             0           0           0             0         0         0           0         0          0            0        0
                      'fs_random':             0           0           0             0         0         0           0         0          0            0        0
                      'fs_random':             0           0           0             0         0         0           0         0          0            0        0
                      'fs_random':             0           0           0             0         0         0           0         0          0            0        0
                      'fs_random':             0           0           0             0         0         0           0         0          0            0        0
                      'fs_random':             0           0           0             0         0         0           0         0          0            0        0
                      'fs_random':             0           0           0             0         0         0           0         0          0            0        0
                      'fs_random':             0           0           0             0         0         0           0         0          0            0        0
                      'fs_random':             0           0           0             0         0         0           0         0          0            0        0
                      'fs_random':             0           0           0             0         0         0           0         0          0            0        0
                      'fs_random':             0           0           0             0         0         0           0         0          0            0        0
                'fs_random_no_lp':             0           0           0             0         0         0           0         0          0            0        0
                'fs_random_no_lp':             0           0           0             0         0         0           0         0          0            0        0
                'fs_random_no_lp':             0           0           0             0         0         0           0         0          0            0        0
                'fs_random_no_lp':             0           0           0             0         0         0           0         0          0            0        0
                'fs_random_no_lp':             0           0           0             0         0         0           0         0          0            0        0
                'fs_random_no_lp':             0           0           0             0         0         0           0         0          0            0        0
                'fs_random_no_lp':             0           0           0             0         0         0           0         0          0            0        0
                'fs_random_no_lp':             0           0           0             0         0         0           0         0          0            0        0
                'fs_random_no_lp':             0           0           0             0         0         0           0         0          0            0        0
                'fs_random_no_lp':             0           0           0             0         0         0           0         0          0            0        0
                'fs_random_no_lp':             0           0           0             0         0         0           0         0          0            0        0
                'fs_random_no_lp':             0           0           0             0         0         0           0         0          0            0        0
                'fs_random_no_lp':             0           0           0             0         0         0           0         0          0            0        0
        'fs_random_quick_restart':             0           0           0             0         0         0           0         0          0            0        0
        'fs_random_quick_restart':             0           0           0             0         0         0           0         0          0            0        0
        'fs_random_quick_restart':             0           0           0             0         0         0           0         0          0            0        0
        'fs_random_quick_restart':             0           0           0             0         0         0           0         0          0            0        0
        'fs_random_quick_restart':             0           0           0             0         0         0           0         0          0            0        0
        'fs_random_quick_restart':             0           0           0             0         0         0           0         0          0            0        0
        'fs_random_quick_restart':             0           0           0             0         0         0           0         0          0            0        0
        'fs_random_quick_restart':             0           0           0             0         0         0           0         0          0            0        0
        'fs_random_quick_restart':             0           0           0             0         0         0           0         0          0            0        0
        'fs_random_quick_restart':             0           0           0             0         0         0           0         0          0            0        0
        'fs_random_quick_restart':             0           0           0             0         0         0           0         0          0            0        0
        'fs_random_quick_restart':             0           0           0             0         0         0           0         0          0            0        0
  'fs_random_quick_restart_no_lp':             0           0           0             0         0         0           0         0          0            0        0
  'fs_random_quick_restart_no_lp':             0           0           0             0         0         0           0         0          0            0        0
  'fs_random_quick_restart_no_lp':             0           0           0             0         0         0           0         0          0            0        0
  'fs_random_quick_restart_no_lp':             0           0           0             0         0         0           0         0          0            0        0
  'fs_random_quick_restart_no_lp':             0           0           0             0         0         0           0         0          0            0        0
  'fs_random_quick_restart_no_lp':             0           0           0             0         0         0           0         0          0            0        0
  'fs_random_quick_restart_no_lp':             0           0           0             0         0         0           0         0          0            0        0
  'fs_random_quick_restart_no_lp':             0           0           0             0         0         0           0         0          0            0        0
  'fs_random_quick_restart_no_lp':             0           0           0             0         0         0           0         0          0            0        0
  'fs_random_quick_restart_no_lp':             0           0           0             0         0         0           0         0          0            0        0
  'fs_random_quick_restart_no_lp':             0           0           0             0         0         0           0         0          0            0        0
  'fs_random_quick_restart_no_lp':             0           0           0             0         0         0           0         0          0            0        0
                 'lb_tree_search':             0           0           0             0         0         0           0         0          0            0        0
                         'max_lp':             0           0          53             0         0         0           0         0          0            0        0
                          'no_lp':            35          46       1'270             0         0         0           0         0          0            0        0
            'objective_lb_search':            49         192         974             0         0         0           0         0          0            0        0
     'objective_lb_search_max_lp':             0           0           0             0         0         0           0         0          0            0        0
      'objective_lb_search_no_lp':             7           8         976             0         0       100          59         0          0            2      338
                        'probing':             0           0           0             0         0         0           0         0          0            0        0
                 'probing_max_lp':             0           0           0             0         0         0           0         0          0            0        0
                  'probing_no_lp':             0           0           0             0         0         0           0         0          0            0        0
                   'pseudo_costs':             0           0          28             0         0         0           0         0          0            0        0
                  'quick_restart':            11          29         773             0         0         0           0         0          0            0        0
            'quick_restart_no_lp':             2           6          80             0         0         0           0         0          0            0        0
                  'reduced_costs':             0           0           0             0         0         0           0         0          0            0        0

Lp stats                         Component  Iterations  AddedCuts  OPTIMAL  DUAL_F.  DUAL_U.
                  'default_lp':         20          42          0    1'260        0        0
                       'fixed':         20          46          0    1'362        0        0
                   'fs_random':         20           0          0        0        0        0
                   'fs_random':         20           0          0        0        0        0
     'fs_random_quick_restart':         20           0          0        0        0        0
              'lb_tree_search':          1          26        121        1        0        0
                      'max_lp':          1         345        214      120        2        0
         'objective_lb_search':         20          49          0      475        0        0
  'objective_lb_search_max_lp':          1           0          0        0        0        0
                     'probing':         20          19          0       25        1        0
              'probing_max_lp':          1           0          0        0        0        0
                'pseudo_costs':          1         553        464      131        9        0
               'quick_restart':         20          97          0    1'521        0        0
               'reduced_costs':          1           0          0        0        0        0

Lp dimension                     Final dimension of first component
                  'default_lp':        1 rows, 5 columns, 2 entries
                       'fixed':        2 rows, 5 columns, 4 entries
                   'fs_random':        0 rows, 5 columns, 0 entries
                   'fs_random':        0 rows, 5 columns, 0 entries
     'fs_random_quick_restart':        0 rows, 5 columns, 0 entries
              'lb_tree_search':  224 rows, 214 columns, 517 entries
                      'max_lp':  151 rows, 214 columns, 387 entries
         'objective_lb_search':        2 rows, 5 columns, 4 entries
  'objective_lb_search_max_lp':      0 rows, 214 columns, 0 entries
                     'probing':        2 rows, 5 columns, 4 entries
              'probing_max_lp':  216 rows, 214 columns, 432 entries
                'pseudo_costs':  196 rows, 214 columns, 627 entries
               'quick_restart':        2 rows, 5 columns, 4 entries
               'reduced_costs':      0 rows, 214 columns, 0 entries

Lp debug                         CutPropag  CutEqPropag  Adjust  Overflow    Bad  BadScaling
                  'default_lp':          0            0       0         0      0           0
                       'fixed':          0            0       0         0      0           0
                   'fs_random':          0            0       0         0      0           0
                   'fs_random':          0            0       0         0      0           0
     'fs_random_quick_restart':          0            0       0         0      0           0
              'lb_tree_search':          0            0       0         0      0           0
                      'max_lp':          0            0       0         0  1'370           0
         'objective_lb_search':          0            0       0         0      0           0
  'objective_lb_search_max_lp':          0            0       0         0      0           0
                     'probing':          0            0       0         0      0           0
              'probing_max_lp':          0            0       0         0      0           0
                'pseudo_costs':          0            0       0         0    824           0
               'quick_restart':          0            0       0         0      0           0
               'reduced_costs':          0            0       0         0      0           0

Lp pool                          Constraints  Updates  Simplif  Merged  Shortened  Split  Strenghtened  Cuts/Call
                  'default_lp':          216        0       33       0          0      0             0        0/0
                       'fixed':          216        0       17       0          0      0             0        0/0
                   'fs_random':          216        0        0       0          0      0             0        0/0
                   'fs_random':          216        0        0       0          0      0             0        0/0
     'fs_random_quick_restart':          216        0        0       0          0      0             0        0/0
              'lb_tree_search':          337        0        0       0          0      0             0    121/160
                      'max_lp':          430       17        0       0          0      0             0    214/702
         'objective_lb_search':          216        0        0       0          0      0             0        0/0
  'objective_lb_search_max_lp':          216        0        0       0          0      0             0        0/0
                     'probing':          216        0        0       0          0      0             0        0/0
              'probing_max_lp':          216        0        0       0          0      0             0        0/0
                'pseudo_costs':          672       92      118       8          0      0             0    464/947
               'quick_restart':          216        0       66       0          0      0             0        0/0
               'reduced_costs':          216        0        0       0          0      0             0        0/0

Lp Cut                                                max_lp  pseudo_costs  lb_tree_search
                                               CG_K:       -             3               -
                                               CG_R:       -             6               -
                                            MIR_1_K:       -             2               -
                                            MIR_1_R:       -             6               -
                                            MIR_2_K:       1             1               -
                                            MIR_3_R:       -             1               -
                  NoOverlapCompletionTimeExhaustive:       5            23               1
           NoOverlapCompletionTimeExhaustive_lifted:       7            21               3
  NoOverlapCompletionTimeExhaustive_lifted_weighted:      33            63              15
         NoOverlapCompletionTimeExhaustive_weighted:      16            20               5
                    NoOverlapCompletionTimeQueyrane:      34            70              18
             NoOverlapCompletionTimeQueyrane_lifted:      48           113              30
                        NoOverlapDetectedPrecedence:       -             6               -
                        NoOverlapDisjunctionOnStart:      67           127              49
                                        ZERO_HALF_R:       3             2               -

LNS stats                             Improv/Calls  Closed  Difficulty  TimeLimit
                    'graph_arc_lns':           4/5     40%    4.32e-01       0.10
                    'graph_cst_lns':           4/6     67%    8.21e-01       0.10
                    'graph_dec_lns':           4/7     57%    7.75e-01       0.10
                    'graph_var_lns':           5/5     20%    1.76e-01       0.10
                     'lb_relax_lns':           4/4      0%    8.55e-02       0.50
                        'rins/rens':           4/4     25%    2.48e-01       0.10
                      'rnd_cst_lns':           6/6     33%    3.14e-01       0.10
                      'rnd_var_lns':           5/5     20%    1.76e-01       0.10
         'scheduling_intervals_lns':           4/4      0%    8.55e-02       0.10
       'scheduling_precedences_lns':           3/4      0%    8.55e-02       0.10
  'scheduling_resource_windows_lns':           2/4      0%    8.55e-02       0.10
       'scheduling_time_window_lns':           4/4      0%    8.55e-02       0.10

LS stats                                    Batches  Restarts/Perturbs  LinMoves  GenMoves  CompoundMoves  Bactracks  WeightUpdates  ScoreComputed
                    'ls_compound_perturb':        1                  2         0     2'751            105      1'323             30        492'177
                         'ls_lin_restart':       13                 13        55     1'204              0          0            919        327'634
                'ls_lin_restart_compound':        7                  7         0       306             40        133              5         32'632
        'ls_lin_restart_compound_perturb':       12                 12         0     7'403            309      3'547             91      1'080'599
                   'ls_lin_restart_decay':       16                 16        62       868              0          0            568        215'979
          'ls_lin_restart_decay_compound':       10                 10         0     5'483            213      2'635             56        798'069
  'ls_lin_restart_decay_compound_perturb':       10                 10         0     4'847            243      2'302             60        539'183
           'ls_lin_restart_decay_perturb':       15                 15        65       354              0          0            220         75'886
                 'ls_lin_restart_perturb':       11                 11        57       105              0          0            336         25'059
                             'ls_restart':       22                 22        87     5'213              0          0          5'542      1'175'493
                    'ls_restart_compound':       29                 29         0     5'163            317      2'423             61        901'494
            'ls_restart_compound_perturb':       29                 29         0     4'649            297      2'176             55        553'036
                       'ls_restart_decay':       28                 28       106     2'431              0          0            604        319'348
              'ls_restart_decay_compound':       23                 23         0    11'425            507      5'459            141      1'612'083
      'ls_restart_decay_compound_perturb':       28                 28         0     4'583            297      2'143             49        751'010
               'ls_restart_decay_perturb':       36                 36       171     1'563              0          0            865        261'815
                     'ls_restart_perturb':       18                 18        69       173              0          0            407         41'658

Solutions (121)                             Num       Rank
                                  'fixed':    1      [3,3]
                          'graph_cst_lns':    1  [121,121]
                         'ls_lin_restart':    7    [29,77]
                'ls_lin_restart_compound':    3   [18,115]
        'ls_lin_restart_compound_perturb':    2    [80,93]
                   'ls_lin_restart_decay':    6    [31,72]
          'ls_lin_restart_decay_compound':    1    [96,96]
  'ls_lin_restart_decay_compound_perturb':    3   [46,108]
           'ls_lin_restart_decay_perturb':    6   [20,103]
                 'ls_lin_restart_perturb':    7   [17,117]
                             'ls_restart':    8   [23,118]
                    'ls_restart_compound':    4   [22,116]
            'ls_restart_compound_perturb':    8   [16,112]
                       'ls_restart_decay':   16    [5,120]
              'ls_restart_decay_compound':    7   [21,107]
      'ls_restart_decay_compound_perturb':   12   [14,111]
               'ls_restart_decay_perturb':   16    [8,109]
                     'ls_restart_perturb':    9    [6,113]
                                  'no_lp':    1      [1,1]
                    'objective_lb_search':    1      [4,4]
              'objective_lb_search_no_lp':    1    [78,78]
                    'quick_restart_no_lp':    1      [2,2]

Objective bounds                Num
                  'bool_core':   27
             'initial_domain':    1
  'objective_lb_search_no_lp':   10
   'objective_shaving_max_lp':    1
    'objective_shaving_no_lp':    1

Solution repositories    Added  Queried  Synchro
  'feasible solutions':    617      433      299
   'fj solution hints':      0        0        0
        'lp solutions':      3        0        3
                'pump':     88        5

Improving bounds shared           Num  Sym
                 'default_lp':    642    0
                      'fixed':    262    0
                     'max_lp':     21    0
                      'no_lp':     48    0
        'objective_lb_search':     27    0
  'objective_lb_search_no_lp':  1'733    0
              'quick_restart':    934    0
        'quick_restart_no_lp':    238    0

CpSolverResponse summary:
status: OPTIMAL
objective: 396
best_bound: 396
integers: 215
booleans: 20
conflicts: 0
branches: 20
propagations: 0
integer_propagations: 352
restarts: 0
lp_iterations: 0
walltime: 0.0734154
usertime: 0.0734155
deterministic_time: 1.10778
gap_integral: 4.91656
solution_fingerprint: 0xb1f40843f95026f6

