
Starting CP-SAT solver v9.14.6206
Parameters: max_time_in_seconds: 300 log_search_progress: true num_search_workers: 104 relative_gap_limit: 0.005

Initial optimization model '': (model_fingerprint: 0x2d38ef999520c73c)
#Variables: 303 (#ints: 61 in objective) (242 primary variables)
  - 61 in [0,36060]
  - 42 in [25920,36060]
  - 200 in [27360,36060]
#kInterval: 127 (#fixed: 6)
#kLinMax: 61 (#expressions: 122)
#kLinear1: 20
#kLinear2: 101
#kNoOverlap: 10 (#intervals: 127, #fixed_intervals: 6)

Starting presolve at 0.00s
  5.75e-05s  0.00e+00d  [DetectDominanceRelations] 
  1.20e-03s  0.00e+00d  [PresolveToFixPoint] #num_loops=10 #num_dual_strengthening=1 
  2.56e-06s  0.00e+00d  [ExtractEncodingFromLinear] 
  1.17e-05s  0.00e+00d  [DetectDuplicateColumns] 
  5.01e-05s  0.00e+00d  [DetectDuplicateConstraints] 
[Symmetry] Graph for symmetry has 718 nodes and 674 arcs.
[Symmetry] Symmetry computation done. time: 6.3206e-05 dtime: 6.727e-05
  4.53e-05s  0.00e+00d  [DetectDuplicateConstraintsWithDifferentEnforcements] 
  4.69e-04s  5.88e-06d  [Probe] #new_bounds=29 
  3.17e-06s  0.00e+00d  [MaxClique] 
  4.73e-05s  0.00e+00d  [DetectDominanceRelations] 
  3.77e-04s  0.00e+00d  [PresolveToFixPoint] #num_loops=3 #num_dual_strengthening=2 
  1.82e-05s  0.00e+00d  [ProcessAtMostOneAndLinear] 
  4.09e-05s  0.00e+00d  [DetectDuplicateConstraints] 
  3.62e-05s  0.00e+00d  [DetectDuplicateConstraintsWithDifferentEnforcements] 
  2.06e-05s  7.86e-07d  [DetectDominatedLinearConstraints] #relevant_constraints=131 
  1.90e-05s  0.00e+00d  [DetectDifferentVariables] 
  2.09e-06s  0.00e+00d  [ProcessSetPPC] 
  2.86e-06s  0.00e+00d  [FindAlmostIdenticalLinearConstraints] 
  6.80e-06s  0.00e+00d  [FindBigAtMostOneAndLinearOverlap] 
  1.17e-05s  4.84e-06d  [FindBigVerticalLinearOverlap] 
  2.03e-06s  0.00e+00d  [FindBigHorizontalLinearOverlap] 
  1.78e-06s  0.00e+00d  [MergeClauses] 
  4.16e-05s  0.00e+00d  [DetectDominanceRelations] 
  2.16e-04s  0.00e+00d  [PresolveToFixPoint] #num_loops=1 #num_dual_strengthening=1 
  3.83e-05s  0.00e+00d  [DetectDominanceRelations] 
  2.09e-04s  0.00e+00d  [PresolveToFixPoint] #num_loops=1 #num_dual_strengthening=1 
  8.24e-06s  0.00e+00d  [DetectDuplicateColumns] 
  3.93e-05s  0.00e+00d  [DetectDuplicateConstraints] 
[Symmetry] Graph for symmetry has 698 nodes and 647 arcs.
[Symmetry] Symmetry computation done. time: 4.5372e-05 dtime: 6.47e-05
  3.83e-05s  0.00e+00d  [DetectDuplicateConstraintsWithDifferentEnforcements] 
  3.06e-04s  1.72e-06d  [Probe] 
  1.48e-06s  0.00e+00d  [MaxClique] 
  4.06e-05s  0.00e+00d  [DetectDominanceRelations] 
  2.34e-04s  0.00e+00d  [PresolveToFixPoint] #num_loops=1 #num_dual_strengthening=1 
  1.68e-05s  0.00e+00d  [ProcessAtMostOneAndLinear] 
  3.73e-05s  0.00e+00d  [DetectDuplicateConstraints] 
  3.50e-05s  0.00e+00d  [DetectDuplicateConstraintsWithDifferentEnforcements] 
  1.75e-05s  7.86e-07d  [DetectDominatedLinearConstraints] #relevant_constraints=131 
  1.79e-05s  0.00e+00d  [DetectDifferentVariables] 
  1.51e-06s  0.00e+00d  [ProcessSetPPC] 
  1.81e-06s  0.00e+00d  [FindAlmostIdenticalLinearConstraints] 
  6.64e-06s  0.00e+00d  [FindBigAtMostOneAndLinearOverlap] 
  1.12e-05s  4.84e-06d  [FindBigVerticalLinearOverlap] 
  1.54e-06s  0.00e+00d  [FindBigHorizontalLinearOverlap] 
  1.06e-06s  0.00e+00d  [MergeClauses] 
  3.89e-05s  0.00e+00d  [DetectDominanceRelations] 
  2.13e-04s  0.00e+00d  [PresolveToFixPoint] #num_loops=1 #num_dual_strengthening=1 
  1.21e-05s  0.00e+00d  [ExpandObjective] 

Presolve summary:
  - 142 affine relations were detected.
  - rule 'TODO dual: only one blocking constraint?' was applied 374 times.
  - rule 'TODO dual: only one unspecified blocking constraint?' was applied 212 times.
  - rule 'affine: new relation' was applied 142 times.
  - rule 'dual: fix variable' was applied 1 time.
  - rule 'dual: reduced domain' was applied 4 times.
  - rule 'intervals: removed unused interval' was applied 6 times.
  - rule 'lin_max: converted abs to equality' was applied 16 times.
  - rule 'lin_max: converted to equality' was applied 8 times.
  - rule 'lin_max: propagate domain from x to abs(x)' was applied 22 times.
  - rule 'lin_max: removed exprs' was applied 8 times.
  - rule 'lin_max: rewrite with precedences' was applied 32 times.
  - rule 'lin_max: target domain reduced' was applied 40 times.
  - rule 'linear1: x in domain' was applied 17 times.
  - rule 'linear: always true' was applied 40 times.
  - rule 'linear: fixed or dup variables' was applied 4 times.
  - rule 'linear: reduced variable domains' was applied 593 times.
  - rule 'linear: remapped using affine relations' was applied 298 times.
  - rule 'linear: tightened into equality' was applied 1 time.
  - rule 'no_overlap: split into disjoint components' was applied 6 times.
  - rule 'objective: variable not used elsewhere' was applied 5 times.
  - rule 'presolve: 5 unused variables removed.' was applied 1 time.
  - rule 'presolve: iteration' was applied 2 times.

Presolved optimization model '': (model_fingerprint: 0x4a282f45928e235a)
#Variables: 156 (#ints: 51 in objective) (121 primary variables)
  - 142 different domains in [0,36039] with a largest complexity of 1.
#kInterval: 121
#kLinMax: 5 (#expressions: 10)
#kLinear2: 131
#kNoOverlap: 10 (#intervals: 121)
[Symmetry] Graph for symmetry has 551 nodes and 647 arcs.
[Symmetry] Symmetry computation done. time: 3.9691e-05 dtime: 5.588e-05

Preloading model.
#Bound   0.01s best:inf   next:[6612,896087] initial_domain
#Model   0.01s var:156/156 constraints:267/267

Starting search at 0.01s with 104 workers.
18 full problem subsolvers: [core, default_lp, fixed, lb_tree_search, max_lp, no_lp, objective_lb_search, objective_lb_search_max_lp, objective_lb_search_no_lp, objective_shaving_max_lp, objective_shaving_no_lp, probing, probing_max_lp, probing_no_lp, pseudo_costs, quick_restart, quick_restart_no_lp, reduced_costs]
86 first solution subsolvers: [fj(25), fj_lin(12), fs_random(12), fs_random_no_lp(13), fs_random_quick_restart(12), fs_random_quick_restart_no_lp(12)]
45 interleaved subsolvers: [feasibility_pump, graph_arc_lns, graph_cst_lns, graph_dec_lns, graph_var_lns, lb_relax_lns, ls(19), ls_lin(10), rins/rens, rnd_cst_lns, rnd_var_lns, scheduling_intervals_lns, scheduling_precedences_lns, scheduling_resource_windows_lns, scheduling_time_window_lns, variables_shaving, variables_shaving_max_lp, variables_shaving_no_lp]
3 helper subsolvers: [neighborhood_helper, synchronization_agent, update_gap_integral]

#1       0.01s best:36576 next:[6612,36575] no_lp
#Bound   0.01s best:36576 next:[6617,36575] bool_core (num_cores=1 [size:2 mw:5 d:1] a=50 d=1 fixed=0/51 clauses=0)
#Bound   0.01s best:36576 next:[6622,36575] bool_core (num_cores=1 [cover] a=50 d=1 fixed=0/54 clauses=1)
#Bound   0.01s best:36576 next:[6627,36575] bool_core (num_cores=1 [cover] a=50 d=1 fixed=1/57 clauses=3)
#Bound   0.01s best:36576 next:[6632,36575] bool_core (num_cores=1 [cover] a=50 d=1 fixed=2/60 clauses=6)
#Bound   0.01s best:36576 next:[6637,36575] bool_core (num_cores=1 [cover] a=50 d=1 fixed=3/63 clauses=10)
#Bound   0.01s best:36576 next:[6642,36575] bool_core (num_cores=1 [cover] a=50 d=1 fixed=4/66 clauses=15)
#Bound   0.01s best:36576 next:[6647,36575] bool_core (num_cores=1 [cover] a=50 d=1 fixed=5/69 clauses=21)
#Bound   0.01s best:36576 next:[6652,36575] bool_core (num_cores=1 [cover] a=50 d=1 fixed=6/72 clauses=28)
#Bound   0.01s best:36576 next:[6657,36575] bool_core (num_cores=1 [cover] a=50 d=1 fixed=7/75 clauses=36)
#Bound   0.01s best:36576 next:[6662,36575] bool_core (num_cores=1 [cover] a=50 d=1 fixed=8/78 clauses=45)
#Bound   0.01s best:36576 next:[6667,36575] bool_core (num_cores=1 [cover] a=50 d=1 fixed=9/81 clauses=55)
#Bound   0.01s best:36576 next:[6672,36575] bool_core (num_cores=1 [cover] a=50 d=1 fixed=10/84 clauses=66)
#Bound   0.01s best:36576 next:[6677,36575] bool_core (num_cores=1 [cover] a=50 d=1 fixed=11/87 clauses=78)
#Bound   0.01s best:36576 next:[6682,36575] bool_core (num_cores=1 [cover] a=50 d=1 fixed=12/90 clauses=91)
#Bound   0.01s best:36576 next:[6687,36575] bool_core (num_cores=1 [cover] a=50 d=1 fixed=13/93 clauses=105)
#Bound   0.01s best:36576 next:[6692,36575] bool_core (num_cores=1 [cover] a=50 d=1 fixed=14/96 clauses=120)
#Bound   0.01s best:36576 next:[6697,36575] bool_core (num_cores=1 [cover] a=50 d=1 fixed=15/99 clauses=136)
#Bound   0.01s best:36576 next:[6702,36575] bool_core (num_cores=1 [cover] a=50 d=1 fixed=16/102 clauses=153)
#Bound   0.01s best:36576 next:[6707,36575] bool_core (num_cores=1 [cover] a=50 d=1 fixed=17/105 clauses=171)
#Bound   0.01s best:36576 next:[6712,36575] bool_core (num_cores=1 [cover] a=50 d=1 fixed=18/108 clauses=190)
#2       0.01s best:18353 next:[6767,18352] no_lp
#3       0.02s best:9261  next:[8115,9260] core
#4       0.02s best:8680  next:[8115,8679] ls_restart_decay(batch:1 lin{mvs:4 evals:41} gen{mvs:12 evals:92} #w_updates:1 #perturb:0)
#5       0.02s best:8675  next:[8115,8674] ls_lin_restart_perturb(batch:1 lin{mvs:3 evals:38} gen{mvs:19 evals:154} #w_updates:7 #perturb:0)
#6       0.02s best:8670  next:[8115,8669] ls_restart_decay_compound_perturb(batch:1 lin{mvs:0 evals:16} gen{mvs:21 evals:118} comp{mvs:9 btracks:6} #w_updates:0 #perturb:0)
#7       0.03s best:8665  next:[8115,8664] ls_restart_perturb(batch:1 lin{mvs:3 evals:38} gen{mvs:20 evals:153} #w_updates:8 #perturb:0)
#8       0.03s best:8660  next:[8115,8659] ls_lin_restart_compound_perturb(batch:1 lin{mvs:0 evals:13} gen{mvs:17 evals:91} comp{mvs:11 btracks:3} #w_updates:0 #perturb:0)
#9       0.03s best:8655  next:[8115,8654] ls_lin_restart_decay_compound(batch:1 lin{mvs:0 evals:8} gen{mvs:9 evals:63} comp{mvs:9 btracks:0} #w_updates:0 #perturb:0)
#10      0.03s best:8650  next:[8115,8649] ls_restart(batch:1 lin{mvs:3 evals:38} gen{mvs:20 evals:149} #w_updates:7 #perturb:0)
#11      0.03s best:8491  next:[8115,8490] rnd_var_lns (d=7.07e-01 s=66 t=0.10 p=1.00 stall=0 h=base)
#12      0.03s best:8486  next:[8115,8485] rnd_var_lns (d=7.07e-01 s=66 t=0.10 p=1.00 stall=0 h=base) [combined with: ls_restart(batch:1 l...]
#13      0.03s best:8421  next:[8115,8420] ls_restart_decay_compound_perturb(batch:1 lin{mvs:0 evals:5} gen{mvs:6 evals:47} comp{mvs:6 btracks:0} #w_updates:0 #perturb:0)
#14      0.03s best:8420  next:[8115,8419] ls_restart_perturb(batch:1 lin{mvs:3 evals:27} gen{mvs:3 evals:21} #w_updates:0 #perturb:0)
#15      0.05s best:8419  next:[8371,8418] fixed
Relative gap limit of 0.005 reached.
#16      0.05s best:8416  next:[8406,8415] scheduling_intervals_lns (d=5.00e-01 s=116 t=0.10 p=0.00 stall=0 h=base)
Relative gap limit of 0.005 reached.
#Bound   0.05s best:8419  next:[8406,8418] fixed [skipped_logs=27]

Task timing                                  n [     min,      max]      avg      dev     time         n [     min,      max]      avg      dev    dtime
                             'core':         1 [ 45.79ms,  45.79ms]  45.79ms   0.00ns  45.79ms         1 [  4.50ms,   4.50ms]   4.50ms   0.00ns   4.50ms
                       'default_lp':         1 [ 44.35ms,  44.35ms]  44.35ms   0.00ns  44.35ms         1 [  5.77ms,   5.77ms]   5.77ms   0.00ns   5.77ms
                 'feasibility_pump':        21 [ 43.43us,   1.13ms] 192.27us 251.04us   4.04ms        20 [ 21.52us, 225.58us]  31.72us  44.48us 634.39us
                            'fixed':         1 [ 44.21ms,  44.21ms]  44.21ms   0.00ns  44.21ms         1 [  8.46ms,   8.46ms]   8.46ms   0.00ns   8.46ms
                               'fj':         0 [  0.00ns,   0.00ns]   0.00ns   0.00ns   0.00ns         0 [  0.00ns,   0.00ns]   0.00ns   0.00ns   0.00ns
                               'fj':         0 [  0.00ns,   0.00ns]   0.00ns   0.00ns   0.00ns         0 [  0.00ns,   0.00ns]   0.00ns   0.00ns   0.00ns
                               'fj':         0 [  0.00ns,   0.00ns]   0.00ns   0.00ns   0.00ns         0 [  0.00ns,   0.00ns]   0.00ns   0.00ns   0.00ns
                               'fj':         0 [  0.00ns,   0.00ns]   0.00ns   0.00ns   0.00ns         0 [  0.00ns,   0.00ns]   0.00ns   0.00ns   0.00ns
                               'fj':         0 [  0.00ns,   0.00ns]   0.00ns   0.00ns   0.00ns         0 [  0.00ns,   0.00ns]   0.00ns   0.00ns   0.00ns
                               'fj':         0 [  0.00ns,   0.00ns]   0.00ns   0.00ns   0.00ns         0 [  0.00ns,   0.00ns]   0.00ns   0.00ns   0.00ns
                               'fj':         0 [  0.00ns,   0.00ns]   0.00ns   0.00ns   0.00ns         0 [  0.00ns,   0.00ns]   0.00ns   0.00ns   0.00ns
                               'fj':         0 [  0.00ns,   0.00ns]   0.00ns   0.00ns   0.00ns         0 [  0.00ns,   0.00ns]   0.00ns   0.00ns   0.00ns
                               'fj':         0 [  0.00ns,   0.00ns]   0.00ns   0.00ns   0.00ns         0 [  0.00ns,   0.00ns]   0.00ns   0.00ns   0.00ns
                               'fj':         0 [  0.00ns,   0.00ns]   0.00ns   0.00ns   0.00ns         0 [  0.00ns,   0.00ns]   0.00ns   0.00ns   0.00ns
                               'fj':         0 [  0.00ns,   0.00ns]   0.00ns   0.00ns   0.00ns         0 [  0.00ns,   0.00ns]   0.00ns   0.00ns   0.00ns
                               'fj':         0 [  0.00ns,   0.00ns]   0.00ns   0.00ns   0.00ns         0 [  0.00ns,   0.00ns]   0.00ns   0.00ns   0.00ns
                               'fj':         0 [  0.00ns,   0.00ns]   0.00ns   0.00ns   0.00ns         0 [  0.00ns,   0.00ns]   0.00ns   0.00ns   0.00ns
                               'fj':         0 [  0.00ns,   0.00ns]   0.00ns   0.00ns   0.00ns         0 [  0.00ns,   0.00ns]   0.00ns   0.00ns   0.00ns
                               'fj':         0 [  0.00ns,   0.00ns]   0.00ns   0.00ns   0.00ns         0 [  0.00ns,   0.00ns]   0.00ns   0.00ns   0.00ns
                               'fj':         0 [  0.00ns,   0.00ns]   0.00ns   0.00ns   0.00ns         0 [  0.00ns,   0.00ns]   0.00ns   0.00ns   0.00ns
                               'fj':         0 [  0.00ns,   0.00ns]   0.00ns   0.00ns   0.00ns         0 [  0.00ns,   0.00ns]   0.00ns   0.00ns   0.00ns
                               'fj':         0 [  0.00ns,   0.00ns]   0.00ns   0.00ns   0.00ns         0 [  0.00ns,   0.00ns]   0.00ns   0.00ns   0.00ns
                               'fj':         0 [  0.00ns,   0.00ns]   0.00ns   0.00ns   0.00ns         0 [  0.00ns,   0.00ns]   0.00ns   0.00ns   0.00ns
                               'fj':         0 [  0.00ns,   0.00ns]   0.00ns   0.00ns   0.00ns         0 [  0.00ns,   0.00ns]   0.00ns   0.00ns   0.00ns
                               'fj':         0 [  0.00ns,   0.00ns]   0.00ns   0.00ns   0.00ns         0 [  0.00ns,   0.00ns]   0.00ns   0.00ns   0.00ns
                               'fj':         0 [  0.00ns,   0.00ns]   0.00ns   0.00ns   0.00ns         0 [  0.00ns,   0.00ns]   0.00ns   0.00ns   0.00ns
                               'fj':         0 [  0.00ns,   0.00ns]   0.00ns   0.00ns   0.00ns         0 [  0.00ns,   0.00ns]   0.00ns   0.00ns   0.00ns
                               'fj':         0 [  0.00ns,   0.00ns]   0.00ns   0.00ns   0.00ns         0 [  0.00ns,   0.00ns]   0.00ns   0.00ns   0.00ns
                               'fj':         0 [  0.00ns,   0.00ns]   0.00ns   0.00ns   0.00ns         0 [  0.00ns,   0.00ns]   0.00ns   0.00ns   0.00ns
                           'fj_lin':         0 [  0.00ns,   0.00ns]   0.00ns   0.00ns   0.00ns         0 [  0.00ns,   0.00ns]   0.00ns   0.00ns   0.00ns
                           'fj_lin':         0 [  0.00ns,   0.00ns]   0.00ns   0.00ns   0.00ns         0 [  0.00ns,   0.00ns]   0.00ns   0.00ns   0.00ns
                           'fj_lin':         0 [  0.00ns,   0.00ns]   0.00ns   0.00ns   0.00ns         0 [  0.00ns,   0.00ns]   0.00ns   0.00ns   0.00ns
                           'fj_lin':         0 [  0.00ns,   0.00ns]   0.00ns   0.00ns   0.00ns         0 [  0.00ns,   0.00ns]   0.00ns   0.00ns   0.00ns
                           'fj_lin':         0 [  0.00ns,   0.00ns]   0.00ns   0.00ns   0.00ns         0 [  0.00ns,   0.00ns]   0.00ns   0.00ns   0.00ns
                           'fj_lin':         0 [  0.00ns,   0.00ns]   0.00ns   0.00ns   0.00ns         0 [  0.00ns,   0.00ns]   0.00ns   0.00ns   0.00ns
                           'fj_lin':         0 [  0.00ns,   0.00ns]   0.00ns   0.00ns   0.00ns         0 [  0.00ns,   0.00ns]   0.00ns   0.00ns   0.00ns
                           'fj_lin':         0 [  0.00ns,   0.00ns]   0.00ns   0.00ns   0.00ns         0 [  0.00ns,   0.00ns]   0.00ns   0.00ns   0.00ns
                           'fj_lin':         0 [  0.00ns,   0.00ns]   0.00ns   0.00ns   0.00ns         0 [  0.00ns,   0.00ns]   0.00ns   0.00ns   0.00ns
                           'fj_lin':         0 [  0.00ns,   0.00ns]   0.00ns   0.00ns   0.00ns         0 [  0.00ns,   0.00ns]   0.00ns   0.00ns   0.00ns
                           'fj_lin':         0 [  0.00ns,   0.00ns]   0.00ns   0.00ns   0.00ns         0 [  0.00ns,   0.00ns]   0.00ns   0.00ns   0.00ns
                           'fj_lin':         0 [  0.00ns,   0.00ns]   0.00ns   0.00ns   0.00ns         0 [  0.00ns,   0.00ns]   0.00ns   0.00ns   0.00ns
                        'fs_random':         0 [  0.00ns,   0.00ns]   0.00ns   0.00ns   0.00ns         0 [  0.00ns,   0.00ns]   0.00ns   0.00ns   0.00ns
                        'fs_random':         0 [  0.00ns,   0.00ns]   0.00ns   0.00ns   0.00ns         0 [  0.00ns,   0.00ns]   0.00ns   0.00ns   0.00ns
                        'fs_random':         0 [  0.00ns,   0.00ns]   0.00ns   0.00ns   0.00ns         0 [  0.00ns,   0.00ns]   0.00ns   0.00ns   0.00ns
                        'fs_random':         0 [  0.00ns,   0.00ns]   0.00ns   0.00ns   0.00ns         0 [  0.00ns,   0.00ns]   0.00ns   0.00ns   0.00ns
                        'fs_random':         0 [  0.00ns,   0.00ns]   0.00ns   0.00ns   0.00ns         0 [  0.00ns,   0.00ns]   0.00ns   0.00ns   0.00ns
                        'fs_random':         0 [  0.00ns,   0.00ns]   0.00ns   0.00ns   0.00ns         0 [  0.00ns,   0.00ns]   0.00ns   0.00ns   0.00ns
                        'fs_random':         0 [  0.00ns,   0.00ns]   0.00ns   0.00ns   0.00ns         0 [  0.00ns,   0.00ns]   0.00ns   0.00ns   0.00ns
                        'fs_random':         0 [  0.00ns,   0.00ns]   0.00ns   0.00ns   0.00ns         0 [  0.00ns,   0.00ns]   0.00ns   0.00ns   0.00ns
                        'fs_random':         0 [  0.00ns,   0.00ns]   0.00ns   0.00ns   0.00ns         0 [  0.00ns,   0.00ns]   0.00ns   0.00ns   0.00ns
                        'fs_random':         0 [  0.00ns,   0.00ns]   0.00ns   0.00ns   0.00ns         0 [  0.00ns,   0.00ns]   0.00ns   0.00ns   0.00ns
                        'fs_random':         0 [  0.00ns,   0.00ns]   0.00ns   0.00ns   0.00ns         0 [  0.00ns,   0.00ns]   0.00ns   0.00ns   0.00ns
                        'fs_random':         0 [  0.00ns,   0.00ns]   0.00ns   0.00ns   0.00ns         0 [  0.00ns,   0.00ns]   0.00ns   0.00ns   0.00ns
                  'fs_random_no_lp':         0 [  0.00ns,   0.00ns]   0.00ns   0.00ns   0.00ns         0 [  0.00ns,   0.00ns]   0.00ns   0.00ns   0.00ns
                  'fs_random_no_lp':         0 [  0.00ns,   0.00ns]   0.00ns   0.00ns   0.00ns         0 [  0.00ns,   0.00ns]   0.00ns   0.00ns   0.00ns
                  'fs_random_no_lp':         0 [  0.00ns,   0.00ns]   0.00ns   0.00ns   0.00ns         0 [  0.00ns,   0.00ns]   0.00ns   0.00ns   0.00ns
                  'fs_random_no_lp':         0 [  0.00ns,   0.00ns]   0.00ns   0.00ns   0.00ns         0 [  0.00ns,   0.00ns]   0.00ns   0.00ns   0.00ns
                  'fs_random_no_lp':         0 [  0.00ns,   0.00ns]   0.00ns   0.00ns   0.00ns         0 [  0.00ns,   0.00ns]   0.00ns   0.00ns   0.00ns
                  'fs_random_no_lp':         0 [  0.00ns,   0.00ns]   0.00ns   0.00ns   0.00ns         0 [  0.00ns,   0.00ns]   0.00ns   0.00ns   0.00ns
                  'fs_random_no_lp':         0 [  0.00ns,   0.00ns]   0.00ns   0.00ns   0.00ns         0 [  0.00ns,   0.00ns]   0.00ns   0.00ns   0.00ns
                  'fs_random_no_lp':         0 [  0.00ns,   0.00ns]   0.00ns   0.00ns   0.00ns         0 [  0.00ns,   0.00ns]   0.00ns   0.00ns   0.00ns
                  'fs_random_no_lp':         0 [  0.00ns,   0.00ns]   0.00ns   0.00ns   0.00ns         0 [  0.00ns,   0.00ns]   0.00ns   0.00ns   0.00ns
                  'fs_random_no_lp':         0 [  0.00ns,   0.00ns]   0.00ns   0.00ns   0.00ns         0 [  0.00ns,   0.00ns]   0.00ns   0.00ns   0.00ns
                  'fs_random_no_lp':         0 [  0.00ns,   0.00ns]   0.00ns   0.00ns   0.00ns         0 [  0.00ns,   0.00ns]   0.00ns   0.00ns   0.00ns
                  'fs_random_no_lp':         0 [  0.00ns,   0.00ns]   0.00ns   0.00ns   0.00ns         0 [  0.00ns,   0.00ns]   0.00ns   0.00ns   0.00ns
                  'fs_random_no_lp':         0 [  0.00ns,   0.00ns]   0.00ns   0.00ns   0.00ns         0 [  0.00ns,   0.00ns]   0.00ns   0.00ns   0.00ns
          'fs_random_quick_restart':         0 [  0.00ns,   0.00ns]   0.00ns   0.00ns   0.00ns         0 [  0.00ns,   0.00ns]   0.00ns   0.00ns   0.00ns
          'fs_random_quick_restart':         0 [  0.00ns,   0.00ns]   0.00ns   0.00ns   0.00ns         0 [  0.00ns,   0.00ns]   0.00ns   0.00ns   0.00ns
          'fs_random_quick_restart':         0 [  0.00ns,   0.00ns]   0.00ns   0.00ns   0.00ns         0 [  0.00ns,   0.00ns]   0.00ns   0.00ns   0.00ns
          'fs_random_quick_restart':         0 [  0.00ns,   0.00ns]   0.00ns   0.00ns   0.00ns         0 [  0.00ns,   0.00ns]   0.00ns   0.00ns   0.00ns
          'fs_random_quick_restart':         0 [  0.00ns,   0.00ns]   0.00ns   0.00ns   0.00ns         0 [  0.00ns,   0.00ns]   0.00ns   0.00ns   0.00ns
          'fs_random_quick_restart':         0 [  0.00ns,   0.00ns]   0.00ns   0.00ns   0.00ns         0 [  0.00ns,   0.00ns]   0.00ns   0.00ns   0.00ns
          'fs_random_quick_restart':         0 [  0.00ns,   0.00ns]   0.00ns   0.00ns   0.00ns         0 [  0.00ns,   0.00ns]   0.00ns   0.00ns   0.00ns
          'fs_random_quick_restart':         0 [  0.00ns,   0.00ns]   0.00ns   0.00ns   0.00ns         0 [  0.00ns,   0.00ns]   0.00ns   0.00ns   0.00ns
          'fs_random_quick_restart':         0 [  0.00ns,   0.00ns]   0.00ns   0.00ns   0.00ns         0 [  0.00ns,   0.00ns]   0.00ns   0.00ns   0.00ns
          'fs_random_quick_restart':         0 [  0.00ns,   0.00ns]   0.00ns   0.00ns   0.00ns         0 [  0.00ns,   0.00ns]   0.00ns   0.00ns   0.00ns
          'fs_random_quick_restart':         0 [  0.00ns,   0.00ns]   0.00ns   0.00ns   0.00ns         0 [  0.00ns,   0.00ns]   0.00ns   0.00ns   0.00ns
          'fs_random_quick_restart':         0 [  0.00ns,   0.00ns]   0.00ns   0.00ns   0.00ns         0 [  0.00ns,   0.00ns]   0.00ns   0.00ns   0.00ns
    'fs_random_quick_restart_no_lp':         0 [  0.00ns,   0.00ns]   0.00ns   0.00ns   0.00ns         0 [  0.00ns,   0.00ns]   0.00ns   0.00ns   0.00ns
    'fs_random_quick_restart_no_lp':         0 [  0.00ns,   0.00ns]   0.00ns   0.00ns   0.00ns         0 [  0.00ns,   0.00ns]   0.00ns   0.00ns   0.00ns
    'fs_random_quick_restart_no_lp':         0 [  0.00ns,   0.00ns]   0.00ns   0.00ns   0.00ns         0 [  0.00ns,   0.00ns]   0.00ns   0.00ns   0.00ns
    'fs_random_quick_restart_no_lp':         0 [  0.00ns,   0.00ns]   0.00ns   0.00ns   0.00ns         0 [  0.00ns,   0.00ns]   0.00ns   0.00ns   0.00ns
    'fs_random_quick_restart_no_lp':         0 [  0.00ns,   0.00ns]   0.00ns   0.00ns   0.00ns         0 [  0.00ns,   0.00ns]   0.00ns   0.00ns   0.00ns
    'fs_random_quick_restart_no_lp':         0 [  0.00ns,   0.00ns]   0.00ns   0.00ns   0.00ns         0 [  0.00ns,   0.00ns]   0.00ns   0.00ns   0.00ns
    'fs_random_quick_restart_no_lp':         0 [  0.00ns,   0.00ns]   0.00ns   0.00ns   0.00ns         0 [  0.00ns,   0.00ns]   0.00ns   0.00ns   0.00ns
    'fs_random_quick_restart_no_lp':         0 [  0.00ns,   0.00ns]   0.00ns   0.00ns   0.00ns         0 [  0.00ns,   0.00ns]   0.00ns   0.00ns   0.00ns
    'fs_random_quick_restart_no_lp':         0 [  0.00ns,   0.00ns]   0.00ns   0.00ns   0.00ns         0 [  0.00ns,   0.00ns]   0.00ns   0.00ns   0.00ns
    'fs_random_quick_restart_no_lp':         0 [  0.00ns,   0.00ns]   0.00ns   0.00ns   0.00ns         0 [  0.00ns,   0.00ns]   0.00ns   0.00ns   0.00ns
    'fs_random_quick_restart_no_lp':         0 [  0.00ns,   0.00ns]   0.00ns   0.00ns   0.00ns         0 [  0.00ns,   0.00ns]   0.00ns   0.00ns   0.00ns
    'fs_random_quick_restart_no_lp':         0 [  0.00ns,   0.00ns]   0.00ns   0.00ns   0.00ns         0 [  0.00ns,   0.00ns]   0.00ns   0.00ns   0.00ns
                    'graph_arc_lns':         5 [  1.95ms,  41.11ms]  11.65ms  14.82ms  58.23ms         4 [ 67.33us,   7.74ms]   2.42ms   3.15ms   9.67ms
                    'graph_cst_lns':         6 [  1.72ms,  21.77ms]   8.35ms   6.97ms  50.09ms         5 [ 38.37us,   2.03ms] 574.88us 760.85us   2.87ms
                    'graph_dec_lns':         7 [  2.10ms,  17.77ms]   6.12ms   4.96ms  42.85ms         5 [ 15.56us,   4.63ms]   1.07ms   1.79ms   5.37ms
                    'graph_var_lns':         5 [  1.97ms,  39.33ms]  11.96ms  14.02ms  59.79ms         4 [ 28.25us,   3.67ms]   1.22ms   1.43ms   4.89ms
                     'lb_relax_lns':         5 [135.64us,  40.98ms]  12.92ms  14.47ms  64.59ms         2 [332.35us,   4.37ms]   2.35ms   2.02ms   4.70ms
                   'lb_tree_search':         1 [ 44.69ms,  44.69ms]  44.69ms   0.00ns  44.69ms         1 [445.79us, 445.79us] 445.79us   0.00ns 445.79us
                               'ls':         1 [ 35.42ms,  35.42ms]  35.42ms   0.00ns  35.42ms         1 [ 69.12ms,  69.12ms]  69.12ms   0.00ns  69.12ms
                               'ls':         1 [ 35.57ms,  35.57ms]  35.57ms   0.00ns  35.57ms         1 [ 63.61ms,  63.61ms]  63.61ms   0.00ns  63.61ms
                               'ls':         1 [ 35.69ms,  35.69ms]  35.69ms   0.00ns  35.69ms         1 [ 60.75ms,  60.75ms]  60.75ms   0.00ns  60.75ms
                               'ls':         1 [ 35.71ms,  35.71ms]  35.71ms   0.00ns  35.71ms         1 [ 58.39ms,  58.39ms]  58.39ms   0.00ns  58.39ms
                               'ls':         1 [ 35.83ms,  35.83ms]  35.83ms   0.00ns  35.83ms         1 [ 60.58ms,  60.58ms]  60.58ms   0.00ns  60.58ms
                               'ls':         1 [ 36.04ms,  36.04ms]  36.04ms   0.00ns  36.04ms         1 [ 59.33ms,  59.33ms]  59.33ms   0.00ns  59.33ms
                               'ls':         1 [ 36.63ms,  36.63ms]  36.63ms   0.00ns  36.63ms         1 [ 63.35ms,  63.35ms]  63.35ms   0.00ns  63.35ms
                               'ls':         2 [  7.96ms,  26.56ms]  17.26ms   9.30ms  34.51ms         2 [ 21.59ms,  42.71ms]  32.15ms  10.56ms  64.30ms
                               'ls':         2 [ 11.54ms,  22.54ms]  17.04ms   5.50ms  34.07ms         2 [ 19.63ms,  41.73ms]  30.68ms  11.05ms  61.36ms
                               'ls':         2 [ 13.24ms,  24.05ms]  18.65ms   5.41ms  37.29ms         2 [ 20.80ms,  42.56ms]  31.68ms  10.88ms  63.36ms
                               'ls':         2 [ 13.81ms,  22.39ms]  18.10ms   4.29ms  36.21ms         2 [ 21.65ms,  36.89ms]  29.27ms   7.62ms  58.54ms
                               'ls':         2 [ 17.29ms,  18.96ms]  18.13ms 835.04us  36.26ms         2 [ 38.74ms,  39.20ms]  38.97ms 227.69us  77.94ms
                               'ls':         3 [  4.25ms,  24.61ms]  11.67ms   9.19ms  35.01ms         3 [  6.69ms,  47.00ms]  23.52ms  17.11ms  70.55ms
                               'ls':         3 [  4.66ms,  24.58ms]  11.37ms   9.34ms  34.10ms         3 [ 12.86ms,  42.19ms]  22.94ms  13.62ms  68.83ms
                               'ls':         4 [145.22us,  21.54ms]   7.79ms   8.44ms  31.17ms         3 [  4.82ms,  35.93ms]  21.01ms  12.73ms  63.02ms
                               'ls':         4 [186.25us,  18.58ms]   6.41ms   7.42ms  25.65ms         4 [156.71us,  38.91ms]  12.55ms  15.73ms  50.20ms
                               'ls':         4 [189.38us,  18.77ms]   5.73ms   7.56ms  22.94ms         4 [124.83us,  34.32ms]  10.71ms  13.79ms  42.85ms
                               'ls':         4 [208.96us,  18.64ms]   4.96ms   7.90ms  19.85ms         4 [255.67us,  40.72ms]  10.62ms  17.38ms  42.50ms
                               'ls':         4 [598.20us,  21.63ms]   6.78ms   8.70ms  27.11ms         4 [699.89us,  42.32ms]  14.05ms  16.98ms  56.20ms
                           'ls_lin':         1 [ 33.82ms,  33.82ms]  33.82ms   0.00ns  33.82ms         1 [ 85.09ms,  85.09ms]  85.09ms   0.00ns  85.09ms
                           'ls_lin':         1 [ 35.19ms,  35.19ms]  35.19ms   0.00ns  35.19ms         1 [ 69.21ms,  69.21ms]  69.21ms   0.00ns  69.21ms
                           'ls_lin':         3 [170.26us,  26.08ms]   9.12ms  12.00ms  27.36ms         3 [134.59us,  55.59ms]  19.33ms  25.66ms  57.98ms
                           'ls_lin':         3 [242.22us,  28.06ms]   9.72ms  12.97ms  29.16ms         3 [292.61us,  41.60ms]  14.29ms  19.31ms  42.87ms
                           'ls_lin':         3 [351.75us,  26.01ms]   9.12ms  11.95ms  27.35ms         3 [390.94us,  41.17ms]  14.16ms  19.10ms  42.49ms
                           'ls_lin':         3 [491.79us,  26.18ms]   9.27ms  11.96ms  27.81ms         3 [539.94us,  74.82ms]  25.80ms  34.67ms  77.41ms
                           'ls_lin':         3 [511.57us,  26.61ms]   9.79ms  11.91ms  29.36ms         3 [540.91us,  45.29ms]  17.23ms  19.96ms  51.69ms
                           'ls_lin':         3 [568.72us,  26.41ms]   9.31ms  12.09ms  27.94ms         3 [678.75us,  44.83ms]  15.47ms  20.76ms  46.42ms
                           'ls_lin':         3 [852.16us,  26.40ms]   9.54ms  11.93ms  28.61ms         3 [  1.50ms,  41.27ms]  15.07ms  18.53ms  45.22ms
                           'ls_lin':         4 [ 70.77us,  17.50ms]   5.45ms   7.06ms  21.81ms         3 [  1.60ms,  27.15ms]  12.58ms  10.74ms  37.75ms
                           'max_lp':         1 [ 45.53ms,  45.53ms]  45.53ms   0.00ns  45.53ms         1 [  3.78ms,   3.78ms]   3.78ms   0.00ns   3.78ms
                            'no_lp':         1 [ 43.67ms,  43.67ms]  43.67ms   0.00ns  43.67ms         1 [ 11.35ms,  11.35ms]  11.35ms   0.00ns  11.35ms
              'objective_lb_search':         1 [ 42.61ms,  42.61ms]  42.61ms   0.00ns  42.61ms         1 [ 11.46ms,  11.46ms]  11.46ms   0.00ns  11.46ms
       'objective_lb_search_max_lp':         1 [ 42.78ms,  42.78ms]  42.78ms   0.00ns  42.78ms         1 [798.77us, 798.77us] 798.77us   0.00ns 798.77us
        'objective_lb_search_no_lp':         1 [ 40.36ms,  40.36ms]  40.36ms   0.00ns  40.36ms         1 [  9.42ms,   9.42ms]   9.42ms   0.00ns   9.42ms
         'objective_shaving_max_lp':         6 [  1.63ms,   7.22ms]   5.10ms   1.88ms  30.59ms         6 [ 19.50us,  53.26us]  44.19us  11.41us 265.11us
          'objective_shaving_no_lp':         7 [409.99us,   6.63ms]   4.24ms   2.54ms  29.71ms         5 [ 19.50us,  45.44us]  40.22us  10.36us 201.12us
                          'probing':         1 [ 45.31ms,  45.31ms]  45.31ms   0.00ns  45.31ms         1 [666.53us, 666.53us] 666.53us   0.00ns 666.53us
                   'probing_max_lp':         1 [ 40.86ms,  40.86ms]  40.86ms   0.00ns  40.86ms         1 [119.09us, 119.09us] 119.09us   0.00ns 119.09us
                    'probing_no_lp':         1 [ 44.98ms,  44.98ms]  44.98ms   0.00ns  44.98ms         1 [  1.90ms,   1.90ms]   1.90ms   0.00ns   1.90ms
                     'pseudo_costs':         1 [ 45.40ms,  45.40ms]  45.40ms   0.00ns  45.40ms         1 [  3.59ms,   3.59ms]   3.59ms   0.00ns   3.59ms
                    'quick_restart':         1 [ 43.57ms,  43.57ms]  43.57ms   0.00ns  43.57ms         1 [  5.20ms,   5.20ms]   5.20ms   0.00ns   5.20ms
              'quick_restart_no_lp':         1 [ 42.99ms,  42.99ms]  42.99ms   0.00ns  42.99ms         1 [  8.96ms,   8.96ms]   8.96ms   0.00ns   8.96ms
                    'reduced_costs':         1 [ 45.80ms,  45.80ms]  45.80ms   0.00ns  45.80ms         1 [756.93us, 756.93us] 756.93us   0.00ns 756.93us
                        'rins/rens':         7 [ 57.84us,  15.96ms]   6.52ms   6.32ms  45.63ms         4 [278.57us,   2.09ms] 974.78us 675.12us   3.90ms
                      'rnd_cst_lns':         6 [  2.14ms,  32.36ms]   8.22ms  10.84ms  49.35ms         4 [ 30.19us,   2.32ms] 634.13us 975.73us   2.54ms
                      'rnd_var_lns':         6 [  1.85ms,  15.90ms]   8.13ms   5.24ms  48.78ms         5 [ 85.04us,   1.24ms] 584.59us 472.99us   2.92ms
         'scheduling_intervals_lns':         3 [  6.79ms,  38.76ms]  23.34ms  13.07ms  70.01ms         3 [  3.22us,   3.78ms]   2.21ms   1.60ms   6.62ms
       'scheduling_precedences_lns':         3 [  8.95ms,  38.44ms]  23.94ms  12.04ms  71.81ms         2 [  1.82ms,   2.24ms]   2.03ms 209.75us   4.06ms
  'scheduling_resource_windows_lns':         3 [  6.80ms,  38.53ms]  22.56ms  12.96ms  67.68ms         2 [  4.20ms,   4.55ms]   4.38ms 178.00us   8.75ms
       'scheduling_time_window_lns':         4 [  7.82ms,  38.57ms]  17.21ms  12.55ms  68.86ms         3 [ 66.51us,   2.93ms]   1.18ms   1.25ms   3.55ms
                'variables_shaving':         9 [  1.56ms,   8.49ms]   5.60ms   2.06ms  50.36ms         8 [  4.05us, 205.14us]  89.96us  51.82us 719.65us
         'variables_shaving_max_lp':         5 [  7.62ms,  15.89ms]  12.34ms   3.49ms  61.72ms         5 [ 14.96us,   1.90ms] 835.36us 781.72us   4.18ms
          'variables_shaving_no_lp':         9 [  1.14ms,  16.95ms]   5.15ms   4.47ms  46.38ms         8 [  4.05us, 851.74us] 159.77us 263.55us   1.28ms

Search stats                        Bools  Conflicts  Branches  Restarts  BoolPropag  IntegerPropag
                           'core':    621        154     3'248       586      11'587         21'058
                     'default_lp':    288        125       808       297       2'186         44'469
                          'fixed':    464        193     2'163       480       5'574         60'792
                      'fs_random':      0          0         0         0           0              0
                      'fs_random':      0          0         0         0           0              0
                      'fs_random':      0          0         0         0           0              0
                      'fs_random':      0          0         0         0           0              0
                      'fs_random':      0          0         0         0           0              0
                      'fs_random':      0          0         0         0           0              0
                      'fs_random':      0          0         0         0           0              0
                      'fs_random':      0          0         0         0           0              0
                      'fs_random':      0          0         0         0           0              0
                      'fs_random':      0          0         0         0           0              0
                      'fs_random':      0          0         0         0           0              0
                      'fs_random':      0          0         0         0           0              0
                'fs_random_no_lp':      0          0         0         0           0              0
                'fs_random_no_lp':      0          0         0         0           0              0
                'fs_random_no_lp':      0          0         0         0           0              0
                'fs_random_no_lp':      0          0         0         0           0              0
                'fs_random_no_lp':      0          0         0         0           0              0
                'fs_random_no_lp':      0          0         0         0           0              0
                'fs_random_no_lp':      0          0         0         0           0              0
                'fs_random_no_lp':      0          0         0         0           0              0
                'fs_random_no_lp':      0          0         0         0           0              0
                'fs_random_no_lp':      0          0         0         0           0              0
                'fs_random_no_lp':      0          0         0         0           0              0
                'fs_random_no_lp':      0          0         0         0           0              0
                'fs_random_no_lp':      0          0         0         0           0              0
        'fs_random_quick_restart':      0          0         0         0           0              0
        'fs_random_quick_restart':      0          0         0         0           0              0
        'fs_random_quick_restart':      0          0         0         0           0              0
        'fs_random_quick_restart':      0          0         0         0           0              0
        'fs_random_quick_restart':      0          0         0         0           0              0
        'fs_random_quick_restart':      0          0         0         0           0              0
        'fs_random_quick_restart':      0          0         0         0           0              0
        'fs_random_quick_restart':      0          0         0         0           0              0
        'fs_random_quick_restart':      0          0         0         0           0              0
        'fs_random_quick_restart':      0          0         0         0           0              0
        'fs_random_quick_restart':      0          0         0         0           0              0
        'fs_random_quick_restart':      0          0         0         0           0              0
  'fs_random_quick_restart_no_lp':      0          0         0         0           0              0
  'fs_random_quick_restart_no_lp':      0          0         0         0           0              0
  'fs_random_quick_restart_no_lp':      0          0         0         0           0              0
  'fs_random_quick_restart_no_lp':      0          0         0         0           0              0
  'fs_random_quick_restart_no_lp':      0          0         0         0           0              0
  'fs_random_quick_restart_no_lp':      0          0         0         0           0              0
  'fs_random_quick_restart_no_lp':      0          0         0         0           0              0
  'fs_random_quick_restart_no_lp':      0          0         0         0           0              0
  'fs_random_quick_restart_no_lp':      0          0         0         0           0              0
  'fs_random_quick_restart_no_lp':      0          0         0         0           0              0
  'fs_random_quick_restart_no_lp':      0          0         0         0           0              0
  'fs_random_quick_restart_no_lp':      0          0         0         0           0              0
                 'lb_tree_search':    688          0     1'376     1'376         309          9'093
                         'max_lp':    186         26       665       345         675         10'879
                          'no_lp':    450        304     1'991       486      10'257         84'485
            'objective_lb_search':     96        150       395        49       1'823         98'805
     'objective_lb_search_max_lp':    689          3     1'380     1'377         390          9'390
      'objective_lb_search_no_lp':    126        160       744       152       4'826         76'838
                        'probing':    730         20     1'440     1'440         940         11'532
                 'probing_max_lp':    688          0     1'376     1'376           0          8'423
                  'probing_no_lp':    810         20     1'600     1'600       4'835         18'295
                   'pseudo_costs':    186         14       217        12          78          4'021
                  'quick_restart':    271         78     1'341       458       2'376         37'321
            'quick_restart_no_lp':    256        166     1'806       465       3'007         70'311
                  'reduced_costs':    689          0     1'376     1'376         306          9'107

SAT stats                           ClassicMinim  LitRemoved  LitLearned  LitForgotten  Subsumed  MClauses  MDecisions  MLitTrue  MSubsumed  MLitRemoved  MReused
                           'core':             0           0           2             0         0         0           0         0          0            0        0
                     'default_lp':           125         613       1'308             0         0         0           0         0          0            0        0
                          'fixed':           117         162       1'144             0         5         0           0         0          0            0        0
                      'fs_random':             0           0           0             0         0         0           0         0          0            0        0
                      'fs_random':             0           0           0             0         0         0           0         0          0            0        0
                      'fs_random':             0           0           0             0         0         0           0         0          0            0        0
                      'fs_random':             0           0           0             0         0         0           0         0          0            0        0
                      'fs_random':             0           0           0             0         0         0           0         0          0            0        0
                      'fs_random':             0           0           0             0         0         0           0         0          0            0        0
                      'fs_random':             0           0           0             0         0         0           0         0          0            0        0
                      'fs_random':             0           0           0             0         0         0           0         0          0            0        0
                      'fs_random':             0           0           0             0         0         0           0         0          0            0        0
                      'fs_random':             0           0           0             0         0         0           0         0          0            0        0
                      'fs_random':             0           0           0             0         0         0           0         0          0            0        0
                      'fs_random':             0           0           0             0         0         0           0         0          0            0        0
                'fs_random_no_lp':             0           0           0             0         0         0           0         0          0            0        0
                'fs_random_no_lp':             0           0           0             0         0         0           0         0          0            0        0
                'fs_random_no_lp':             0           0           0             0         0         0           0         0          0            0        0
                'fs_random_no_lp':             0           0           0             0         0         0           0         0          0            0        0
                'fs_random_no_lp':             0           0           0             0         0         0           0         0          0            0        0
                'fs_random_no_lp':             0           0           0             0         0         0           0         0          0            0        0
                'fs_random_no_lp':             0           0           0             0         0         0           0         0          0            0        0
                'fs_random_no_lp':             0           0           0             0         0         0           0         0          0            0        0
                'fs_random_no_lp':             0           0           0             0         0         0           0         0          0            0        0
                'fs_random_no_lp':             0           0           0             0         0         0           0         0          0            0        0
                'fs_random_no_lp':             0           0           0             0         0         0           0         0          0            0        0
                'fs_random_no_lp':             0           0           0             0         0         0           0         0          0            0        0
                'fs_random_no_lp':             0           0           0             0         0         0           0         0          0            0        0
        'fs_random_quick_restart':             0           0           0             0         0         0           0         0          0            0        0
        'fs_random_quick_restart':             0           0           0             0         0         0           0         0          0            0        0
        'fs_random_quick_restart':             0           0           0             0         0         0           0         0          0            0        0
        'fs_random_quick_restart':             0           0           0             0         0         0           0         0          0            0        0
        'fs_random_quick_restart':             0           0           0             0         0         0           0         0          0            0        0
        'fs_random_quick_restart':             0           0           0             0         0         0           0         0          0            0        0
        'fs_random_quick_restart':             0           0           0             0         0         0           0         0          0            0        0
        'fs_random_quick_restart':             0           0           0             0         0         0           0         0          0            0        0
        'fs_random_quick_restart':             0           0           0             0         0         0           0         0          0            0        0
        'fs_random_quick_restart':             0           0           0             0         0         0           0         0          0            0        0
        'fs_random_quick_restart':             0           0           0             0         0         0           0         0          0            0        0
        'fs_random_quick_restart':             0           0           0             0         0         0           0         0          0            0        0
  'fs_random_quick_restart_no_lp':             0           0           0             0         0         0           0         0          0            0        0
  'fs_random_quick_restart_no_lp':             0           0           0             0         0         0           0         0          0            0        0
  'fs_random_quick_restart_no_lp':             0           0           0             0         0         0           0         0          0            0        0
  'fs_random_quick_restart_no_lp':             0           0           0             0         0         0           0         0          0            0        0
  'fs_random_quick_restart_no_lp':             0           0           0             0         0         0           0         0          0            0        0
  'fs_random_quick_restart_no_lp':             0           0           0             0         0         0           0         0          0            0        0
  'fs_random_quick_restart_no_lp':             0           0           0             0         0         0           0         0          0            0        0
  'fs_random_quick_restart_no_lp':             0           0           0             0         0         0           0         0          0            0        0
  'fs_random_quick_restart_no_lp':             0           0           0             0         0         0           0         0          0            0        0
  'fs_random_quick_restart_no_lp':             0           0           0             0         0         0           0         0          0            0        0
  'fs_random_quick_restart_no_lp':             0           0           0             0         0         0           0         0          0            0        0
  'fs_random_quick_restart_no_lp':             0           0           0             0         0         0           0         0          0            0        0
                 'lb_tree_search':             0           0           0             0         0         0           0         0          0            0        0
                         'max_lp':            14          14         119             0         0        14          38         0          1            5       15
                          'no_lp':           254         927         819             0         0         4           4         0          1            3        4
            'objective_lb_search':            41          47         732             0         8        67          87         0         23           90       72
     'objective_lb_search_max_lp':             0           0           6             0         1         0           0         0          0            0        0
      'objective_lb_search_no_lp':            53          61         748             0         6       121         385         0         44          240       56
                        'probing':             0           0          20             0         0         0           0         0          0            0        0
                 'probing_max_lp':             0           0           0             0         0         0           0         0          0            0        0
                  'probing_no_lp':             0           0          20             0         0         0           0         0          0            0        0
                   'pseudo_costs':             0           0         152             0         0         0           0         0          0            0        0
                  'quick_restart':            48         166         668             0         1         0           0         0          0            0        0
            'quick_restart_no_lp':           113         229       1'295             0        11        27          71         0          6           27        7
                  'reduced_costs':             0           0           0             0         0         0           0         0          0            0        0

Lp stats                         Component  Iterations  AddedCuts  OPTIMAL  DUAL_F.  DUAL_U.
                  'default_lp':         16          48          0    1'441        0        0
                       'fixed':         16          24          0    2'694        0        0
              'lb_tree_search':          1         109        103       10        0        0
                      'max_lp':          1         243        134       94        2        0
         'objective_lb_search':         16          15          0    1'647        0        0
  'objective_lb_search_max_lp':          1         128        129       17        0        0
                     'probing':         16          21          0    1'799        1        0
              'probing_max_lp':          1          98         87        5        0        0
                'pseudo_costs':          1         284        135      110        0        0
               'quick_restart':         16          29          0    1'729        0        0
               'reduced_costs':          1         141        135       16        0        0

Lp dimension                     Final dimension of first component
                  'default_lp':        2 rows, 7 columns, 4 entries
                       'fixed':        2 rows, 7 columns, 4 entries
              'lb_tree_search':  203 rows, 156 columns, 484 entries
                      'max_lp':  190 rows, 156 columns, 450 entries
         'objective_lb_search':        2 rows, 7 columns, 4 entries
  'objective_lb_search_max_lp':  169 rows, 156 columns, 476 entries
                     'probing':        1 rows, 7 columns, 2 entries
              'probing_max_lp':  207 rows, 156 columns, 483 entries
                'pseudo_costs':  179 rows, 156 columns, 487 entries
               'quick_restart':        2 rows, 7 columns, 4 entries
               'reduced_costs':  177 rows, 156 columns, 477 entries

Lp debug                         CutPropag  CutEqPropag  Adjust  Overflow    Bad  BadScaling
                  'default_lp':          0            0       0         0      0           0
                       'fixed':          0            0       0         0      0           0
              'lb_tree_search':          0            0       5         0    717           0
                      'max_lp':          0            0       7         0  1'056           0
         'objective_lb_search':          0            0       0         0      0           0
  'objective_lb_search_max_lp':          0            4       3         0    419           0
                     'probing':          0            0       0         0      0           0
              'probing_max_lp':          0            0       0         0    329           0
                'pseudo_costs':          0            3       6         0  2'666           0
               'quick_restart':          0            0       0         0      0           0
               'reduced_costs':          0            4       6         0    857           0

Lp pool                          Constraints  Updates  Simplif  Merged  Shortened  Split  Strenghtened  Cuts/Call
                  'default_lp':          146        0       10       0          0      0             0        0/0
                       'fixed':          146        0       85       0          0      0             0        0/0
              'lb_tree_search':          249      144       33       0          0      0             0    103/184
                      'max_lp':          280      137      290       0          0      0             0    134/356
         'objective_lb_search':          146        0       12       0          0      0             0        0/0
  'objective_lb_search_max_lp':          275       44       16       0          0      0             5    129/195
                     'probing':          146        0        5       0          0      0             0        0/0
              'probing_max_lp':          233        0        0       0          0      0             0     87/121
                'pseudo_costs':          280      437       85       1          0      0             5    135/382
               'quick_restart':          146        0       25       0          0      0             0        0/0
               'reduced_costs':          281      152       65       0          0      0             5    135/222

Lp Cut                                                probing_max_lp  max_lp  reduced_costs  pseudo_costs  lb_tree_search  objective_lb_search_max_lp
                                              CG_FF:               -       -              -             -               1                           -
                                               CG_K:               1       1              5             5               2                           3
                                               CG_R:               1       6              4             5               4                           2
                                            MIR_1_K:               2       2              2             2               1                           2
                                            MIR_1_R:               2       2              2             3               1                           3
                                            MIR_2_K:               -       1              4             3               3                           -
                                            MIR_2_R:               -       2              -             1               1                           -
                                            MIR_3_R:               -       3              -             -               -                           -
                  NoOverlapCompletionTimeExhaustive:               9      17             12            11              10                          12
           NoOverlapCompletionTimeExhaustive_lifted:               8       8             11            11               8                          12
  NoOverlapCompletionTimeExhaustive_lifted_weighted:               5       5             11            11               5                          14
         NoOverlapCompletionTimeExhaustive_weighted:              24      32             34            32              27                          33
                    NoOverlapCompletionTimeQueyrane:               2       3              3             3               2                           4
             NoOverlapCompletionTimeQueyrane_lifted:               2       3              6             7               3                           5
                        NoOverlapDetectedPrecedence:               -       6              2             2               2                           1
                        NoOverlapDisjunctionOnStart:              31      43             38            36              33                          36
                                        ZERO_HALF_R:               -       -              1             3               -                           2

LNS stats                             Improv/Calls  Closed  Difficulty  TimeLimit
                    'graph_arc_lns':           2/4     50%    5.97e-01       0.10
                    'graph_cst_lns':           1/5     60%    7.48e-01       0.10
                    'graph_dec_lns':           2/5     80%    8.80e-01       0.10
                    'graph_var_lns':           2/4     50%    5.97e-01       0.10
                     'lb_relax_lns':           1/2     50%    5.38e-01       0.50
                        'rins/rens':           1/4     50%    5.97e-01       0.10
                      'rnd_cst_lns':           3/4     75%    8.21e-01       0.10
                      'rnd_var_lns':           3/5     60%    7.48e-01       0.10
         'scheduling_intervals_lns':           3/3      0%    1.24e-01       0.10
       'scheduling_precedences_lns':           1/2     50%    4.62e-01       0.10
  'scheduling_resource_windows_lns':           1/2      0%    1.86e-01       0.10
       'scheduling_time_window_lns':           1/3     33%    3.59e-01       0.10

LS stats                                    Batches  Restarts/Perturbs  LinMoves  GenMoves  CompoundMoves  Bactracks  WeightUpdates  ScoreComputed
              'ls_decay_compound_perturb':        1                  2         0     1'563             87        738             27        233'806
                         'ls_lin_restart':        1                  1         3     1'304              0          0            722        258'905
                'ls_lin_restart_compound':        6                  6         0     3'577            259      1'659             63        420'375
        'ls_lin_restart_compound_perturb':        4                  4         0     1'516            130        693             22        156'901
                   'ls_lin_restart_decay':        2                  2         6       279              0          0            148         55'519
          'ls_lin_restart_decay_compound':        4                  4         0     5'446            310      2'568             69        564'255
  'ls_lin_restart_decay_compound_perturb':        1                  1         0        31              9         11              0          3'607
           'ls_lin_restart_decay_perturb':        4                  4         9       131              0          0             36         20'573
                 'ls_lin_restart_perturb':        5                  5        12     2'649              0          0          3'146        539'658
                             'ls_restart':        5                  5        14     1'126              0          0            939        320'344
                    'ls_restart_compound':        6                  6         0     7'351            491      3'430            108        866'691
            'ls_restart_compound_perturb':        7                  7         0     8'897            851      4'023            135      1'173'280
                       'ls_restart_decay':        6                  6        20     1'601              0          0            670        299'673
      'ls_restart_decay_compound_perturb':        7                  7         0     3'968            590      1'689             42        461'569
               'ls_restart_decay_perturb':        5                  5        15     2'284              0          0            751        418'549
                     'ls_restart_perturb':        6                  6        20     1'773              0          0          1'067        454'980

Solutions (16)                          Num     Rank
                               'core':    1    [3,3]
                              'fixed':    1  [15,15]
    'ls_lin_restart_compound_perturb':    1    [8,8]
      'ls_lin_restart_decay_compound':    1    [9,9]
             'ls_lin_restart_perturb':    1    [5,5]
                         'ls_restart':    1  [10,10]
                   'ls_restart_decay':    1    [4,4]
  'ls_restart_decay_compound_perturb':    2   [6,13]
                 'ls_restart_perturb':    2   [7,14]
                              'no_lp':    2    [1,2]
                        'rnd_var_lns':    2  [11,12]
           'scheduling_intervals_lns':    1  [16,16]

Objective bounds     Num
       'bool_core':   40
           'fixed':    1
  'initial_domain':    1
          'max_lp':    7

Solution repositories    Added  Queried  Synchro
  'feasible solutions':    124      196       57
   'fj solution hints':      0        0        0
        'lp solutions':      4        4        4
                'pump':     20        3

Improving bounds shared    Num  Sym
                  'core':    9    0
                 'fixed':  195    0
                'max_lp':  620    0
                 'no_lp':  127    0
               'probing':    1    0
         'probing_no_lp':   17    0
          'pseudo_costs':  132    0
         'quick_restart':    5    0
   'quick_restart_no_lp':   18    0

CpSolverResponse summary:
status: OPTIMAL
objective: 8416
best_bound: 8406
integers: 0
booleans: 0
conflicts: 0
branches: 0
propagations: 0
integer_propagations: 0
restarts: 0
lp_iterations: 0
walltime: 0.0636
usertime: 0.0636
deterministic_time: 1.85524
gap_integral: 7.72878
solution_fingerprint: 0xb532df2db6c543bc

