
Starting CP-SAT solver v9.14.6206
Parameters: max_time_in_seconds: 300 log_search_progress: true num_search_workers: 104 relative_gap_limit: 0.005

Initial optimization model '': (model_fingerprint: 0x65936b1e3c420131)
#Variables: 378 (#ints: 66 in objective) (312 primary variables)
  - 66 in [0,40775]
  - 52 in [28800,40775]
  - 260 in [30240,40775]
#kInterval: 158 (#fixed: 2)
#kLinMax: 66 (#expressions: 132)
#kLinear1: 20
#kLinear2: 136
#kNoOverlap: 10 (#intervals: 158, #fixed_intervals: 2)

Starting presolve at 0.00s
  6.14e-05s  0.00e+00d  [DetectDominanceRelations] 
  1.50e-03s  0.00e+00d  [PresolveToFixPoint] #num_loops=10 #num_dual_strengthening=1 
  2.05e-06s  0.00e+00d  [ExtractEncodingFromLinear] 
  1.49e-05s  0.00e+00d  [DetectDuplicateColumns] 
  5.69e-05s  0.00e+00d  [DetectDuplicateConstraints] 
[Symmetry] Graph for symmetry has 914 nodes and 880 arcs.
[Symmetry] Symmetry computation done. time: 7.7361e-05 dtime: 8.756e-05
  5.34e-05s  0.00e+00d  [DetectDuplicateConstraintsWithDifferentEnforcements] 
  4.54e-04s  3.38e-06d  [Probe] #new_bounds=10 
  1.81e-06s  0.00e+00d  [MaxClique] 
  5.65e-05s  0.00e+00d  [DetectDominanceRelations] 
  4.03e-04s  0.00e+00d  [PresolveToFixPoint] #num_loops=3 #num_dual_strengthening=2 
  2.91e-05s  0.00e+00d  [ProcessAtMostOneAndLinear] 
  4.93e-05s  0.00e+00d  [DetectDuplicateConstraints] 
  4.62e-05s  0.00e+00d  [DetectDuplicateConstraintsWithDifferentEnforcements] 
  2.21e-05s  1.06e-06d  [DetectDominatedLinearConstraints] #relevant_constraints=176 
  2.44e-05s  0.00e+00d  [DetectDifferentVariables] 
  1.96e-06s  0.00e+00d  [ProcessSetPPC] 
  2.16e-06s  0.00e+00d  [FindAlmostIdenticalLinearConstraints] 
  8.57e-06s  0.00e+00d  [FindBigAtMostOneAndLinearOverlap] 
  1.45e-05s  6.50e-06d  [FindBigVerticalLinearOverlap] 
  1.76e-06s  0.00e+00d  [FindBigHorizontalLinearOverlap] 
  1.40e-06s  0.00e+00d  [MergeClauses] 
  5.23e-05s  0.00e+00d  [DetectDominanceRelations] 
  2.87e-04s  0.00e+00d  [PresolveToFixPoint] #num_loops=1 #num_dual_strengthening=1 
  4.85e-05s  0.00e+00d  [DetectDominanceRelations] 
  2.77e-04s  0.00e+00d  [PresolveToFixPoint] #num_loops=1 #num_dual_strengthening=1 
  1.01e-05s  0.00e+00d  [DetectDuplicateColumns] 
  4.83e-05s  0.00e+00d  [DetectDuplicateConstraints] 
[Symmetry] Graph for symmetry has 912 nodes and 878 arcs.
[Symmetry] Symmetry computation done. time: 6.032e-05 dtime: 8.74e-05
  5.06e-05s  0.00e+00d  [DetectDuplicateConstraintsWithDifferentEnforcements] 
  3.54e-04s  2.01e-06d  [Probe] 
  1.42e-06s  0.00e+00d  [MaxClique] 
  5.36e-05s  0.00e+00d  [DetectDominanceRelations] 
  3.16e-04s  0.00e+00d  [PresolveToFixPoint] #num_loops=1 #num_dual_strengthening=1 
  2.22e-05s  0.00e+00d  [ProcessAtMostOneAndLinear] 
  4.75e-05s  0.00e+00d  [DetectDuplicateConstraints] 
  4.60e-05s  0.00e+00d  [DetectDuplicateConstraintsWithDifferentEnforcements] 
  2.13e-05s  1.06e-06d  [DetectDominatedLinearConstraints] #relevant_constraints=176 
  2.38e-05s  0.00e+00d  [DetectDifferentVariables] 
  1.85e-06s  0.00e+00d  [ProcessSetPPC] 
  2.13e-06s  0.00e+00d  [FindAlmostIdenticalLinearConstraints] 
  7.99e-06s  0.00e+00d  [FindBigAtMostOneAndLinearOverlap] 
  1.35e-05s  6.50e-06d  [FindBigVerticalLinearOverlap] 
  1.68e-06s  0.00e+00d  [FindBigHorizontalLinearOverlap] 
  1.21e-06s  0.00e+00d  [MergeClauses] 
  5.25e-05s  0.00e+00d  [DetectDominanceRelations] 
  2.87e-04s  0.00e+00d  [PresolveToFixPoint] #num_loops=1 #num_dual_strengthening=1 
  1.49e-05s  0.00e+00d  [ExpandObjective] 

Presolve summary:
  - 171 affine relations were detected.
  - rule 'TODO dual: only one blocking constraint?' was applied 483 times.
  - rule 'TODO dual: only one unspecified blocking constraint?' was applied 280 times.
  - rule 'affine: new relation' was applied 171 times.
  - rule 'dual: reduced domain' was applied 3 times.
  - rule 'intervals: removed unused interval' was applied 2 times.
  - rule 'lin_max: converted abs to equality' was applied 15 times.
  - rule 'lin_max: propagate domain from x to abs(x)' was applied 32 times.
  - rule 'lin_max: rewrite with precedences' was applied 40 times.
  - rule 'lin_max: target domain reduced' was applied 40 times.
  - rule 'linear1: x in domain' was applied 15 times.
  - rule 'linear: always true' was applied 45 times.
  - rule 'linear: reduced variable domains' was applied 808 times.
  - rule 'linear: remapped using affine relations' was applied 362 times.
  - rule 'no_overlap: split into disjoint components' was applied 2 times.
  - rule 'presolve: 0 unused variables removed.' was applied 1 time.
  - rule 'presolve: iteration' was applied 2 times.

Presolved optimization model '': (model_fingerprint: 0x3f173e3914655621)
#Variables: 207 (#ints: 66 in objective) (156 primary variables)
  - 182 different domains in [0,40754] with a largest complexity of 1.
#kInterval: 156
#kLinMax: 11 (#expressions: 22)
#kLinear2: 176
#kNoOverlap: 10 (#intervals: 156)
[Symmetry] Graph for symmetry has 741 nodes and 878 arcs.
[Symmetry] Symmetry computation done. time: 5.4908e-05 dtime: 7.714e-05

Preloading model.
#Bound   0.01s best:inf   next:[6292,1285540] initial_domain
#Model   0.01s var:207/207 constraints:353/353

Starting search at 0.01s with 104 workers.
18 full problem subsolvers: [core, default_lp, fixed, lb_tree_search, max_lp, no_lp, objective_lb_search, objective_lb_search_max_lp, objective_lb_search_no_lp, objective_shaving_max_lp, objective_shaving_no_lp, probing, probing_max_lp, probing_no_lp, pseudo_costs, quick_restart, quick_restart_no_lp, reduced_costs]
86 first solution subsolvers: [fj(25), fj_lin(12), fs_random(12), fs_random_no_lp(13), fs_random_quick_restart(12), fs_random_quick_restart_no_lp(12)]
45 interleaved subsolvers: [feasibility_pump, graph_arc_lns, graph_cst_lns, graph_dec_lns, graph_var_lns, lb_relax_lns, ls(19), ls_lin(10), rins/rens, rnd_cst_lns, rnd_var_lns, scheduling_intervals_lns, scheduling_precedences_lns, scheduling_resource_windows_lns, scheduling_time_window_lns, variables_shaving, variables_shaving_max_lp, variables_shaving_no_lp]
3 helper subsolvers: [neighborhood_helper, synchronization_agent, update_gap_integral]

#1       0.01s best:47095 next:[6292,47094] no_lp
#Bound   0.01s best:47095 next:[6296,47094] objective_lb_search_no_lp
#Bound   0.01s best:47095 next:[6327,47094] objective_lb_search_no_lp
#Bound   0.01s best:47095 next:[6337,47094] objective_lb_search_no_lp
#Bound   0.01s best:47095 next:[6339,47094] objective_lb_search_no_lp
#Bound   0.01s best:47095 next:[6342,47094] objective_lb_search_no_lp
#Bound   0.01s best:47095 next:[6344,47094] bool_core (num_cores=1 [cover] a=65 d=1 fixed=11/102 clauses=78)
#Bound   0.01s best:47095 next:[6348,47094] bool_core (num_cores=1 [cover] a=65 d=1 fixed=12/105 clauses=91)
#Bound   0.01s best:47095 next:[6352,47094] bool_core (num_cores=1 [cover] a=65 d=1 fixed=13/108 clauses=105)
#Bound   0.01s best:47095 next:[6356,47094] bool_core (num_cores=1 [cover] a=65 d=1 fixed=14/111 clauses=120)
#Bound   0.01s best:47095 next:[6360,47094] bool_core (num_cores=1 [cover] a=65 d=1 fixed=15/114 clauses=136)
#Bound   0.01s best:47095 next:[6364,47094] bool_core (num_cores=1 [cover] a=65 d=1 fixed=16/117 clauses=153)
#Bound   0.01s best:47095 next:[6368,47094] bool_core (num_cores=1 [cover] a=65 d=1 fixed=17/120 clauses=171)
#Bound   0.01s best:47095 next:[6372,47094] bool_core (num_cores=1 [cover] a=65 d=1 fixed=18/123 clauses=190)
#Bound   0.01s best:47095 next:[6376,47094] bool_core (num_cores=1 [cover] a=65 d=1 fixed=19/126 clauses=210)
#Bound   0.01s best:47095 next:[6380,47094] bool_core (num_cores=1 [cover] a=65 d=1 fixed=20/129 clauses=231)
#Bound   0.01s best:47095 next:[6384,47094] bool_core (num_cores=1 [cover] a=65 d=1 fixed=21/132 clauses=253)
#Bound   0.01s best:47095 next:[6388,47094] bool_core (num_cores=1 [cover] a=65 d=1 fixed=22/135 clauses=276)
#Bound   0.01s best:47095 next:[6392,47094] bool_core (num_cores=1 [cover] a=65 d=1 fixed=23/138 clauses=300)
#Bound   0.01s best:47095 next:[6396,47094] bool_core (num_cores=1 [cover] a=65 d=1 fixed=24/141 clauses=325)
#Bound   0.01s best:47095 next:[6400,47094] bool_core (num_cores=1 [cover] a=65 d=1 fixed=25/144 clauses=351)
#2       0.01s best:46759 next:[6400,46758] fixed
#3       0.02s best:22891 next:[6492,22890] no_lp
#4       0.02s best:13506 next:[6492,13505] objective_lb_search_no_lp
#5       0.03s best:13265 next:[6691,13264] graph_arc_lns (d=5.00e-01 s=24 t=0.10 p=0.00 stall=0 h=base)
#6       0.03s best:12469 next:[6691,12468] ls_restart_compound(batch:1 lin{mvs:0 evals:26} gen{mvs:7 evals:89} comp{mvs:7 btracks:0} #w_updates:0 #perturb:0)
#7       0.03s best:12228 next:[6691,12227] ls_restart_compound(batch:1 lin{mvs:0 evals:26} gen{mvs:7 evals:89} comp{mvs:7 btracks:0} #w_updates:0 #perturb:0) [combined with: graph_arc_lns (d=5.0...]
#8       0.03s best:12208 next:[6739,12207] ls_restart_decay_perturb(batch:1 lin{mvs:10 evals:283} gen{mvs:51 evals:600} #w_updates:49 #perturb:0)
#9       0.03s best:12203 next:[6783,12202] ls_restart_compound_perturb(batch:1 lin{mvs:0 evals:215} gen{mvs:71 evals:590} comp{mvs:11 btracks:30} #w_updates:0 #perturb:0)
#10      0.03s best:12199 next:[6783,12198] ls_restart_compound_perturb(batch:1 lin{mvs:0 evals:189} gen{mvs:57 evals:505} comp{mvs:9 btracks:24} #w_updates:0 #perturb:0) [combined with: ls_restart_compound_...]
#11      0.03s best:11875 next:[6783,11874] ls_restart_compound(batch:1 lin{mvs:0 evals:70} gen{mvs:22 evals:199} comp{mvs:8 btracks:7} #w_updates:0 #perturb:0)
#12      0.03s best:11866 next:[6783,11865] ls_restart_compound(batch:1 lin{mvs:0 evals:70} gen{mvs:22 evals:199} comp{mvs:8 btracks:7} #w_updates:0 #perturb:0) [combined with: ls_restart_compound_...]
#13      0.03s best:11862 next:[6783,11861] ls_lin_restart_compound(batch:1 lin{mvs:0 evals:56} gen{mvs:18 evals:162} comp{mvs:8 btracks:5} #w_updates:0 #perturb:0)
#14      0.03s best:11857 next:[6783,11856] ls_lin_restart_compound(batch:1 lin{mvs:0 evals:12} gen{mvs:3 evals:33} comp{mvs:3 btracks:0} #w_updates:0 #perturb:0)
#15      0.03s best:11827 next:[6783,11826] ls_restart_decay_perturb(batch:1 lin{mvs:7 evals:370} gen{mvs:121 evals:1'076} #w_updates:28 #perturb:0) [combined with: ls_lin_restart_compo...]
#16      0.03s best:11743 next:[6783,11742] quick_restart
#17      0.03s best:8563  next:[6783,8562] objective_lb_search_no_lp
#18      0.04s best:8117  next:[6812,8116] ls_restart_compound(batch:1 lin{mvs:0 evals:37} gen{mvs:6 evals:79} comp{mvs:6 btracks:0} #w_updates:0 #perturb:0)
#19      0.04s best:8113  next:[6852,8112] ls_restart_compound(batch:1 lin{mvs:0 evals:43} gen{mvs:10 evals:111} comp{mvs:10 btracks:0} #w_updates:0 #perturb:0)
#20      0.04s best:8073  next:[6920,8072] ls_lin_restart_perturb(batch:1 lin{mvs:10 evals:593} gen{mvs:190 evals:2'099} #w_updates:36 #perturb:0) [combined with: ls_restart_compound(...]
#21      0.04s best:8063  next:[6936,8062] ls_restart_compound_perturb(batch:1 lin{mvs:0 evals:10} gen{mvs:2 evals:28} comp{mvs:2 btracks:0} #w_updates:0 #perturb:0)
#22      0.04s best:8059  next:[6936,8058] ls_restart_decay_compound_perturb(batch:1 lin{mvs:0 evals:363} gen{mvs:112 evals:865} comp{mvs:24 btracks:44} #w_updates:0 #perturb:0) [combined with: ls_restart_compound_...]
#23      0.04s best:8045  next:[6944,8044] ls_restart_decay_perturb(batch:1 lin{mvs:10 evals:758} gen{mvs:186 evals:1'527} #w_updates:27 #perturb:0)
#24      0.04s best:8029  next:[6944,8028] ls_lin_restart_compound_perturb(batch:1 lin{mvs:0 evals:10} gen{mvs:3 evals:27} comp{mvs:3 btracks:0} #w_updates:0 #perturb:0)
#25      0.05s best:8005  next:[7000,8004] graph_cst_lns (d=7.07e-01 s=108 t=0.10 p=1.00 stall=0 h=base)
#26      0.05s best:7984  next:[7004,7983] ls_lin_restart_decay_compound(batch:1 lin{mvs:0 evals:9} gen{mvs:3 evals:22} comp{mvs:3 btracks:0} #w_updates:0 #perturb:0)
#27      0.05s best:7888  next:[7009,7887] ls_restart_decay(batch:1 lin{mvs:8 evals:1'533} gen{mvs:1'079 evals:7'034} #w_updates:138 #perturb:0)
#28      0.05s best:7887  next:[7009,7886] ls_restart_decay_compound(batch:1 lin{mvs:0 evals:56} gen{mvs:13 evals:56} comp{mvs:9 btracks:2} #w_updates:0 #perturb:0)
#29      0.05s best:7875  next:[7009,7874] ls_restart_perturb(batch:1 lin{mvs:4 evals:161} gen{mvs:25 evals:121} #w_updates:6 #perturb:0)
#30      0.06s best:7874  next:[7009,7873] ls_restart_compound(batch:1 lin{mvs:0 evals:36} gen{mvs:7 evals:33} comp{mvs:7 btracks:0} #w_updates:0 #perturb:0)
#31      0.06s best:7873  next:[7009,7872] ls_restart_compound_perturb(batch:1 lin{mvs:0 evals:23} gen{mvs:5 evals:20} comp{mvs:5 btracks:0} #w_updates:0 #perturb:0)
#32      0.06s best:7102  next:[7009,7101] core
#Done    0.10s default_lp
#Bound   0.09s best:7102  next:[7041,7101] bool_core (num_cores=16 [size:1 mw:1] a=60 d=2 fixed=293/924 clauses=5'161) [skipped_logs=115]

Task timing                                  n [     min,      max]      avg      dev     time         n [     min,      max]      avg      dev    dtime
                             'core':         1 [ 99.45ms,  99.45ms]  99.45ms   0.00ns  99.45ms         1 [ 12.83ms,  12.83ms]  12.83ms   0.00ns  12.83ms
                       'default_lp':         1 [ 89.45ms,  89.45ms]  89.45ms   0.00ns  89.45ms         1 [ 16.77ms,  16.77ms]  16.77ms   0.00ns  16.77ms
                 'feasibility_pump':       118 [ 56.48us, 974.87us] 127.96us 118.20us  15.10ms       115 [ 30.07us, 356.93us]  33.43us  30.55us   3.84ms
                            'fixed':         1 [ 91.43ms,  91.43ms]  91.43ms   0.00ns  91.43ms         1 [ 18.78ms,  18.78ms]  18.78ms   0.00ns  18.78ms
                               'fj':         0 [  0.00ns,   0.00ns]   0.00ns   0.00ns   0.00ns         0 [  0.00ns,   0.00ns]   0.00ns   0.00ns   0.00ns
                               'fj':         0 [  0.00ns,   0.00ns]   0.00ns   0.00ns   0.00ns         0 [  0.00ns,   0.00ns]   0.00ns   0.00ns   0.00ns
                               'fj':         0 [  0.00ns,   0.00ns]   0.00ns   0.00ns   0.00ns         0 [  0.00ns,   0.00ns]   0.00ns   0.00ns   0.00ns
                               'fj':         0 [  0.00ns,   0.00ns]   0.00ns   0.00ns   0.00ns         0 [  0.00ns,   0.00ns]   0.00ns   0.00ns   0.00ns
                               'fj':         0 [  0.00ns,   0.00ns]   0.00ns   0.00ns   0.00ns         0 [  0.00ns,   0.00ns]   0.00ns   0.00ns   0.00ns
                               'fj':         0 [  0.00ns,   0.00ns]   0.00ns   0.00ns   0.00ns         0 [  0.00ns,   0.00ns]   0.00ns   0.00ns   0.00ns
                               'fj':         0 [  0.00ns,   0.00ns]   0.00ns   0.00ns   0.00ns         0 [  0.00ns,   0.00ns]   0.00ns   0.00ns   0.00ns
                               'fj':         0 [  0.00ns,   0.00ns]   0.00ns   0.00ns   0.00ns         0 [  0.00ns,   0.00ns]   0.00ns   0.00ns   0.00ns
                               'fj':         0 [  0.00ns,   0.00ns]   0.00ns   0.00ns   0.00ns         0 [  0.00ns,   0.00ns]   0.00ns   0.00ns   0.00ns
                               'fj':         0 [  0.00ns,   0.00ns]   0.00ns   0.00ns   0.00ns         0 [  0.00ns,   0.00ns]   0.00ns   0.00ns   0.00ns
                               'fj':         0 [  0.00ns,   0.00ns]   0.00ns   0.00ns   0.00ns         0 [  0.00ns,   0.00ns]   0.00ns   0.00ns   0.00ns
                               'fj':         0 [  0.00ns,   0.00ns]   0.00ns   0.00ns   0.00ns         0 [  0.00ns,   0.00ns]   0.00ns   0.00ns   0.00ns
                               'fj':         0 [  0.00ns,   0.00ns]   0.00ns   0.00ns   0.00ns         0 [  0.00ns,   0.00ns]   0.00ns   0.00ns   0.00ns
                               'fj':         0 [  0.00ns,   0.00ns]   0.00ns   0.00ns   0.00ns         0 [  0.00ns,   0.00ns]   0.00ns   0.00ns   0.00ns
                               'fj':         0 [  0.00ns,   0.00ns]   0.00ns   0.00ns   0.00ns         0 [  0.00ns,   0.00ns]   0.00ns   0.00ns   0.00ns
                               'fj':         0 [  0.00ns,   0.00ns]   0.00ns   0.00ns   0.00ns         0 [  0.00ns,   0.00ns]   0.00ns   0.00ns   0.00ns
                               'fj':         0 [  0.00ns,   0.00ns]   0.00ns   0.00ns   0.00ns         0 [  0.00ns,   0.00ns]   0.00ns   0.00ns   0.00ns
                               'fj':         0 [  0.00ns,   0.00ns]   0.00ns   0.00ns   0.00ns         0 [  0.00ns,   0.00ns]   0.00ns   0.00ns   0.00ns
                               'fj':         0 [  0.00ns,   0.00ns]   0.00ns   0.00ns   0.00ns         0 [  0.00ns,   0.00ns]   0.00ns   0.00ns   0.00ns
                               'fj':         0 [  0.00ns,   0.00ns]   0.00ns   0.00ns   0.00ns         0 [  0.00ns,   0.00ns]   0.00ns   0.00ns   0.00ns
                               'fj':         0 [  0.00ns,   0.00ns]   0.00ns   0.00ns   0.00ns         0 [  0.00ns,   0.00ns]   0.00ns   0.00ns   0.00ns
                               'fj':         0 [  0.00ns,   0.00ns]   0.00ns   0.00ns   0.00ns         0 [  0.00ns,   0.00ns]   0.00ns   0.00ns   0.00ns
                               'fj':         0 [  0.00ns,   0.00ns]   0.00ns   0.00ns   0.00ns         0 [  0.00ns,   0.00ns]   0.00ns   0.00ns   0.00ns
                               'fj':         0 [  0.00ns,   0.00ns]   0.00ns   0.00ns   0.00ns         0 [  0.00ns,   0.00ns]   0.00ns   0.00ns   0.00ns
                               'fj':         0 [  0.00ns,   0.00ns]   0.00ns   0.00ns   0.00ns         0 [  0.00ns,   0.00ns]   0.00ns   0.00ns   0.00ns
                           'fj_lin':         0 [  0.00ns,   0.00ns]   0.00ns   0.00ns   0.00ns         0 [  0.00ns,   0.00ns]   0.00ns   0.00ns   0.00ns
                           'fj_lin':         0 [  0.00ns,   0.00ns]   0.00ns   0.00ns   0.00ns         0 [  0.00ns,   0.00ns]   0.00ns   0.00ns   0.00ns
                           'fj_lin':         0 [  0.00ns,   0.00ns]   0.00ns   0.00ns   0.00ns         0 [  0.00ns,   0.00ns]   0.00ns   0.00ns   0.00ns
                           'fj_lin':         0 [  0.00ns,   0.00ns]   0.00ns   0.00ns   0.00ns         0 [  0.00ns,   0.00ns]   0.00ns   0.00ns   0.00ns
                           'fj_lin':         0 [  0.00ns,   0.00ns]   0.00ns   0.00ns   0.00ns         0 [  0.00ns,   0.00ns]   0.00ns   0.00ns   0.00ns
                           'fj_lin':         0 [  0.00ns,   0.00ns]   0.00ns   0.00ns   0.00ns         0 [  0.00ns,   0.00ns]   0.00ns   0.00ns   0.00ns
                           'fj_lin':         0 [  0.00ns,   0.00ns]   0.00ns   0.00ns   0.00ns         0 [  0.00ns,   0.00ns]   0.00ns   0.00ns   0.00ns
                           'fj_lin':         0 [  0.00ns,   0.00ns]   0.00ns   0.00ns   0.00ns         0 [  0.00ns,   0.00ns]   0.00ns   0.00ns   0.00ns
                           'fj_lin':         0 [  0.00ns,   0.00ns]   0.00ns   0.00ns   0.00ns         0 [  0.00ns,   0.00ns]   0.00ns   0.00ns   0.00ns
                           'fj_lin':         0 [  0.00ns,   0.00ns]   0.00ns   0.00ns   0.00ns         0 [  0.00ns,   0.00ns]   0.00ns   0.00ns   0.00ns
                           'fj_lin':         0 [  0.00ns,   0.00ns]   0.00ns   0.00ns   0.00ns         0 [  0.00ns,   0.00ns]   0.00ns   0.00ns   0.00ns
                           'fj_lin':         0 [  0.00ns,   0.00ns]   0.00ns   0.00ns   0.00ns         0 [  0.00ns,   0.00ns]   0.00ns   0.00ns   0.00ns
                        'fs_random':         0 [  0.00ns,   0.00ns]   0.00ns   0.00ns   0.00ns         0 [  0.00ns,   0.00ns]   0.00ns   0.00ns   0.00ns
                        'fs_random':         0 [  0.00ns,   0.00ns]   0.00ns   0.00ns   0.00ns         0 [  0.00ns,   0.00ns]   0.00ns   0.00ns   0.00ns
                        'fs_random':         0 [  0.00ns,   0.00ns]   0.00ns   0.00ns   0.00ns         0 [  0.00ns,   0.00ns]   0.00ns   0.00ns   0.00ns
                        'fs_random':         0 [  0.00ns,   0.00ns]   0.00ns   0.00ns   0.00ns         0 [  0.00ns,   0.00ns]   0.00ns   0.00ns   0.00ns
                        'fs_random':         0 [  0.00ns,   0.00ns]   0.00ns   0.00ns   0.00ns         0 [  0.00ns,   0.00ns]   0.00ns   0.00ns   0.00ns
                        'fs_random':         0 [  0.00ns,   0.00ns]   0.00ns   0.00ns   0.00ns         0 [  0.00ns,   0.00ns]   0.00ns   0.00ns   0.00ns
                        'fs_random':         0 [  0.00ns,   0.00ns]   0.00ns   0.00ns   0.00ns         0 [  0.00ns,   0.00ns]   0.00ns   0.00ns   0.00ns
                        'fs_random':         0 [  0.00ns,   0.00ns]   0.00ns   0.00ns   0.00ns         0 [  0.00ns,   0.00ns]   0.00ns   0.00ns   0.00ns
                        'fs_random':         0 [  0.00ns,   0.00ns]   0.00ns   0.00ns   0.00ns         0 [  0.00ns,   0.00ns]   0.00ns   0.00ns   0.00ns
                        'fs_random':         0 [  0.00ns,   0.00ns]   0.00ns   0.00ns   0.00ns         0 [  0.00ns,   0.00ns]   0.00ns   0.00ns   0.00ns
                        'fs_random':         0 [  0.00ns,   0.00ns]   0.00ns   0.00ns   0.00ns         0 [  0.00ns,   0.00ns]   0.00ns   0.00ns   0.00ns
                        'fs_random':         0 [  0.00ns,   0.00ns]   0.00ns   0.00ns   0.00ns         0 [  0.00ns,   0.00ns]   0.00ns   0.00ns   0.00ns
                  'fs_random_no_lp':         0 [  0.00ns,   0.00ns]   0.00ns   0.00ns   0.00ns         0 [  0.00ns,   0.00ns]   0.00ns   0.00ns   0.00ns
                  'fs_random_no_lp':         0 [  0.00ns,   0.00ns]   0.00ns   0.00ns   0.00ns         0 [  0.00ns,   0.00ns]   0.00ns   0.00ns   0.00ns
                  'fs_random_no_lp':         0 [  0.00ns,   0.00ns]   0.00ns   0.00ns   0.00ns         0 [  0.00ns,   0.00ns]   0.00ns   0.00ns   0.00ns
                  'fs_random_no_lp':         0 [  0.00ns,   0.00ns]   0.00ns   0.00ns   0.00ns         0 [  0.00ns,   0.00ns]   0.00ns   0.00ns   0.00ns
                  'fs_random_no_lp':         0 [  0.00ns,   0.00ns]   0.00ns   0.00ns   0.00ns         0 [  0.00ns,   0.00ns]   0.00ns   0.00ns   0.00ns
                  'fs_random_no_lp':         0 [  0.00ns,   0.00ns]   0.00ns   0.00ns   0.00ns         0 [  0.00ns,   0.00ns]   0.00ns   0.00ns   0.00ns
                  'fs_random_no_lp':         0 [  0.00ns,   0.00ns]   0.00ns   0.00ns   0.00ns         0 [  0.00ns,   0.00ns]   0.00ns   0.00ns   0.00ns
                  'fs_random_no_lp':         0 [  0.00ns,   0.00ns]   0.00ns   0.00ns   0.00ns         0 [  0.00ns,   0.00ns]   0.00ns   0.00ns   0.00ns
                  'fs_random_no_lp':         0 [  0.00ns,   0.00ns]   0.00ns   0.00ns   0.00ns         0 [  0.00ns,   0.00ns]   0.00ns   0.00ns   0.00ns
                  'fs_random_no_lp':         0 [  0.00ns,   0.00ns]   0.00ns   0.00ns   0.00ns         0 [  0.00ns,   0.00ns]   0.00ns   0.00ns   0.00ns
                  'fs_random_no_lp':         0 [  0.00ns,   0.00ns]   0.00ns   0.00ns   0.00ns         0 [  0.00ns,   0.00ns]   0.00ns   0.00ns   0.00ns
                  'fs_random_no_lp':         0 [  0.00ns,   0.00ns]   0.00ns   0.00ns   0.00ns         0 [  0.00ns,   0.00ns]   0.00ns   0.00ns   0.00ns
                  'fs_random_no_lp':         0 [  0.00ns,   0.00ns]   0.00ns   0.00ns   0.00ns         0 [  0.00ns,   0.00ns]   0.00ns   0.00ns   0.00ns
          'fs_random_quick_restart':         0 [  0.00ns,   0.00ns]   0.00ns   0.00ns   0.00ns         0 [  0.00ns,   0.00ns]   0.00ns   0.00ns   0.00ns
          'fs_random_quick_restart':         0 [  0.00ns,   0.00ns]   0.00ns   0.00ns   0.00ns         0 [  0.00ns,   0.00ns]   0.00ns   0.00ns   0.00ns
          'fs_random_quick_restart':         0 [  0.00ns,   0.00ns]   0.00ns   0.00ns   0.00ns         0 [  0.00ns,   0.00ns]   0.00ns   0.00ns   0.00ns
          'fs_random_quick_restart':         0 [  0.00ns,   0.00ns]   0.00ns   0.00ns   0.00ns         0 [  0.00ns,   0.00ns]   0.00ns   0.00ns   0.00ns
          'fs_random_quick_restart':         0 [  0.00ns,   0.00ns]   0.00ns   0.00ns   0.00ns         0 [  0.00ns,   0.00ns]   0.00ns   0.00ns   0.00ns
          'fs_random_quick_restart':         0 [  0.00ns,   0.00ns]   0.00ns   0.00ns   0.00ns         0 [  0.00ns,   0.00ns]   0.00ns   0.00ns   0.00ns
          'fs_random_quick_restart':         0 [  0.00ns,   0.00ns]   0.00ns   0.00ns   0.00ns         0 [  0.00ns,   0.00ns]   0.00ns   0.00ns   0.00ns
          'fs_random_quick_restart':         0 [  0.00ns,   0.00ns]   0.00ns   0.00ns   0.00ns         0 [  0.00ns,   0.00ns]   0.00ns   0.00ns   0.00ns
          'fs_random_quick_restart':         0 [  0.00ns,   0.00ns]   0.00ns   0.00ns   0.00ns         0 [  0.00ns,   0.00ns]   0.00ns   0.00ns   0.00ns
          'fs_random_quick_restart':         0 [  0.00ns,   0.00ns]   0.00ns   0.00ns   0.00ns         0 [  0.00ns,   0.00ns]   0.00ns   0.00ns   0.00ns
          'fs_random_quick_restart':         0 [  0.00ns,   0.00ns]   0.00ns   0.00ns   0.00ns         0 [  0.00ns,   0.00ns]   0.00ns   0.00ns   0.00ns
          'fs_random_quick_restart':         0 [  0.00ns,   0.00ns]   0.00ns   0.00ns   0.00ns         0 [  0.00ns,   0.00ns]   0.00ns   0.00ns   0.00ns
    'fs_random_quick_restart_no_lp':         0 [  0.00ns,   0.00ns]   0.00ns   0.00ns   0.00ns         0 [  0.00ns,   0.00ns]   0.00ns   0.00ns   0.00ns
    'fs_random_quick_restart_no_lp':         0 [  0.00ns,   0.00ns]   0.00ns   0.00ns   0.00ns         0 [  0.00ns,   0.00ns]   0.00ns   0.00ns   0.00ns
    'fs_random_quick_restart_no_lp':         0 [  0.00ns,   0.00ns]   0.00ns   0.00ns   0.00ns         0 [  0.00ns,   0.00ns]   0.00ns   0.00ns   0.00ns
    'fs_random_quick_restart_no_lp':         0 [  0.00ns,   0.00ns]   0.00ns   0.00ns   0.00ns         0 [  0.00ns,   0.00ns]   0.00ns   0.00ns   0.00ns
    'fs_random_quick_restart_no_lp':         0 [  0.00ns,   0.00ns]   0.00ns   0.00ns   0.00ns         0 [  0.00ns,   0.00ns]   0.00ns   0.00ns   0.00ns
    'fs_random_quick_restart_no_lp':         0 [  0.00ns,   0.00ns]   0.00ns   0.00ns   0.00ns         0 [  0.00ns,   0.00ns]   0.00ns   0.00ns   0.00ns
    'fs_random_quick_restart_no_lp':         0 [  0.00ns,   0.00ns]   0.00ns   0.00ns   0.00ns         0 [  0.00ns,   0.00ns]   0.00ns   0.00ns   0.00ns
    'fs_random_quick_restart_no_lp':         0 [  0.00ns,   0.00ns]   0.00ns   0.00ns   0.00ns         0 [  0.00ns,   0.00ns]   0.00ns   0.00ns   0.00ns
    'fs_random_quick_restart_no_lp':         0 [  0.00ns,   0.00ns]   0.00ns   0.00ns   0.00ns         0 [  0.00ns,   0.00ns]   0.00ns   0.00ns   0.00ns
    'fs_random_quick_restart_no_lp':         0 [  0.00ns,   0.00ns]   0.00ns   0.00ns   0.00ns         0 [  0.00ns,   0.00ns]   0.00ns   0.00ns   0.00ns
    'fs_random_quick_restart_no_lp':         0 [  0.00ns,   0.00ns]   0.00ns   0.00ns   0.00ns         0 [  0.00ns,   0.00ns]   0.00ns   0.00ns   0.00ns
    'fs_random_quick_restart_no_lp':         0 [  0.00ns,   0.00ns]   0.00ns   0.00ns   0.00ns         0 [  0.00ns,   0.00ns]   0.00ns   0.00ns   0.00ns
                    'graph_arc_lns':         7 [  5.75ms,  55.30ms]  28.67ms  19.44ms 200.66ms         7 [116.50us,   4.34ms]   2.09ms   1.56ms  14.65ms
                    'graph_cst_lns':         7 [  7.27ms,  65.32ms]  36.65ms  22.70ms 256.57ms         7 [169.65us,   7.24ms]   3.20ms   2.53ms  22.42ms
                    'graph_dec_lns':         9 [  1.96ms,  61.26ms]  19.24ms  18.38ms 173.12ms         9 [ 22.96us,   4.46ms]   1.34ms   1.40ms  12.08ms
                    'graph_var_lns':         7 [  3.08ms,  75.82ms]  27.27ms  27.93ms 190.90ms         7 [ 51.65us,   4.94ms]   1.91ms   1.80ms  13.37ms
                     'lb_relax_lns':         9 [172.68us,  57.12ms]  22.89ms  24.53ms 205.99ms         5 [589.40us,   3.97ms]   2.72ms   1.28ms  13.59ms
                   'lb_tree_search':         1 [ 98.51ms,  98.51ms]  98.51ms   0.00ns  98.51ms         1 [  1.83ms,   1.83ms]   1.83ms   0.00ns   1.83ms
                               'ls':         2 [ 26.81ms,  50.67ms]  38.74ms  11.93ms  77.48ms         2 [ 55.93ms, 100.05ms]  77.99ms  22.06ms 155.99ms
                               'ls':         2 [ 30.28ms,  45.00ms]  37.64ms   7.36ms  75.28ms         2 [ 74.41ms, 100.09ms]  87.25ms  12.84ms 174.50ms
                               'ls':         3 [  1.17ms,  55.22ms]  23.07ms  23.22ms  69.21ms         3 [  1.78ms, 100.07ms]  36.66ms  44.91ms 109.99ms
                               'ls':         3 [  1.28ms,  47.02ms]  23.50ms  18.70ms  70.51ms         3 [  2.28ms, 100.04ms]  41.43ms  42.22ms 124.30ms
                               'ls':         3 [  1.64ms,  53.61ms]  22.42ms  22.46ms  67.26ms         3 [  1.84ms,  93.50ms]  45.14ms  37.59ms 135.42ms
                               'ls':         3 [  3.46ms,  47.41ms]  24.61ms  17.98ms  73.82ms         3 [  5.11ms,  59.47ms]  34.63ms  22.44ms 103.90ms
                               'ls':         3 [  7.35ms,  36.71ms]  25.33ms  12.86ms  75.99ms         3 [ 24.55ms, 100.05ms]  56.11ms  32.04ms 168.34ms
                               'ls':         3 [ 12.61ms,  38.71ms]  26.27ms  10.69ms  78.80ms         3 [  9.43ms, 100.05ms]  56.25ms  37.06ms 168.75ms
                               'ls':         3 [ 14.64ms,  45.22ms]  26.68ms  13.30ms  80.03ms         3 [ 18.86ms,  70.73ms]  42.05ms  21.53ms 126.14ms
                               'ls':         3 [297.68us,  61.61ms]  21.00ms  28.72ms  62.99ms         3 [479.83us,  93.08ms]  31.45ms  43.58ms  94.36ms
                               'ls':         3 [530.37us,  57.57ms]  23.74ms  24.46ms  71.22ms         3 [368.36us,  91.06ms]  44.13ms  37.09ms 132.38ms
                               'ls':         3 [558.50us,  44.26ms]  22.71ms  17.85ms  68.13ms         2 [ 42.33ms, 100.06ms]  71.19ms  28.87ms 142.39ms
                               'ls':         4 [  1.60ms,  31.52ms]  16.52ms  14.36ms  66.08ms         4 [  3.74ms, 100.04ms]  47.10ms  42.27ms 188.39ms
                               'ls':         4 [  2.65ms,  35.17ms]  17.46ms  13.97ms  69.84ms         4 [  6.88ms, 100.03ms]  36.41ms  37.96ms 145.63ms
                               'ls':         4 [328.88us,  56.15ms]  16.55ms  23.06ms  66.19ms         4 [475.65us, 100.07ms]  27.18ms  42.11ms 108.72ms
                               'ls':         4 [507.37us,  35.21ms]  15.97ms  15.53ms  63.90ms         3 [  2.04ms, 100.10ms]  55.16ms  40.45ms 165.47ms
                               'ls':         4 [959.65us,  49.83ms]  16.46ms  19.77ms  65.82ms         4 [769.66us, 100.02ms]  30.14ms  40.57ms 120.57ms
                               'ls':         6 [171.34us,  40.79ms]  11.42ms  14.05ms  68.52ms         6 [110.74us,  82.80ms]  23.74ms  27.94ms 142.43ms
                               'ls':        10 [100.19us,  31.11ms]   6.65ms  10.08ms  66.52ms         9 [170.98us, 100.03ms]  19.55ms  31.88ms 175.97ms
                           'ls_lin':         2 [  8.60ms,  64.15ms]  36.38ms  27.77ms  72.76ms         2 [  9.90ms, 100.05ms]  54.97ms  45.08ms 109.95ms
                           'ls_lin':         2 [ 12.97ms,  60.72ms]  36.84ms  23.87ms  73.68ms         2 [ 16.35ms, 100.10ms]  58.22ms  41.87ms 116.45ms
                           'ls_lin':         2 [ 19.84ms,  51.52ms]  35.68ms  15.84ms  71.35ms         2 [ 36.81ms,  84.72ms]  60.76ms  23.95ms 121.52ms
                           'ls_lin':         3 [ 18.20ms,  28.24ms]  24.13ms   4.30ms  72.39ms         3 [ 28.83ms,  44.64ms]  35.06ms   6.87ms 105.19ms
                           'ls_lin':         3 [443.28us,  58.15ms]  22.90ms  25.24ms  68.71ms         3 [145.56us, 100.12ms]  35.27ms  45.91ms 105.80ms
                           'ls_lin':         4 [  5.71ms,  41.51ms]  18.34ms  14.56ms  73.38ms         4 [  9.39ms, 100.03ms]  35.62ms  37.60ms 142.48ms
                           'ls_lin':         4 [130.42us,  52.60ms]  15.96ms  21.56ms  63.83ms         3 [590.76us, 100.01ms]  38.10ms  44.11ms 114.29ms
                           'ls_lin':         4 [141.43us,  55.75ms]  18.65ms  21.85ms  74.60ms         4 [131.40us,  71.00ms]  31.09ms  26.76ms 124.35ms
                           'ls_lin':         4 [204.97us,  40.21ms]  17.46ms  16.47ms  69.83ms         4 [156.49us, 100.09ms]  38.37ms  40.43ms 153.49ms
                           'ls_lin':         4 [476.52us,  31.80ms]  15.82ms  14.94ms  63.26ms         3 [  1.94ms, 100.05ms]  56.80ms  40.88ms 170.41ms
                           'max_lp':         1 [ 88.62ms,  88.62ms]  88.62ms   0.00ns  88.62ms         0 [  0.00ns,   0.00ns]   0.00ns   0.00ns   0.00ns
                            'no_lp':         1 [ 97.10ms,  97.10ms]  97.10ms   0.00ns  97.10ms         1 [ 14.97ms,  14.97ms]  14.97ms   0.00ns  14.97ms
              'objective_lb_search':         1 [ 90.01ms,  90.01ms]  90.01ms   0.00ns  90.01ms         1 [ 22.60ms,  22.60ms]  22.60ms   0.00ns  22.60ms
       'objective_lb_search_max_lp':         1 [ 96.97ms,  96.97ms]  96.97ms   0.00ns  96.97ms         1 [  1.68ms,   1.68ms]   1.68ms   0.00ns   1.68ms
        'objective_lb_search_no_lp':         1 [ 89.34ms,  89.34ms]  89.34ms   0.00ns  89.34ms         1 [ 16.52ms,  16.52ms]  16.52ms   0.00ns  16.52ms
         'objective_shaving_max_lp':        22 [259.34us,  14.57ms]   3.16ms   3.72ms  69.42ms         8 [  1.98us,  71.34us]  50.66us  24.59us 405.26us
          'objective_shaving_no_lp':        24 [376.43us,  10.92ms]   2.89ms   3.18ms  69.26ms         6 [  1.99us,  71.27us]  50.57us  25.85us 303.43us
                          'probing':         1 [ 98.52ms,  98.52ms]  98.52ms   0.00ns  98.52ms         1 [  2.37ms,   2.37ms]   2.37ms   0.00ns   2.37ms
                   'probing_max_lp':         1 [ 97.64ms,  97.64ms]  97.64ms   0.00ns  97.64ms         1 [  1.20ms,   1.20ms]   1.20ms   0.00ns   1.20ms
                    'probing_no_lp':         1 [ 97.46ms,  97.46ms]  97.46ms   0.00ns  97.46ms         1 [  3.89ms,   3.89ms]   3.89ms   0.00ns   3.89ms
                     'pseudo_costs':         1 [ 98.89ms,  98.89ms]  98.89ms   0.00ns  98.89ms         1 [ 12.13ms,  12.13ms]  12.13ms   0.00ns  12.13ms
                    'quick_restart':         1 [ 91.09ms,  91.09ms]  91.09ms   0.00ns  91.09ms         1 [ 14.45ms,  14.45ms]  14.45ms   0.00ns  14.45ms
              'quick_restart_no_lp':         1 [ 97.73ms,  97.73ms]  97.73ms   0.00ns  97.73ms         1 [ 15.46ms,  15.46ms]  15.46ms   0.00ns  15.46ms
                    'reduced_costs':         1 [ 90.96ms,  90.96ms]  90.96ms   0.00ns  90.96ms         1 [  2.02ms,   2.02ms]   2.02ms   0.00ns   2.02ms
                        'rins/rens':         8 [ 59.71us,  57.48ms]  25.87ms  23.57ms 206.93ms         6 [103.70us,   3.84ms]   1.98ms   1.33ms  11.90ms
                      'rnd_cst_lns':         9 [  4.54ms,  91.00ms]  24.22ms  27.48ms 218.02ms         8 [ 38.87us,   7.06ms]   1.79ms   2.38ms  14.33ms
                      'rnd_var_lns':         8 [  2.68ms,  59.33ms]  21.80ms  20.65ms 174.43ms         8 [ 49.87us,  10.04ms]   2.61ms   3.29ms  20.90ms
         'scheduling_intervals_lns':         4 [ 56.09ms,  82.57ms]  66.09ms   9.93ms 264.35ms         4 [  2.95ms,   8.09ms]   5.14ms   2.01ms  20.57ms
       'scheduling_precedences_lns':         5 [ 15.58ms,  85.29ms]  52.49ms  24.69ms 262.45ms         5 [275.96us,   7.39ms]   3.79ms   2.27ms  18.93ms
  'scheduling_resource_windows_lns':         4 [ 50.23ms,  83.14ms]  65.47ms  11.77ms 261.88ms         4 [  5.98ms,  11.38ms]   7.92ms   2.06ms  31.67ms
       'scheduling_time_window_lns':         4 [ 53.65ms,  84.04ms]  65.98ms  11.14ms 263.91ms         4 [  4.97ms,   9.20ms]   6.30ms   1.70ms  25.19ms
                'variables_shaving':        40 [  4.92ms,  17.88ms]   9.14ms   3.07ms 365.44ms        38 [  5.45us, 334.36us] 155.30us  69.05us   5.90ms
         'variables_shaving_max_lp':         7 [ 24.02ms,  52.32ms]  33.79ms   9.41ms 236.50ms         7 [  3.99ms,   8.27ms]   6.17ms   1.28ms  43.20ms
          'variables_shaving_no_lp':        39 [  3.99ms,  40.24ms]   8.67ms   6.25ms 338.28ms        38 [ 10.83us,   4.15ms] 260.32us 645.33us   9.89ms

Search stats                        Bools  Conflicts  Branches  Restarts  BoolPropag  IntegerPropag
                           'core':    924        219     3'804       496      35'058         55'881
                     'default_lp':    577        155     2'302       713       9'039        128'948
                          'fixed':    673        235     1'639       378       7'299        153'940
                      'fs_random':      0          0         0         0           0              0
                      'fs_random':      0          0         0         0           0              0
                      'fs_random':      0          0         0         0           0              0
                      'fs_random':      0          0         0         0           0              0
                      'fs_random':      0          0         0         0           0              0
                      'fs_random':      0          0         0         0           0              0
                      'fs_random':      0          0         0         0           0              0
                      'fs_random':      0          0         0         0           0              0
                      'fs_random':      0          0         0         0           0              0
                      'fs_random':      0          0         0         0           0              0
                      'fs_random':      0          0         0         0           0              0
                      'fs_random':      0          0         0         0           0              0
                'fs_random_no_lp':      0          0         0         0           0              0
                'fs_random_no_lp':      0          0         0         0           0              0
                'fs_random_no_lp':      0          0         0         0           0              0
                'fs_random_no_lp':      0          0         0         0           0              0
                'fs_random_no_lp':      0          0         0         0           0              0
                'fs_random_no_lp':      0          0         0         0           0              0
                'fs_random_no_lp':      0          0         0         0           0              0
                'fs_random_no_lp':      0          0         0         0           0              0
                'fs_random_no_lp':      0          0         0         0           0              0
                'fs_random_no_lp':      0          0         0         0           0              0
                'fs_random_no_lp':      0          0         0         0           0              0
                'fs_random_no_lp':      0          0         0         0           0              0
                'fs_random_no_lp':      0          0         0         0           0              0
        'fs_random_quick_restart':      0          0         0         0           0              0
        'fs_random_quick_restart':      0          0         0         0           0              0
        'fs_random_quick_restart':      0          0         0         0           0              0
        'fs_random_quick_restart':      0          0         0         0           0              0
        'fs_random_quick_restart':      0          0         0         0           0              0
        'fs_random_quick_restart':      0          0         0         0           0              0
        'fs_random_quick_restart':      0          0         0         0           0              0
        'fs_random_quick_restart':      0          0         0         0           0              0
        'fs_random_quick_restart':      0          0         0         0           0              0
        'fs_random_quick_restart':      0          0         0         0           0              0
        'fs_random_quick_restart':      0          0         0         0           0              0
        'fs_random_quick_restart':      0          0         0         0           0              0
  'fs_random_quick_restart_no_lp':      0          0         0         0           0              0
  'fs_random_quick_restart_no_lp':      0          0         0         0           0              0
  'fs_random_quick_restart_no_lp':      0          0         0         0           0              0
  'fs_random_quick_restart_no_lp':      0          0         0         0           0              0
  'fs_random_quick_restart_no_lp':      0          0         0         0           0              0
  'fs_random_quick_restart_no_lp':      0          0         0         0           0              0
  'fs_random_quick_restart_no_lp':      0          0         0         0           0              0
  'fs_random_quick_restart_no_lp':      0          0         0         0           0              0
  'fs_random_quick_restart_no_lp':      0          0         0         0           0              0
  'fs_random_quick_restart_no_lp':      0          0         0         0           0              0
  'fs_random_quick_restart_no_lp':      0          0         0         0           0              0
  'fs_random_quick_restart_no_lp':      0          0         0         0           0              0
                 'lb_tree_search':  1'148          0     2'296     2'296         402         16'814
                         'max_lp':    313        112     1'141       442         996         53'351
                          'no_lp':    495        185     3'265       392       6'398        113'104
            'objective_lb_search':    596        410     1'481        69      13'630        185'419
     'objective_lb_search_max_lp':  1'149          0     2'296     2'296         400         16'800
      'objective_lb_search_no_lp':    299        207     1'885       298       4'193        135'890
                        'probing':  1'230         47     2'413     2'413       3'888         25'858
                 'probing_max_lp':  1'150          0     2'300     2'300          49         16'372
                  'probing_no_lp':  1'270         85     2'455     2'455       6'833         38'067
                   'pseudo_costs':    253          4       262         1         117          6'571
                  'quick_restart':    419        125     1'880       458       6'042        114'244
            'quick_restart_no_lp':    541         94     2'638       390       5'657        123'951
                  'reduced_costs':  1'153          0     2'301     2'296         409         16'835

SAT stats                           ClassicMinim  LitRemoved  LitLearned  LitForgotten  Subsumed  MClauses  MDecisions  MLitTrue  MSubsumed  MLitRemoved  MReused
                           'core':             4           6          25             0         0        94         188         0          0            0        0
                     'default_lp':           126         294       1'081             0         3        30           6         0          0            0      114
                          'fixed':            53          60       1'511             0         2         0           0         0          0            0        0
                      'fs_random':             0           0           0             0         0         0           0         0          0            0        0
                      'fs_random':             0           0           0             0         0         0           0         0          0            0        0
                      'fs_random':             0           0           0             0         0         0           0         0          0            0        0
                      'fs_random':             0           0           0             0         0         0           0         0          0            0        0
                      'fs_random':             0           0           0             0         0         0           0         0          0            0        0
                      'fs_random':             0           0           0             0         0         0           0         0          0            0        0
                      'fs_random':             0           0           0             0         0         0           0         0          0            0        0
                      'fs_random':             0           0           0             0         0         0           0         0          0            0        0
                      'fs_random':             0           0           0             0         0         0           0         0          0            0        0
                      'fs_random':             0           0           0             0         0         0           0         0          0            0        0
                      'fs_random':             0           0           0             0         0         0           0         0          0            0        0
                      'fs_random':             0           0           0             0         0         0           0         0          0            0        0
                'fs_random_no_lp':             0           0           0             0         0         0           0         0          0            0        0
                'fs_random_no_lp':             0           0           0             0         0         0           0         0          0            0        0
                'fs_random_no_lp':             0           0           0             0         0         0           0         0          0            0        0
                'fs_random_no_lp':             0           0           0             0         0         0           0         0          0            0        0
                'fs_random_no_lp':             0           0           0             0         0         0           0         0          0            0        0
                'fs_random_no_lp':             0           0           0             0         0         0           0         0          0            0        0
                'fs_random_no_lp':             0           0           0             0         0         0           0         0          0            0        0
                'fs_random_no_lp':             0           0           0             0         0         0           0         0          0            0        0
                'fs_random_no_lp':             0           0           0             0         0         0           0         0          0            0        0
                'fs_random_no_lp':             0           0           0             0         0         0           0         0          0            0        0
                'fs_random_no_lp':             0           0           0             0         0         0           0         0          0            0        0
                'fs_random_no_lp':             0           0           0             0         0         0           0         0          0            0        0
                'fs_random_no_lp':             0           0           0             0         0         0           0         0          0            0        0
        'fs_random_quick_restart':             0           0           0             0         0         0           0         0          0            0        0
        'fs_random_quick_restart':             0           0           0             0         0         0           0         0          0            0        0
        'fs_random_quick_restart':             0           0           0             0         0         0           0         0          0            0        0
        'fs_random_quick_restart':             0           0           0             0         0         0           0         0          0            0        0
        'fs_random_quick_restart':             0           0           0             0         0         0           0         0          0            0        0
        'fs_random_quick_restart':             0           0           0             0         0         0           0         0          0            0        0
        'fs_random_quick_restart':             0           0           0             0         0         0           0         0          0            0        0
        'fs_random_quick_restart':             0           0           0             0         0         0           0         0          0            0        0
        'fs_random_quick_restart':             0           0           0             0         0         0           0         0          0            0        0
        'fs_random_quick_restart':             0           0           0             0         0         0           0         0          0            0        0
        'fs_random_quick_restart':             0           0           0             0         0         0           0         0          0            0        0
        'fs_random_quick_restart':             0           0           0             0         0         0           0         0          0            0        0
  'fs_random_quick_restart_no_lp':             0           0           0             0         0         0           0         0          0            0        0
  'fs_random_quick_restart_no_lp':             0           0           0             0         0         0           0         0          0            0        0
  'fs_random_quick_restart_no_lp':             0           0           0             0         0         0           0         0          0            0        0
  'fs_random_quick_restart_no_lp':             0           0           0             0         0         0           0         0          0            0        0
  'fs_random_quick_restart_no_lp':             0           0           0             0         0         0           0         0          0            0        0
  'fs_random_quick_restart_no_lp':             0           0           0             0         0         0           0         0          0            0        0
  'fs_random_quick_restart_no_lp':             0           0           0             0         0         0           0         0          0            0        0
  'fs_random_quick_restart_no_lp':             0           0           0             0         0         0           0         0          0            0        0
  'fs_random_quick_restart_no_lp':             0           0           0             0         0         0           0         0          0            0        0
  'fs_random_quick_restart_no_lp':             0           0           0             0         0         0           0         0          0            0        0
  'fs_random_quick_restart_no_lp':             0           0           0             0         0         0           0         0          0            0        0
  'fs_random_quick_restart_no_lp':             0           0           0             0         0         0           0         0          0            0        0
                 'lb_tree_search':             0           0           0             0         0         0           0         0          0            0        0
                         'max_lp':            31          35         942             0         2         1           2         0          0            3        0
                          'no_lp':           171         823       3'622             0         0         0           0         0          0            0        0
            'objective_lb_search':           348         698       2'449             0         1        65          74         0         26           78       39
     'objective_lb_search_max_lp':             0           0           0             0         0         0           0         0          0            0        0
      'objective_lb_search_no_lp':           182         730       1'804             0         1         0           0         0          0            0        0
                        'probing':             0           0          47             0         0         0           0         0          0            0        0
                 'probing_max_lp':             0           0           0             0         0         0           0         0          0            0        0
                  'probing_no_lp':             0           0          85             0         0         0           0         0          0            0        0
                   'pseudo_costs':             0           0          48             0         0         0           0         0          0            0        0
                  'quick_restart':            46         134       1'432             0         0         0           0         0          0            0        0
            'quick_restart_no_lp':            81         270       1'372             0         0         0           0         0          0            0        0
                  'reduced_costs':             0           0           0             0         0         0           0         0          0            0        0

Lp stats                         Component  Iterations  AddedCuts  OPTIMAL  DUAL_F.  DUAL_U.
                  'default_lp':         20          78          0    1'487        0        0
                       'fixed':         20          56          0    1'706        0        0
              'lb_tree_search':          1         211        272       10        0        0
                      'max_lp':          1         568        291      271        1        0
         'objective_lb_search':         20          32          0    1'596        0        0
  'objective_lb_search_max_lp':          1         239        434       13        0        0
                     'probing':         20          36          0    6'449        0        0
              'probing_max_lp':          1         181        193       10        0        0
                'pseudo_costs':          1         612        636      159        2        0
               'quick_restart':         20          97          0    3'971        0        0
               'reduced_costs':          1         252        446       14        0        0

Lp dimension                      Final dimension of first component
                  'default_lp':         2 rows, 5 columns, 4 entries
                       'fixed':         2 rows, 5 columns, 4 entries
              'lb_tree_search':  337 rows, 207 columns, 1141 entries
                      'max_lp':   185 rows, 207 columns, 579 entries
         'objective_lb_search':         2 rows, 5 columns, 4 entries
  'objective_lb_search_max_lp':  279 rows, 207 columns, 1084 entries
                     'probing':         1 rows, 5 columns, 2 entries
              'probing_max_lp':   324 rows, 207 columns, 983 entries
                'pseudo_costs':   261 rows, 207 columns, 963 entries
               'quick_restart':         1 rows, 5 columns, 2 entries
               'reduced_costs':  295 rows, 207 columns, 1160 entries

Lp debug                         CutPropag  CutEqPropag  Adjust  Overflow    Bad  BadScaling
                  'default_lp':          0            0       0         0      0           0
                       'fixed':          0            0       0         0      0           0
              'lb_tree_search':          0            0       3         0  1'685           0
                      'max_lp':          0            0      29         0  3'817           0
         'objective_lb_search':          0            0       0         0      0           0
  'objective_lb_search_max_lp':          0            9       0         0    711           0
                     'probing':          0            0       0         0      0           0
              'probing_max_lp':          0            0       7         0  2'510           0
                'pseudo_costs':          0            0      20         0  3'063           0
               'quick_restart':          0            0       0         0      0           0
               'reduced_costs':          0            0       0         0    811           0

Lp pool                          Constraints  Updates  Simplif  Merged  Shortened  Split  Strenghtened  Cuts/Call
                  'default_lp':          209        0       61       0          0      0             0        0/0
                       'fixed':          209        0       15       0          0      0             0        0/0
              'lb_tree_search':          475      349      135       6          0      0             1    272/442
                      'max_lp':          484      643      164      16          0      0             2  291/1'992
         'objective_lb_search':          209        0        2       0          0      0             0        0/0
  'objective_lb_search_max_lp':          621      138      270      22          0      0             2    434/697
                     'probing':          209        0       39       0          0      0             0        0/0
              'probing_max_lp':          402        0        0       0          0      0             0    193/334
                'pseudo_costs':          776      615      584      69          0      0             5  636/1'577
               'quick_restart':          209        0      357       0          0      0             2        0/0
               'reduced_costs':          635      129      296      20          0      0             3    446/710

Lp Cut                                                max_lp  reduced_costs  pseudo_costs  lb_tree_search  probing_max_lp  objective_lb_search_max_lp
                                               CG_K:       -              6             7               -               -                           4
                                               CG_R:       5             14            15               4               4                           6
                                            MIR_1_K:       1              9            12               -               -                           6
                                            MIR_1_R:       2              8            12               2               1                           7
                                            MIR_2_K:       -              -             1               -               -                           -
                                            MIR_2_R:       -              -             2               -               -                           -
                                            MIR_3_R:       -              -             1               -               -                           -
                                            MIR_5_R:       1              -             1               -               -                           -
                                            MIR_6_R:       -              -             1               -               -                           -
                  NoOverlapCompletionTimeExhaustive:      16             18            49              20              11                          18
           NoOverlapCompletionTimeExhaustive_lifted:      23             36            47              16              13                          31
  NoOverlapCompletionTimeExhaustive_lifted_weighted:      34             49            78              32              27                          52
         NoOverlapCompletionTimeExhaustive_weighted:      26             38            46              28              14                          44
                    NoOverlapCompletionTimeQueyrane:      32             45            74              32              18                          48
             NoOverlapCompletionTimeQueyrane_lifted:      67             91           138              56              45                          93
                        NoOverlapDetectedPrecedence:       -              5             4               2               -                           5
                        NoOverlapDisjunctionOnStart:      83            126           145              78              60                         117
                                        ZERO_HALF_R:       1              1             3               2               -                           3

LNS stats                             Improv/Calls  Closed  Difficulty  TimeLimit
                    'graph_arc_lns':           5/7     71%    8.87e-01       0.10
                    'graph_cst_lns':           5/7     43%    5.29e-01       0.10
                    'graph_dec_lns':           3/9     78%    9.43e-01       0.10
                    'graph_var_lns':           4/7     71%    8.87e-01       0.10
                     'lb_relax_lns':           5/5     40%    4.32e-01       0.50
                        'rins/rens':           1/6     50%    6.52e-01       0.10
                      'rnd_cst_lns':           3/8     88%    9.57e-01       0.10
                      'rnd_var_lns':           3/8     75%    9.20e-01       0.10
         'scheduling_intervals_lns':           3/4      0%    8.55e-02       0.10
       'scheduling_precedences_lns':           3/5     20%    1.76e-01       0.10
  'scheduling_resource_windows_lns':           3/4      0%    8.55e-02       0.10
       'scheduling_time_window_lns':           3/4      0%    8.55e-02       0.10

LS stats                                    Batches  Restarts/Perturbs  LinMoves  GenMoves  CompoundMoves  Bactracks  WeightUpdates  ScoreComputed
              'ls_decay_compound_perturb':        2                  3         0     7'187            416      3'384             63        647'195
                         'ls_lin_restart':        3                  3        22     3'376              0          0          1'940        857'359
                'ls_lin_restart_compound':        6                  6         0     9'466            403      4'531            109        978'878
        'ls_lin_restart_compound_perturb':        4                  4         0     6'650            640      3'005             84        412'478
                   'ls_lin_restart_decay':        3                  3        17     2'041              0          0            190        314'146
          'ls_lin_restart_decay_compound':        4                  4         0     8'760            399      4'180             86        911'153
  'ls_lin_restart_decay_compound_perturb':        2                  2         0       191             21         85              1         40'312
           'ls_lin_restart_decay_perturb':        6                  6        28     3'439              0          0            884        461'764
                 'ls_lin_restart_perturb':        4                  4        36     4'079              0          0          3'914      1'236'814
                             'ls_restart':        7                  7        65    10'634              0          0          5'062      2'313'479
                    'ls_restart_compound':       13                 13         0    16'902            945      7'976            179      1'375'155
            'ls_restart_compound_perturb':       11                 11         0    13'438            784      6'327            118        945'625
                       'ls_restart_decay':        6                  6        50     4'603              0          0            565        756'379
              'ls_restart_decay_compound':        5                  5         0    11'778            798      5'490            135        652'613
      'ls_restart_decay_compound_perturb':        6                  6         0     5'547            399      2'574             72        311'819
               'ls_restart_decay_perturb':        9                  9        60     7'485              0          0          1'849        913'127
                     'ls_restart_perturb':       11                 11        83    11'761              0          0          4'469      2'799'647

Solutions (32)                          Num     Rank
                               'core':    1  [32,32]
                              'fixed':    1    [2,2]
                      'graph_arc_lns':    1    [5,5]
                      'graph_cst_lns':    1  [25,25]
            'ls_lin_restart_compound':    2  [13,14]
    'ls_lin_restart_compound_perturb':    1  [24,24]
      'ls_lin_restart_decay_compound':    1  [26,26]
             'ls_lin_restart_perturb':    1  [20,20]
                'ls_restart_compound':    7   [6,30]
        'ls_restart_compound_perturb':    4   [9,31]
                   'ls_restart_decay':    1  [27,27]
          'ls_restart_decay_compound':    1  [28,28]
  'ls_restart_decay_compound_perturb':    1  [22,22]
           'ls_restart_decay_perturb':    3   [8,23]
                 'ls_restart_perturb':    1  [29,29]
                              'no_lp':    2    [1,3]
          'objective_lb_search_no_lp':    2   [4,17]
                      'quick_restart':    1  [16,16]

Objective bounds                Num
                  'bool_core':  126
             'initial_domain':    1
                     'max_lp':    1
  'objective_lb_search_no_lp':    9

Solution repositories    Added  Queried  Synchro
  'feasible solutions':    166      270       94
   'fj solution hints':      0        0        0
        'lp solutions':      5        3        5
                'pump':    117        5

Improving bounds shared           Num  Sym
                       'core':     57    0
                 'default_lp':  1'056    0
                      'fixed':     29    0
                     'max_lp':    805    0
                      'no_lp':    230    0
        'objective_lb_search':    390    0
  'objective_lb_search_no_lp':    931    0
                    'probing':      9    0
              'probing_no_lp':     70    0
              'quick_restart':    868    0
        'quick_restart_no_lp':     21    0
              'reduced_costs':      2    0

CpSolverResponse summary:
status: OPTIMAL
objective: 7102
best_bound: 7102
integers: 0
booleans: 0
conflicts: 0
branches: 0
propagations: 0
integer_propagations: 0
restarts: 0
lp_iterations: 0
walltime: 0.119209
usertime: 0.119209
deterministic_time: 4.38824
gap_integral: 13.4029
solution_fingerprint: 0xbaf41b58e3710b9a

