
Starting CP-SAT solver v9.14.6206
Parameters: max_time_in_seconds: 300 log_search_progress: true num_search_workers: 104 relative_gap_limit: 0.005

Initial optimization model '': (model_fingerprint: 0xeb7fc13dd448a1cc)
#Variables: 431 (#ints: 46 in objective) (358 primary variables)
  - 73 in [0,46574]
  - 38 in [33120,46574]
  - 320 in [34560,46574]
#kInterval: 184 (#fixed: 5)
#kLinMax: 73 (#expressions: 146)
#kLinear1: 27
#kLinear2: 152
#kNoOverlap: 10 (#intervals: 184, #fixed_intervals: 5)

Starting presolve at 0.00s
  6.48e-05s  0.00e+00d  [DetectDominanceRelations] 
  1.61e-03s  0.00e+00d  [PresolveToFixPoint] #num_loops=10 #num_dual_strengthening=1 
  2.11e-06s  0.00e+00d  [ExtractEncodingFromLinear] 
  1.23e-05s  0.00e+00d  [DetectDuplicateColumns] 
  5.68e-05s  0.00e+00d  [DetectDuplicateConstraints] 
[Symmetry] Graph for symmetry has 1'018 nodes and 968 arcs.
[Symmetry] Symmetry computation done. time: 8.0852e-05 dtime: 9.662e-05
  5.71e-05s  0.00e+00d  [DetectDuplicateConstraintsWithDifferentEnforcements] 
  5.34e-04s  7.92e-06d  [Probe] #new_bounds=45 
  1.82e-06s  0.00e+00d  [MaxClique] 
  5.85e-05s  0.00e+00d  [DetectDominanceRelations] 
  4.82e-04s  0.00e+00d  [PresolveToFixPoint] #num_loops=3 #num_dual_strengthening=2 
  2.30e-05s  0.00e+00d  [ProcessAtMostOneAndLinear] 
  5.21e-05s  0.00e+00d  [DetectDuplicateConstraints] 
  4.98e-05s  0.00e+00d  [DetectDuplicateConstraintsWithDifferentEnforcements] 
  2.22e-05s  1.05e-06d  [DetectDominatedLinearConstraints] #relevant_constraints=175 
  2.32e-05s  0.00e+00d  [DetectDifferentVariables] 
  2.01e-06s  0.00e+00d  [ProcessSetPPC] 
  2.28e-06s  0.00e+00d  [FindAlmostIdenticalLinearConstraints] 
  9.71e-06s  0.00e+00d  [FindBigAtMostOneAndLinearOverlap] 
  1.34e-05s  6.52e-06d  [FindBigVerticalLinearOverlap] 
  1.64e-06s  0.00e+00d  [FindBigHorizontalLinearOverlap] 
  1.38e-06s  0.00e+00d  [MergeClauses] 
  5.43e-05s  0.00e+00d  [DetectDominanceRelations] 
  3.09e-04s  0.00e+00d  [PresolveToFixPoint] #num_loops=1 #num_dual_strengthening=1 
  5.10e-05s  0.00e+00d  [DetectDominanceRelations] 
  2.96e-04s  0.00e+00d  [PresolveToFixPoint] #num_loops=1 #num_dual_strengthening=1 
  9.30e-06s  0.00e+00d  [DetectDuplicateColumns] 
  5.03e-05s  0.00e+00d  [DetectDuplicateConstraints] 
[Symmetry] Graph for symmetry has 1'008 nodes and 955 arcs.
[Symmetry] Symmetry computation done. time: 6.3199e-05 dtime: 9.562e-05
  5.22e-05s  0.00e+00d  [DetectDuplicateConstraintsWithDifferentEnforcements] 
  3.92e-04s  2.12e-06d  [Probe] 
  1.48e-06s  0.00e+00d  [MaxClique] 
  5.47e-05s  0.00e+00d  [DetectDominanceRelations] 
  3.33e-04s  0.00e+00d  [PresolveToFixPoint] #num_loops=1 #num_dual_strengthening=1 
  2.18e-05s  0.00e+00d  [ProcessAtMostOneAndLinear] 
  5.22e-05s  0.00e+00d  [DetectDuplicateConstraints] 
  5.02e-05s  0.00e+00d  [DetectDuplicateConstraintsWithDifferentEnforcements] 
  2.03e-05s  1.05e-06d  [DetectDominatedLinearConstraints] #relevant_constraints=175 
  2.24e-05s  0.00e+00d  [DetectDifferentVariables] 
  1.82e-06s  0.00e+00d  [ProcessSetPPC] 
  2.16e-06s  0.00e+00d  [FindAlmostIdenticalLinearConstraints] 
  9.60e-06s  0.00e+00d  [FindBigAtMostOneAndLinearOverlap] 
  1.30e-05s  6.52e-06d  [FindBigVerticalLinearOverlap] 
  1.76e-06s  0.00e+00d  [FindBigHorizontalLinearOverlap] 
  1.39e-06s  0.00e+00d  [MergeClauses] 
  5.20e-05s  0.00e+00d  [DetectDominanceRelations] 
  3.00e-04s  0.00e+00d  [PresolveToFixPoint] #num_loops=1 #num_dual_strengthening=1 
  1.25e-05s  0.00e+00d  [ExpandObjective] 

Presolve summary:
  - 184 affine relations were detected.
  - rule 'TODO dual: only one blocking constraint?' was applied 519 times.
  - rule 'TODO dual: only one unspecified blocking constraint?' was applied 162 times.
  - rule 'affine: new relation' was applied 184 times.
  - rule 'dual: fix variable' was applied 1 time.
  - rule 'dual: reduced domain' was applied 7 times.
  - rule 'intervals: removed unused interval' was applied 5 times.
  - rule 'lin_max: converted abs to equality' was applied 2 times.
  - rule 'lin_max: converted to equality' was applied 6 times.
  - rule 'lin_max: propagate domain from x to abs(x)' was applied 22 times.
  - rule 'lin_max: removed exprs' was applied 6 times.
  - rule 'lin_max: rewrite with precedences' was applied 24 times.
  - rule 'lin_max: target domain reduced' was applied 54 times.
  - rule 'lin_max: unused affine target' was applied 24 times.
  - rule 'linear1: x in domain' was applied 21 times.
  - rule 'linear: always true' was applied 34 times.
  - rule 'linear: fixed or dup variables' was applied 3 times.
  - rule 'linear: reduced variable domains' was applied 910 times.
  - rule 'linear: remapped using affine relations' was applied 399 times.
  - rule 'no_overlap: split into disjoint components' was applied 5 times.
  - rule 'objective: variable not used elsewhere' was applied 4 times.
  - rule 'presolve: 4 unused variables removed.' was applied 1 time.
  - rule 'presolve: iteration' was applied 2 times.

Presolved optimization model '': (model_fingerprint: 0x92752145ca5a6868)
#Variables: 219 (#ints: 42 in objective) (179 primary variables)
  - 207 different domains in [0,46553] with a largest complexity of 1.
#kInterval: 179
#kLinMax: 17 (#expressions: 34)
#kLinear2: 175
#kNoOverlap: 10 (#intervals: 179)
[Symmetry] Graph for symmetry has 796 nodes and 955 arcs.
[Symmetry] Symmetry computation done. time: 5.2846e-05 dtime: 8.29e-05

Preloading model.
#Bound   0.01s best:inf   next:[67,238256] initial_domain
#Model   0.01s var:219/219 constraints:381/381

Starting search at 0.01s with 104 workers.
18 full problem subsolvers: [core, default_lp, fixed, lb_tree_search, max_lp, no_lp, objective_lb_search, objective_lb_search_max_lp, objective_lb_search_no_lp, objective_shaving_max_lp, objective_shaving_no_lp, probing, probing_max_lp, probing_no_lp, pseudo_costs, quick_restart, quick_restart_no_lp, reduced_costs]
86 first solution subsolvers: [fj(25), fj_lin(12), fs_random(12), fs_random_no_lp(13), fs_random_quick_restart(12), fs_random_quick_restart_no_lp(12)]
45 interleaved subsolvers: [feasibility_pump, graph_arc_lns, graph_cst_lns, graph_dec_lns, graph_var_lns, lb_relax_lns, ls(19), ls_lin(10), rins/rens, rnd_cst_lns, rnd_var_lns, scheduling_intervals_lns, scheduling_precedences_lns, scheduling_resource_windows_lns, scheduling_time_window_lns, variables_shaving, variables_shaving_max_lp, variables_shaving_no_lp]
3 helper subsolvers: [neighborhood_helper, synchronization_agent, update_gap_integral]

#Bound   0.01s best:inf   next:[68,238256] bool_core (num_cores=1 [size:2 mw:1 d:1] a=41 d=1 fixed=0/42 clauses=0)
#Bound   0.01s best:inf   next:[69,238256] bool_core (num_cores=1 [cover] a=41 d=1 fixed=0/45 clauses=1)
#Bound   0.01s best:inf   next:[70,238256] bool_core (num_cores=1 [cover] a=41 d=1 fixed=1/48 clauses=3)
#Bound   0.01s best:inf   next:[71,238256] bool_core (num_cores=1 [cover] a=41 d=1 fixed=2/51 clauses=6)
#Bound   0.01s best:inf   next:[72,238256] bool_core (num_cores=1 [cover] a=41 d=1 fixed=3/54 clauses=10)
#Bound   0.01s best:inf   next:[73,238256] bool_core (num_cores=1 [cover] a=41 d=1 fixed=4/57 clauses=15)
#Bound   0.01s best:inf   next:[74,238256] bool_core (num_cores=1 [cover] a=41 d=1 fixed=5/60 clauses=21)
#Bound   0.01s best:inf   next:[75,238256] bool_core (num_cores=1 [cover] a=41 d=1 fixed=6/63 clauses=28)
#Bound   0.01s best:inf   next:[76,238256] bool_core (num_cores=1 [cover] a=41 d=1 fixed=7/66 clauses=36)
#Bound   0.01s best:inf   next:[77,238256] bool_core (num_cores=1 [cover] a=41 d=1 fixed=8/69 clauses=45)
#Bound   0.01s best:inf   next:[78,238256] bool_core (num_cores=1 [cover] a=41 d=1 fixed=9/72 clauses=55)
#Bound   0.01s best:inf   next:[79,238256] bool_core (num_cores=1 [cover] a=41 d=1 fixed=10/75 clauses=66)
#Bound   0.01s best:inf   next:[80,238256] bool_core (num_cores=1 [cover] a=41 d=1 fixed=11/78 clauses=78)
#Bound   0.01s best:inf   next:[81,238256] bool_core (num_cores=1 [cover] a=41 d=1 fixed=12/81 clauses=91)
#Bound   0.01s best:inf   next:[82,238256] bool_core (num_cores=1 [cover] a=41 d=1 fixed=13/84 clauses=105)
#Bound   0.01s best:inf   next:[83,238256] bool_core (num_cores=1 [cover] a=41 d=1 fixed=14/87 clauses=120)
#Bound   0.01s best:inf   next:[84,238256] bool_core (num_cores=1 [cover] a=41 d=1 fixed=15/90 clauses=136)
#Bound   0.01s best:inf   next:[85,238256] bool_core (num_cores=1 [cover] a=41 d=1 fixed=16/93 clauses=153)
#Bound   0.01s best:inf   next:[86,238256] bool_core (num_cores=1 [cover] a=41 d=1 fixed=17/96 clauses=171)
#1       0.02s best:11703 next:[86,11702] no_lp
#2       0.02s best:11034 next:[86,11033] default_lp
#Bound   0.02s best:11034 next:[87,11033] bool_core (num_cores=2 [size:2 mw:1 d:1] a=40 d=1 fixed=18/99 clauses=0)
#3       0.02s best:4247  next:[119,4246] no_lp
#4       0.02s best:4246  next:[131,4245] ls_restart_decay(batch:1 lin{mvs:2 evals:28} gen{mvs:1 evals:2} #w_updates:0 #perturb:0)
#5       0.02s best:4242  next:[131,4241] ls_restart_decay_perturb(batch:1 lin{mvs:4 evals:71} #w_updates:0 #perturb:0)
#6       0.02s best:212   next:[131,211]  objective_lb_search
#7       0.02s best:211   next:[131,210]  ls_restart(batch:1 lin{mvs:2 evals:24} gen{mvs:5 evals:157} #w_updates:68 #perturb:0)
#8       0.02s best:210   next:[131,209]  ls_restart_decay(batch:1 lin{mvs:4 evals:52} gen{mvs:4 evals:33} #w_updates:1 #perturb:0)
#9       0.02s best:209   next:[131,208]  ls_restart_decay(batch:1 lin{mvs:4 evals:52} gen{mvs:4 evals:33} #w_updates:1 #perturb:0) [combined with: ls_restart(batch:1 l...]
#10      0.02s best:208   next:[131,207]  ls_restart_perturb(batch:1 lin{mvs:2 evals:22} gen{mvs:8 evals:48} #w_updates:5 #perturb:0)
#11      0.02s best:184   next:[131,183]  ls_restart_compound_perturb(batch:1 lin{mvs:0 evals:3} gen{mvs:4 evals:25} comp{mvs:4 btracks:0} #w_updates:0 #perturb:0)
#12      0.02s best:183   next:[131,182]  ls_restart_compound_perturb(batch:1 lin{mvs:0 evals:3} gen{mvs:4 evals:25} comp{mvs:4 btracks:0} #w_updates:0 #perturb:0) [combined with: ls_restart_perturb(b...]
#13      0.02s best:182   next:[131,181]  ls_restart_decay_perturb(batch:1 lin{mvs:3 evals:37} gen{mvs:12 evals:101} #w_updates:24 #perturb:0) [combined with: ls_restart_compound_...]
#14      0.02s best:181   next:[131,180]  ls_restart_perturb(batch:1 lin{mvs:3 evals:28} gen{mvs:7 evals:42} #w_updates:3 #perturb:0)
#15      0.02s best:180   next:[131,179]  ls_restart_compound_perturb(batch:1 lin{mvs:0 evals:12} gen{mvs:36 evals:127} comp{mvs:6 btracks:15} #w_updates:0 #perturb:0)
#16      0.03s best:179   next:[150,178]  ls_lin_restart_decay(batch:1 lin{mvs:3 evals:88} gen{mvs:106 evals:657} #w_updates:81 #perturb:0)
#17      0.03s best:166   next:[150,165]  ls_lin_restart_compound(batch:1 lin{mvs:0 evals:104} gen{mvs:394 evals:968} comp{mvs:20 btracks:187} #w_updates:5 #perturb:0)
#18      0.03s best:162   next:[150,161]  ls_restart_decay(batch:1 lin{mvs:4 evals:31} #w_updates:0 #perturb:0)
#19      0.03s best:160   next:[150,159]  ls_restart(batch:1 lin{mvs:3 evals:31} gen{mvs:8 evals:40} #w_updates:3 #perturb:0)
#20      0.03s best:156   next:[150,155]  ls_restart_decay(batch:1 lin{mvs:3 evals:21} #w_updates:0 #perturb:0)
#21      0.03s best:150   next:[]         core
#Done    0.03s core
#Bound   0.03s best:180   next:[150,179]  bool_core (num_cores=3 [cover] a=39 d=2 fixed=79/324 clauses=708) [skipped_logs=56]

Task timing                                  n [     min,      max]      avg      dev     time         n [     min,      max]      avg      dev    dtime
                             'core':         1 [ 17.90ms,  17.90ms]  17.90ms   0.00ns  17.90ms         1 [  1.72ms,   1.72ms]   1.72ms   0.00ns   1.72ms
                       'default_lp':         1 [ 18.53ms,  18.53ms]  18.53ms   0.00ns  18.53ms         1 [  2.74ms,   2.74ms]   2.74ms   0.00ns   2.74ms
                 'feasibility_pump':         2 [  1.01ms,   1.34ms]   1.17ms 165.44us   2.34ms         1 [465.62us, 465.62us] 465.62us   0.00ns 465.62us
                            'fixed':         1 [ 18.33ms,  18.33ms]  18.33ms   0.00ns  18.33ms         1 [889.20us, 889.20us] 889.20us   0.00ns 889.20us
                               'fj':         0 [  0.00ns,   0.00ns]   0.00ns   0.00ns   0.00ns         0 [  0.00ns,   0.00ns]   0.00ns   0.00ns   0.00ns
                               'fj':         0 [  0.00ns,   0.00ns]   0.00ns   0.00ns   0.00ns         0 [  0.00ns,   0.00ns]   0.00ns   0.00ns   0.00ns
                               'fj':         0 [  0.00ns,   0.00ns]   0.00ns   0.00ns   0.00ns         0 [  0.00ns,   0.00ns]   0.00ns   0.00ns   0.00ns
                               'fj':         0 [  0.00ns,   0.00ns]   0.00ns   0.00ns   0.00ns         0 [  0.00ns,   0.00ns]   0.00ns   0.00ns   0.00ns
                               'fj':         0 [  0.00ns,   0.00ns]   0.00ns   0.00ns   0.00ns         0 [  0.00ns,   0.00ns]   0.00ns   0.00ns   0.00ns
                               'fj':         0 [  0.00ns,   0.00ns]   0.00ns   0.00ns   0.00ns         0 [  0.00ns,   0.00ns]   0.00ns   0.00ns   0.00ns
                               'fj':         0 [  0.00ns,   0.00ns]   0.00ns   0.00ns   0.00ns         0 [  0.00ns,   0.00ns]   0.00ns   0.00ns   0.00ns
                               'fj':         0 [  0.00ns,   0.00ns]   0.00ns   0.00ns   0.00ns         0 [  0.00ns,   0.00ns]   0.00ns   0.00ns   0.00ns
                               'fj':         0 [  0.00ns,   0.00ns]   0.00ns   0.00ns   0.00ns         0 [  0.00ns,   0.00ns]   0.00ns   0.00ns   0.00ns
                               'fj':         0 [  0.00ns,   0.00ns]   0.00ns   0.00ns   0.00ns         0 [  0.00ns,   0.00ns]   0.00ns   0.00ns   0.00ns
                               'fj':         0 [  0.00ns,   0.00ns]   0.00ns   0.00ns   0.00ns         0 [  0.00ns,   0.00ns]   0.00ns   0.00ns   0.00ns
                               'fj':         0 [  0.00ns,   0.00ns]   0.00ns   0.00ns   0.00ns         0 [  0.00ns,   0.00ns]   0.00ns   0.00ns   0.00ns
                               'fj':         0 [  0.00ns,   0.00ns]   0.00ns   0.00ns   0.00ns         0 [  0.00ns,   0.00ns]   0.00ns   0.00ns   0.00ns
                               'fj':         0 [  0.00ns,   0.00ns]   0.00ns   0.00ns   0.00ns         0 [  0.00ns,   0.00ns]   0.00ns   0.00ns   0.00ns
                               'fj':         0 [  0.00ns,   0.00ns]   0.00ns   0.00ns   0.00ns         0 [  0.00ns,   0.00ns]   0.00ns   0.00ns   0.00ns
                               'fj':         0 [  0.00ns,   0.00ns]   0.00ns   0.00ns   0.00ns         0 [  0.00ns,   0.00ns]   0.00ns   0.00ns   0.00ns
                               'fj':         0 [  0.00ns,   0.00ns]   0.00ns   0.00ns   0.00ns         0 [  0.00ns,   0.00ns]   0.00ns   0.00ns   0.00ns
                               'fj':         0 [  0.00ns,   0.00ns]   0.00ns   0.00ns   0.00ns         0 [  0.00ns,   0.00ns]   0.00ns   0.00ns   0.00ns
                               'fj':         0 [  0.00ns,   0.00ns]   0.00ns   0.00ns   0.00ns         0 [  0.00ns,   0.00ns]   0.00ns   0.00ns   0.00ns
                               'fj':         0 [  0.00ns,   0.00ns]   0.00ns   0.00ns   0.00ns         0 [  0.00ns,   0.00ns]   0.00ns   0.00ns   0.00ns
                               'fj':         0 [  0.00ns,   0.00ns]   0.00ns   0.00ns   0.00ns         0 [  0.00ns,   0.00ns]   0.00ns   0.00ns   0.00ns
                               'fj':         0 [  0.00ns,   0.00ns]   0.00ns   0.00ns   0.00ns         0 [  0.00ns,   0.00ns]   0.00ns   0.00ns   0.00ns
                               'fj':         0 [  0.00ns,   0.00ns]   0.00ns   0.00ns   0.00ns         0 [  0.00ns,   0.00ns]   0.00ns   0.00ns   0.00ns
                               'fj':         0 [  0.00ns,   0.00ns]   0.00ns   0.00ns   0.00ns         0 [  0.00ns,   0.00ns]   0.00ns   0.00ns   0.00ns
                               'fj':         0 [  0.00ns,   0.00ns]   0.00ns   0.00ns   0.00ns         0 [  0.00ns,   0.00ns]   0.00ns   0.00ns   0.00ns
                           'fj_lin':         0 [  0.00ns,   0.00ns]   0.00ns   0.00ns   0.00ns         0 [  0.00ns,   0.00ns]   0.00ns   0.00ns   0.00ns
                           'fj_lin':         0 [  0.00ns,   0.00ns]   0.00ns   0.00ns   0.00ns         0 [  0.00ns,   0.00ns]   0.00ns   0.00ns   0.00ns
                           'fj_lin':         0 [  0.00ns,   0.00ns]   0.00ns   0.00ns   0.00ns         0 [  0.00ns,   0.00ns]   0.00ns   0.00ns   0.00ns
                           'fj_lin':         0 [  0.00ns,   0.00ns]   0.00ns   0.00ns   0.00ns         0 [  0.00ns,   0.00ns]   0.00ns   0.00ns   0.00ns
                           'fj_lin':         0 [  0.00ns,   0.00ns]   0.00ns   0.00ns   0.00ns         0 [  0.00ns,   0.00ns]   0.00ns   0.00ns   0.00ns
                           'fj_lin':         0 [  0.00ns,   0.00ns]   0.00ns   0.00ns   0.00ns         0 [  0.00ns,   0.00ns]   0.00ns   0.00ns   0.00ns
                           'fj_lin':         0 [  0.00ns,   0.00ns]   0.00ns   0.00ns   0.00ns         0 [  0.00ns,   0.00ns]   0.00ns   0.00ns   0.00ns
                           'fj_lin':         0 [  0.00ns,   0.00ns]   0.00ns   0.00ns   0.00ns         0 [  0.00ns,   0.00ns]   0.00ns   0.00ns   0.00ns
                           'fj_lin':         0 [  0.00ns,   0.00ns]   0.00ns   0.00ns   0.00ns         0 [  0.00ns,   0.00ns]   0.00ns   0.00ns   0.00ns
                           'fj_lin':         0 [  0.00ns,   0.00ns]   0.00ns   0.00ns   0.00ns         0 [  0.00ns,   0.00ns]   0.00ns   0.00ns   0.00ns
                           'fj_lin':         0 [  0.00ns,   0.00ns]   0.00ns   0.00ns   0.00ns         0 [  0.00ns,   0.00ns]   0.00ns   0.00ns   0.00ns
                           'fj_lin':         0 [  0.00ns,   0.00ns]   0.00ns   0.00ns   0.00ns         0 [  0.00ns,   0.00ns]   0.00ns   0.00ns   0.00ns
                        'fs_random':         0 [  0.00ns,   0.00ns]   0.00ns   0.00ns   0.00ns         0 [  0.00ns,   0.00ns]   0.00ns   0.00ns   0.00ns
                        'fs_random':         0 [  0.00ns,   0.00ns]   0.00ns   0.00ns   0.00ns         0 [  0.00ns,   0.00ns]   0.00ns   0.00ns   0.00ns
                        'fs_random':         0 [  0.00ns,   0.00ns]   0.00ns   0.00ns   0.00ns         0 [  0.00ns,   0.00ns]   0.00ns   0.00ns   0.00ns
                        'fs_random':         0 [  0.00ns,   0.00ns]   0.00ns   0.00ns   0.00ns         0 [  0.00ns,   0.00ns]   0.00ns   0.00ns   0.00ns
                        'fs_random':         0 [  0.00ns,   0.00ns]   0.00ns   0.00ns   0.00ns         0 [  0.00ns,   0.00ns]   0.00ns   0.00ns   0.00ns
                        'fs_random':         0 [  0.00ns,   0.00ns]   0.00ns   0.00ns   0.00ns         0 [  0.00ns,   0.00ns]   0.00ns   0.00ns   0.00ns
                        'fs_random':         0 [  0.00ns,   0.00ns]   0.00ns   0.00ns   0.00ns         0 [  0.00ns,   0.00ns]   0.00ns   0.00ns   0.00ns
                        'fs_random':         0 [  0.00ns,   0.00ns]   0.00ns   0.00ns   0.00ns         0 [  0.00ns,   0.00ns]   0.00ns   0.00ns   0.00ns
                        'fs_random':         0 [  0.00ns,   0.00ns]   0.00ns   0.00ns   0.00ns         0 [  0.00ns,   0.00ns]   0.00ns   0.00ns   0.00ns
                        'fs_random':         0 [  0.00ns,   0.00ns]   0.00ns   0.00ns   0.00ns         0 [  0.00ns,   0.00ns]   0.00ns   0.00ns   0.00ns
                        'fs_random':         1 [  1.73ms,   1.73ms]   1.73ms   0.00ns   1.73ms         0 [  0.00ns,   0.00ns]   0.00ns   0.00ns   0.00ns
                        'fs_random':         1 [149.54us, 149.54us] 149.54us   0.00ns 149.54us         0 [  0.00ns,   0.00ns]   0.00ns   0.00ns   0.00ns
                  'fs_random_no_lp':         0 [  0.00ns,   0.00ns]   0.00ns   0.00ns   0.00ns         0 [  0.00ns,   0.00ns]   0.00ns   0.00ns   0.00ns
                  'fs_random_no_lp':         0 [  0.00ns,   0.00ns]   0.00ns   0.00ns   0.00ns         0 [  0.00ns,   0.00ns]   0.00ns   0.00ns   0.00ns
                  'fs_random_no_lp':         0 [  0.00ns,   0.00ns]   0.00ns   0.00ns   0.00ns         0 [  0.00ns,   0.00ns]   0.00ns   0.00ns   0.00ns
                  'fs_random_no_lp':         0 [  0.00ns,   0.00ns]   0.00ns   0.00ns   0.00ns         0 [  0.00ns,   0.00ns]   0.00ns   0.00ns   0.00ns
                  'fs_random_no_lp':         0 [  0.00ns,   0.00ns]   0.00ns   0.00ns   0.00ns         0 [  0.00ns,   0.00ns]   0.00ns   0.00ns   0.00ns
                  'fs_random_no_lp':         0 [  0.00ns,   0.00ns]   0.00ns   0.00ns   0.00ns         0 [  0.00ns,   0.00ns]   0.00ns   0.00ns   0.00ns
                  'fs_random_no_lp':         0 [  0.00ns,   0.00ns]   0.00ns   0.00ns   0.00ns         0 [  0.00ns,   0.00ns]   0.00ns   0.00ns   0.00ns
                  'fs_random_no_lp':         0 [  0.00ns,   0.00ns]   0.00ns   0.00ns   0.00ns         0 [  0.00ns,   0.00ns]   0.00ns   0.00ns   0.00ns
                  'fs_random_no_lp':         0 [  0.00ns,   0.00ns]   0.00ns   0.00ns   0.00ns         0 [  0.00ns,   0.00ns]   0.00ns   0.00ns   0.00ns
                  'fs_random_no_lp':         0 [  0.00ns,   0.00ns]   0.00ns   0.00ns   0.00ns         0 [  0.00ns,   0.00ns]   0.00ns   0.00ns   0.00ns
                  'fs_random_no_lp':         0 [  0.00ns,   0.00ns]   0.00ns   0.00ns   0.00ns         0 [  0.00ns,   0.00ns]   0.00ns   0.00ns   0.00ns
                  'fs_random_no_lp':         1 [  1.11ms,   1.11ms]   1.11ms   0.00ns   1.11ms         0 [  0.00ns,   0.00ns]   0.00ns   0.00ns   0.00ns
                  'fs_random_no_lp':         1 [  1.18ms,   1.18ms]   1.18ms   0.00ns   1.18ms         1 [ 21.84us,  21.84us]  21.84us   0.00ns  21.84us
          'fs_random_quick_restart':         0 [  0.00ns,   0.00ns]   0.00ns   0.00ns   0.00ns         0 [  0.00ns,   0.00ns]   0.00ns   0.00ns   0.00ns
          'fs_random_quick_restart':         0 [  0.00ns,   0.00ns]   0.00ns   0.00ns   0.00ns         0 [  0.00ns,   0.00ns]   0.00ns   0.00ns   0.00ns
          'fs_random_quick_restart':         0 [  0.00ns,   0.00ns]   0.00ns   0.00ns   0.00ns         0 [  0.00ns,   0.00ns]   0.00ns   0.00ns   0.00ns
          'fs_random_quick_restart':         0 [  0.00ns,   0.00ns]   0.00ns   0.00ns   0.00ns         0 [  0.00ns,   0.00ns]   0.00ns   0.00ns   0.00ns
          'fs_random_quick_restart':         0 [  0.00ns,   0.00ns]   0.00ns   0.00ns   0.00ns         0 [  0.00ns,   0.00ns]   0.00ns   0.00ns   0.00ns
          'fs_random_quick_restart':         0 [  0.00ns,   0.00ns]   0.00ns   0.00ns   0.00ns         0 [  0.00ns,   0.00ns]   0.00ns   0.00ns   0.00ns
          'fs_random_quick_restart':         0 [  0.00ns,   0.00ns]   0.00ns   0.00ns   0.00ns         0 [  0.00ns,   0.00ns]   0.00ns   0.00ns   0.00ns
          'fs_random_quick_restart':         0 [  0.00ns,   0.00ns]   0.00ns   0.00ns   0.00ns         0 [  0.00ns,   0.00ns]   0.00ns   0.00ns   0.00ns
          'fs_random_quick_restart':         0 [  0.00ns,   0.00ns]   0.00ns   0.00ns   0.00ns         0 [  0.00ns,   0.00ns]   0.00ns   0.00ns   0.00ns
          'fs_random_quick_restart':         0 [  0.00ns,   0.00ns]   0.00ns   0.00ns   0.00ns         0 [  0.00ns,   0.00ns]   0.00ns   0.00ns   0.00ns
          'fs_random_quick_restart':         0 [  0.00ns,   0.00ns]   0.00ns   0.00ns   0.00ns         0 [  0.00ns,   0.00ns]   0.00ns   0.00ns   0.00ns
          'fs_random_quick_restart':         1 [  1.21ms,   1.21ms]   1.21ms   0.00ns   1.21ms         0 [  0.00ns,   0.00ns]   0.00ns   0.00ns   0.00ns
    'fs_random_quick_restart_no_lp':         0 [  0.00ns,   0.00ns]   0.00ns   0.00ns   0.00ns         0 [  0.00ns,   0.00ns]   0.00ns   0.00ns   0.00ns
    'fs_random_quick_restart_no_lp':         0 [  0.00ns,   0.00ns]   0.00ns   0.00ns   0.00ns         0 [  0.00ns,   0.00ns]   0.00ns   0.00ns   0.00ns
    'fs_random_quick_restart_no_lp':         0 [  0.00ns,   0.00ns]   0.00ns   0.00ns   0.00ns         0 [  0.00ns,   0.00ns]   0.00ns   0.00ns   0.00ns
    'fs_random_quick_restart_no_lp':         0 [  0.00ns,   0.00ns]   0.00ns   0.00ns   0.00ns         0 [  0.00ns,   0.00ns]   0.00ns   0.00ns   0.00ns
    'fs_random_quick_restart_no_lp':         0 [  0.00ns,   0.00ns]   0.00ns   0.00ns   0.00ns         0 [  0.00ns,   0.00ns]   0.00ns   0.00ns   0.00ns
    'fs_random_quick_restart_no_lp':         0 [  0.00ns,   0.00ns]   0.00ns   0.00ns   0.00ns         0 [  0.00ns,   0.00ns]   0.00ns   0.00ns   0.00ns
    'fs_random_quick_restart_no_lp':         0 [  0.00ns,   0.00ns]   0.00ns   0.00ns   0.00ns         0 [  0.00ns,   0.00ns]   0.00ns   0.00ns   0.00ns
    'fs_random_quick_restart_no_lp':         0 [  0.00ns,   0.00ns]   0.00ns   0.00ns   0.00ns         0 [  0.00ns,   0.00ns]   0.00ns   0.00ns   0.00ns
    'fs_random_quick_restart_no_lp':         0 [  0.00ns,   0.00ns]   0.00ns   0.00ns   0.00ns         0 [  0.00ns,   0.00ns]   0.00ns   0.00ns   0.00ns
    'fs_random_quick_restart_no_lp':         0 [  0.00ns,   0.00ns]   0.00ns   0.00ns   0.00ns         0 [  0.00ns,   0.00ns]   0.00ns   0.00ns   0.00ns
    'fs_random_quick_restart_no_lp':         1 [  1.33ms,   1.33ms]   1.33ms   0.00ns   1.33ms         0 [  0.00ns,   0.00ns]   0.00ns   0.00ns   0.00ns
    'fs_random_quick_restart_no_lp':         1 [803.84us, 803.84us] 803.84us   0.00ns 803.84us         0 [  0.00ns,   0.00ns]   0.00ns   0.00ns   0.00ns
                    'graph_arc_lns':         1 [ 11.75ms,  11.75ms]  11.75ms   0.00ns  11.75ms         1 [757.15us, 757.15us] 757.15us   0.00ns 757.15us
                    'graph_cst_lns':         2 [  2.44ms,   3.58ms]   3.01ms 569.77us   6.02ms         1 [ 61.98us,  61.98us]  61.98us   0.00ns  61.98us
                    'graph_dec_lns':         2 [256.20us, 296.50us] 276.35us  20.15us 552.70us         0 [  0.00ns,   0.00ns]   0.00ns   0.00ns   0.00ns
                    'graph_var_lns':         1 [ 11.89ms,  11.89ms]  11.89ms   0.00ns  11.89ms         1 [  1.13ms,   1.13ms]   1.13ms   0.00ns   1.13ms
                     'lb_relax_lns':         1 [ 11.74ms,  11.74ms]  11.74ms   0.00ns  11.74ms         0 [  0.00ns,   0.00ns]   0.00ns   0.00ns   0.00ns
                   'lb_tree_search':         1 [ 17.80ms,  17.80ms]  17.80ms   0.00ns  17.80ms         0 [  0.00ns,   0.00ns]   0.00ns   0.00ns   0.00ns
                               'ls':         1 [  9.18ms,   9.18ms]   9.18ms   0.00ns   9.18ms         1 [ 25.48ms,  25.48ms]  25.48ms   0.00ns  25.48ms
                               'ls':         2 [120.41us, 502.23us] 311.32us 190.91us 622.64us         1 [ 12.67us,  12.67us]  12.67us   0.00ns  12.67us
                               'ls':         2 [233.25us, 504.71us] 368.98us 135.73us 737.97us         1 [  8.36us,   8.36us]   8.36us   0.00ns   8.36us
                               'ls':         2 [245.88us, 692.30us] 469.09us 223.21us 938.18us         1 [  6.23us,   6.23us]   6.23us   0.00ns   6.23us
                               'ls':         2 [295.10us, 527.52us] 411.31us 116.21us 822.62us         2 [ 24.67us, 103.34us]  64.01us  39.34us 128.01us
                               'ls':         2 [400.44us, 558.09us] 479.26us  78.83us 958.52us         1 [568.48us, 568.48us] 568.48us   0.00ns 568.48us
                               'ls':         2 [415.07us,   3.38ms]   1.90ms   1.48ms   3.79ms         2 [575.05us,   6.09ms]   3.33ms   2.76ms   6.66ms
                               'ls':         2 [508.98us,   1.69ms]   1.10ms 590.25us   2.20ms         1 [  2.57ms,   2.57ms]   2.57ms   0.00ns   2.57ms
                               'ls':         2 [528.89us, 808.85us] 668.87us 139.98us   1.34ms         2 [501.73us, 510.75us] 506.24us   4.51us   1.01ms
                               'ls':         2 [559.77us, 585.46us] 572.62us  12.84us   1.15ms         2 [ 94.23us, 760.72us] 427.47us 333.24us 854.95us
                               'ls':         2 [574.06us, 636.78us] 605.42us  31.36us   1.21ms         1 [882.40us, 882.40us] 882.40us   0.00ns 882.40us
                               'ls':         2 [575.91us,   1.17ms] 874.14us 298.23us   1.75ms         2 [165.38us,   1.16ms] 662.47us 497.09us   1.32ms
                               'ls':         2 [613.62us,   1.34ms] 977.51us 363.89us   1.96ms         2 [ 68.59us,   1.76ms] 916.49us 847.90us   1.83ms
                               'ls':         2 [622.24us,   1.11ms] 866.37us 244.13us   1.73ms         2 [286.88us,   1.15ms] 718.42us 431.54us   1.44ms
                               'ls':         2 [644.06us,   1.28ms] 960.12us 316.06us   1.92ms         2 [ 47.91us,   1.48ms] 764.55us 716.64us   1.53ms
                               'ls':         2 [721.92us,   1.48ms]   1.10ms 379.51us   2.20ms         2 [552.03us,   3.20ms]   1.88ms   1.33ms   3.76ms
                               'ls':         2 [754.56us,   1.55ms]   1.15ms 395.92us   2.30ms         1 [  1.49ms,   1.49ms]   1.49ms   0.00ns   1.49ms
                               'ls':         2 [800.11us,   1.40ms]   1.10ms 302.02us   2.20ms         2 [441.25us,   3.26ms]   1.85ms   1.41ms   3.70ms
                               'ls':         2 [964.34us,   1.12ms]   1.04ms  77.05us   2.08ms         2 [355.46us,   1.65ms]   1.00ms 646.14us   2.00ms
                           'ls_lin':         1 [  1.31ms,   1.31ms]   1.31ms   0.00ns   1.31ms         1 [  1.81ms,   1.81ms]   1.81ms   0.00ns   1.81ms
                           'ls_lin':         1 [  1.52ms,   1.52ms]   1.52ms   0.00ns   1.52ms         1 [  2.39ms,   2.39ms]   2.39ms   0.00ns   2.39ms
                           'ls_lin':         1 [  1.74ms,   1.74ms]   1.74ms   0.00ns   1.74ms         1 [  3.33ms,   3.33ms]   3.33ms   0.00ns   3.33ms
                           'ls_lin':         1 [  1.84ms,   1.84ms]   1.84ms   0.00ns   1.84ms         1 [  1.32ms,   1.32ms]   1.32ms   0.00ns   1.32ms
                           'ls_lin':         1 [  1.99ms,   1.99ms]   1.99ms   0.00ns   1.99ms         1 [  1.55ms,   1.55ms]   1.55ms   0.00ns   1.55ms
                           'ls_lin':         1 [  3.58ms,   3.58ms]   3.58ms   0.00ns   3.58ms         1 [  2.81ms,   2.81ms]   2.81ms   0.00ns   2.81ms
                           'ls_lin':         1 [  3.62ms,   3.62ms]   3.62ms   0.00ns   3.62ms         1 [  6.53ms,   6.53ms]   6.53ms   0.00ns   6.53ms
                           'ls_lin':         1 [  5.44ms,   5.44ms]   5.44ms   0.00ns   5.44ms         1 [  5.37ms,   5.37ms]   5.37ms   0.00ns   5.37ms
                           'ls_lin':         2 [247.25us,   2.80ms]   1.53ms   1.28ms   3.05ms         2 [276.70us,   6.37ms]   3.32ms   3.05ms   6.64ms
                           'ls_lin':         2 [273.37us,   2.27ms]   1.27ms   1.00ms   2.55ms         2 [386.99us,   1.84ms]   1.11ms 727.86us   2.23ms
                           'max_lp':         1 [ 22.58ms,  22.58ms]  22.58ms   0.00ns  22.58ms         1 [567.29us, 567.29us] 567.29us   0.00ns 567.29us
                            'no_lp':         1 [ 17.75ms,  17.75ms]  17.75ms   0.00ns  17.75ms         1 [  1.63ms,   1.63ms]   1.63ms   0.00ns   1.63ms
              'objective_lb_search':         1 [ 16.77ms,  16.77ms]  16.77ms   0.00ns  16.77ms         1 [  1.08ms,   1.08ms]   1.08ms   0.00ns   1.08ms
       'objective_lb_search_max_lp':         1 [ 16.09ms,  16.09ms]  16.09ms   0.00ns  16.09ms         0 [  0.00ns,   0.00ns]   0.00ns   0.00ns   0.00ns
        'objective_lb_search_no_lp':         1 [ 15.73ms,  15.73ms]  15.73ms   0.00ns  15.73ms         1 [  3.46ms,   3.46ms]   3.46ms   0.00ns   3.46ms
         'objective_shaving_max_lp':         2 [388.43us,   1.63ms]   1.01ms 620.00us   2.02ms         0 [  0.00ns,   0.00ns]   0.00ns   0.00ns   0.00ns
          'objective_shaving_no_lp':         2 [401.96us,   1.41ms] 905.93us 503.97us   1.81ms         1 [ 16.73us,  16.73us]  16.73us   0.00ns  16.73us
                          'probing':         1 [ 21.71ms,  21.71ms]  21.71ms   0.00ns  21.71ms         0 [  0.00ns,   0.00ns]   0.00ns   0.00ns   0.00ns
                   'probing_max_lp':         1 [ 16.79ms,  16.79ms]  16.79ms   0.00ns  16.79ms         0 [  0.00ns,   0.00ns]   0.00ns   0.00ns   0.00ns
                    'probing_no_lp':         1 [ 16.24ms,  16.24ms]  16.24ms   0.00ns  16.24ms         0 [  0.00ns,   0.00ns]   0.00ns   0.00ns   0.00ns
                     'pseudo_costs':         1 [ 17.25ms,  17.25ms]  17.25ms   0.00ns  17.25ms         1 [258.91us, 258.91us] 258.91us   0.00ns 258.91us
                    'quick_restart':         1 [ 17.62ms,  17.62ms]  17.62ms   0.00ns  17.62ms         1 [939.67us, 939.67us] 939.67us   0.00ns 939.67us
              'quick_restart_no_lp':         1 [ 17.35ms,  17.35ms]  17.35ms   0.00ns  17.35ms         1 [  1.12ms,   1.12ms]   1.12ms   0.00ns   1.12ms
                    'reduced_costs':         1 [ 17.92ms,  17.92ms]  17.92ms   0.00ns  17.92ms         0 [  0.00ns,   0.00ns]   0.00ns   0.00ns   0.00ns
                        'rins/rens':         1 [989.68us, 989.68us] 989.68us   0.00ns 989.68us         0 [  0.00ns,   0.00ns]   0.00ns   0.00ns   0.00ns
                      'rnd_cst_lns':         1 [ 12.04ms,  12.04ms]  12.04ms   0.00ns  12.04ms         1 [  1.18ms,   1.18ms]   1.18ms   0.00ns   1.18ms
                      'rnd_var_lns':         1 [ 12.28ms,  12.28ms]  12.28ms   0.00ns  12.28ms         1 [811.69us, 811.69us] 811.69us   0.00ns 811.69us
         'scheduling_intervals_lns':         1 [ 15.92ms,  15.92ms]  15.92ms   0.00ns  15.92ms         1 [  6.94us,   6.94us]   6.94us   0.00ns   6.94us
       'scheduling_precedences_lns':         1 [ 10.71ms,  10.71ms]  10.71ms   0.00ns  10.71ms         0 [  0.00ns,   0.00ns]   0.00ns   0.00ns   0.00ns
  'scheduling_resource_windows_lns':         1 [ 10.64ms,  10.64ms]  10.64ms   0.00ns  10.64ms         1 [215.59us, 215.59us] 215.59us   0.00ns 215.59us
       'scheduling_time_window_lns':         1 [ 10.94ms,  10.94ms]  10.94ms   0.00ns  10.94ms         1 [ 88.99us,  88.99us]  88.99us   0.00ns  88.99us
                'variables_shaving':         2 [  3.04ms,   9.70ms]   6.37ms   3.33ms  12.74ms         2 [  6.27us, 361.71us] 183.99us 177.72us 367.98us
         'variables_shaving_max_lp':         1 [ 17.60ms,  17.60ms]  17.60ms   0.00ns  17.60ms         1 [ 27.15us,  27.15us]  27.15us   0.00ns  27.15us
          'variables_shaving_no_lp':         2 [  2.79ms,   7.90ms]   5.35ms   2.56ms  10.69ms         2 [ 12.55us, 395.00us] 203.78us 191.23us 407.55us

Search stats                        Bools  Conflicts  Branches  Restarts  BoolPropag  IntegerPropag
                           'core':    489         83     1'190       316       6'019          7'146
                     'default_lp':    379         37       873       401       1'485         18'208
                          'fixed':    346        130       504         1         505          4'596
                      'fs_random':      0          0         0         0           0              0
                      'fs_random':      0          0         0         0           0              0
                      'fs_random':      0          0         0         0           0              0
                      'fs_random':      0          0         0         0           0              0
                      'fs_random':      0          0         0         0           0              0
                      'fs_random':      0          0         0         0           0              0
                      'fs_random':      0          0         0         0           0              0
                      'fs_random':      0          0         0         0           0              0
                      'fs_random':      0          0         0         0           0              0
                      'fs_random':      0          0         0         0           0              0
                      'fs_random':      0          0         0         0           0              0
                      'fs_random':      0          0         0         0           0              0
                'fs_random_no_lp':      0          0         0         0           0              0
                'fs_random_no_lp':      0          0         0         0           0              0
                'fs_random_no_lp':      0          0         0         0           0              0
                'fs_random_no_lp':      0          0         0         0           0              0
                'fs_random_no_lp':      0          0         0         0           0              0
                'fs_random_no_lp':      0          0         0         0           0              0
                'fs_random_no_lp':      0          0         0         0           0              0
                'fs_random_no_lp':      0          0         0         0           0              0
                'fs_random_no_lp':      0          0         0         0           0              0
                'fs_random_no_lp':      0          0         0         0           0              0
                'fs_random_no_lp':      0          0         0         0           0              0
                'fs_random_no_lp':      0          0         0         0           0              0
                'fs_random_no_lp':     10          0        10         0           0            144
        'fs_random_quick_restart':      0          0         0         0           0              0
        'fs_random_quick_restart':      0          0         0         0           0              0
        'fs_random_quick_restart':      0          0         0         0           0              0
        'fs_random_quick_restart':      0          0         0         0           0              0
        'fs_random_quick_restart':      0          0         0         0           0              0
        'fs_random_quick_restart':      0          0         0         0           0              0
        'fs_random_quick_restart':      0          0         0         0           0              0
        'fs_random_quick_restart':      0          0         0         0           0              0
        'fs_random_quick_restart':      0          0         0         0           0              0
        'fs_random_quick_restart':      0          0         0         0           0              0
        'fs_random_quick_restart':      0          0         0         0           0              0
        'fs_random_quick_restart':      0          0         0         0           0              0
  'fs_random_quick_restart_no_lp':      0          0         0         0           0              0
  'fs_random_quick_restart_no_lp':      0          0         0         0           0              0
  'fs_random_quick_restart_no_lp':      0          0         0         0           0              0
  'fs_random_quick_restart_no_lp':      0          0         0         0           0              0
  'fs_random_quick_restart_no_lp':      0          0         0         0           0              0
  'fs_random_quick_restart_no_lp':      0          0         0         0           0              0
  'fs_random_quick_restart_no_lp':      0          0         0         0           0              0
  'fs_random_quick_restart_no_lp':      0          0         0         0           0              0
  'fs_random_quick_restart_no_lp':      0          0         0         0           0              0
  'fs_random_quick_restart_no_lp':      0          0         0         0           0              0
  'fs_random_quick_restart_no_lp':      0          0         0         0           0              0
  'fs_random_quick_restart_no_lp':      0          0         0         0           0              0
                 'lb_tree_search':  1'529          0       374       374           0          2'498
                         'max_lp':      0          0         0         0           0              1
                          'no_lp':    244          0       842       397         398         10'190
            'objective_lb_search':    205          8       354       101         100          7'380
     'objective_lb_search_max_lp':  1'529          0       466       466           0          3'146
      'objective_lb_search_no_lp':    236        174       782       182       1'142         25'756
                        'probing':  1'529          0       374       374           0          2'498
                 'probing_max_lp':  1'529          0       678       678           0          4'586
                  'probing_no_lp':  1'529          0       422       422           0          2'846
                   'pseudo_costs':      0          0         0         0           0              0
                  'quick_restart':    219          0       490       248         137          5'236
            'quick_restart_no_lp':    202          2       605       398         358          6'978
                  'reduced_costs':  1'529          0       406       406           0          2'732

SAT stats                           ClassicMinim  LitRemoved  LitLearned  LitForgotten  Subsumed  MClauses  MDecisions  MLitTrue  MSubsumed  MLitRemoved  MReused
                           'core':             0           0           0             0         0        48          96         0          0            0        0
                     'default_lp':            30          30          87             0         0         0           0         0          0            0        0
                          'fixed':             0           0       2'210             0         0         0           0         0          0            0        0
                      'fs_random':             0           0           0             0         0         0           0         0          0            0        0
                      'fs_random':             0           0           0             0         0         0           0         0          0            0        0
                      'fs_random':             0           0           0             0         0         0           0         0          0            0        0
                      'fs_random':             0           0           0             0         0         0           0         0          0            0        0
                      'fs_random':             0           0           0             0         0         0           0         0          0            0        0
                      'fs_random':             0           0           0             0         0         0           0         0          0            0        0
                      'fs_random':             0           0           0             0         0         0           0         0          0            0        0
                      'fs_random':             0           0           0             0         0         0           0         0          0            0        0
                      'fs_random':             0           0           0             0         0         0           0         0          0            0        0
                      'fs_random':             0           0           0             0         0         0           0         0          0            0        0
                      'fs_random':             0           0           0             0         0         0           0         0          0            0        0
                      'fs_random':             0           0           0             0         0         0           0         0          0            0        0
                'fs_random_no_lp':             0           0           0             0         0         0           0         0          0            0        0
                'fs_random_no_lp':             0           0           0             0         0         0           0         0          0            0        0
                'fs_random_no_lp':             0           0           0             0         0         0           0         0          0            0        0
                'fs_random_no_lp':             0           0           0             0         0         0           0         0          0            0        0
                'fs_random_no_lp':             0           0           0             0         0         0           0         0          0            0        0
                'fs_random_no_lp':             0           0           0             0         0         0           0         0          0            0        0
                'fs_random_no_lp':             0           0           0             0         0         0           0         0          0            0        0
                'fs_random_no_lp':             0           0           0             0         0         0           0         0          0            0        0
                'fs_random_no_lp':             0           0           0             0         0         0           0         0          0            0        0
                'fs_random_no_lp':             0           0           0             0         0         0           0         0          0            0        0
                'fs_random_no_lp':             0           0           0             0         0         0           0         0          0            0        0
                'fs_random_no_lp':             0           0           0             0         0         0           0         0          0            0        0
                'fs_random_no_lp':             0           0           0             0         0         0           0         0          0            0        0
        'fs_random_quick_restart':             0           0           0             0         0         0           0         0          0            0        0
        'fs_random_quick_restart':             0           0           0             0         0         0           0         0          0            0        0
        'fs_random_quick_restart':             0           0           0             0         0         0           0         0          0            0        0
        'fs_random_quick_restart':             0           0           0             0         0         0           0         0          0            0        0
        'fs_random_quick_restart':             0           0           0             0         0         0           0         0          0            0        0
        'fs_random_quick_restart':             0           0           0             0         0         0           0         0          0            0        0
        'fs_random_quick_restart':             0           0           0             0         0         0           0         0          0            0        0
        'fs_random_quick_restart':             0           0           0             0         0         0           0         0          0            0        0
        'fs_random_quick_restart':             0           0           0             0         0         0           0         0          0            0        0
        'fs_random_quick_restart':             0           0           0             0         0         0           0         0          0            0        0
        'fs_random_quick_restart':             0           0           0             0         0         0           0         0          0            0        0
        'fs_random_quick_restart':             0           0           0             0         0         0           0         0          0            0        0
  'fs_random_quick_restart_no_lp':             0           0           0             0         0         0           0         0          0            0        0
  'fs_random_quick_restart_no_lp':             0           0           0             0         0         0           0         0          0            0        0
  'fs_random_quick_restart_no_lp':             0           0           0             0         0         0           0         0          0            0        0
  'fs_random_quick_restart_no_lp':             0           0           0             0         0         0           0         0          0            0        0
  'fs_random_quick_restart_no_lp':             0           0           0             0         0         0           0         0          0            0        0
  'fs_random_quick_restart_no_lp':             0           0           0             0         0         0           0         0          0            0        0
  'fs_random_quick_restart_no_lp':             0           0           0             0         0         0           0         0          0            0        0
  'fs_random_quick_restart_no_lp':             0           0           0             0         0         0           0         0          0            0        0
  'fs_random_quick_restart_no_lp':             0           0           0             0         0         0           0         0          0            0        0
  'fs_random_quick_restart_no_lp':             0           0           0             0         0         0           0         0          0            0        0
  'fs_random_quick_restart_no_lp':             0           0           0             0         0         0           0         0          0            0        0
  'fs_random_quick_restart_no_lp':             0           0           0             0         0         0           0         0          0            0        0
                 'lb_tree_search':             0           0           0             0         0         0           0         0          0            0        0
                         'max_lp':             0           0           0             0         0         0           0         0          0            0        0
                          'no_lp':             0           0           0             0         0         0           0         0          0            0        0
            'objective_lb_search':             0           0          73             0         0         0           0         0          0            0        0
     'objective_lb_search_max_lp':             0           0           0             0         0         0           0         0          0            0        0
      'objective_lb_search_no_lp':            14          20       1'592             0         1         0           0         0          0            0        0
                        'probing':             0           0           0             0         0         0           0         0          0            0        0
                 'probing_max_lp':             0           0           0             0         0         0           0         0          0            0        0
                  'probing_no_lp':             0           0           0             0         0         0           0         0          0            0        0
                   'pseudo_costs':             0           0           0             0         0         0           0         0          0            0        0
                  'quick_restart':             0           0           0             0         0         0           0         0          0            0        0
            'quick_restart_no_lp':             0           0           4             0         0         0           0         0          0            0        0
                  'reduced_costs':             0           0           0             0         0         0           0         0          0            0        0

Lp stats                         Component  Iterations  AddedCuts  OPTIMAL  DUAL_F.  DUAL_U.
                  'default_lp':         26          59          0      671        0        0
                       'fixed':         26          53          0      674        0        0
                   'fs_random':         26           0          0        0        0        0
              'lb_tree_search':          1           0          0        0        0        0
                      'max_lp':          1         164        163        5        0        0
         'objective_lb_search':         26          51          0      442        0        0
  'objective_lb_search_max_lp':          1           0          0        0        0        0
                     'probing':         26           0          0        0        0        0
              'probing_max_lp':          1           0          0        0        0        0
                'pseudo_costs':          1         105        227        7        0        0
               'quick_restart':         26          47          0      382        0        0
               'reduced_costs':          1           0          0        0        0        0

Lp dimension                     Final dimension of first component
                  'default_lp':        3 rows, 5 columns, 6 entries
                       'fixed':        3 rows, 5 columns, 6 entries
                   'fs_random':        0 rows, 5 columns, 0 entries
              'lb_tree_search':  226 rows, 219 columns, 452 entries
                      'max_lp':  327 rows, 219 columns, 944 entries
         'objective_lb_search':        3 rows, 5 columns, 6 entries
  'objective_lb_search_max_lp':      0 rows, 219 columns, 0 entries
                     'probing':        0 rows, 5 columns, 0 entries
              'probing_max_lp':  226 rows, 219 columns, 452 entries
                'pseudo_costs':  150 rows, 219 columns, 575 entries
               'quick_restart':        3 rows, 5 columns, 6 entries
               'reduced_costs':      0 rows, 219 columns, 0 entries

Lp debug                         CutPropag  CutEqPropag  Adjust  Overflow    Bad  BadScaling
                  'default_lp':          0            0       0         0      0           0
                       'fixed':          0            0       0         0      0           0
                   'fs_random':          0            0       0         0      0           0
              'lb_tree_search':          0            0       0         0      0           0
                      'max_lp':          0            9       2         0  1'031           0
         'objective_lb_search':          0            0       0         0      0           0
  'objective_lb_search_max_lp':          0            0       0         0      0           0
                     'probing':          0            0       0         0      0           0
              'probing_max_lp':          0            0       0         0      0           0
                'pseudo_costs':          0            0       0         0    185           0
               'quick_restart':          0            0       0         0      0           0
               'reduced_costs':          0            0       0         0      0           0

Lp pool                          Constraints  Updates  Simplif  Merged  Shortened  Split  Strenghtened  Cuts/Call
                  'default_lp':          226        0       24       0          0      0             0        0/0
                       'fixed':          226        0        0       0          0      0             0        0/0
                   'fs_random':          226        0        0       0          0      0             0        0/0
              'lb_tree_search':          226        0        0       0          0      0             0        0/0
                      'max_lp':          389        2        0       0          0      0             0    163/269
         'objective_lb_search':          226        0       10       0          0      0             0        0/0
  'objective_lb_search_max_lp':          226        0        0       0          0      0             0        0/0
                     'probing':          226        0        0       0          0      0             0        0/0
              'probing_max_lp':          226        0        0       0          0      0             0        0/0
                'pseudo_costs':          453        0        0       0          0      0             0    227/395
               'quick_restart':          226        0        0       0          0      0             0        0/0
               'reduced_costs':          226        0        0       0          0      0             0        0/0

Lp Cut                                                pseudo_costs  max_lp
                                               CG_R:             4       -
                                            MIR_1_K:             1       -
                                            MIR_1_R:             7       -
                                            MIR_2_K:             -       2
                  NoOverlapCompletionTimeExhaustive:            13       5
           NoOverlapCompletionTimeExhaustive_lifted:            12       6
  NoOverlapCompletionTimeExhaustive_lifted_weighted:            35      25
         NoOverlapCompletionTimeExhaustive_weighted:            11      12
                    NoOverlapCompletionTimeQueyrane:            32      23
             NoOverlapCompletionTimeQueyrane_lifted:            43      31
                        NoOverlapDisjunctionOnStart:            68      59
                                        ZERO_HALF_R:             1       -

LNS stats                             Improv/Calls  Closed  Difficulty  TimeLimit
                    'graph_arc_lns':           1/1      0%    2.93e-01       0.10
                    'graph_cst_lns':           0/1    100%    7.07e-01       0.10
                    'graph_dec_lns':           0/0      0%    5.00e-01       0.10
                    'graph_var_lns':           1/1      0%    2.93e-01       0.10
                     'lb_relax_lns':           0/0      0%    5.00e-01       0.50
                        'rins/rens':           0/0      0%    5.00e-01       0.10
                      'rnd_cst_lns':           1/1      0%    2.93e-01       0.10
                      'rnd_var_lns':           1/1      0%    2.93e-01       0.10
         'scheduling_intervals_lns':           1/1      0%    2.93e-01       0.10
       'scheduling_precedences_lns':           0/0      0%    5.00e-01       0.10
  'scheduling_resource_windows_lns':           0/1      0%    2.93e-01       0.10
       'scheduling_time_window_lns':           1/1      0%    2.93e-01       0.10

LS stats                                    Batches  Restarts/Perturbs  LinMoves  GenMoves  CompoundMoves  Bactracks  WeightUpdates  ScoreComputed
                         'ls_lin_restart':        2                  2         5       391              0          0            287         43'317
                'ls_lin_restart_compound':        2                  2         0       596             40        278              9         28'145
                   'ls_lin_restart_decay':        2                  2         5       203              0          0            138         21'546
          'ls_lin_restart_decay_compound':        1                  1         0        33              7         13              1          1'687
  'ls_lin_restart_decay_compound_perturb':        1                  1         0       320             24        148              7         16'792
           'ls_lin_restart_decay_perturb':        2                  2         5       188              0          0            126         18'541
                 'ls_lin_restart_perturb':        2                  2         5       684              0          0            541         77'205
                             'ls_restart':        5                  5        10       404              0          0            356         45'189
                    'ls_restart_compound':        4                  4         0        95              9         43              1          4'309
            'ls_restart_compound_perturb':        5                  5         0       219             31         94              3         11'924
                       'ls_restart_decay':        7                  7        21       157              0          0            109         14'635
              'ls_restart_decay_compound':        2                  2         0       534             32        251             10         23'321
      'ls_restart_decay_compound_perturb':        7                  7         0       819             73        373             13         38'315
               'ls_restart_decay_perturb':        4                  4        13       256              0          0            158         23'376
                     'ls_restart_perturb':        3                  3        11       406              0          0            226         88'004

Solutions (21)                    Num     Rank
                         'core':    1  [21,21]
                   'default_lp':    1    [2,2]
      'ls_lin_restart_compound':    1  [17,17]
         'ls_lin_restart_decay':    1  [16,16]
                   'ls_restart':    2   [7,19]
  'ls_restart_compound_perturb':    3  [11,15]
             'ls_restart_decay':    5   [4,20]
     'ls_restart_decay_perturb':    2   [5,13]
           'ls_restart_perturb':    2  [10,14]
                        'no_lp':    2    [1,3]
          'objective_lb_search':    1    [6,6]

Objective bounds                Num
                  'bool_core':   75
             'initial_domain':    1
  'objective_lb_search_no_lp':    2

Solution repositories    Added  Queried  Synchro
  'feasible solutions':     75       78       39
   'fj solution hints':      0        0        0
        'lp solutions':      0        0        0
                'pump':      1        1

Improving bounds shared         Num  Sym
                 'default_lp':  114    0
                      'no_lp':   64    0
        'objective_lb_search':   75    0
  'objective_lb_search_no_lp':  245    0
        'quick_restart_no_lp':    2    0

CpSolverResponse summary:
status: OPTIMAL
objective: 150
best_bound: 150
integers: 220
booleans: 10
conflicts: 0
branches: 10
propagations: 0
integer_propagations: 144
restarts: 0
lp_iterations: 0
walltime: 0.0407967
usertime: 0.0407967
deterministic_time: 0.109242
gap_integral: 0.245974
solution_fingerprint: 0x878659ad9d584f73

