
Starting CP-SAT solver v9.14.6206
Parameters: max_time_in_seconds: 300 log_search_progress: true num_search_workers: 104 relative_gap_limit: 0.005

Initial optimization model '': (model_fingerprint: 0x78011035674dcc59)
#Variables: 423 (#ints: 57 in objective) (338 primary variables)
  - 85 in [0,51169]
  - 58 in [38880,51169]
  - 280 in [40320,51169]
#kInterval: 174 (#fixed: 5)
#kLinMax: 85 (#expressions: 170)
#kLinear1: 28
#kLinear2: 141
#kNoOverlap: 10 (#intervals: 174, #fixed_intervals: 5)

Starting presolve at 0.00s
  7.09e-05s  0.00e+00d  [DetectDominanceRelations] 
  1.56e-03s  0.00e+00d  [PresolveToFixPoint] #num_loops=10 #num_dual_strengthening=1 
  2.26e-06s  0.00e+00d  [ExtractEncodingFromLinear] 
  1.46e-05s  0.00e+00d  [DetectDuplicateColumns] 
  6.50e-05s  0.00e+00d  [DetectDuplicateConstraints] 
[Symmetry] Graph for symmetry has 980 nodes and 918 arcs.
[Symmetry] Symmetry computation done. time: 8.149e-05 dtime: 9.167e-05
  5.72e-05s  0.00e+00d  [DetectDuplicateConstraintsWithDifferentEnforcements] 
  5.17e-04s  6.32e-06d  [Probe] #new_bounds=32 
  3.28e-06s  0.00e+00d  [MaxClique] 
  5.87e-05s  0.00e+00d  [DetectDominanceRelations] 
  4.78e-04s  0.00e+00d  [PresolveToFixPoint] #num_loops=3 #num_dual_strengthening=2 
  2.20e-05s  0.00e+00d  [ProcessAtMostOneAndLinear] 
  5.31e-05s  0.00e+00d  [DetectDuplicateConstraints] 
  4.97e-05s  0.00e+00d  [DetectDuplicateConstraintsWithDifferentEnforcements] 
  2.27e-05s  9.78e-07d  [DetectDominatedLinearConstraints] #relevant_constraints=163 
  2.31e-05s  0.00e+00d  [DetectDifferentVariables] 
  2.14e-06s  0.00e+00d  [ProcessSetPPC] 
  2.23e-06s  0.00e+00d  [FindAlmostIdenticalLinearConstraints] 
  9.57e-06s  0.00e+00d  [FindBigAtMostOneAndLinearOverlap] 
  1.50e-05s  6.12e-06d  [FindBigVerticalLinearOverlap] 
  1.77e-06s  0.00e+00d  [FindBigHorizontalLinearOverlap] 
  1.99e-06s  0.00e+00d  [MergeClauses] 
  5.32e-05s  0.00e+00d  [DetectDominanceRelations] 
  2.86e-04s  0.00e+00d  [PresolveToFixPoint] #num_loops=1 #num_dual_strengthening=1 
  5.07e-05s  0.00e+00d  [DetectDominanceRelations] 
  2.81e-04s  0.00e+00d  [PresolveToFixPoint] #num_loops=1 #num_dual_strengthening=1 
  9.61e-06s  0.00e+00d  [DetectDuplicateColumns] 
  4.84e-05s  0.00e+00d  [DetectDuplicateConstraints] 
[Symmetry] Graph for symmetry has 953 nodes and 878 arcs.
[Symmetry] Symmetry computation done. time: 6.6326e-05 dtime: 8.849e-05
  5.13e-05s  0.00e+00d  [DetectDuplicateConstraintsWithDifferentEnforcements] 
  3.85e-04s  2.00e-06d  [Probe] 
  1.59e-06s  0.00e+00d  [MaxClique] 
  5.52e-05s  0.00e+00d  [DetectDominanceRelations] 
  3.20e-04s  0.00e+00d  [PresolveToFixPoint] #num_loops=1 #num_dual_strengthening=1 
  2.16e-05s  0.00e+00d  [ProcessAtMostOneAndLinear] 
  4.86e-05s  0.00e+00d  [DetectDuplicateConstraints] 
  4.82e-05s  0.00e+00d  [DetectDuplicateConstraintsWithDifferentEnforcements] 
  2.01e-05s  9.78e-07d  [DetectDominatedLinearConstraints] #relevant_constraints=163 
  2.18e-05s  0.00e+00d  [DetectDifferentVariables] 
  1.95e-06s  0.00e+00d  [ProcessSetPPC] 
  2.21e-06s  0.00e+00d  [FindAlmostIdenticalLinearConstraints] 
  9.19e-06s  0.00e+00d  [FindBigAtMostOneAndLinearOverlap] 
  1.39e-05s  6.12e-06d  [FindBigVerticalLinearOverlap] 
  1.69e-06s  0.00e+00d  [FindBigHorizontalLinearOverlap] 
  1.32e-06s  0.00e+00d  [MergeClauses] 
  5.28e-05s  0.00e+00d  [DetectDominanceRelations] 
  2.83e-04s  0.00e+00d  [PresolveToFixPoint] #num_loops=1 #num_dual_strengthening=1 
  1.42e-05s  0.00e+00d  [ExpandObjective] 

Presolve summary:
  - 190 affine relations were detected.
  - rule 'TODO dual: only one blocking constraint?' was applied 496 times.
  - rule 'TODO dual: only one unspecified blocking constraint?' was applied 155 times.
  - rule 'affine: new relation' was applied 190 times.
  - rule 'dual: fix variable' was applied 1 time.
  - rule 'dual: reduced domain' was applied 6 times.
  - rule 'intervals: removed unused interval' was applied 5 times.
  - rule 'lin_max: converted abs to equality' was applied 16 times.
  - rule 'lin_max: converted to equality' was applied 10 times.
  - rule 'lin_max: propagate domain from x to abs(x)' was applied 30 times.
  - rule 'lin_max: removed exprs' was applied 10 times.
  - rule 'lin_max: rewrite with precedences' was applied 23 times.
  - rule 'lin_max: target domain reduced' was applied 56 times.
  - rule 'lin_max: unused affine target' was applied 23 times.
  - rule 'linear1: x in domain' was applied 22 times.
  - rule 'linear: always true' was applied 35 times.
  - rule 'linear: fixed or dup variables' was applied 5 times.
  - rule 'linear: reduced variable domains' was applied 825 times.
  - rule 'linear: remapped using affine relations' was applied 417 times.
  - rule 'no_overlap: split into disjoint components' was applied 5 times.
  - rule 'objective: variable not used elsewhere' was applied 6 times.
  - rule 'presolve: 6 unused variables removed.' was applied 1 time.
  - rule 'presolve: iteration' was applied 2 times.

Presolved optimization model '': (model_fingerprint: 0xab9b7863f3bf2a3d)
#Variables: 204 (#ints: 51 in objective) (169 primary variables)
  - 194 different domains in [0,51148] with a largest complexity of 1.
#kInterval: 169
#kLinMax: 13 (#expressions: 26)
#kLinear2: 163
#kNoOverlap: 10 (#intervals: 169)
[Symmetry] Graph for symmetry has 734 nodes and 878 arcs.
[Symmetry] Symmetry computation done. time: 5.0178e-05 dtime: 7.535e-05

Preloading model.
#Bound   0.01s best:inf   next:[918,320463] initial_domain
#Model   0.01s var:204/204 constraints:355/355

Starting search at 0.01s with 104 workers.
18 full problem subsolvers: [core, default_lp, fixed, lb_tree_search, max_lp, no_lp, objective_lb_search, objective_lb_search_max_lp, objective_lb_search_no_lp, objective_shaving_max_lp, objective_shaving_no_lp, probing, probing_max_lp, probing_no_lp, pseudo_costs, quick_restart, quick_restart_no_lp, reduced_costs]
86 first solution subsolvers: [fj(25), fj_lin(12), fs_random(12), fs_random_no_lp(13), fs_random_quick_restart(12), fs_random_quick_restart_no_lp(12)]
45 interleaved subsolvers: [feasibility_pump, graph_arc_lns, graph_cst_lns, graph_dec_lns, graph_var_lns, lb_relax_lns, ls(19), ls_lin(10), rins/rens, rnd_cst_lns, rnd_var_lns, scheduling_intervals_lns, scheduling_precedences_lns, scheduling_resource_windows_lns, scheduling_time_window_lns, variables_shaving, variables_shaving_max_lp, variables_shaving_no_lp]
3 helper subsolvers: [neighborhood_helper, synchronization_agent, update_gap_integral]

#Bound   0.01s best:inf   next:[919,320463] bool_core (num_cores=1 [size:2 mw:1 d:1] a=50 d=1 fixed=0/51 clauses=0)
#Bound   0.01s best:inf   next:[920,320463] bool_core (num_cores=1 [cover] a=50 d=1 fixed=0/54 clauses=1)
#Bound   0.01s best:inf   next:[921,320463] bool_core (num_cores=1 [cover] a=50 d=1 fixed=1/57 clauses=3)
#Bound   0.01s best:inf   next:[922,320463] bool_core (num_cores=1 [cover] a=50 d=1 fixed=2/60 clauses=6)
#Bound   0.01s best:inf   next:[923,320463] bool_core (num_cores=1 [cover] a=50 d=1 fixed=3/63 clauses=10)
#Bound   0.01s best:inf   next:[924,320463] bool_core (num_cores=1 [cover] a=50 d=1 fixed=4/66 clauses=15)
#Bound   0.01s best:inf   next:[925,320463] bool_core (num_cores=1 [cover] a=50 d=1 fixed=5/69 clauses=21)
#Bound   0.01s best:inf   next:[926,320463] bool_core (num_cores=1 [cover] a=50 d=1 fixed=6/72 clauses=28)
#Bound   0.01s best:inf   next:[927,320463] bool_core (num_cores=1 [cover] a=50 d=1 fixed=7/75 clauses=36)
#Bound   0.01s best:inf   next:[928,320463] bool_core (num_cores=1 [cover] a=50 d=1 fixed=8/78 clauses=45)
#Bound   0.01s best:inf   next:[929,320463] bool_core (num_cores=1 [cover] a=50 d=1 fixed=9/81 clauses=55)
#Bound   0.01s best:inf   next:[930,320463] bool_core (num_cores=1 [cover] a=50 d=1 fixed=10/84 clauses=66)
#Bound   0.01s best:inf   next:[931,320463] bool_core (num_cores=1 [cover] a=50 d=1 fixed=11/87 clauses=78)
#Bound   0.01s best:inf   next:[932,320463] bool_core (num_cores=1 [cover] a=50 d=1 fixed=12/90 clauses=91)
#Bound   0.01s best:inf   next:[933,320463] bool_core (num_cores=1 [cover] a=50 d=1 fixed=13/93 clauses=105)
#Bound   0.01s best:inf   next:[934,320463] bool_core (num_cores=1 [cover] a=50 d=1 fixed=14/96 clauses=120)
#Bound   0.02s best:inf   next:[935,320463] bool_core (num_cores=1 [cover] a=50 d=1 fixed=15/99 clauses=136)
#Bound   0.02s best:inf   next:[936,320463] bool_core (num_cores=1 [cover] a=50 d=1 fixed=16/102 clauses=153)
#Bound   0.02s best:inf   next:[937,320463] bool_core (num_cores=1 [cover] a=50 d=1 fixed=17/105 clauses=171)
#Bound   0.02s best:inf   next:[938,320463] bool_core (num_cores=1 [cover] a=50 d=1 fixed=18/108 clauses=190)
#1       0.02s best:8625  next:[944,8624] no_lp
#2       0.02s best:8624  next:[1033,8623] quick_restart_no_lp
#3       0.02s best:3069  next:[1033,3068] no_lp
#4       0.02s best:3000  next:[1033,2999] ls_restart_decay_compound_perturb(batch:1 lin{mvs:0 evals:3} gen{mvs:3 evals:36} comp{mvs:3 btracks:0} #w_updates:0 #perturb:0)
#5       0.02s best:2933  next:[1033,2932] ls_restart_compound(batch:1 lin{mvs:0 evals:3} gen{mvs:5 evals:60} comp{mvs:5 btracks:0} #w_updates:0 #perturb:0)
#6       0.02s best:2931  next:[1033,2930] ls_lin_restart_compound(batch:1 lin{mvs:0 evals:2} gen{mvs:3 evals:35} comp{mvs:3 btracks:0} #w_updates:0 #perturb:0)
#7       0.03s best:2892  next:[1033,2891] ls_compound_perturb(batch:1 lin{mvs:0 evals:7} gen{mvs:102 evals:938} comp{mvs:14 btracks:44} #w_updates:2 #perturb:1) [combined with: ls_lin_restart_compo...]
#8       0.03s best:2843  next:[1219,2842] ls_restart_perturb(batch:1 lin{mvs:8 evals:230} gen{mvs:202 evals:3'089} #w_updates:70 #perturb:0)
#9       0.03s best:2712  next:[1219,2711] ls_restart_perturb(batch:1 lin{mvs:8 evals:230} gen{mvs:202 evals:3'089} #w_updates:70 #perturb:0) [combined with: ls_compound_perturb(...]
#10      0.03s best:2376  next:[1219,2375] ls_restart_decay(batch:1 lin{mvs:9 evals:92} gen{mvs:95 evals:1'157} #w_updates:22 #perturb:0)
#11      0.03s best:2169  next:[1219,2168] rins_pump_lns (d=5.00e-01 s=79 t=0.10 p=0.00 stall=0 h=base)
#12      0.04s best:2168  next:[1320,2167] quick_restart_no_lp
#13      0.05s best:2145  next:[1320,2144] ls_restart_decay_compound(batch:1 lin{mvs:0 evals:21} gen{mvs:12 evals:168} comp{mvs:6 btracks:3} #w_updates:0 #perturb:0)
#14      0.05s best:2144  next:[1320,2143] ls_lin_restart_compound_perturb(batch:1 lin{mvs:0 evals:12} gen{mvs:18 evals:121} comp{mvs:4 btracks:7} #w_updates:0 #perturb:0) [combined with: ls_restart_decay_com...]
#15      0.05s best:2115  next:[1320,2114] ls_restart_decay_compound_perturb(batch:1 lin{mvs:0 evals:5} gen{mvs:3 evals:33} comp{mvs:3 btracks:0} #w_updates:0 #perturb:0)
#16      0.05s best:1896  next:[1320,1895] ls_restart_decay(batch:1 lin{mvs:6 evals:128} gen{mvs:95 evals:1'315} #w_updates:42 #perturb:0)
#17      0.05s best:1895  next:[1320,1894] ls_decay_compound_perturb(batch:3 lin{mvs:0 evals:87} gen{mvs:1'108 evals:8'333} comp{mvs:48 btracks:530} #w_updates:23 #perturb:3) [combined with: ls_restart_decay(bat...]
#18      0.05s best:1887  next:[1320,1886] ls_restart_decay_compound_perturb(batch:1 lin{mvs:0 evals:2} gen{mvs:13 evals:119} comp{mvs:3 btracks:5} #w_updates:0 #perturb:0)
#19      0.05s best:1880  next:[1320,1879] ls_lin_restart_decay_compound(batch:1 lin{mvs:0 evals:223} gen{mvs:508 evals:3'327} comp{mvs:18 btracks:245} #w_updates:7 #perturb:0) [combined with: ls_restart_decay_com...]
#20      0.06s best:1871  next:[1320,1870] graph_arc_lns (d=5.00e-01 s=151 t=0.10 p=0.00 stall=0 h=base)
#21      0.06s best:1864  next:[1320,1863] graph_arc_lns (d=5.00e-01 s=151 t=0.10 p=0.00 stall=0 h=base) [combined with: ls_lin_restart_decay...]
#22      0.06s best:1863  next:[1320,1862] ls_lin_restart_decay_compound_perturb(batch:1 lin{mvs:0 evals:0} gen{mvs:2 evals:21} comp{mvs:2 btracks:0} #w_updates:0 #perturb:0)
#23      0.06s best:1827  next:[1320,1826] graph_var_lns (d=7.07e-01 s=132 t=0.10 p=1.00 stall=0 h=base) [combined with: ls_lin_restart_decay...]
#24      0.06s best:1826  next:[1320,1825] ls_restart_decay_compound_perturb(batch:1 lin{mvs:0 evals:0} gen{mvs:2 evals:20} comp{mvs:2 btracks:0} #w_updates:0 #perturb:0)
#25      0.07s best:1815  next:[1320,1814] ls_lin_restart_decay_compound_perturb(batch:1 lin{mvs:0 evals:2} gen{mvs:291 evals:2'902} comp{mvs:11 btracks:140} #w_updates:7 #perturb:0) [combined with: ls_restart_decay_com...]
#26      0.08s best:1755  next:[1320,1754] ls_restart_decay(batch:1 lin{mvs:9 evals:179} gen{mvs:470 evals:5'288} #w_updates:65 #perturb:0)
#27      0.08s best:1733  next:[1320,1732] ls_restart_decay_perturb(batch:1 lin{mvs:7 evals:69} gen{mvs:9 evals:108} #w_updates:0 #perturb:0)
#28      0.08s best:1732  next:[1320,1731] ls_lin_restart_compound(batch:1 lin{mvs:0 evals:3} gen{mvs:4 evals:56} comp{mvs:4 btracks:0} #w_updates:0 #perturb:0)
#29      0.09s best:1731  next:[1320,1730] quick_restart_no_lp
#30      0.10s best:1725  next:[1320,1724] ls_restart_decay_perturb(batch:1 lin{mvs:8 evals:87} gen{mvs:1'069 evals:7'860} #w_updates:129 #perturb:0)
#31      0.10s best:1719  next:[1320,1718] quick_restart_no_lp
#32      0.10s best:1718  next:[1320,1717] ls_restart_decay_compound_perturb(batch:1 lin{mvs:0 evals:1} gen{mvs:137 evals:1'216} comp{mvs:13 btracks:62} #w_updates:2 #perturb:0) [combined with: quick_restart_no_lp...]
#33      0.12s best:1717  next:[1320,1716] ls_restart_decay_perturb(batch:1 lin{mvs:10 evals:102} gen{mvs:279 evals:2'739} #w_updates:78 #perturb:0)
#34      0.13s best:1715  next:[1320,1714] ls_restart_decay_perturb(batch:1 lin{mvs:10 evals:107} gen{mvs:337 evals:3'292} #w_updates:64 #perturb:0)
#35      0.14s best:1601  next:[1320,1600] ls_restart_decay_compound(batch:1 lin{mvs:0 evals:994} gen{mvs:2'067 evals:17'276} comp{mvs:41 btracks:1'013} #w_updates:26 #perturb:0)
#36      0.14s best:1600  next:[1320,1599] ls_restart_compound(batch:1 lin{mvs:0 evals:1} gen{mvs:4 evals:33} comp{mvs:2 btracks:1} #w_updates:0 #perturb:0)
#37      0.14s best:1586  next:[1320,1585] quick_restart_no_lp
#38      0.14s best:1585  next:[1320,1584] ls_restart_compound(batch:1 lin{mvs:0 evals:18} gen{mvs:38 evals:324} comp{mvs:4 btracks:17} #w_updates:0 #perturb:0) [combined with: quick_restart_no_lp...]
#39      0.14s best:1584  next:[1320,1583] ls_restart_compound(batch:1 lin{mvs:0 evals:8} gen{mvs:14 evals:128} comp{mvs:4 btracks:5} #w_updates:0 #perturb:0)
#40      0.14s best:1563  next:[1320,1562] quick_restart
#41      0.14s best:1561  next:[1320,1560] ls_restart_compound(batch:1 lin{mvs:0 evals:33} gen{mvs:34 evals:322} comp{mvs:10 btracks:12} #w_updates:0 #perturb:0)
#42      0.14s best:1557  next:[1320,1556] ls_restart_compound(batch:1 lin{mvs:0 evals:33} gen{mvs:34 evals:322} comp{mvs:10 btracks:12} #w_updates:0 #perturb:0) [combined with: ls_restart_compound(...]
#43      0.15s best:1533  next:[1320,1532] quick_restart_no_lp
#44      0.15s best:1532  next:[1320,1531] quick_restart_no_lp
#45      0.17s best:1516  next:[1320,1515] ls_restart_decay_perturb(batch:1 lin{mvs:6 evals:437} gen{mvs:534 evals:6'414} #w_updates:166 #perturb:0)
#46      0.22s best:1515  next:[1361,1514] ls_lin_restart_perturb(batch:1 lin{mvs:4 evals:39} gen{mvs:320 evals:5'614} #w_updates:584 #perturb:0)
#Done    0.81s probing_no_lp
#Done    0.81s core
#Done    0.81s probing
#Bound   0.81s best:1515  next:[1502,1514] objective_lb_search_max_lp [skipped_logs=67]

Task timing                                  n [     min,      max]      avg      dev     time         n [     min,      max]      avg      dev    dtime
                             'core':         1 [807.22ms, 807.22ms] 807.22ms   0.00ns 807.22ms         1 [671.26ms, 671.26ms] 671.26ms   0.00ns 671.26ms
                       'default_lp':         1 [800.12ms, 800.12ms] 800.12ms   0.00ns 800.12ms         1 [132.26ms, 132.26ms] 132.26ms   0.00ns 132.26ms
                 'feasibility_pump':       141 [ 77.82us,   1.53ms] 119.79us 142.68us  16.89ms       139 [ 29.51us, 367.78us]  32.15us  28.68us   4.47ms
                            'fixed':         1 [800.02ms, 800.02ms] 800.02ms   0.00ns 800.02ms         1 [219.66ms, 219.66ms] 219.66ms   0.00ns 219.66ms
                               'fj':         0 [  0.00ns,   0.00ns]   0.00ns   0.00ns   0.00ns         0 [  0.00ns,   0.00ns]   0.00ns   0.00ns   0.00ns
                               'fj':         0 [  0.00ns,   0.00ns]   0.00ns   0.00ns   0.00ns         0 [  0.00ns,   0.00ns]   0.00ns   0.00ns   0.00ns
                               'fj':         0 [  0.00ns,   0.00ns]   0.00ns   0.00ns   0.00ns         0 [  0.00ns,   0.00ns]   0.00ns   0.00ns   0.00ns
                               'fj':         0 [  0.00ns,   0.00ns]   0.00ns   0.00ns   0.00ns         0 [  0.00ns,   0.00ns]   0.00ns   0.00ns   0.00ns
                               'fj':         0 [  0.00ns,   0.00ns]   0.00ns   0.00ns   0.00ns         0 [  0.00ns,   0.00ns]   0.00ns   0.00ns   0.00ns
                               'fj':         0 [  0.00ns,   0.00ns]   0.00ns   0.00ns   0.00ns         0 [  0.00ns,   0.00ns]   0.00ns   0.00ns   0.00ns
                               'fj':         0 [  0.00ns,   0.00ns]   0.00ns   0.00ns   0.00ns         0 [  0.00ns,   0.00ns]   0.00ns   0.00ns   0.00ns
                               'fj':         0 [  0.00ns,   0.00ns]   0.00ns   0.00ns   0.00ns         0 [  0.00ns,   0.00ns]   0.00ns   0.00ns   0.00ns
                               'fj':         0 [  0.00ns,   0.00ns]   0.00ns   0.00ns   0.00ns         0 [  0.00ns,   0.00ns]   0.00ns   0.00ns   0.00ns
                               'fj':         0 [  0.00ns,   0.00ns]   0.00ns   0.00ns   0.00ns         0 [  0.00ns,   0.00ns]   0.00ns   0.00ns   0.00ns
                               'fj':         0 [  0.00ns,   0.00ns]   0.00ns   0.00ns   0.00ns         0 [  0.00ns,   0.00ns]   0.00ns   0.00ns   0.00ns
                               'fj':         0 [  0.00ns,   0.00ns]   0.00ns   0.00ns   0.00ns         0 [  0.00ns,   0.00ns]   0.00ns   0.00ns   0.00ns
                               'fj':         0 [  0.00ns,   0.00ns]   0.00ns   0.00ns   0.00ns         0 [  0.00ns,   0.00ns]   0.00ns   0.00ns   0.00ns
                               'fj':         0 [  0.00ns,   0.00ns]   0.00ns   0.00ns   0.00ns         0 [  0.00ns,   0.00ns]   0.00ns   0.00ns   0.00ns
                               'fj':         0 [  0.00ns,   0.00ns]   0.00ns   0.00ns   0.00ns         0 [  0.00ns,   0.00ns]   0.00ns   0.00ns   0.00ns
                               'fj':         0 [  0.00ns,   0.00ns]   0.00ns   0.00ns   0.00ns         0 [  0.00ns,   0.00ns]   0.00ns   0.00ns   0.00ns
                               'fj':         0 [  0.00ns,   0.00ns]   0.00ns   0.00ns   0.00ns         0 [  0.00ns,   0.00ns]   0.00ns   0.00ns   0.00ns
                               'fj':         0 [  0.00ns,   0.00ns]   0.00ns   0.00ns   0.00ns         0 [  0.00ns,   0.00ns]   0.00ns   0.00ns   0.00ns
                               'fj':         0 [  0.00ns,   0.00ns]   0.00ns   0.00ns   0.00ns         0 [  0.00ns,   0.00ns]   0.00ns   0.00ns   0.00ns
                               'fj':         0 [  0.00ns,   0.00ns]   0.00ns   0.00ns   0.00ns         0 [  0.00ns,   0.00ns]   0.00ns   0.00ns   0.00ns
                               'fj':         0 [  0.00ns,   0.00ns]   0.00ns   0.00ns   0.00ns         0 [  0.00ns,   0.00ns]   0.00ns   0.00ns   0.00ns
                               'fj':         0 [  0.00ns,   0.00ns]   0.00ns   0.00ns   0.00ns         0 [  0.00ns,   0.00ns]   0.00ns   0.00ns   0.00ns
                               'fj':         0 [  0.00ns,   0.00ns]   0.00ns   0.00ns   0.00ns         0 [  0.00ns,   0.00ns]   0.00ns   0.00ns   0.00ns
                               'fj':         0 [  0.00ns,   0.00ns]   0.00ns   0.00ns   0.00ns         0 [  0.00ns,   0.00ns]   0.00ns   0.00ns   0.00ns
                               'fj':         0 [  0.00ns,   0.00ns]   0.00ns   0.00ns   0.00ns         0 [  0.00ns,   0.00ns]   0.00ns   0.00ns   0.00ns
                           'fj_lin':         0 [  0.00ns,   0.00ns]   0.00ns   0.00ns   0.00ns         0 [  0.00ns,   0.00ns]   0.00ns   0.00ns   0.00ns
                           'fj_lin':         0 [  0.00ns,   0.00ns]   0.00ns   0.00ns   0.00ns         0 [  0.00ns,   0.00ns]   0.00ns   0.00ns   0.00ns
                           'fj_lin':         0 [  0.00ns,   0.00ns]   0.00ns   0.00ns   0.00ns         0 [  0.00ns,   0.00ns]   0.00ns   0.00ns   0.00ns
                           'fj_lin':         0 [  0.00ns,   0.00ns]   0.00ns   0.00ns   0.00ns         0 [  0.00ns,   0.00ns]   0.00ns   0.00ns   0.00ns
                           'fj_lin':         0 [  0.00ns,   0.00ns]   0.00ns   0.00ns   0.00ns         0 [  0.00ns,   0.00ns]   0.00ns   0.00ns   0.00ns
                           'fj_lin':         0 [  0.00ns,   0.00ns]   0.00ns   0.00ns   0.00ns         0 [  0.00ns,   0.00ns]   0.00ns   0.00ns   0.00ns
                           'fj_lin':         0 [  0.00ns,   0.00ns]   0.00ns   0.00ns   0.00ns         0 [  0.00ns,   0.00ns]   0.00ns   0.00ns   0.00ns
                           'fj_lin':         0 [  0.00ns,   0.00ns]   0.00ns   0.00ns   0.00ns         0 [  0.00ns,   0.00ns]   0.00ns   0.00ns   0.00ns
                           'fj_lin':         0 [  0.00ns,   0.00ns]   0.00ns   0.00ns   0.00ns         0 [  0.00ns,   0.00ns]   0.00ns   0.00ns   0.00ns
                           'fj_lin':         0 [  0.00ns,   0.00ns]   0.00ns   0.00ns   0.00ns         0 [  0.00ns,   0.00ns]   0.00ns   0.00ns   0.00ns
                           'fj_lin':         0 [  0.00ns,   0.00ns]   0.00ns   0.00ns   0.00ns         0 [  0.00ns,   0.00ns]   0.00ns   0.00ns   0.00ns
                           'fj_lin':         0 [  0.00ns,   0.00ns]   0.00ns   0.00ns   0.00ns         0 [  0.00ns,   0.00ns]   0.00ns   0.00ns   0.00ns
                        'fs_random':         0 [  0.00ns,   0.00ns]   0.00ns   0.00ns   0.00ns         0 [  0.00ns,   0.00ns]   0.00ns   0.00ns   0.00ns
                        'fs_random':         0 [  0.00ns,   0.00ns]   0.00ns   0.00ns   0.00ns         0 [  0.00ns,   0.00ns]   0.00ns   0.00ns   0.00ns
                        'fs_random':         0 [  0.00ns,   0.00ns]   0.00ns   0.00ns   0.00ns         0 [  0.00ns,   0.00ns]   0.00ns   0.00ns   0.00ns
                        'fs_random':         0 [  0.00ns,   0.00ns]   0.00ns   0.00ns   0.00ns         0 [  0.00ns,   0.00ns]   0.00ns   0.00ns   0.00ns
                        'fs_random':         0 [  0.00ns,   0.00ns]   0.00ns   0.00ns   0.00ns         0 [  0.00ns,   0.00ns]   0.00ns   0.00ns   0.00ns
                        'fs_random':         0 [  0.00ns,   0.00ns]   0.00ns   0.00ns   0.00ns         0 [  0.00ns,   0.00ns]   0.00ns   0.00ns   0.00ns
                        'fs_random':         0 [  0.00ns,   0.00ns]   0.00ns   0.00ns   0.00ns         0 [  0.00ns,   0.00ns]   0.00ns   0.00ns   0.00ns
                        'fs_random':         0 [  0.00ns,   0.00ns]   0.00ns   0.00ns   0.00ns         0 [  0.00ns,   0.00ns]   0.00ns   0.00ns   0.00ns
                        'fs_random':         0 [  0.00ns,   0.00ns]   0.00ns   0.00ns   0.00ns         0 [  0.00ns,   0.00ns]   0.00ns   0.00ns   0.00ns
                        'fs_random':         0 [  0.00ns,   0.00ns]   0.00ns   0.00ns   0.00ns         0 [  0.00ns,   0.00ns]   0.00ns   0.00ns   0.00ns
                        'fs_random':         0 [  0.00ns,   0.00ns]   0.00ns   0.00ns   0.00ns         0 [  0.00ns,   0.00ns]   0.00ns   0.00ns   0.00ns
                        'fs_random':         0 [  0.00ns,   0.00ns]   0.00ns   0.00ns   0.00ns         0 [  0.00ns,   0.00ns]   0.00ns   0.00ns   0.00ns
                  'fs_random_no_lp':         0 [  0.00ns,   0.00ns]   0.00ns   0.00ns   0.00ns         0 [  0.00ns,   0.00ns]   0.00ns   0.00ns   0.00ns
                  'fs_random_no_lp':         0 [  0.00ns,   0.00ns]   0.00ns   0.00ns   0.00ns         0 [  0.00ns,   0.00ns]   0.00ns   0.00ns   0.00ns
                  'fs_random_no_lp':         0 [  0.00ns,   0.00ns]   0.00ns   0.00ns   0.00ns         0 [  0.00ns,   0.00ns]   0.00ns   0.00ns   0.00ns
                  'fs_random_no_lp':         0 [  0.00ns,   0.00ns]   0.00ns   0.00ns   0.00ns         0 [  0.00ns,   0.00ns]   0.00ns   0.00ns   0.00ns
                  'fs_random_no_lp':         0 [  0.00ns,   0.00ns]   0.00ns   0.00ns   0.00ns         0 [  0.00ns,   0.00ns]   0.00ns   0.00ns   0.00ns
                  'fs_random_no_lp':         0 [  0.00ns,   0.00ns]   0.00ns   0.00ns   0.00ns         0 [  0.00ns,   0.00ns]   0.00ns   0.00ns   0.00ns
                  'fs_random_no_lp':         0 [  0.00ns,   0.00ns]   0.00ns   0.00ns   0.00ns         0 [  0.00ns,   0.00ns]   0.00ns   0.00ns   0.00ns
                  'fs_random_no_lp':         0 [  0.00ns,   0.00ns]   0.00ns   0.00ns   0.00ns         0 [  0.00ns,   0.00ns]   0.00ns   0.00ns   0.00ns
                  'fs_random_no_lp':         0 [  0.00ns,   0.00ns]   0.00ns   0.00ns   0.00ns         0 [  0.00ns,   0.00ns]   0.00ns   0.00ns   0.00ns
                  'fs_random_no_lp':         0 [  0.00ns,   0.00ns]   0.00ns   0.00ns   0.00ns         0 [  0.00ns,   0.00ns]   0.00ns   0.00ns   0.00ns
                  'fs_random_no_lp':         0 [  0.00ns,   0.00ns]   0.00ns   0.00ns   0.00ns         0 [  0.00ns,   0.00ns]   0.00ns   0.00ns   0.00ns
                  'fs_random_no_lp':         0 [  0.00ns,   0.00ns]   0.00ns   0.00ns   0.00ns         0 [  0.00ns,   0.00ns]   0.00ns   0.00ns   0.00ns
                  'fs_random_no_lp':         0 [  0.00ns,   0.00ns]   0.00ns   0.00ns   0.00ns         0 [  0.00ns,   0.00ns]   0.00ns   0.00ns   0.00ns
          'fs_random_quick_restart':         0 [  0.00ns,   0.00ns]   0.00ns   0.00ns   0.00ns         0 [  0.00ns,   0.00ns]   0.00ns   0.00ns   0.00ns
          'fs_random_quick_restart':         0 [  0.00ns,   0.00ns]   0.00ns   0.00ns   0.00ns         0 [  0.00ns,   0.00ns]   0.00ns   0.00ns   0.00ns
          'fs_random_quick_restart':         0 [  0.00ns,   0.00ns]   0.00ns   0.00ns   0.00ns         0 [  0.00ns,   0.00ns]   0.00ns   0.00ns   0.00ns
          'fs_random_quick_restart':         0 [  0.00ns,   0.00ns]   0.00ns   0.00ns   0.00ns         0 [  0.00ns,   0.00ns]   0.00ns   0.00ns   0.00ns
          'fs_random_quick_restart':         0 [  0.00ns,   0.00ns]   0.00ns   0.00ns   0.00ns         0 [  0.00ns,   0.00ns]   0.00ns   0.00ns   0.00ns
          'fs_random_quick_restart':         0 [  0.00ns,   0.00ns]   0.00ns   0.00ns   0.00ns         0 [  0.00ns,   0.00ns]   0.00ns   0.00ns   0.00ns
          'fs_random_quick_restart':         0 [  0.00ns,   0.00ns]   0.00ns   0.00ns   0.00ns         0 [  0.00ns,   0.00ns]   0.00ns   0.00ns   0.00ns
          'fs_random_quick_restart':         0 [  0.00ns,   0.00ns]   0.00ns   0.00ns   0.00ns         0 [  0.00ns,   0.00ns]   0.00ns   0.00ns   0.00ns
          'fs_random_quick_restart':         0 [  0.00ns,   0.00ns]   0.00ns   0.00ns   0.00ns         0 [  0.00ns,   0.00ns]   0.00ns   0.00ns   0.00ns
          'fs_random_quick_restart':         0 [  0.00ns,   0.00ns]   0.00ns   0.00ns   0.00ns         0 [  0.00ns,   0.00ns]   0.00ns   0.00ns   0.00ns
          'fs_random_quick_restart':         0 [  0.00ns,   0.00ns]   0.00ns   0.00ns   0.00ns         0 [  0.00ns,   0.00ns]   0.00ns   0.00ns   0.00ns
          'fs_random_quick_restart':         0 [  0.00ns,   0.00ns]   0.00ns   0.00ns   0.00ns         0 [  0.00ns,   0.00ns]   0.00ns   0.00ns   0.00ns
    'fs_random_quick_restart_no_lp':         0 [  0.00ns,   0.00ns]   0.00ns   0.00ns   0.00ns         0 [  0.00ns,   0.00ns]   0.00ns   0.00ns   0.00ns
    'fs_random_quick_restart_no_lp':         0 [  0.00ns,   0.00ns]   0.00ns   0.00ns   0.00ns         0 [  0.00ns,   0.00ns]   0.00ns   0.00ns   0.00ns
    'fs_random_quick_restart_no_lp':         0 [  0.00ns,   0.00ns]   0.00ns   0.00ns   0.00ns         0 [  0.00ns,   0.00ns]   0.00ns   0.00ns   0.00ns
    'fs_random_quick_restart_no_lp':         0 [  0.00ns,   0.00ns]   0.00ns   0.00ns   0.00ns         0 [  0.00ns,   0.00ns]   0.00ns   0.00ns   0.00ns
    'fs_random_quick_restart_no_lp':         0 [  0.00ns,   0.00ns]   0.00ns   0.00ns   0.00ns         0 [  0.00ns,   0.00ns]   0.00ns   0.00ns   0.00ns
    'fs_random_quick_restart_no_lp':         0 [  0.00ns,   0.00ns]   0.00ns   0.00ns   0.00ns         0 [  0.00ns,   0.00ns]   0.00ns   0.00ns   0.00ns
    'fs_random_quick_restart_no_lp':         0 [  0.00ns,   0.00ns]   0.00ns   0.00ns   0.00ns         0 [  0.00ns,   0.00ns]   0.00ns   0.00ns   0.00ns
    'fs_random_quick_restart_no_lp':         0 [  0.00ns,   0.00ns]   0.00ns   0.00ns   0.00ns         0 [  0.00ns,   0.00ns]   0.00ns   0.00ns   0.00ns
    'fs_random_quick_restart_no_lp':         0 [  0.00ns,   0.00ns]   0.00ns   0.00ns   0.00ns         0 [  0.00ns,   0.00ns]   0.00ns   0.00ns   0.00ns
    'fs_random_quick_restart_no_lp':         0 [  0.00ns,   0.00ns]   0.00ns   0.00ns   0.00ns         0 [  0.00ns,   0.00ns]   0.00ns   0.00ns   0.00ns
    'fs_random_quick_restart_no_lp':         0 [  0.00ns,   0.00ns]   0.00ns   0.00ns   0.00ns         0 [  0.00ns,   0.00ns]   0.00ns   0.00ns   0.00ns
    'fs_random_quick_restart_no_lp':         0 [  0.00ns,   0.00ns]   0.00ns   0.00ns   0.00ns         0 [  0.00ns,   0.00ns]   0.00ns   0.00ns   0.00ns
                    'graph_arc_lns':        12 [  6.43ms, 501.22ms] 182.40ms 161.92ms    2.19s        12 [184.68us, 100.04ms]  33.85ms  39.02ms 406.22ms
                    'graph_cst_lns':        11 [  4.46ms, 557.21ms] 186.75ms 192.73ms    2.05s        11 [120.33us, 100.01ms]  31.65ms  38.18ms 348.19ms
                    'graph_dec_lns':        10 [  4.47ms, 466.63ms] 220.77ms 168.02ms    2.21s        10 [ 84.93us, 100.05ms]  42.13ms  41.14ms 421.28ms
                    'graph_var_lns':        10 [ 11.34ms, 436.04ms] 229.17ms 168.40ms    2.29s        10 [721.23us, 100.06ms]  65.26ms  43.31ms 652.61ms
                     'lb_relax_lns':         9 [182.16us, 798.99ms] 256.45ms 345.87ms    2.31s         4 [ 17.82ms, 267.14ms] 130.75ms  90.55ms 522.99ms
                   'lb_tree_search':         1 [812.98ms, 812.98ms] 812.98ms   0.00ns 812.98ms         1 [ 85.90ms,  85.90ms]  85.90ms   0.00ns  85.90ms
                               'ls':        13 [854.42us,  82.89ms]  60.57ms  25.08ms 787.41ms        13 [294.98us, 100.06ms]  81.37ms  33.48ms    1.06s
                               'ls':        14 [  5.25ms,  66.48ms]  56.04ms  16.86ms 784.52ms        14 [ 16.21ms, 100.10ms]  89.37ms  26.36ms    1.25s
                               'ls':        14 [  9.18ms,  66.49ms]  55.93ms  16.21ms 782.96ms        14 [ 10.70ms, 100.09ms]  91.36ms  23.86ms    1.28s
                               'ls':        14 [ 12.69ms,  70.10ms]  56.22ms  13.71ms 787.02ms        14 [ 21.82ms, 100.18ms]  91.39ms  21.40ms    1.28s
                               'ls':        15 [  3.48ms,  65.85ms]  52.12ms  20.63ms 781.83ms        15 [  5.43ms, 100.06ms]  82.88ms  33.06ms    1.24s
                               'ls':        15 [  8.32ms,  67.95ms]  52.34ms  21.38ms 785.17ms        15 [  9.93ms, 100.07ms]  83.04ms  34.02ms    1.25s
                               'ls':        15 [  9.02ms,  65.19ms]  52.27ms  18.06ms 784.12ms        15 [ 11.81ms, 100.08ms]  84.24ms  28.64ms    1.26s
                               'ls':        15 [ 12.92ms,  68.24ms]  52.62ms  17.30ms 789.23ms        15 [ 30.63ms, 100.09ms]  87.75ms  23.54ms    1.32s
                               'ls':        16 [  2.58ms,  69.00ms]  49.30ms  15.25ms 788.75ms        16 [  1.34ms, 100.07ms]  90.05ms  27.22ms    1.44s
                               'ls':        16 [  3.48ms,  67.69ms]  49.23ms  22.97ms 787.61ms        16 [  4.99ms, 100.06ms]  76.34ms  35.27ms    1.22s
                               'ls':        16 [225.16us,  65.12ms]  49.39ms  21.62ms 790.24ms        16 [113.86us, 100.06ms]  82.35ms  34.77ms    1.32s
                               'ls':        17 [  1.37ms,  65.05ms]  46.56ms  21.80ms 791.49ms        17 [  3.11ms, 100.10ms]  77.57ms  37.78ms    1.32s
                               'ls':        17 [  5.04ms,  63.27ms]  45.97ms  21.40ms 781.44ms        17 [  6.09ms, 100.07ms]  77.22ms  32.95ms    1.31s
                               'ls':        17 [277.35us,  70.36ms]  45.98ms  26.60ms 781.74ms        17 [163.12us, 100.07ms]  70.38ms  40.94ms    1.20s
                               'ls':        17 [293.95us,  66.22ms]  46.52ms  21.43ms 790.85ms        17 [229.30us, 100.10ms]  75.00ms  35.53ms    1.27s
                               'ls':        17 [522.62us,  64.86ms]  46.71ms  22.37ms 794.09ms        17 [508.76us, 100.06ms]  75.88ms  37.05ms    1.29s
                               'ls':        18 [585.67us,  69.02ms]  43.50ms  27.36ms 782.98ms        18 [740.44us, 100.05ms]  67.26ms  41.73ms    1.21s
                               'ls':        18 [601.51us,  65.77ms]  43.88ms  23.73ms 789.88ms        18 [785.92us, 100.14ms]  69.79ms  37.48ms    1.26s
                               'ls':        20 [576.00us,  51.86ms]  36.73ms  17.13ms 734.58ms        20 [651.51us, 100.07ms]  75.22ms  36.16ms    1.50s
                           'ls_lin':        15 [  5.10ms,  66.84ms]  52.40ms  17.85ms 785.96ms        15 [  7.30ms, 100.06ms]  84.63ms  29.11ms    1.27s
                           'ls_lin':        15 [ 13.61ms,  68.04ms]  52.92ms  17.17ms 793.76ms        15 [ 23.51ms, 100.07ms]  83.82ms  27.39ms    1.26s
                           'ls_lin':        16 [  4.36ms,  69.67ms]  49.10ms  21.98ms 785.67ms        16 [  6.65ms, 100.06ms]  77.58ms  35.68ms    1.24s
                           'ls_lin':        17 [  5.45ms,  53.77ms]  46.29ms  10.88ms 786.98ms        17 [  6.88ms, 100.12ms]  92.55ms  22.87ms    1.57s
                           'ls_lin':        17 [135.25us,  67.46ms]  46.11ms  21.72ms 783.88ms        16 [654.62us, 100.14ms]  86.83ms  28.13ms    1.39s
                           'ls_lin':        18 [ 11.34ms,  53.48ms]  43.64ms  12.83ms 785.44ms        18 [ 21.27ms, 100.10ms]  87.13ms  25.24ms    1.57s
                           'ls_lin':        18 [ 94.49us,  66.85ms]  43.49ms  25.93ms 782.86ms        16 [188.40us, 100.08ms]  80.58ms  34.51ms    1.29s
                           'ls_lin':        18 [393.37us,  59.68ms]  43.70ms  18.22ms 786.67ms        18 [351.15us, 100.09ms]  82.00ms  33.13ms    1.48s
                           'ls_lin':        19 [230.15us,  53.76ms]  41.30ms  15.85ms 784.75ms        19 [116.36us, 100.08ms]  82.08ms  32.57ms    1.56s
                           'ls_lin':        20 [888.93us,  52.22ms]  37.03ms  17.10ms 740.64ms        20 [  1.81ms, 100.09ms]  75.09ms  36.07ms    1.50s
                           'max_lp':         1 [799.11ms, 799.11ms] 799.11ms   0.00ns 799.11ms         1 [131.11ms, 131.11ms] 131.11ms   0.00ns 131.11ms
                            'no_lp':         1 [806.04ms, 806.04ms] 806.04ms   0.00ns 806.04ms         1 [178.47ms, 178.47ms] 178.47ms   0.00ns 178.47ms
              'objective_lb_search':         1 [797.50ms, 797.50ms] 797.50ms   0.00ns 797.50ms         1 [142.67ms, 142.67ms] 142.67ms   0.00ns 142.67ms
       'objective_lb_search_max_lp':         1 [795.24ms, 795.24ms] 795.24ms   0.00ns 795.24ms         1 [ 82.29ms,  82.29ms]  82.29ms   0.00ns  82.29ms
        'objective_lb_search_no_lp':         1 [799.53ms, 799.53ms] 799.53ms   0.00ns 799.53ms         1 [158.94ms, 158.94ms] 158.94ms   0.00ns 158.94ms
         'objective_shaving_max_lp':        78 [510.63us,  15.70ms]   6.68ms   4.56ms 520.90ms        60 [  1.60us, 142.05us]  54.95us  32.38us   3.30ms
          'objective_shaving_no_lp':        78 [403.91us,  13.68ms]   6.52ms   4.41ms 508.26ms        54 [  1.60us,  54.74us]  41.08us  16.34us   2.22ms
                          'probing':         1 [812.18ms, 812.18ms] 812.18ms   0.00ns 812.18ms         1 [ 23.49ms,  23.49ms]  23.49ms   0.00ns  23.49ms
                   'probing_max_lp':         1 [813.62ms, 813.62ms] 813.62ms   0.00ns 813.62ms         1 [ 25.48ms,  25.48ms]  25.48ms   0.00ns  25.48ms
                    'probing_no_lp':         1 [794.69ms, 794.69ms] 794.69ms   0.00ns 794.69ms         1 [132.41ms, 132.41ms] 132.41ms   0.00ns 132.41ms
                     'pseudo_costs':         1 [812.08ms, 812.08ms] 812.08ms   0.00ns 812.08ms         1 [146.47ms, 146.47ms] 146.47ms   0.00ns 146.47ms
                    'quick_restart':         1 [799.22ms, 799.22ms] 799.22ms   0.00ns 799.22ms         1 [117.80ms, 117.80ms] 117.80ms   0.00ns 117.80ms
              'quick_restart_no_lp':         1 [798.98ms, 798.98ms] 798.98ms   0.00ns 798.98ms         1 [258.64ms, 258.64ms] 258.64ms   0.00ns 258.64ms
                    'reduced_costs':         1 [816.09ms, 816.09ms] 816.09ms   0.00ns 816.09ms         1 [135.27ms, 135.27ms] 135.27ms   0.00ns 135.27ms
                        'rins/rens':         8 [239.03us, 765.86ms] 327.09ms 337.65ms    2.62s         5 [280.23us, 100.00ms]  62.31ms  33.69ms 311.56ms
                      'rnd_cst_lns':        21 [  6.56ms, 538.64ms] 121.56ms 143.18ms    2.55s        20 [ 94.64us, 100.03ms]  22.75ms  33.33ms 455.01ms
                      'rnd_var_lns':         9 [  3.13ms, 536.62ms] 233.97ms 195.81ms    2.11s         9 [ 86.58us, 100.01ms]  48.54ms  44.74ms 436.86ms
         'scheduling_intervals_lns':         4 [756.16ms, 806.47ms] 777.42ms  18.94ms    3.11s         4 [ 30.52ms,  68.49ms]  51.17ms  13.55ms 204.69ms
       'scheduling_precedences_lns':         5 [262.35ms, 806.02ms] 599.87ms 225.43ms    3.00s         5 [ 15.15ms,  59.81ms]  41.67ms  14.97ms 208.35ms
  'scheduling_resource_windows_lns':         7 [ 87.96ms, 561.81ms] 355.71ms 181.71ms    2.49s         7 [ 31.68ms, 100.02ms]  73.39ms  30.87ms 513.76ms
       'scheduling_time_window_lns':         4 [481.18ms, 798.26ms] 701.73ms 128.23ms    2.81s         4 [ 40.83ms,  48.74ms]  44.55ms   2.83ms 178.21ms
                'variables_shaving':        95 [  5.77ms,  75.87ms]  24.39ms  16.70ms    2.32s        95 [199.63us,   6.07ms] 986.35us   1.05ms  93.70ms
         'variables_shaving_max_lp':        77 [ 36.31ms, 376.23ms] 112.77ms  80.48ms    8.68s        77 [  6.65ms,  60.18ms]  16.00ms  10.80ms    1.23s
          'variables_shaving_no_lp':        94 [  7.23ms, 371.18ms]  42.73ms  54.41ms    4.02s        94 [191.17us,  20.99ms]   2.10ms   3.09ms 197.62ms

Search stats                        Bools  Conflicts  Branches  Restarts  BoolPropag  IntegerPropag
                           'core':  5'570        987    13'284     2'944   1'813'023        338'702
                     'default_lp':    806      3'337     8'532     1'223     200'055        878'833
                          'fixed':    999      4'083     8'524       655     686'970      1'212'995
                      'fs_random':      0          0         0         0           0              0
                      'fs_random':      0          0         0         0           0              0
                      'fs_random':      0          0         0         0           0              0
                      'fs_random':      0          0         0         0           0              0
                      'fs_random':      0          0         0         0           0              0
                      'fs_random':      0          0         0         0           0              0
                      'fs_random':      0          0         0         0           0              0
                      'fs_random':      0          0         0         0           0              0
                      'fs_random':      0          0         0         0           0              0
                      'fs_random':      0          0         0         0           0              0
                      'fs_random':      0          0         0         0           0              0
                      'fs_random':      0          0         0         0           0              0
                'fs_random_no_lp':      0          0         0         0           0              0
                'fs_random_no_lp':      0          0         0         0           0              0
                'fs_random_no_lp':      0          0         0         0           0              0
                'fs_random_no_lp':      0          0         0         0           0              0
                'fs_random_no_lp':      0          0         0         0           0              0
                'fs_random_no_lp':      0          0         0         0           0              0
                'fs_random_no_lp':      0          0         0         0           0              0
                'fs_random_no_lp':      0          0         0         0           0              0
                'fs_random_no_lp':      0          0         0         0           0              0
                'fs_random_no_lp':      0          0         0         0           0              0
                'fs_random_no_lp':      0          0         0         0           0              0
                'fs_random_no_lp':      0          0         0         0           0              0
                'fs_random_no_lp':      0          0         0         0           0              0
        'fs_random_quick_restart':      0          0         0         0           0              0
        'fs_random_quick_restart':      0          0         0         0           0              0
        'fs_random_quick_restart':      0          0         0         0           0              0
        'fs_random_quick_restart':      0          0         0         0           0              0
        'fs_random_quick_restart':      0          0         0         0           0              0
        'fs_random_quick_restart':      0          0         0         0           0              0
        'fs_random_quick_restart':      0          0         0         0           0              0
        'fs_random_quick_restart':      0          0         0         0           0              0
        'fs_random_quick_restart':      0          0         0         0           0              0
        'fs_random_quick_restart':      0          0         0         0           0              0
        'fs_random_quick_restart':      0          0         0         0           0              0
        'fs_random_quick_restart':      0          0         0         0           0              0
  'fs_random_quick_restart_no_lp':      0          0         0         0           0              0
  'fs_random_quick_restart_no_lp':      0          0         0         0           0              0
  'fs_random_quick_restart_no_lp':      0          0         0         0           0              0
  'fs_random_quick_restart_no_lp':      0          0         0         0           0              0
  'fs_random_quick_restart_no_lp':      0          0         0         0           0              0
  'fs_random_quick_restart_no_lp':      0          0         0         0           0              0
  'fs_random_quick_restart_no_lp':      0          0         0         0           0              0
  'fs_random_quick_restart_no_lp':      0          0         0         0           0              0
  'fs_random_quick_restart_no_lp':      0          0         0         0           0              0
  'fs_random_quick_restart_no_lp':      0          0         0         0           0              0
  'fs_random_quick_restart_no_lp':      0          0         0         0           0              0
  'fs_random_quick_restart_no_lp':      0          0         0         0           0              0
                 'lb_tree_search':  1'375         54     9'795     5'229      37'351        100'588
                         'max_lp':    419        953     5'872       854      60'159        304'661
                          'no_lp':    547      3'538    13'255     1'974     319'678      1'047'312
            'objective_lb_search':    474      2'632    10'422       712     188'733      1'024'195
     'objective_lb_search_max_lp':  1'392        186     7'476     5'275      36'634        105'212
      'objective_lb_search_no_lp':    774      2'874    17'981       842     284'544      1'037'925
                        'probing':  1'784         47     4'515     3'557      53'664         89'157
                 'probing_max_lp':  1'417         15     2'819     2'819       2'463         21'255
                  'probing_no_lp':  1'840      1'741     9'169     4'876     253'758        636'647
                   'pseudo_costs':    404        869     7'280     2'308      33'454        230'821
                  'quick_restart':  1'225      1'592    16'368     1'616     175'565        754'241
            'quick_restart_no_lp':  1'635      3'327    33'119     3'014     661'510      1'395'597
                  'reduced_costs':  1'652        703     9'038     5'517      93'899        202'484

SAT stats                           ClassicMinim  LitRemoved  LitLearned  LitForgotten  Subsumed  MClauses  MDecisions  MLitTrue  MSubsumed  MLitRemoved  MReused
                           'core':           359       1'871       1'395             0         1     6'007       7'720         0        394        1'205    3'972
                     'default_lp':         3'223      10'215      33'028             0         2        20          45         0          5           26       11
                          'fixed':         2'569       6'524      39'234             0        61         0           0         0          0            0        0
                      'fs_random':             0           0           0             0         0         0           0         0          0            0        0
                      'fs_random':             0           0           0             0         0         0           0         0          0            0        0
                      'fs_random':             0           0           0             0         0         0           0         0          0            0        0
                      'fs_random':             0           0           0             0         0         0           0         0          0            0        0
                      'fs_random':             0           0           0             0         0         0           0         0          0            0        0
                      'fs_random':             0           0           0             0         0         0           0         0          0            0        0
                      'fs_random':             0           0           0             0         0         0           0         0          0            0        0
                      'fs_random':             0           0           0             0         0         0           0         0          0            0        0
                      'fs_random':             0           0           0             0         0         0           0         0          0            0        0
                      'fs_random':             0           0           0             0         0         0           0         0          0            0        0
                      'fs_random':             0           0           0             0         0         0           0         0          0            0        0
                      'fs_random':             0           0           0             0         0         0           0         0          0            0        0
                'fs_random_no_lp':             0           0           0             0         0         0           0         0          0            0        0
                'fs_random_no_lp':             0           0           0             0         0         0           0         0          0            0        0
                'fs_random_no_lp':             0           0           0             0         0         0           0         0          0            0        0
                'fs_random_no_lp':             0           0           0             0         0         0           0         0          0            0        0
                'fs_random_no_lp':             0           0           0             0         0         0           0         0          0            0        0
                'fs_random_no_lp':             0           0           0             0         0         0           0         0          0            0        0
                'fs_random_no_lp':             0           0           0             0         0         0           0         0          0            0        0
                'fs_random_no_lp':             0           0           0             0         0         0           0         0          0            0        0
                'fs_random_no_lp':             0           0           0             0         0         0           0         0          0            0        0
                'fs_random_no_lp':             0           0           0             0         0         0           0         0          0            0        0
                'fs_random_no_lp':             0           0           0             0         0         0           0         0          0            0        0
                'fs_random_no_lp':             0           0           0             0         0         0           0         0          0            0        0
                'fs_random_no_lp':             0           0           0             0         0         0           0         0          0            0        0
        'fs_random_quick_restart':             0           0           0             0         0         0           0         0          0            0        0
        'fs_random_quick_restart':             0           0           0             0         0         0           0         0          0            0        0
        'fs_random_quick_restart':             0           0           0             0         0         0           0         0          0            0        0
        'fs_random_quick_restart':             0           0           0             0         0         0           0         0          0            0        0
        'fs_random_quick_restart':             0           0           0             0         0         0           0         0          0            0        0
        'fs_random_quick_restart':             0           0           0             0         0         0           0         0          0            0        0
        'fs_random_quick_restart':             0           0           0             0         0         0           0         0          0            0        0
        'fs_random_quick_restart':             0           0           0             0         0         0           0         0          0            0        0
        'fs_random_quick_restart':             0           0           0             0         0         0           0         0          0            0        0
        'fs_random_quick_restart':             0           0           0             0         0         0           0         0          0            0        0
        'fs_random_quick_restart':             0           0           0             0         0         0           0         0          0            0        0
        'fs_random_quick_restart':             0           0           0             0         0         0           0         0          0            0        0
  'fs_random_quick_restart_no_lp':             0           0           0             0         0         0           0         0          0            0        0
  'fs_random_quick_restart_no_lp':             0           0           0             0         0         0           0         0          0            0        0
  'fs_random_quick_restart_no_lp':             0           0           0             0         0         0           0         0          0            0        0
  'fs_random_quick_restart_no_lp':             0           0           0             0         0         0           0         0          0            0        0
  'fs_random_quick_restart_no_lp':             0           0           0             0         0         0           0         0          0            0        0
  'fs_random_quick_restart_no_lp':             0           0           0             0         0         0           0         0          0            0        0
  'fs_random_quick_restart_no_lp':             0           0           0             0         0         0           0         0          0            0        0
  'fs_random_quick_restart_no_lp':             0           0           0             0         0         0           0         0          0            0        0
  'fs_random_quick_restart_no_lp':             0           0           0             0         0         0           0         0          0            0        0
  'fs_random_quick_restart_no_lp':             0           0           0             0         0         0           0         0          0            0        0
  'fs_random_quick_restart_no_lp':             0           0           0             0         0         0           0         0          0            0        0
  'fs_random_quick_restart_no_lp':             0           0           0             0         0         0           0         0          0            0        0
                 'lb_tree_search':            29          86         442             0         2         8          10         0          0            0        6
                         'max_lp':           630       1'294       8'870             0        21        47         116         0          8           33       55
                          'no_lp':         2'268       7'155      38'522             0        35       704       2'424         2        465        2'976       69
            'objective_lb_search':         2'077       6'896      17'859             0        44       372         688         0         99          490      552
     'objective_lb_search_max_lp':           124         438         591             0        10         0           0         0          0            0        0
      'objective_lb_search_no_lp':         2'506       7'348      21'621             0        37       400         496        18         34          233      819
                        'probing':             0           0          47             0         0         0           0         0          0            0        0
                 'probing_max_lp':             0           0          15             0         0         0           0         0          0            0        0
                  'probing_no_lp':         1'388       5'258      10'469             0        50         1           2         0          0            0        0
                   'pseudo_costs':           789       3'075       8'457             0         6        91         420         0         46          319       26
                  'quick_restart':         1'159       2'980      14'141             0        61       368         908         0        131          637      223
            'quick_restart_no_lp':         2'566       7'257      26'384             0        99     1'694       5'026         5        562        2'989      848
                  'reduced_costs':           536       1'555       4'974             0         4        74         253         0         35          207       26

Lp stats                         Component  Iterations  AddedCuts  OPTIMAL  DUAL_F.  DUAL_U.
                  'default_lp':         28         473          0   31'121        0        0
                       'fixed':         28         860          0   32'420        1        0
              'lb_tree_search':          1       2'340        647    1'274       38        0
                      'max_lp':          1       3'567        501    2'635       57        0
         'objective_lb_search':         28         944          0   23'096        0        0
  'objective_lb_search_max_lp':          1       2'017        791      748       18        0
                     'probing':         28         364          0   88'807        0        0
              'probing_max_lp':          1         435        317      140        1        0
                'pseudo_costs':          1       4'986        855    2'428       81        0
               'quick_restart':         28       1'855          0   33'527        1        0
               'reduced_costs':          1       2'986        789    1'633       12        0

Lp dimension                     Final dimension of first component
                  'default_lp':        1 rows, 8 columns, 2 entries
                       'fixed':        1 rows, 8 columns, 2 entries
              'lb_tree_search':  271 rows, 204 columns, 989 entries
                      'max_lp':  174 rows, 204 columns, 540 entries
         'objective_lb_search':        1 rows, 8 columns, 2 entries
  'objective_lb_search_max_lp':  176 rows, 204 columns, 632 entries
                     'probing':        1 rows, 8 columns, 2 entries
              'probing_max_lp':  180 rows, 204 columns, 611 entries
                'pseudo_costs':  223 rows, 204 columns, 752 entries
               'quick_restart':        1 rows, 8 columns, 2 entries
               'reduced_costs':  204 rows, 204 columns, 691 entries

Lp debug                         CutPropag  CutEqPropag  Adjust  Overflow     Bad  BadScaling
                  'default_lp':          0            0       0         0       0           0
                       'fixed':          0            0       0         0       0           0
              'lb_tree_search':          0           25   1'229         0   9'856           0
                      'max_lp':          0           16   2'176         0   9'970           0
         'objective_lb_search':          0            0       0         0       0           0
  'objective_lb_search_max_lp':          0           19     543         0  11'323           0
                     'probing':          0            0       0         0       0           0
              'probing_max_lp':          0           26     138         0  34'252           0
                'pseudo_costs':          0            8     767         0   8'550           0
               'quick_restart':          0            0       0         0       0           0
               'reduced_costs':          0           12     939         0   8'421           0

Lp pool                          Constraints  Updates  Simplif  Merged  Shortened  Split  Strenghtened   Cuts/Call
                  'default_lp':          202        0       26       0          0      0             0         0/0
                       'fixed':          202        0        1       0          0      0             0         0/0
              'lb_tree_search':          839      232      193      10          0      0             1  647/14'337
                      'max_lp':          698      379      211       5          0      0             0  501/15'805
         'objective_lb_search':          202        0      147       0          0      0             0         0/0
  'objective_lb_search_max_lp':          967      304      361      26          0      0             1   791/5'356
                     'probing':          202        0       53       0          0      0             0         0/0
              'probing_max_lp':          516      124       26       3          0      0             0   317/1'874
                'pseudo_costs':          997      437      175      60          0      0             2  855/12'924
               'quick_restart':          202        0      740       0          0      0             2         0/0
               'reduced_costs':          968      355      249      23          0      0            12   789/9'803

Lp Cut                                                max_lp  objective_lb_search_max_lp  pseudo_costs  lb_tree_search  reduced_costs  probing_max_lp
                                              CG_FF:       -                           1             -               -              -               -
                                               CG_K:       -                           1             2               4              3               -
                                               CG_R:       4                          36            13              12             24               5
                                            MIR_1_K:       -                           4             7               2              2               1
                                            MIR_1_R:       2                          20            18               -             13               -
                                            MIR_2_K:       1                           -             -               -              -               -
                                            MIR_2_R:       -                           -             3               -              4               -
                                            MIR_3_K:       1                           -             -               2              1               -
                                            MIR_3_R:       1                           2             1               2              1               -
                                            MIR_4_K:       -                           1             2               -              -               1
                                            MIR_4_R:       1                           4             -               1              -               1
                                            MIR_5_K:       1                           -             1               -              -               -
                                            MIR_5_R:       -                           -             4               -              1               -
                                            MIR_6_K:       -                           -             1               -              -               -
                                            MIR_6_R:       1                           3             1               4              2               -
                  NoOverlapCompletionTimeExhaustive:      25                          23            39              33             37              12
           NoOverlapCompletionTimeExhaustive_lifted:      16                          25            36              21             47               8
  NoOverlapCompletionTimeExhaustive_lifted_weighted:      72                         114           113              89             98              48
         NoOverlapCompletionTimeExhaustive_weighted:      52                          68            61              65             47              24
                    NoOverlapCompletionTimeQueyrane:      62                         111           124              89            112              38
             NoOverlapCompletionTimeQueyrane_lifted:     139                         215           238             187            248              86
                        NoOverlapDetectedPrecedence:       1                           1             -               1              1               -
                          NoOverlapDisjunctionOnEnd:       -                           3             -               -              1               -
                        NoOverlapDisjunctionOnStart:     108                         139           163             124            135              87
                                        ZERO_HALF_R:      14                          20            28              11             12               6

LNS stats                             Improv/Calls  Closed  Difficulty  TimeLimit
                    'graph_arc_lns':          9/12     58%    8.78e-01       0.10
                    'graph_cst_lns':          5/11     64%    8.98e-01       0.10
                    'graph_dec_lns':          7/10     70%    9.26e-01       0.10
                    'graph_var_lns':          6/10     40%    4.87e-01       0.10
                     'lb_relax_lns':           4/4     25%    2.48e-01       0.50
                        'rins/rens':           8/8     62%    8.42e-01       0.10
                      'rnd_cst_lns':          8/20     45%    7.26e-01       0.10
                      'rnd_var_lns':           7/9     56%    8.01e-01       0.10
         'scheduling_intervals_lns':           4/4      0%    8.55e-02       0.10
       'scheduling_precedences_lns':           4/5     20%    1.76e-01       0.10
  'scheduling_resource_windows_lns':           4/7     29%    1.39e-01       0.10
       'scheduling_time_window_lns':           4/4     25%    2.48e-01       0.10

LS stats                                    Batches  Restarts/Perturbs  LinMoves  GenMoves  CompoundMoves  Bactracks  WeightUpdates  ScoreComputed
                         'ls_lin_restart':       22                 17        88    22'890              0          0         24'986      6'496'717
                'ls_lin_restart_compound':       36                 24         0    75'058          2'118     36'444            772     10'424'242
        'ls_lin_restart_compound_perturb':       18                 14         0    34'982            940     17'006            380      4'907'468
                   'ls_lin_restart_decay':       22                 15       100    29'646              0          0          5'963      6'211'025
          'ls_lin_restart_decay_compound':       19                 14         0    37'539          1'492     17'997            336      5'263'907
  'ls_lin_restart_decay_compound_perturb':       16                 14         0    32'428          1'093     15'655            303      4'606'837
           'ls_lin_restart_decay_perturb':       20                 14        98    27'837              0          0          5'543      5'910'421
                 'ls_lin_restart_perturb':       20                 17        89    21'343              0          0         26'937      6'153'937
                             'ls_perturb':       17                  9        58    18'034            182      3'000         10'420      4'585'215
                             'ls_restart':       30                 23       162    30'849              0          0         25'296      9'264'952
                    'ls_restart_compound':       26                 22         0    40'560            885     19'814            406      5'476'905
            'ls_restart_compound_perturb':       35                 24         0    74'512          1'857     36'301            743     10'229'063
                       'ls_restart_decay':       58                 43       276    78'780              0          0         16'157     16'143'477
              'ls_restart_decay_compound':       23                 19         0    49'066          1'517     23'753            436      7'038'764
      'ls_restart_decay_compound_perturb':       48                 31         0    97'890          4'131     46'810            725     13'582'515
               'ls_restart_decay_perturb':       44                 30       203    61'774              0          0         12'802     12'786'700
                     'ls_restart_perturb':       23                 22       144    22'284              0          0         18'102      6'379'062

Solutions (46)                              Num     Rank
                          'graph_arc_lns':    2  [20,21]
                          'graph_var_lns':    1  [23,23]
                    'ls_compound_perturb':    1    [7,7]
              'ls_decay_compound_perturb':    1  [17,17]
                'ls_lin_restart_compound':    2   [6,28]
        'ls_lin_restart_compound_perturb':    1  [14,14]
          'ls_lin_restart_decay_compound':    1  [19,19]
  'ls_lin_restart_decay_compound_perturb':    2  [22,25]
                 'ls_lin_restart_perturb':    1  [46,46]
                    'ls_restart_compound':    6   [5,42]
                       'ls_restart_decay':    3  [10,26]
              'ls_restart_decay_compound':    2  [13,35]
      'ls_restart_decay_compound_perturb':    5   [4,32]
               'ls_restart_decay_perturb':    5  [27,45]
                     'ls_restart_perturb':    2    [8,9]
                                  'no_lp':    2    [1,3]
                          'quick_restart':    1  [40,40]
                    'quick_restart_no_lp':    7   [2,44]
                          'rins_pump_lns':    1  [11,11]

Objective bounds                 Num
                   'bool_core':   74
              'initial_domain':    1
                      'max_lp':    3
         'objective_lb_search':    1
  'objective_lb_search_max_lp':   10

Solution repositories    Added  Queried  Synchro
  'feasible solutions':    290      576      183
   'fj solution hints':      0        0        0
        'lp solutions':     39        0       38
                'pump':    140        8

Improving bounds shared          Num  Sym
                  'default_lp':   57    0
                       'fixed':   22    0
              'lb_tree_search':   61    0
                      'max_lp':  523    0
                       'no_lp':  129    0
  'objective_lb_search_max_lp':   73    0
   'objective_lb_search_no_lp':   84    0
                     'probing':   66    0
              'probing_max_lp':    8    0
               'probing_no_lp':  364    0
                'pseudo_costs':   69    0
               'quick_restart':   82    0
         'quick_restart_no_lp':  377    0
               'reduced_costs':   82    0

CpSolverResponse summary:
status: OPTIMAL
objective: 1515
best_bound: 1515
integers: 0
booleans: 0
conflicts: 0
branches: 0
propagations: 0
integer_propagations: 0
restarts: 0
lp_iterations: 0
walltime: 0.83669
usertime: 0.83669
deterministic_time: 47.2411
gap_integral: 192.057
solution_fingerprint: 0xb8181a492da5068d

