Running HiGHS 1.10.0 (git hash: fd8665394): Copyright (c) 2025 HiGHS under MIT licence terms
Set option time_limit to 900
Set option log_to_console to false
Set option solution_file to "C:\Users\konra\AppData\Local\Temp\fac1f8f6f5d344e69f5f4f0650854ea0-pulp.sol"
Set option log_file to "C:\Users\konra\Coding\HTWD_Minimalinvasives_Job-Shop_Scheduling\data\logs\makespan_highs.log"
Set option write_solution_to_file to true
Set option mip_rel_gap to 0.05
Number of BV entries in BOUNDS section is 900
MIP  fac1f8f6f5d344e69f5f4f0650854ea0-pulp has 1900 rows; 1001 cols; 5600 nonzeros; 1001 integer variables (900 binary)
Coefficient ranges:
  Matrix [1e+00, 5e+03]
  Cost   [1e+00, 1e+00]
  Bound  [1e+00, 1e+00]
  RHS    [2e+00, 5e+03]
Presolving model
1900 rows, 1001 cols, 5600 nonzeros  0s
1000 rows, 1001 cols, 2900 nonzeros  0s
1000 rows, 1001 cols, 2900 nonzeros  0s
Objective function is integral with scale 1

Solving MIP model with:
   1000 rows
   1001 cols (900 binary, 101 integer, 0 implied int., 0 continuous)
   2900 nonzeros

Src: B => Branching; C => Central rounding; F => Feasibility pump; H => Heuristic; L => Sub-MIP;
     P => Empty MIP; R => Randomized rounding; S => Solve LP; T => Evaluate node; U => Unbounded;
     z => Trivial zero; l => Trivial lower; u => Trivial upper; p => Trivial point; X => User solution

        Nodes      |    B&B Tree     |            Objective Bounds              |  Dynamic Constraints |       Work      
Src  Proc. InQueue |  Leaves   Expl. | BestBound       BestSol              Gap |   Cuts   InLp Confl. | LpIters     Time

         0       0         0   0.00%   682             inf                  inf        0      0      0         0     0.0s
         0       0         0   0.00%   682             inf                  inf        0      0      0       810     0.0s
 L     203      40        32   1.86%   751.99999       1353              44.42%     5755    355     22     15142     4.4s
 L     229      49        34   1.86%   751.99999       1206              37.65%     5774    667     22     22745     4.9s
 L     336     128        44   1.86%   751.99999       1140              34.04%     5550   1169     68     31961     6.2s
 L     548     255        66   1.88%   751.99999       1100              31.64%     6393    928    257     43387     7.3s
 L     758     395        83   1.88%   751.99999       1098              31.51%     5365    936    412     52262     8.3s
 L    1154     471       132   1.97%   751.99999       1069              29.65%     8160    740   1024     86741    12.1s
 L    1554     525       201   1.97%   751.99999       1054              28.65%     9705    549   1816    116131    14.8s

Restarting search from the root node
Model after restart has 980 rows, 979 cols (878 bin., 101 int., 0 impl., 0 cont.), and 2838 nonzeros

      2288       0         0   0.00%   751.99999       1054              28.65%     1104      0      0    175283    19.3s
      2288       0         0   0.00%   751.99999       1054              28.65%     1104    533     12    176515    19.3s
 L    2975     170       132   0.61%   751.99999       1031              27.06%     8189    922   1496    215791    23.0s
 L    3190     207       192   0.67%   751.99999       1030              26.99%    10155   1175   2034    248887    28.5s
 L    3320     194       218   1.12%   751.99999       1011              25.62%    10057    886   2292    277945    31.6s

Restarting search from the root node
Model after restart has 968 rows, 965 cols (864 bin., 101 int., 0 impl., 0 cont.), and 2800 nonzeros

      5151       0         0   0.00%   751.99999       1011              25.62%      856      0      0    340462    36.1s
      5151       0         0   0.00%   751.99999       1011              25.62%      856    486      8    341311    36.1s
      6581     197       398  14.73%   751.99999       1011              25.62%     8883    880   4024    400097    41.1s
      8296     328       905  17.48%   751.99999       1011              25.62%     8132    848   6736    455864    46.1s
     10202     504      1476  19.37%   751.99999       1011              25.62%     8092    918   6473    514856    51.1s
     12036     618      2059  20.56%   751.99999       1011              25.62%     7685    605   7335    570751    56.2s

Restarting search from the root node
Model after restart has 967 rows, 964 cols (863 bin., 101 int., 0 impl., 0 cont.), and 2797 nonzeros


        Nodes      |    B&B Tree     |            Objective Bounds              |  Dynamic Constraints |       Work      
Src  Proc. InQueue |  Leaves   Expl. | BestBound       BestSol              Gap |   Cuts   InLp Confl. | LpIters     Time

     12194       0         0   0.00%   751.99999       1011              25.62%     1113      0      0    576920    56.7s
     12194       0         0   0.00%   751.99999       1011              25.62%     1113    534      8    577959    56.8s
     13592     168       401  13.12%   751.99999       1011              25.62%     7942    907   4079    631788    61.8s
     15506     386       987  17.91%   751.99999       1011              25.62%     7881    913   7715    687446    66.8s
     17295     532      1561  18.61%   751.99999       1011              25.62%     7694    687   7120    741909    71.8s
     18826     666      2032  19.25%   751.99999       1011              25.62%     7516   1032   6077    795276    76.9s

Restarting search from the root node
Model after restart has 967 rows, 964 cols (863 bin., 101 int., 0 impl., 0 cont.), and 2797 nonzeros

     20199       0         0   0.00%   751.99999       1011              25.62%      860      0      0    835143    81.5s
     20199       0         0   0.00%   751.99999       1011              25.62%      860    494      8    836095    81.6s
     22046     180       559  10.92%   751.99999       1011              25.62%     9752   1206   4660    894098    86.6s
     23711     360      1075  17.24%   751.99999       1011              25.62%     7440   1072   8123    954232    91.6s
     25602     567      1656  20.50%   751.99999       1011              25.62%     8095    753   6694     1013k    96.6s
     27420     737      2210  20.92%   751.99999       1011              25.62%     6905    761   7166     1061k   101.6s
     29462     865      2889  21.08%   751.99999       1011              25.62%     5984    938   7840     1111k   106.6s
     31507    1060      3498  21.50%   751.99999       1011              25.62%     6299    971   7139     1163k   111.6s
     33402    1208      4056  21.67%   751.99999       1011              25.62%     6316    717   5659     1214k   116.6s

Restarting search from the root node
Model after restart has 964 rows, 961 cols (860 bin., 101 int., 0 impl., 0 cont.), and 2788 nonzeros

     34021       0         0   0.00%   751.99999       1011              25.62%      749      0      0     1230k   118.3s
     34021       0         0   0.00%   751.99999       1011              25.62%      749    468      8     1231k   118.3s
     35514     219       385   9.71%   751.99999       1011              25.62%     7440    805   3881     1287k   123.3s
     37444     362      1010  10.55%   751.99999       1011              25.62%     6989    890   7921     1345k   128.3s
     39269     507      1582  12.69%   751.99999       1011              25.62%     7307    764   7907     1398k   133.3s

        Nodes      |    B&B Tree     |            Objective Bounds              |  Dynamic Constraints |       Work      
Src  Proc. InQueue |  Leaves   Expl. | BestBound       BestSol              Gap |   Cuts   InLp Confl. | LpIters     Time

     40970     724      2069  13.39%   751.99999       1011              25.62%     7559    929   6671     1457k   138.3s
     43027     868      2774  13.44%   751.99999       1011              25.62%     6131   1066   7311     1508k   143.3s
     45044    1010      3435  16.76%   751.99999       1011              25.62%     5630    802   8007     1562k   148.4s
     46875    1182      4025  17.72%   751.99999       1011              25.62%     6480    833   7128     1616k   153.4s
     48772    1327      4638  17.79%   751.99999       1011              25.62%     5901    930   8206     1667k   158.4s
     50940    1520      5373  17.88%   751.99999       1011              25.62%     6798    659   9987     1729k   163.4s
     52705    1664      5926  18.41%   751.99999       1011              25.62%     5339    806   6271     1782k   168.4s
     54469    1824      6434  18.49%   751.99999       1011              25.62%     5922    899   4800     1835k   173.4s
     56305    1981      7016  18.56%   751.99999       1011              25.62%     5140    744   6499     1883k   178.4s
     57916    2138      7506  21.41%   751.99999       1011              25.62%     5598   1084   4901     1938k   183.4s
     59903    2285      8141  22.51%   751.99999       1011              25.62%     6185    917   7000     1996k   188.4s
     61910    2457      8765  23.33%   751.99999       1011              25.62%     6864    948   7163     2051k   193.4s
     63832    2660      9342  23.58%   751.99999       1011              25.62%     5527    748   5713     2103k   198.4s
     65801    2813      9975  23.62%   751.99999       1011              25.62%     6711    978   6533     2161k   203.5s
     67830    2980     10615  23.99%   751.99999       1011              25.62%     5269    945   6270     2218k   208.5s
     70120    3196     11355  24.41%   751.99999       1011              25.62%     6014    896   9562     2279k   213.5s
     72183    3401     11980  24.58%   751.99999       1011              25.62%     5829    835   9297     2341k   218.6s
     74244    3557     12655  25.23%   751.99999       1011              25.62%     6719    904   7157     2397k   223.6s
     76252    3731     13275  25.70%   751.99999       1011              25.62%     5658    740   7073     2450k   228.6s
     78490    3951     13993  26.23%   751.99999       1011              25.62%     5088    991   7158     2505k   233.6s

        Nodes      |    B&B Tree     |            Objective Bounds              |  Dynamic Constraints |       Work      
Src  Proc. InQueue |  Leaves   Expl. | BestBound       BestSol              Gap |   Cuts   InLp Confl. | LpIters     Time

     80448    4139     14590  26.23%   751.99999       1011              25.62%     5894    661   5518     2555k   238.6s
     82394    4302     15182  26.41%   751.99999       1011              25.62%     5587    919   5213     2606k   243.6s
     84240    4442     15743  26.45%   751.99999       1011              25.62%     5125    768   6665     2660k   248.6s
 L   84458    4159     15815  27.17%   751.99999       1001              24.88%     5456    926   6034     2668k   250.7s
     86580    4315     16510  27.29%   751.99999       1001              24.88%     7265    944   7410     2739k   255.7s
     88585    4476     17171  27.33%   751.99999       1001              24.88%     6189    852   8781     2800k   260.7s
     90581    4576     17866  27.36%   751.99999       1001              24.88%     6950    990   8148     2858k   265.7s
 L   91805    4427     18269  28.55%   751.99999       994               24.35%     5614    876   7855     2895k   270.1s
     93915    4564     18986  29.65%   751.99999       994               24.35%     7150    832   9331     2970k   275.1s
     96101    4705     19728  29.96%   751.99999       994               24.35%     5310    808   8618     3030k   280.1s
     98331    4814     20511  30.31%   751.99999       994               24.35%     6790    987   9506     3091k   285.1s
    100321    4969     21166  30.34%   751.99999       994               24.35%     5105    706   7509     3150k   290.1s
    101900    5086     21698  30.35%   751.99999       994               24.35%     4896    791   6286     3205k   295.8s
    103949    5210     22400  30.45%   751.99999       994               24.35%     6444    977   8358     3265k   300.9s
    106247    5345     23196  30.47%   751.99999       994               24.35%     6269    862   9776     3324k   305.9s
    108382    5497     23939  30.50%   751.99999       994               24.35%     5454    815   6722     3379k   310.9s
 L  109447    5453     24302  30.71%   751.99999       991               24.12%     4812    966   7043     3406k   315.4s
    111485    5564     24993  30.85%   751.99999       991               24.12%     7222    950   7809     3477k   320.5s
    113581    5734     25685  31.11%   751.99999       991               24.12%     6188    550   8161     3536k   325.5s
    115834    5853     26487  31.26%   751.99999       991               24.12%     6474    820   9063     3597k   330.5s

        Nodes      |    B&B Tree     |            Objective Bounds              |  Dynamic Constraints |       Work      
Src  Proc. InQueue |  Leaves   Expl. | BestBound       BestSol              Gap |   Cuts   InLp Confl. | LpIters     Time

    117070    5919     26927  31.27%   751.99999       991               24.12%     5392    862   9384     3642k   335.5s
    118979    6080     27539  31.30%   751.99999       991               24.12%     5552   1084   7999     3700k   340.5s
    121374    6231     28378  31.33%   751.99999       991               24.12%     5389    823   9655     3758k   345.5s
    123215    6355     29006  31.35%   751.99999       991               24.12%     6216    954   9910     3824k   351.8s
    125534    6480     29795  31.39%   751.99999       991               24.12%     6142    902   8794     3881k   356.8s
    127633    6619     30473  31.48%   751.99999       991               24.12%     5015    797   6399     3936k   361.8s
    129950    6731     31283  31.49%   751.99999       991               24.12%     4596    979   8085     3997k   366.8s
    131935    6841     32008  31.64%   751.99999       991               24.12%     5522    824   9994     4055k   371.8s
    134391    6996     32866  31.69%   751.99999       991               24.12%     5094    836   8702     4116k   376.9s
    136727    7117     33664  32.17%   751.99999       991               24.12%     5346    708   8003     4171k   381.9s
    138251    7196     34174  32.18%   751.99999       991               24.12%     5280    865   8067     4231k   386.9s
    140676    7336     35042  32.20%   751.99999       991               24.12%     4809    854   8943     4290k   391.9s
    142879    7447     35818  32.20%   751.99999       991               24.12%     4759    808   8556     4347k   396.9s
    144989    7581     36528  32.22%   751.99999       991               24.12%     5099    826   8461     4404k   401.9s
 L  145526    6762     36708  32.50%   751.99999       976               22.95%     5036    953   8942     4418k   404.0s
    147663    6840     37502  32.56%   751.99999       976               22.95%     5266    939   8848     4484k   409.0s
 L  148265    6825     37725  32.57%   751.99999       975               22.87%     5720    807   8847     4500k   412.9s
    150519    6949     38555  32.58%   751.99999       975               22.87%     4562    797   9589     4575k   417.9s
    152853    7058     39368  32.62%   751.99999       975               22.87%     5687    853   8927     4634k   422.9s
    154764    7133     40055  33.90%   751.99999       975               22.87%     4745    585   9002     4687k   427.9s

        Nodes      |    B&B Tree     |            Objective Bounds              |  Dynamic Constraints |       Work      
Src  Proc. InQueue |  Leaves   Expl. | BestBound       BestSol              Gap |   Cuts   InLp Confl. | LpIters     Time

    156450    7199     40652  33.99%   751.99999       975               22.87%     5104    717   8718     4743k   433.3s
    158239    7246     41294  34.08%   751.99999       975               22.87%     4955    984   7901     4798k   438.3s
    160432    7362     42100  34.12%   751.99999       975               22.87%     4223    757   8595     4852k   443.3s
 L  161635    7367     42524  34.36%   751.99999       974               22.79%     4814    872   9167     4883k   447.6s
    163981    7455     43371  34.38%   751.99999       974               22.79%     4227    813   9284     4950k   452.6s
    166198    7551     44160  34.62%   751.99999       974               22.79%     4893    818   9021     5009k   457.6s
    168201    7647     44857  34.69%   751.99999       974               22.79%     5613    875   8721     5075k   463.4s
    170356    7757     45587  34.77%   751.99999       974               22.79%     4172    575   9040     5132k   468.4s
    171631    7826     46054  39.66%   751.99999       974               22.79%     4566    596   8910     5175k   473.4s
    174063    7938     46932  39.68%   751.99999       974               22.79%     3239    604   9196     5229k   478.4s
    176288    8020     47765  39.69%   751.99999       974               22.79%     4157    850   7654     5282k   483.4s
    178449    8116     48558  39.91%   751.99999       974               22.79%     4710    812   7736     5338k   488.4s
    180372    8199     49221  39.92%   751.99999       974               22.79%     4604    985   6939     5410k   494.8s
    182695    8304     50030  39.93%   751.99999       974               22.79%     3930    864   8164     5465k   499.8s
    184999    8438     50839  40.02%   751.99999       974               22.79%     4770    991   9019     5523k   504.8s
    187284    8554     51671  40.03%   751.99999       974               22.79%     5160    734   9515     5583k   509.9s
    189458    8653     52420  40.08%   751.99999       974               22.79%     5026    907   8755     5641k   514.9s
    191631    8764     53195  40.08%   751.99999       974               22.79%     4297    638   8418     5698k   519.9s
    193104    8849     53734  40.10%   751.99999       974               22.79%     5266    844   7292     5747k   524.9s
    195330    8923     54537  40.11%   751.99999       974               22.79%     4387    582   8317     5804k   529.9s

        Nodes      |    B&B Tree     |            Objective Bounds              |  Dynamic Constraints |       Work      
Src  Proc. InQueue |  Leaves   Expl. | BestBound       BestSol              Gap |   Cuts   InLp Confl. | LpIters     Time

    196785    8982     55073  40.11%   751.99999       974               22.79%     4288    752   8209     5857k   536.0s
    198839    9090     55793  40.20%   751.99999       974               22.79%     4357    636   6455     5912k   541.0s
    201221    9211     56634  40.20%   751.99999       974               22.79%     4162    808   8566     5971k   546.0s
    203585    9292     57492  40.41%   751.99999       974               22.79%     4843    935   8994     6028k   551.0s
    205821    9395     58320  40.44%   751.99999       974               22.79%     4260    817   8373     6087k   556.0s
    207482    9455     58954  40.44%   751.99999       974               22.79%     4310    761   9147     6135k   561.0s
    209595    9575     59682  40.44%   751.99999       974               22.79%     4429    636   8055     6189k   566.0s
    211228    9699     60191  40.60%   751.99999       974               22.79%     3688    647   4709     6248k   572.6s
    213653    9814     61054  40.64%   751.99999       974               22.79%     3326    695   8171     6303k   577.6s
    215906    9941     61846  40.65%   751.99999       974               22.79%     4242   1007   7186     6361k   582.6s
    217917   10011     62537  40.65%   751.99999       974               22.79%     4604    885   7364     6418k   587.6s
    219745   10080     63200  40.65%   751.99999       974               22.79%     4000    904   7656     6467k   592.6s
    221922   10177     63962  40.66%   751.99999       974               22.79%     3782    831   7705     6525k   597.6s
    223218   10232     64431  40.66%   751.99999       974               22.79%     3230    738   7838     6572k   602.6s
    225365   10324     65196  40.66%   751.99999       974               22.79%     3482    840   8177     6632k   607.7s
    227708   10419     66059  40.66%   751.99999       974               22.79%     4616    932   8295     6691k   612.7s
    229815   10495     66842  40.68%   751.99999       974               22.79%     4763    905   9972     6742k   617.7s
    231149   10566     67320  40.68%   751.99999       974               22.79%     3883    811   7291     6795k   622.7s
    233380   10660     68118  40.68%   751.99999       974               22.79%     4347   1006   8466     6854k   627.7s
    235743   10761     69013  40.68%   751.99999       974               22.79%     4293    921   9288     6910k   632.7s

        Nodes      |    B&B Tree     |            Objective Bounds              |  Dynamic Constraints |       Work      
Src  Proc. InQueue |  Leaves   Expl. | BestBound       BestSol              Gap |   Cuts   InLp Confl. | LpIters     Time

    237994   10885     69828  40.68%   751.99999       974               22.79%     3379    636   8149     6965k   637.8s
    239302   10948     70277  40.93%   751.99999       974               22.79%     5337    821   7125     7016k   642.8s
    241299   11053     71010  40.93%   751.99999       974               22.79%     4490    894   7648     7072k   647.8s
    243376   11152     71727  40.94%   751.99999       974               22.79%     4298    847   8516     7134k   652.8s
    245053   11220     72341  40.94%   751.99999       974               22.79%     3905    835   7741     7187k   657.8s
    247395   11290     73179  40.94%   751.99999       974               22.79%     3855    785   8043     7247k   662.8s
    249875   11411     74046  40.95%   751.99999       974               22.79%     4259    817   9036     7305k   667.8s
    251501   11482     74648  40.95%   751.99999       974               22.79%     4088    816   9862     7357k   673.2s
    253687   11570     75449  40.99%   751.99999       974               22.79%     5019    798   8390     7418k   678.2s
    255964   11660     76257  41.06%   751.99999       974               22.79%     4465    973   7786     7473k   683.2s
    258250   11776     77089  41.07%   751.99999       974               22.79%     3601    764   9112     7529k   688.2s
    260315   11901     77757  41.07%   751.99999       974               22.79%     3876    706   6769     7582k   693.2s
    261868   11976     78344  41.07%   751.99999       974               22.79%     4629    897   8619     7638k   698.3s
    264248   12084     79235  41.07%   751.99999       974               22.79%     4144    900   9431     7701k   703.3s
    266563   12170     80084  41.07%   751.99999       974               22.79%     4167    817   8836     7756k   708.3s
    268402   12251     80777  41.09%   751.99999       974               22.79%     5204    829   9451     7827k   715.5s
    270528   12412     81511  41.18%   751.99999       974               22.79%     3485    756   8900     7884k   720.5s
    272638   12467     82311  41.19%   751.99999       974               22.79%     4200    772   6543     7942k   725.6s
    275049   12574     83197  41.19%   751.99999       974               22.79%     4181    779   8780     7999k   730.6s
    277408   12661     84032  41.19%   751.99999       974               22.79%     4357    702   7769     8053k   735.6s

        Nodes      |    B&B Tree     |            Objective Bounds              |  Dynamic Constraints |       Work      
Src  Proc. InQueue |  Leaves   Expl. | BestBound       BestSol              Gap |   Cuts   InLp Confl. | LpIters     Time

    279794   12779     84875  41.19%   751.99999       974               22.79%     4032    775   7338     8105k   740.6s
    282062   12862     85716  41.21%   751.99999       974               22.79%     4025    963   8157     8158k   745.6s
    284327   12951     86561  41.21%   751.99999       974               22.79%     3879    865   7857     8217k   750.6s
    285483   12993     86970  41.21%   751.99999       974               22.79%     4146    850   7735     8264k   755.6s
    287735   13136     87783  41.21%   751.99999       974               22.79%     4937   1031   8323     8325k   760.6s
    290117   13244     88661  41.22%   751.99999       974               22.79%     4078    553   8824     8384k   765.6s
    292478   13337     89530  41.22%   751.99999       974               22.79%     3687    812   8112     8437k   770.6s
 L  293797   13239     90035  41.28%   751.99999       972               22.63%     3504    891   9382     8470k   774.2s
    296034   13309     90857  41.29%   751.99999       972               22.63%     4963    982   9160     8539k   779.2s
    297810   13371     91493  41.29%   751.99999       972               22.63%     4194    680   7597     8599k   784.6s
    299965   13452     92268  41.38%   751.99999       972               22.63%     4678    699   8964     8654k   789.6s
    302244   13578     93057  41.49%   751.99999       972               22.63%     4970    943   9666     8712k   794.7s
    304489   13681     93855  41.49%   751.99999       972               22.63%     4102    858   8225     8765k   799.7s
    306346   13769     94565  41.49%   751.99999       972               22.63%     3818    794   8970     8814k   804.7s
    308675   13881     95386  41.49%   751.99999       972               22.63%     3947    594   9577     8876k   809.7s
    309747   13923     95780  41.49%   751.99999       972               22.63%     4307    984   9760     8920k   814.7s

Restarting search from the root node
Model after restart has 942 rows, 931 cols (830 bin., 101 int., 0 impl., 0 cont.), and 2714 nonzeros

    310229       0         0   0.00%   751.99999       972               22.63%      838      0      0     8930k   815.8s
    310229       0         0   0.00%   751.99999       972               22.63%      838    464     10     8931k   815.8s
    312174     136       688  25.32%   751.99999       972               22.63%     7232    902   6384     8993k   820.9s
    314386     307      1434  34.86%   751.99999       972               22.63%     8266   1015   9559     9063k   825.9s

        Nodes      |    B&B Tree     |            Objective Bounds              |  Dynamic Constraints |       Work      
Src  Proc. InQueue |  Leaves   Expl. | BestBound       BestSol              Gap |   Cuts   InLp Confl. | LpIters     Time

    316383     485      2105  35.19%   751.99999       972               22.63%     6468    771   9382     9122k   830.9s
    318465     650      2795  36.79%   751.99999       972               22.63%     6146   1160   9113     9188k   835.9s
    320396     799      3450  41.25%   751.99999       972               22.63%     7730   1147   9282     9252k   840.9s
    322580     955      4217  42.42%   751.99999       972               22.63%     8039    842   9845     9314k   845.9s
    324496    1049      4913  43.83%   751.99999       972               22.63%     7370    732   8856     9378k   850.9s
    326738    1209      5701  44.73%   751.99999       972               22.63%     6547    677   9939     9441k   855.9s
    328831    1320      6473  45.84%   751.99999       972               22.63%     7009   1077   9911     9510k   860.9s
    330888    1439      7214  45.93%   751.99999       972               22.63%     6213    714   9920     9577k   865.9s
    332933    1569      7962  46.27%   751.99999       972               22.63%     7755   1146   9647     9643k   871.0s
    335003    1664      8728  46.46%   751.99999       972               22.63%     7236   1091   9380     9708k   876.0s
    337141    1771      9488  48.92%   751.99999       972               22.63%     6463    885   9948     9767k   881.0s
    339059    1874     10138  49.33%   751.99999       972               22.63%     6310   1000   9417     9828k   886.0s
    341521    1999     11065  49.93%   751.99999       972               22.63%     7438    671   9881     9887k   891.0s
    343624    2106     11801  50.19%   751.99999       972               22.63%     6565    647   8335     9948k   896.0s
    345359    2172     12440  50.72%   751.99999       972               22.63%     7346   1008   8850     9994k   900.0s

Solving report
  Model             fac1f8f6f5d344e69f5f4f0650854ea0-pulp
  Status            Time limit reached
  Primal bound      972
  Dual bound        752
  Gap               22.63% (tolerance: 5%)
  P-D integral      214.321816071
  Solution status   feasible
                    972 (objective)
                    0 (bound viol.)
                    0 (int. viol.)
                    0 (row viol.)
  Timing            900.00 (total)
                    0.00 (presolve)
                    0.00 (solve)
                    0.00 (postsolve)
  Max sub-MIP depth 6
  Nodes             345359
  Repair LPs        0 (0 feasible; 0 iterations)
  LP iterations     9994784 (total)
                    0 (strong br.)
                    1616336 (separation)
                    514770 (heuristics)
Writing the solution to C:\Users\konra\AppData\Local\Temp\fac1f8f6f5d344e69f5f4f0650854ea0-pulp.sol
Running HiGHS 1.10.0 (git hash: fd8665394): Copyright (c) 2025 HiGHS under MIT licence terms
Set option time_limit to 360
Set option log_to_console to false
Set option solution_file to "C:\Users\konra\AppData\Local\Temp\a39dbc30c38f49c49575af17a86f5bba-pulp.sol"
Set option log_file to "C:\Users\konra\Coding\HTWD_Minimalinvasives_Job-Shop_Scheduling\data\logs\makespan_highs.log"
Set option write_solution_to_file to true
Set option mip_rel_gap to 0.05
Number of BV entries in BOUNDS section is 900
MIP  a39dbc30c38f49c49575af17a86f5bba-pulp has 1900 rows; 1001 cols; 5600 nonzeros; 1001 integer variables (900 binary)
Coefficient ranges:
  Matrix [1e+00, 5e+03]
  Cost   [1e+00, 1e+00]
  Bound  [1e+00, 1e+00]
  RHS    [2e+00, 5e+03]
Presolving model
1900 rows, 1001 cols, 5600 nonzeros  0s
1000 rows, 1001 cols, 2900 nonzeros  0s
1000 rows, 1001 cols, 2900 nonzeros  0s
Objective function is integral with scale 1

Solving MIP model with:
   1000 rows
   1001 cols (900 binary, 101 integer, 0 implied int., 0 continuous)
   2900 nonzeros

Src: B => Branching; C => Central rounding; F => Feasibility pump; H => Heuristic; L => Sub-MIP;
     P => Empty MIP; R => Randomized rounding; S => Solve LP; T => Evaluate node; U => Unbounded;
     z => Trivial zero; l => Trivial lower; u => Trivial upper; p => Trivial point; X => User solution

        Nodes      |    B&B Tree     |            Objective Bounds              |  Dynamic Constraints |       Work      
Src  Proc. InQueue |  Leaves   Expl. | BestBound       BestSol              Gap |   Cuts   InLp Confl. | LpIters     Time

         0       0         0   0.00%   682             inf                  inf        0      0      0         0     0.0s
         0       0         0   0.00%   682             inf                  inf        0      0      0       811     0.0s
        63       1        10   0.00%   751.99999       inf                  inf     7940    247     35     10413     5.3s
        80       1        18   0.00%   751.99999       inf                  inf     7948    247     43     10940    10.6s
        98       1        25   0.00%   751.99999       inf                  inf     7955    247     50     11260    15.7s
       102      51        26   0.00%   751.99999       inf                  inf     7956    247     51     11267    24.9s
       244      71        69   0.01%   751.99999       inf                  inf     7171    493     63     19973    30.5s
       267      82        77   0.01%   751.99999       inf                  inf     7179    493     71     20338    41.6s
       284      82        85   0.01%   751.99999       inf                  inf     7187    493     79     20742    46.6s
       304     110        91   0.01%   751.99999       inf                  inf     7193    493     85     21181    55.1s
       539     163       163   0.07%   751.99999       inf                  inf     6626    319     99     35355    60.6s
       631     208       185   0.08%   751.99999       inf                  inf     6227    440    108     43964    65.8s
       657     208       194   0.08%   751.99999       inf                  inf     6235    440    117     45005    70.9s
       684     208       202   0.08%   751.99999       inf                  inf     6243    440    126     45507    76.1s
       708     256       209   0.08%   751.99999       inf                  inf     6250    440    133     45825    94.0s
       842     284       241   0.08%   751.99999       inf                  inf     5849    414    147     57345    99.1s
       924     324       259   0.08%   751.99999       inf                  inf     5195    443    154     62641   104.2s
       968     324       270   0.08%   751.99999       inf                  inf     5203    443    167     63994   109.7s
       998     324       279   0.08%   751.99999       inf                  inf     5211    443    176     64311   114.9s
      1011     380       281   0.08%   751.99999       inf                  inf     5213    443    178     64381   133.5s

Restarting search from the root node
Model after restart has 1000 rows, 1001 cols (900 bin., 101 int., 0 impl., 0 cont.), and 2900 nonzeros


        Nodes      |    B&B Tree     |            Objective Bounds              |  Dynamic Constraints |       Work      
Src  Proc. InQueue |  Leaves   Expl. | BestBound       BestSol              Gap |   Cuts   InLp Confl. | LpIters     Time

      1011       0         0   0.00%   751.99999       inf                  inf      417      0      0     64381   133.5s
      1011       0         0   0.00%   751.99999       inf                  inf      417    246      0     65120   133.6s
 L    1518      79       103   0.01%   751.99999       1190              36.81%     4234    349     39     85675   138.9s
 L    1627      77       134   0.03%   751.99999       1142              34.15%     4677    528     49     96715   139.9s
 L    1670     103       134   0.03%   751.99999       1084              30.63%     5624    846     64    108380   141.1s
 L    1768     118       154   0.03%   751.99999       1082              30.50%     5895   1159    236    119953   142.3s
 L    2927    1138       165   0.03%   751.99999       1072              29.85%     8507    750    463    155706   147.7s
 L    3403    1376       176   0.06%   751.99999       1059              28.99%     9992   1265   1189    176196   150.3s
      3994    1665       193   0.06%   751.99999       1059              28.99%    10679   1039   1528    220246   155.9s
 L    4197    1729       215   0.14%   751.99999       1057              28.86%    10243    564   1791    234929   159.4s
 L    4363    1770       229   0.14%   751.99999       1056              28.79%    10809    880   2114    248689   160.9s
 L    4454    1703       239   0.15%   751.99999       1048              28.24%    10452    673   2250    260208   162.4s
 L    4561    1585       248   0.20%   751.99999       1031              27.06%    10991   1002   2379    272276   164.2s
 L    4826    1609       288   0.48%   751.99999       1028              26.85%    10555   1148   3031    298386   166.6s
 L    5348    1576       451   0.95%   751.99999       1017              26.06%    10702    483   4411    331162   170.4s
 L    6003    1513       665   0.95%   751.99999       1010              25.54%    10477   1014   5974    363888   173.7s
      7550    1675      1072   2.55%   751.99999       1010              25.54%    10376   1070   5980    439471   178.8s

Restarting search from the root node
Model after restart has 970 rows, 967 cols (866 bin., 101 int., 0 impl., 0 cont.), and 2806 nonzeros

      8155       0         0   0.00%   751.99999       1010              25.54%      942      0      0    461636   180.6s
      8155       0         0   0.00%   751.99999       1010              25.54%      942    516      8    462698   180.7s
      9989     243       531   2.27%   751.99999       1010              25.54%    10677    765   5104    528794   185.7s

Restarting search from the root node
Model after restart has 970 rows, 967 cols (866 bin., 101 int., 0 impl., 0 cont.), and 2806 nonzeros


        Nodes      |    B&B Tree     |            Objective Bounds              |  Dynamic Constraints |       Work      
Src  Proc. InQueue |  Leaves   Expl. | BestBound       BestSol              Gap |   Cuts   InLp Confl. | LpIters     Time

     11094       0         0   0.00%   751.99999       1010              25.54%      838      0      0    564195   188.6s
     11094       0         0   0.00%   751.99999       1010              25.54%      838    511      8    565073   188.6s
     12731     198       526  12.64%   751.99999       1010              25.54%    10556    965   4967    625442   193.7s
     14348     349      1021  12.67%   751.99999       1010              25.54%     9294   1036   7852    678773   198.7s
     15966     500      1518  12.67%   751.99999       1010              25.54%     8692    656   7386    727435   203.7s

Restarting search from the root node
Model after restart has 970 rows, 967 cols (866 bin., 101 int., 0 impl., 0 cont.), and 2806 nonzeros

     16760       0         0   0.00%   751.99999       1010              25.54%     1044      0      0    754593   206.2s
     16760       0         0   0.00%   751.99999       1010              25.54%     1044    539      8    755625   206.2s
     18126     136       406   4.61%   751.99999       1010              25.54%     9197    904   4313    807066   211.2s
     19710     265       890   6.73%   751.99999       1010              25.54%     8959    570   6474    857534   216.2s
     21464     462      1405   7.07%   751.99999       1010              25.54%     8879   1101   8420    908633   221.3s
     23188     618      1927   8.08%   751.99999       1010              25.54%     7403    848   6437    960911   226.3s
     25182     818      2544   8.11%   751.99999       1010              25.54%     8092    933   8579     1015k   231.3s

Restarting search from the root node
Model after restart has 969 rows, 966 cols (865 bin., 101 int., 0 impl., 0 cont.), and 2803 nonzeros

     26118       0         0   0.00%   751.99999       1010              25.54%      623      0      0     1043k   233.7s
     26118       0         0   0.00%   751.99999       1010              25.54%      623    441      8     1043k   233.8s
     28225     169       688   1.61%   751.99999       1010              25.54%     8228    852   6085     1102k   238.8s
     30089     299      1312   2.39%   751.99999       1010              25.54%     7514    822   8319     1158k   243.8s
     32065     495      1966   2.48%   751.99999       1010              25.54%     6991    840   8514     1216k   248.8s
     33839     644      2519   4.19%   751.99999       1010              25.54%     6004    633   6188     1269k   253.8s
     35733     764      3161   5.22%   751.99999       1010              25.54%     6402    906   7036     1324k   258.8s
     37761     878      3833   5.27%   751.99999       1010              25.54%     6732    815   7752     1381k   263.8s

        Nodes      |    B&B Tree     |            Objective Bounds              |  Dynamic Constraints |       Work      
Src  Proc. InQueue |  Leaves   Expl. | BestBound       BestSol              Gap |   Cuts   InLp Confl. | LpIters     Time

     39730    1045      4439   8.50%   751.99999       1010              25.54%     6636    798   6355     1435k   268.8s
     41734    1185      5102   8.97%   751.99999       1010              25.54%     6764    818   6383     1488k   273.8s
     43587    1334      5683   9.14%   751.99999       1010              25.54%     6029    749   6347     1537k   278.9s
     45504    1466      6283  11.12%   751.99999       1010              25.54%     6818    761   7229     1590k   283.9s
     47418    1601      6889  11.14%   751.99999       1010              25.54%     6083    919   7790     1642k   288.9s
     49152    1748      7374  11.18%   751.99999       1010              25.54%     6543   1145   5638     1694k   293.9s
     51314    1917      8072  11.54%   751.99999       1010              25.54%     7060    867   8032     1748k   298.9s
     53210    2048      8683  11.57%   751.99999       1010              25.54%     7092    826   7911     1805k   303.9s
     55066    2196      9272  11.68%   751.99999       1010              25.54%     7220    523   6767     1849k   308.9s
     57182    2353      9957  11.77%   751.99999       1010              25.54%     5502    928   7584     1896k   313.9s
     59271    2491     10662  11.82%   751.99999       1010              25.54%     6583    658   8639     1950k   318.9s
     61244    2669     11315  11.83%   751.99999       1010              25.54%     6001    700   8841     2001k   323.9s
     63435    2821     12054  11.93%   751.99999       1010              25.54%     6869    900   8379     2049k   328.9s
     65148    2942     12605  11.94%   751.99999       1010              25.54%     6423    866   7235     2099k   334.0s

Restarting search from the root node
Model after restart has 968 rows, 965 cols (864 bin., 101 int., 0 impl., 0 cont.), and 2800 nonzeros

     65459       0         0   0.00%   751.99999       1010              25.54%      920      0      0     2110k   334.9s
     65459       0         0   0.00%   751.99999       1010              25.54%      920    511      8     2110k   335.0s
     66870     198       414   5.32%   751.99999       1010              25.54%     7673   1064   4310     2164k   340.0s
     68773     363       974   5.98%   751.99999       1010              25.54%     8236   1002   7705     2212k   345.0s
     70675     527      1548   8.48%   751.99999       1010              25.54%     7727    942   8092     2260k   350.0s
     72454     671      2130   8.64%   751.99999       1010              25.54%     6334    823   7963     2311k   355.0s

        Nodes      |    B&B Tree     |            Objective Bounds              |  Dynamic Constraints |       Work      
Src  Proc. InQueue |  Leaves   Expl. | BestBound       BestSol              Gap |   Cuts   InLp Confl. | LpIters     Time

     74396     902      2722   9.14%   751.99999       1010              25.54%     7382    756   9490     2360k   360.0s

Solving report
  Model             a39dbc30c38f49c49575af17a86f5bba-pulp
  Status            Time limit reached
  Primal bound      1010
  Dual bound        752
  Gap               25.54% (tolerance: 5%)
  P-D integral      57.7017948066
  Solution status   feasible
                    1010 (objective)
                    0 (bound viol.)
                    1.59732380579e-13 (int. viol.)
                    0 (row viol.)
  Timing            360.00 (total)
                    0.00 (presolve)
                    0.00 (solve)
                    0.00 (postsolve)
  Max sub-MIP depth 5
  Nodes             74396
  Repair LPs        0 (0 feasible; 0 iterations)
  LP iterations     2360134 (total)
                    0 (strong br.)
                    413055 (separation)
                    198584 (heuristics)
Writing the solution to C:\Users\konra\AppData\Local\Temp\a39dbc30c38f49c49575af17a86f5bba-pulp.sol
Running HiGHS 1.10.0 (git hash: fd8665394): Copyright (c) 2025 HiGHS under MIT licence terms
Set option time_limit to 300
Set option log_to_console to false
Set option solution_file to "C:\Users\konra\AppData\Local\Temp\394d1a7b497044d9b799bd463181e615-pulp.sol"
Set option log_file to "C:\Users\konra\Coding\HTWD_Minimalinvasives_Job-Shop_Scheduling\data\solver_logs\makespan_highs.log"
Set option write_solution_to_file to true
Set option mip_rel_gap to 0.05
Number of BV entries in BOUNDS section is 900
MIP  394d1a7b497044d9b799bd463181e615-pulp has 1900 rows; 1001 cols; 5600 nonzeros; 1001 integer variables (900 binary)
Coefficient ranges:
  Matrix [1e+00, 5e+03]
  Cost   [1e+00, 1e+00]
  Bound  [1e+00, 1e+00]
  RHS    [2e+00, 5e+03]
Presolving model
1900 rows, 1001 cols, 5600 nonzeros  0s
1000 rows, 1001 cols, 2900 nonzeros  0s
1000 rows, 1001 cols, 2900 nonzeros  0s
Objective function is integral with scale 1

Solving MIP model with:
   1000 rows
   1001 cols (900 binary, 101 integer, 0 implied int., 0 continuous)
   2900 nonzeros

Src: B => Branching; C => Central rounding; F => Feasibility pump; H => Heuristic; L => Sub-MIP;
     P => Empty MIP; R => Randomized rounding; S => Solve LP; T => Evaluate node; U => Unbounded;
     z => Trivial zero; l => Trivial lower; u => Trivial upper; p => Trivial point; X => User solution

        Nodes      |    B&B Tree     |            Objective Bounds              |  Dynamic Constraints |       Work      
Src  Proc. InQueue |  Leaves   Expl. | BestBound       BestSol              Gap |   Cuts   InLp Confl. | LpIters     Time

         0       0         0   0.00%   682             inf                  inf        0      0      0         0     0.0s
         0       0         0   0.00%   682             inf                  inf        0      0      0       809     0.0s
        75       0        10   0.00%   751.99999       inf                  inf     6765    233     36     11874     5.5s
        94       0        19   0.00%   751.99999       inf                  inf     6774    233     45     12147    10.8s
       100      57        22   0.00%   751.99999       inf                  inf     6777    233     48     12219    18.1s
       156      56        32   0.00%   751.99999       inf                  inf     6405    265     58     17575    23.8s
       185      56        40   0.00%   751.99999       inf                  inf     6413    265     66     17652    29.3s
       200     111        45   0.00%   751.99999       inf                  inf     6418    265     71     17846    46.9s
       617     245       166   4.72%   751.99999       inf                  inf     5191    373     80     40666    52.0s
       837     300       217   4.74%   751.99999       inf                  inf     5496    523     95     46237    57.4s
       872     301       226   4.74%   751.99999       inf                  inf     5505    523    104     46856    62.5s
       893     305       233   4.74%   751.99999       inf                  inf     5511    523    111     47262    67.6s
       908     349       239   4.74%   751.99999       inf                  inf     5516    523    117     47524    76.0s

Restarting search from the root node
Model after restart has 1000 rows, 1001 cols (900 bin., 101 int., 0 impl., 0 cont.), and 2900 nonzeros

      1012       0         0   0.00%   751.99999       inf                  inf      571      0      0     49492    76.1s
      1012       0         0   0.00%   751.99999       inf                  inf      571    248      0     50339    76.1s
      1470     178        89   0.06%   751.99999       inf                  inf     2819    654     67     76552    81.5s
      1572     232       105   0.06%   751.99999       inf                  inf     2923    498     73     81965    87.0s
      1590     232       114   0.06%   751.99999       inf                  inf     2932    498     82     82344    92.3s
      1614     233       123   0.06%   751.99999       inf                  inf     2941    498     91     82853    97.8s
      1674     284       126   0.06%   751.99999       inf                  inf     3240    673     94     92800   103.6s

        Nodes      |    B&B Tree     |            Objective Bounds              |  Dynamic Constraints |       Work      
Src  Proc. InQueue |  Leaves   Expl. | BestBound       BestSol              Gap |   Cuts   InLp Confl. | LpIters     Time

      1711     285       135   0.06%   751.99999       inf                  inf     3249    673    103     93103   109.2s
      1730     361       140   0.06%   751.99999       inf                  inf     3254    673    108     93254   119.3s
 L    1730     156       140   0.07%   751.99999       1171              35.78%     3345    714    108     93362   119.8s
 L    1754     163       140   0.07%   751.99999       1146              34.38%     3491    466    108    100498   120.4s
 L    1854     169       156   0.17%   751.99999       1120              32.86%     3814    704    364    108130   121.4s
 L    2023     238       180   0.20%   751.99999       1116              32.62%     5196    971    717    137549   124.5s
 L    2324     441       199   0.20%   751.99999       1109              32.19%     8070    925    894    160965   126.8s
 L    2600     500       238   0.30%   751.99999       1076              30.11%    10548    937   1358    194277   130.8s
 L    2616     377       241   0.31%   751.99999       1061              29.12%    11195    701   1398    203004   131.7s
 L    2694     360       243   0.32%   751.99999       1035              27.34%    10400    964   1519    213971   133.0s
 L    2836     363       274   0.32%   751.99999       1017              26.06%     9429   1059   1907    228544   134.0s
      3245     450       347   0.70%   751.99999       1017              26.06%    10174    590   2734    294029   140.0s
 L    3636     485       390   0.79%   751.99999       1002              24.95%     9789    606   3440    310712   142.3s
 L    3966     459       493   0.88%   751.99999       987               23.81%    10429    836   4424    330994   144.2s
      5524     557       977   4.07%   751.99999       987               23.81%     9943    577   6935    400718   149.2s

Restarting search from the root node
Model after restart has 959 rows, 950 cols (849 bin., 101 int., 0 impl., 0 cont.), and 2767 nonzeros

      6990       0         0   0.00%   751.99999       987               23.81%      907      0      0    456090   153.2s
      6990       0         0   0.00%   751.99999       987               23.81%      907    512      8    456999   153.2s
      8502     161       468   5.30%   751.99999       987               23.81%     9038    993   4227    523330   158.2s
     10287     284      1056   9.08%   751.99999       987               23.81%    10054   1034   9093    594442   163.3s
     12172     464      1681  11.52%   751.99999       987               23.81%     8411   1061   8427    661167   168.3s

Restarting search from the root node
Model after restart has 958 rows, 949 cols (848 bin., 101 int., 0 impl., 0 cont.), and 2764 nonzeros


        Nodes      |    B&B Tree     |            Objective Bounds              |  Dynamic Constraints |       Work      
Src  Proc. InQueue |  Leaves   Expl. | BestBound       BestSol              Gap |   Cuts   InLp Confl. | LpIters     Time

     13831       0         0   0.00%   751.99999       987               23.81%      585      0      0    714719   172.8s
     13831       0         0   0.00%   751.99999       987               23.81%      585    427      8    715305   172.8s
     15758     198       580  22.96%   751.99999       987               23.81%     9460   1038   5201    787975   177.8s
     17919     412      1222  32.68%   751.99999       987               23.81%    10165    762   9988    859397   182.8s
     19918     550      1870  40.89%   751.99999       987               23.81%    10091    666   6508    920977   187.8s
     21945     678      2532  41.52%   751.99999       987               23.81%     7156    887   6357    979986   192.9s
     23905     824      3134  41.75%   751.99999       987               23.81%     8801    936   7271     1043k   197.9s

Restarting search from the root node
Model after restart has 958 rows, 949 cols (848 bin., 101 int., 0 impl., 0 cont.), and 2764 nonzeros

     25144       0         0   0.00%   751.99999       987               23.81%      832      0      0     1077k   200.9s
     25144       0         0   0.00%   751.99999       987               23.81%      832    461      8     1078k   200.9s
     26703     182       469  34.93%   751.99999       987               23.81%     8700    888   4891     1144k   205.9s
     28745     408      1071  44.69%   751.99999       987               23.81%     8912   1010   8527     1209k   210.9s
     31181     607      1837  47.57%   751.99999       987               23.81%    10637   1063   9684     1278k   215.9s
     33270     813      2549  48.70%   751.99999       987               23.81%     9952    533   9477     1345k   220.9s
     35124     970      3138  49.31%   751.99999       987               23.81%     7569   1131   8036     1401k   226.0s
     37456    1142      3873  49.45%   751.99999       987               23.81%     6419    973   9646     1460k   231.0s
     39630    1264      4594  49.50%   751.99999       987               23.81%     7798    926   8003     1522k   236.0s
     41457    1418      5155  49.75%   751.99999       987               23.81%     6085   1037   7759     1580k   241.0s
     43518    1535      5829  49.86%   751.99999       987               23.81%     6795    909   7411     1642k   246.1s

Restarting search from the root node
Model after restart has 955 rows, 946 cols (845 bin., 101 int., 0 impl., 0 cont.), and 2755 nonzeros

     43796       0         0   0.00%   751.99999       987               23.81%      720      0      0     1651k   246.8s
     43796       0         0   0.00%   751.99999       987               23.81%      720    465      8     1652k   246.8s

        Nodes      |    B&B Tree     |            Objective Bounds              |  Dynamic Constraints |       Work      
Src  Proc. InQueue |  Leaves   Expl. | BestBound       BestSol              Gap |   Cuts   InLp Confl. | LpIters     Time

     45758     126       645   9.49%   751.99999       987               23.81%     8328    722   5876     1709k   251.8s
     47704     310      1257  10.44%   751.99999       987               23.81%     7668    865   7014     1769k   256.8s
     49949     486      2017  12.89%   751.99999       987               23.81%     7774    708   8690     1828k   261.8s
     52163     630      2785  13.27%   751.99999       987               23.81%     7083    677   9115     1889k   266.8s
     54366     750      3572  14.17%   751.99999       987               23.81%     7083    758   9216     1947k   271.9s
     56314     854      4251  14.63%   751.99999       987               23.81%     7707   1128   9146     2011k   276.9s
     58763     981      5129  14.76%   751.99999       987               23.81%     6412    976   9850     2076k   281.9s
     60841    1143      5812  15.35%   751.99999       987               23.81%     6008    946   6774     2141k   286.9s
     62945    1316      6496  15.58%   751.99999       987               23.81%     7713    573   7717     2199k   291.9s
     64912    1432      7185  15.63%   751.99999       987               23.81%     6088    713   6226     2251k   296.9s
     66181    1503      7635  15.71%   751.99999       987               23.81%     6486   1053   6119     2291k   300.0s

Solving report
  Model             394d1a7b497044d9b799bd463181e615-pulp
  Status            Time limit reached
  Primal bound      987
  Dual bound        752
  Gap               23.81% (tolerance: 5%)
  P-D integral      44.2752731538
  Solution status   feasible
                    987 (objective)
                    0 (bound viol.)
                    9.09494701773e-13 (int. viol.)
                    0 (row viol.)
  Timing            300.00 (total)
                    0.00 (presolve)
                    0.00 (solve)
                    0.00 (postsolve)
  Max sub-MIP depth 5
  Nodes             66181
  Repair LPs        0 (0 feasible; 0 iterations)
  LP iterations     2291474 (total)
                    0 (strong br.)
                    402085 (separation)
                    192799 (heuristics)
Writing the solution to C:\Users\konra\AppData\Local\Temp\394d1a7b497044d9b799bd463181e615-pulp.sol
Running HiGHS 1.10.0 (git hash: fd8665394): Copyright (c) 2025 HiGHS under MIT licence terms
Set option time_limit to 300
Set option log_to_console to false
Set option solution_file to "C:\Users\konra\AppData\Local\Temp\ef5a1fe3c05e40f8917318c1bf750b7d-pulp.sol"
Set option log_file to "C:\Users\konra\Coding\HTWD_Minimalinvasives_Job-Shop_Scheduling\data\solver_logs\makespan_highs.log"
Set option write_solution_to_file to true
Set option mip_rel_gap to 0.05
Number of BV entries in BOUNDS section is 900
MIP  ef5a1fe3c05e40f8917318c1bf750b7d-pulp has 1900 rows; 1001 cols; 5600 nonzeros; 1001 integer variables (900 binary)
Coefficient ranges:
  Matrix [1e+00, 5e+03]
  Cost   [1e+00, 1e+00]
  Bound  [1e+00, 1e+00]
  RHS    [2e+00, 5e+03]
Presolving model
1900 rows, 1001 cols, 5600 nonzeros  0s
1000 rows, 1001 cols, 2900 nonzeros  0s
1000 rows, 1001 cols, 2900 nonzeros  0s
Objective function is integral with scale 1

Solving MIP model with:
   1000 rows
   1001 cols (900 binary, 101 integer, 0 implied int., 0 continuous)
   2900 nonzeros

Src: B => Branching; C => Central rounding; F => Feasibility pump; H => Heuristic; L => Sub-MIP;
     P => Empty MIP; R => Randomized rounding; S => Solve LP; T => Evaluate node; U => Unbounded;
     z => Trivial zero; l => Trivial lower; u => Trivial upper; p => Trivial point; X => User solution

        Nodes      |    B&B Tree     |            Objective Bounds              |  Dynamic Constraints |       Work      
Src  Proc. InQueue |  Leaves   Expl. | BestBound       BestSol              Gap |   Cuts   InLp Confl. | LpIters     Time

         0       0         0   0.00%   682             inf                  inf        0      0      0         0     0.0s
         0       0         0   0.00%   682             inf                  inf        0      0      0       802     0.0s
 L     438     110        54   0.39%   751.99999       1221              38.41%     7651    321     46     27310     2.5s
 L     639     191        88   2.05%   751.99999       1172              35.84%    10046    926    163     48293     4.2s
 L     743     259        88   2.05%   751.99999       1157              35.00%    10405   1263    290     53160     4.7s
 L    1469     644        97   2.05%   751.99999       1151              34.67%    10485   1328    637     73313     7.3s
 L    1607     644       105   2.05%   751.99999       1137              33.86%    10764    607    829     80232     8.1s
 L    1767     678       117   2.05%   751.99999       1119              32.80%    11918    861   1042     93466     9.6s
 L    2029     696       152   2.05%   751.99999       1110              32.25%     9036    918   1548    117349    11.9s
 L    2265     712       188   2.06%   751.99999       1087              30.82%    10062    366   1945    149395    14.8s
 L    2288     706       190   2.06%   751.99999       1086              30.76%    10658    825   1961    154799    15.5s
 L    2494     764       220   2.08%   751.99999       1082              30.50%     6715    834   2286    188462    19.1s
 L    2796     855       247   2.08%   751.99999       1076              30.11%     9893    685   2761    224406    22.8s
 L    2894     685       270   2.08%   751.99999       1038              27.55%    10360    524   3058    234901    23.6s
 L    2965     531       300   2.09%   751.99999       1014              25.84%    10034    572   3233    241739    24.4s
 L    3064     543       320   2.09%   751.99999       1012              25.69%    11144   1008   3402    248911    25.4s
 L    3524     539       459   2.09%   751.99999       1005              25.17%    10610    728   3961    281481    29.4s
 L    3974     480       599   2.11%   751.99999       988               23.89%    10163    862   4183    313245    32.8s
 L    4270     461       694   2.11%   751.99999       985               23.65%    10516    831   4771    331127    35.0s

Restarting search from the root node
Model after restart has 959 rows, 950 cols (849 bin., 101 int., 0 impl., 0 cont.), and 2767 nonzeros

      5315       0         0   0.00%   751.99999       985               23.65%      823      0      0    390515    39.9s

        Nodes      |    B&B Tree     |            Objective Bounds              |  Dynamic Constraints |       Work      
Src  Proc. InQueue |  Leaves   Expl. | BestBound       BestSol              Gap |   Cuts   InLp Confl. | LpIters     Time

      5315       0         0   0.00%   751.99999       985               23.65%      823    489      8    391380    39.9s
      6656     119       434   3.81%   751.99999       985               23.65%     7942    811   3482    471514    44.9s
      8090     233       879  22.96%   751.99999       985               23.65%    10828    996   7336    550918    49.9s
      9208     362      1201  28.16%   751.99999       985               23.65%    11188   1263   9062    613923    54.9s
     10659     473      1649  33.51%   751.99999       985               23.65%     9887    853   5982    681321    60.0s
     12720     603      2321  34.72%   751.99999       985               23.65%    10874    842   7821    749985    65.0s

Restarting search from the root node
Model after restart has 959 rows, 950 cols (849 bin., 101 int., 0 impl., 0 cont.), and 2767 nonzeros

     13518       0         0   0.00%   751.99999       985               23.65%      910      0      0    775886    66.8s
     13518       0         0   0.00%   751.99999       985               23.65%      910    500      8    776738    66.8s
     15294     147       569  12.09%   751.99999       985               23.65%     9651    666   4859    840868    71.8s
     17030     318      1046  17.31%   751.99999       985               23.65%     9327    926   8044    900070    76.8s
     18800     505      1574  19.30%   751.99999       985               23.65%     9306    899   8805    957592    81.8s
     20734     703      2163  22.37%   751.99999       985               23.65%     9560    804   8571     1021k    86.8s
     22859     878      2830  23.39%   751.99999       985               23.65%     8289    887   8741     1080k    91.8s
     24917    1047      3463  26.93%   751.99999       985               23.65%     7531    653   7715     1139k    96.8s
     27205    1195      4229  29.79%   751.99999       985               23.65%     9039   1121   9895     1198k   101.8s
     29282    1309      4908  30.04%   751.99999       985               23.65%     7502    520   8281     1259k   106.8s

Restarting search from the root node
Model after restart has 957 rows, 948 cols (847 bin., 101 int., 0 impl., 0 cont.), and 2761 nonzeros

     30456       0         0   0.00%   751.99999       985               23.65%      902      0      0     1291k   109.8s
     30456       0         0   0.00%   751.99999       985               23.65%      902    488      8     1291k   109.8s
     32083     136       507  22.54%   751.99999       985               23.65%     8837    646   4786     1351k   114.9s
     34276     348      1173  26.88%   751.99999       985               23.65%     9154    647   9830     1413k   119.9s

        Nodes      |    B&B Tree     |            Objective Bounds              |  Dynamic Constraints |       Work      
Src  Proc. InQueue |  Leaves   Expl. | BestBound       BestSol              Gap |   Cuts   InLp Confl. | LpIters     Time

     36166     477      1808  28.79%   751.99999       985               23.65%     6030    748   8875     1469k   124.9s
     37883     627      2370  30.08%   751.99999       985               23.65%     7632    798   8443     1527k   129.9s
     39785     787      2973  31.61%   751.99999       985               23.65%     8249    807   9572     1590k   134.9s
     41612     929      3559  32.49%   751.99999       985               23.65%     7556    984   8465     1649k   139.9s
     43142    1056      4052  32.68%   751.99999       985               23.65%     7975   1014   8348     1704k   144.9s
     45236    1221      4751  34.56%   751.99999       985               23.65%     7285    639   7624     1767k   149.9s
     47585    1360      5572  35.25%   751.99999       985               23.65%     6648    771   8227     1826k   154.9s
     49880    1498      6377  37.01%   751.99999       985               23.65%     7574    786   9331     1888k   159.9s
     51772    1622      6987  37.48%   751.99999       985               23.65%     7445    799   8287     1947k   164.9s
     53985    1764      7714  38.38%   751.99999       985               23.65%     6920    799   8551     2003k   169.9s
     56049    1916      8397  38.43%   751.99999       985               23.65%     4740    714   8344     2057k   175.0s
     58018    2052      9046  38.54%   751.99999       985               23.65%     5985    963   9160     2117k   180.0s
     59985    2172      9693  40.17%   751.99999       985               23.65%     6112   1010   7739     2176k   185.0s
     62203    2319     10445  40.29%   751.99999       985               23.65%     7011    930   8996     2236k   190.0s
     64356    2434     11164  40.34%   751.99999       985               23.65%     6191    869   8913     2295k   195.0s
     66570    2570     11934  40.45%   751.99999       985               23.65%     7319   1136   8926     2355k   200.0s
     68644    2692     12657  41.01%   751.99999       985               23.65%     4579    580   8653     2408k   205.0s
     70717    2826     13359  41.06%   751.99999       985               23.65%     6408    830   7772     2463k   210.0s
     72961    2962     14105  41.07%   751.99999       985               23.65%     6056    971   9957     2519k   215.1s
     75217    3061     14891  41.16%   751.99999       985               23.65%     5606    665   8408     2575k   220.1s

        Nodes      |    B&B Tree     |            Objective Bounds              |  Dynamic Constraints |       Work      
Src  Proc. InQueue |  Leaves   Expl. | BestBound       BestSol              Gap |   Cuts   InLp Confl. | LpIters     Time

     77336    3199     15622  41.23%   751.99999       985               23.65%     6431    766   9011     2633k   225.1s

Restarting search from the root node
Model after restart has 955 rows, 946 cols (845 bin., 101 int., 0 impl., 0 cont.), and 2755 nonzeros

     78774       0         0   0.00%   751.99999       985               23.65%      879      0      0     2663k   227.6s
     78774       0         0   0.00%   751.99999       985               23.65%      879    483      8     2664k   227.6s
     80396     179       520  27.69%   751.99999       985               23.65%     7383    738   4658     2725k   232.6s
     82425     305      1218  30.49%   751.99999       985               23.65%     7035   1117   8132     2786k   237.7s
     84642     473      1962  31.52%   751.99999       985               23.65%     7319    692   9702     2845k   242.7s
     87005     608      2806  32.11%   751.99999       985               23.65%     6607    544   9562     2906k   247.7s
     89217     737      3558  32.28%   751.99999       985               23.65%     6399    803   8537     2964k   252.7s
     91323     861      4294  32.54%   751.99999       985               23.65%     5658    896   8879     3022k   257.7s

Restarting search from the root node
Model after restart has 955 rows, 946 cols (845 bin., 101 int., 0 impl., 0 cont.), and 2755 nonzeros

     91503       0         0   0.00%   751.99999       985               23.65%      910      0      0     3027k   258.1s
     91503       0         0   0.00%   751.99999       985               23.65%      910    500      8     3027k   258.1s
     93000     170       474   5.15%   751.99999       985               23.65%     9052    914   4278     3086k   263.1s
     95178     349      1224  10.84%   751.99999       985               23.65%     6737    811   9993     3144k   268.1s
     96896     494      1783  14.05%   751.99999       985               23.65%     7467    840   5976     3207k   273.1s
     99024     644      2522  14.49%   751.99999       985               23.65%     8702    650   7990     3270k   278.1s
    100927     788      3174  14.66%   751.99999       985               23.65%     7407    825   8457     3334k   283.1s
    102831     918      3822  15.13%   751.99999       985               23.65%     6936    696   7589     3396k   288.1s
    104529    1058      4400  16.03%   751.99999       985               23.65%     7581    871   7059     3456k   293.1s
    106401    1168      5067  17.86%   751.99999       985               23.65%     7066    829   8368     3518k   298.2s
    106998    1208      5270  17.87%   751.99999       985               23.65%     8269   1029   7505     3541k   300.0s

Solving report
  Model             ef5a1fe3c05e40f8917318c1bf750b7d-pulp
  Status            Time limit reached
  Primal bound      985
  Dual bound        752
  Gap               23.65% (tolerance: 5%)
  P-D integral      72.4713531343
  Solution status   feasible
                    985 (objective)
                    0 (bound viol.)
                    4.54747350886e-13 (int. viol.)
                    0 (row viol.)
  Timing            300.00 (total)
                    0.00 (presolve)
                    0.00 (solve)
                    0.00 (postsolve)
  Max sub-MIP depth 3
  Nodes             106998
  Repair LPs        0 (0 feasible; 0 iterations)
  LP iterations     3541464 (total)
                    0 (strong br.)
                    621059 (separation)
                    179507 (heuristics)
Writing the solution to C:\Users\konra\AppData\Local\Temp\ef5a1fe3c05e40f8917318c1bf750b7d-pulp.sol
