
Starting CP-SAT solver v9.14.6206
Parameters: max_time_in_seconds: 300 log_search_progress: true num_search_workers: 104 relative_gap_limit: 0.005

Initial optimization model '': (model_fingerprint: 0x369c1f384d211673)
#Variables: 425 (#ints: 83 in objective) (342 primary variables)
  - 83 in [0,51312]
  - 62 in [38880,51312]
  - 280 in [40320,51312]
#kInterval: 175 (#fixed: 4)
#kLinMax: 83 (#expressions: 166)
#kLinear1: 26
#kLinear2: 145
#kNoOverlap: 10 (#intervals: 175, #fixed_intervals: 4)

Starting presolve at 0.00s
  7.93e-05s  0.00e+00d  [DetectDominanceRelations] 
  1.67e-03s  0.00e+00d  [PresolveToFixPoint] #num_loops=10 #num_dual_strengthening=1 
  2.93e-06s  0.00e+00d  [ExtractEncodingFromLinear] 
  1.70e-05s  0.00e+00d  [DetectDuplicateColumns] 
  7.36e-05s  0.00e+00d  [DetectDuplicateConstraints] 
[Symmetry] Graph for symmetry has 1'056 nodes and 1'034 arcs.
[Symmetry] Symmetry computation done. time: 8.7885e-05 dtime: 0.00010034
  6.57e-05s  0.00e+00d  [DetectDuplicateConstraintsWithDifferentEnforcements] 
  6.02e-04s  6.83e-06d  [Probe] #new_bounds=33 
  3.83e-06s  0.00e+00d  [MaxClique] 
  6.40e-05s  0.00e+00d  [DetectDominanceRelations] 
  5.23e-04s  0.00e+00d  [PresolveToFixPoint] #num_loops=3 #num_dual_strengthening=2 
  2.48e-05s  0.00e+00d  [ProcessAtMostOneAndLinear] 
  6.07e-05s  0.00e+00d  [DetectDuplicateConstraints] 
  5.46e-05s  0.00e+00d  [DetectDuplicateConstraintsWithDifferentEnforcements] 
  2.54e-05s  1.16e-06d  [DetectDominatedLinearConstraints] #relevant_constraints=193 
  2.80e-05s  0.00e+00d  [DetectDifferentVariables] 
  2.56e-06s  0.00e+00d  [ProcessSetPPC] 
  2.34e-06s  0.00e+00d  [FindAlmostIdenticalLinearConstraints] 
  1.38e-05s  0.00e+00d  [FindBigAtMostOneAndLinearOverlap] 
  1.65e-05s  7.25e-06d  [FindBigVerticalLinearOverlap] 
  2.23e-06s  0.00e+00d  [FindBigHorizontalLinearOverlap] 
  2.10e-06s  0.00e+00d  [MergeClauses] 
  5.76e-05s  0.00e+00d  [DetectDominanceRelations] 
  3.22e-04s  0.00e+00d  [PresolveToFixPoint] #num_loops=1 #num_dual_strengthening=1 
  5.48e-05s  0.00e+00d  [DetectDominanceRelations] 
  3.15e-04s  0.00e+00d  [PresolveToFixPoint] #num_loops=1 #num_dual_strengthening=1 
  1.12e-05s  0.00e+00d  [DetectDuplicateColumns] 
  5.45e-05s  0.00e+00d  [DetectDuplicateConstraints] 
[Symmetry] Graph for symmetry has 1'039 nodes and 1'010 arcs.
[Symmetry] Symmetry computation done. time: 7.1504e-05 dtime: 9.897e-05
  5.83e-05s  0.00e+00d  [DetectDuplicateConstraintsWithDifferentEnforcements] 
  4.32e-04s  2.26e-06d  [Probe] 
  1.56e-06s  0.00e+00d  [MaxClique] 
  6.05e-05s  0.00e+00d  [DetectDominanceRelations] 
  3.61e-04s  0.00e+00d  [PresolveToFixPoint] #num_loops=1 #num_dual_strengthening=1 
  2.48e-05s  0.00e+00d  [ProcessAtMostOneAndLinear] 
  5.55e-05s  0.00e+00d  [DetectDuplicateConstraints] 
  5.50e-05s  0.00e+00d  [DetectDuplicateConstraintsWithDifferentEnforcements] 
  2.78e-05s  1.16e-06d  [DetectDominatedLinearConstraints] #relevant_constraints=193 
  2.55e-05s  0.00e+00d  [DetectDifferentVariables] 
  1.89e-06s  0.00e+00d  [ProcessSetPPC] 
  2.26e-06s  0.00e+00d  [FindAlmostIdenticalLinearConstraints] 
  9.42e-06s  0.00e+00d  [FindBigAtMostOneAndLinearOverlap] 
  1.54e-05s  7.25e-06d  [FindBigVerticalLinearOverlap] 
  1.70e-06s  0.00e+00d  [FindBigHorizontalLinearOverlap] 
  1.42e-06s  0.00e+00d  [MergeClauses] 
  5.82e-05s  0.00e+00d  [DetectDominanceRelations] 
  3.22e-04s  0.00e+00d  [PresolveToFixPoint] #num_loops=1 #num_dual_strengthening=1 
  1.66e-05s  0.00e+00d  [ExpandObjective] 

Presolve summary:
  - 183 affine relations were detected.
  - rule 'TODO dual: only one blocking constraint?' was applied 612 times.
  - rule 'TODO dual: only one unspecified blocking constraint?' was applied 336 times.
  - rule 'affine: new relation' was applied 183 times.
  - rule 'dual: reduced domain' was applied 5 times.
  - rule 'intervals: removed unused interval' was applied 4 times.
  - rule 'lin_max: converted abs to equality' was applied 10 times.
  - rule 'lin_max: converted to equality' was applied 4 times.
  - rule 'lin_max: propagate domain from x to abs(x)' was applied 54 times.
  - rule 'lin_max: removed exprs' was applied 4 times.
  - rule 'lin_max: rewrite with precedences' was applied 48 times.
  - rule 'lin_max: target domain reduced' was applied 52 times.
  - rule 'linear1: x in domain' was applied 20 times.
  - rule 'linear: always true' was applied 56 times.
  - rule 'linear: fixed or dup variables' was applied 2 times.
  - rule 'linear: reduced variable domains' was applied 844 times.
  - rule 'linear: remapped using affine relations' was applied 392 times.
  - rule 'no_overlap: split into disjoint components' was applied 4 times.
  - rule 'objective: variable not used elsewhere' was applied 2 times.
  - rule 'presolve: 2 unused variables removed.' was applied 1 time.
  - rule 'presolve: iteration' was applied 2 times.

Presolved optimization model '': (model_fingerprint: 0xeb0a45bbc1d0dc7)
#Variables: 240 (#ints: 79 in objective) (171 primary variables)
  - 217 different domains in [0,51291] with a largest complexity of 1.
#kInterval: 171
#kLinMax: 21 (#expressions: 42)
#kLinear2: 193
#kNoOverlap: 10 (#intervals: 171)
[Symmetry] Graph for symmetry has 854 nodes and 1'010 arcs.
[Symmetry] Symmetry computation done. time: 5.8433e-05 dtime: 8.787e-05

Preloading model.
#Bound   0.01s best:inf   next:[9577,4294111] initial_domain
#Model   0.01s var:240/240 constraints:395/395

Starting search at 0.01s with 104 workers.
18 full problem subsolvers: [core, default_lp, fixed, lb_tree_search, max_lp, no_lp, objective_lb_search, objective_lb_search_max_lp, objective_lb_search_no_lp, objective_shaving_max_lp, objective_shaving_no_lp, probing, probing_max_lp, probing_no_lp, pseudo_costs, quick_restart, quick_restart_no_lp, reduced_costs]
86 first solution subsolvers: [fj(25), fj_lin(12), fs_random(12), fs_random_no_lp(13), fs_random_quick_restart(12), fs_random_quick_restart_no_lp(12)]
45 interleaved subsolvers: [feasibility_pump, graph_arc_lns, graph_cst_lns, graph_dec_lns, graph_var_lns, lb_relax_lns, ls(19), ls_lin(10), rins/rens, rnd_cst_lns, rnd_var_lns, scheduling_intervals_lns, scheduling_precedences_lns, scheduling_resource_windows_lns, scheduling_time_window_lns, variables_shaving, variables_shaving_max_lp, variables_shaving_no_lp]
3 helper subsolvers: [neighborhood_helper, synchronization_agent, update_gap_integral]

#1       0.02s best:98234 next:[9577,98233] no_lp
#2       0.02s best:91246 next:[9577,91245] quick_restart_no_lp
#3       0.02s best:24684 next:[9577,24683] core
#4       0.02s best:24585 next:[9577,24584] rnd_var_lns (d=5.00e-01 s=24 t=0.10 p=0.00 stall=0 h=base)
#Bound   0.03s best:24585 next:[9629,24584] objective_lb_search_no_lp
#Bound   0.03s best:24585 next:[9637,24584] objective_lb_search_no_lp
#Bound   0.03s best:24585 next:[9639,24584] objective_lb_search_no_lp
#Bound   0.03s best:24585 next:[9643,24584] objective_lb_search_no_lp
#Bound   0.03s best:24585 next:[11640,24584] max_lp
#5       0.03s best:24138 next:[11640,24137] ls_restart_perturb(batch:1 lin{mvs:7 evals:61} gen{mvs:23 evals:333} #w_updates:56 #perturb:0)
#6       0.03s best:24045 next:[11640,24044] ls_restart_compound(batch:1 lin{mvs:0 evals:19} gen{mvs:29 evals:175} comp{mvs:9 btracks:10} #w_updates:0 #perturb:0)
#7       0.03s best:16351 next:[11640,16350] ls_restart(batch:1 lin{mvs:4 evals:35} gen{mvs:5 evals:33} #w_updates:0 #perturb:0)
#8       0.03s best:16340 next:[11640,16339] ls_restart_compound_perturb(batch:1 lin{mvs:0 evals:20} gen{mvs:40 evals:181} comp{mvs:10 btracks:15} #w_updates:0 #perturb:0) [combined with: ls_restart(batch:1 l...]
#9       0.03s best:16339 next:[11640,16338] ls_restart_compound_perturb(batch:1 lin{mvs:0 evals:6} gen{mvs:6 evals:46} comp{mvs:6 btracks:0} #w_updates:0 #perturb:0)
#10      0.03s best:16196 next:[11640,16195] ls_restart_decay_perturb(batch:1 lin{mvs:5 evals:39} gen{mvs:4 evals:38} #w_updates:0 #perturb:0)
#11      0.03s best:16187 next:[11640,16186] ls_restart_perturb(batch:1 lin{mvs:4 evals:44} gen{mvs:12 evals:93} #w_updates:8 #perturb:0)
#12      0.03s best:16184 next:[11640,16183] ls_restart_compound(batch:1 lin{mvs:0 evals:15} gen{mvs:22 evals:127} comp{mvs:8 btracks:7} #w_updates:0 #perturb:0)
#13      0.03s best:15989 next:[11640,15988] ls_lin_restart_decay(batch:1 lin{mvs:4 evals:36} gen{mvs:4 evals:36} #w_updates:0 #perturb:0)
#14      0.03s best:15939 next:[11640,15938] ls_lin_restart_perturb(batch:1 lin{mvs:6 evals:40} gen{mvs:4 evals:35} #w_updates:0 #perturb:0)
#Bound   0.03s best:15939 next:[11659,15938] objective_lb_search_no_lp
#15      0.03s best:15926 next:[11659,15925] ls_lin_restart_decay_perturb(batch:1 lin{mvs:4 evals:37} gen{mvs:4 evals:32} #w_updates:0 #perturb:0)
#Bound   0.03s best:15926 next:[11664,15925] objective_lb_search_no_lp
#16      0.03s best:15914 next:[11664,15913] ls_lin_restart_decay_compound_perturb(batch:1 lin{mvs:0 evals:50} gen{mvs:98 evals:533} comp{mvs:18 btracks:40} #w_updates:1 #perturb:0) [combined with: ls_lin_restart_decay...]
#Bound   0.04s best:15914 next:[11672,15913] objective_lb_search_no_lp
#17      0.04s best:15902 next:[11672,15901] ls_restart_compound(batch:1 lin{mvs:0 evals:9} gen{mvs:16 evals:80} comp{mvs:4 btracks:6} #w_updates:0 #perturb:0)
#18      0.04s best:13722 next:[11672,13721] objective_lb_search_no_lp
#Bound   0.04s best:13722 next:[12171,13721] max_lp
#19      0.04s best:13674 next:[12171,13673] ls_restart_decay(batch:1 lin{mvs:4 evals:99} gen{mvs:25 evals:243} #w_updates:10 #perturb:0)
#20      0.04s best:13662 next:[12171,13661] ls_lin_restart_decay(batch:1 lin{mvs:4 evals:54} gen{mvs:2 evals:29} #w_updates:0 #perturb:0)
#Bound   0.05s best:13662 next:[12415,13661] max_lp
#21      0.06s best:13651 next:[12415,13650] ls_restart_decay_compound_perturb(batch:1 lin{mvs:0 evals:2'024} gen{mvs:1'604 evals:9'885} comp{mvs:86 btracks:759} #w_updates:19 #perturb:0) [combined with: ls_lin_restart_decay...]
#Bound   0.06s best:13651 next:[12488,13650] max_lp
#22      0.07s best:13647 next:[12488,13646] graph_var_lns (d=7.07e-01 s=116 t=0.10 p=1.00 stall=0 h=base) [combined with: ls_restart_decay_com...]
#23      0.07s best:13565 next:[12488,13564] ls_restart(batch:1 lin{mvs:4 evals:64} gen{mvs:5 evals:49} #w_updates:0 #perturb:0)
#24      0.08s best:13554 next:[12488,13553] ls_restart_decay(batch:1 lin{mvs:5 evals:430} gen{mvs:339 evals:3'006} #w_updates:139 #perturb:0)
#25      0.09s best:13553 next:[12488,13552] rnd_var_lns (d=8.14e-01 s=215 t=0.10 p=1.00 stall=1 h=base)
#Bound   0.10s best:13553 next:[12489,13552] objective_lb_search_no_lp
#26      0.11s best:13346 next:[12489,13345] lb_relax_lns_bool_h (d=5.00e-01 s=30 t=0.50 p=0.00 stall=0 h=base)
#Bound   0.12s best:13346 next:[12490,13345] objective_lb_search_no_lp
#Bound   0.13s best:13346 next:[12496,13345] max_lp
#Bound   0.14s best:13346 next:[12497,13345] objective_lb_search_max_lp
#Bound   0.14s best:13346 next:[12500,13345] max_lp
#Bound   0.14s best:13346 next:[12562,13345] objective_lb_search_no_lp
#Bound   0.14s best:13346 next:[12624,13345] objective_lb_search_no_lp
#Bound   0.14s best:13346 next:[12808,13345] objective_lb_search_no_lp
#Bound   0.16s best:13346 next:[12809,13345] objective_lb_search_no_lp
Relative gap limit of 0.005 reached.
#Bound   0.19s best:13346 next:[13306,13345] quick_restart [skipped_logs=2]

Task timing                                  n [     min,      max]      avg      dev     time         n [     min,      max]      avg      dev    dtime
                             'core':         1 [185.34ms, 185.34ms] 185.34ms   0.00ns 185.34ms         1 [ 14.90ms,  14.90ms]  14.90ms   0.00ns  14.90ms
                       'default_lp':         1 [182.33ms, 182.33ms] 182.33ms   0.00ns 182.33ms         1 [ 25.60ms,  25.60ms]  25.60ms   0.00ns  25.60ms
                 'feasibility_pump':       161 [ 63.86us,   1.81ms] 155.44us 167.31us  25.03ms       160 [ 36.17us, 794.30us]  40.91us  59.75us   6.55ms
                            'fixed':         1 [188.24ms, 188.24ms] 188.24ms   0.00ns 188.24ms         1 [ 29.89ms,  29.89ms]  29.89ms   0.00ns  29.89ms
                               'fj':         0 [  0.00ns,   0.00ns]   0.00ns   0.00ns   0.00ns         0 [  0.00ns,   0.00ns]   0.00ns   0.00ns   0.00ns
                               'fj':         0 [  0.00ns,   0.00ns]   0.00ns   0.00ns   0.00ns         0 [  0.00ns,   0.00ns]   0.00ns   0.00ns   0.00ns
                               'fj':         0 [  0.00ns,   0.00ns]   0.00ns   0.00ns   0.00ns         0 [  0.00ns,   0.00ns]   0.00ns   0.00ns   0.00ns
                               'fj':         0 [  0.00ns,   0.00ns]   0.00ns   0.00ns   0.00ns         0 [  0.00ns,   0.00ns]   0.00ns   0.00ns   0.00ns
                               'fj':         0 [  0.00ns,   0.00ns]   0.00ns   0.00ns   0.00ns         0 [  0.00ns,   0.00ns]   0.00ns   0.00ns   0.00ns
                               'fj':         0 [  0.00ns,   0.00ns]   0.00ns   0.00ns   0.00ns         0 [  0.00ns,   0.00ns]   0.00ns   0.00ns   0.00ns
                               'fj':         0 [  0.00ns,   0.00ns]   0.00ns   0.00ns   0.00ns         0 [  0.00ns,   0.00ns]   0.00ns   0.00ns   0.00ns
                               'fj':         0 [  0.00ns,   0.00ns]   0.00ns   0.00ns   0.00ns         0 [  0.00ns,   0.00ns]   0.00ns   0.00ns   0.00ns
                               'fj':         0 [  0.00ns,   0.00ns]   0.00ns   0.00ns   0.00ns         0 [  0.00ns,   0.00ns]   0.00ns   0.00ns   0.00ns
                               'fj':         0 [  0.00ns,   0.00ns]   0.00ns   0.00ns   0.00ns         0 [  0.00ns,   0.00ns]   0.00ns   0.00ns   0.00ns
                               'fj':         0 [  0.00ns,   0.00ns]   0.00ns   0.00ns   0.00ns         0 [  0.00ns,   0.00ns]   0.00ns   0.00ns   0.00ns
                               'fj':         0 [  0.00ns,   0.00ns]   0.00ns   0.00ns   0.00ns         0 [  0.00ns,   0.00ns]   0.00ns   0.00ns   0.00ns
                               'fj':         0 [  0.00ns,   0.00ns]   0.00ns   0.00ns   0.00ns         0 [  0.00ns,   0.00ns]   0.00ns   0.00ns   0.00ns
                               'fj':         0 [  0.00ns,   0.00ns]   0.00ns   0.00ns   0.00ns         0 [  0.00ns,   0.00ns]   0.00ns   0.00ns   0.00ns
                               'fj':         0 [  0.00ns,   0.00ns]   0.00ns   0.00ns   0.00ns         0 [  0.00ns,   0.00ns]   0.00ns   0.00ns   0.00ns
                               'fj':         0 [  0.00ns,   0.00ns]   0.00ns   0.00ns   0.00ns         0 [  0.00ns,   0.00ns]   0.00ns   0.00ns   0.00ns
                               'fj':         0 [  0.00ns,   0.00ns]   0.00ns   0.00ns   0.00ns         0 [  0.00ns,   0.00ns]   0.00ns   0.00ns   0.00ns
                               'fj':         0 [  0.00ns,   0.00ns]   0.00ns   0.00ns   0.00ns         0 [  0.00ns,   0.00ns]   0.00ns   0.00ns   0.00ns
                               'fj':         0 [  0.00ns,   0.00ns]   0.00ns   0.00ns   0.00ns         0 [  0.00ns,   0.00ns]   0.00ns   0.00ns   0.00ns
                               'fj':         0 [  0.00ns,   0.00ns]   0.00ns   0.00ns   0.00ns         0 [  0.00ns,   0.00ns]   0.00ns   0.00ns   0.00ns
                               'fj':         0 [  0.00ns,   0.00ns]   0.00ns   0.00ns   0.00ns         0 [  0.00ns,   0.00ns]   0.00ns   0.00ns   0.00ns
                               'fj':         0 [  0.00ns,   0.00ns]   0.00ns   0.00ns   0.00ns         0 [  0.00ns,   0.00ns]   0.00ns   0.00ns   0.00ns
                               'fj':         0 [  0.00ns,   0.00ns]   0.00ns   0.00ns   0.00ns         0 [  0.00ns,   0.00ns]   0.00ns   0.00ns   0.00ns
                               'fj':         0 [  0.00ns,   0.00ns]   0.00ns   0.00ns   0.00ns         0 [  0.00ns,   0.00ns]   0.00ns   0.00ns   0.00ns
                               'fj':         0 [  0.00ns,   0.00ns]   0.00ns   0.00ns   0.00ns         0 [  0.00ns,   0.00ns]   0.00ns   0.00ns   0.00ns
                           'fj_lin':         0 [  0.00ns,   0.00ns]   0.00ns   0.00ns   0.00ns         0 [  0.00ns,   0.00ns]   0.00ns   0.00ns   0.00ns
                           'fj_lin':         0 [  0.00ns,   0.00ns]   0.00ns   0.00ns   0.00ns         0 [  0.00ns,   0.00ns]   0.00ns   0.00ns   0.00ns
                           'fj_lin':         0 [  0.00ns,   0.00ns]   0.00ns   0.00ns   0.00ns         0 [  0.00ns,   0.00ns]   0.00ns   0.00ns   0.00ns
                           'fj_lin':         0 [  0.00ns,   0.00ns]   0.00ns   0.00ns   0.00ns         0 [  0.00ns,   0.00ns]   0.00ns   0.00ns   0.00ns
                           'fj_lin':         0 [  0.00ns,   0.00ns]   0.00ns   0.00ns   0.00ns         0 [  0.00ns,   0.00ns]   0.00ns   0.00ns   0.00ns
                           'fj_lin':         0 [  0.00ns,   0.00ns]   0.00ns   0.00ns   0.00ns         0 [  0.00ns,   0.00ns]   0.00ns   0.00ns   0.00ns
                           'fj_lin':         0 [  0.00ns,   0.00ns]   0.00ns   0.00ns   0.00ns         0 [  0.00ns,   0.00ns]   0.00ns   0.00ns   0.00ns
                           'fj_lin':         0 [  0.00ns,   0.00ns]   0.00ns   0.00ns   0.00ns         0 [  0.00ns,   0.00ns]   0.00ns   0.00ns   0.00ns
                           'fj_lin':         0 [  0.00ns,   0.00ns]   0.00ns   0.00ns   0.00ns         0 [  0.00ns,   0.00ns]   0.00ns   0.00ns   0.00ns
                           'fj_lin':         0 [  0.00ns,   0.00ns]   0.00ns   0.00ns   0.00ns         0 [  0.00ns,   0.00ns]   0.00ns   0.00ns   0.00ns
                           'fj_lin':         0 [  0.00ns,   0.00ns]   0.00ns   0.00ns   0.00ns         0 [  0.00ns,   0.00ns]   0.00ns   0.00ns   0.00ns
                           'fj_lin':         0 [  0.00ns,   0.00ns]   0.00ns   0.00ns   0.00ns         0 [  0.00ns,   0.00ns]   0.00ns   0.00ns   0.00ns
                        'fs_random':         0 [  0.00ns,   0.00ns]   0.00ns   0.00ns   0.00ns         0 [  0.00ns,   0.00ns]   0.00ns   0.00ns   0.00ns
                        'fs_random':         0 [  0.00ns,   0.00ns]   0.00ns   0.00ns   0.00ns         0 [  0.00ns,   0.00ns]   0.00ns   0.00ns   0.00ns
                        'fs_random':         0 [  0.00ns,   0.00ns]   0.00ns   0.00ns   0.00ns         0 [  0.00ns,   0.00ns]   0.00ns   0.00ns   0.00ns
                        'fs_random':         0 [  0.00ns,   0.00ns]   0.00ns   0.00ns   0.00ns         0 [  0.00ns,   0.00ns]   0.00ns   0.00ns   0.00ns
                        'fs_random':         0 [  0.00ns,   0.00ns]   0.00ns   0.00ns   0.00ns         0 [  0.00ns,   0.00ns]   0.00ns   0.00ns   0.00ns
                        'fs_random':         0 [  0.00ns,   0.00ns]   0.00ns   0.00ns   0.00ns         0 [  0.00ns,   0.00ns]   0.00ns   0.00ns   0.00ns
                        'fs_random':         0 [  0.00ns,   0.00ns]   0.00ns   0.00ns   0.00ns         0 [  0.00ns,   0.00ns]   0.00ns   0.00ns   0.00ns
                        'fs_random':         0 [  0.00ns,   0.00ns]   0.00ns   0.00ns   0.00ns         0 [  0.00ns,   0.00ns]   0.00ns   0.00ns   0.00ns
                        'fs_random':         0 [  0.00ns,   0.00ns]   0.00ns   0.00ns   0.00ns         0 [  0.00ns,   0.00ns]   0.00ns   0.00ns   0.00ns
                        'fs_random':         0 [  0.00ns,   0.00ns]   0.00ns   0.00ns   0.00ns         0 [  0.00ns,   0.00ns]   0.00ns   0.00ns   0.00ns
                        'fs_random':         0 [  0.00ns,   0.00ns]   0.00ns   0.00ns   0.00ns         0 [  0.00ns,   0.00ns]   0.00ns   0.00ns   0.00ns
                        'fs_random':         1 [900.23us, 900.23us] 900.23us   0.00ns 900.23us         0 [  0.00ns,   0.00ns]   0.00ns   0.00ns   0.00ns
                  'fs_random_no_lp':         0 [  0.00ns,   0.00ns]   0.00ns   0.00ns   0.00ns         0 [  0.00ns,   0.00ns]   0.00ns   0.00ns   0.00ns
                  'fs_random_no_lp':         0 [  0.00ns,   0.00ns]   0.00ns   0.00ns   0.00ns         0 [  0.00ns,   0.00ns]   0.00ns   0.00ns   0.00ns
                  'fs_random_no_lp':         0 [  0.00ns,   0.00ns]   0.00ns   0.00ns   0.00ns         0 [  0.00ns,   0.00ns]   0.00ns   0.00ns   0.00ns
                  'fs_random_no_lp':         0 [  0.00ns,   0.00ns]   0.00ns   0.00ns   0.00ns         0 [  0.00ns,   0.00ns]   0.00ns   0.00ns   0.00ns
                  'fs_random_no_lp':         0 [  0.00ns,   0.00ns]   0.00ns   0.00ns   0.00ns         0 [  0.00ns,   0.00ns]   0.00ns   0.00ns   0.00ns
                  'fs_random_no_lp':         0 [  0.00ns,   0.00ns]   0.00ns   0.00ns   0.00ns         0 [  0.00ns,   0.00ns]   0.00ns   0.00ns   0.00ns
                  'fs_random_no_lp':         0 [  0.00ns,   0.00ns]   0.00ns   0.00ns   0.00ns         0 [  0.00ns,   0.00ns]   0.00ns   0.00ns   0.00ns
                  'fs_random_no_lp':         0 [  0.00ns,   0.00ns]   0.00ns   0.00ns   0.00ns         0 [  0.00ns,   0.00ns]   0.00ns   0.00ns   0.00ns
                  'fs_random_no_lp':         0 [  0.00ns,   0.00ns]   0.00ns   0.00ns   0.00ns         0 [  0.00ns,   0.00ns]   0.00ns   0.00ns   0.00ns
                  'fs_random_no_lp':         0 [  0.00ns,   0.00ns]   0.00ns   0.00ns   0.00ns         0 [  0.00ns,   0.00ns]   0.00ns   0.00ns   0.00ns
                  'fs_random_no_lp':         0 [  0.00ns,   0.00ns]   0.00ns   0.00ns   0.00ns         0 [  0.00ns,   0.00ns]   0.00ns   0.00ns   0.00ns
                  'fs_random_no_lp':         0 [  0.00ns,   0.00ns]   0.00ns   0.00ns   0.00ns         0 [  0.00ns,   0.00ns]   0.00ns   0.00ns   0.00ns
                  'fs_random_no_lp':         1 [  1.08ms,   1.08ms]   1.08ms   0.00ns   1.08ms         0 [  0.00ns,   0.00ns]   0.00ns   0.00ns   0.00ns
          'fs_random_quick_restart':         0 [  0.00ns,   0.00ns]   0.00ns   0.00ns   0.00ns         0 [  0.00ns,   0.00ns]   0.00ns   0.00ns   0.00ns
          'fs_random_quick_restart':         0 [  0.00ns,   0.00ns]   0.00ns   0.00ns   0.00ns         0 [  0.00ns,   0.00ns]   0.00ns   0.00ns   0.00ns
          'fs_random_quick_restart':         0 [  0.00ns,   0.00ns]   0.00ns   0.00ns   0.00ns         0 [  0.00ns,   0.00ns]   0.00ns   0.00ns   0.00ns
          'fs_random_quick_restart':         0 [  0.00ns,   0.00ns]   0.00ns   0.00ns   0.00ns         0 [  0.00ns,   0.00ns]   0.00ns   0.00ns   0.00ns
          'fs_random_quick_restart':         0 [  0.00ns,   0.00ns]   0.00ns   0.00ns   0.00ns         0 [  0.00ns,   0.00ns]   0.00ns   0.00ns   0.00ns
          'fs_random_quick_restart':         0 [  0.00ns,   0.00ns]   0.00ns   0.00ns   0.00ns         0 [  0.00ns,   0.00ns]   0.00ns   0.00ns   0.00ns
          'fs_random_quick_restart':         0 [  0.00ns,   0.00ns]   0.00ns   0.00ns   0.00ns         0 [  0.00ns,   0.00ns]   0.00ns   0.00ns   0.00ns
          'fs_random_quick_restart':         0 [  0.00ns,   0.00ns]   0.00ns   0.00ns   0.00ns         0 [  0.00ns,   0.00ns]   0.00ns   0.00ns   0.00ns
          'fs_random_quick_restart':         0 [  0.00ns,   0.00ns]   0.00ns   0.00ns   0.00ns         0 [  0.00ns,   0.00ns]   0.00ns   0.00ns   0.00ns
          'fs_random_quick_restart':         0 [  0.00ns,   0.00ns]   0.00ns   0.00ns   0.00ns         0 [  0.00ns,   0.00ns]   0.00ns   0.00ns   0.00ns
          'fs_random_quick_restart':         0 [  0.00ns,   0.00ns]   0.00ns   0.00ns   0.00ns         0 [  0.00ns,   0.00ns]   0.00ns   0.00ns   0.00ns
          'fs_random_quick_restart':         0 [  0.00ns,   0.00ns]   0.00ns   0.00ns   0.00ns         0 [  0.00ns,   0.00ns]   0.00ns   0.00ns   0.00ns
    'fs_random_quick_restart_no_lp':         0 [  0.00ns,   0.00ns]   0.00ns   0.00ns   0.00ns         0 [  0.00ns,   0.00ns]   0.00ns   0.00ns   0.00ns
    'fs_random_quick_restart_no_lp':         0 [  0.00ns,   0.00ns]   0.00ns   0.00ns   0.00ns         0 [  0.00ns,   0.00ns]   0.00ns   0.00ns   0.00ns
    'fs_random_quick_restart_no_lp':         0 [  0.00ns,   0.00ns]   0.00ns   0.00ns   0.00ns         0 [  0.00ns,   0.00ns]   0.00ns   0.00ns   0.00ns
    'fs_random_quick_restart_no_lp':         0 [  0.00ns,   0.00ns]   0.00ns   0.00ns   0.00ns         0 [  0.00ns,   0.00ns]   0.00ns   0.00ns   0.00ns
    'fs_random_quick_restart_no_lp':         0 [  0.00ns,   0.00ns]   0.00ns   0.00ns   0.00ns         0 [  0.00ns,   0.00ns]   0.00ns   0.00ns   0.00ns
    'fs_random_quick_restart_no_lp':         0 [  0.00ns,   0.00ns]   0.00ns   0.00ns   0.00ns         0 [  0.00ns,   0.00ns]   0.00ns   0.00ns   0.00ns
    'fs_random_quick_restart_no_lp':         0 [  0.00ns,   0.00ns]   0.00ns   0.00ns   0.00ns         0 [  0.00ns,   0.00ns]   0.00ns   0.00ns   0.00ns
    'fs_random_quick_restart_no_lp':         0 [  0.00ns,   0.00ns]   0.00ns   0.00ns   0.00ns         0 [  0.00ns,   0.00ns]   0.00ns   0.00ns   0.00ns
    'fs_random_quick_restart_no_lp':         0 [  0.00ns,   0.00ns]   0.00ns   0.00ns   0.00ns         0 [  0.00ns,   0.00ns]   0.00ns   0.00ns   0.00ns
    'fs_random_quick_restart_no_lp':         0 [  0.00ns,   0.00ns]   0.00ns   0.00ns   0.00ns         0 [  0.00ns,   0.00ns]   0.00ns   0.00ns   0.00ns
    'fs_random_quick_restart_no_lp':         0 [  0.00ns,   0.00ns]   0.00ns   0.00ns   0.00ns         0 [  0.00ns,   0.00ns]   0.00ns   0.00ns   0.00ns
    'fs_random_quick_restart_no_lp':         1 [725.73us, 725.73us] 725.73us   0.00ns 725.73us         0 [  0.00ns,   0.00ns]   0.00ns   0.00ns   0.00ns
                    'graph_arc_lns':         9 [  4.72ms, 120.60ms]  56.20ms  34.17ms 505.76ms         9 [ 82.95us,   7.81ms]   3.70ms   2.64ms  33.27ms
                    'graph_cst_lns':        10 [  5.56ms,  91.61ms]  47.44ms  31.66ms 474.44ms        10 [ 48.49us,   6.35ms]   2.96ms   2.31ms  29.57ms
                    'graph_dec_lns':         9 [  3.41ms,  94.78ms]  45.37ms  34.78ms 408.31ms         9 [ 55.06us,   6.08ms]   2.80ms   2.13ms  25.16ms
                    'graph_var_lns':         7 [ 16.47ms, 120.30ms]  62.82ms  39.68ms 439.76ms         7 [474.55us,   9.40ms]   3.69ms   2.92ms  25.80ms
                     'lb_relax_lns':        10 [208.23us, 119.77ms]  40.48ms  44.23ms 404.81ms         5 [  2.62ms,  10.23ms]   5.74ms   2.61ms  28.69ms
                   'lb_tree_search':         1 [186.77ms, 186.77ms] 186.77ms   0.00ns 186.77ms         1 [  6.94ms,   6.94ms]   6.94ms   0.00ns   6.94ms
                               'ls':         3 [  1.08ms,  83.89ms]  52.65ms  36.74ms 157.96ms         3 [  1.04ms, 100.04ms]  59.73ms  42.45ms 179.18ms
                               'ls':         3 [530.02us,  85.57ms]  51.53ms  36.73ms 154.58ms         2 [ 95.46ms, 100.03ms]  97.74ms   2.28ms 195.49ms
                               'ls':         3 [786.86us,  82.02ms]  51.19ms  35.94ms 153.58ms         3 [528.00us, 100.00ms]  59.88ms  42.83ms 179.65ms
                               'ls':         4 [  1.04ms,  79.03ms]  37.23ms  35.10ms 148.94ms         4 [728.58us, 100.01ms]  46.78ms  43.97ms 187.11ms
                               'ls':         4 [180.19us,  74.58ms]  36.62ms  36.05ms 146.47ms         3 [987.55us,  99.27ms]  59.59ms  42.30ms 178.78ms
                               'ls':         4 [539.27us,  76.39ms]  37.78ms  35.96ms 151.10ms         4 [882.17us, 100.05ms]  46.61ms  43.90ms 186.45ms
                               'ls':         4 [558.65us,  86.70ms]  35.20ms  31.77ms 140.81ms         3 [ 27.09ms, 100.02ms]  53.63ms  32.91ms 160.90ms
                               'ls':         4 [588.01us, 100.55ms]  35.84ms  38.29ms 143.34ms         4 [177.08us,  97.28ms]  44.22ms  35.87ms 176.86ms
                               'ls':         4 [610.28us,  78.95ms]  35.21ms  28.98ms 140.86ms         4 [255.39us, 100.04ms]  57.33ms  39.22ms 229.31ms
                               'ls':         4 [690.17us,  70.84ms]  38.34ms  30.22ms 153.37ms         4 [147.57us, 100.02ms]  56.49ms  40.67ms 225.97ms
                               'ls':         4 [926.34us,  87.68ms]  39.41ms  31.06ms 157.65ms         4 [  1.06ms, 100.03ms]  46.83ms  36.05ms 187.34ms
                               'ls':         4 [929.58us, 100.26ms]  39.26ms  37.27ms 157.02ms         4 [968.56us, 100.06ms]  54.92ms  45.55ms 219.69ms
                               'ls':         5 [  1.22ms,  72.17ms]  29.91ms  30.05ms 149.55ms         5 [  2.16ms, 100.02ms]  44.48ms  45.68ms 222.42ms
                               'ls':         5 [255.03us,  71.29ms]  28.55ms  28.07ms 142.76ms         5 [157.05us, 100.04ms]  39.05ms  37.05ms 195.26ms
                               'ls':         5 [330.28us,  58.46ms]  29.72ms  23.80ms 148.62ms         5 [366.71us,  72.98ms]  37.30ms  29.92ms 186.49ms
                               'ls':         5 [436.11us,  69.36ms]  30.41ms  26.94ms 152.03ms         5 [505.60us, 100.04ms]  44.71ms  36.83ms 223.57ms
                               'ls':         5 [474.65us,  71.43ms]  29.70ms  27.14ms 148.51ms         5 [368.74us, 100.04ms]  39.45ms  38.04ms 197.24ms
                               'ls':         5 [524.26us,  86.06ms]  30.63ms  30.46ms 153.17ms         4 [ 10.79ms, 100.04ms]  48.83ms  33.54ms 195.32ms
                               'ls':         6 [448.19us,  51.39ms]  26.10ms  18.98ms 156.60ms         5 [  5.08ms, 100.03ms]  68.29ms  40.10ms 341.47ms
                           'ls_lin':         3 [  1.02ms,  84.80ms]  52.16ms  36.62ms 156.49ms         3 [148.82us, 100.02ms]  58.66ms  42.54ms 175.97ms
                           'ls_lin':         3 [  2.31ms,  99.99ms]  51.76ms  39.89ms 155.29ms         3 [  2.92ms, 100.02ms]  66.84ms  45.21ms 200.52ms
                           'ls_lin':         4 [  2.21ms,  81.90ms]  37.60ms  35.08ms 150.42ms         4 [  3.22ms, 100.07ms]  49.46ms  45.38ms 197.86ms
                           'ls_lin':         4 [  2.31ms,  96.68ms]  36.15ms  35.99ms 144.59ms         4 [  2.44ms, 100.01ms]  45.81ms  36.69ms 183.24ms
                           'ls_lin':         4 [552.98us, 100.99ms]  38.22ms  38.43ms 152.86ms         4 [140.23us, 100.01ms]  39.27ms  38.17ms 157.10ms
                           'ls_lin':         4 [789.61us,  85.24ms]  36.25ms  30.70ms 144.99ms         4 [422.44us, 100.02ms]  47.53ms  35.93ms 190.11ms
                           'ls_lin':         4 [939.89us,  70.93ms]  37.84ms  25.37ms 151.37ms         4 [151.59us,  75.86ms]  44.60ms  27.57ms 178.41ms
                           'ls_lin':         5 [  1.58ms,  69.21ms]  29.90ms  25.95ms 149.48ms         5 [  2.62ms, 100.06ms]  44.40ms  36.75ms 221.98ms
                           'ls_lin':         5 [137.65us,  98.04ms]  31.27ms  36.33ms 156.34ms         4 [143.60us, 100.02ms]  43.53ms  38.76ms 174.12ms
                           'ls_lin':         5 [256.29us,  95.20ms]  28.84ms  35.05ms 144.20ms         5 [ 93.70us, 100.02ms]  44.07ms  46.25ms 220.35ms
                           'max_lp':         1 [189.66ms, 189.66ms] 189.66ms   0.00ns 189.66ms         1 [ 14.81ms,  14.81ms]  14.81ms   0.00ns  14.81ms
                            'no_lp':         1 [186.55ms, 186.55ms] 186.55ms   0.00ns 186.55ms         1 [ 31.29ms,  31.29ms]  31.29ms   0.00ns  31.29ms
              'objective_lb_search':         1 [180.04ms, 180.04ms] 180.04ms   0.00ns 180.04ms         1 [ 36.90ms,  36.90ms]  36.90ms   0.00ns  36.90ms
       'objective_lb_search_max_lp':         1 [187.47ms, 187.47ms] 187.47ms   0.00ns 187.47ms         1 [  9.90ms,   9.90ms]   9.90ms   0.00ns   9.90ms
        'objective_lb_search_no_lp':         1 [179.31ms, 179.31ms] 179.31ms   0.00ns 179.31ms         1 [ 38.33ms,  38.33ms]  38.33ms   0.00ns  38.33ms
         'objective_shaving_max_lp':        16 [927.65us,  13.88ms]   8.73ms   4.07ms 139.72ms        14 [ 40.67us, 151.65us]  87.60us  33.34us   1.23ms
          'objective_shaving_no_lp':        17 [583.76us,  13.37ms]   8.35ms   3.93ms 141.97ms        14 [ 40.68us,  94.46us]  76.75us  23.18us   1.07ms
                          'probing':         1 [186.87ms, 186.87ms] 186.87ms   0.00ns 186.87ms         1 [  2.92ms,   2.92ms]   2.92ms   0.00ns   2.92ms
                   'probing_max_lp':         1 [187.78ms, 187.78ms] 187.78ms   0.00ns 187.78ms         1 [  3.84ms,   3.84ms]   3.84ms   0.00ns   3.84ms
                    'probing_no_lp':         1 [187.48ms, 187.48ms] 187.48ms   0.00ns 187.48ms         1 [  6.79ms,   6.79ms]   6.79ms   0.00ns   6.79ms
                     'pseudo_costs':         1 [185.66ms, 185.66ms] 185.66ms   0.00ns 185.66ms         1 [ 31.86ms,  31.86ms]  31.86ms   0.00ns  31.86ms
                    'quick_restart':         1 [182.06ms, 182.06ms] 182.06ms   0.00ns 182.06ms         1 [ 19.52ms,  19.52ms]  19.52ms   0.00ns  19.52ms
              'quick_restart_no_lp':         1 [180.77ms, 180.77ms] 180.77ms   0.00ns 180.77ms         1 [ 23.93ms,  23.93ms]  23.93ms   0.00ns  23.93ms
                    'reduced_costs':         1 [189.55ms, 189.55ms] 189.55ms   0.00ns 189.55ms         1 [  6.70ms,   6.70ms]   6.70ms   0.00ns   6.70ms
                        'rins/rens':         8 [ 85.40us, 119.60ms]  65.13ms  37.95ms 521.07ms         7 [  2.98ms,   7.82ms]   5.34ms   1.85ms  37.38ms
                      'rnd_cst_lns':        10 [  8.39ms, 145.54ms]  43.92ms  40.21ms 439.19ms         9 [120.93us,  10.36ms]   2.86ms   2.91ms  25.73ms
                      'rnd_var_lns':         9 [  5.97ms, 118.93ms]  52.67ms  40.25ms 474.06ms         9 [239.97us,  16.13ms]   4.57ms   4.92ms  41.14ms
         'scheduling_intervals_lns':         4 [116.71ms, 174.61ms] 139.14ms  22.58ms 556.55ms         4 [  3.88ms,  10.04ms]   6.22ms   2.34ms  24.90ms
       'scheduling_precedences_lns':         4 [119.93ms, 172.16ms] 139.52ms  20.65ms 558.10ms         4 [  6.05ms,  13.03ms]   7.86ms   2.99ms  31.43ms
  'scheduling_resource_windows_lns':         4 [118.32ms, 171.20ms] 138.29ms  21.30ms 553.16ms         4 [ 12.32ms,  21.09ms]  16.61ms   4.18ms  66.44ms
       'scheduling_time_window_lns':         4 [119.43ms, 174.90ms] 139.52ms  22.16ms 558.10ms         4 [  4.43ms,  15.38ms]   8.06ms   4.37ms  32.25ms
                'variables_shaving':        41 [  5.90ms,  61.88ms]  16.38ms  14.64ms 671.49ms        40 [  5.97us,   2.69ms] 430.63us 680.10us  17.23ms
         'variables_shaving_max_lp':         8 [ 14.30ms, 119.25ms]  66.62ms  31.90ms 532.99ms         8 [ 23.98us,  13.84ms]   9.01ms   3.93ms  72.12ms
          'variables_shaving_no_lp':        41 [  2.89ms,  91.22ms]  15.19ms  16.57ms 622.84ms        39 [  5.97us,   3.71ms] 452.02us 725.62us  17.63ms

Search stats                        Bools  Conflicts  Branches  Restarts  BoolPropag  IntegerPropag
                           'core':  1'006        241     7'239     1'350      32'006         78'668
                     'default_lp':    607        423     1'837       436      30'820        184'142
                          'fixed':    591        290     1'820       426      14'782        244'993
                      'fs_random':      0          0         0         0           0              0
                      'fs_random':      0          0         0         0           0              0
                      'fs_random':      0          0         0         0           0              0
                      'fs_random':      0          0         0         0           0              0
                      'fs_random':      0          0         0         0           0              0
                      'fs_random':      0          0         0         0           0              0
                      'fs_random':      0          0         0         0           0              0
                      'fs_random':      0          0         0         0           0              0
                      'fs_random':      0          0         0         0           0              0
                      'fs_random':      0          0         0         0           0              0
                      'fs_random':      0          0         0         0           0              0
                      'fs_random':      0          0         0         0           0              0
                'fs_random_no_lp':      0          0         0         0           0              0
                'fs_random_no_lp':      0          0         0         0           0              0
                'fs_random_no_lp':      0          0         0         0           0              0
                'fs_random_no_lp':      0          0         0         0           0              0
                'fs_random_no_lp':      0          0         0         0           0              0
                'fs_random_no_lp':      0          0         0         0           0              0
                'fs_random_no_lp':      0          0         0         0           0              0
                'fs_random_no_lp':      0          0         0         0           0              0
                'fs_random_no_lp':      0          0         0         0           0              0
                'fs_random_no_lp':      0          0         0         0           0              0
                'fs_random_no_lp':      0          0         0         0           0              0
                'fs_random_no_lp':      0          0         0         0           0              0
                'fs_random_no_lp':      0          0         0         0           0              0
        'fs_random_quick_restart':      0          0         0         0           0              0
        'fs_random_quick_restart':      0          0         0         0           0              0
        'fs_random_quick_restart':      0          0         0         0           0              0
        'fs_random_quick_restart':      0          0         0         0           0              0
        'fs_random_quick_restart':      0          0         0         0           0              0
        'fs_random_quick_restart':      0          0         0         0           0              0
        'fs_random_quick_restart':      0          0         0         0           0              0
        'fs_random_quick_restart':      0          0         0         0           0              0
        'fs_random_quick_restart':      0          0         0         0           0              0
        'fs_random_quick_restart':      0          0         0         0           0              0
        'fs_random_quick_restart':      0          0         0         0           0              0
        'fs_random_quick_restart':      0          0         0         0           0              0
  'fs_random_quick_restart_no_lp':      0          0         0         0           0              0
  'fs_random_quick_restart_no_lp':      0          0         0         0           0              0
  'fs_random_quick_restart_no_lp':      0          0         0         0           0              0
  'fs_random_quick_restart_no_lp':      0          0         0         0           0              0
  'fs_random_quick_restart_no_lp':      0          0         0         0           0              0
  'fs_random_quick_restart_no_lp':      0          0         0         0           0              0
  'fs_random_quick_restart_no_lp':      0          0         0         0           0              0
  'fs_random_quick_restart_no_lp':      0          0         0         0           0              0
  'fs_random_quick_restart_no_lp':      0          0         0         0           0              0
  'fs_random_quick_restart_no_lp':      0          0         0         0           0              0
  'fs_random_quick_restart_no_lp':      0          0         0         0           0              0
  'fs_random_quick_restart_no_lp':      0          0         0         0           0              0
                 'lb_tree_search':  1'397          0     4'784     4'775         443         20'997
                         'max_lp':     41         28       216        53         196         19'131
                          'no_lp':    517        361     2'607       430      23'367        250'276
            'objective_lb_search':    384        454     1'552       449      17'552        302'068
     'objective_lb_search_max_lp':  1'398          7     2'808     2'795         918         23'757
      'objective_lb_search_no_lp':    338        530     3'307     1'222       9'376        317'855
                        'probing':  1'479         23     2'935     2'935       3'826         28'585
                 'probing_max_lp':  1'399          0     2'798     2'798          33         19'359
                  'probing_no_lp':  1'759         48     3'470     3'470      21'862         48'513
                   'pseudo_costs':    262         50       680       284       1'383         22'493
                  'quick_restart':    618        145     2'347       437       8'460        154'483
            'quick_restart_no_lp':    988        201     5'428       845      21'873        169'372
                  'reduced_costs':  1'402          5     2'799     2'795         606         22'303

SAT stats                           ClassicMinim  LitRemoved  LitLearned  LitForgotten  Subsumed  MClauses  MDecisions  MLitTrue  MSubsumed  MLitRemoved  MReused
                           'core':             3           3          57             0         0        35          70         0          0            0        0
                     'default_lp':           410       1'338       2'970             0         0         0           0         0          0            0        0
                          'fixed':           239         533       1'950             0         6         0           0         0          0            0        0
                      'fs_random':             0           0           0             0         0         0           0         0          0            0        0
                      'fs_random':             0           0           0             0         0         0           0         0          0            0        0
                      'fs_random':             0           0           0             0         0         0           0         0          0            0        0
                      'fs_random':             0           0           0             0         0         0           0         0          0            0        0
                      'fs_random':             0           0           0             0         0         0           0         0          0            0        0
                      'fs_random':             0           0           0             0         0         0           0         0          0            0        0
                      'fs_random':             0           0           0             0         0         0           0         0          0            0        0
                      'fs_random':             0           0           0             0         0         0           0         0          0            0        0
                      'fs_random':             0           0           0             0         0         0           0         0          0            0        0
                      'fs_random':             0           0           0             0         0         0           0         0          0            0        0
                      'fs_random':             0           0           0             0         0         0           0         0          0            0        0
                      'fs_random':             0           0           0             0         0         0           0         0          0            0        0
                'fs_random_no_lp':             0           0           0             0         0         0           0         0          0            0        0
                'fs_random_no_lp':             0           0           0             0         0         0           0         0          0            0        0
                'fs_random_no_lp':             0           0           0             0         0         0           0         0          0            0        0
                'fs_random_no_lp':             0           0           0             0         0         0           0         0          0            0        0
                'fs_random_no_lp':             0           0           0             0         0         0           0         0          0            0        0
                'fs_random_no_lp':             0           0           0             0         0         0           0         0          0            0        0
                'fs_random_no_lp':             0           0           0             0         0         0           0         0          0            0        0
                'fs_random_no_lp':             0           0           0             0         0         0           0         0          0            0        0
                'fs_random_no_lp':             0           0           0             0         0         0           0         0          0            0        0
                'fs_random_no_lp':             0           0           0             0         0         0           0         0          0            0        0
                'fs_random_no_lp':             0           0           0             0         0         0           0         0          0            0        0
                'fs_random_no_lp':             0           0           0             0         0         0           0         0          0            0        0
                'fs_random_no_lp':             0           0           0             0         0         0           0         0          0            0        0
        'fs_random_quick_restart':             0           0           0             0         0         0           0         0          0            0        0
        'fs_random_quick_restart':             0           0           0             0         0         0           0         0          0            0        0
        'fs_random_quick_restart':             0           0           0             0         0         0           0         0          0            0        0
        'fs_random_quick_restart':             0           0           0             0         0         0           0         0          0            0        0
        'fs_random_quick_restart':             0           0           0             0         0         0           0         0          0            0        0
        'fs_random_quick_restart':             0           0           0             0         0         0           0         0          0            0        0
        'fs_random_quick_restart':             0           0           0             0         0         0           0         0          0            0        0
        'fs_random_quick_restart':             0           0           0             0         0         0           0         0          0            0        0
        'fs_random_quick_restart':             0           0           0             0         0         0           0         0          0            0        0
        'fs_random_quick_restart':             0           0           0             0         0         0           0         0          0            0        0
        'fs_random_quick_restart':             0           0           0             0         0         0           0         0          0            0        0
        'fs_random_quick_restart':             0           0           0             0         0         0           0         0          0            0        0
  'fs_random_quick_restart_no_lp':             0           0           0             0         0         0           0         0          0            0        0
  'fs_random_quick_restart_no_lp':             0           0           0             0         0         0           0         0          0            0        0
  'fs_random_quick_restart_no_lp':             0           0           0             0         0         0           0         0          0            0        0
  'fs_random_quick_restart_no_lp':             0           0           0             0         0         0           0         0          0            0        0
  'fs_random_quick_restart_no_lp':             0           0           0             0         0         0           0         0          0            0        0
  'fs_random_quick_restart_no_lp':             0           0           0             0         0         0           0         0          0            0        0
  'fs_random_quick_restart_no_lp':             0           0           0             0         0         0           0         0          0            0        0
  'fs_random_quick_restart_no_lp':             0           0           0             0         0         0           0         0          0            0        0
  'fs_random_quick_restart_no_lp':             0           0           0             0         0         0           0         0          0            0        0
  'fs_random_quick_restart_no_lp':             0           0           0             0         0         0           0         0          0            0        0
  'fs_random_quick_restart_no_lp':             0           0           0             0         0         0           0         0          0            0        0
  'fs_random_quick_restart_no_lp':             0           0           0             0         0         0           0         0          0            0        0
                 'lb_tree_search':             0           0           0             0         0         0           0         0          0            0        0
                         'max_lp':             9           9          90             0         7        38          21         0          0            0      101
                          'no_lp':           302         833       3'243             0         0         0           0         0          0            0        0
            'objective_lb_search':           432       2'376       1'650             0         3         0           0         0          0            0        0
     'objective_lb_search_max_lp':             2           5          21             0         0         0           0         0          0            0        0
      'objective_lb_search_no_lp':           422       1'468       3'383             0         9         0           0         0          0            0        0
                        'probing':             0           0          23             0         0         0           0         0          0            0        0
                 'probing_max_lp':             0           0           0             0         0         0           0         0          0            0        0
                  'probing_no_lp':             0           0          48             0         0         0           0         0          0            0        0
                   'pseudo_costs':            11          11         428             0         0         0           0         0          0            0        0
                  'quick_restart':           110         219       1'037             0         4         0           0         0          0            0        0
            'quick_restart_no_lp':           110         224       2'095             0        26        23          52         0         10           47        9
                  'reduced_costs':             2           3          14             0         0         0           0         0          0            0        0

Lp stats                         Component  Iterations  AddedCuts  OPTIMAL  DUAL_F.  DUAL_U.
                  'default_lp':         26          67          0    2'349        0        0
                       'fixed':         26         129          0    2'535        0        0
              'lb_tree_search':          1         440        341       24        2        0
                      'max_lp':          1         526        312       97        2        0
         'objective_lb_search':         26         115          0    2'271        0        0
  'objective_lb_search_max_lp':          1         499        569       40        9        0
                     'probing':         26         109          0   14'533        0        0
              'probing_max_lp':          1         239        254       20        0        0
                'pseudo_costs':          1       1'149        691      267        7        0
               'quick_restart':         26         195          0    4'939        0        0
               'reduced_costs':          1         388        558       27        6        0

Lp dimension                      Final dimension of first component
                  'default_lp':       7 rows, 14 columns, 14 entries
                       'fixed':       7 rows, 14 columns, 14 entries
              'lb_tree_search':  444 rows, 240 columns, 1571 entries
                      'max_lp':  423 rows, 240 columns, 1576 entries
         'objective_lb_search':       7 rows, 14 columns, 14 entries
  'objective_lb_search_max_lp':  455 rows, 240 columns, 2031 entries
                     'probing':       6 rows, 14 columns, 12 entries
              'probing_max_lp':  408 rows, 240 columns, 1526 entries
                'pseudo_costs':  302 rows, 240 columns, 1110 entries
               'quick_restart':       5 rows, 14 columns, 10 entries
               'reduced_costs':  434 rows, 240 columns, 1927 entries

Lp debug                         CutPropag  CutEqPropag  Adjust  Overflow    Bad  BadScaling
                  'default_lp':          0            0       0         0      0           0
                       'fixed':          0            0       0         0      0           0
              'lb_tree_search':         15            0      23         0  2'666           0
                      'max_lp':          0            0      69         0  4'682           0
         'objective_lb_search':          0            0       0         0      0           0
  'objective_lb_search_max_lp':          0            1      34         0  2'039           0
                     'probing':          0            0       0         0      0           0
              'probing_max_lp':          0            0      17         0  3'188           0
                'pseudo_costs':          0            0     161         0  3'349           0
               'quick_restart':          0            0       0         0      0           0
               'reduced_costs':          0            3      18         0  1'928           0

Lp pool                          Constraints  Updates  Simplif  Merged  Shortened  Split  Strenghtened  Cuts/Call
                  'default_lp':          256        0        6       0          0      0             0        0/0
                       'fixed':          256        0        2       0          0      0             0        0/0
              'lb_tree_search':          593      651      183       4          0      1             0    341/750
                      'max_lp':          566    1'471      309       2          0      0             2  312/1'368
         'objective_lb_search':          256        0        4       0          0      0             0        0/0
  'objective_lb_search_max_lp':          803      363      256      22          0      0             3  569/1'216
                     'probing':          256        0      143       0          0      0             0        0/0
              'probing_max_lp':          510        4        0       0          0      0             0    254/571
                'pseudo_costs':          917      376      147      30          0      0             1  691/3'509
               'quick_restart':          256        0      255       0          0      0             0        0/0
               'reduced_costs':          796      512      246      18          0      0             2  558/1'092

Lp Cut                                                pseudo_costs  lb_tree_search  max_lp  reduced_costs  probing_max_lp  objective_lb_search_max_lp
                                              CG_FF:             -               1       -              -               -                           -
                                               CG_K:             7               4       3              2               3                           3
                                               CG_R:            19               3       3              5               2                          14
                                            MIR_1_K:             1               1       -              4               -                           4
                                            MIR_1_R:            10               -       -             12               -                          10
                                            MIR_2_K:             8               6       7              4               3                           3
                                            MIR_2_R:             7               5       6              2               3                           4
                                            MIR_3_K:             1               2       1              1               -                           2
                                            MIR_3_R:             1               1       2              1               -                           1
                                            MIR_4_K:             -               -       -              -               1                           -
                                            MIR_4_R:             -               -       -              -               1                           -
                  NoOverlapCompletionTimeExhaustive:            36              17      12             13               5                          12
           NoOverlapCompletionTimeExhaustive_lifted:            36              10      15             26              11                          25
  NoOverlapCompletionTimeExhaustive_lifted_weighted:            74              31      27             67              27                          58
         NoOverlapCompletionTimeExhaustive_weighted:            57              33      20             37              16                          28
                    NoOverlapCompletionTimeQueyrane:            93              43      39             74              29                          75
             NoOverlapCompletionTimeQueyrane_lifted:           193              79      81            153              64                         164
                        NoOverlapDetectedPrecedence:             1               4       1              4               -                           8
                        NoOverlapDisjunctionOnStart:           134              98      92            148              80                         148
                                        ZERO_HALF_R:            13               3       3              5               9                          10

LNS stats                             Improv/Calls  Closed  Difficulty  TimeLimit
                    'graph_arc_lns':           5/9     67%    8.95e-01       0.10
                    'graph_cst_lns':          6/10     80%    9.58e-01       0.10
                    'graph_dec_lns':           5/9     78%    9.43e-01       0.10
                    'graph_var_lns':           6/7     71%    8.87e-01       0.10
                     'lb_relax_lns':           3/5     60%    7.48e-01       0.50
                        'rins/rens':           5/7     57%    7.75e-01       0.10
                      'rnd_cst_lns':           6/9     89%    9.68e-01       0.10
                      'rnd_var_lns':           6/9     78%    9.43e-01       0.10
         'scheduling_intervals_lns':           4/4      0%    8.55e-02       0.10
       'scheduling_precedences_lns':           4/4      0%    8.55e-02       0.10
  'scheduling_resource_windows_lns':           4/4      0%    8.55e-02       0.10
       'scheduling_time_window_lns':           3/4      0%    8.55e-02       0.10

LS stats                                    Batches  Restarts/Perturbs  LinMoves  GenMoves  CompoundMoves  Bactracks  WeightUpdates  ScoreComputed
                         'ls_lin_restart':        5                  5        17     6'534              0          0          6'162      1'368'378
                'ls_lin_restart_compound':        6                  6         0    21'543            967     10'285            284      2'141'547
        'ls_lin_restart_compound_perturb':        2                  2         0     8'823            451      4'186            119        904'609
                   'ls_lin_restart_decay':        8                  8        28     6'733              0          0          1'193        810'890
          'ls_lin_restart_decay_compound':        7                  7         0    23'961          1'409     11'276            245      2'407'129
  'ls_lin_restart_decay_compound_perturb':        5                  5         0    13'664            911      6'375            170      1'429'034
           'ls_lin_restart_decay_perturb':        4                  4        14       804              0          0            286        111'959
                 'ls_lin_restart_perturb':        4                  4        18     3'272              0          0          3'516        750'502
                             'ls_perturb':        3                  4         5     5'793             72        738          1'975        796'585
                             'ls_restart':        7                  7        19     4'235              0          0          5'273        893'584
                    'ls_restart_compound':       13                 13         0    33'014          1'504     15'751            425      3'430'487
            'ls_restart_compound_perturb':       10                 10         0    19'306            817      9'240            265      2'134'703
                       'ls_restart_decay':        7                  7        23     1'120              0          0            349        164'975
              'ls_restart_decay_compound':       12                 12         0    32'316          1'992     15'162            386      2'871'425
      'ls_restart_decay_compound_perturb':        7                  7         0    13'594            946      6'324            170      1'475'193
               'ls_restart_decay_perturb':        8                  8        33    14'407              0          0          1'624      1'835'928
                     'ls_restart_perturb':       14                 14        54    24'056              0          0         25'197      4'960'377

Solutions (26)                              Num     Rank
                                   'core':    1    [3,3]
                          'graph_var_lns':    1  [22,22]
                    'lb_relax_lns_bool_h':    1  [26,26]
                   'ls_lin_restart_decay':    2  [13,20]
  'ls_lin_restart_decay_compound_perturb':    1  [16,16]
           'ls_lin_restart_decay_perturb':    1  [15,15]
                 'ls_lin_restart_perturb':    1  [14,14]
                             'ls_restart':    2   [7,23]
                    'ls_restart_compound':    3   [6,17]
            'ls_restart_compound_perturb':    2    [8,9]
                       'ls_restart_decay':    2  [19,24]
      'ls_restart_decay_compound_perturb':    1  [21,21]
               'ls_restart_decay_perturb':    1  [10,10]
                     'ls_restart_perturb':    2   [5,11]
                                  'no_lp':    1    [1,1]
              'objective_lb_search_no_lp':    1  [18,18]
                    'quick_restart_no_lp':    1    [2,2]
                            'rnd_var_lns':    2   [4,25]

Objective bounds                 Num
              'initial_domain':    1
                      'max_lp':    6
         'objective_lb_search':    1
  'objective_lb_search_max_lp':    1
   'objective_lb_search_no_lp':   14
               'quick_restart':    1

Solution repositories    Added  Queried  Synchro
  'feasible solutions':    205      305       89
   'fj solution hints':      0        0        0
        'lp solutions':      2        3        2
                'pump':    160        5

Improving bounds shared           Num  Sym
                 'default_lp':    117    0
             'lb_tree_search':    431    0
                     'max_lp':  1'016    0
                      'no_lp':     66    0
        'objective_lb_search':    517    0
  'objective_lb_search_no_lp':  1'772    0
                    'probing':     12    0
              'probing_no_lp':    105    0
               'pseudo_costs':    225    0
              'quick_restart':    471    0
        'quick_restart_no_lp':    740    0

CpSolverResponse summary:
status: OPTIMAL
objective: 13346
best_bound: 13306
integers: 0
booleans: 0
conflicts: 0
branches: 0
propagations: 0
integer_propagations: 0
restarts: 0
lp_iterations: 0
walltime: 0.209675
usertime: 0.209675
deterministic_time: 6.58986
gap_integral: 37.3823
solution_fingerprint: 0xb063a8bb5c531998

