
Starting CP-SAT solver v9.14.6206
Parameters: max_time_in_seconds: 300 log_search_progress: true num_search_workers: 104 relative_gap_limit: 0.005

Initial optimization model '': (model_fingerprint: 0x580c0cbcb2dc3e66)
#Variables: 426 (#ints: 86 in objective) (340 primary variables)
  - 86 in [0,44174]
  - 80 in [31680,44174]
  - 260 in [33120,44174]
#kInterval: 174 (#fixed: 4)
#kLinMax: 86 (#expressions: 172)
#kLinear1: 23
#kLinear2: 147
#kNoOverlap: 10 (#intervals: 174, #fixed_intervals: 4)

Starting presolve at 0.00s
  7.58e-05s  0.00e+00d  [DetectDominanceRelations] 
  1.68e-03s  0.00e+00d  [PresolveToFixPoint] #num_loops=10 #num_dual_strengthening=1 
  2.32e-06s  0.00e+00d  [ExtractEncodingFromLinear] 
  1.63e-05s  0.00e+00d  [DetectDuplicateColumns] 
  6.62e-05s  0.00e+00d  [DetectDuplicateConstraints] 
[Symmetry] Graph for symmetry has 1'055 nodes and 1'031 arcs.
[Symmetry] Symmetry computation done. time: 9.3581e-05 dtime: 0.00011013
  6.47e-05s  0.00e+00d  [DetectDuplicateConstraintsWithDifferentEnforcements] 
  5.28e-04s  5.29e-06d  [Probe] #new_bounds=22 
  2.08e-06s  0.00e+00d  [MaxClique] 
  6.24e-05s  0.00e+00d  [DetectDominanceRelations] 
  5.03e-04s  0.00e+00d  [PresolveToFixPoint] #num_loops=3 #num_dual_strengthening=2 
  2.42e-05s  0.00e+00d  [ProcessAtMostOneAndLinear] 
  5.72e-05s  0.00e+00d  [DetectDuplicateConstraints] 
  5.56e-05s  0.00e+00d  [DetectDuplicateConstraintsWithDifferentEnforcements] 
  2.80e-05s  1.15e-06d  [DetectDominatedLinearConstraints] #relevant_constraints=191 
  2.55e-05s  0.00e+00d  [DetectDifferentVariables] 
  2.10e-06s  0.00e+00d  [ProcessSetPPC] 
  2.55e-06s  0.00e+00d  [FindAlmostIdenticalLinearConstraints] 
  9.22e-06s  0.00e+00d  [FindBigAtMostOneAndLinearOverlap] 
  1.67e-05s  7.25e-06d  [FindBigVerticalLinearOverlap] 
  1.77e-06s  0.00e+00d  [FindBigHorizontalLinearOverlap] 
  1.44e-06s  0.00e+00d  [MergeClauses] 
  6.08e-05s  0.00e+00d  [DetectDominanceRelations] 
  3.28e-04s  0.00e+00d  [PresolveToFixPoint] #num_loops=1 #num_dual_strengthening=1 
  5.42e-05s  0.00e+00d  [DetectDominanceRelations] 
  3.17e-04s  0.00e+00d  [PresolveToFixPoint] #num_loops=1 #num_dual_strengthening=1 
  1.06e-05s  0.00e+00d  [DetectDuplicateColumns] 
  5.46e-05s  0.00e+00d  [DetectDuplicateConstraints] 
[Symmetry] Graph for symmetry has 1'048 nodes and 1'023 arcs.
[Symmetry] Symmetry computation done. time: 7.1312e-05 dtime: 0.00010946
  5.76e-05s  0.00e+00d  [DetectDuplicateConstraintsWithDifferentEnforcements] 
  4.22e-04s  2.32e-06d  [Probe] 
  1.57e-06s  0.00e+00d  [MaxClique] 
  6.12e-05s  0.00e+00d  [DetectDominanceRelations] 
  3.64e-04s  0.00e+00d  [PresolveToFixPoint] #num_loops=1 #num_dual_strengthening=1 
  2.44e-05s  0.00e+00d  [ProcessAtMostOneAndLinear] 
  5.66e-05s  0.00e+00d  [DetectDuplicateConstraints] 
  5.42e-05s  0.00e+00d  [DetectDuplicateConstraintsWithDifferentEnforcements] 
  2.33e-05s  1.15e-06d  [DetectDominatedLinearConstraints] #relevant_constraints=191 
  2.43e-05s  0.00e+00d  [DetectDifferentVariables] 
  2.06e-06s  0.00e+00d  [ProcessSetPPC] 
  2.25e-06s  0.00e+00d  [FindAlmostIdenticalLinearConstraints] 
  9.23e-06s  0.00e+00d  [FindBigAtMostOneAndLinearOverlap] 
  1.59e-05s  7.25e-06d  [FindBigVerticalLinearOverlap] 
  1.82e-06s  0.00e+00d  [FindBigHorizontalLinearOverlap] 
  1.30e-06s  0.00e+00d  [MergeClauses] 
  5.80e-05s  0.00e+00d  [DetectDominanceRelations] 
  3.28e-04s  0.00e+00d  [PresolveToFixPoint] #num_loops=1 #num_dual_strengthening=1 
  1.40e-05s  0.00e+00d  [ExpandObjective] 

Presolve summary:
  - 186 affine relations were detected.
  - rule 'TODO dual: only one blocking constraint?' was applied 616 times.
  - rule 'TODO dual: only one unspecified blocking constraint?' was applied 308 times.
  - rule 'affine: new relation' was applied 186 times.
  - rule 'dual: reduced domain' was applied 5 times.
  - rule 'intervals: removed unused interval' was applied 4 times.
  - rule 'lin_max: converted abs to equality' was applied 15 times.
  - rule 'lin_max: converted to equality' was applied 2 times.
  - rule 'lin_max: propagate domain from x to abs(x)' was applied 67 times.
  - rule 'lin_max: removed exprs' was applied 2 times.
  - rule 'lin_max: rewrite with precedences' was applied 44 times.
  - rule 'lin_max: target domain reduced' was applied 46 times.
  - rule 'linear1: x in domain' was applied 19 times.
  - rule 'linear: always true' was applied 49 times.
  - rule 'linear: fixed or dup variables' was applied 1 time.
  - rule 'linear: reduced variable domains' was applied 849 times.
  - rule 'linear: remapped using affine relations' was applied 394 times.
  - rule 'no_overlap: split into disjoint components' was applied 4 times.
  - rule 'objective: variable not used elsewhere' was applied 1 time.
  - rule 'presolve: 1 unused variables removed.' was applied 1 time.
  - rule 'presolve: iteration' was applied 2 times.

Presolved optimization model '': (model_fingerprint: 0x6ecbb6ddadbc47fe)
#Variables: 239 (#ints: 84 in objective) (170 primary variables)
  - 198 different domains in [0,44153] with a largest complexity of 1.
#kInterval: 170
#kLinMax: 25 (#expressions: 50)
#kLinear2: 191
#kNoOverlap: 10 (#intervals: 170)
[Symmetry] Graph for symmetry has 861 nodes and 1'023 arcs.
[Symmetry] Symmetry computation done. time: 6.141e-05 dtime: 9.824e-05

Preloading model.
#Bound   0.01s best:inf   next:[3551,2392454] initial_domain
#Model   0.01s var:239/239 constraints:396/396

Starting search at 0.01s with 104 workers.
18 full problem subsolvers: [core, default_lp, fixed, lb_tree_search, max_lp, no_lp, objective_lb_search, objective_lb_search_max_lp, objective_lb_search_no_lp, objective_shaving_max_lp, objective_shaving_no_lp, probing, probing_max_lp, probing_no_lp, pseudo_costs, quick_restart, quick_restart_no_lp, reduced_costs]
86 first solution subsolvers: [fj(25), fj_lin(12), fs_random(12), fs_random_no_lp(13), fs_random_quick_restart(12), fs_random_quick_restart_no_lp(12)]
45 interleaved subsolvers: [feasibility_pump, graph_arc_lns, graph_cst_lns, graph_dec_lns, graph_var_lns, lb_relax_lns, ls(19), ls_lin(10), rins/rens, rnd_cst_lns, rnd_var_lns, scheduling_intervals_lns, scheduling_precedences_lns, scheduling_resource_windows_lns, scheduling_time_window_lns, variables_shaving, variables_shaving_max_lp, variables_shaving_no_lp]
3 helper subsolvers: [neighborhood_helper, synchronization_agent, update_gap_integral]

#1       0.02s best:47424 next:[3551,47423] no_lp
#2       0.02s best:7973  next:[3551,7972] core
#Bound   0.02s best:7973  next:[4191,7972] max_lp
#Bound   0.02s best:7973  next:[4291,7972] max_lp
#3       0.02s best:7825  next:[4291,7824] ls_restart_compound(batch:1 lin{mvs:0 evals:9} gen{mvs:5 evals:53} comp{mvs:5 btracks:0} #w_updates:0 #perturb:0)
#4       0.02s best:7821  next:[4291,7820] ls_restart_decay(batch:1 lin{mvs:4 evals:108} gen{mvs:26 evals:247} #w_updates:11 #perturb:0) [combined with: ls_restart_compound(...]
#5       0.02s best:7813  next:[4291,7812] ls_restart_perturb(batch:1 lin{mvs:4 evals:101} gen{mvs:16 evals:211} #w_updates:12 #perturb:0)
#6       0.02s best:7809  next:[4291,7808] ls_restart_perturb(batch:1 lin{mvs:6 evals:157} gen{mvs:28 evals:322} #w_updates:18 #perturb:0)
#7       0.02s best:7805  next:[4291,7804] ls_restart_compound_perturb(batch:1 lin{mvs:0 evals:37} gen{mvs:30 evals:241} comp{mvs:6 btracks:12} #w_updates:0 #perturb:0)
#8       0.02s best:7801  next:[4291,7800] ls_restart_compound_perturb(batch:1 lin{mvs:0 evals:37} gen{mvs:30 evals:241} comp{mvs:6 btracks:12} #w_updates:0 #perturb:0) [combined with: ls_restart_perturb(b...]
#9       0.03s best:7388  next:[4291,7387] ls_restart_perturb(batch:1 lin{mvs:6 evals:222} gen{mvs:80 evals:2'428} #w_updates:695 #perturb:0)
#10      0.03s best:7364  next:[4291,7363] ls_restart_perturb(batch:1 lin{mvs:6 evals:222} gen{mvs:80 evals:2'428} #w_updates:695 #perturb:0) [combined with: ls_restart_compound_...]
#11      0.03s best:7360  next:[4291,7359] ls_lin_restart_decay(batch:1 lin{mvs:4 evals:88} gen{mvs:6 evals:81} #w_updates:4 #perturb:0) [combined with: ls_restart_perturb(b...]
#12      0.03s best:7356  next:[4291,7355] ls_lin_restart_compound(batch:1 lin{mvs:0 evals:42} gen{mvs:32 evals:252} comp{mvs:6 btracks:13} #w_updates:0 #perturb:0) [combined with: ls_lin_restart_decay...]
#Bound   0.03s best:7356  next:[4338,7355] max_lp
#13      0.03s best:7352  next:[4338,7351] ls_restart(batch:1 lin{mvs:5 evals:93} gen{mvs:4 evals:66} #w_updates:1 #perturb:0)
#14      0.03s best:6904  next:[4338,6903] ls_restart(batch:1 lin{mvs:4 evals:177} gen{mvs:54 evals:1'949} #w_updates:588 #perturb:0)
#15      0.03s best:6892  next:[4338,6891] ls_restart_decay(batch:1 lin{mvs:6 evals:129} gen{mvs:9 evals:123} #w_updates:3 #perturb:0) [combined with: ls_restart(batch:1 l...]
#16      0.03s best:6888  next:[4338,6887] ls_restart_compound(batch:1 lin{mvs:0 evals:10} gen{mvs:10 evals:67} comp{mvs:2 btracks:4} #w_updates:0 #perturb:0) [combined with: ls_restart_decay(bat...]
#17      0.03s best:6881  next:[4338,6880] ls_restart_compound_perturb(batch:1 lin{mvs:0 evals:34} gen{mvs:21 evals:214} comp{mvs:9 btracks:6} #w_updates:0 #perturb:0) [combined with: ls_restart_compound(...]
#18      0.03s best:6873  next:[4338,6872] ls_restart_decay_compound(batch:1 lin{mvs:0 evals:24} gen{mvs:16 evals:138} comp{mvs:6 btracks:5} #w_updates:0 #perturb:0) [combined with: ls_restart_compound_...]
#19      0.03s best:6869  next:[4338,6868] ls_lin_restart_decay(batch:1 lin{mvs:5 evals:97} gen{mvs:9 evals:119} #w_updates:3 #perturb:0)
#20      0.03s best:6865  next:[4338,6864] ls_lin_restart_decay_compound_perturb(batch:1 lin{mvs:0 evals:6} gen{mvs:4 evals:43} comp{mvs:4 btracks:0} #w_updates:0 #perturb:0)
#21      0.03s best:6861  next:[4338,6860] ls_restart_compound_perturb(batch:1 lin{mvs:0 evals:102} gen{mvs:82 evals:614} comp{mvs:8 btracks:37} #w_updates:0 #perturb:0) [combined with: ls_lin_restart_decay...]
#22      0.03s best:6857  next:[4338,6856] ls_lin_restart_compound(batch:1 lin{mvs:0 evals:32} gen{mvs:30 evals:202} comp{mvs:4 btracks:13} #w_updates:0 #perturb:0) [combined with: ls_restart_compound_...]
#23      0.03s best:6850  next:[4338,6849] ls_lin_restart_compound(batch:1 lin{mvs:0 evals:40} gen{mvs:15 evals:191} comp{mvs:7 btracks:4} #w_updates:0 #perturb:0)
#24      0.03s best:6842  next:[4338,6841] ls_lin_restart_decay_compound(batch:1 lin{mvs:0 evals:39} gen{mvs:28 evals:247} comp{mvs:10 btracks:9} #w_updates:0 #perturb:0) [combined with: ls_lin_restart_compo...]
#25      0.03s best:6835  next:[4338,6834] ls_restart_compound(batch:1 lin{mvs:0 evals:18} gen{mvs:9 evals:89} comp{mvs:3 btracks:3} #w_updates:0 #perturb:0) [combined with: ls_lin_restart_decay...]
#26      0.03s best:6831  next:[4338,6830] ls_restart_compound(batch:1 lin{mvs:0 evals:3} gen{mvs:2 evals:22} comp{mvs:2 btracks:0} #w_updates:0 #perturb:0)
#27      0.03s best:6827  next:[4338,6826] ls_restart_decay(batch:1 lin{mvs:4 evals:69} gen{mvs:2 evals:36} #w_updates:1 #perturb:0)
#28      0.03s best:6823  next:[4338,6822] ls_restart_perturb(batch:1 lin{mvs:3 evals:97} gen{mvs:23 evals:258} #w_updates:12 #perturb:0) [combined with: ls_restart_decay(bat...]
#29      0.03s best:6819  next:[4338,6818] ls_restart_decay(batch:1 lin{mvs:3 evals:73} gen{mvs:9 evals:90} #w_updates:4 #perturb:0)
#30      0.03s best:6815  next:[4338,6814] ls_restart_decay_compound(batch:1 lin{mvs:0 evals:13} gen{mvs:10 evals:77} comp{mvs:4 btracks:3} #w_updates:0 #perturb:0) [combined with: ls_restart_decay(bat...]
#31      0.03s best:6811  next:[4338,6810] ls_lin_restart_compound(batch:1 lin{mvs:0 evals:4} gen{mvs:2 evals:21} comp{mvs:2 btracks:0} #w_updates:0 #perturb:0)
#32      0.03s best:6807  next:[4338,6806] ls_lin_restart_compound(batch:1 lin{mvs:0 evals:3} gen{mvs:2 evals:22} comp{mvs:2 btracks:0} #w_updates:0 #perturb:0) [combined with: ls_lin_restart_compo...]
#33      0.03s best:6803  next:[4338,6802] ls_lin_restart_decay(batch:1 lin{mvs:3 evals:79} gen{mvs:13 evals:138} #w_updates:6 #perturb:0) [combined with: ls_lin_restart_compo...]
#34      0.03s best:6796  next:[4338,6795] ls_lin_restart_compound_perturb(batch:1 lin{mvs:0 evals:73} gen{mvs:53 evals:394} comp{mvs:9 btracks:22} #w_updates:0 #perturb:0) [combined with: ls_lin_restart_decay...]
#Bound   0.03s best:6796  next:[4434,6795] max_lp
#35      0.03s best:6792  next:[4434,6791] ls_restart_perturb(batch:1 lin{mvs:3 evals:72} gen{mvs:5 evals:60} #w_updates:2 #perturb:0)
#36      0.03s best:6788  next:[4434,6787] ls_restart_perturb(batch:1 lin{mvs:5 evals:89} gen{mvs:7 evals:80} #w_updates:2 #perturb:0)
#37      0.04s best:6784  next:[4434,6783] ls_restart(batch:1 lin{mvs:5 evals:81} gen{mvs:2 evals:35} #w_updates:1 #perturb:0)
#38      0.04s best:6781  next:[4434,6780] ls_restart_decay_compound(batch:1 lin{mvs:0 evals:18} gen{mvs:9 evals:91} comp{mvs:3 btracks:3} #w_updates:0 #perturb:0)
#39      0.04s best:6777  next:[4434,6776] ls_restart_decay_compound(batch:1 lin{mvs:0 evals:18} gen{mvs:9 evals:91} comp{mvs:3 btracks:3} #w_updates:0 #perturb:0) [combined with: ls_restart(batch:1 l...]
#40      0.04s best:6769  next:[4434,6768] ls_restart_decay(batch:1 lin{mvs:5 evals:86} gen{mvs:2 evals:37} #w_updates:1 #perturb:0)
#41      0.04s best:6327  next:[4434,6326] ls_lin_restart(batch:1 lin{mvs:4 evals:422} gen{mvs:162 evals:2'957} #w_updates:460 #perturb:0)
#42      0.04s best:6287  next:[4434,6286] ls_restart_decay_compound_perturb(batch:1 lin{mvs:0 evals:50} gen{mvs:46 evals:321} comp{mvs:4 btracks:21} #w_updates:0 #perturb:0) [combined with: ls_lin_restart(batch...]
#43      0.04s best:6284  next:[4434,6283] ls_lin_restart_compound_perturb(batch:1 lin{mvs:0 evals:45} gen{mvs:19 evals:217} comp{mvs:7 btracks:6} #w_updates:0 #perturb:0) [combined with: ls_restart_decay_com...]
#44      0.04s best:6280  next:[4434,6279] ls_restart(batch:1 lin{mvs:6 evals:139} gen{mvs:11 evals:161} #w_updates:4 #perturb:0) [combined with: ls_lin_restart_compo...]
#45      0.04s best:6276  next:[4434,6275] ls_lin_restart_compound(batch:1 lin{mvs:0 evals:27} gen{mvs:8 evals:141} comp{mvs:6 btracks:1} #w_updates:0 #perturb:0) [combined with: ls_restart(batch:1 l...]
#46      0.04s best:6273  next:[4434,6272] ls_lin_restart_decay(batch:1 lin{mvs:4 evals:118} gen{mvs:14 evals:182} #w_updates:6 #perturb:0) [combined with: ls_lin_restart_compo...]
#47      0.04s best:6268  next:[4434,6267] ls_restart_decay(batch:1 lin{mvs:6 evals:117} gen{mvs:4 evals:68} #w_updates:1 #perturb:0)
#48      0.04s best:6265  next:[4434,6264] ls_restart_decay(batch:1 lin{mvs:6 evals:117} gen{mvs:4 evals:68} #w_updates:1 #perturb:0) [combined with: ls_lin_restart_decay...]
#49      0.04s best:6261  next:[4434,6260] ls_restart_decay_compound_perturb(batch:1 lin{mvs:0 evals:23} gen{mvs:10 evals:115} comp{mvs:4 btracks:3} #w_updates:0 #perturb:0)
#50      0.04s best:6257  next:[4434,6256] ls_restart_decay_perturb(batch:1 lin{mvs:4 evals:122} gen{mvs:15 evals:211} #w_updates:6 #perturb:0) [combined with: ls_restart_decay_com...]
#51      0.04s best:6253  next:[4434,6252] ls_restart_decay_compound_perturb(batch:1 lin{mvs:0 evals:42} gen{mvs:20 evals:201} comp{mvs:6 btracks:7} #w_updates:0 #perturb:0) [combined with: ls_restart_decay_per...]
#52      0.04s best:6249  next:[4434,6248] ls_restart_compound(batch:1 lin{mvs:0 evals:5} gen{mvs:2 evals:22} comp{mvs:2 btracks:0} #w_updates:0 #perturb:0)
#53      0.04s best:6245  next:[4434,6244] ls_restart_compound_perturb(batch:1 lin{mvs:0 evals:33} gen{mvs:20 evals:176} comp{mvs:8 btracks:6} #w_updates:0 #perturb:0) [combined with: ls_restart_compound(...]
#54      0.04s best:6240  next:[4434,6239] ls_restart_decay_compound_perturb(batch:1 lin{mvs:0 evals:9} gen{mvs:3 evals:38} comp{mvs:3 btracks:0} #w_updates:0 #perturb:0) [combined with: ls_restart_compound_...]
#55      0.04s best:6208  next:[4434,6207] graph_cst_lns (d=5.00e-01 s=139 t=0.10 p=0.00 stall=0 h=base) [hint] [combined with: ls_restart_decay_com...]
#56      0.04s best:6204  next:[4434,6203] ls_lin_restart_decay(batch:1 lin{mvs:4 evals:101} gen{mvs:21 evals:231} #w_updates:9 #perturb:0) [combined with: graph_cst_lns (d=5.0...]
#57      0.04s best:6196  next:[4434,6195] ls_restart_perturb(batch:1 lin{mvs:6 evals:101} gen{mvs:4 evals:61} #w_updates:1 #perturb:0)
#58      0.04s best:6194  next:[4434,6193] ls_restart_decay_perturb(batch:1 lin{mvs:6 evals:143} gen{mvs:24 evals:285} #w_updates:12 #perturb:0) [combined with: ls_restart_perturb(b...]
#59      0.04s best:6186  next:[4434,6185] ls_restart(batch:1 lin{mvs:6 evals:104} gen{mvs:4 evals:66} #w_updates:1 #perturb:0)
#60      0.04s best:6183  next:[4434,6182] ls_lin_restart_decay_compound_perturb(batch:1 lin{mvs:0 evals:6} gen{mvs:3 evals:40} comp{mvs:3 btracks:0} #w_updates:0 #perturb:0) [combined with: ls_restart(batch:1 l...]
#61      0.04s best:6175  next:[4434,6174] ls_lin_restart_perturb(batch:1 lin{mvs:6 evals:98} gen{mvs:4 evals:74} #w_updates:1 #perturb:0) [combined with: ls_lin_restart_decay...]
#62      0.04s best:6171  next:[4434,6170] ls_lin_restart_perturb(batch:1 lin{mvs:6 evals:110} gen{mvs:7 evals:97} #w_updates:2 #perturb:0)
#63      0.04s best:6167  next:[4434,6166] ls_restart_decay_perturb(batch:1 lin{mvs:4 evals:76} gen{mvs:7 evals:92} #w_updates:2 #perturb:0) [combined with: ls_lin_restart_pertu...]
#Bound   0.04s best:6167  next:[4435,6166] max_lp
#64      0.04s best:6163  next:[4435,6162] ls_restart_decay_compound(batch:1 lin{mvs:0 evals:3} gen{mvs:2 evals:21} comp{mvs:2 btracks:0} #w_updates:0 #perturb:0)
#65      0.04s best:6159  next:[4435,6158] ls_restart_decay_compound(batch:1 lin{mvs:0 evals:46} gen{mvs:30 evals:266} comp{mvs:6 btracks:12} #w_updates:0 #perturb:0)
#66      0.04s best:6155  next:[4435,6154] ls_restart_decay(batch:1 lin{mvs:4 evals:94} gen{mvs:9 evals:116} #w_updates:3 #perturb:0)
#67      0.04s best:6151  next:[4435,6150] ls_restart_decay(batch:1 lin{mvs:6 evals:114} gen{mvs:10 evals:157} #w_updates:2 #perturb:0)
#68      0.04s best:6148  next:[4435,6147] ls_restart_decay(batch:1 lin{mvs:6 evals:109} gen{mvs:8 evals:118} #w_updates:3 #perturb:0) [combined with: ls_restart_decay(bat...]
#69      0.04s best:5910  next:[4435,5909] ls_lin_restart(batch:1 lin{mvs:6 evals:434} gen{mvs:165 evals:2'656} #w_updates:285 #perturb:0)
#70      0.04s best:5869  next:[4435,5868] ls_lin_restart(batch:1 lin{mvs:6 evals:434} gen{mvs:165 evals:2'656} #w_updates:285 #perturb:0) [combined with: ls_restart_decay(bat...]
#71      0.05s best:5867  next:[4435,5866] ls_lin_restart_decay(batch:1 lin{mvs:6 evals:324} gen{mvs:140 evals:1'490} #w_updates:75 #perturb:0)
#72      0.05s best:5864  next:[4435,5863] ls_restart_decay(batch:1 lin{mvs:6 evals:346} gen{mvs:146 evals:1'541} #w_updates:80 #perturb:0)
#73      0.05s best:5860  next:[4435,5859] ls_restart_decay(batch:1 lin{mvs:6 evals:346} gen{mvs:146 evals:1'541} #w_updates:80 #perturb:0) [combined with: ls_lin_restart_decay...]
#74      0.05s best:5819  next:[4435,5818] ls_restart_decay_perturb(batch:1 lin{mvs:4 evals:332} gen{mvs:162 evals:1'706} #w_updates:64 #perturb:0)
#75      0.05s best:5809  next:[4435,5808] ls_restart_decay_perturb(batch:1 lin{mvs:4 evals:364} gen{mvs:180 evals:1'898} #w_updates:99 #perturb:0) [combined with: ls_restart_decay_per...]
#76      0.05s best:5808  next:[4435,5807] ls_lin_restart_decay_compound(batch:1 lin{mvs:0 evals:234} gen{mvs:175 evals:1'394} comp{mvs:15 btracks:80} #w_updates:1 #perturb:0)
#77      0.06s best:5761  next:[4435,5760] rnd_var_lns (d=7.07e-01 s=337 t=0.10 p=1.00 stall=1 h=base)
#78      0.06s best:5760  next:[4435,5759] rnd_var_lns (d=7.07e-01 s=337 t=0.10 p=1.00 stall=1 h=base) [combined with: ls_lin_restart_decay...]
#79      0.06s best:5751  next:[4435,5750] ls_lin_restart_decay_perturb(batch:1 lin{mvs:4 evals:455} gen{mvs:263 evals:2'696} #w_updates:123 #perturb:0)
#80      0.06s best:5703  next:[4435,5702] ls_lin_restart_decay_perturb(batch:1 lin{mvs:4 evals:455} gen{mvs:263 evals:2'696} #w_updates:123 #perturb:0) [combined with: rnd_var_lns (d=7.07e...]
#81      0.07s best:5702  next:[4435,5701] ls_lin_restart_compound_perturb(batch:1 lin{mvs:0 evals:218} gen{mvs:109 evals:1'076} comp{mvs:9 btracks:50} #w_updates:1 #perturb:0)
#82      0.08s best:5701  next:[4435,5700] ls_restart_compound_perturb(batch:1 lin{mvs:0 evals:141} gen{mvs:69 evals:650} comp{mvs:11 btracks:29} #w_updates:1 #perturb:0)
#83      0.09s best:5700  next:[4435,5699] ls_restart_decay_compound_perturb(batch:1 lin{mvs:0 evals:158} gen{mvs:77 evals:756} comp{mvs:11 btracks:33} #w_updates:1 #perturb:0)
#84      0.09s best:5699  next:[4435,5698] ls_lin_restart_compound_perturb(batch:1 lin{mvs:0 evals:41} gen{mvs:17 evals:185} comp{mvs:7 btracks:5} #w_updates:0 #perturb:0)
#85      0.10s best:5695  next:[4435,5694] ls_restart_compound(batch:1 lin{mvs:0 evals:13} gen{mvs:8 evals:72} comp{mvs:4 btracks:2} #w_updates:0 #perturb:0)
#86      0.10s best:5691  next:[4435,5690] ls_lin_restart_decay_compound_perturb(batch:1 lin{mvs:0 evals:40} gen{mvs:28 evals:208} comp{mvs:4 btracks:12} #w_updates:0 #perturb:0)
#87      0.10s best:5631  next:[4435,5630] ls_lin_restart_decay_compound_perturb(batch:1 lin{mvs:0 evals:40} gen{mvs:28 evals:208} comp{mvs:4 btracks:12} #w_updates:0 #perturb:0) [combined with: ls_lin_restart_compo...]
#Bound   0.10s best:5631  next:[4441,5630] objective_lb_search
#88      0.10s best:5630  next:[4441,5629] ls_lin_restart_decay_compound(batch:1 lin{mvs:0 evals:917} gen{mvs:661 evals:4'276} comp{mvs:21 btracks:320} #w_updates:3 #perturb:0) [combined with: ls_lin_restart_decay...]
#89      0.10s best:5627  next:[4441,5626] ls_restart_decay(batch:1 lin{mvs:6 evals:481} gen{mvs:241 evals:2'291} #w_updates:51 #perturb:0)
#90      0.10s best:5626  next:[4441,5625] ls_lin_restart_decay_compound_perturb(batch:1 lin{mvs:0 evals:4} gen{mvs:2 evals:25} comp{mvs:2 btracks:0} #w_updates:0 #perturb:0)
#91      0.10s best:5625  next:[4441,5624] ls_restart_decay_compound(batch:1 lin{mvs:0 evals:30} gen{mvs:13 evals:142} comp{mvs:7 btracks:3} #w_updates:0 #perturb:0) [combined with: ls_lin_restart_decay...]
#92      0.10s best:5624  next:[4441,5623] ls_restart_compound(batch:1 lin{mvs:0 evals:77} gen{mvs:37 evals:363} comp{mvs:11 btracks:13} #w_updates:0 #perturb:0)
#93      0.11s best:5621  next:[4441,5620] ls_restart_decay_compound_perturb(batch:1 lin{mvs:0 evals:81} gen{mvs:54 evals:425} comp{mvs:6 btracks:24} #w_updates:0 #perturb:0)
#94      0.11s best:5620  next:[4441,5619] ls_restart_decay_compound_perturb(batch:1 lin{mvs:0 evals:81} gen{mvs:54 evals:425} comp{mvs:6 btracks:24} #w_updates:0 #perturb:0) [combined with: ls_restart_compound(...]
#Bound   0.11s best:5620  next:[4556,5619] objective_lb_search
#95      0.11s best:5619  next:[4556,5618] ls_restart_compound_perturb(batch:1 lin{mvs:0 evals:233} gen{mvs:163 evals:1'170} comp{mvs:13 btracks:75} #w_updates:1 #perturb:0) [combined with: ls_restart_decay_com...]
#96      0.11s best:5615  next:[4556,5614] ls_restart_decay_compound_perturb(batch:1 lin{mvs:0 evals:78} gen{mvs:68 evals:510} comp{mvs:6 btracks:31} #w_updates:0 #perturb:0)
#97      0.12s best:5611  next:[4556,5610] ls_restart_compound_perturb(batch:1 lin{mvs:0 evals:163} gen{mvs:132 evals:988} comp{mvs:10 btracks:61} #w_updates:1 #perturb:0)
#98      0.13s best:5539  next:[4556,5538] lb_relax_lns_bool_h (d=5.00e-01 s=391 t=0.50 p=0.00 stall=0 h=base)
#Bound   0.15s best:5539  next:[4558,5538] objective_lb_search_max_lp
#Bound   0.17s best:5539  next:[4559,5538] bool_core (num_cores=12 [cover] a=73 d=4 fixed=263/1598 clauses=16'490)
#Bound   0.17s best:5539  next:[4563,5538] bool_core (num_cores=12 [cover] a=73 d=4 fixed=264/1605 clauses=16'675)
#Bound   0.17s best:5539  next:[4567,5538] bool_core (num_cores=12 [cover] a=73 d=4 fixed=265/1612 clauses=16'863)
#Bound   0.17s best:5539  next:[4571,5538] bool_core (num_cores=12 [cover] a=73 d=4 fixed=266/1619 clauses=17'054)
#Bound   0.17s best:5539  next:[4575,5538] bool_core (num_cores=12 [cover] a=73 d=4 fixed=267/1626 clauses=17'248)
#Bound   0.17s best:5539  next:[4579,5538] bool_core (num_cores=12 [cover] a=73 d=4 fixed=268/1633 clauses=17'445)
#Bound   0.18s best:5539  next:[4583,5538] bool_core (num_cores=12 [cover] a=73 d=4 fixed=269/1640 clauses=17'645)
#Bound   0.18s best:5539  next:[4587,5538] bool_core (num_cores=12 [cover] a=73 d=4 fixed=270/1647 clauses=17'848)
#Bound   0.18s best:5539  next:[4591,5538] bool_core (num_cores=12 [cover] a=73 d=4 fixed=271/1654 clauses=18'054)
#Bound   0.18s best:5539  next:[4595,5538] bool_core (num_cores=12 [cover] a=73 d=4 fixed=272/1661 clauses=18'263)
#Bound   0.18s best:5539  next:[4599,5538] bool_core (num_cores=12 [cover] a=73 d=4 fixed=273/1668 clauses=18'475)
#Bound   0.18s best:5539  next:[4603,5538] bool_core (num_cores=12 [cover] a=73 d=4 fixed=274/1675 clauses=18'690)
#99      0.18s best:5537  next:[4643,5536] ls_compound(batch:2 lin{mvs:0 evals:7'173} gen{mvs:5'735 evals:40'253} comp{mvs:187 btracks:2'769} #w_updates:66 #perturb:2)
#100     0.19s best:5536  next:[4643,5535] quick_restart
#101     0.21s best:5535  next:[4759,5534] quick_restart_no_lp
#102     0.22s best:5534  next:[4759,5533] quick_restart_no_lp
#103     0.22s best:5513  next:[4759,5512] graph_cst_lns (d=8.14e-01 s=360 t=0.10 p=1.00 stall=0 h=base) [combined with: quick_restart_no_lp...]
#104     0.24s best:5468  next:[4759,5467] ls_lin_restart_compound_perturb(batch:1 lin{mvs:0 evals:1'048} gen{mvs:1'444 evals:9'220} comp{mvs:54 btracks:695} #w_updates:15 #perturb:0)
#105     0.24s best:5445  next:[4759,5444] ls_lin_restart_compound_perturb(batch:1 lin{mvs:0 evals:1'048} gen{mvs:1'444 evals:9'220} comp{mvs:54 btracks:695} #w_updates:15 #perturb:0) [combined with: graph_cst_lns (d=7.0...]
#106     0.24s best:5429  next:[4759,5428] ls_lin_restart_compound(batch:1 lin{mvs:0 evals:449} gen{mvs:420 evals:2'728} comp{mvs:24 btracks:198} #w_updates:6 #perturb:0)
#107     0.25s best:5428  next:[4759,5427] ls_lin_restart_decay_compound_perturb(batch:1 lin{mvs:0 evals:16} gen{mvs:8 evals:87} comp{mvs:4 btracks:2} #w_updates:0 #perturb:0)
#108     0.25s best:5420  next:[4759,5419] ls_lin_restart(batch:1 lin{mvs:4 evals:192} gen{mvs:59 evals:685} #w_updates:43 #perturb:0)
#109     0.25s best:5419  next:[4759,5418] ls_lin_restart(batch:1 lin{mvs:4 evals:78} gen{mvs:9 evals:108} #w_updates:0 #perturb:0)
#110     0.25s best:5418  next:[4759,5417] ls_restart_decay_compound(batch:1 lin{mvs:0 evals:16} gen{mvs:8 evals:80} comp{mvs:4 btracks:2} #w_updates:0 #perturb:0)
#111     0.25s best:5416  next:[4759,5415] ls_restart_compound(batch:1 lin{mvs:0 evals:12} gen{mvs:5 evals:70} comp{mvs:5 btracks:0} #w_updates:0 #perturb:0)
#112     0.25s best:5415  next:[4759,5414] ls_restart_decay_compound_perturb(batch:1 lin{mvs:0 evals:57} gen{mvs:34 evals:284} comp{mvs:6 btracks:14} #w_updates:0 #perturb:0)
#113     0.26s best:5397  next:[4759,5396] ls_restart_decay(batch:1 lin{mvs:6 evals:3'432} gen{mvs:1'765 evals:17'398} #w_updates:277 #perturb:0)
#114     0.26s best:5396  next:[4759,5395] ls_restart_decay(batch:1 lin{mvs:5 evals:204} gen{mvs:58 evals:603} #w_updates:25 #perturb:0)
#115     0.27s best:5395  next:[4759,5394] graph_dec_lns (d=8.14e-01 s=435 t=0.10 p=1.00 stall=0 h=base) [combined with: ls_restart_decay(bat...]
#116     0.29s best:5394  next:[4759,5393] quick_restart
#117     0.31s best:5391  next:[4759,5390] quick_restart
#118     0.41s best:5390  next:[4955,5389] quick_restart_no_lp
#119     0.42s best:5389  next:[4962,5388] ls_restart_compound_perturb(batch:1 lin{mvs:0 evals:124} gen{mvs:94 evals:695} comp{mvs:8 btracks:43} #w_updates:0 #perturb:0)
#120     0.42s best:5388  next:[4962,5387] ls_restart_compound_perturb(batch:1 lin{mvs:0 evals:59} gen{mvs:50 evals:342} comp{mvs:8 btracks:21} #w_updates:1 #perturb:0)
#121     0.45s best:5387  next:[5030,5386] quick_restart
#122     0.46s best:5386  next:[5085,5385] quick_restart_no_lp
#123     0.48s best:5378  next:[5085,5377] ls_restart_decay_perturb(batch:1 lin{mvs:4 evals:493} gen{mvs:284 evals:3'156} #w_updates:140 #perturb:0)
#124     0.48s best:5377  next:[5085,5376] ls_restart(batch:1 lin{mvs:3 evals:120} gen{mvs:47 evals:519} #w_updates:27 #perturb:0)
#Bound   1.00s best:5377  next:[5241,5376] bool_core (num_cores=21 [cover] a=65 d=10 fixed=908/5674 clauses=160'241) [skipped_logs=69]
Relative gap limit of 0.005 reached.
#Done    1.37s reduced_costs
#Done    1.37s core
#Done    1.37s probing_no_lp
#Done    1.37s probing
#Bound   1.37s best:5377  next:[5359,5376] bool_core (num_cores=26 [size:1 mw:1] a=63 d=11 fixed=4975/6432 clauses=186'226) [skipped_logs=76]

Task timing                                  n [     min,      max]      avg      dev     time         n [     min,      max]      avg      dev    dtime
                             'core':         1 [   1.37s,    1.37s]    1.37s   0.00ns    1.37s         1 [   1.67s,    1.67s]    1.67s   0.00ns    1.67s
                       'default_lp':         1 [   1.37s,    1.37s]    1.37s   0.00ns    1.37s         1 [229.01ms, 229.01ms] 229.01ms   0.00ns 229.01ms
                 'feasibility_pump':       124 [ 83.26us,   1.81ms] 152.58us 201.12us  18.92ms       123 [ 37.00us, 962.45us]  44.52us  83.11us   5.48ms
                            'fixed':         1 [   1.36s,    1.36s]    1.36s   0.00ns    1.36s         1 [523.83ms, 523.83ms] 523.83ms   0.00ns 523.83ms
                               'fj':         0 [  0.00ns,   0.00ns]   0.00ns   0.00ns   0.00ns         0 [  0.00ns,   0.00ns]   0.00ns   0.00ns   0.00ns
                               'fj':         0 [  0.00ns,   0.00ns]   0.00ns   0.00ns   0.00ns         0 [  0.00ns,   0.00ns]   0.00ns   0.00ns   0.00ns
                               'fj':         0 [  0.00ns,   0.00ns]   0.00ns   0.00ns   0.00ns         0 [  0.00ns,   0.00ns]   0.00ns   0.00ns   0.00ns
                               'fj':         0 [  0.00ns,   0.00ns]   0.00ns   0.00ns   0.00ns         0 [  0.00ns,   0.00ns]   0.00ns   0.00ns   0.00ns
                               'fj':         0 [  0.00ns,   0.00ns]   0.00ns   0.00ns   0.00ns         0 [  0.00ns,   0.00ns]   0.00ns   0.00ns   0.00ns
                               'fj':         0 [  0.00ns,   0.00ns]   0.00ns   0.00ns   0.00ns         0 [  0.00ns,   0.00ns]   0.00ns   0.00ns   0.00ns
                               'fj':         0 [  0.00ns,   0.00ns]   0.00ns   0.00ns   0.00ns         0 [  0.00ns,   0.00ns]   0.00ns   0.00ns   0.00ns
                               'fj':         0 [  0.00ns,   0.00ns]   0.00ns   0.00ns   0.00ns         0 [  0.00ns,   0.00ns]   0.00ns   0.00ns   0.00ns
                               'fj':         0 [  0.00ns,   0.00ns]   0.00ns   0.00ns   0.00ns         0 [  0.00ns,   0.00ns]   0.00ns   0.00ns   0.00ns
                               'fj':         0 [  0.00ns,   0.00ns]   0.00ns   0.00ns   0.00ns         0 [  0.00ns,   0.00ns]   0.00ns   0.00ns   0.00ns
                               'fj':         0 [  0.00ns,   0.00ns]   0.00ns   0.00ns   0.00ns         0 [  0.00ns,   0.00ns]   0.00ns   0.00ns   0.00ns
                               'fj':         0 [  0.00ns,   0.00ns]   0.00ns   0.00ns   0.00ns         0 [  0.00ns,   0.00ns]   0.00ns   0.00ns   0.00ns
                               'fj':         0 [  0.00ns,   0.00ns]   0.00ns   0.00ns   0.00ns         0 [  0.00ns,   0.00ns]   0.00ns   0.00ns   0.00ns
                               'fj':         0 [  0.00ns,   0.00ns]   0.00ns   0.00ns   0.00ns         0 [  0.00ns,   0.00ns]   0.00ns   0.00ns   0.00ns
                               'fj':         0 [  0.00ns,   0.00ns]   0.00ns   0.00ns   0.00ns         0 [  0.00ns,   0.00ns]   0.00ns   0.00ns   0.00ns
                               'fj':         0 [  0.00ns,   0.00ns]   0.00ns   0.00ns   0.00ns         0 [  0.00ns,   0.00ns]   0.00ns   0.00ns   0.00ns
                               'fj':         0 [  0.00ns,   0.00ns]   0.00ns   0.00ns   0.00ns         0 [  0.00ns,   0.00ns]   0.00ns   0.00ns   0.00ns
                               'fj':         0 [  0.00ns,   0.00ns]   0.00ns   0.00ns   0.00ns         0 [  0.00ns,   0.00ns]   0.00ns   0.00ns   0.00ns
                               'fj':         0 [  0.00ns,   0.00ns]   0.00ns   0.00ns   0.00ns         0 [  0.00ns,   0.00ns]   0.00ns   0.00ns   0.00ns
                               'fj':         0 [  0.00ns,   0.00ns]   0.00ns   0.00ns   0.00ns         0 [  0.00ns,   0.00ns]   0.00ns   0.00ns   0.00ns
                               'fj':         0 [  0.00ns,   0.00ns]   0.00ns   0.00ns   0.00ns         0 [  0.00ns,   0.00ns]   0.00ns   0.00ns   0.00ns
                               'fj':         0 [  0.00ns,   0.00ns]   0.00ns   0.00ns   0.00ns         0 [  0.00ns,   0.00ns]   0.00ns   0.00ns   0.00ns
                               'fj':         0 [  0.00ns,   0.00ns]   0.00ns   0.00ns   0.00ns         0 [  0.00ns,   0.00ns]   0.00ns   0.00ns   0.00ns
                               'fj':         0 [  0.00ns,   0.00ns]   0.00ns   0.00ns   0.00ns         0 [  0.00ns,   0.00ns]   0.00ns   0.00ns   0.00ns
                               'fj':         0 [  0.00ns,   0.00ns]   0.00ns   0.00ns   0.00ns         0 [  0.00ns,   0.00ns]   0.00ns   0.00ns   0.00ns
                           'fj_lin':         0 [  0.00ns,   0.00ns]   0.00ns   0.00ns   0.00ns         0 [  0.00ns,   0.00ns]   0.00ns   0.00ns   0.00ns
                           'fj_lin':         0 [  0.00ns,   0.00ns]   0.00ns   0.00ns   0.00ns         0 [  0.00ns,   0.00ns]   0.00ns   0.00ns   0.00ns
                           'fj_lin':         0 [  0.00ns,   0.00ns]   0.00ns   0.00ns   0.00ns         0 [  0.00ns,   0.00ns]   0.00ns   0.00ns   0.00ns
                           'fj_lin':         0 [  0.00ns,   0.00ns]   0.00ns   0.00ns   0.00ns         0 [  0.00ns,   0.00ns]   0.00ns   0.00ns   0.00ns
                           'fj_lin':         0 [  0.00ns,   0.00ns]   0.00ns   0.00ns   0.00ns         0 [  0.00ns,   0.00ns]   0.00ns   0.00ns   0.00ns
                           'fj_lin':         0 [  0.00ns,   0.00ns]   0.00ns   0.00ns   0.00ns         0 [  0.00ns,   0.00ns]   0.00ns   0.00ns   0.00ns
                           'fj_lin':         0 [  0.00ns,   0.00ns]   0.00ns   0.00ns   0.00ns         0 [  0.00ns,   0.00ns]   0.00ns   0.00ns   0.00ns
                           'fj_lin':         0 [  0.00ns,   0.00ns]   0.00ns   0.00ns   0.00ns         0 [  0.00ns,   0.00ns]   0.00ns   0.00ns   0.00ns
                           'fj_lin':         0 [  0.00ns,   0.00ns]   0.00ns   0.00ns   0.00ns         0 [  0.00ns,   0.00ns]   0.00ns   0.00ns   0.00ns
                           'fj_lin':         0 [  0.00ns,   0.00ns]   0.00ns   0.00ns   0.00ns         0 [  0.00ns,   0.00ns]   0.00ns   0.00ns   0.00ns
                           'fj_lin':         0 [  0.00ns,   0.00ns]   0.00ns   0.00ns   0.00ns         0 [  0.00ns,   0.00ns]   0.00ns   0.00ns   0.00ns
                           'fj_lin':         0 [  0.00ns,   0.00ns]   0.00ns   0.00ns   0.00ns         0 [  0.00ns,   0.00ns]   0.00ns   0.00ns   0.00ns
                        'fs_random':         0 [  0.00ns,   0.00ns]   0.00ns   0.00ns   0.00ns         0 [  0.00ns,   0.00ns]   0.00ns   0.00ns   0.00ns
                        'fs_random':         0 [  0.00ns,   0.00ns]   0.00ns   0.00ns   0.00ns         0 [  0.00ns,   0.00ns]   0.00ns   0.00ns   0.00ns
                        'fs_random':         0 [  0.00ns,   0.00ns]   0.00ns   0.00ns   0.00ns         0 [  0.00ns,   0.00ns]   0.00ns   0.00ns   0.00ns
                        'fs_random':         0 [  0.00ns,   0.00ns]   0.00ns   0.00ns   0.00ns         0 [  0.00ns,   0.00ns]   0.00ns   0.00ns   0.00ns
                        'fs_random':         0 [  0.00ns,   0.00ns]   0.00ns   0.00ns   0.00ns         0 [  0.00ns,   0.00ns]   0.00ns   0.00ns   0.00ns
                        'fs_random':         0 [  0.00ns,   0.00ns]   0.00ns   0.00ns   0.00ns         0 [  0.00ns,   0.00ns]   0.00ns   0.00ns   0.00ns
                        'fs_random':         0 [  0.00ns,   0.00ns]   0.00ns   0.00ns   0.00ns         0 [  0.00ns,   0.00ns]   0.00ns   0.00ns   0.00ns
                        'fs_random':         0 [  0.00ns,   0.00ns]   0.00ns   0.00ns   0.00ns         0 [  0.00ns,   0.00ns]   0.00ns   0.00ns   0.00ns
                        'fs_random':         0 [  0.00ns,   0.00ns]   0.00ns   0.00ns   0.00ns         0 [  0.00ns,   0.00ns]   0.00ns   0.00ns   0.00ns
                        'fs_random':         0 [  0.00ns,   0.00ns]   0.00ns   0.00ns   0.00ns         0 [  0.00ns,   0.00ns]   0.00ns   0.00ns   0.00ns
                        'fs_random':         0 [  0.00ns,   0.00ns]   0.00ns   0.00ns   0.00ns         0 [  0.00ns,   0.00ns]   0.00ns   0.00ns   0.00ns
                        'fs_random':         1 [  1.63ms,   1.63ms]   1.63ms   0.00ns   1.63ms         0 [  0.00ns,   0.00ns]   0.00ns   0.00ns   0.00ns
                  'fs_random_no_lp':         0 [  0.00ns,   0.00ns]   0.00ns   0.00ns   0.00ns         0 [  0.00ns,   0.00ns]   0.00ns   0.00ns   0.00ns
                  'fs_random_no_lp':         0 [  0.00ns,   0.00ns]   0.00ns   0.00ns   0.00ns         0 [  0.00ns,   0.00ns]   0.00ns   0.00ns   0.00ns
                  'fs_random_no_lp':         0 [  0.00ns,   0.00ns]   0.00ns   0.00ns   0.00ns         0 [  0.00ns,   0.00ns]   0.00ns   0.00ns   0.00ns
                  'fs_random_no_lp':         0 [  0.00ns,   0.00ns]   0.00ns   0.00ns   0.00ns         0 [  0.00ns,   0.00ns]   0.00ns   0.00ns   0.00ns
                  'fs_random_no_lp':         0 [  0.00ns,   0.00ns]   0.00ns   0.00ns   0.00ns         0 [  0.00ns,   0.00ns]   0.00ns   0.00ns   0.00ns
                  'fs_random_no_lp':         0 [  0.00ns,   0.00ns]   0.00ns   0.00ns   0.00ns         0 [  0.00ns,   0.00ns]   0.00ns   0.00ns   0.00ns
                  'fs_random_no_lp':         0 [  0.00ns,   0.00ns]   0.00ns   0.00ns   0.00ns         0 [  0.00ns,   0.00ns]   0.00ns   0.00ns   0.00ns
                  'fs_random_no_lp':         0 [  0.00ns,   0.00ns]   0.00ns   0.00ns   0.00ns         0 [  0.00ns,   0.00ns]   0.00ns   0.00ns   0.00ns
                  'fs_random_no_lp':         0 [  0.00ns,   0.00ns]   0.00ns   0.00ns   0.00ns         0 [  0.00ns,   0.00ns]   0.00ns   0.00ns   0.00ns
                  'fs_random_no_lp':         0 [  0.00ns,   0.00ns]   0.00ns   0.00ns   0.00ns         0 [  0.00ns,   0.00ns]   0.00ns   0.00ns   0.00ns
                  'fs_random_no_lp':         0 [  0.00ns,   0.00ns]   0.00ns   0.00ns   0.00ns         0 [  0.00ns,   0.00ns]   0.00ns   0.00ns   0.00ns
                  'fs_random_no_lp':         1 [  1.06ms,   1.06ms]   1.06ms   0.00ns   1.06ms         0 [  0.00ns,   0.00ns]   0.00ns   0.00ns   0.00ns
                  'fs_random_no_lp':         1 [  1.82ms,   1.82ms]   1.82ms   0.00ns   1.82ms         1 [  5.79us,   5.79us]   5.79us   0.00ns   5.79us
          'fs_random_quick_restart':         0 [  0.00ns,   0.00ns]   0.00ns   0.00ns   0.00ns         0 [  0.00ns,   0.00ns]   0.00ns   0.00ns   0.00ns
          'fs_random_quick_restart':         0 [  0.00ns,   0.00ns]   0.00ns   0.00ns   0.00ns         0 [  0.00ns,   0.00ns]   0.00ns   0.00ns   0.00ns
          'fs_random_quick_restart':         0 [  0.00ns,   0.00ns]   0.00ns   0.00ns   0.00ns         0 [  0.00ns,   0.00ns]   0.00ns   0.00ns   0.00ns
          'fs_random_quick_restart':         0 [  0.00ns,   0.00ns]   0.00ns   0.00ns   0.00ns         0 [  0.00ns,   0.00ns]   0.00ns   0.00ns   0.00ns
          'fs_random_quick_restart':         0 [  0.00ns,   0.00ns]   0.00ns   0.00ns   0.00ns         0 [  0.00ns,   0.00ns]   0.00ns   0.00ns   0.00ns
          'fs_random_quick_restart':         0 [  0.00ns,   0.00ns]   0.00ns   0.00ns   0.00ns         0 [  0.00ns,   0.00ns]   0.00ns   0.00ns   0.00ns
          'fs_random_quick_restart':         0 [  0.00ns,   0.00ns]   0.00ns   0.00ns   0.00ns         0 [  0.00ns,   0.00ns]   0.00ns   0.00ns   0.00ns
          'fs_random_quick_restart':         0 [  0.00ns,   0.00ns]   0.00ns   0.00ns   0.00ns         0 [  0.00ns,   0.00ns]   0.00ns   0.00ns   0.00ns
          'fs_random_quick_restart':         0 [  0.00ns,   0.00ns]   0.00ns   0.00ns   0.00ns         0 [  0.00ns,   0.00ns]   0.00ns   0.00ns   0.00ns
          'fs_random_quick_restart':         0 [  0.00ns,   0.00ns]   0.00ns   0.00ns   0.00ns         0 [  0.00ns,   0.00ns]   0.00ns   0.00ns   0.00ns
          'fs_random_quick_restart':         0 [  0.00ns,   0.00ns]   0.00ns   0.00ns   0.00ns         0 [  0.00ns,   0.00ns]   0.00ns   0.00ns   0.00ns
          'fs_random_quick_restart':         1 [  1.24ms,   1.24ms]   1.24ms   0.00ns   1.24ms         0 [  0.00ns,   0.00ns]   0.00ns   0.00ns   0.00ns
    'fs_random_quick_restart_no_lp':         0 [  0.00ns,   0.00ns]   0.00ns   0.00ns   0.00ns         0 [  0.00ns,   0.00ns]   0.00ns   0.00ns   0.00ns
    'fs_random_quick_restart_no_lp':         0 [  0.00ns,   0.00ns]   0.00ns   0.00ns   0.00ns         0 [  0.00ns,   0.00ns]   0.00ns   0.00ns   0.00ns
    'fs_random_quick_restart_no_lp':         0 [  0.00ns,   0.00ns]   0.00ns   0.00ns   0.00ns         0 [  0.00ns,   0.00ns]   0.00ns   0.00ns   0.00ns
    'fs_random_quick_restart_no_lp':         0 [  0.00ns,   0.00ns]   0.00ns   0.00ns   0.00ns         0 [  0.00ns,   0.00ns]   0.00ns   0.00ns   0.00ns
    'fs_random_quick_restart_no_lp':         0 [  0.00ns,   0.00ns]   0.00ns   0.00ns   0.00ns         0 [  0.00ns,   0.00ns]   0.00ns   0.00ns   0.00ns
    'fs_random_quick_restart_no_lp':         0 [  0.00ns,   0.00ns]   0.00ns   0.00ns   0.00ns         0 [  0.00ns,   0.00ns]   0.00ns   0.00ns   0.00ns
    'fs_random_quick_restart_no_lp':         0 [  0.00ns,   0.00ns]   0.00ns   0.00ns   0.00ns         0 [  0.00ns,   0.00ns]   0.00ns   0.00ns   0.00ns
    'fs_random_quick_restart_no_lp':         0 [  0.00ns,   0.00ns]   0.00ns   0.00ns   0.00ns         0 [  0.00ns,   0.00ns]   0.00ns   0.00ns   0.00ns
    'fs_random_quick_restart_no_lp':         0 [  0.00ns,   0.00ns]   0.00ns   0.00ns   0.00ns         0 [  0.00ns,   0.00ns]   0.00ns   0.00ns   0.00ns
    'fs_random_quick_restart_no_lp':         0 [  0.00ns,   0.00ns]   0.00ns   0.00ns   0.00ns         0 [  0.00ns,   0.00ns]   0.00ns   0.00ns   0.00ns
    'fs_random_quick_restart_no_lp':         0 [  0.00ns,   0.00ns]   0.00ns   0.00ns   0.00ns         0 [  0.00ns,   0.00ns]   0.00ns   0.00ns   0.00ns
    'fs_random_quick_restart_no_lp':         1 [  1.44ms,   1.44ms]   1.44ms   0.00ns   1.44ms         0 [  0.00ns,   0.00ns]   0.00ns   0.00ns   0.00ns
                    'graph_arc_lns':        11 [  7.73ms, 787.80ms] 316.14ms 257.15ms    3.48s        11 [ 58.36us, 100.04ms]  43.60ms  36.50ms 479.61ms
                    'graph_cst_lns':        29 [  5.64ms, 728.29ms] 174.61ms 164.71ms    5.06s        29 [ 92.81us, 100.14ms]  29.80ms  30.54ms 864.18ms
                    'graph_dec_lns':        32 [  6.37ms, 799.18ms] 199.26ms 174.26ms    6.38s        32 [ 26.90us, 100.06ms]  32.84ms  31.75ms    1.05s
                    'graph_var_lns':        32 [ 18.70ms, 471.59ms] 233.95ms 136.05ms    7.49s        32 [  1.58ms, 100.08ms]  49.34ms  37.34ms    1.58s
                     'lb_relax_lns':        11 [189.56us,    1.34s] 333.36ms 455.46ms    3.67s         7 [ 13.78ms, 327.01ms]  93.39ms 105.10ms 653.75ms
                   'lb_tree_search':         1 [   1.37s,    1.37s]    1.37s   0.00ns    1.37s         1 [141.97ms, 141.97ms] 141.97ms   0.00ns 141.97ms
                               'ls':        19 [252.25us, 123.29ms]  70.59ms  43.91ms    1.34s        19 [175.72us, 100.10ms]  74.37ms  42.99ms    1.41s
                               'ls':        21 [ 84.50us, 114.24ms]  63.80ms  45.26ms    1.34s        19 [324.50us, 100.06ms]  74.09ms  43.07ms    1.41s
                               'ls':        21 [174.63us, 115.01ms]  63.69ms  43.76ms    1.34s        20 [252.59us, 100.04ms]  71.55ms  43.11ms    1.43s
                               'ls':        22 [ 71.79us, 122.96ms]  60.60ms  47.34ms    1.33s        21 [260.67us, 100.05ms]  65.31ms  45.88ms    1.37s
                               'ls':        22 [132.50us, 117.25ms]  60.85ms  42.31ms    1.34s        21 [119.86us, 100.07ms]  71.55ms  43.93ms    1.50s
                               'ls':        24 [ 75.33us, 120.23ms]  54.83ms  39.68ms    1.32s        23 [201.15us, 100.05ms]  69.28ms  43.41ms    1.59s
                               'ls':        24 [ 98.18us, 121.50ms]  55.88ms  43.83ms    1.34s        21 [562.66us, 100.07ms]  75.75ms  41.06ms    1.59s
                               'ls':        24 [117.62us, 111.92ms]  55.63ms  40.86ms    1.34s        22 [ 68.64us, 100.05ms]  71.64ms  43.53ms    1.58s
                               'ls':        24 [552.84us,  99.52ms]  55.99ms  36.62ms    1.34s        24 [416.37us, 100.12ms]  70.11ms  43.80ms    1.68s
                               'ls':        25 [194.23us, 120.02ms]  53.48ms  47.74ms    1.34s        24 [444.32us, 100.07ms]  59.36ms  47.51ms    1.42s
                               'ls':        26 [ 74.72us, 121.05ms]  51.33ms  43.27ms    1.33s        24 [ 69.94us, 100.07ms]  61.74ms  45.55ms    1.48s
                               'ls':        26 [ 92.62us, 115.38ms]  49.11ms  42.35ms    1.28s        24 [196.31us, 100.08ms]  65.24ms  45.37ms    1.57s
                               'ls':        28 [110.29us, 108.68ms]  43.38ms  28.35ms    1.21s        27 [ 85.53us, 100.08ms]  76.19ms  39.33ms    2.06s
                               'ls':        29 [423.54us,  93.87ms]  45.66ms  27.14ms    1.32s        29 [354.04us, 100.22ms]  83.28ms  36.60ms    2.42s
                               'ls':        30 [ 90.77us, 110.27ms]  38.49ms  30.97ms    1.15s        28 [105.82us, 100.07ms]  72.23ms  42.46ms    2.02s
                               'ls':        30 [181.95us, 110.86ms]  42.45ms  31.88ms    1.27s        29 [309.73us, 100.10ms]  70.53ms  43.32ms    2.05s
                               'ls':        30 [226.38us, 107.59ms]  43.30ms  37.48ms    1.30s        30 [190.84us, 100.10ms]  68.30ms  45.03ms    2.05s
                               'ls':        31 [122.09us,  87.75ms]  37.63ms  27.41ms    1.17s        30 [104.53us, 100.06ms]  71.02ms  43.11ms    2.13s
                               'ls':        32 [139.39us, 108.37ms]  36.69ms  34.14ms    1.17s        30 [114.60us, 100.06ms]  57.38ms  45.94ms    1.72s
                           'ls_lin':        20 [122.11us, 118.91ms]  67.09ms  44.50ms    1.34s        19 [302.48us, 100.04ms]  73.91ms  43.68ms    1.40s
                           'ls_lin':        21 [109.83us, 112.74ms]  63.95ms  42.19ms    1.34s        18 [705.23us, 100.12ms]  80.31ms  36.99ms    1.45s
                           'ls_lin':        22 [242.69us, 108.50ms]  61.00ms  40.20ms    1.34s        22 [119.20us, 100.12ms]  67.95ms  45.00ms    1.49s
                           'ls_lin':        23 [103.95us, 100.47ms]  58.17ms  37.67ms    1.34s        20 [ 60.76us, 100.05ms]  81.24ms  36.80ms    1.62s
                           'ls_lin':        23 [113.22us, 111.15ms]  57.77ms  46.51ms    1.33s        20 [230.96us, 100.07ms]  69.92ms  43.52ms    1.40s
                           'ls_lin':        24 [106.86us, 121.63ms]  55.81ms  42.80ms    1.34s        21 [320.46us, 100.07ms]  76.23ms  40.77ms    1.60s
                           'ls_lin':        28 [586.96us, 110.61ms]  46.61ms  34.53ms    1.31s        27 [695.54us, 100.10ms]  72.59ms  40.70ms    1.96s
                           'ls_lin':        31 [125.25us, 112.04ms]  40.71ms  39.19ms    1.26s        27 [ 68.29us, 100.06ms]  65.42ms  45.43ms    1.77s
                           'ls_lin':        34 [115.46us, 112.63ms]  31.54ms  24.60ms    1.07s        32 [ 62.00us, 100.06ms]  81.12ms  37.87ms    2.60s
                           'ls_lin':        38 [ 97.27us,  96.80ms]  26.41ms  21.63ms    1.00s        37 [148.96us, 100.08ms]  65.21ms  45.79ms    2.41s
                           'max_lp':         1 [   1.36s,    1.36s]    1.36s   0.00ns    1.36s         0 [  0.00ns,   0.00ns]   0.00ns   0.00ns   0.00ns
                            'no_lp':         1 [   1.36s,    1.36s]    1.36s   0.00ns    1.36s         0 [  0.00ns,   0.00ns]   0.00ns   0.00ns   0.00ns
              'objective_lb_search':         1 [   1.36s,    1.36s]    1.36s   0.00ns    1.36s         0 [  0.00ns,   0.00ns]   0.00ns   0.00ns   0.00ns
       'objective_lb_search_max_lp':         1 [   1.37s,    1.37s]    1.37s   0.00ns    1.37s         1 [126.20ms, 126.20ms] 126.20ms   0.00ns 126.20ms
        'objective_lb_search_no_lp':         1 [   1.37s,    1.37s]    1.37s   0.00ns    1.37s         1 [290.86ms, 290.86ms] 290.86ms   0.00ns 290.86ms
         'objective_shaving_max_lp':       112 [424.32us,  19.33ms]   7.48ms   4.29ms 837.61ms        91 [  2.56us, 179.75us] 128.45us  41.01us  11.69ms
          'objective_shaving_no_lp':       101 [366.86us,  18.40ms]   8.38ms   5.61ms 846.41ms        82 [ 45.05us, 102.45us]  91.88us  21.17us   7.53ms
                          'probing':         1 [   1.37s,    1.37s]    1.37s   0.00ns    1.37s         1 [ 65.76ms,  65.76ms]  65.76ms   0.00ns  65.76ms
                   'probing_max_lp':         1 [   1.38s,    1.38s]    1.38s   0.00ns    1.38s         1 [ 22.22ms,  22.22ms]  22.22ms   0.00ns  22.22ms
                    'probing_no_lp':         1 [   1.37s,    1.37s]    1.37s   0.00ns    1.37s         1 [141.08ms, 141.08ms] 141.08ms   0.00ns 141.08ms
                     'pseudo_costs':         1 [   1.36s,    1.36s]    1.36s   0.00ns    1.36s         1 [327.32ms, 327.32ms] 327.32ms   0.00ns 327.32ms
                    'quick_restart':         1 [   1.36s,    1.36s]    1.36s   0.00ns    1.36s         0 [  0.00ns,   0.00ns]   0.00ns   0.00ns   0.00ns
              'quick_restart_no_lp':         1 [   1.37s,    1.37s]    1.37s   0.00ns    1.37s         1 [263.45ms, 263.45ms] 263.45ms   0.00ns 263.45ms
                    'reduced_costs':         1 [   1.36s,    1.36s]    1.36s   0.00ns    1.36s         0 [  0.00ns,   0.00ns]   0.00ns   0.00ns   0.00ns
                        'rins/rens':         8 [509.49us,    1.12s] 441.42ms 359.16ms    3.53s         7 [  8.43ms, 100.07ms]  57.06ms  39.19ms 399.44ms
                      'rnd_cst_lns':        28 [  4.24ms, 980.95ms] 222.65ms 194.52ms    6.23s        28 [ 90.47us, 100.06ms]  37.42ms  29.27ms    1.05s
                      'rnd_var_lns':        16 [  5.50ms,    1.07s] 216.90ms 287.19ms    3.47s        14 [ 28.81us, 100.01ms]  31.00ms  35.17ms 433.93ms
         'scheduling_intervals_lns':         5 [531.40ms,    1.22s] 878.10ms 257.82ms    4.39s         5 [ 45.56ms, 100.11ms]  89.15ms  21.79ms 445.73ms
       'scheduling_precedences_lns':         6 [ 87.97ms,    1.36s] 794.11ms 497.30ms    4.76s         6 [ 22.68ms, 100.31ms]  68.99ms  29.65ms 413.92ms
  'scheduling_resource_windows_lns':        10 [ 49.73ms, 734.78ms] 339.89ms 223.85ms    3.40s        10 [  6.58ms, 100.12ms]  77.11ms  36.36ms 771.08ms
       'scheduling_time_window_lns':         6 [ 35.02ms,    1.19s] 656.54ms 432.12ms    3.94s         6 [  5.52ms, 100.06ms]  84.27ms  35.22ms 505.61ms
                'variables_shaving':       125 [  6.38ms, 194.24ms]  30.76ms  36.89ms    3.84s       125 [194.48us,  14.32ms]   1.72ms   2.88ms 215.29ms
         'variables_shaving_max_lp':       124 [ 24.84ms, 643.21ms] 118.03ms 129.85ms   14.64s       124 [  5.52ms, 100.07ms]  17.91ms  20.13ms    2.22s
          'variables_shaving_no_lp':       124 [  5.24ms, 252.31ms]  38.72ms  47.42ms    4.80s       124 [179.82us,  13.75ms]   1.99ms   3.01ms 246.90ms

Search stats                        Bools  Conflicts  Branches  Restarts  BoolPropag  IntegerPropag
                           'core':  6'432      1'216    37'241     9'691   4'689'464        913'627
                     'default_lp':    725      2'126    10'582     1'622     127'995      1'821'276
                          'fixed':  1'440     14'378    93'158         1   1'349'866      2'536'662
                      'fs_random':      0          0         0         0           0              0
                      'fs_random':      0          0         0         0           0              0
                      'fs_random':      0          0         0         0           0              0
                      'fs_random':      0          0         0         0           0              0
                      'fs_random':      0          0         0         0           0              0
                      'fs_random':      0          0         0         0           0              0
                      'fs_random':      0          0         0         0           0              0
                      'fs_random':      0          0         0         0           0              0
                      'fs_random':      0          0         0         0           0              0
                      'fs_random':      0          0         0         0           0              0
                      'fs_random':      0          0         0         0           0              0
                      'fs_random':      0          0         0         0           0              0
                'fs_random_no_lp':      0          0         0         0           0              0
                'fs_random_no_lp':      0          0         0         0           0              0
                'fs_random_no_lp':      0          0         0         0           0              0
                'fs_random_no_lp':      0          0         0         0           0              0
                'fs_random_no_lp':      0          0         0         0           0              0
                'fs_random_no_lp':      0          0         0         0           0              0
                'fs_random_no_lp':      0          0         0         0           0              0
                'fs_random_no_lp':      0          0         0         0           0              0
                'fs_random_no_lp':      0          0         0         0           0              0
                'fs_random_no_lp':      0          0         0         0           0              0
                'fs_random_no_lp':      0          0         0         0           0              0
                'fs_random_no_lp':      0          0         0         0           0              0
                'fs_random_no_lp':      1          0         1         0           0             39
        'fs_random_quick_restart':      0          0         0         0           0              0
        'fs_random_quick_restart':      0          0         0         0           0              0
        'fs_random_quick_restart':      0          0         0         0           0              0
        'fs_random_quick_restart':      0          0         0         0           0              0
        'fs_random_quick_restart':      0          0         0         0           0              0
        'fs_random_quick_restart':      0          0         0         0           0              0
        'fs_random_quick_restart':      0          0         0         0           0              0
        'fs_random_quick_restart':      0          0         0         0           0              0
        'fs_random_quick_restart':      0          0         0         0           0              0
        'fs_random_quick_restart':      0          0         0         0           0              0
        'fs_random_quick_restart':      0          0         0         0           0              0
        'fs_random_quick_restart':      0          0         0         0           0              0
  'fs_random_quick_restart_no_lp':      0          0         0         0           0              0
  'fs_random_quick_restart_no_lp':      0          0         0         0           0              0
  'fs_random_quick_restart_no_lp':      0          0         0         0           0              0
  'fs_random_quick_restart_no_lp':      0          0         0         0           0              0
  'fs_random_quick_restart_no_lp':      0          0         0         0           0              0
  'fs_random_quick_restart_no_lp':      0          0         0         0           0              0
  'fs_random_quick_restart_no_lp':      0          0         0         0           0              0
  'fs_random_quick_restart_no_lp':      0          0         0         0           0              0
  'fs_random_quick_restart_no_lp':      0          0         0         0           0              0
  'fs_random_quick_restart_no_lp':      0          0         0         0           0              0
  'fs_random_quick_restart_no_lp':      0          0         0         0           0              0
  'fs_random_quick_restart_no_lp':      0          0         0         0           0              0
                 'lb_tree_search':  1'402        246    12'494     4'525      74'450        333'655
                         'max_lp':    609      1'471    10'753     1'502      79'451      1'420'883
                          'no_lp':    691      6'204    35'722     2'220     475'352      4'269'540
            'objective_lb_search':    615      3'398    12'413     2'206     224'893      3'055'596
     'objective_lb_search_max_lp':  1'496        486     9'998     4'902      63'351        374'925
      'objective_lb_search_no_lp':    447      3'059     6'583       660     261'934      2'266'819
                        'probing':  1'945        388     6'740     4'622      79'775        336'850
                 'probing_max_lp':  1'469         57     2'881     2'881       6'388         36'743
                  'probing_no_lp':  2'095        905    12'838     5'202     191'033        769'877
                   'pseudo_costs':    647      2'078     7'693       970     131'611      1'990'765
                  'quick_restart':  1'196      1'516    15'767     1'947     162'686      1'468'737
            'quick_restart_no_lp':  1'453      2'322    18'752     1'968     433'711      1'915'990
                  'reduced_costs':  1'743      2'154    18'522     5'792     254'815      1'420'259

SAT stats                           ClassicMinim  LitRemoved  LitLearned  LitForgotten  Subsumed  MClauses  MDecisions  MLitTrue  MSubsumed  MLitRemoved  MReused
                           'core':           550       2'728       2'713             0         0     9'778      17'198         0        419        1'272    2'082
                     'default_lp':         1'825       6'233      29'342             0        37        99         242         0         27          128       28
                          'fixed':        14'310      17'299     260'962        85'720         5         0           0         0          0            0        0
                      'fs_random':             0           0           0             0         0         0           0         0          0            0        0
                      'fs_random':             0           0           0             0         0         0           0         0          0            0        0
                      'fs_random':             0           0           0             0         0         0           0         0          0            0        0
                      'fs_random':             0           0           0             0         0         0           0         0          0            0        0
                      'fs_random':             0           0           0             0         0         0           0         0          0            0        0
                      'fs_random':             0           0           0             0         0         0           0         0          0            0        0
                      'fs_random':             0           0           0             0         0         0           0         0          0            0        0
                      'fs_random':             0           0           0             0         0         0           0         0          0            0        0
                      'fs_random':             0           0           0             0         0         0           0         0          0            0        0
                      'fs_random':             0           0           0             0         0         0           0         0          0            0        0
                      'fs_random':             0           0           0             0         0         0           0         0          0            0        0
                      'fs_random':             0           0           0             0         0         0           0         0          0            0        0
                'fs_random_no_lp':             0           0           0             0         0         0           0         0          0            0        0
                'fs_random_no_lp':             0           0           0             0         0         0           0         0          0            0        0
                'fs_random_no_lp':             0           0           0             0         0         0           0         0          0            0        0
                'fs_random_no_lp':             0           0           0             0         0         0           0         0          0            0        0
                'fs_random_no_lp':             0           0           0             0         0         0           0         0          0            0        0
                'fs_random_no_lp':             0           0           0             0         0         0           0         0          0            0        0
                'fs_random_no_lp':             0           0           0             0         0         0           0         0          0            0        0
                'fs_random_no_lp':             0           0           0             0         0         0           0         0          0            0        0
                'fs_random_no_lp':             0           0           0             0         0         0           0         0          0            0        0
                'fs_random_no_lp':             0           0           0             0         0         0           0         0          0            0        0
                'fs_random_no_lp':             0           0           0             0         0         0           0         0          0            0        0
                'fs_random_no_lp':             0           0           0             0         0         0           0         0          0            0        0
                'fs_random_no_lp':             0           0           0             0         0         0           0         0          0            0        0
        'fs_random_quick_restart':             0           0           0             0         0         0           0         0          0            0        0
        'fs_random_quick_restart':             0           0           0             0         0         0           0         0          0            0        0
        'fs_random_quick_restart':             0           0           0             0         0         0           0         0          0            0        0
        'fs_random_quick_restart':             0           0           0             0         0         0           0         0          0            0        0
        'fs_random_quick_restart':             0           0           0             0         0         0           0         0          0            0        0
        'fs_random_quick_restart':             0           0           0             0         0         0           0         0          0            0        0
        'fs_random_quick_restart':             0           0           0             0         0         0           0         0          0            0        0
        'fs_random_quick_restart':             0           0           0             0         0         0           0         0          0            0        0
        'fs_random_quick_restart':             0           0           0             0         0         0           0         0          0            0        0
        'fs_random_quick_restart':             0           0           0             0         0         0           0         0          0            0        0
        'fs_random_quick_restart':             0           0           0             0         0         0           0         0          0            0        0
        'fs_random_quick_restart':             0           0           0             0         0         0           0         0          0            0        0
  'fs_random_quick_restart_no_lp':             0           0           0             0         0         0           0         0          0            0        0
  'fs_random_quick_restart_no_lp':             0           0           0             0         0         0           0         0          0            0        0
  'fs_random_quick_restart_no_lp':             0           0           0             0         0         0           0         0          0            0        0
  'fs_random_quick_restart_no_lp':             0           0           0             0         0         0           0         0          0            0        0
  'fs_random_quick_restart_no_lp':             0           0           0             0         0         0           0         0          0            0        0
  'fs_random_quick_restart_no_lp':             0           0           0             0         0         0           0         0          0            0        0
  'fs_random_quick_restart_no_lp':             0           0           0             0         0         0           0         0          0            0        0
  'fs_random_quick_restart_no_lp':             0           0           0             0         0         0           0         0          0            0        0
  'fs_random_quick_restart_no_lp':             0           0           0             0         0         0           0         0          0            0        0
  'fs_random_quick_restart_no_lp':             0           0           0             0         0         0           0         0          0            0        0
  'fs_random_quick_restart_no_lp':             0           0           0             0         0         0           0         0          0            0        0
  'fs_random_quick_restart_no_lp':             0           0           0             0         0         0           0         0          0            0        0
                 'lb_tree_search':            99         229       2'726             0         1        29          58         0          0            0        0
                         'max_lp':           917       2'780      15'267             0        25       269         453         0          5           19      120
                          'no_lp':         5'716      16'258      83'758             0        37       296         699         7        141          662       53
            'objective_lb_search':         3'173      16'123      15'705             0        29       625       1'460         0        202          998      342
     'objective_lb_search_max_lp':           239         587       6'308             0         9         6          12         0          0            0        0
      'objective_lb_search_no_lp':         2'684       7'874      18'711             0        46       435         982         0        289        1'422      134
                        'probing':            91         241       1'198             0         4         0           0         0          0            0        0
                 'probing_max_lp':             0           0          57             0         0         0           0         0          0            0        0
                  'probing_no_lp':           378       1'384       4'876             0        15         1           2         0          1            3        0
                   'pseudo_costs':         1'084       2'502      13'971             0       111       731       2'356         0        500        2'874      113
                  'quick_restart':           931       2'998      11'221             0        38       249         628         2        105          475       80
            'quick_restart_no_lp':         1'086       2'546      12'391             0        49       570         502         3         75          304      733
                  'reduced_costs':         1'703       4'824      18'171             0        22       862       3'123        65        530        4'366       62

Lp stats                         Component  Iterations  AddedCuts  OPTIMAL  DUAL_F.  DUAL_U.
                  'default_lp':         23         683          0    8'642        0        0
                       'fixed':         23          76          0   59'386        0        0
              'lb_tree_search':          1       5'227        502    3'338       99        0
                      'max_lp':          1       2'725        457    2'597       28        0
         'objective_lb_search':         23       1'132          0   14'219        0        0
  'objective_lb_search_max_lp':          1       3'014        814    2'250       42        0
                     'probing':         23         662          0   82'380        0        0
              'probing_max_lp':          1         363        184      235        2        0
                'pseudo_costs':          1       2'341        471    4'073       26        0
               'quick_restart':         23       1'909          0   21'976        0        0
               'reduced_costs':          1       4'426        623    2'336       24        0

Lp dimension                     Final dimension of first component
                  'default_lp':       2 rows, 14 columns, 4 entries
                       'fixed':      7 rows, 14 columns, 14 entries
              'lb_tree_search':  124 rows, 239 columns, 250 entries
                      'max_lp':  156 rows, 239 columns, 355 entries
         'objective_lb_search':       2 rows, 14 columns, 4 entries
  'objective_lb_search_max_lp':  270 rows, 239 columns, 836 entries
                     'probing':       2 rows, 14 columns, 4 entries
              'probing_max_lp':  157 rows, 239 columns, 362 entries
                'pseudo_costs':  140 rows, 239 columns, 318 entries
               'quick_restart':       3 rows, 14 columns, 6 entries
               'reduced_costs':  221 rows, 239 columns, 644 entries

Lp debug                         CutPropag  CutEqPropag  Adjust  Overflow      Bad  BadScaling
                  'default_lp':          0            0       0         0        0           0
                       'fixed':          0            0       0         0        0           0
              'lb_tree_search':          0           10     672         0   10'404           0
                      'max_lp':          0            0     134         0    8'235           0
         'objective_lb_search':          0            0       0         0        0           0
  'objective_lb_search_max_lp':          0            2     170         0   16'444           0
                     'probing':          0            0       0         0        0           0
              'probing_max_lp':          0            0     236         0  124'420           0
                'pseudo_costs':          0            7     671         0   10'564           0
               'quick_restart':          0            0       0         0        0           0
               'reduced_costs':          0           23     647         0   17'595           0

Lp pool                          Constraints  Updates  Simplif  Merged  Shortened  Split  Strenghtened   Cuts/Call
                  'default_lp':          266        0      166       0          0      0             2         0/0
                       'fixed':          266        0        0       0          0      0             0         0/0
              'lb_tree_search':          709    1'030    1'169      59          0      0             2  502/72'686
                      'max_lp':          692      908      759      31          0      0            15  457/36'184
         'objective_lb_search':          266        0      680       0          0      0             2         0/0
  'objective_lb_search_max_lp':          924    1'453    3'015     156          0      0            25  814/51'774
                     'probing':          266        0    2'319       0          0      0             0         0/0
              'probing_max_lp':          448      172      744       2          0      0             2   184/5'444
                'pseudo_costs':          670    1'247    1'661      67          0      0            38  471/52'281
               'quick_restart':          266        0    3'287       0          0      0             0         0/0
               'reduced_costs':          813    1'945    4'447      76          0      0            16  623/22'891

Lp Cut                                                max_lp  reduced_costs  pseudo_costs  objective_lb_search_max_lp  lb_tree_search  probing_max_lp
                                              CG_FF:       -              2             -                           1               -               -
                                               CG_K:       2             14            10                           5               2               -
                                               CG_R:      18             33            19                          10               4               -
                                            MIR_1_K:       1              4             3                           1               -               -
                                            MIR_1_R:       7              5             4                           4               1               -
                                            MIR_2_K:       2              7             3                           3               5               1
                                            MIR_2_R:       3              8             4                           4               5               3
                                            MIR_3_K:       -              3             1                           2               -               -
                                            MIR_3_R:       2              7             4                           7               4               3
                                            MIR_4_K:       -              2             1                           -               -               -
                                            MIR_4_R:       2              1             2                           4               3               1
                                            MIR_5_K:       1              -             -                           -               -               -
                                            MIR_5_R:       2              -             1                           -               1               2
                                            MIR_6_K:       -              1             -                           -               -               -
                                            MIR_6_R:       1              1             -                           -               2               1
                  NoOverlapCompletionTimeExhaustive:      44             63            35                          67              60              19
           NoOverlapCompletionTimeExhaustive_lifted:      26             46            25                          52              34              12
  NoOverlapCompletionTimeExhaustive_lifted_weighted:      55             49            47                          83              53              18
         NoOverlapCompletionTimeExhaustive_weighted:      56             89            69                         123              64              15
                    NoOverlapCompletionTimeQueyrane:      53             48            48                          93              40              21
             NoOverlapCompletionTimeQueyrane_lifted:      40             46            47                          73              36              21
                        NoOverlapDetectedPrecedence:       4              9             2                          21              12               -
                          NoOverlapDisjunctionOnEnd:       -              3             -                           6               5               -
                        NoOverlapDisjunctionOnStart:     133            164           137                         248             171              67
                                        ZERO_HALF_K:       -              1             -                           -               -               -
                                        ZERO_HALF_R:       5             17             9                           7               -               -

LNS stats                             Improv/Calls  Closed  Difficulty  TimeLimit
                    'graph_arc_lns':          6/11     73%    9.43e-01       0.10
                    'graph_cst_lns':         15/29     48%    8.83e-01       0.10
                    'graph_dec_lns':          6/32     53%    9.26e-01       0.10
                    'graph_var_lns':          7/32     44%    7.21e-01       0.10
                     'lb_relax_lns':           5/7     71%    8.87e-01       0.50
                        'rins/rens':           5/8     62%    8.49e-01       0.10
                      'rnd_cst_lns':          7/28     57%    9.52e-01       0.10
                      'rnd_var_lns':         10/14     64%    9.32e-01       0.10
         'scheduling_intervals_lns':           4/5      0%    6.07e-02       0.10
       'scheduling_precedences_lns':           4/6     33%    2.30e-01       0.10
  'scheduling_resource_windows_lns':          5/10     30%    8.40e-02       0.10
       'scheduling_time_window_lns':           4/6     17%    9.92e-02       0.10

LS stats                                    Batches  Restarts/Perturbs  LinMoves  GenMoves  CompoundMoves  Bactracks  WeightUpdates  ScoreComputed
              'ls_decay_compound_perturb':       20                 11        14    93'217          4'831     42'255          1'450      9'849'119
                         'ls_lin_restart':       30                 24       110    28'858              0          0         53'239      7'784'022
                'ls_lin_restart_compound':       49                 37         0   226'836          5'249    110'726          2'101     22'043'895
        'ls_lin_restart_compound_perturb':       33                 29         0   107'491          3'179     52'139          1'086     11'605'629
                   'ls_lin_restart_decay':       29                 27       102    45'852              0          0          8'742      6'865'162
          'ls_lin_restart_decay_compound':       25                 24         0    87'497          3'642     41'904            760     10'051'643
  'ls_lin_restart_decay_compound_perturb':       29                 28         0    98'597          4'302     47'117            860     11'663'931
           'ls_lin_restart_decay_perturb':       40                 25       247    99'085              0          0         17'120     13'421'616
                 'ls_lin_restart_perturb':       29                 26       118    30'393              0          0         52'641      8'273'199
                             'ls_restart':       50                 46       233    42'600              0          0         67'319     11'865'789
                    'ls_restart_compound':       69                 53         0   292'522          7'754    142'260          2'643     28'110'260
            'ls_restart_compound_perturb':       46                 37         0   174'412          4'038     85'123          1'390     16'501'265
                       'ls_restart_decay':       61                 56       276   104'335              0          0         16'205     15'178'896
              'ls_restart_decay_compound':       79                 62         0   330'016         16'465    156'631          2'391     34'464'803
      'ls_restart_decay_compound_perturb':       59                 44         0   240'806         11'878    114'385          1'614     23'171'080
               'ls_restart_decay_perturb':       42                 38       194    80'536              0          0         13'251     12'436'957
                     'ls_restart_perturb':       62                 45       238    62'838              0          0        104'978     17'477'947

Solutions (124)                             Num       Rank
                                   'core':    1      [2,2]
                          'graph_cst_lns':    2   [55,103]
                          'graph_dec_lns':    1  [115,115]
                    'lb_relax_lns_bool_h':    1    [98,98]
                            'ls_compound':    1    [99,99]
                         'ls_lin_restart':    5   [41,109]
                'ls_lin_restart_compound':    7   [12,106]
        'ls_lin_restart_compound_perturb':    6   [34,105]
                   'ls_lin_restart_decay':    6    [11,71]
          'ls_lin_restart_decay_compound':    3    [24,88]
  'ls_lin_restart_decay_compound_perturb':    6   [20,107]
           'ls_lin_restart_decay_perturb':    2    [79,80]
                 'ls_lin_restart_perturb':    2    [61,62]
                             'ls_restart':    6   [13,124]
                    'ls_restart_compound':    8    [3,111]
            'ls_restart_compound_perturb':   10    [7,120]
                       'ls_restart_decay':   15    [4,114]
              'ls_restart_decay_compound':    8   [18,110]
      'ls_restart_decay_compound_perturb':    9   [42,112]
               'ls_restart_decay_perturb':    6   [50,123]
                     'ls_restart_perturb':    8     [5,57]
                                  'no_lp':    1      [1,1]
                          'quick_restart':    4  [100,121]
                    'quick_restart_no_lp':    4  [101,122]
                            'rnd_var_lns':    2    [77,78]

Objective bounds                 Num
                   'bool_core':  142
              'initial_domain':    1
                      'max_lp':    5
         'objective_lb_search':    9
  'objective_lb_search_max_lp':   11

Solution repositories    Added  Queried  Synchro
  'feasible solutions':    638    1'006      372
   'fj solution hints':      0        0        0
        'lp solutions':    186        2      139
                'pump':    123        6

Improving bounds shared            Num  Sym
                        'core':    936    0
                  'default_lp':     33    0
                       'fixed':    217    0
              'lb_tree_search':    672    0
                      'max_lp':  1'010    0
                       'no_lp':    251    0
         'objective_lb_search':    241    0
  'objective_lb_search_max_lp':  1'182    0
   'objective_lb_search_no_lp':    245    0
                     'probing':    167    0
              'probing_max_lp':    198    0
               'probing_no_lp':    539    0
                'pseudo_costs':    912    0
               'quick_restart':    521    0
         'quick_restart_no_lp':    760    0
               'reduced_costs':  1'427    0

CpSolverResponse summary:
status: OPTIMAL
objective: 5377
best_bound: 5377
integers: 0
booleans: 0
conflicts: 0
branches: 0
propagations: 0
integer_propagations: 0
restarts: 0
lp_iterations: 0
walltime: 1.40319
usertime: 1.40319
deterministic_time: 65.3387
gap_integral: 320.352
solution_fingerprint: 0xda8f5c198c19668d

