
Starting CP-SAT solver v9.14.6206
Parameters: max_time_in_seconds: 300 log_search_progress: true num_search_workers: 104 relative_gap_limit: 0.005

Initial optimization model '': (model_fingerprint: 0x14d26302f0475175)
#Variables: 336 (#ints: 52 in objective) (264 primary variables)
  - 72 in [0,36594]
  - 64 in [25920,36594]
  - 200 in [27360,36594]
#kInterval: 136 (#fixed: 4)
#kLinMax: 72 (#expressions: 144)
#kLinear1: 20
#kLinear2: 112
#kNoOverlap: 10 (#intervals: 136, #fixed_intervals: 4)

Starting presolve at 0.00s
  5.56e-05s  0.00e+00d  [DetectDominanceRelations] 
  1.25e-03s  0.00e+00d  [PresolveToFixPoint] #num_loops=10 #num_dual_strengthening=1 
  2.27e-06s  0.00e+00d  [ExtractEncodingFromLinear] 
  1.05e-05s  0.00e+00d  [DetectDuplicateColumns] 
  5.04e-05s  0.00e+00d  [DetectDuplicateConstraints] 
[Symmetry] Graph for symmetry has 736 nodes and 651 arcs.
[Symmetry] Symmetry computation done. time: 6.1957e-05 dtime: 6.845e-05
  4.68e-05s  0.00e+00d  [DetectDuplicateConstraintsWithDifferentEnforcements] 
  4.21e-04s  5.43e-06d  [Probe] #new_bounds=29 
  2.22e-06s  0.00e+00d  [MaxClique] 
  4.68e-05s  0.00e+00d  [DetectDominanceRelations] 
  3.01e-04s  0.00e+00d  [PresolveToFixPoint] #num_loops=2 #num_dual_strengthening=1 
  1.78e-05s  0.00e+00d  [ProcessAtMostOneAndLinear] 
  3.97e-05s  0.00e+00d  [DetectDuplicateConstraints] 
  3.66e-05s  0.00e+00d  [DetectDuplicateConstraintsWithDifferentEnforcements] 
  1.92e-05s  7.62e-07d  [DetectDominatedLinearConstraints] #relevant_constraints=127 
  1.89e-05s  0.00e+00d  [DetectDifferentVariables] 
  1.99e-06s  0.00e+00d  [ProcessSetPPC] 
  2.08e-06s  0.00e+00d  [FindAlmostIdenticalLinearConstraints] 
  7.84e-06s  0.00e+00d  [FindBigAtMostOneAndLinearOverlap] 
  1.07e-05s  4.70e-06d  [FindBigVerticalLinearOverlap] 
  1.77e-06s  0.00e+00d  [FindBigHorizontalLinearOverlap] 
  1.40e-06s  0.00e+00d  [MergeClauses] 
  4.19e-05s  0.00e+00d  [DetectDominanceRelations] 
  2.11e-04s  0.00e+00d  [PresolveToFixPoint] #num_loops=1 #num_dual_strengthening=1 
  4.01e-05s  0.00e+00d  [DetectDominanceRelations] 
  2.08e-04s  0.00e+00d  [PresolveToFixPoint] #num_loops=1 #num_dual_strengthening=1 
  8.56e-06s  0.00e+00d  [DetectDuplicateColumns] 
  3.74e-05s  0.00e+00d  [DetectDuplicateConstraints] 
[Symmetry] Graph for symmetry has 727 nodes and 640 arcs.
[Symmetry] Symmetry computation done. time: 4.6802e-05 dtime: 6.758e-05
  3.99e-05s  0.00e+00d  [DetectDuplicateConstraintsWithDifferentEnforcements] 
  2.97e-04s  1.62e-06d  [Probe] 
  1.32e-06s  0.00e+00d  [MaxClique] 
  4.45e-05s  0.00e+00d  [DetectDominanceRelations] 
  2.37e-04s  0.00e+00d  [PresolveToFixPoint] #num_loops=1 #num_dual_strengthening=1 
  1.67e-05s  0.00e+00d  [ProcessAtMostOneAndLinear] 
  3.79e-05s  0.00e+00d  [DetectDuplicateConstraints] 
  3.61e-05s  0.00e+00d  [DetectDuplicateConstraintsWithDifferentEnforcements] 
  1.64e-05s  7.62e-07d  [DetectDominatedLinearConstraints] #relevant_constraints=127 
  1.73e-05s  0.00e+00d  [DetectDifferentVariables] 
  1.53e-06s  0.00e+00d  [ProcessSetPPC] 
  1.89e-06s  0.00e+00d  [FindAlmostIdenticalLinearConstraints] 
  7.34e-06s  0.00e+00d  [FindBigAtMostOneAndLinearOverlap] 
  9.92e-06s  4.70e-06d  [FindBigVerticalLinearOverlap] 
  1.47e-06s  0.00e+00d  [FindBigHorizontalLinearOverlap] 
  1.15e-06s  0.00e+00d  [MergeClauses] 
  4.10e-05s  0.00e+00d  [DetectDominanceRelations] 
  2.09e-04s  0.00e+00d  [PresolveToFixPoint] #num_loops=1 #num_dual_strengthening=1 
  1.18e-05s  0.00e+00d  [ExpandObjective] 

Presolve summary:
  - 169 affine relations were detected.
  - rule 'TODO dual: only one blocking constraint?' was applied 212 times.
  - rule 'TODO dual: only one unspecified blocking constraint?' was applied 91 times.
  - rule 'affine: new relation' was applied 169 times.
  - rule 'intervals: removed unused interval' was applied 4 times.
  - rule 'lin_max: converted abs to equality' was applied 32 times.
  - rule 'lin_max: converted to equality' was applied 8 times.
  - rule 'lin_max: propagate domain from x to abs(x)' was applied 32 times.
  - rule 'lin_max: removed exprs' was applied 8 times.
  - rule 'lin_max: rewrite with precedences' was applied 16 times.
  - rule 'lin_max: target domain reduced' was applied 40 times.
  - rule 'lin_max: unused affine target' was applied 16 times.
  - rule 'linear1: x in domain' was applied 17 times.
  - rule 'linear: always true' was applied 23 times.
  - rule 'linear: fixed or dup variables' was applied 4 times.
  - rule 'linear: reduced variable domains' was applied 632 times.
  - rule 'linear: remapped using affine relations' was applied 353 times.
  - rule 'linear: tightened into equality' was applied 1 time.
  - rule 'no_overlap: split into disjoint components' was applied 4 times.
  - rule 'presolve: 4 unused variables removed.' was applied 1 time.
  - rule 'presolve: iteration' was applied 2 times.

Presolved optimization model '': (model_fingerprint: 0xd0a02c557b9f96e4)
#Variables: 147 (#ints: 47 in objective) (132 primary variables)
  - 136 different domains in [0,36573] with a largest complexity of 1.
#kInterval: 132
#kLinear2: 127
#kNoOverlap: 10 (#intervals: 132)
[Symmetry] Graph for symmetry has 538 nodes and 640 arcs.
[Symmetry] Symmetry computation done. time: 3.8481e-05 dtime: 5.624e-05

Preloading model.
#Bound   0.01s best:inf   next:[7477,458891] initial_domain
#Model   0.01s var:147/147 constraints:269/269

Starting search at 0.01s with 104 workers.
18 full problem subsolvers: [core, default_lp, fixed, lb_tree_search, max_lp, no_lp, objective_lb_search, objective_lb_search_max_lp, objective_lb_search_no_lp, objective_shaving_max_lp, objective_shaving_no_lp, probing, probing_max_lp, probing_no_lp, pseudo_costs, quick_restart, quick_restart_no_lp, reduced_costs]
86 first solution subsolvers: [fj(25), fj_lin(12), fs_random(12), fs_random_no_lp(13), fs_random_quick_restart(12), fs_random_quick_restart_no_lp(12)]
45 interleaved subsolvers: [feasibility_pump, graph_arc_lns, graph_cst_lns, graph_dec_lns, graph_var_lns, lb_relax_lns, ls(19), ls_lin(10), rins/rens, rnd_cst_lns, rnd_var_lns, scheduling_intervals_lns, scheduling_precedences_lns, scheduling_resource_windows_lns, scheduling_time_window_lns, variables_shaving, variables_shaving_max_lp, variables_shaving_no_lp]
3 helper subsolvers: [neighborhood_helper, synchronization_agent, update_gap_integral]

#Bound   0.01s best:inf   next:[7479,458891] bool_core (num_cores=1 [size:2 mw:2 d:1] a=46 d=1 fixed=0/47 clauses=0)
#1       0.01s best:11221 next:[7479,11220] no_lp
#Bound   0.01s best:11221 next:[7481,11220] bool_core (num_cores=1 [cover] a=46 d=1 fixed=0/50 clauses=1)
#Bound   0.01s best:11221 next:[7483,11220] bool_core (num_cores=1 [cover] a=46 d=1 fixed=1/53 clauses=3)
#Bound   0.01s best:11221 next:[7485,11220] bool_core (num_cores=1 [cover] a=46 d=1 fixed=2/56 clauses=6)
#Bound   0.01s best:11221 next:[7487,11220] bool_core (num_cores=1 [cover] a=46 d=1 fixed=3/59 clauses=10)
#Bound   0.01s best:11221 next:[7489,11220] bool_core (num_cores=1 [cover] a=46 d=1 fixed=4/62 clauses=15)
#Bound   0.01s best:11221 next:[7491,11220] bool_core (num_cores=1 [cover] a=46 d=1 fixed=5/65 clauses=21)
#Bound   0.01s best:11221 next:[7493,11220] bool_core (num_cores=1 [cover] a=46 d=1 fixed=6/68 clauses=28)
#Bound   0.01s best:11221 next:[7495,11220] bool_core (num_cores=1 [cover] a=46 d=1 fixed=7/71 clauses=36)
#Bound   0.01s best:11221 next:[7497,11220] bool_core (num_cores=1 [cover] a=46 d=1 fixed=8/74 clauses=45)
#Bound   0.01s best:11221 next:[7499,11220] bool_core (num_cores=1 [cover] a=46 d=1 fixed=9/77 clauses=55)
#Bound   0.01s best:11221 next:[7501,11220] bool_core (num_cores=1 [cover] a=46 d=1 fixed=10/80 clauses=66)
#Bound   0.01s best:11221 next:[7503,11220] bool_core (num_cores=1 [cover] a=46 d=1 fixed=11/83 clauses=78)
#Bound   0.01s best:11221 next:[7505,11220] bool_core (num_cores=1 [cover] a=46 d=1 fixed=12/86 clauses=91)
#Bound   0.01s best:11221 next:[7507,11220] bool_core (num_cores=1 [cover] a=46 d=1 fixed=13/89 clauses=105)
#Bound   0.01s best:11221 next:[7509,11220] bool_core (num_cores=1 [cover] a=46 d=1 fixed=14/92 clauses=120)
#Bound   0.01s best:11221 next:[7511,11220] bool_core (num_cores=1 [cover] a=46 d=1 fixed=15/95 clauses=136)
#Bound   0.01s best:11221 next:[7513,11220] bool_core (num_cores=1 [cover] a=46 d=1 fixed=16/98 clauses=153)
#Bound   0.01s best:11221 next:[7515,11220] bool_core (num_cores=1 [cover] a=46 d=1 fixed=17/101 clauses=171)
#Bound   0.01s best:11221 next:[7517,11220] bool_core (num_cores=1 [cover] a=46 d=1 fixed=18/104 clauses=190)
#2       0.01s best:10589 next:[9122,10588] no_lp
#3       0.01s best:10272 next:[9122,10271] quick_restart
#4       0.03s best:10222 next:[9262,10221] quick_restart
#5       0.03s best:10194 next:[9262,10193] graph_cst_lns (d=5.00e-01 s=25 t=0.10 p=0.00 stall=0 h=base) [combined with: fixed...]
#6       0.03s best:10166 next:[9262,10165] no_lp
#7       0.04s best:10136 next:[9262,10135] no_lp
#8       0.04s best:10092 next:[9262,10091] rnd_cst_lns (d=7.07e-01 s=89 t=0.10 p=1.00 stall=1 h=base)
#9       0.04s best:10062 next:[9262,10061] rnd_cst_lns (d=7.07e-01 s=89 t=0.10 p=1.00 stall=1 h=base) [combined with: no_lp...]
#10      0.04s best:9817  next:[9262,9816] rins_pump_lns (d=5.00e-01 s=74 t=0.10 p=0.00 stall=0 h=base)
#11      0.04s best:9771  next:[9262,9770] ls_restart_decay_compound_perturb(batch:1 lin{mvs:0 evals:7} gen{mvs:3 evals:74} comp{mvs:3 btracks:0} #w_updates:0 #perturb:0)
#12      0.05s best:9765  next:[9262,9764] quick_restart_no_lp
#13      0.05s best:9746  next:[9262,9745] fixed
#14      0.07s best:9720  next:[9262,9719] quick_restart
#15      0.10s best:9665  next:[9262,9664] fixed
#16      0.12s best:9639  next:[9262,9638] ls_restart(batch:1 lin{mvs:5 evals:59} gen{mvs:5 evals:81} #w_updates:0 #perturb:0)
#17      0.13s best:9605  next:[9262,9604] quick_restart_no_lp
#18      0.14s best:9600  next:[9263,9599] rnd_cst_lns (d=8.76e-01 s=184 t=0.10 p=1.00 stall=1 h=base)
#19      0.21s best:9590  next:[9314,9589] quick_restart
#20      0.21s best:9585  next:[9322,9584] ls_restart_decay_perturb(batch:1 lin{mvs:4 evals:76} gen{mvs:15 evals:288} #w_updates:2 #perturb:0)
#21      0.23s best:9547  next:[9322,9546] quick_restart_no_lp
#22      0.24s best:9543  next:[9322,9542] ls_lin_restart_decay_perturb(batch:1 lin{mvs:5 evals:144} gen{mvs:76 evals:1'348} #w_updates:48 #perturb:0)
#23      0.24s best:9493  next:[9322,9492] ls_lin_restart(batch:1 lin{mvs:3 evals:50} gen{mvs:8 evals:160} #w_updates:1 #perturb:0)
#24      0.30s best:9488  next:[9403,9487] probing_no_lp
#25      0.32s best:9483  next:[9403,9482] quick_restart
Relative gap limit of 0.005 reached.
#Bound   0.39s best:9483  next:[9446,9482] objective_lb_search_max_lp [skipped_logs=31]

Task timing                                  n [     min,      max]      avg      dev     time         n [     min,      max]      avg      dev    dtime
                             'core':         1 [378.66ms, 378.66ms] 378.66ms   0.00ns 378.66ms         1 [290.57ms, 290.57ms] 290.57ms   0.00ns 290.57ms
                       'default_lp':         1 [376.93ms, 376.93ms] 376.93ms   0.00ns 376.93ms         1 [ 47.66ms,  47.66ms]  47.66ms   0.00ns  47.66ms
                 'feasibility_pump':       161 [ 39.36us, 796.22us]  77.80us  73.76us  12.53ms       160 [ 19.17us, 132.14us]  19.88us   8.90us   3.18ms
                            'fixed':         1 [378.80ms, 378.80ms] 378.80ms   0.00ns 378.80ms         1 [122.52ms, 122.52ms] 122.52ms   0.00ns 122.52ms
                               'fj':         0 [  0.00ns,   0.00ns]   0.00ns   0.00ns   0.00ns         0 [  0.00ns,   0.00ns]   0.00ns   0.00ns   0.00ns
                               'fj':         0 [  0.00ns,   0.00ns]   0.00ns   0.00ns   0.00ns         0 [  0.00ns,   0.00ns]   0.00ns   0.00ns   0.00ns
                               'fj':         0 [  0.00ns,   0.00ns]   0.00ns   0.00ns   0.00ns         0 [  0.00ns,   0.00ns]   0.00ns   0.00ns   0.00ns
                               'fj':         0 [  0.00ns,   0.00ns]   0.00ns   0.00ns   0.00ns         0 [  0.00ns,   0.00ns]   0.00ns   0.00ns   0.00ns
                               'fj':         0 [  0.00ns,   0.00ns]   0.00ns   0.00ns   0.00ns         0 [  0.00ns,   0.00ns]   0.00ns   0.00ns   0.00ns
                               'fj':         0 [  0.00ns,   0.00ns]   0.00ns   0.00ns   0.00ns         0 [  0.00ns,   0.00ns]   0.00ns   0.00ns   0.00ns
                               'fj':         0 [  0.00ns,   0.00ns]   0.00ns   0.00ns   0.00ns         0 [  0.00ns,   0.00ns]   0.00ns   0.00ns   0.00ns
                               'fj':         0 [  0.00ns,   0.00ns]   0.00ns   0.00ns   0.00ns         0 [  0.00ns,   0.00ns]   0.00ns   0.00ns   0.00ns
                               'fj':         0 [  0.00ns,   0.00ns]   0.00ns   0.00ns   0.00ns         0 [  0.00ns,   0.00ns]   0.00ns   0.00ns   0.00ns
                               'fj':         0 [  0.00ns,   0.00ns]   0.00ns   0.00ns   0.00ns         0 [  0.00ns,   0.00ns]   0.00ns   0.00ns   0.00ns
                               'fj':         0 [  0.00ns,   0.00ns]   0.00ns   0.00ns   0.00ns         0 [  0.00ns,   0.00ns]   0.00ns   0.00ns   0.00ns
                               'fj':         0 [  0.00ns,   0.00ns]   0.00ns   0.00ns   0.00ns         0 [  0.00ns,   0.00ns]   0.00ns   0.00ns   0.00ns
                               'fj':         0 [  0.00ns,   0.00ns]   0.00ns   0.00ns   0.00ns         0 [  0.00ns,   0.00ns]   0.00ns   0.00ns   0.00ns
                               'fj':         0 [  0.00ns,   0.00ns]   0.00ns   0.00ns   0.00ns         0 [  0.00ns,   0.00ns]   0.00ns   0.00ns   0.00ns
                               'fj':         0 [  0.00ns,   0.00ns]   0.00ns   0.00ns   0.00ns         0 [  0.00ns,   0.00ns]   0.00ns   0.00ns   0.00ns
                               'fj':         0 [  0.00ns,   0.00ns]   0.00ns   0.00ns   0.00ns         0 [  0.00ns,   0.00ns]   0.00ns   0.00ns   0.00ns
                               'fj':         0 [  0.00ns,   0.00ns]   0.00ns   0.00ns   0.00ns         0 [  0.00ns,   0.00ns]   0.00ns   0.00ns   0.00ns
                               'fj':         0 [  0.00ns,   0.00ns]   0.00ns   0.00ns   0.00ns         0 [  0.00ns,   0.00ns]   0.00ns   0.00ns   0.00ns
                               'fj':         0 [  0.00ns,   0.00ns]   0.00ns   0.00ns   0.00ns         0 [  0.00ns,   0.00ns]   0.00ns   0.00ns   0.00ns
                               'fj':         0 [  0.00ns,   0.00ns]   0.00ns   0.00ns   0.00ns         0 [  0.00ns,   0.00ns]   0.00ns   0.00ns   0.00ns
                               'fj':         0 [  0.00ns,   0.00ns]   0.00ns   0.00ns   0.00ns         0 [  0.00ns,   0.00ns]   0.00ns   0.00ns   0.00ns
                               'fj':         0 [  0.00ns,   0.00ns]   0.00ns   0.00ns   0.00ns         0 [  0.00ns,   0.00ns]   0.00ns   0.00ns   0.00ns
                               'fj':         0 [  0.00ns,   0.00ns]   0.00ns   0.00ns   0.00ns         0 [  0.00ns,   0.00ns]   0.00ns   0.00ns   0.00ns
                               'fj':         0 [  0.00ns,   0.00ns]   0.00ns   0.00ns   0.00ns         0 [  0.00ns,   0.00ns]   0.00ns   0.00ns   0.00ns
                               'fj':         0 [  0.00ns,   0.00ns]   0.00ns   0.00ns   0.00ns         0 [  0.00ns,   0.00ns]   0.00ns   0.00ns   0.00ns
                           'fj_lin':         0 [  0.00ns,   0.00ns]   0.00ns   0.00ns   0.00ns         0 [  0.00ns,   0.00ns]   0.00ns   0.00ns   0.00ns
                           'fj_lin':         0 [  0.00ns,   0.00ns]   0.00ns   0.00ns   0.00ns         0 [  0.00ns,   0.00ns]   0.00ns   0.00ns   0.00ns
                           'fj_lin':         0 [  0.00ns,   0.00ns]   0.00ns   0.00ns   0.00ns         0 [  0.00ns,   0.00ns]   0.00ns   0.00ns   0.00ns
                           'fj_lin':         0 [  0.00ns,   0.00ns]   0.00ns   0.00ns   0.00ns         0 [  0.00ns,   0.00ns]   0.00ns   0.00ns   0.00ns
                           'fj_lin':         0 [  0.00ns,   0.00ns]   0.00ns   0.00ns   0.00ns         0 [  0.00ns,   0.00ns]   0.00ns   0.00ns   0.00ns
                           'fj_lin':         0 [  0.00ns,   0.00ns]   0.00ns   0.00ns   0.00ns         0 [  0.00ns,   0.00ns]   0.00ns   0.00ns   0.00ns
                           'fj_lin':         0 [  0.00ns,   0.00ns]   0.00ns   0.00ns   0.00ns         0 [  0.00ns,   0.00ns]   0.00ns   0.00ns   0.00ns
                           'fj_lin':         0 [  0.00ns,   0.00ns]   0.00ns   0.00ns   0.00ns         0 [  0.00ns,   0.00ns]   0.00ns   0.00ns   0.00ns
                           'fj_lin':         0 [  0.00ns,   0.00ns]   0.00ns   0.00ns   0.00ns         0 [  0.00ns,   0.00ns]   0.00ns   0.00ns   0.00ns
                           'fj_lin':         0 [  0.00ns,   0.00ns]   0.00ns   0.00ns   0.00ns         0 [  0.00ns,   0.00ns]   0.00ns   0.00ns   0.00ns
                           'fj_lin':         0 [  0.00ns,   0.00ns]   0.00ns   0.00ns   0.00ns         0 [  0.00ns,   0.00ns]   0.00ns   0.00ns   0.00ns
                           'fj_lin':         0 [  0.00ns,   0.00ns]   0.00ns   0.00ns   0.00ns         0 [  0.00ns,   0.00ns]   0.00ns   0.00ns   0.00ns
                        'fs_random':         0 [  0.00ns,   0.00ns]   0.00ns   0.00ns   0.00ns         0 [  0.00ns,   0.00ns]   0.00ns   0.00ns   0.00ns
                        'fs_random':         0 [  0.00ns,   0.00ns]   0.00ns   0.00ns   0.00ns         0 [  0.00ns,   0.00ns]   0.00ns   0.00ns   0.00ns
                        'fs_random':         0 [  0.00ns,   0.00ns]   0.00ns   0.00ns   0.00ns         0 [  0.00ns,   0.00ns]   0.00ns   0.00ns   0.00ns
                        'fs_random':         0 [  0.00ns,   0.00ns]   0.00ns   0.00ns   0.00ns         0 [  0.00ns,   0.00ns]   0.00ns   0.00ns   0.00ns
                        'fs_random':         0 [  0.00ns,   0.00ns]   0.00ns   0.00ns   0.00ns         0 [  0.00ns,   0.00ns]   0.00ns   0.00ns   0.00ns
                        'fs_random':         0 [  0.00ns,   0.00ns]   0.00ns   0.00ns   0.00ns         0 [  0.00ns,   0.00ns]   0.00ns   0.00ns   0.00ns
                        'fs_random':         0 [  0.00ns,   0.00ns]   0.00ns   0.00ns   0.00ns         0 [  0.00ns,   0.00ns]   0.00ns   0.00ns   0.00ns
                        'fs_random':         0 [  0.00ns,   0.00ns]   0.00ns   0.00ns   0.00ns         0 [  0.00ns,   0.00ns]   0.00ns   0.00ns   0.00ns
                        'fs_random':         0 [  0.00ns,   0.00ns]   0.00ns   0.00ns   0.00ns         0 [  0.00ns,   0.00ns]   0.00ns   0.00ns   0.00ns
                        'fs_random':         0 [  0.00ns,   0.00ns]   0.00ns   0.00ns   0.00ns         0 [  0.00ns,   0.00ns]   0.00ns   0.00ns   0.00ns
                        'fs_random':         0 [  0.00ns,   0.00ns]   0.00ns   0.00ns   0.00ns         0 [  0.00ns,   0.00ns]   0.00ns   0.00ns   0.00ns
                        'fs_random':         0 [  0.00ns,   0.00ns]   0.00ns   0.00ns   0.00ns         0 [  0.00ns,   0.00ns]   0.00ns   0.00ns   0.00ns
                  'fs_random_no_lp':         0 [  0.00ns,   0.00ns]   0.00ns   0.00ns   0.00ns         0 [  0.00ns,   0.00ns]   0.00ns   0.00ns   0.00ns
                  'fs_random_no_lp':         0 [  0.00ns,   0.00ns]   0.00ns   0.00ns   0.00ns         0 [  0.00ns,   0.00ns]   0.00ns   0.00ns   0.00ns
                  'fs_random_no_lp':         0 [  0.00ns,   0.00ns]   0.00ns   0.00ns   0.00ns         0 [  0.00ns,   0.00ns]   0.00ns   0.00ns   0.00ns
                  'fs_random_no_lp':         0 [  0.00ns,   0.00ns]   0.00ns   0.00ns   0.00ns         0 [  0.00ns,   0.00ns]   0.00ns   0.00ns   0.00ns
                  'fs_random_no_lp':         0 [  0.00ns,   0.00ns]   0.00ns   0.00ns   0.00ns         0 [  0.00ns,   0.00ns]   0.00ns   0.00ns   0.00ns
                  'fs_random_no_lp':         0 [  0.00ns,   0.00ns]   0.00ns   0.00ns   0.00ns         0 [  0.00ns,   0.00ns]   0.00ns   0.00ns   0.00ns
                  'fs_random_no_lp':         0 [  0.00ns,   0.00ns]   0.00ns   0.00ns   0.00ns         0 [  0.00ns,   0.00ns]   0.00ns   0.00ns   0.00ns
                  'fs_random_no_lp':         0 [  0.00ns,   0.00ns]   0.00ns   0.00ns   0.00ns         0 [  0.00ns,   0.00ns]   0.00ns   0.00ns   0.00ns
                  'fs_random_no_lp':         0 [  0.00ns,   0.00ns]   0.00ns   0.00ns   0.00ns         0 [  0.00ns,   0.00ns]   0.00ns   0.00ns   0.00ns
                  'fs_random_no_lp':         0 [  0.00ns,   0.00ns]   0.00ns   0.00ns   0.00ns         0 [  0.00ns,   0.00ns]   0.00ns   0.00ns   0.00ns
                  'fs_random_no_lp':         0 [  0.00ns,   0.00ns]   0.00ns   0.00ns   0.00ns         0 [  0.00ns,   0.00ns]   0.00ns   0.00ns   0.00ns
                  'fs_random_no_lp':         0 [  0.00ns,   0.00ns]   0.00ns   0.00ns   0.00ns         0 [  0.00ns,   0.00ns]   0.00ns   0.00ns   0.00ns
                  'fs_random_no_lp':         0 [  0.00ns,   0.00ns]   0.00ns   0.00ns   0.00ns         0 [  0.00ns,   0.00ns]   0.00ns   0.00ns   0.00ns
          'fs_random_quick_restart':         0 [  0.00ns,   0.00ns]   0.00ns   0.00ns   0.00ns         0 [  0.00ns,   0.00ns]   0.00ns   0.00ns   0.00ns
          'fs_random_quick_restart':         0 [  0.00ns,   0.00ns]   0.00ns   0.00ns   0.00ns         0 [  0.00ns,   0.00ns]   0.00ns   0.00ns   0.00ns
          'fs_random_quick_restart':         0 [  0.00ns,   0.00ns]   0.00ns   0.00ns   0.00ns         0 [  0.00ns,   0.00ns]   0.00ns   0.00ns   0.00ns
          'fs_random_quick_restart':         0 [  0.00ns,   0.00ns]   0.00ns   0.00ns   0.00ns         0 [  0.00ns,   0.00ns]   0.00ns   0.00ns   0.00ns
          'fs_random_quick_restart':         0 [  0.00ns,   0.00ns]   0.00ns   0.00ns   0.00ns         0 [  0.00ns,   0.00ns]   0.00ns   0.00ns   0.00ns
          'fs_random_quick_restart':         0 [  0.00ns,   0.00ns]   0.00ns   0.00ns   0.00ns         0 [  0.00ns,   0.00ns]   0.00ns   0.00ns   0.00ns
          'fs_random_quick_restart':         0 [  0.00ns,   0.00ns]   0.00ns   0.00ns   0.00ns         0 [  0.00ns,   0.00ns]   0.00ns   0.00ns   0.00ns
          'fs_random_quick_restart':         0 [  0.00ns,   0.00ns]   0.00ns   0.00ns   0.00ns         0 [  0.00ns,   0.00ns]   0.00ns   0.00ns   0.00ns
          'fs_random_quick_restart':         0 [  0.00ns,   0.00ns]   0.00ns   0.00ns   0.00ns         0 [  0.00ns,   0.00ns]   0.00ns   0.00ns   0.00ns
          'fs_random_quick_restart':         0 [  0.00ns,   0.00ns]   0.00ns   0.00ns   0.00ns         0 [  0.00ns,   0.00ns]   0.00ns   0.00ns   0.00ns
          'fs_random_quick_restart':         0 [  0.00ns,   0.00ns]   0.00ns   0.00ns   0.00ns         0 [  0.00ns,   0.00ns]   0.00ns   0.00ns   0.00ns
          'fs_random_quick_restart':         0 [  0.00ns,   0.00ns]   0.00ns   0.00ns   0.00ns         0 [  0.00ns,   0.00ns]   0.00ns   0.00ns   0.00ns
    'fs_random_quick_restart_no_lp':         0 [  0.00ns,   0.00ns]   0.00ns   0.00ns   0.00ns         0 [  0.00ns,   0.00ns]   0.00ns   0.00ns   0.00ns
    'fs_random_quick_restart_no_lp':         0 [  0.00ns,   0.00ns]   0.00ns   0.00ns   0.00ns         0 [  0.00ns,   0.00ns]   0.00ns   0.00ns   0.00ns
    'fs_random_quick_restart_no_lp':         0 [  0.00ns,   0.00ns]   0.00ns   0.00ns   0.00ns         0 [  0.00ns,   0.00ns]   0.00ns   0.00ns   0.00ns
    'fs_random_quick_restart_no_lp':         0 [  0.00ns,   0.00ns]   0.00ns   0.00ns   0.00ns         0 [  0.00ns,   0.00ns]   0.00ns   0.00ns   0.00ns
    'fs_random_quick_restart_no_lp':         0 [  0.00ns,   0.00ns]   0.00ns   0.00ns   0.00ns         0 [  0.00ns,   0.00ns]   0.00ns   0.00ns   0.00ns
    'fs_random_quick_restart_no_lp':         0 [  0.00ns,   0.00ns]   0.00ns   0.00ns   0.00ns         0 [  0.00ns,   0.00ns]   0.00ns   0.00ns   0.00ns
    'fs_random_quick_restart_no_lp':         0 [  0.00ns,   0.00ns]   0.00ns   0.00ns   0.00ns         0 [  0.00ns,   0.00ns]   0.00ns   0.00ns   0.00ns
    'fs_random_quick_restart_no_lp':         0 [  0.00ns,   0.00ns]   0.00ns   0.00ns   0.00ns         0 [  0.00ns,   0.00ns]   0.00ns   0.00ns   0.00ns
    'fs_random_quick_restart_no_lp':         0 [  0.00ns,   0.00ns]   0.00ns   0.00ns   0.00ns         0 [  0.00ns,   0.00ns]   0.00ns   0.00ns   0.00ns
    'fs_random_quick_restart_no_lp':         0 [  0.00ns,   0.00ns]   0.00ns   0.00ns   0.00ns         0 [  0.00ns,   0.00ns]   0.00ns   0.00ns   0.00ns
    'fs_random_quick_restart_no_lp':         0 [  0.00ns,   0.00ns]   0.00ns   0.00ns   0.00ns         0 [  0.00ns,   0.00ns]   0.00ns   0.00ns   0.00ns
    'fs_random_quick_restart_no_lp':         0 [  0.00ns,   0.00ns]   0.00ns   0.00ns   0.00ns         0 [  0.00ns,   0.00ns]   0.00ns   0.00ns   0.00ns
                    'graph_arc_lns':         8 [  3.80ms, 361.06ms] 169.06ms 146.06ms    1.35s         8 [315.36us, 100.08ms]  46.76ms  43.66ms 374.05ms
                    'graph_cst_lns':        10 [  6.46ms, 351.50ms] 134.45ms 144.34ms    1.34s        10 [183.09us, 100.01ms]  35.74ms  40.74ms 357.41ms
                    'graph_dec_lns':         9 [  2.05ms, 356.49ms] 127.39ms 134.22ms    1.15s         9 [ 18.81us, 100.02ms]  37.54ms  40.07ms 337.83ms
                    'graph_var_lns':         7 [  2.39ms, 363.32ms] 161.78ms 139.84ms    1.13s         7 [ 30.01us, 100.04ms]  53.94ms  44.36ms 377.59ms
                     'lb_relax_lns':         6 [140.11us, 381.15ms] 226.83ms 164.88ms    1.36s         4 [ 50.81ms, 136.93ms]  90.06ms  34.16ms 360.26ms
                   'lb_tree_search':         1 [387.03ms, 387.03ms] 387.03ms   0.00ns 387.03ms         1 [ 28.12ms,  28.12ms]  28.12ms   0.00ns  28.12ms
                               'ls':         7 [  1.29ms,  66.76ms]  52.55ms  21.24ms 367.86ms         7 [  1.86ms, 100.13ms]  83.49ms  33.89ms 584.43ms
                               'ls':         7 [ 13.18ms,  60.20ms]  52.56ms  16.10ms 367.93ms         7 [ 18.43ms, 100.04ms]  88.37ms  28.55ms 618.58ms
                               'ls':         7 [ 14.40ms,  62.21ms]  52.78ms  15.78ms 369.43ms         7 [ 19.96ms, 100.16ms]  88.63ms  28.04ms 620.42ms
                               'ls':         7 [ 15.06ms,  62.77ms]  53.22ms  15.67ms 372.53ms         7 [ 15.99ms, 100.18ms]  88.07ms  29.43ms 616.48ms
                               'ls':         7 [ 17.98ms,  61.63ms]  52.75ms  14.30ms 369.22ms         7 [ 27.44ms, 100.12ms]  89.68ms  25.41ms 627.78ms
                               'ls':         7 [ 19.44ms,  60.78ms]  52.95ms  13.75ms 370.62ms         7 [ 25.43ms, 100.07ms]  89.38ms  26.11ms 625.67ms
                               'ls':         7 [ 21.70ms,  59.72ms]  52.95ms  12.81ms 370.62ms         7 [ 28.06ms, 100.15ms]  89.75ms  25.18ms 628.26ms
                               'ls':         7 [ 24.28ms,  60.05ms]  53.41ms  11.95ms 373.85ms         7 [ 30.09ms, 100.15ms]  90.08ms  24.49ms 630.53ms
                               'ls':         7 [ 28.27ms,  62.24ms]  52.97ms  11.46ms 370.81ms         7 [ 37.41ms, 100.24ms]  91.16ms  21.95ms 638.12ms
                               'ls':         7 [ 28.41ms,  61.55ms]  52.80ms  11.19ms 369.59ms         7 [ 39.82ms, 100.11ms]  91.45ms  21.08ms 640.15ms
                               'ls':         7 [ 30.33ms,  60.95ms]  52.78ms  10.88ms 369.47ms         7 [ 46.62ms, 100.18ms]  92.44ms  18.71ms 647.08ms
                               'ls':         7 [ 36.17ms,  59.78ms]  53.50ms   8.55ms 374.47ms         7 [ 45.84ms, 100.14ms]  92.34ms  18.98ms 646.36ms
                               'ls':         7 [ 39.04ms,  59.39ms]  53.49ms   7.68ms 374.46ms         7 [ 52.31ms, 100.17ms]  93.26ms  16.72ms 652.80ms
                               'ls':         8 [ 10.34ms,  58.45ms]  46.28ms  16.87ms 370.28ms         8 [  8.51ms, 100.09ms]  88.60ms  30.27ms 708.83ms
                               'ls':         8 [462.14us,  62.03ms]  46.45ms  21.11ms 371.61ms         8 [560.28us, 100.15ms]  83.80ms  33.03ms 670.43ms
                               'ls':         8 [463.36us,  59.66ms]  46.74ms  19.03ms 373.91ms         8 [508.23us, 100.10ms]  81.36ms  32.72ms 650.88ms
                               'ls':         9 [ 17.46ms,  45.37ms]  41.12ms   8.44ms 370.07ms         9 [ 32.41ms, 100.15ms]  92.54ms  21.26ms 832.82ms
                               'ls':         9 [ 23.76ms,  62.99ms]  41.07ms  15.91ms 369.60ms         9 [ 44.10ms, 100.16ms]  93.85ms  17.59ms 844.63ms
                               'ls':        14 [ 24.05ms,  34.61ms]  26.29ms   2.37ms 368.12ms        14 [ 52.83ms, 100.16ms]  96.70ms  12.17ms    1.35s
                           'ls_lin':         7 [  5.26ms,  63.46ms]  52.35ms  19.34ms 366.42ms         7 [  5.22ms, 100.09ms]  86.50ms  33.18ms 605.49ms
                           'ls_lin':         7 [  9.55ms,  63.03ms]  52.48ms  17.62ms 367.37ms         7 [ 11.80ms, 100.16ms]  87.47ms  30.89ms 612.27ms
                           'ls_lin':         7 [ 17.37ms,  62.83ms]  52.93ms  15.27ms 370.53ms         7 [ 18.44ms, 100.11ms]  88.40ms  28.56ms 618.79ms
                           'ls_lin':         7 [ 18.49ms,  59.62ms]  52.83ms  14.05ms 369.84ms         7 [ 22.70ms, 100.12ms]  89.02ms  27.08ms 623.12ms
                           'ls_lin':         7 [ 24.35ms,  59.32ms]  53.02ms  11.75ms 371.15ms         7 [ 79.31ms, 100.13ms]  95.30ms   7.84ms 667.10ms
                           'ls_lin':         7 [ 26.45ms,  62.44ms]  52.89ms  11.47ms 370.21ms         7 [ 36.42ms, 100.09ms]  90.96ms  22.27ms 636.73ms
                           'ls_lin':         7 [ 27.60ms,  58.04ms]  52.25ms  10.36ms 365.75ms         7 [ 45.43ms, 100.12ms]  92.26ms  19.12ms 645.80ms
                           'ls_lin':         9 [ 31.04ms,  46.48ms]  40.72ms   5.25ms 366.44ms         9 [ 62.17ms, 100.13ms]  95.85ms  11.91ms 862.63ms
                           'ls_lin':         9 [671.31us,  59.76ms]  41.19ms  22.65ms 370.73ms         9 [  1.02ms, 100.14ms]  73.91ms  39.57ms 665.20ms
                           'ls_lin':        11 [ 79.18us,  48.14ms]  33.62ms  13.22ms 369.87ms        10 [ 28.18ms, 100.13ms]  92.89ms  21.57ms 928.89ms
                           'max_lp':         1 [376.22ms, 376.22ms] 376.22ms   0.00ns 376.22ms         1 [150.39ms, 150.39ms] 150.39ms   0.00ns 150.39ms
                            'no_lp':         1 [384.93ms, 384.93ms] 384.93ms   0.00ns 384.93ms         1 [ 91.26ms,  91.26ms]  91.26ms   0.00ns  91.26ms
              'objective_lb_search':         1 [374.91ms, 374.91ms] 374.91ms   0.00ns 374.91ms         1 [ 84.14ms,  84.14ms]  84.14ms   0.00ns  84.14ms
       'objective_lb_search_max_lp':         1 [384.06ms, 384.06ms] 384.06ms   0.00ns 384.06ms         1 [ 33.24ms,  33.24ms]  33.24ms   0.00ns  33.24ms
        'objective_lb_search_no_lp':         1 [375.43ms, 375.43ms] 375.43ms   0.00ns 375.43ms         1 [134.58ms, 134.58ms] 134.58ms   0.00ns 134.58ms
         'objective_shaving_max_lp':        75 [657.89us,   7.55ms]   4.56ms   1.56ms 342.17ms        71 [  1.01us,  51.25us]  40.21us  10.56us   2.85ms
          'objective_shaving_no_lp':        84 [915.13us,   7.72ms]   4.08ms   1.59ms 342.57ms        81 [ 18.27us,  44.63us]  34.28us   9.90us   2.78ms
                          'probing':         1 [380.33ms, 380.33ms] 380.33ms   0.00ns 380.33ms         1 [ 23.40ms,  23.40ms]  23.40ms   0.00ns  23.40ms
                   'probing_max_lp':         1 [375.77ms, 375.77ms] 375.77ms   0.00ns 375.77ms         1 [  8.61ms,   8.61ms]   8.61ms   0.00ns   8.61ms
                    'probing_no_lp':         1 [384.00ms, 384.00ms] 384.00ms   0.00ns 384.00ms         1 [ 41.91ms,  41.91ms]  41.91ms   0.00ns  41.91ms
                     'pseudo_costs':         1 [377.94ms, 377.94ms] 377.94ms   0.00ns 377.94ms         1 [116.87ms, 116.87ms] 116.87ms   0.00ns 116.87ms
                    'quick_restart':         1 [376.01ms, 376.01ms] 376.01ms   0.00ns 376.01ms         1 [ 55.70ms,  55.70ms]  55.70ms   0.00ns  55.70ms
              'quick_restart_no_lp':         1 [386.44ms, 386.44ms] 386.44ms   0.00ns 386.44ms         1 [ 58.93ms,  58.93ms]  58.93ms   0.00ns  58.93ms
                    'reduced_costs':         1 [377.95ms, 377.95ms] 377.95ms   0.00ns 377.95ms         1 [ 48.98ms,  48.98ms]  48.98ms   0.00ns  48.98ms
                        'rins/rens':         9 [254.55us, 356.28ms] 158.39ms 169.47ms    1.43s         7 [248.77us,  87.64ms]  38.52ms  34.37ms 269.66ms
                      'rnd_cst_lns':         9 [  3.41ms, 353.61ms] 118.67ms 139.24ms    1.07s         9 [ 61.90us,  85.74ms]  21.96ms  28.29ms 197.63ms
                      'rnd_var_lns':         8 [  3.04ms, 356.20ms] 140.91ms 163.48ms    1.13s         8 [ 24.83us,  96.45ms]  33.11ms  40.81ms 264.89ms
         'scheduling_intervals_lns':         5 [ 35.90ms, 380.89ms] 289.49ms 129.24ms    1.45s         5 [ 10.01ms, 100.02ms]  48.68ms  30.99ms 243.42ms
       'scheduling_precedences_lns':         6 [ 25.85ms, 362.72ms] 239.21ms 128.35ms    1.44s         6 [  1.77ms, 100.01ms]  44.19ms  34.43ms 265.14ms
  'scheduling_resource_windows_lns':         4 [357.98ms, 375.51ms] 363.96ms   7.06ms    1.46s         4 [ 51.40ms,  90.31ms]  71.32ms  13.83ms 285.29ms
       'scheduling_time_window_lns':         5 [ 75.17ms, 361.89ms] 258.47ms 126.49ms    1.29s         5 [ 10.41ms,  50.82ms]  32.60ms  14.37ms 163.01ms
                'variables_shaving':       120 [  3.64ms,  91.68ms]  14.16ms  13.01ms    1.70s       120 [ 95.22us,   9.40ms] 719.29us   1.14ms  86.32ms
         'variables_shaving_max_lp':        30 [  6.52ms, 175.71ms]  45.69ms  43.35ms    1.37s        30 [  4.70us,  22.87ms]   5.24ms   6.74ms 157.32ms
          'variables_shaving_no_lp':       119 [  2.83ms,  78.40ms]  17.41ms  14.80ms    2.07s       119 [102.69us,   5.32ms]   1.02ms   1.01ms 121.15ms

Search stats                        Bools  Conflicts  Branches  Restarts  BoolPropag  IntegerPropag
                           'core':    698        182    14'440     4'120   1'074'846        267'305
                     'default_lp':    585        888     2'014       297      42'181        379'783
                          'fixed':    744      2'417     7'148       487     186'809        860'865
                      'fs_random':      0          0         0         0           0              0
                      'fs_random':      0          0         0         0           0              0
                      'fs_random':      0          0         0         0           0              0
                      'fs_random':      0          0         0         0           0              0
                      'fs_random':      0          0         0         0           0              0
                      'fs_random':      0          0         0         0           0              0
                      'fs_random':      0          0         0         0           0              0
                      'fs_random':      0          0         0         0           0              0
                      'fs_random':      0          0         0         0           0              0
                      'fs_random':      0          0         0         0           0              0
                      'fs_random':      0          0         0         0           0              0
                      'fs_random':      0          0         0         0           0              0
                'fs_random_no_lp':      0          0         0         0           0              0
                'fs_random_no_lp':      0          0         0         0           0              0
                'fs_random_no_lp':      0          0         0         0           0              0
                'fs_random_no_lp':      0          0         0         0           0              0
                'fs_random_no_lp':      0          0         0         0           0              0
                'fs_random_no_lp':      0          0         0         0           0              0
                'fs_random_no_lp':      0          0         0         0           0              0
                'fs_random_no_lp':      0          0         0         0           0              0
                'fs_random_no_lp':      0          0         0         0           0              0
                'fs_random_no_lp':      0          0         0         0           0              0
                'fs_random_no_lp':      0          0         0         0           0              0
                'fs_random_no_lp':      0          0         0         0           0              0
                'fs_random_no_lp':      0          0         0         0           0              0
        'fs_random_quick_restart':      0          0         0         0           0              0
        'fs_random_quick_restart':      0          0         0         0           0              0
        'fs_random_quick_restart':      0          0         0         0           0              0
        'fs_random_quick_restart':      0          0         0         0           0              0
        'fs_random_quick_restart':      0          0         0         0           0              0
        'fs_random_quick_restart':      0          0         0         0           0              0
        'fs_random_quick_restart':      0          0         0         0           0              0
        'fs_random_quick_restart':      0          0         0         0           0              0
        'fs_random_quick_restart':      0          0         0         0           0              0
        'fs_random_quick_restart':      0          0         0         0           0              0
        'fs_random_quick_restart':      0          0         0         0           0              0
        'fs_random_quick_restart':      0          0         0         0           0              0
  'fs_random_quick_restart_no_lp':      0          0         0         0           0              0
  'fs_random_quick_restart_no_lp':      0          0         0         0           0              0
  'fs_random_quick_restart_no_lp':      0          0         0         0           0              0
  'fs_random_quick_restart_no_lp':      0          0         0         0           0              0
  'fs_random_quick_restart_no_lp':      0          0         0         0           0              0
  'fs_random_quick_restart_no_lp':      0          0         0         0           0              0
  'fs_random_quick_restart_no_lp':      0          0         0         0           0              0
  'fs_random_quick_restart_no_lp':      0          0         0         0           0              0
  'fs_random_quick_restart_no_lp':      0          0         0         0           0              0
  'fs_random_quick_restart_no_lp':      0          0         0         0           0              0
  'fs_random_quick_restart_no_lp':      0          0         0         0           0              0
  'fs_random_quick_restart_no_lp':      0          0         0         0           0              0
                 'lb_tree_search':    836         43     4'675     2'666      28'300         51'278
                         'max_lp':    416      1'373     9'656     1'472     224'894        630'073
                          'no_lp':    784      1'473     3'713       465     176'002        639'234
            'objective_lb_search':    472      1'795     5'460       269      68'261        651'139
     'objective_lb_search_max_lp':    864        106     4'109     2'660      30'613         56'375
      'objective_lb_search_no_lp':    548      2'606    11'330       505     342'046        834'510
                        'probing':  1'181        374     4'251     2'867      51'315        108'730
                 'probing_max_lp':    878         17     1'739     1'739       2'098         13'425
                  'probing_no_lp':  1'294        782     5'354     2'954      90'998        182'040
                   'pseudo_costs':    659      1'235     5'609     1'013     124'835        447'551
                  'quick_restart':    772        746     7'125       925      65'035        383'342
            'quick_restart_no_lp':    850        832    10'415     1'066      68'695        384'282
                  'reduced_costs':    995        238     5'237     2'868      60'273         82'302

SAT stats                           ClassicMinim  LitRemoved  LitLearned  LitForgotten  Subsumed  MClauses  MDecisions  MLitTrue  MSubsumed  MLitRemoved  MReused
                           'core':            25          31         207             0         0     5'868       9'497         0         46          138    2'239
                     'default_lp':           857       5'831       3'030             0         0         0           0         0          0            0        0
                          'fixed':         2'156       6'572      32'732             0         9         0           0         0          0            0        0
                      'fs_random':             0           0           0             0         0         0           0         0          0            0        0
                      'fs_random':             0           0           0             0         0         0           0         0          0            0        0
                      'fs_random':             0           0           0             0         0         0           0         0          0            0        0
                      'fs_random':             0           0           0             0         0         0           0         0          0            0        0
                      'fs_random':             0           0           0             0         0         0           0         0          0            0        0
                      'fs_random':             0           0           0             0         0         0           0         0          0            0        0
                      'fs_random':             0           0           0             0         0         0           0         0          0            0        0
                      'fs_random':             0           0           0             0         0         0           0         0          0            0        0
                      'fs_random':             0           0           0             0         0         0           0         0          0            0        0
                      'fs_random':             0           0           0             0         0         0           0         0          0            0        0
                      'fs_random':             0           0           0             0         0         0           0         0          0            0        0
                      'fs_random':             0           0           0             0         0         0           0         0          0            0        0
                'fs_random_no_lp':             0           0           0             0         0         0           0         0          0            0        0
                'fs_random_no_lp':             0           0           0             0         0         0           0         0          0            0        0
                'fs_random_no_lp':             0           0           0             0         0         0           0         0          0            0        0
                'fs_random_no_lp':             0           0           0             0         0         0           0         0          0            0        0
                'fs_random_no_lp':             0           0           0             0         0         0           0         0          0            0        0
                'fs_random_no_lp':             0           0           0             0         0         0           0         0          0            0        0
                'fs_random_no_lp':             0           0           0             0         0         0           0         0          0            0        0
                'fs_random_no_lp':             0           0           0             0         0         0           0         0          0            0        0
                'fs_random_no_lp':             0           0           0             0         0         0           0         0          0            0        0
                'fs_random_no_lp':             0           0           0             0         0         0           0         0          0            0        0
                'fs_random_no_lp':             0           0           0             0         0         0           0         0          0            0        0
                'fs_random_no_lp':             0           0           0             0         0         0           0         0          0            0        0
                'fs_random_no_lp':             0           0           0             0         0         0           0         0          0            0        0
        'fs_random_quick_restart':             0           0           0             0         0         0           0         0          0            0        0
        'fs_random_quick_restart':             0           0           0             0         0         0           0         0          0            0        0
        'fs_random_quick_restart':             0           0           0             0         0         0           0         0          0            0        0
        'fs_random_quick_restart':             0           0           0             0         0         0           0         0          0            0        0
        'fs_random_quick_restart':             0           0           0             0         0         0           0         0          0            0        0
        'fs_random_quick_restart':             0           0           0             0         0         0           0         0          0            0        0
        'fs_random_quick_restart':             0           0           0             0         0         0           0         0          0            0        0
        'fs_random_quick_restart':             0           0           0             0         0         0           0         0          0            0        0
        'fs_random_quick_restart':             0           0           0             0         0         0           0         0          0            0        0
        'fs_random_quick_restart':             0           0           0             0         0         0           0         0          0            0        0
        'fs_random_quick_restart':             0           0           0             0         0         0           0         0          0            0        0
        'fs_random_quick_restart':             0           0           0             0         0         0           0         0          0            0        0
  'fs_random_quick_restart_no_lp':             0           0           0             0         0         0           0         0          0            0        0
  'fs_random_quick_restart_no_lp':             0           0           0             0         0         0           0         0          0            0        0
  'fs_random_quick_restart_no_lp':             0           0           0             0         0         0           0         0          0            0        0
  'fs_random_quick_restart_no_lp':             0           0           0             0         0         0           0         0          0            0        0
  'fs_random_quick_restart_no_lp':             0           0           0             0         0         0           0         0          0            0        0
  'fs_random_quick_restart_no_lp':             0           0           0             0         0         0           0         0          0            0        0
  'fs_random_quick_restart_no_lp':             0           0           0             0         0         0           0         0          0            0        0
  'fs_random_quick_restart_no_lp':             0           0           0             0         0         0           0         0          0            0        0
  'fs_random_quick_restart_no_lp':             0           0           0             0         0         0           0         0          0            0        0
  'fs_random_quick_restart_no_lp':             0           0           0             0         0         0           0         0          0            0        0
  'fs_random_quick_restart_no_lp':             0           0           0             0         0         0           0         0          0            0        0
  'fs_random_quick_restart_no_lp':             0           0           0             0         0         0           0         0          0            0        0
                 'lb_tree_search':            19          43         183             0         4        40          90         0          3           17        2
                         'max_lp':         1'253       3'478      11'285             0        18     1'040       5'297         0        420        3'051      401
                          'no_lp':         1'346       2'605      15'337             0         6         7          14         0          0            0       11
            'objective_lb_search':         1'726       9'357      12'866             0         4        25          37         0          7           34       44
     'objective_lb_search_max_lp':            65         219         410             0         2        22          44         0          3           10        4
      'objective_lb_search_no_lp':         2'160       9'401      21'214             0         7       165         910         0         89          846       99
                        'probing':           245         694       2'181             0        23         0           0         0          0            0        0
                 'probing_max_lp':             0           0          17             0         0         0           0         0          0            0        0
                  'probing_no_lp':           593       1'679       5'104             0        58         0           0         0          0            0        0
                   'pseudo_costs':           879       2'326      15'855             0        10       122         372         0          2            9       77
                  'quick_restart':           651       2'077       8'023             0         9        81         189         0         26          103       26
            'quick_restart_no_lp':           722       2'356      10'196             0        18        68         150         0         15           65       34
                  'reduced_costs':           123         242       1'469             0         6       214         743         0         36          336       41

Lp stats                         Component  Iterations  AddedCuts  OPTIMAL  DUAL_F.  DUAL_U.
                  'default_lp':         19          51          0    2'471        0        0
                       'fixed':         19           0          0   14'850        0        0
              'lb_tree_search':          1       1'314        184      567        8        0
                      'max_lp':          1       3'713        270    2'970        7        0
         'objective_lb_search':         19          13          0    8'372        0        0
  'objective_lb_search_max_lp':          1       1'479        254      376       20        0
                     'probing':         19           0          0   53'494        0        0
              'probing_max_lp':          1         435        180      141        7        0
                'pseudo_costs':          1       3'704        391    2'859       44        0
               'quick_restart':         19           0          0   12'737        0        0
               'reduced_costs':          1       2'329        248      498       56        0

Lp dimension                     Final dimension of first component
                  'default_lp':        0 rows, 2 columns, 0 entries
                       'fixed':        0 rows, 2 columns, 0 entries
              'lb_tree_search':  126 rows, 147 columns, 334 entries
                      'max_lp':  106 rows, 147 columns, 276 entries
         'objective_lb_search':        0 rows, 2 columns, 0 entries
  'objective_lb_search_max_lp':  138 rows, 147 columns, 361 entries
                     'probing':        0 rows, 2 columns, 0 entries
              'probing_max_lp':  120 rows, 147 columns, 320 entries
                'pseudo_costs':  111 rows, 147 columns, 263 entries
               'quick_restart':        0 rows, 2 columns, 0 entries
               'reduced_costs':  118 rows, 147 columns, 308 entries

Lp debug                         CutPropag  CutEqPropag  Adjust  Overflow     Bad  BadScaling
                  'default_lp':          0            0       0         0       0           0
                       'fixed':          0            0       0         0       0           0
              'lb_tree_search':          0            0     501         0  14'301           0
                      'max_lp':          0            9   1'146         0   8'464           0
         'objective_lb_search':          0            0       0         0       0           0
  'objective_lb_search_max_lp':          0            2     371         0  11'591           0
                     'probing':          0            0       0         0       0           0
              'probing_max_lp':          0            8     144         0  28'848           0
                'pseudo_costs':          0            2   2'358         0   7'485           0
               'quick_restart':          0            0       0         0       0           0
               'reduced_costs':          0            0     472         0   8'444           0

Lp pool                          Constraints  Updates  Simplif  Merged  Shortened  Split  Strenghtened  Cuts/Call
                  'default_lp':          127        0        0       0          0      0             0        0/0
                       'fixed':          127        0        0       0          0      0             0        0/0
              'lb_tree_search':          304      664      135       7          0      0             6    184/261
                      'max_lp':          349      717       55      48          0      0             6    270/402
         'objective_lb_search':          127        0        0       0          0      0             0        0/0
  'objective_lb_search_max_lp':          362      762      201      19          0      0             1    254/343
                     'probing':          127        0        0       0          0      0             0        0/0
              'probing_max_lp':          299      253       37       8          0      0             1    180/260
                'pseudo_costs':          414    1'023       14     104          0      0             0    391/593
               'quick_restart':          127        0        0       0          0      0             0        0/0
               'reduced_costs':          365      630       47      10          0      0             1    248/331

Lp Cut                                                max_lp  reduced_costs  pseudo_costs  probing_max_lp  lb_tree_search  objective_lb_search_max_lp
                                               CG_K:       3              4             4               3               1                           2
                                               CG_R:       8              9            11              10              10                           8
                                            MIR_1_K:       1              1             2               -               -                           2
                                            MIR_1_R:       3              1             8               1               1                           3
                                            MIR_2_R:       -              1             1               -               -                           2
                                            MIR_3_K:       -              -             1               -               -                           -
                                            MIR_4_R:       -              1             1               -               -                           1
                                            MIR_5_R:       -              -             -               -               -                           1
                                            MIR_6_K:       -              -             -               1               -                           -
                  NoOverlapCompletionTimeExhaustive:      23             21            33              13              13                          31
           NoOverlapCompletionTimeExhaustive_lifted:      29             25            36              16              16                          25
  NoOverlapCompletionTimeExhaustive_lifted_weighted:      29             24            40              20              20                          24
         NoOverlapCompletionTimeExhaustive_weighted:      45             42            71              29              29                          40
                    NoOverlapCompletionTimeQueyrane:      19             16            26              10              11                          16
             NoOverlapCompletionTimeQueyrane_lifted:      30             28            35              21              24                          26
                        NoOverlapDetectedPrecedence:       -              -             -               -               2                           -
                        NoOverlapDisjunctionOnStart:      76             64           115              55              55                          67
                                        ZERO_HALF_K:       1              1             1               -               -                           1
                                        ZERO_HALF_R:       3             10             6               1               2                           5

LNS stats                             Improv/Calls  Closed  Difficulty  TimeLimit
                    'graph_arc_lns':           4/8     38%    3.97e-01       0.10
                    'graph_cst_lns':          7/10     50%    7.20e-01       0.10
                    'graph_dec_lns':           4/9     56%    8.01e-01       0.10
                    'graph_var_lns':           4/7     43%    5.29e-01       0.10
                     'lb_relax_lns':           4/4     25%    2.48e-01       0.50
                        'rins/rens':           5/9     56%    8.01e-01       0.10
                      'rnd_cst_lns':           4/9     67%    8.95e-01       0.10
                      'rnd_var_lns':           4/8     62%    8.49e-01       0.10
         'scheduling_intervals_lns':           2/5     20%    1.51e-01       0.10
       'scheduling_precedences_lns':           4/6     17%    1.28e-01       0.10
  'scheduling_resource_windows_lns':           3/4      0%    8.55e-02       0.10
       'scheduling_time_window_lns':           2/5     20%    1.76e-01       0.10

LS stats                                    Batches  Restarts/Perturbs  LinMoves  GenMoves  CompoundMoves  Bactracks  WeightUpdates  ScoreComputed
              'ls_decay_compound_perturb':        7                  8        16     8'880            382      3'083          1'181      2'038'800
                         'ls_lin_restart':       12                 12        54     8'502              0          0          4'059      3'509'832
                'ls_lin_restart_compound':       13                 13         0    14'920          1'481      6'672             37      3'519'417
        'ls_lin_restart_compound_perturb':        5                  5         0     6'209            135      3'027             12      1'078'325
                   'ls_lin_restart_decay':        8                  8        42     7'732              0          0            951      2'550'716
          'ls_lin_restart_decay_compound':        8                  8         0    12'279            463      5'873             34      2'542'729
  'ls_lin_restart_decay_compound_perturb':        8                  8         0     9'786            635      4'549             30      2'216'146
           'ls_lin_restart_decay_perturb':       11                 11        53    10'265              0          0          1'339      3'111'515
                 'ls_lin_restart_perturb':       13                 13        64     8'429              0          0          3'805      3'306'105
                             'ls_restart':       16                 16        68    10'283              0          0          6'391      4'152'881
                    'ls_restart_compound':       14                 14         0    20'832          1'319      9'707             60      4'445'916
            'ls_restart_compound_perturb':       19                 19         0    24'734          1'438     11'593             75      5'409'763
                       'ls_restart_decay':       14                 14        69    13'448              0          0          1'770      4'366'799
              'ls_restart_decay_compound':       27                 27         0    39'163          2'564     18'220             89      7'676'759
      'ls_restart_decay_compound_perturb':       20                 20         0    25'397          2'484     11'397             54      5'666'281
               'ls_restart_decay_perturb':       14                 14        56    11'647              0          0          1'396      3'670'005
                     'ls_restart_perturb':       16                 16        64    11'565              0          0          6'163      4'678'890

Solutions (25)                          Num     Rank
                              'fixed':    2  [13,15]
                      'graph_cst_lns':    1    [5,5]
                     'ls_lin_restart':    1  [23,23]
       'ls_lin_restart_decay_perturb':    1  [22,22]
                         'ls_restart':    1  [16,16]
  'ls_restart_decay_compound_perturb':    1  [11,11]
           'ls_restart_decay_perturb':    1  [20,20]
                              'no_lp':    4    [1,7]
                      'probing_no_lp':    1  [24,24]
                      'quick_restart':    5   [3,25]
                'quick_restart_no_lp':    3  [12,21]
                      'rins_pump_lns':    1  [10,10]
                        'rnd_cst_lns':    3   [8,18]

Objective bounds                 Num
                   'bool_core':   30
              'initial_domain':    1
                      'max_lp':    3
  'objective_lb_search_max_lp':   19

Solution repositories    Added  Queried  Synchro
  'feasible solutions':    102      404       71
   'fj solution hints':      0        0        0
        'lp solutions':     37        3       37
                'pump':    160        6

Improving bounds shared          Num  Sym
                       'fixed':    1    0
              'lb_tree_search':  155    0
                      'max_lp':  727    0
                       'no_lp':  305    0
  'objective_lb_search_max_lp':  667    0
                     'probing':   27    0
              'probing_max_lp':  141    0
               'probing_no_lp':   40    0
                'pseudo_costs':  414    0
               'quick_restart':  166    0
         'quick_restart_no_lp':    2    0
               'reduced_costs':   11    0

CpSolverResponse summary:
status: OPTIMAL
objective: 9483
best_bound: 9446
integers: 0
booleans: 0
conflicts: 0
branches: 0
propagations: 0
integer_propagations: 0
restarts: 0
lp_iterations: 0
walltime: 0.403475
usertime: 0.403475
deterministic_time: 25.3107
gap_integral: 125.558
solution_fingerprint: 0x1d4dcba492fb77ce

