
Starting CP-SAT solver v9.14.6206
Parameters: max_time_in_seconds: 300 log_search_progress: true num_search_workers: 104 relative_gap_limit: 0.005

Initial optimization model '': (model_fingerprint: 0xfeb29d8aaf0a369f)
#Variables: 589 (#ints: 86 in objective) (474 primary variables)
  - 115 in [0,28600]
  - 114 in [12960,28600]
  - 360 in [14400,28600]
#kInterval: 241 (#fixed: 4)
#kLinMax: 115 (#expressions: 230)
#kLinear1: 29
#kLinear2: 208
#kNoOverlap: 10 (#intervals: 241, #fixed_intervals: 4)

Starting presolve at 0.00s
  8.62e-05s  0.00e+00d  [DetectDominanceRelations] 
  2.29e-03s  0.00e+00d  [PresolveToFixPoint] #num_loops=10 #num_dual_strengthening=1 
  3.28e-06s  0.00e+00d  [ExtractEncodingFromLinear] 
  1.47e-05s  0.00e+00d  [DetectDuplicateColumns] 
  8.10e-05s  0.00e+00d  [DetectDuplicateConstraints] 
[Symmetry] Graph for symmetry has 1'362 nodes and 1'270 arcs.
[Symmetry] Symmetry computation done. time: 0.000103775 dtime: 0.00014205
  8.88e-05s  0.00e+00d  [DetectDuplicateConstraintsWithDifferentEnforcements] 
  6.48e-04s  4.81e-06d  [Probe] #new_bounds=17 
  3.18e-06s  0.00e+00d  [MaxClique] 
  7.59e-05s  0.00e+00d  [DetectDominanceRelations] 
  4.85e-04s  0.00e+00d  [PresolveToFixPoint] #num_loops=2 #num_dual_strengthening=1 
  3.08e-05s  0.00e+00d  [ProcessAtMostOneAndLinear] 
  6.92e-05s  0.00e+00d  [DetectDuplicateConstraints] 
  6.66e-05s  0.00e+00d  [DetectDuplicateConstraintsWithDifferentEnforcements] 
  2.96e-05s  1.39e-06d  [DetectDominatedLinearConstraints] #relevant_constraints=231 
  3.29e-05s  0.00e+00d  [DetectDifferentVariables] 
  3.01e-06s  0.00e+00d  [ProcessSetPPC] 
  2.98e-06s  0.00e+00d  [FindAlmostIdenticalLinearConstraints] 
  1.27e-05s  0.00e+00d  [FindBigAtMostOneAndLinearOverlap] 
  1.83e-05s  8.71e-06d  [FindBigVerticalLinearOverlap] 
  2.31e-06s  0.00e+00d  [FindBigHorizontalLinearOverlap] 
  2.22e-06s  0.00e+00d  [MergeClauses] 
  7.37e-05s  0.00e+00d  [DetectDominanceRelations] 
  3.98e-04s  0.00e+00d  [PresolveToFixPoint] #num_loops=1 #num_dual_strengthening=1 
  6.78e-05s  0.00e+00d  [DetectDominanceRelations] 
  3.88e-04s  0.00e+00d  [PresolveToFixPoint] #num_loops=1 #num_dual_strengthening=1 
  1.16e-05s  0.00e+00d  [DetectDuplicateColumns] 
  6.83e-05s  0.00e+00d  [DetectDuplicateConstraints] 
[Symmetry] Graph for symmetry has 1'358 nodes and 1'267 arcs.
[Symmetry] Symmetry computation done. time: 8.4283e-05 dtime: 0.00014175
  7.03e-05s  0.00e+00d  [DetectDuplicateConstraintsWithDifferentEnforcements] 
  4.96e-04s  2.39e-06d  [Probe] 
  1.92e-06s  0.00e+00d  [MaxClique] 
  7.23e-05s  0.00e+00d  [DetectDominanceRelations] 
  4.31e-04s  0.00e+00d  [PresolveToFixPoint] #num_loops=1 #num_dual_strengthening=1 
  2.93e-05s  0.00e+00d  [ProcessAtMostOneAndLinear] 
  6.97e-05s  0.00e+00d  [DetectDuplicateConstraints] 
  6.78e-05s  0.00e+00d  [DetectDuplicateConstraintsWithDifferentEnforcements] 
  2.99e-05s  1.39e-06d  [DetectDominatedLinearConstraints] #relevant_constraints=231 
  3.00e-05s  0.00e+00d  [DetectDifferentVariables] 
  2.52e-06s  0.00e+00d  [ProcessSetPPC] 
  2.53e-06s  0.00e+00d  [FindAlmostIdenticalLinearConstraints] 
  1.30e-05s  0.00e+00d  [FindBigAtMostOneAndLinearOverlap] 
  1.72e-05s  8.71e-06d  [FindBigVerticalLinearOverlap] 
  1.91e-06s  0.00e+00d  [FindBigHorizontalLinearOverlap] 
  1.60e-06s  0.00e+00d  [MergeClauses] 
  6.96e-05s  0.00e+00d  [DetectDominanceRelations] 
  3.92e-04s  0.00e+00d  [PresolveToFixPoint] #num_loops=1 #num_dual_strengthening=1 
  1.77e-05s  0.00e+00d  [ExpandObjective] 

Presolve summary:
  - 280 affine relations were detected.
  - rule 'TODO dual: only one blocking constraint?' was applied 420 times.
  - rule 'TODO dual: only one unspecified blocking constraint?' was applied 138 times.
  - rule 'affine: new relation' was applied 280 times.
  - rule 'intervals: removed unused interval' was applied 4 times.
  - rule 'lin_max: converted abs to equality' was applied 37 times.
  - rule 'lin_max: converted to equality' was applied 12 times.
  - rule 'lin_max: propagate domain from x to abs(x)' was applied 129 times.
  - rule 'lin_max: removed exprs' was applied 12 times.
  - rule 'lin_max: rewrite with precedences' was applied 23 times.
  - rule 'lin_max: target domain reduced' was applied 58 times.
  - rule 'lin_max: unused affine target' was applied 23 times.
  - rule 'linear1: x in domain' was applied 26 times.
  - rule 'linear: always true' was applied 32 times.
  - rule 'linear: fixed or dup variables' was applied 6 times.
  - rule 'linear: reduced variable domains' was applied 1'231 times.
  - rule 'linear: remapped using affine relations' was applied 577 times.
  - rule 'no_overlap: split into disjoint components' was applied 4 times.
  - rule 'presolve: 6 unused variables removed.' was applied 1 time.
  - rule 'presolve: iteration' was applied 2 times.

Presolved optimization model '': (model_fingerprint: 0x9384115e2770224d)
#Variables: 280 (#ints: 80 in objective) (237 primary variables)
  - 230 different domains in [0,28579] with a largest complexity of 1.
#kInterval: 237
#kLinMax: 20 (#expressions: 40)
#kLinear2: 231
#kNoOverlap: 10 (#intervals: 237)
[Symmetry] Graph for symmetry has 1'049 nodes and 1'267 arcs.
[Symmetry] Symmetry computation done. time: 7.3968e-05 dtime: 0.00012321

Preloading model.
#Bound   0.01s best:inf   next:[6625,1166583] initial_domain
#Model   0.01s var:280/280 constraints:498/498

Starting search at 0.01s with 104 workers.
18 full problem subsolvers: [core, default_lp, fixed, lb_tree_search, max_lp, no_lp, objective_lb_search, objective_lb_search_max_lp, objective_lb_search_no_lp, objective_shaving_max_lp, objective_shaving_no_lp, probing, probing_max_lp, probing_no_lp, pseudo_costs, quick_restart, quick_restart_no_lp, reduced_costs]
86 first solution subsolvers: [fj(25), fj_lin(12), fs_random(12), fs_random_no_lp(13), fs_random_quick_restart(12), fs_random_quick_restart_no_lp(12)]
45 interleaved subsolvers: [feasibility_pump, graph_arc_lns, graph_cst_lns, graph_dec_lns, graph_var_lns, lb_relax_lns, ls(19), ls_lin(10), rins/rens, rnd_cst_lns, rnd_var_lns, scheduling_intervals_lns, scheduling_precedences_lns, scheduling_resource_windows_lns, scheduling_time_window_lns, variables_shaving, variables_shaving_max_lp, variables_shaving_no_lp]
3 helper subsolvers: [neighborhood_helper, synchronization_agent, update_gap_integral]

#1       0.02s best:50619 next:[6625,50618] no_lp
#Bound   0.02s best:50619 next:[6627,50618] bool_core (num_cores=1 [size:2 mw:2 d:1] a=79 d=1 fixed=0/80 clauses=0)
#Bound   0.02s best:50619 next:[6629,50618] bool_core (num_cores=1 [cover] a=79 d=1 fixed=0/83 clauses=1)
#Bound   0.02s best:50619 next:[6631,50618] bool_core (num_cores=1 [cover] a=79 d=1 fixed=1/86 clauses=3)
#Bound   0.02s best:50619 next:[6633,50618] bool_core (num_cores=1 [cover] a=79 d=1 fixed=2/89 clauses=6)
#Bound   0.02s best:50619 next:[6635,50618] bool_core (num_cores=1 [cover] a=79 d=1 fixed=3/92 clauses=10)
#Bound   0.02s best:50619 next:[6637,50618] bool_core (num_cores=1 [cover] a=79 d=1 fixed=4/95 clauses=15)
#Bound   0.02s best:50619 next:[6639,50618] bool_core (num_cores=1 [cover] a=79 d=1 fixed=5/98 clauses=21)
#Bound   0.02s best:50619 next:[6641,50618] bool_core (num_cores=1 [cover] a=79 d=1 fixed=6/101 clauses=28)
#Bound   0.02s best:50619 next:[6643,50618] bool_core (num_cores=1 [cover] a=79 d=1 fixed=7/104 clauses=36)
#Bound   0.02s best:50619 next:[6645,50618] bool_core (num_cores=1 [cover] a=79 d=1 fixed=8/107 clauses=45)
#Bound   0.02s best:50619 next:[6647,50618] bool_core (num_cores=1 [cover] a=79 d=1 fixed=9/110 clauses=55)
#Bound   0.02s best:50619 next:[6649,50618] bool_core (num_cores=1 [cover] a=79 d=1 fixed=10/113 clauses=66)
#Bound   0.02s best:50619 next:[6651,50618] bool_core (num_cores=1 [cover] a=79 d=1 fixed=11/116 clauses=78)
#Bound   0.02s best:50619 next:[6653,50618] bool_core (num_cores=1 [cover] a=79 d=1 fixed=12/119 clauses=91)
#Bound   0.02s best:50619 next:[6655,50618] bool_core (num_cores=1 [cover] a=79 d=1 fixed=13/122 clauses=105)
#Bound   0.02s best:50619 next:[6657,50618] bool_core (num_cores=1 [cover] a=79 d=1 fixed=14/125 clauses=120)
#Bound   0.02s best:50619 next:[6659,50618] bool_core (num_cores=1 [cover] a=79 d=1 fixed=15/128 clauses=136)
#Bound   0.02s best:50619 next:[6661,50618] bool_core (num_cores=1 [cover] a=79 d=1 fixed=16/131 clauses=153)
#Bound   0.02s best:50619 next:[6663,50618] bool_core (num_cores=1 [cover] a=79 d=1 fixed=17/134 clauses=171)
#Bound   0.02s best:50619 next:[6665,50618] bool_core (num_cores=1 [cover] a=79 d=1 fixed=18/137 clauses=190)
#2       0.02s best:50347 next:[6685,50346] quick_restart_no_lp
#3       0.02s best:49285 next:[6984,49284] fixed
#4       0.03s best:11996 next:[6984,11995] objective_lb_search_no_lp
#5       0.03s best:11949 next:[7602,11948] rnd_var_lns (d=5.00e-01 s=42 t=0.10 p=0.00 stall=0 h=base)
#6       0.03s best:11941 next:[7602,11940] rnd_cst_lns (d=5.00e-01 s=43 t=0.10 p=0.00 stall=0 h=base) [combined with: rnd_var_lns (d=5.00e...]
#7       0.03s best:11903 next:[7602,11902] graph_dec_lns (d=5.00e-01 s=47 t=0.10 p=0.00 stall=0 h=base) [combined with: rnd_cst_lns (d=5.00e...]
#8       0.03s best:11887 next:[7602,11886] graph_cst_lns (d=5.00e-01 s=46 t=0.10 p=0.00 stall=0 h=base) [combined with: graph_dec_lns (d=5.0...]
#9       0.03s best:11781 next:[7602,11780] graph_var_lns (d=5.00e-01 s=44 t=0.10 p=0.00 stall=0 h=base) [combined with: graph_cst_lns (d=5.0...]
#10      0.04s best:11748 next:[7602,11747] graph_arc_lns (d=5.00e-01 s=45 t=0.10 p=0.00 stall=0 h=base) [combined with: graph_var_lns (d=5.0...]
#11      0.04s best:11618 next:[7865,11617] ls_restart_decay_compound_perturb(batch:1 lin{mvs:0 evals:19} gen{mvs:41 evals:1'020} comp{mvs:19 btracks:11} #w_updates:0 #perturb:0) [combined with: graph_arc_lns (d=5.0...]
#12      0.06s best:11584 next:[7925,11583] ls_lin_restart_compound_perturb(batch:1 lin{mvs:0 evals:4} gen{mvs:6 evals:224} comp{mvs:6 btracks:0} #w_updates:0 #perturb:0)
#13      0.07s best:11583 next:[7925,11582] graph_dec_lns (d=7.07e-01 s=88 t=0.10 p=1.00 stall=0 h=base)
#14      0.08s best:11358 next:[7925,11357] graph_dec_lns (d=7.07e-01 s=158 t=0.10 p=1.00 stall=0 h=base)
#15      0.08s best:11320 next:[7925,11319] graph_dec_lns (d=7.07e-01 s=201 t=0.10 p=1.00 stall=0 h=base) [combined with: graph_dec_lns (d=7.0...]
#16      0.10s best:11319 next:[7925,11318] ls_restart_decay_compound(batch:1 lin{mvs:0 evals:67} gen{mvs:123 evals:3'220} comp{mvs:25 btracks:49} #w_updates:2 #perturb:0)
#17      0.11s best:11316 next:[7925,11315] quick_restart
#18      0.13s best:11304 next:[7925,11303] quick_restart_no_lp
#19      0.14s best:11303 next:[7925,11302] ls_lin_restart_compound_perturb(batch:1 lin{mvs:0 evals:205} gen{mvs:313 evals:9'090} comp{mvs:35 btracks:139} #w_updates:2 #perturb:0) [combined with: quick_restart_no_lp...]
#20      0.16s best:11302 next:[7925,11301] ls_restart_compound(batch:1 lin{mvs:0 evals:69} gen{mvs:136 evals:3'137} comp{mvs:8 btracks:64} #w_updates:0 #perturb:0)
#21      0.16s best:11253 next:[7925,11252] graph_var_lns (d=7.07e-01 s=90 t=0.10 p=1.00 stall=0 h=base)
#22      0.17s best:11243 next:[7925,11242] ls_restart_compound_perturb(batch:1 lin{mvs:0 evals:24} gen{mvs:35 evals:1'082} comp{mvs:17 btracks:9} #w_updates:0 #perturb:0)
#23      0.18s best:11186 next:[7925,11185] quick_restart_no_lp
#24      0.18s best:11172 next:[7925,11171] ls_lin_restart_compound_perturb(batch:1 lin{mvs:0 evals:4} gen{mvs:7 evals:272} comp{mvs:7 btracks:0} #w_updates:0 #perturb:0)
#25      0.19s best:11171 next:[7925,11170] ls_restart_decay_compound(batch:1 lin{mvs:0 evals:23} gen{mvs:44 evals:1'128} comp{mvs:20 btracks:12} #w_updates:0 #perturb:0)
#26      0.19s best:11170 next:[7925,11169] ls_restart_compound_perturb(batch:1 lin{mvs:0 evals:6} gen{mvs:14 evals:298} comp{mvs:4 btracks:5} #w_updates:0 #perturb:0) [combined with: ls_restart_decay_com...]
#27      0.20s best:11142 next:[7925,11141] quick_restart_no_lp
#28      0.24s best:11141 next:[7925,11140] ls_lin_restart_decay_compound(batch:1 lin{mvs:0 evals:182} gen{mvs:317 evals:8'376} comp{mvs:23 btracks:147} #w_updates:2 #perturb:0) [combined with: quick_restart_no_lp...]
#29      0.26s best:11129 next:[7925,11128] quick_restart
#30      0.26s best:11128 next:[7925,11127] ls_lin_restart_decay_compound_perturb(batch:1 lin{mvs:0 evals:1} gen{mvs:2 evals:56} comp{mvs:2 btracks:0} #w_updates:0 #perturb:0)
#31      0.27s best:11127 next:[7925,11126] ls_restart_compound_perturb(batch:1 lin{mvs:0 evals:16} gen{mvs:40 evals:830} comp{mvs:12 btracks:14} #w_updates:0 #perturb:0)
#32      0.29s best:11110 next:[7925,11109] quick_restart
#33      0.30s best:11108 next:[7925,11107] ls_lin_restart_decay_compound_perturb(batch:1 lin{mvs:0 evals:249} gen{mvs:522 evals:11'913} comp{mvs:32 btracks:245} #w_updates:3 #perturb:0) [combined with: quick_restart...]
#34      0.31s best:10382 next:[7925,10381] quick_restart_no_lp
#35      0.31s best:10335 next:[7925,10334] ls_restart_compound_perturb(batch:1 lin{mvs:0 evals:2} gen{mvs:7 evals:219} comp{mvs:3 btracks:2} #w_updates:0 #perturb:0)
#36      0.32s best:10320 next:[7925,10319] ls_lin_restart_compound(batch:1 lin{mvs:0 evals:0} gen{mvs:63 evals:1'437} comp{mvs:9 btracks:27} #w_updates:1 #perturb:0)
#37      0.42s best:10319 next:[7941,10318] quick_restart_no_lp
#38      0.43s best:10314 next:[7941,10313] ls_restart_decay_compound(batch:1 lin{mvs:0 evals:17} gen{mvs:15 evals:387} comp{mvs:7 btracks:4} #w_updates:0 #perturb:0)
#39      0.44s best:10313 next:[7941,10312] quick_restart
#40      0.46s best:9991  next:[7941,9990] reduced_costs
#41      0.46s best:9973  next:[7941,9972] quick_restart_no_lp
#42      0.47s best:9959  next:[7941,9958] ls_lin_restart_decay_compound_perturb(batch:1 lin{mvs:0 evals:4} gen{mvs:4 evals:113} comp{mvs:4 btracks:0} #w_updates:0 #perturb:0)
#43      0.49s best:9945  next:[7941,9944] quick_restart_no_lp
#44      0.50s best:9943  next:[7941,9942] quick_restart_no_lp
#45      0.50s best:9941  next:[7941,9940] quick_restart_no_lp
#46      0.51s best:9940  next:[7941,9939] ls_restart_compound_perturb(batch:1 lin{mvs:0 evals:64} gen{mvs:100 evals:2'222} comp{mvs:6 btracks:47} #w_updates:1 #perturb:0) [combined with: quick_restart_no_lp...]
#47      0.52s best:9939  next:[7941,9938] ls_lin_restart_decay_compound(batch:1 lin{mvs:0 evals:14} gen{mvs:58 evals:1'071} comp{mvs:8 btracks:25} #w_updates:0 #perturb:0)
#48      0.52s best:9905  next:[7941,9904] quick_restart
#49      0.53s best:9853  next:[7941,9852] quick_restart_no_lp
#50      0.54s best:9852  next:[7941,9851] ls_restart_compound_perturb(batch:1 lin{mvs:0 evals:1} gen{mvs:2 evals:43} comp{mvs:2 btracks:0} #w_updates:0 #perturb:0)
#51      0.55s best:9851  next:[7941,9850] ls_restart_decay_compound(batch:1 lin{mvs:0 evals:34} gen{mvs:90 evals:1'715} comp{mvs:6 btracks:42} #w_updates:1 #perturb:0)
#52      0.56s best:9850  next:[7941,9849] ls_restart_decay_compound_perturb(batch:1 lin{mvs:0 evals:1} gen{mvs:2 evals:43} comp{mvs:2 btracks:0} #w_updates:0 #perturb:0)
#53      0.57s best:9849  next:[7941,9848] ls_lin_restart_compound(batch:1 lin{mvs:0 evals:50} gen{mvs:140 evals:2'372} comp{mvs:8 btracks:66} #w_updates:1 #perturb:0)
#54      0.57s best:9847  next:[7941,9846] ls_lin_restart_decay_compound_perturb(batch:1 lin{mvs:0 evals:16} gen{mvs:28 evals:657} comp{mvs:6 btracks:11} #w_updates:0 #perturb:0)
#55      0.58s best:9845  next:[7941,9844] ls_restart_decay_compound_perturb(batch:1 lin{mvs:0 evals:6} gen{mvs:10 evals:283} comp{mvs:8 btracks:1} #w_updates:0 #perturb:0)
#56      0.63s best:9843  next:[7941,9842] ls_restart_compound_perturb(batch:1 lin{mvs:0 evals:2} gen{mvs:4 evals:84} comp{mvs:4 btracks:0} #w_updates:0 #perturb:0)
#57      0.63s best:9842  next:[7941,9841] ls_restart_compound_perturb(batch:1 lin{mvs:0 evals:21} gen{mvs:44 evals:821} comp{mvs:4 btracks:20} #w_updates:0 #perturb:0)
#58      0.66s best:9841  next:[7941,9840] ls_restart_decay_compound_perturb(batch:1 lin{mvs:0 evals:1} gen{mvs:2 evals:43} comp{mvs:2 btracks:0} #w_updates:0 #perturb:0)
#59      0.66s best:9825  next:[7941,9824] graph_arc_lns (d=6.52e-01 s=860 t=0.10 p=0.50 stall=0 h=base)
#60      0.67s best:9741  next:[7941,9740] graph_arc_lns (d=7.48e-01 s=806 t=0.10 p=0.60 stall=0 h=base)
#61      0.68s best:9738  next:[7941,9737] ls_restart_compound_perturb(batch:1 lin{mvs:0 evals:237} gen{mvs:492 evals:8'766} comp{mvs:18 btracks:237} #w_updates:4 #perturb:0) [combined with: graph_arc_lns (d=7.4...]
#62      0.69s best:9737  next:[7941,9736] ls_restart_compound_perturb(batch:1 lin{mvs:0 evals:17} gen{mvs:36 evals:835} comp{mvs:8 btracks:14} #w_updates:0 #perturb:0)
#63      0.69s best:9736  next:[7941,9735] ls_restart_compound_perturb(batch:1 lin{mvs:0 evals:17} gen{mvs:36 evals:835} comp{mvs:8 btracks:14} #w_updates:0 #perturb:0) [combined with: ls_restart_decay_com...]
#64      0.71s best:9735  next:[7941,9734] ls_restart_decay_compound_perturb(batch:1 lin{mvs:0 evals:17} gen{mvs:48 evals:692} comp{mvs:4 btracks:22} #w_updates:0 #perturb:0)
#65      0.71s best:9734  next:[7941,9733] ls_restart_compound(batch:1 lin{mvs:0 evals:1} gen{mvs:2 evals:46} comp{mvs:2 btracks:0} #w_updates:0 #perturb:0)
#66      0.72s best:9733  next:[7941,9732] quick_restart_no_lp
#67      0.73s best:9732  next:[7941,9731] quick_restart
#68      0.73s best:9731  next:[7941,9730] ls_lin_restart_decay_compound_perturb(batch:1 lin{mvs:0 evals:43} gen{mvs:72 evals:1'750} comp{mvs:12 btracks:30} #w_updates:0 #perturb:0) [combined with: quick_restart...]
#69      0.75s best:9730  next:[7941,9729] ls_restart_compound_perturb(batch:1 lin{mvs:0 evals:146} gen{mvs:254 evals:5'622} comp{mvs:12 btracks:121} #w_updates:2 #perturb:0)
#70      0.75s best:9729  next:[7941,9728] ls_lin_restart_decay_compound(batch:1 lin{mvs:0 evals:17} gen{mvs:40 evals:745} comp{mvs:4 btracks:18} #w_updates:0 #perturb:0)
#71      0.76s best:9728  next:[7941,9727] ls_lin_restart_compound_perturb(batch:1 lin{mvs:0 evals:9} gen{mvs:28 evals:458} comp{mvs:4 btracks:12} #w_updates:0 #perturb:0)
#72      0.79s best:9726  next:[7941,9725] quick_restart_no_lp
#73      0.80s best:9725  next:[7941,9724] ls_restart_decay_compound(batch:1 lin{mvs:0 evals:31} gen{mvs:68 evals:1'281} comp{mvs:6 btracks:31} #w_updates:1 #perturb:0)
#74      0.81s best:9724  next:[7941,9723] ls_restart_decay_compound_perturb(batch:1 lin{mvs:0 evals:109} gen{mvs:302 evals:5'819} comp{mvs:4 btracks:149} #w_updates:1 #perturb:0) [combined with: ls_restart_decay_com...]
#75      0.82s best:9723  next:[7941,9722] ls_lin_restart_compound(batch:1 lin{mvs:0 evals:340} gen{mvs:608 evals:13'101} comp{mvs:32 btracks:288} #w_updates:4 #perturb:0) [combined with: quick_restart...]
#76      0.86s best:9722  next:[7941,9721] ls_restart_compound(batch:1 lin{mvs:0 evals:251} gen{mvs:510 evals:10'769} comp{mvs:30 btracks:240} #w_updates:3 #perturb:0) [combined with: ls_lin_restart_compo...]
#77      0.86s best:9625  next:[7941,9624] quick_restart
#78      0.87s best:9624  next:[7941,9623] ls_restart_decay_compound_perturb(batch:1 lin{mvs:0 evals:107} gen{mvs:176 evals:4'180} comp{mvs:18 btracks:79} #w_updates:1 #perturb:0) [combined with: quick_restart...]
#79      0.88s best:9623  next:[7941,9622] ls_lin_restart_decay_compound_perturb(batch:1 lin{mvs:0 evals:34} gen{mvs:52 evals:1'281} comp{mvs:12 btracks:20} #w_updates:0 #perturb:0)
#80      0.88s best:9622  next:[7941,9621] ls_restart_decay_compound_perturb(batch:1 lin{mvs:0 evals:5} gen{mvs:8 evals:221} comp{mvs:6 btracks:1} #w_updates:0 #perturb:0)
#81      0.89s best:9521  next:[7941,9520] rnd_var_lns (d=8.82e-01 s=907 t=0.10 p=0.71 stall=1 h=base)
#82      0.89s best:9505  next:[7941,9504] ls_restart_compound_perturb(batch:1 lin{mvs:0 evals:4} gen{mvs:4 evals:158} comp{mvs:4 btracks:0} #w_updates:0 #perturb:0)
#83      0.98s best:9407  next:[7951,9406] quick_restart
#Bound   0.99s best:9407  next:[7966,9406] objective_lb_search_max_lp [skipped_logs=22]
#84      1.11s best:9385  next:[7970,9384] rnd_var_lns (d=9.29e-01 s=1234 t=0.10 p=0.73 stall=0 h=base)
#Bound   1.98s best:9385  next:[8560,9384] objective_lb_search_max_lp [skipped_logs=16]
#Bound   2.21s best:9385  next:[8688,9384] objective_lb_search_max_lp [skipped_logs=4]
#85      3.93s best:9344  next:[8775,9343] reduced_costs
#Bound   3.79s best:9385  next:[8775,9384] objective_lb_search_max_lp [skipped_logs=7]
#86      4.70s best:9330  next:[8815,9329] reduced_costs
#Bound   4.98s best:9330  next:[8820,9329] objective_lb_search_max_lp [skipped_logs=5]
#87      5.02s best:8924  next:[8820,8923] scheduling_intervals_lns (d=1.92e-01 s=3665 t=0.10 p=0.45 stall=9 h=base)
#88      5.02s best:8910  next:[8820,8909] scheduling_intervals_lns (d=1.92e-01 s=3665 t=0.10 p=0.45 stall=9 h=base) [combined with: reduced_costs...]
#Bound   5.98s best:8910  next:[8841,8909] objective_lb_search_max_lp [skipped_logs=9]
#Bound   6.94s best:8910  next:[8863,8909] objective_lb_search_max_lp [skipped_logs=5]
#Bound   7.46s best:8910  next:[8864,8909] objective_lb_search_max_lp [skipped_logs=0]
Relative gap limit of 0.005 reached.
#Bound   8.12s best:8910  next:[8870,8909] objective_lb_search_max_lp [skipped_logs=0]

Task timing                                  n [     min,      max]      avg      dev     time         n [     min,      max]      avg      dev    dtime
                             'core':         1 [   8.11s,    8.11s]    8.11s   0.00ns    8.11s         1 [   9.61s,    9.61s]    9.61s   0.00ns    9.61s
                       'default_lp':         1 [   8.15s,    8.15s]    8.15s   0.00ns    8.15s         1 [   1.51s,    1.51s]    1.51s   0.00ns    1.51s
                 'feasibility_pump':       161 [ 71.49us,   1.83ms] 142.73us 177.65us  22.98ms       158 [ 40.99us,   1.16ms]  48.57us  88.62us   7.67ms
                            'fixed':         1 [   8.11s,    8.11s]    8.11s   0.00ns    8.11s         1 [   2.23s,    2.23s]    2.23s   0.00ns    2.23s
                               'fj':         0 [  0.00ns,   0.00ns]   0.00ns   0.00ns   0.00ns         0 [  0.00ns,   0.00ns]   0.00ns   0.00ns   0.00ns
                               'fj':         0 [  0.00ns,   0.00ns]   0.00ns   0.00ns   0.00ns         0 [  0.00ns,   0.00ns]   0.00ns   0.00ns   0.00ns
                               'fj':         0 [  0.00ns,   0.00ns]   0.00ns   0.00ns   0.00ns         0 [  0.00ns,   0.00ns]   0.00ns   0.00ns   0.00ns
                               'fj':         0 [  0.00ns,   0.00ns]   0.00ns   0.00ns   0.00ns         0 [  0.00ns,   0.00ns]   0.00ns   0.00ns   0.00ns
                               'fj':         0 [  0.00ns,   0.00ns]   0.00ns   0.00ns   0.00ns         0 [  0.00ns,   0.00ns]   0.00ns   0.00ns   0.00ns
                               'fj':         0 [  0.00ns,   0.00ns]   0.00ns   0.00ns   0.00ns         0 [  0.00ns,   0.00ns]   0.00ns   0.00ns   0.00ns
                               'fj':         0 [  0.00ns,   0.00ns]   0.00ns   0.00ns   0.00ns         0 [  0.00ns,   0.00ns]   0.00ns   0.00ns   0.00ns
                               'fj':         0 [  0.00ns,   0.00ns]   0.00ns   0.00ns   0.00ns         0 [  0.00ns,   0.00ns]   0.00ns   0.00ns   0.00ns
                               'fj':         0 [  0.00ns,   0.00ns]   0.00ns   0.00ns   0.00ns         0 [  0.00ns,   0.00ns]   0.00ns   0.00ns   0.00ns
                               'fj':         0 [  0.00ns,   0.00ns]   0.00ns   0.00ns   0.00ns         0 [  0.00ns,   0.00ns]   0.00ns   0.00ns   0.00ns
                               'fj':         0 [  0.00ns,   0.00ns]   0.00ns   0.00ns   0.00ns         0 [  0.00ns,   0.00ns]   0.00ns   0.00ns   0.00ns
                               'fj':         0 [  0.00ns,   0.00ns]   0.00ns   0.00ns   0.00ns         0 [  0.00ns,   0.00ns]   0.00ns   0.00ns   0.00ns
                               'fj':         0 [  0.00ns,   0.00ns]   0.00ns   0.00ns   0.00ns         0 [  0.00ns,   0.00ns]   0.00ns   0.00ns   0.00ns
                               'fj':         0 [  0.00ns,   0.00ns]   0.00ns   0.00ns   0.00ns         0 [  0.00ns,   0.00ns]   0.00ns   0.00ns   0.00ns
                               'fj':         0 [  0.00ns,   0.00ns]   0.00ns   0.00ns   0.00ns         0 [  0.00ns,   0.00ns]   0.00ns   0.00ns   0.00ns
                               'fj':         0 [  0.00ns,   0.00ns]   0.00ns   0.00ns   0.00ns         0 [  0.00ns,   0.00ns]   0.00ns   0.00ns   0.00ns
                               'fj':         0 [  0.00ns,   0.00ns]   0.00ns   0.00ns   0.00ns         0 [  0.00ns,   0.00ns]   0.00ns   0.00ns   0.00ns
                               'fj':         0 [  0.00ns,   0.00ns]   0.00ns   0.00ns   0.00ns         0 [  0.00ns,   0.00ns]   0.00ns   0.00ns   0.00ns
                               'fj':         0 [  0.00ns,   0.00ns]   0.00ns   0.00ns   0.00ns         0 [  0.00ns,   0.00ns]   0.00ns   0.00ns   0.00ns
                               'fj':         0 [  0.00ns,   0.00ns]   0.00ns   0.00ns   0.00ns         0 [  0.00ns,   0.00ns]   0.00ns   0.00ns   0.00ns
                               'fj':         0 [  0.00ns,   0.00ns]   0.00ns   0.00ns   0.00ns         0 [  0.00ns,   0.00ns]   0.00ns   0.00ns   0.00ns
                               'fj':         0 [  0.00ns,   0.00ns]   0.00ns   0.00ns   0.00ns         0 [  0.00ns,   0.00ns]   0.00ns   0.00ns   0.00ns
                               'fj':         0 [  0.00ns,   0.00ns]   0.00ns   0.00ns   0.00ns         0 [  0.00ns,   0.00ns]   0.00ns   0.00ns   0.00ns
                               'fj':         0 [  0.00ns,   0.00ns]   0.00ns   0.00ns   0.00ns         0 [  0.00ns,   0.00ns]   0.00ns   0.00ns   0.00ns
                               'fj':         0 [  0.00ns,   0.00ns]   0.00ns   0.00ns   0.00ns         0 [  0.00ns,   0.00ns]   0.00ns   0.00ns   0.00ns
                           'fj_lin':         0 [  0.00ns,   0.00ns]   0.00ns   0.00ns   0.00ns         0 [  0.00ns,   0.00ns]   0.00ns   0.00ns   0.00ns
                           'fj_lin':         0 [  0.00ns,   0.00ns]   0.00ns   0.00ns   0.00ns         0 [  0.00ns,   0.00ns]   0.00ns   0.00ns   0.00ns
                           'fj_lin':         0 [  0.00ns,   0.00ns]   0.00ns   0.00ns   0.00ns         0 [  0.00ns,   0.00ns]   0.00ns   0.00ns   0.00ns
                           'fj_lin':         0 [  0.00ns,   0.00ns]   0.00ns   0.00ns   0.00ns         0 [  0.00ns,   0.00ns]   0.00ns   0.00ns   0.00ns
                           'fj_lin':         0 [  0.00ns,   0.00ns]   0.00ns   0.00ns   0.00ns         0 [  0.00ns,   0.00ns]   0.00ns   0.00ns   0.00ns
                           'fj_lin':         0 [  0.00ns,   0.00ns]   0.00ns   0.00ns   0.00ns         0 [  0.00ns,   0.00ns]   0.00ns   0.00ns   0.00ns
                           'fj_lin':         0 [  0.00ns,   0.00ns]   0.00ns   0.00ns   0.00ns         0 [  0.00ns,   0.00ns]   0.00ns   0.00ns   0.00ns
                           'fj_lin':         0 [  0.00ns,   0.00ns]   0.00ns   0.00ns   0.00ns         0 [  0.00ns,   0.00ns]   0.00ns   0.00ns   0.00ns
                           'fj_lin':         0 [  0.00ns,   0.00ns]   0.00ns   0.00ns   0.00ns         0 [  0.00ns,   0.00ns]   0.00ns   0.00ns   0.00ns
                           'fj_lin':         0 [  0.00ns,   0.00ns]   0.00ns   0.00ns   0.00ns         0 [  0.00ns,   0.00ns]   0.00ns   0.00ns   0.00ns
                           'fj_lin':         0 [  0.00ns,   0.00ns]   0.00ns   0.00ns   0.00ns         0 [  0.00ns,   0.00ns]   0.00ns   0.00ns   0.00ns
                           'fj_lin':         0 [  0.00ns,   0.00ns]   0.00ns   0.00ns   0.00ns         0 [  0.00ns,   0.00ns]   0.00ns   0.00ns   0.00ns
                        'fs_random':         0 [  0.00ns,   0.00ns]   0.00ns   0.00ns   0.00ns         0 [  0.00ns,   0.00ns]   0.00ns   0.00ns   0.00ns
                        'fs_random':         0 [  0.00ns,   0.00ns]   0.00ns   0.00ns   0.00ns         0 [  0.00ns,   0.00ns]   0.00ns   0.00ns   0.00ns
                        'fs_random':         0 [  0.00ns,   0.00ns]   0.00ns   0.00ns   0.00ns         0 [  0.00ns,   0.00ns]   0.00ns   0.00ns   0.00ns
                        'fs_random':         0 [  0.00ns,   0.00ns]   0.00ns   0.00ns   0.00ns         0 [  0.00ns,   0.00ns]   0.00ns   0.00ns   0.00ns
                        'fs_random':         0 [  0.00ns,   0.00ns]   0.00ns   0.00ns   0.00ns         0 [  0.00ns,   0.00ns]   0.00ns   0.00ns   0.00ns
                        'fs_random':         0 [  0.00ns,   0.00ns]   0.00ns   0.00ns   0.00ns         0 [  0.00ns,   0.00ns]   0.00ns   0.00ns   0.00ns
                        'fs_random':         0 [  0.00ns,   0.00ns]   0.00ns   0.00ns   0.00ns         0 [  0.00ns,   0.00ns]   0.00ns   0.00ns   0.00ns
                        'fs_random':         1 [  2.18ms,   2.18ms]   2.18ms   0.00ns   2.18ms         1 [ 15.08us,  15.08us]  15.08us   0.00ns  15.08us
                        'fs_random':         1 [  2.77ms,   2.77ms]   2.77ms   0.00ns   2.77ms         1 [  5.40us,   5.40us]   5.40us   0.00ns   5.40us
                        'fs_random':         1 [  3.29ms,   3.29ms]   3.29ms   0.00ns   3.29ms         1 [127.04us, 127.04us] 127.04us   0.00ns 127.04us
                        'fs_random':         1 [  5.51ms,   5.51ms]   5.51ms   0.00ns   5.51ms         0 [  0.00ns,   0.00ns]   0.00ns   0.00ns   0.00ns
                        'fs_random':         1 [  6.06ms,   6.06ms]   6.06ms   0.00ns   6.06ms         0 [  0.00ns,   0.00ns]   0.00ns   0.00ns   0.00ns
                  'fs_random_no_lp':         0 [  0.00ns,   0.00ns]   0.00ns   0.00ns   0.00ns         0 [  0.00ns,   0.00ns]   0.00ns   0.00ns   0.00ns
                  'fs_random_no_lp':         0 [  0.00ns,   0.00ns]   0.00ns   0.00ns   0.00ns         0 [  0.00ns,   0.00ns]   0.00ns   0.00ns   0.00ns
                  'fs_random_no_lp':         0 [  0.00ns,   0.00ns]   0.00ns   0.00ns   0.00ns         0 [  0.00ns,   0.00ns]   0.00ns   0.00ns   0.00ns
                  'fs_random_no_lp':         0 [  0.00ns,   0.00ns]   0.00ns   0.00ns   0.00ns         0 [  0.00ns,   0.00ns]   0.00ns   0.00ns   0.00ns
                  'fs_random_no_lp':         0 [  0.00ns,   0.00ns]   0.00ns   0.00ns   0.00ns         0 [  0.00ns,   0.00ns]   0.00ns   0.00ns   0.00ns
                  'fs_random_no_lp':         0 [  0.00ns,   0.00ns]   0.00ns   0.00ns   0.00ns         0 [  0.00ns,   0.00ns]   0.00ns   0.00ns   0.00ns
                  'fs_random_no_lp':         0 [  0.00ns,   0.00ns]   0.00ns   0.00ns   0.00ns         0 [  0.00ns,   0.00ns]   0.00ns   0.00ns   0.00ns
                  'fs_random_no_lp':         1 [  1.18ms,   1.18ms]   1.18ms   0.00ns   1.18ms         1 [ 18.38us,  18.38us]  18.38us   0.00ns  18.38us
                  'fs_random_no_lp':         1 [  1.74ms,   1.74ms]   1.74ms   0.00ns   1.74ms         1 [ 76.37us,  76.37us]  76.37us   0.00ns  76.37us
                  'fs_random_no_lp':         1 [  2.34ms,   2.34ms]   2.34ms   0.00ns   2.34ms         1 [ 74.23us,  74.23us]  74.23us   0.00ns  74.23us
                  'fs_random_no_lp':         1 [  2.91ms,   2.91ms]   2.91ms   0.00ns   2.91ms         1 [126.66us, 126.66us] 126.66us   0.00ns 126.66us
                  'fs_random_no_lp':         1 [  3.54ms,   3.54ms]   3.54ms   0.00ns   3.54ms         1 [266.92us, 266.92us] 266.92us   0.00ns 266.92us
                  'fs_random_no_lp':         1 [  5.01ms,   5.01ms]   5.01ms   0.00ns   5.01ms         0 [  0.00ns,   0.00ns]   0.00ns   0.00ns   0.00ns
          'fs_random_quick_restart':         0 [  0.00ns,   0.00ns]   0.00ns   0.00ns   0.00ns         0 [  0.00ns,   0.00ns]   0.00ns   0.00ns   0.00ns
          'fs_random_quick_restart':         0 [  0.00ns,   0.00ns]   0.00ns   0.00ns   0.00ns         0 [  0.00ns,   0.00ns]   0.00ns   0.00ns   0.00ns
          'fs_random_quick_restart':         0 [  0.00ns,   0.00ns]   0.00ns   0.00ns   0.00ns         0 [  0.00ns,   0.00ns]   0.00ns   0.00ns   0.00ns
          'fs_random_quick_restart':         0 [  0.00ns,   0.00ns]   0.00ns   0.00ns   0.00ns         0 [  0.00ns,   0.00ns]   0.00ns   0.00ns   0.00ns
          'fs_random_quick_restart':         0 [  0.00ns,   0.00ns]   0.00ns   0.00ns   0.00ns         0 [  0.00ns,   0.00ns]   0.00ns   0.00ns   0.00ns
          'fs_random_quick_restart':         0 [  0.00ns,   0.00ns]   0.00ns   0.00ns   0.00ns         0 [  0.00ns,   0.00ns]   0.00ns   0.00ns   0.00ns
          'fs_random_quick_restart':         0 [  0.00ns,   0.00ns]   0.00ns   0.00ns   0.00ns         0 [  0.00ns,   0.00ns]   0.00ns   0.00ns   0.00ns
          'fs_random_quick_restart':         1 [  1.94ms,   1.94ms]   1.94ms   0.00ns   1.94ms         1 [  1.60us,   1.60us]   1.60us   0.00ns   1.60us
          'fs_random_quick_restart':         1 [  2.46ms,   2.46ms]   2.46ms   0.00ns   2.46ms         1 [ 27.65us,  27.65us]  27.65us   0.00ns  27.65us
          'fs_random_quick_restart':         1 [  3.05ms,   3.05ms]   3.05ms   0.00ns   3.05ms         1 [  7.84us,   7.84us]   7.84us   0.00ns   7.84us
          'fs_random_quick_restart':         1 [  5.18ms,   5.18ms]   5.18ms   0.00ns   5.18ms         0 [  0.00ns,   0.00ns]   0.00ns   0.00ns   0.00ns
          'fs_random_quick_restart':         1 [  5.77ms,   5.77ms]   5.77ms   0.00ns   5.77ms         0 [  0.00ns,   0.00ns]   0.00ns   0.00ns   0.00ns
    'fs_random_quick_restart_no_lp':         0 [  0.00ns,   0.00ns]   0.00ns   0.00ns   0.00ns         0 [  0.00ns,   0.00ns]   0.00ns   0.00ns   0.00ns
    'fs_random_quick_restart_no_lp':         0 [  0.00ns,   0.00ns]   0.00ns   0.00ns   0.00ns         0 [  0.00ns,   0.00ns]   0.00ns   0.00ns   0.00ns
    'fs_random_quick_restart_no_lp':         0 [  0.00ns,   0.00ns]   0.00ns   0.00ns   0.00ns         0 [  0.00ns,   0.00ns]   0.00ns   0.00ns   0.00ns
    'fs_random_quick_restart_no_lp':         0 [  0.00ns,   0.00ns]   0.00ns   0.00ns   0.00ns         0 [  0.00ns,   0.00ns]   0.00ns   0.00ns   0.00ns
    'fs_random_quick_restart_no_lp':         0 [  0.00ns,   0.00ns]   0.00ns   0.00ns   0.00ns         0 [  0.00ns,   0.00ns]   0.00ns   0.00ns   0.00ns
    'fs_random_quick_restart_no_lp':         0 [  0.00ns,   0.00ns]   0.00ns   0.00ns   0.00ns         0 [  0.00ns,   0.00ns]   0.00ns   0.00ns   0.00ns
    'fs_random_quick_restart_no_lp':         0 [  0.00ns,   0.00ns]   0.00ns   0.00ns   0.00ns         0 [  0.00ns,   0.00ns]   0.00ns   0.00ns   0.00ns
    'fs_random_quick_restart_no_lp':         1 [  1.46ms,   1.46ms]   1.46ms   0.00ns   1.46ms         1 [ 11.62us,  11.62us]  11.62us   0.00ns  11.62us
    'fs_random_quick_restart_no_lp':         1 [  2.03ms,   2.03ms]   2.03ms   0.00ns   2.03ms         1 [117.08us, 117.08us] 117.08us   0.00ns 117.08us
    'fs_random_quick_restart_no_lp':         1 [  2.62ms,   2.62ms]   2.62ms   0.00ns   2.62ms         1 [ 90.89us,  90.89us]  90.89us   0.00ns  90.89us
    'fs_random_quick_restart_no_lp':         1 [  3.20ms,   3.20ms]   3.20ms   0.00ns   3.20ms         1 [140.23us, 140.23us] 140.23us   0.00ns 140.23us
    'fs_random_quick_restart_no_lp':         1 [859.10us, 859.10us] 859.10us   0.00ns 859.10us         1 [190.00ns, 190.00ns] 190.00ns   0.00ns 190.00ns
                    'graph_arc_lns':        37 [  9.72ms,    1.01s] 454.33ms 248.77ms   16.81s        37 [250.09us, 100.22ms]  81.50ms  35.45ms    3.02s
                    'graph_cst_lns':        55 [  7.47ms,    1.30s] 469.79ms 272.96ms   25.84s        55 [228.19us, 100.24ms]  75.13ms  37.46ms    4.13s
                    'graph_dec_lns':        85 [  6.75ms,    1.26s] 408.51ms 269.55ms   34.72s        85 [ 98.68us, 100.20ms]  71.10ms  41.08ms    6.04s
                    'graph_var_lns':        48 [  3.48ms,    1.06s] 426.59ms 299.65ms   20.48s        48 [ 76.96us, 100.35ms]  70.79ms  42.57ms    3.40s
                     'lb_relax_lns':       109 [185.15us,    2.65s] 756.24ms 713.39ms    1.37m        79 [  3.69ms, 522.66ms] 237.72ms 159.01ms   18.78s
                   'lb_tree_search':         1 [   8.15s,    8.15s]    8.15s   0.00ns    8.15s         1 [   1.38s,    1.38s]    1.38s   0.00ns    1.38s
                               'ls':       120 [ 16.86ms,  77.74ms]  43.69ms  15.10ms    5.24s       120 [ 30.37ms, 100.68ms]  98.70ms   9.32ms   11.84s
                               'ls':       123 [  1.97ms,  73.98ms]  46.56ms  16.43ms    5.73s       123 [  2.99ms, 100.62ms]  98.36ms  11.15ms   12.10s
                               'ls':       125 [430.40us,  75.13ms]  44.28ms  16.26ms    5.53s       125 [380.12us, 100.69ms]  98.00ms  13.90ms   12.25s
                               'ls':       126 [ 25.52ms,  78.75ms]  48.37ms  15.30ms    6.09s       126 [ 28.60ms, 100.52ms]  98.98ms   7.66ms   12.47s
                               'ls':       129 [ 18.25ms,  74.89ms]  45.00ms  15.63ms    5.80s       129 [ 31.18ms, 100.60ms]  99.25ms   7.46ms   12.80s
                               'ls':       130 [  1.03ms,  74.85ms]  40.98ms  15.42ms    5.33s       130 [  1.93ms, 101.81ms]  97.69ms  14.67ms   12.70s
                               'ls':       130 [  5.52ms,  72.97ms]  46.53ms  16.04ms    6.05s       130 [  8.86ms, 100.61ms]  98.56ms  10.97ms   12.81s
                               'ls':       131 [  8.68ms,  72.54ms]  41.43ms  13.90ms    5.43s       131 [ 18.96ms, 100.37ms]  98.49ms  10.40ms   12.90s
                               'ls':       131 [ 24.68ms,  73.46ms]  42.20ms  15.28ms    5.53s       131 [ 17.92ms, 100.40ms]  99.27ms   7.39ms   13.00s
                               'ls':       134 [653.63us,  70.44ms]  37.13ms  10.83ms    4.97s       134 [741.45us, 100.50ms]  97.78ms  13.44ms   13.10s
                               'ls':       136 [ 15.95ms,  67.75ms]  36.75ms  12.76ms    5.00s       136 [ 27.64ms, 100.46ms]  98.72ms   8.89ms   13.43s
                               'ls':       136 [475.00us,  73.58ms]  38.62ms  12.33ms    5.25s       136 [391.77us, 100.56ms]  98.51ms  10.18ms   13.40s
                               'ls':       138 [  1.28ms,  71.73ms]  39.95ms  13.15ms    5.51s       138 [  1.87ms, 100.56ms]  98.53ms  11.15ms   13.60s
                               'ls':       138 [951.06us,  88.47ms]  37.79ms  14.63ms    5.22s       138 [  2.45ms, 100.57ms]  97.40ms  15.00ms   13.44s
                               'ls':       139 [  4.35ms,  72.08ms]  42.00ms  12.94ms    5.84s       139 [  7.23ms, 100.59ms]  99.00ms   9.73ms   13.76s
                               'ls':       139 [  4.68ms,  65.72ms]  36.15ms   9.37ms    5.03s       139 [  9.85ms, 100.53ms]  98.43ms  11.16ms   13.68s
                               'ls':       141 [212.84us,  69.48ms]  34.72ms  12.11ms    4.90s       141 [380.16us, 100.54ms]  96.71ms  17.15ms   13.64s
                               'ls':       142 [820.75us,  76.97ms]  38.88ms  14.69ms    5.52s       142 [  1.64ms, 100.81ms]  98.73ms  11.29ms   14.02s
                               'ls':       143 [ 16.78ms,  63.79ms]  34.29ms  10.50ms    4.90s       143 [ 56.59ms, 100.69ms]  99.78ms   3.74ms   14.27s
                           'ls_lin':       119 [  1.03ms,  75.53ms]  44.02ms  16.45ms    5.24s       119 [  2.03ms, 100.50ms]  97.83ms  14.41ms   11.64s
                           'ls_lin':       124 [350.67us,  74.09ms]  44.02ms  15.25ms    5.46s       123 [  5.50ms, 100.41ms]  98.88ms   9.95ms   12.16s
                           'ls_lin':       128 [  1.96ms,  80.05ms]  38.42ms  14.56ms    4.92s       128 [  3.65ms, 100.46ms]  97.59ms  14.15ms   12.49s
                           'ls_lin':       130 [  2.05ms,  70.15ms]  41.69ms  13.97ms    5.42s       130 [  6.08ms, 100.46ms]  97.17ms  14.67ms   12.63s
                           'ls_lin':       130 [702.02us,  76.82ms]  40.67ms  14.11ms    5.29s       130 [499.56us, 100.50ms]  98.73ms  10.71ms   12.83s
                           'ls_lin':       132 [  2.61ms,  70.37ms]  37.19ms  12.53ms    4.91s       132 [  9.52ms, 100.64ms]  99.10ms   8.93ms   13.08s
                           'ls_lin':       135 [  6.71ms,  74.37ms]  40.31ms  15.51ms    5.44s       135 [ 20.46ms, 100.63ms]  99.26ms   7.30ms   13.40s
                           'ls_lin':       138 [  6.24ms,  70.26ms]  36.90ms  12.05ms    5.09s       138 [ 13.10ms, 100.54ms]  98.83ms  10.38ms   13.64s
                           'ls_lin':       138 [922.99us,  70.95ms]  35.68ms  11.80ms    4.92s       138 [  2.41ms, 100.58ms]  98.12ms  11.63ms   13.54s
                           'ls_lin':       141 [841.64us,  75.92ms]  43.30ms  16.69ms    6.11s       141 [  1.00ms, 100.50ms]  98.93ms   9.87ms   13.95s
                           'max_lp':         1 [   8.11s,    8.11s]    8.11s   0.00ns    8.11s         1 [   2.32s,    2.32s]    2.32s   0.00ns    2.32s
                            'no_lp':         1 [   8.15s,    8.15s]    8.15s   0.00ns    8.15s         1 [   1.48s,    1.48s]    1.48s   0.00ns    1.48s
              'objective_lb_search':         1 [   8.11s,    8.11s]    8.11s   0.00ns    8.11s         1 [   1.47s,    1.47s]    1.47s   0.00ns    1.47s
       'objective_lb_search_max_lp':         1 [   8.16s,    8.16s]    8.16s   0.00ns    8.16s         1 [   1.19s,    1.19s]    1.19s   0.00ns    1.19s
        'objective_lb_search_no_lp':         1 [   8.11s,    8.11s]    8.11s   0.00ns    8.11s         1 [   2.20s,    2.20s]    2.20s   0.00ns    2.20s
         'objective_shaving_max_lp':       158 [786.33us,  27.03ms]  14.42ms   5.33ms    2.28s       152 [ 45.35us, 126.71us]  93.65us  21.45us  14.23ms
          'objective_shaving_no_lp':       158 [923.56us,  24.03ms]  14.30ms   4.66ms    2.26s       154 [  4.23us, 114.87us]  82.26us  22.83us  12.67ms
                          'probing':         1 [   8.16s,    8.16s]    8.16s   0.00ns    8.16s         1 [860.80ms, 860.80ms] 860.80ms   0.00ns 860.80ms
                   'probing_max_lp':         1 [   8.16s,    8.16s]    8.16s   0.00ns    8.16s         1 [249.39ms, 249.39ms] 249.39ms   0.00ns 249.39ms
                    'probing_no_lp':         1 [   8.16s,    8.16s]    8.16s   0.00ns    8.16s         1 [   1.02s,    1.02s]    1.02s   0.00ns    1.02s
                     'pseudo_costs':         1 [   8.16s,    8.16s]    8.16s   0.00ns    8.16s         1 [   1.50s,    1.50s]    1.50s   0.00ns    1.50s
                    'quick_restart':         1 [   8.11s,    8.11s]    8.11s   0.00ns    8.11s         1 [   1.83s,    1.83s]    1.83s   0.00ns    1.83s
              'quick_restart_no_lp':         1 [   8.11s,    8.11s]    8.11s   0.00ns    8.11s         1 [   3.05s,    3.05s]    3.05s   0.00ns    3.05s
                    'reduced_costs':         1 [   8.11s,    8.11s]    8.11s   0.00ns    8.11s         1 [   1.45s,    1.45s]    1.45s   0.00ns    1.45s
                        'rins/rens':        59 [ 58.19us,    1.69s] 651.59ms 512.07ms   38.44s        41 [100.00ms, 100.16ms] 100.02ms  31.17us    4.10s
                      'rnd_cst_lns':        56 [ 10.62us,    1.04s] 309.52ms 261.15ms   17.33s        55 [188.29us, 100.14ms]  52.56ms  43.25ms    2.89s
                      'rnd_var_lns':        47 [  4.03ms, 811.76ms] 466.87ms 217.46ms   21.94s        47 [101.56us, 100.17ms]  83.10ms  33.87ms    3.91s
         'scheduling_intervals_lns':        72 [ 21.30ms,    2.81s] 930.81ms 537.69ms    1.12m        72 [364.03us, 100.33ms]  82.26ms  31.06ms    5.92s
       'scheduling_precedences_lns':        72 [ 16.89ms,    2.36s]    1.06s 583.07ms    1.27m        72 [207.13us, 100.44ms]  85.34ms  30.18ms    6.14s
  'scheduling_resource_windows_lns':        81 [376.18ms,    1.30s] 832.23ms 275.29ms    1.12m        81 [100.00ms, 100.53ms] 100.03ms  69.50us    8.10s
       'scheduling_time_window_lns':        64 [ 12.96ms,    1.57s] 529.59ms 345.98ms   33.89s        64 [ 71.63us, 100.52ms]  77.25ms  40.09ms    4.94s
                'variables_shaving':       158 [  9.45ms, 493.94ms]  79.91ms  91.89ms   12.63s       158 [343.31us,  30.85ms]   5.37ms   7.10ms 847.85ms
         'variables_shaving_max_lp':       103 [ 48.95ms, 928.64ms] 279.88ms 230.86ms   28.83s       103 [  9.67ms, 100.08ms]  46.92ms  36.53ms    4.83s
          'variables_shaving_no_lp':       158 [  7.48ms, 497.32ms]  58.70ms  76.33ms    9.27s       158 [324.28us,  32.90ms]   3.15ms   4.74ms 497.88ms

Search stats                         Bools  Conflicts  Branches  Restarts  BoolPropag  IntegerPropag
                           'core':  13'217      3'145    50'788     6'726  12'127'611      2'245'165
                     'default_lp':   2'074     11'080    53'371     4'190   3'453'712      9'153'255
                          'fixed':     957     25'670    46'996       523   2'475'842     16'147'259
                      'fs_random':       0          0         0         0           0              0
                      'fs_random':       0          0         0         0           0              0
                      'fs_random':       0          0         0         0           0              0
                      'fs_random':       0          0         0         0           0              0
                      'fs_random':       0          0         0         0           0              0
                      'fs_random':       0          0         0         0           0              0
                      'fs_random':       0          0         0         0           0              0
                      'fs_random':       0          0         0         0           0              0
                      'fs_random':       0          0         0         0           0              0
                      'fs_random':       1          0         0         0           0              0
                      'fs_random':      38          0        38         0           0            745
                      'fs_random':       6          0         6         0           0             58
                'fs_random_no_lp':       0          0         0         0           0              0
                'fs_random_no_lp':       0          0         0         0           0              0
                'fs_random_no_lp':       0          0         0         0           0              0
                'fs_random_no_lp':       0          0         0         0           0              0
                'fs_random_no_lp':       0          0         0         0           0              0
                'fs_random_no_lp':       0          0         0         0           0              0
                'fs_random_no_lp':       0          0         0         0           0              0
                'fs_random_no_lp':       0          0         0         0           0              0
                'fs_random_no_lp':      25          0        25         0           0            459
                'fs_random_no_lp':      26          0        26         0           0            443
                'fs_random_no_lp':      42          0        42         0           0            821
                'fs_random_no_lp':      85          0        85         0           0          1'787
                'fs_random_no_lp':       9          0         9         0           0            100
        'fs_random_quick_restart':       0          0         0         0           0              0
        'fs_random_quick_restart':       0          0         0         0           0              0
        'fs_random_quick_restart':       0          0         0         0           0              0
        'fs_random_quick_restart':       0          0         0         0           0              0
        'fs_random_quick_restart':       0          0         0         0           0              0
        'fs_random_quick_restart':       0          0         0         0           0              0
        'fs_random_quick_restart':       0          0         0         0           0              0
        'fs_random_quick_restart':       0          0         0         0           0              0
        'fs_random_quick_restart':       0          0         0         0           0              0
        'fs_random_quick_restart':       0          0         0         0           0              0
        'fs_random_quick_restart':      12          0        12         0           0            130
        'fs_random_quick_restart':       3          0         3         0           0             13
  'fs_random_quick_restart_no_lp':       0          0         0         0           0              0
  'fs_random_quick_restart_no_lp':       0          0         0         0           0              0
  'fs_random_quick_restart_no_lp':       0          0         0         0           0              0
  'fs_random_quick_restart_no_lp':       0          0         0         0           0              0
  'fs_random_quick_restart_no_lp':       0          0         0         0           0              0
  'fs_random_quick_restart_no_lp':       0          0         0         0           0              0
  'fs_random_quick_restart_no_lp':       0          0         0         0           0              0
  'fs_random_quick_restart_no_lp':       1          0         1         0           0              1
  'fs_random_quick_restart_no_lp':      10          0        10         0           0             64
  'fs_random_quick_restart_no_lp':      35          0        35         0           0            559
  'fs_random_quick_restart_no_lp':      49          0        49         0           0            915
  'fs_random_quick_restart_no_lp':       7          0         7         0           0            966
                 'lb_tree_search':   2'701        820   101'528    26'975     903'783      1'912'033
                         'max_lp':   1'365      7'339    67'459     5'615   2'801'036     12'002'999
                          'no_lp':   1'415     13'406    28'573     1'948   2'850'777      8'912'694
            'objective_lb_search':   1'789      9'026    75'386     6'692   2'882'983      9'853'791
     'objective_lb_search_max_lp':   2'801      3'759    35'442    18'244   1'085'182      3'288'975
      'objective_lb_search_no_lp':   1'928     12'245    87'956     9'323   5'600'611     13'348'682
                        'probing':   3'604      3'215    28'231    14'883   1'369'579      3'119'342
                 'probing_max_lp':   2'903         88     5'718     5'718      44'502        109'316
                  'probing_no_lp':   3'697      4'305    31'582    16'154   1'800'871      3'863'408
                   'pseudo_costs':   1'278      6'517    38'183     6'684     817'420      5'692'990
                  'quick_restart':   4'913     10'257    80'144     7'968   7'787'707      8'549'860
            'quick_restart_no_lp':   5'826     16'726   106'719     8'003  14'714'061     13'752'603
                  'reduced_costs':   3'897      4'572    41'274    15'220   1'919'361      3'203'747

SAT stats                           ClassicMinim  LitRemoved  LitLearned  LitForgotten  Subsumed  MClauses  MDecisions  MLitTrue  MSubsumed  MLitRemoved  MReused
                           'core':         1'530       8'924      13'563             0         2    12'669      17'309         0        288          867    7'796
                     'default_lp':        10'276      54'269     114'421        53'332        22     1'903       3'722         0        372        1'954    1'961
                          'fixed':        20'074      43'101     699'064       335'773       149         0           0         0          0            0        0
                      'fs_random':             0           0           0             0         0         0           0         0          0            0        0
                      'fs_random':             0           0           0             0         0         0           0         0          0            0        0
                      'fs_random':             0           0           0             0         0         0           0         0          0            0        0
                      'fs_random':             0           0           0             0         0         0           0         0          0            0        0
                      'fs_random':             0           0           0             0         0         0           0         0          0            0        0
                      'fs_random':             0           0           0             0         0         0           0         0          0            0        0
                      'fs_random':             0           0           0             0         0         0           0         0          0            0        0
                      'fs_random':             0           0           0             0         0         0           0         0          0            0        0
                      'fs_random':             0           0           0             0         0         0           0         0          0            0        0
                      'fs_random':             0           0           0             0         0         0           0         0          0            0        0
                      'fs_random':             0           0           0             0         0         0           0         0          0            0        0
                      'fs_random':             0           0           0             0         0         0           0         0          0            0        0
                'fs_random_no_lp':             0           0           0             0         0         0           0         0          0            0        0
                'fs_random_no_lp':             0           0           0             0         0         0           0         0          0            0        0
                'fs_random_no_lp':             0           0           0             0         0         0           0         0          0            0        0
                'fs_random_no_lp':             0           0           0             0         0         0           0         0          0            0        0
                'fs_random_no_lp':             0           0           0             0         0         0           0         0          0            0        0
                'fs_random_no_lp':             0           0           0             0         0         0           0         0          0            0        0
                'fs_random_no_lp':             0           0           0             0         0         0           0         0          0            0        0
                'fs_random_no_lp':             0           0           0             0         0         0           0         0          0            0        0
                'fs_random_no_lp':             0           0           0             0         0         0           0         0          0            0        0
                'fs_random_no_lp':             0           0           0             0         0         0           0         0          0            0        0
                'fs_random_no_lp':             0           0           0             0         0         0           0         0          0            0        0
                'fs_random_no_lp':             0           0           0             0         0         0           0         0          0            0        0
                'fs_random_no_lp':             0           0           0             0         0         0           0         0          0            0        0
        'fs_random_quick_restart':             0           0           0             0         0         0           0         0          0            0        0
        'fs_random_quick_restart':             0           0           0             0         0         0           0         0          0            0        0
        'fs_random_quick_restart':             0           0           0             0         0         0           0         0          0            0        0
        'fs_random_quick_restart':             0           0           0             0         0         0           0         0          0            0        0
        'fs_random_quick_restart':             0           0           0             0         0         0           0         0          0            0        0
        'fs_random_quick_restart':             0           0           0             0         0         0           0         0          0            0        0
        'fs_random_quick_restart':             0           0           0             0         0         0           0         0          0            0        0
        'fs_random_quick_restart':             0           0           0             0         0         0           0         0          0            0        0
        'fs_random_quick_restart':             0           0           0             0         0         0           0         0          0            0        0
        'fs_random_quick_restart':             0           0           0             0         0         0           0         0          0            0        0
        'fs_random_quick_restart':             0           0           0             0         0         0           0         0          0            0        0
        'fs_random_quick_restart':             0           0           0             0         0         0           0         0          0            0        0
  'fs_random_quick_restart_no_lp':             0           0           0             0         0         0           0         0          0            0        0
  'fs_random_quick_restart_no_lp':             0           0           0             0         0         0           0         0          0            0        0
  'fs_random_quick_restart_no_lp':             0           0           0             0         0         0           0         0          0            0        0
  'fs_random_quick_restart_no_lp':             0           0           0             0         0         0           0         0          0            0        0
  'fs_random_quick_restart_no_lp':             0           0           0             0         0         0           0         0          0            0        0
  'fs_random_quick_restart_no_lp':             0           0           0             0         0         0           0         0          0            0        0
  'fs_random_quick_restart_no_lp':             0           0           0             0         0         0           0         0          0            0        0
  'fs_random_quick_restart_no_lp':             0           0           0             0         0         0           0         0          0            0        0
  'fs_random_quick_restart_no_lp':             0           0           0             0         0         0           0         0          0            0        0
  'fs_random_quick_restart_no_lp':             0           0           0             0         0         0           0         0          0            0        0
  'fs_random_quick_restart_no_lp':             0           0           0             0         0         0           0         0          0            0        0
  'fs_random_quick_restart_no_lp':             0           0           0             0         0         0           0         0          0            0        0
                 'lb_tree_search':           233         543       8'885             0        24     2'821       6'341         0         12           67      272
                         'max_lp':         6'934      55'610      72'091             0        21     4'817      15'789         0      1'432       11'077    3'464
                          'no_lp':        13'020      75'420     304'624       125'135        12       160         164         0          4           12      317
            'objective_lb_search':         8'433      40'767      72'274             0        46     1'973       3'442         0        310        1'641    4'027
     'objective_lb_search_max_lp':         3'209      14'065      27'729             0       101       389       1'488         0         84          513      129
      'objective_lb_search_no_lp':        11'841     101'996      84'334             0        53     4'677       4'458         0        330        1'573    6'532
                        'probing':         1'647       5'344      19'116             0       612       390       1'410        28        173        1'154       32
                 'probing_max_lp':             0           0          88             0         0         0           0         0          0            0        0
                  'probing_no_lp':         2'175       6'308      26'631             0       783       748       2'413         4        218        1'292      175
                   'pseudo_costs':         6'480      54'566      82'168             0        15        64         154         0          6           26       63
                  'quick_restart':         8'090      29'290      60'728             0        32     4'830       7'131         0      2'207        7'641    3'540
            'quick_restart_no_lp':        14'768      48'338      93'315             0        52     4'928       8'077         0      1'171        4'397    4'577
                  'reduced_costs':         3'295      18'719      55'441             0        42     1'579       7'132         0        874        8'734    1'042

Lp stats                         Component  Iterations  AddedCuts  OPTIMAL  DUAL_F.  DUAL_U.
                  'default_lp':         28       1'117          0   57'201        0        0
                       'fixed':         28       7'119          0  193'306        0        0
                   'fs_random':         28           0          0        0        0        0
                   'fs_random':         28           0          0        0        0        0
                   'fs_random':         28          20          0      114        0        0
                   'fs_random':         28          20          0      119        0        0
                   'fs_random':         28          39          0      182        0        0
     'fs_random_quick_restart':         28           0          0        0        0        0
     'fs_random_quick_restart':         28          20          0      115        0        0
     'fs_random_quick_restart':         28          20          0      128        0        0
     'fs_random_quick_restart':         28          20          0       43        0        0
              'lb_tree_search':          1      29'925      1'619   12'441      698        0
                      'max_lp':          1      10'871      1'136   18'647      121        0
         'objective_lb_search':         28       1'694          0   62'323        0        0
  'objective_lb_search_max_lp':          1      19'199        670    9'374      245        0
                     'probing':         28       3'233          0  436'129        0        0
              'probing_max_lp':          1       3'529        657    1'088       94        0
                'pseudo_costs':          1      20'185      1'631   19'804      269        0
               'quick_restart':         28       4'026          0   67'786        0        0
               'reduced_costs':          1      15'503      1'726   12'515      237        0

Lp dimension                      Final dimension of first component
                  'default_lp':        1 rows, 11 columns, 2 entries
                       'fixed':        0 rows, 11 columns, 0 entries
                   'fs_random':        0 rows, 11 columns, 0 entries
                   'fs_random':        0 rows, 11 columns, 0 entries
                   'fs_random':        0 rows, 11 columns, 0 entries
                   'fs_random':        0 rows, 11 columns, 0 entries
                   'fs_random':        0 rows, 11 columns, 0 entries
     'fs_random_quick_restart':        0 rows, 11 columns, 0 entries
     'fs_random_quick_restart':        0 rows, 11 columns, 0 entries
     'fs_random_quick_restart':        0 rows, 11 columns, 0 entries
     'fs_random_quick_restart':        0 rows, 11 columns, 0 entries
              'lb_tree_search':   220 rows, 280 columns, 579 entries
                      'max_lp':   268 rows, 280 columns, 750 entries
         'objective_lb_search':        4 rows, 11 columns, 8 entries
  'objective_lb_search_max_lp':   253 rows, 280 columns, 837 entries
                     'probing':        0 rows, 11 columns, 0 entries
              'probing_max_lp':  323 rows, 280 columns, 1235 entries
                'pseudo_costs':   214 rows, 280 columns, 559 entries
               'quick_restart':        0 rows, 11 columns, 0 entries
               'reduced_costs':   212 rows, 280 columns, 697 entries

Lp debug                         CutPropag  CutEqPropag  Adjust  Overflow      Bad  BadScaling
                  'default_lp':          0            0       0         0        0           0
                       'fixed':          0            0       0         0        0           0
                   'fs_random':          0            0       0         0        0           0
                   'fs_random':          0            0       0         0        0           0
                   'fs_random':          0            0       0         0        0           0
                   'fs_random':          0            0       0         0        0           0
                   'fs_random':          0            0       0         0        0           0
     'fs_random_quick_restart':          0            0       0         0        0           0
     'fs_random_quick_restart':          0            0       0         0        0           0
     'fs_random_quick_restart':          0            0       0         0        0           0
     'fs_random_quick_restart':          0            0       0         0        0           0
              'lb_tree_search':          0            0  13'031         0   39'607           0
                      'max_lp':          0            1   2'882         0   42'902           0
         'objective_lb_search':          0            0       0         0        0           0
  'objective_lb_search_max_lp':          0           27   8'170         0   77'902           0
                     'probing':          0            0       0         0        0           0
              'probing_max_lp':          0            0   1'180         0  608'141           0
                'pseudo_costs':          0            0   4'371         0   17'087           0
               'quick_restart':          0            0       0         0        0           0
               'reduced_costs':          0            4  11'218         0   30'089           0

Lp pool                          Constraints  Updates  Simplif  Merged  Shortened  Split  Strenghtened      Cuts/Call
                  'default_lp':          291        0        0       0          0      0             0            0/0
                       'fixed':          291        0        0       0          0      0             0            0/0
                   'fs_random':          291        0        0       0          0      0             0            0/0
                   'fs_random':          291        0        0       0          0      0             0            0/0
                   'fs_random':          291        0        0       0          0      0             0            0/0
                   'fs_random':          291        0        0       0          0      0             0            0/0
                   'fs_random':          291        0        0       0          0      0             0            0/0
     'fs_random_quick_restart':          291        0        0       0          0      0             0            0/0
     'fs_random_quick_restart':          291        0        0       0          0      0             0            0/0
     'fs_random_quick_restart':          291        0        0       0          0      0             0            0/0
     'fs_random_quick_restart':          291        0        0       0          0      0             0            0/0
              'lb_tree_search':        1'864    2'748       34      46          0      0             4  1'619/171'927
                      'max_lp':        1'227    5'746        0     200          0      0             0  1'136/139'300
         'objective_lb_search':          291        0        0       0          0      0             0            0/0
  'objective_lb_search_max_lp':          886    1'876        2      75          0      0             2     670/78'666
                     'probing':          291        0        0       0          0      0             0            0/0
              'probing_max_lp':          944      812        0       4          0      0             0     657/18'978
                'pseudo_costs':        1'621    2'898       40     301          0      0             0  1'631/160'873
               'quick_restart':          291        0        0       0          0      0             0            0/0
               'reduced_costs':        1'723    1'597        0     294          0      0             0  1'726/112'572

Lp Cut                                                max_lp  reduced_costs  pseudo_costs  lb_tree_search  probing_max_lp  objective_lb_search_max_lp
                                              CG_FF:       6              1             -               -               -                           -
                                               CG_K:       4              2             5               4               3                           1
                                               CG_R:      17             32            35              11              14                           7
                                           MIR_1_FF:       -              -             -               1               -                           -
                                            MIR_1_K:       1              4             6               -               1                           3
                                            MIR_1_R:       5             31            26               4               2                          10
                                           MIR_2_FF:       1              -             1               -               1                           -
                                            MIR_2_K:       3              -             2               2               3                           2
                                            MIR_2_R:       5              8             7               3               2                           3
                                           MIR_3_FF:       1              1             1               1               1                           -
                                            MIR_3_K:       2              1             1               1               3                           -
                                            MIR_3_R:       6              4             2               2               5                           1
                                            MIR_4_K:       -              2             1               1               2                           1
                                            MIR_4_R:       -              3             -               2               1                           -
                                           MIR_5_FF:       -              -             -               1               -                           -
                                            MIR_5_K:       1              -             1               1               -                           1
                                            MIR_5_R:       2              -             3               2               -                           -
                                            MIR_6_K:       1              -             -               -               -                           -
                                            MIR_6_R:       1              -             -               1               1                           -
                  NoOverlapCompletionTimeExhaustive:      67             44            44              66              37                          29
           NoOverlapCompletionTimeExhaustive_lifted:      51             60            51              66              27                          21
  NoOverlapCompletionTimeExhaustive_lifted_weighted:     122            206           191             186              52                          79
         NoOverlapCompletionTimeExhaustive_weighted:     120            117           105             119              50                          49
                    NoOverlapCompletionTimeQueyrane:     157            277           251             348             123                         105
             NoOverlapCompletionTimeQueyrane_lifted:     272            505           463             558             178                         170
                        NoOverlapDetectedPrecedence:       -              1             1               -               -                           -
                          NoOverlapDisjunctionOnEnd:       -              -             3               1               -                           -
                        NoOverlapDisjunctionOnStart:     259            389           417             189             124                         170
                                        ZERO_HALF_R:      32             38            14              49              27                          18

LNS stats                             Improv/Calls  Closed  Difficulty  TimeLimit
                    'graph_arc_lns':         11/37     27%    5.90e-02       0.10
                    'graph_cst_lns':          8/55     35%    1.86e-01       0.10
                    'graph_dec_lns':         16/85     36%    1.60e-01       0.10
                    'graph_var_lns':          7/48     33%    1.04e-01       0.10
                     'lb_relax_lns':          5/79     28%    2.59e-02       0.51
                        'rins/rens':         10/51     20%    9.48e-03       0.10
                      'rnd_cst_lns':          6/55     44%    6.63e-01       0.10
                      'rnd_var_lns':         23/47     21%    1.75e-02       0.10
         'scheduling_intervals_lns':         10/72     31%    1.38e-02       0.10
       'scheduling_precedences_lns':          4/72     21%    1.43e-03       0.10
  'scheduling_resource_windows_lns':          5/81      0%    3.91e-07       0.10
       'scheduling_time_window_lns':          3/64     25%    4.06e-03       0.10

LS stats                                    Batches  Restarts/Perturbs  LinMoves  GenMoves  CompoundMoves  Bactracks  WeightUpdates  ScoreComputed
                                    'ls_':      137                 20     2'143    93'891          2'483     31'543         13'856     38'592'640
                         'ls_lin_restart':      176                 86     3'797    99'738              0          0         21'282     49'540'939
                'ls_lin_restart_compound':      144                 74         0    98'120          3'806     46'992            818     46'263'517
        'ls_lin_restart_compound_perturb':      149                 76         0   111'098          5'299     52'712            840     46'195'411
                   'ls_lin_restart_decay':      176                 91     4'734   155'511              0          0          7'242     47'770'772
          'ls_lin_restart_decay_compound':      160                 84         0   120'194          5'855     56'963            923     49'424'558
  'ls_lin_restart_decay_compound_perturb':      193                 81         0   148'492          6'821     70'578            943     58'304'685
           'ls_lin_restart_decay_perturb':      145                 79     3'793   122'601              0          0          5'496     40'298'503
                 'ls_lin_restart_perturb':      172                 90     3'122    93'778              0          0         28'777     47'328'399
                             'ls_restart':      226                124     4'736   127'680              0          0         30'017     63'065'660
                    'ls_restart_compound':      292                156         0   212'682          8'402    101'772          1'844     92'653'644
            'ls_restart_compound_perturb':      293                152         0   215'539          8'039    103'413          1'814     88'855'877
                       'ls_restart_decay':      338                155     9'809   303'365              0          0         12'578     91'288'344
              'ls_restart_decay_compound':      337                160         0   248'041         11'692    117'717          1'823    106'533'468
      'ls_restart_decay_compound_perturb':      258                138         0   188'197          9'216     89'154          1'189     79'845'207
               'ls_restart_decay_perturb':      265                151     6'835   226'294              0          0         10'555     73'602'714
                     'ls_restart_perturb':      385                150     8'714   203'100              0          0         49'615    104'037'117

Solutions (88)                              Num     Rank
                                  'fixed':    1    [3,3]
                          'graph_arc_lns':    3  [10,60]
                          'graph_cst_lns':    1    [8,8]
                          'graph_dec_lns':    4   [7,15]
                          'graph_var_lns':    2   [9,21]
                'ls_lin_restart_compound':    3  [36,75]
        'ls_lin_restart_compound_perturb':    4  [12,71]
          'ls_lin_restart_decay_compound':    3  [28,70]
  'ls_lin_restart_decay_compound_perturb':    6  [30,79]
                    'ls_restart_compound':    3  [20,76]
            'ls_restart_compound_perturb':   13  [22,82]
              'ls_restart_decay_compound':    5  [16,73]
      'ls_restart_decay_compound_perturb':    8  [11,80]
                                  'no_lp':    1    [1,1]
              'objective_lb_search_no_lp':    1    [4,4]
                          'quick_restart':    8  [17,83]
                    'quick_restart_no_lp':   13   [2,72]
                          'reduced_costs':    3  [40,86]
                            'rnd_cst_lns':    1    [6,6]
                            'rnd_var_lns':    3   [5,84]
               'scheduling_intervals_lns':    2  [87,88]

Objective bounds                 Num
                   'bool_core':   34
              'initial_domain':    1
                      'max_lp':    5
  'objective_lb_search_max_lp':   58

Solution repositories    Added  Queried  Synchro
  'feasible solutions':    694    3'475      460
   'fj solution hints':      0        0        0
        'lp solutions':    352       19      311
                'pump':    160       40

Improving bounds shared            Num  Sym
                  'default_lp':     23    0
                       'fixed':    310    0
              'lb_tree_search':  1'318    0
                      'max_lp':  5'322    0
                       'no_lp':    283    0
         'objective_lb_search':     32    0
  'objective_lb_search_max_lp':    480    0
   'objective_lb_search_no_lp':    286    0
                     'probing':    348    0
              'probing_max_lp':    267    0
               'probing_no_lp':    353    0
                'pseudo_costs':    983    0
               'quick_restart':    109    0
         'quick_restart_no_lp':    765    0
               'reduced_costs':     43    0

CpSolverResponse summary:
status: OPTIMAL
objective: 8910
best_bound: 8870
integers: 281
booleans: 85
conflicts: 0
branches: 85
propagations: 0
integer_propagations: 1787
restarts: 0
lp_iterations: 0
walltime: 8.20188
usertime: 8.20188
deterministic_time: 489.516
gap_integral: 2711.36
solution_fingerprint: 0xd1bf56283f84c435

