
Starting CP-SAT solver v9.14.6206
Parameters: max_time_in_seconds: 300 log_search_progress: true num_search_workers: 104 relative_gap_limit: 0.005

Initial optimization model '': (model_fingerprint: 0x36091083ee2767c)
#Variables: 487 (#ints: 64 in objective) (398 primary variables)
  - 89 in [0,38125]
  - 78 in [24480,38125]
  - 320 in [25920,38125]
#kInterval: 203 (#fixed: 4)
#kLinMax: 89 (#expressions: 178)
#kLinear1: 25
#kLinear2: 174
#kNoOverlap: 10 (#intervals: 203, #fixed_intervals: 4)

Starting presolve at 0.00s
  7.75e-05s  0.00e+00d  [DetectDominanceRelations] 
  1.85e-03s  0.00e+00d  [PresolveToFixPoint] #num_loops=10 #num_dual_strengthening=1 
  2.28e-06s  0.00e+00d  [ExtractEncodingFromLinear] 
  1.69e-05s  0.00e+00d  [DetectDuplicateColumns] 
  6.55e-05s  0.00e+00d  [DetectDuplicateConstraints] 
[Symmetry] Graph for symmetry has 1'134 nodes and 1'059 arcs.
[Symmetry] Symmetry computation done. time: 9.4072e-05 dtime: 0.00011005
  6.39e-05s  0.00e+00d  [DetectDuplicateConstraintsWithDifferentEnforcements] 
  5.60e-04s  5.06e-06d  [Probe] #new_bounds=26 
  2.18e-06s  0.00e+00d  [MaxClique] 
  6.52e-05s  0.00e+00d  [DetectDominanceRelations] 
  4.63e-04s  0.00e+00d  [PresolveToFixPoint] #num_loops=2 #num_dual_strengthening=1 
  2.68e-05s  0.00e+00d  [ProcessAtMostOneAndLinear] 
  5.77e-05s  0.00e+00d  [DetectDuplicateConstraints] 
  5.38e-05s  0.00e+00d  [DetectDuplicateConstraintsWithDifferentEnforcements] 
  2.85e-05s  1.17e-06d  [DetectDominatedLinearConstraints] #relevant_constraints=195 
  2.73e-05s  0.00e+00d  [DetectDifferentVariables] 
  2.25e-06s  0.00e+00d  [ProcessSetPPC] 
  5.07e-06s  0.00e+00d  [FindAlmostIdenticalLinearConstraints] 
  1.05e-05s  0.00e+00d  [FindBigAtMostOneAndLinearOverlap] 
  1.62e-05s  7.23e-06d  [FindBigVerticalLinearOverlap] 
  1.81e-06s  0.00e+00d  [FindBigHorizontalLinearOverlap] 
  1.70e-06s  0.00e+00d  [MergeClauses] 
  6.04e-05s  0.00e+00d  [DetectDominanceRelations] 
  3.23e-04s  0.00e+00d  [PresolveToFixPoint] #num_loops=1 #num_dual_strengthening=1 
  5.65e-05s  0.00e+00d  [DetectDominanceRelations] 
  3.19e-04s  0.00e+00d  [PresolveToFixPoint] #num_loops=1 #num_dual_strengthening=1 
  1.08e-05s  0.00e+00d  [DetectDuplicateColumns] 
  5.41e-05s  0.00e+00d  [DetectDuplicateConstraints] 
[Symmetry] Graph for symmetry has 1'112 nodes and 1'027 arcs.
[Symmetry] Symmetry computation done. time: 7.3875e-05 dtime: 0.00010474
  5.82e-05s  0.00e+00d  [DetectDuplicateConstraintsWithDifferentEnforcements] 
  4.13e-04s  2.05e-06d  [Probe] 
  1.51e-06s  0.00e+00d  [MaxClique] 
  6.31e-05s  0.00e+00d  [DetectDominanceRelations] 
  3.64e-04s  0.00e+00d  [PresolveToFixPoint] #num_loops=1 #num_dual_strengthening=1 
  2.45e-05s  0.00e+00d  [ProcessAtMostOneAndLinear] 
  5.52e-05s  0.00e+00d  [DetectDuplicateConstraints] 
  5.82e-05s  0.00e+00d  [DetectDuplicateConstraintsWithDifferentEnforcements] 
  2.27e-05s  1.17e-06d  [DetectDominatedLinearConstraints] #relevant_constraints=195 
  2.66e-05s  0.00e+00d  [DetectDifferentVariables] 
  2.10e-06s  0.00e+00d  [ProcessSetPPC] 
  2.32e-06s  0.00e+00d  [FindAlmostIdenticalLinearConstraints] 
  1.09e-05s  0.00e+00d  [FindBigAtMostOneAndLinearOverlap] 
  1.53e-05s  7.23e-06d  [FindBigVerticalLinearOverlap] 
  1.84e-06s  0.00e+00d  [FindBigHorizontalLinearOverlap] 
  1.36e-06s  0.00e+00d  [MergeClauses] 
  5.97e-05s  0.00e+00d  [DetectDominanceRelations] 
  3.23e-04s  0.00e+00d  [PresolveToFixPoint] #num_loops=1 #num_dual_strengthening=1 
  1.37e-05s  0.00e+00d  [ExpandObjective] 

Presolve summary:
  - 233 affine relations were detected.
  - rule 'TODO dual: only one blocking constraint?' was applied 336 times.
  - rule 'TODO dual: only one unspecified blocking constraint?' was applied 127 times.
  - rule 'affine: new relation' was applied 233 times.
  - rule 'intervals: removed unused interval' was applied 4 times.
  - rule 'lin_max: converted abs to equality' was applied 30 times.
  - rule 'lin_max: converted to equality' was applied 6 times.
  - rule 'lin_max: propagate domain from x to abs(x)' was applied 51 times.
  - rule 'lin_max: removed exprs' was applied 6 times.
  - rule 'lin_max: rewrite with precedences' was applied 22 times.
  - rule 'lin_max: target domain reduced' was applied 50 times.
  - rule 'lin_max: unused affine target' was applied 22 times.
  - rule 'linear1: x in domain' was applied 19 times.
  - rule 'linear: always true' was applied 31 times.
  - rule 'linear: fixed or dup variables' was applied 3 times.
  - rule 'linear: reduced variable domains' was applied 992 times.
  - rule 'linear: remapped using affine relations' was applied 492 times.
  - rule 'linear: tightened into equality' was applied 1 time.
  - rule 'no_overlap: split into disjoint components' was applied 4 times.
  - rule 'presolve: 3 unused variables removed.' was applied 1 time.
  - rule 'presolve: iteration' was applied 2 times.

Presolved optimization model '': (model_fingerprint: 0x7c3b6c18cc045118)
#Variables: 229 (#ints: 60 in objective) (199 primary variables)
  - 216 different domains in [0,38104] with a largest complexity of 1.
#kInterval: 199
#kLinMax: 9 (#expressions: 18)
#kLinear2: 195
#kNoOverlap: 10 (#intervals: 199)
[Symmetry] Graph for symmetry has 854 nodes and 1'027 arcs.
[Symmetry] Symmetry computation done. time: 5.5504e-05 dtime: 8.926e-05

Preloading model.
#Bound   0.01s best:inf   next:[4085,747804] initial_domain
#Model   0.01s var:229/229 constraints:413/413

Starting search at 0.01s with 104 workers.
18 full problem subsolvers: [core, default_lp, fixed, lb_tree_search, max_lp, no_lp, objective_lb_search, objective_lb_search_max_lp, objective_lb_search_no_lp, objective_shaving_max_lp, objective_shaving_no_lp, probing, probing_max_lp, probing_no_lp, pseudo_costs, quick_restart, quick_restart_no_lp, reduced_costs]
86 first solution subsolvers: [fj(25), fj_lin(12), fs_random(12), fs_random_no_lp(13), fs_random_quick_restart(12), fs_random_quick_restart_no_lp(12)]
45 interleaved subsolvers: [feasibility_pump, graph_arc_lns, graph_cst_lns, graph_dec_lns, graph_var_lns, lb_relax_lns, ls(19), ls_lin(10), rins/rens, rnd_cst_lns, rnd_var_lns, scheduling_intervals_lns, scheduling_precedences_lns, scheduling_resource_windows_lns, scheduling_time_window_lns, variables_shaving, variables_shaving_max_lp, variables_shaving_no_lp]
3 helper subsolvers: [neighborhood_helper, synchronization_agent, update_gap_integral]

#Bound   0.02s best:inf   next:[4116,747804] objective_lb_search
#1       0.02s best:19812 next:[4116,19811] no_lp
#Bound   0.02s best:19812 next:[4118,19811] objective_lb_search
#Bound   0.02s best:19812 next:[4122,19811] objective_lb_search
#2       0.02s best:18899 next:[4122,18898] quick_restart_no_lp
#Bound   0.02s best:18899 next:[4189,18898] objective_lb_search
#Bound   0.02s best:18899 next:[4192,18898] objective_lb_search
#Bound   0.02s best:18899 next:[4193,18898] objective_lb_search
#3       0.02s best:18720 next:[4193,18719] fixed
#Bound   0.02s best:18720 next:[4242,18719] objective_lb_search
#4       0.02s best:7022  next:[4242,7021] objective_lb_search_no_lp
#Bound   0.02s best:7022  next:[4313,7021] objective_lb_search
#Bound   0.03s best:7022  next:[5072,7021] max_lp
#5       0.03s best:7015  next:[5072,7014] objective_lb_search
#Bound   0.04s best:7015  next:[5460,7014] max_lp
#6       0.04s best:6970  next:[5460,6969] graph_dec_lns (d=7.07e-01 s=74 t=0.10 p=1.00 stall=1 h=base)
#Bound   0.05s best:6970  next:[5478,6969] max_lp
#7       0.05s best:6947  next:[5478,6946] graph_var_lns (d=5.00e-01 s=83 t=0.10 p=0.00 stall=0 h=base) [combined with: rins_pump_lns (d=5.0...]
#8       0.06s best:6897  next:[5478,6896] graph_arc_lns (d=5.00e-01 s=147 t=0.10 p=0.00 stall=0 h=base)
#9       0.07s best:6822  next:[5478,6821] ls_restart_compound_perturb(batch:1 lin{mvs:0 evals:0} gen{mvs:3 evals:68} comp{mvs:3 btracks:0} #w_updates:0 #perturb:0)
#10      0.07s best:6821  next:[5478,6820] ls_lin_restart_compound_perturb(batch:1 lin{mvs:0 evals:0} gen{mvs:12 evals:251} comp{mvs:12 btracks:0} #w_updates:0 #perturb:0)
#11      0.07s best:6547  next:[5478,6546] rnd_cst_lns (d=7.07e-01 s=98 t=0.10 p=1.00 stall=0 h=base)
#12      0.08s best:6544  next:[5478,6543] ls_restart_decay_compound_perturb(batch:1 lin{mvs:0 evals:0} gen{mvs:51 evals:812} comp{mvs:13 btracks:19} #w_updates:0 #perturb:0)
#13      0.08s best:6543  next:[5478,6542] quick_restart_no_lp
#14      0.09s best:6542  next:[5478,6541] ls_restart_decay_compound(batch:1 lin{mvs:0 evals:0} gen{mvs:73 evals:1'035} comp{mvs:9 btracks:32} #w_updates:1 #perturb:0)
#15      0.09s best:6541  next:[5478,6540] ls_restart_decay_compound(batch:1 lin{mvs:0 evals:0} gen{mvs:73 evals:1'035} comp{mvs:9 btracks:32} #w_updates:1 #perturb:0) [combined with: quick_restart_no_lp...]
#16      0.10s best:6540  next:[5478,6539] ls_restart_compound(batch:1 lin{mvs:0 evals:0} gen{mvs:154 evals:1'947} comp{mvs:10 btracks:72} #w_updates:0 #perturb:0)
#17      0.10s best:6538  next:[5478,6537] ls_lin_restart_compound(batch:1 lin{mvs:0 evals:0} gen{mvs:57 evals:893} comp{mvs:17 btracks:20} #w_updates:0 #perturb:0)
#18      0.10s best:6537  next:[5478,6536] ls_lin_restart_compound(batch:1 lin{mvs:0 evals:0} gen{mvs:57 evals:893} comp{mvs:17 btracks:20} #w_updates:0 #perturb:0) [combined with: ls_restart_compound(...]
#19      0.10s best:6535  next:[5478,6534] ls_restart_compound(batch:1 lin{mvs:0 evals:0} gen{mvs:204 evals:2'812} comp{mvs:20 btracks:92} #w_updates:2 #perturb:0) [combined with: ls_lin_restart_compo...]
#20      0.10s best:6534  next:[5478,6533] ls_lin_restart_decay_perturb(batch:1 lin{mvs:14 evals:139} gen{mvs:66 evals:1'245} #w_updates:9 #perturb:0)
#21      0.11s best:6359  next:[5478,6358] ls_restart_perturb(batch:1 lin{mvs:13 evals:134} gen{mvs:75 evals:1'542} #w_updates:99 #perturb:0)
#22      0.11s best:6358  next:[5478,6357] ls_restart_compound(batch:1 lin{mvs:0 evals:0} gen{mvs:2 evals:31} comp{mvs:2 btracks:0} #w_updates:0 #perturb:0)
#23      0.11s best:6357  next:[5478,6356] ls_compound_perturb(batch:4 lin{mvs:41 evals:533} gen{mvs:2'422 evals:38'364} comp{mvs:21 btracks:20} #w_updates:578 #perturb:4)
#24      0.12s best:5973  next:[5478,5972] ls_lin_restart(batch:1 lin{mvs:8 evals:92} gen{mvs:127 evals:2'639} #w_updates:47 #perturb:0)
#25      0.12s best:5972  next:[5478,5971] ls_lin_restart_compound(batch:1 lin{mvs:0 evals:0} gen{mvs:24 evals:342} comp{mvs:12 btracks:6} #w_updates:0 #perturb:0)
#26      0.13s best:5971  next:[5478,5970] ls_restart(batch:1 lin{mvs:7 evals:70} gen{mvs:72 evals:1'456} #w_updates:123 #perturb:0)
#27      0.13s best:5970  next:[5478,5969] ls_restart_compound_perturb(batch:1 lin{mvs:0 evals:0} gen{mvs:42 evals:753} comp{mvs:16 btracks:13} #w_updates:0 #perturb:0)
#28      0.13s best:5967  next:[5478,5966] ls_restart_compound_perturb(batch:1 lin{mvs:0 evals:0} gen{mvs:42 evals:753} comp{mvs:16 btracks:13} #w_updates:0 #perturb:0) [combined with: ls_lin_restart_decay...]
#29      0.13s best:5966  next:[5478,5965] ls_restart_compound_perturb(batch:1 lin{mvs:0 evals:0} gen{mvs:2 evals:31} comp{mvs:2 btracks:0} #w_updates:0 #perturb:0)
#30      0.13s best:5853  next:[5478,5852] ls_restart_perturb(batch:1 lin{mvs:7 evals:71} gen{mvs:21 evals:385} #w_updates:3 #perturb:0)
#31      0.13s best:5848  next:[5478,5847] ls_restart_perturb(batch:1 lin{mvs:7 evals:71} gen{mvs:21 evals:385} #w_updates:3 #perturb:0) [combined with: ls_restart_compound_...]
#32      0.14s best:5840  next:[5478,5839] quick_restart
#33      0.14s best:5839  next:[5478,5838] ls_restart_decay_compound(batch:1 lin{mvs:0 evals:0} gen{mvs:4 evals:89} comp{mvs:4 btracks:0} #w_updates:0 #perturb:0)
#34      0.15s best:5834  next:[5478,5833] quick_restart_no_lp
#35      0.15s best:5833  next:[5478,5832] ls_restart_decay_compound_perturb(batch:1 lin{mvs:0 evals:0} gen{mvs:114 evals:1'573} comp{mvs:14 btracks:50} #w_updates:1 #perturb:0) [combined with: quick_restart_no_lp...]
#36      0.15s best:5832  next:[5478,5831] ls_restart_compound(batch:1 lin{mvs:0 evals:0} gen{mvs:2 evals:32} comp{mvs:2 btracks:0} #w_updates:0 #perturb:0)
#37      0.16s best:5831  next:[5478,5830] ls_lin_restart_compound_perturb(batch:1 lin{mvs:0 evals:0} gen{mvs:26 evals:481} comp{mvs:20 btracks:3} #w_updates:0 #perturb:0)
#38      0.16s best:5830  next:[5478,5829] ls_lin_restart_decay(batch:1 lin{mvs:7 evals:82} gen{mvs:40 evals:841} #w_updates:39 #perturb:0) [combined with: ls_lin_restart_compo...]
#39      0.16s best:5829  next:[5478,5828] ls_lin_restart_decay_compound_perturb(batch:1 lin{mvs:0 evals:0} gen{mvs:10 evals:196} comp{mvs:10 btracks:0} #w_updates:0 #perturb:0)
#40      0.16s best:5828  next:[5478,5827] ls_lin_restart_compound(batch:1 lin{mvs:0 evals:0} gen{mvs:2 evals:33} comp{mvs:2 btracks:0} #w_updates:0 #perturb:0)
#41      0.16s best:5827  next:[5478,5826] ls_restart_compound_perturb(batch:1 lin{mvs:0 evals:0} gen{mvs:4 evals:61} comp{mvs:4 btracks:0} #w_updates:0 #perturb:0)
#42      0.17s best:5826  next:[5478,5825] ls_lin_restart(batch:1 lin{mvs:5 evals:71} gen{mvs:47 evals:930} #w_updates:21 #perturb:0)
#43      0.17s best:5825  next:[5478,5824] ls_lin_restart_decay_compound_perturb(batch:1 lin{mvs:0 evals:0} gen{mvs:8 evals:123} comp{mvs:4 btracks:2} #w_updates:0 #perturb:0)
#44      0.17s best:5822  next:[5478,5821] quick_restart_no_lp
#45      0.18s best:5821  next:[5478,5820] ls_restart(batch:1 lin{mvs:6 evals:82} gen{mvs:87 evals:1'571} #w_updates:32 #perturb:0)
#46      0.19s best:5820  next:[5478,5819] ls_restart_decay(batch:1 lin{mvs:6 evals:70} gen{mvs:58 evals:1'048} #w_updates:21 #perturb:0)
#47      0.19s best:5819  next:[5478,5818] ls_restart_perturb(batch:1 lin{mvs:5 evals:78} gen{mvs:25 evals:437} #w_updates:4 #perturb:0)
#48      0.23s best:5818  next:[5478,5817] ls_restart_decay_compound(batch:1 lin{mvs:0 evals:0} gen{mvs:790 evals:10'183} comp{mvs:74 btracks:358} #w_updates:4 #perturb:0)
#49      0.24s best:5817  next:[5478,5816] quick_restart_no_lp
#50      0.27s best:5809  next:[5478,5808] quick_restart_no_lp
#51      0.28s best:5807  next:[5478,5806] quick_restart_no_lp
#52      0.29s best:5805  next:[5478,5804] ls_lin_restart_decay(batch:1 lin{mvs:6 evals:71} gen{mvs:26 evals:420} #w_updates:2 #perturb:0)
#53      0.44s best:5804  next:[5478,5803] max_lp
#54      0.53s best:5761  next:[5478,5760] graph_var_lns (d=8.14e-01 s=190 t=0.10 p=1.00 stall=1 h=base)
#Bound   0.58s best:5761  next:[5480,5760] objective_lb_search_max_lp
#55      0.59s best:5760  next:[5480,5759] ls_restart_compound(batch:1 lin{mvs:0 evals:45} gen{mvs:88 evals:1'174} comp{mvs:26 btracks:31} #w_updates:0 #perturb:0)
#56      0.60s best:5758  next:[5480,5757] quick_restart_no_lp
#57      0.60s best:5757  next:[5480,5756] ls_restart_decay(batch:1 lin{mvs:6 evals:141} gen{mvs:93 evals:1'596} #w_updates:24 #perturb:0)
#Bound   0.61s best:5757  next:[5497,5756] objective_lb_search_max_lp
#Bound   0.64s best:5757  next:[5499,5756] objective_lb_search_max_lp
#58      0.64s best:5744  next:[5499,5743] ls_restart_decay_perturb(batch:1 lin{mvs:4 evals:151} gen{mvs:123 evals:2'590} #w_updates:75 #perturb:0)
#59      0.67s best:5743  next:[5499,5742] ls_restart_decay_perturb(batch:1 lin{mvs:7 evals:178} gen{mvs:130 evals:2'519} #w_updates:90 #perturb:0)
#60      0.68s best:5742  next:[5499,5741] ls_restart(batch:1 lin{mvs:4 evals:69} gen{mvs:4 evals:83} #w_updates:0 #perturb:0)
#Bound   0.69s best:5742  next:[5525,5741] objective_lb_search_max_lp
#61      0.70s best:5731  next:[5525,5730] scheduling_resource_windows_lns (d=8.55e-02 s=1052 t=0.10 p=0.00 stall=0 h=base)
#62      0.73s best:5723  next:[5525,5722] graph_arc_lns (d=8.77e-01 s=901 t=0.10 p=0.71 stall=0 h=base) [combined with: scheduling_resource_...]
#Bound   0.75s best:5723  next:[5588,5722] objective_lb_search_max_lp
#Bound   0.80s best:5723  next:[5614,5722] objective_lb_search_max_lp
#Bound   0.85s best:5723  next:[5615,5722] objective_lb_search_max_lp
#Bound   1.29s best:5723  next:[5616,5722] objective_lb_search_max_lp
#Bound   1.32s best:5723  next:[5635,5722] objective_lb_search_max_lp
#Bound   1.36s best:5723  next:[5647,5722] objective_lb_search_max_lp
#Done    1.40s probing_no_lp
#Done    1.40s core
#Done    1.40s probing

Task timing                                  n [     min,      max]      avg      dev     time         n [     min,      max]      avg      dev    dtime
                             'core':         1 [   1.39s,    1.39s]    1.39s   0.00ns    1.39s         1 [478.94ms, 478.94ms] 478.94ms   0.00ns 478.94ms
                       'default_lp':         1 [   1.39s,    1.39s]    1.39s   0.00ns    1.39s         1 [155.69ms, 155.69ms] 155.69ms   0.00ns 155.69ms
                 'feasibility_pump':       161 [ 76.57us,   1.46ms] 126.57us 143.64us  20.38ms       159 [ 32.14us, 354.85us]  34.37us  25.62us   5.46ms
                            'fixed':         1 [   1.39s,    1.39s]    1.39s   0.00ns    1.39s         1 [372.12ms, 372.12ms] 372.12ms   0.00ns 372.12ms
                               'fj':         0 [  0.00ns,   0.00ns]   0.00ns   0.00ns   0.00ns         0 [  0.00ns,   0.00ns]   0.00ns   0.00ns   0.00ns
                               'fj':         0 [  0.00ns,   0.00ns]   0.00ns   0.00ns   0.00ns         0 [  0.00ns,   0.00ns]   0.00ns   0.00ns   0.00ns
                               'fj':         0 [  0.00ns,   0.00ns]   0.00ns   0.00ns   0.00ns         0 [  0.00ns,   0.00ns]   0.00ns   0.00ns   0.00ns
                               'fj':         0 [  0.00ns,   0.00ns]   0.00ns   0.00ns   0.00ns         0 [  0.00ns,   0.00ns]   0.00ns   0.00ns   0.00ns
                               'fj':         0 [  0.00ns,   0.00ns]   0.00ns   0.00ns   0.00ns         0 [  0.00ns,   0.00ns]   0.00ns   0.00ns   0.00ns
                               'fj':         0 [  0.00ns,   0.00ns]   0.00ns   0.00ns   0.00ns         0 [  0.00ns,   0.00ns]   0.00ns   0.00ns   0.00ns
                               'fj':         0 [  0.00ns,   0.00ns]   0.00ns   0.00ns   0.00ns         0 [  0.00ns,   0.00ns]   0.00ns   0.00ns   0.00ns
                               'fj':         0 [  0.00ns,   0.00ns]   0.00ns   0.00ns   0.00ns         0 [  0.00ns,   0.00ns]   0.00ns   0.00ns   0.00ns
                               'fj':         0 [  0.00ns,   0.00ns]   0.00ns   0.00ns   0.00ns         0 [  0.00ns,   0.00ns]   0.00ns   0.00ns   0.00ns
                               'fj':         0 [  0.00ns,   0.00ns]   0.00ns   0.00ns   0.00ns         0 [  0.00ns,   0.00ns]   0.00ns   0.00ns   0.00ns
                               'fj':         0 [  0.00ns,   0.00ns]   0.00ns   0.00ns   0.00ns         0 [  0.00ns,   0.00ns]   0.00ns   0.00ns   0.00ns
                               'fj':         0 [  0.00ns,   0.00ns]   0.00ns   0.00ns   0.00ns         0 [  0.00ns,   0.00ns]   0.00ns   0.00ns   0.00ns
                               'fj':         0 [  0.00ns,   0.00ns]   0.00ns   0.00ns   0.00ns         0 [  0.00ns,   0.00ns]   0.00ns   0.00ns   0.00ns
                               'fj':         0 [  0.00ns,   0.00ns]   0.00ns   0.00ns   0.00ns         0 [  0.00ns,   0.00ns]   0.00ns   0.00ns   0.00ns
                               'fj':         0 [  0.00ns,   0.00ns]   0.00ns   0.00ns   0.00ns         0 [  0.00ns,   0.00ns]   0.00ns   0.00ns   0.00ns
                               'fj':         0 [  0.00ns,   0.00ns]   0.00ns   0.00ns   0.00ns         0 [  0.00ns,   0.00ns]   0.00ns   0.00ns   0.00ns
                               'fj':         0 [  0.00ns,   0.00ns]   0.00ns   0.00ns   0.00ns         0 [  0.00ns,   0.00ns]   0.00ns   0.00ns   0.00ns
                               'fj':         0 [  0.00ns,   0.00ns]   0.00ns   0.00ns   0.00ns         0 [  0.00ns,   0.00ns]   0.00ns   0.00ns   0.00ns
                               'fj':         0 [  0.00ns,   0.00ns]   0.00ns   0.00ns   0.00ns         0 [  0.00ns,   0.00ns]   0.00ns   0.00ns   0.00ns
                               'fj':         0 [  0.00ns,   0.00ns]   0.00ns   0.00ns   0.00ns         0 [  0.00ns,   0.00ns]   0.00ns   0.00ns   0.00ns
                               'fj':         0 [  0.00ns,   0.00ns]   0.00ns   0.00ns   0.00ns         0 [  0.00ns,   0.00ns]   0.00ns   0.00ns   0.00ns
                               'fj':         0 [  0.00ns,   0.00ns]   0.00ns   0.00ns   0.00ns         0 [  0.00ns,   0.00ns]   0.00ns   0.00ns   0.00ns
                               'fj':         0 [  0.00ns,   0.00ns]   0.00ns   0.00ns   0.00ns         0 [  0.00ns,   0.00ns]   0.00ns   0.00ns   0.00ns
                               'fj':         0 [  0.00ns,   0.00ns]   0.00ns   0.00ns   0.00ns         0 [  0.00ns,   0.00ns]   0.00ns   0.00ns   0.00ns
                               'fj':         0 [  0.00ns,   0.00ns]   0.00ns   0.00ns   0.00ns         0 [  0.00ns,   0.00ns]   0.00ns   0.00ns   0.00ns
                           'fj_lin':         0 [  0.00ns,   0.00ns]   0.00ns   0.00ns   0.00ns         0 [  0.00ns,   0.00ns]   0.00ns   0.00ns   0.00ns
                           'fj_lin':         0 [  0.00ns,   0.00ns]   0.00ns   0.00ns   0.00ns         0 [  0.00ns,   0.00ns]   0.00ns   0.00ns   0.00ns
                           'fj_lin':         0 [  0.00ns,   0.00ns]   0.00ns   0.00ns   0.00ns         0 [  0.00ns,   0.00ns]   0.00ns   0.00ns   0.00ns
                           'fj_lin':         0 [  0.00ns,   0.00ns]   0.00ns   0.00ns   0.00ns         0 [  0.00ns,   0.00ns]   0.00ns   0.00ns   0.00ns
                           'fj_lin':         0 [  0.00ns,   0.00ns]   0.00ns   0.00ns   0.00ns         0 [  0.00ns,   0.00ns]   0.00ns   0.00ns   0.00ns
                           'fj_lin':         0 [  0.00ns,   0.00ns]   0.00ns   0.00ns   0.00ns         0 [  0.00ns,   0.00ns]   0.00ns   0.00ns   0.00ns
                           'fj_lin':         0 [  0.00ns,   0.00ns]   0.00ns   0.00ns   0.00ns         0 [  0.00ns,   0.00ns]   0.00ns   0.00ns   0.00ns
                           'fj_lin':         0 [  0.00ns,   0.00ns]   0.00ns   0.00ns   0.00ns         0 [  0.00ns,   0.00ns]   0.00ns   0.00ns   0.00ns
                           'fj_lin':         0 [  0.00ns,   0.00ns]   0.00ns   0.00ns   0.00ns         0 [  0.00ns,   0.00ns]   0.00ns   0.00ns   0.00ns
                           'fj_lin':         0 [  0.00ns,   0.00ns]   0.00ns   0.00ns   0.00ns         0 [  0.00ns,   0.00ns]   0.00ns   0.00ns   0.00ns
                           'fj_lin':         0 [  0.00ns,   0.00ns]   0.00ns   0.00ns   0.00ns         0 [  0.00ns,   0.00ns]   0.00ns   0.00ns   0.00ns
                           'fj_lin':         0 [  0.00ns,   0.00ns]   0.00ns   0.00ns   0.00ns         0 [  0.00ns,   0.00ns]   0.00ns   0.00ns   0.00ns
                        'fs_random':         0 [  0.00ns,   0.00ns]   0.00ns   0.00ns   0.00ns         0 [  0.00ns,   0.00ns]   0.00ns   0.00ns   0.00ns
                        'fs_random':         0 [  0.00ns,   0.00ns]   0.00ns   0.00ns   0.00ns         0 [  0.00ns,   0.00ns]   0.00ns   0.00ns   0.00ns
                        'fs_random':         0 [  0.00ns,   0.00ns]   0.00ns   0.00ns   0.00ns         0 [  0.00ns,   0.00ns]   0.00ns   0.00ns   0.00ns
                        'fs_random':         0 [  0.00ns,   0.00ns]   0.00ns   0.00ns   0.00ns         0 [  0.00ns,   0.00ns]   0.00ns   0.00ns   0.00ns
                        'fs_random':         0 [  0.00ns,   0.00ns]   0.00ns   0.00ns   0.00ns         0 [  0.00ns,   0.00ns]   0.00ns   0.00ns   0.00ns
                        'fs_random':         0 [  0.00ns,   0.00ns]   0.00ns   0.00ns   0.00ns         0 [  0.00ns,   0.00ns]   0.00ns   0.00ns   0.00ns
                        'fs_random':         0 [  0.00ns,   0.00ns]   0.00ns   0.00ns   0.00ns         0 [  0.00ns,   0.00ns]   0.00ns   0.00ns   0.00ns
                        'fs_random':         0 [  0.00ns,   0.00ns]   0.00ns   0.00ns   0.00ns         0 [  0.00ns,   0.00ns]   0.00ns   0.00ns   0.00ns
                        'fs_random':         0 [  0.00ns,   0.00ns]   0.00ns   0.00ns   0.00ns         0 [  0.00ns,   0.00ns]   0.00ns   0.00ns   0.00ns
                        'fs_random':         0 [  0.00ns,   0.00ns]   0.00ns   0.00ns   0.00ns         0 [  0.00ns,   0.00ns]   0.00ns   0.00ns   0.00ns
                        'fs_random':         0 [  0.00ns,   0.00ns]   0.00ns   0.00ns   0.00ns         0 [  0.00ns,   0.00ns]   0.00ns   0.00ns   0.00ns
                        'fs_random':         1 [  2.35ms,   2.35ms]   2.35ms   0.00ns   2.35ms         0 [  0.00ns,   0.00ns]   0.00ns   0.00ns   0.00ns
                  'fs_random_no_lp':         0 [  0.00ns,   0.00ns]   0.00ns   0.00ns   0.00ns         0 [  0.00ns,   0.00ns]   0.00ns   0.00ns   0.00ns
                  'fs_random_no_lp':         0 [  0.00ns,   0.00ns]   0.00ns   0.00ns   0.00ns         0 [  0.00ns,   0.00ns]   0.00ns   0.00ns   0.00ns
                  'fs_random_no_lp':         0 [  0.00ns,   0.00ns]   0.00ns   0.00ns   0.00ns         0 [  0.00ns,   0.00ns]   0.00ns   0.00ns   0.00ns
                  'fs_random_no_lp':         0 [  0.00ns,   0.00ns]   0.00ns   0.00ns   0.00ns         0 [  0.00ns,   0.00ns]   0.00ns   0.00ns   0.00ns
                  'fs_random_no_lp':         0 [  0.00ns,   0.00ns]   0.00ns   0.00ns   0.00ns         0 [  0.00ns,   0.00ns]   0.00ns   0.00ns   0.00ns
                  'fs_random_no_lp':         0 [  0.00ns,   0.00ns]   0.00ns   0.00ns   0.00ns         0 [  0.00ns,   0.00ns]   0.00ns   0.00ns   0.00ns
                  'fs_random_no_lp':         0 [  0.00ns,   0.00ns]   0.00ns   0.00ns   0.00ns         0 [  0.00ns,   0.00ns]   0.00ns   0.00ns   0.00ns
                  'fs_random_no_lp':         0 [  0.00ns,   0.00ns]   0.00ns   0.00ns   0.00ns         0 [  0.00ns,   0.00ns]   0.00ns   0.00ns   0.00ns
                  'fs_random_no_lp':         0 [  0.00ns,   0.00ns]   0.00ns   0.00ns   0.00ns         0 [  0.00ns,   0.00ns]   0.00ns   0.00ns   0.00ns
                  'fs_random_no_lp':         0 [  0.00ns,   0.00ns]   0.00ns   0.00ns   0.00ns         0 [  0.00ns,   0.00ns]   0.00ns   0.00ns   0.00ns
                  'fs_random_no_lp':         0 [  0.00ns,   0.00ns]   0.00ns   0.00ns   0.00ns         0 [  0.00ns,   0.00ns]   0.00ns   0.00ns   0.00ns
                  'fs_random_no_lp':         1 [  1.81ms,   1.81ms]   1.81ms   0.00ns   1.81ms         0 [  0.00ns,   0.00ns]   0.00ns   0.00ns   0.00ns
                  'fs_random_no_lp':         1 [  2.47ms,   2.47ms]   2.47ms   0.00ns   2.47ms         0 [  0.00ns,   0.00ns]   0.00ns   0.00ns   0.00ns
          'fs_random_quick_restart':         0 [  0.00ns,   0.00ns]   0.00ns   0.00ns   0.00ns         0 [  0.00ns,   0.00ns]   0.00ns   0.00ns   0.00ns
          'fs_random_quick_restart':         0 [  0.00ns,   0.00ns]   0.00ns   0.00ns   0.00ns         0 [  0.00ns,   0.00ns]   0.00ns   0.00ns   0.00ns
          'fs_random_quick_restart':         0 [  0.00ns,   0.00ns]   0.00ns   0.00ns   0.00ns         0 [  0.00ns,   0.00ns]   0.00ns   0.00ns   0.00ns
          'fs_random_quick_restart':         0 [  0.00ns,   0.00ns]   0.00ns   0.00ns   0.00ns         0 [  0.00ns,   0.00ns]   0.00ns   0.00ns   0.00ns
          'fs_random_quick_restart':         0 [  0.00ns,   0.00ns]   0.00ns   0.00ns   0.00ns         0 [  0.00ns,   0.00ns]   0.00ns   0.00ns   0.00ns
          'fs_random_quick_restart':         0 [  0.00ns,   0.00ns]   0.00ns   0.00ns   0.00ns         0 [  0.00ns,   0.00ns]   0.00ns   0.00ns   0.00ns
          'fs_random_quick_restart':         0 [  0.00ns,   0.00ns]   0.00ns   0.00ns   0.00ns         0 [  0.00ns,   0.00ns]   0.00ns   0.00ns   0.00ns
          'fs_random_quick_restart':         0 [  0.00ns,   0.00ns]   0.00ns   0.00ns   0.00ns         0 [  0.00ns,   0.00ns]   0.00ns   0.00ns   0.00ns
          'fs_random_quick_restart':         0 [  0.00ns,   0.00ns]   0.00ns   0.00ns   0.00ns         0 [  0.00ns,   0.00ns]   0.00ns   0.00ns   0.00ns
          'fs_random_quick_restart':         0 [  0.00ns,   0.00ns]   0.00ns   0.00ns   0.00ns         0 [  0.00ns,   0.00ns]   0.00ns   0.00ns   0.00ns
          'fs_random_quick_restart':         0 [  0.00ns,   0.00ns]   0.00ns   0.00ns   0.00ns         0 [  0.00ns,   0.00ns]   0.00ns   0.00ns   0.00ns
          'fs_random_quick_restart':         1 [  1.98ms,   1.98ms]   1.98ms   0.00ns   1.98ms         0 [  0.00ns,   0.00ns]   0.00ns   0.00ns   0.00ns
    'fs_random_quick_restart_no_lp':         0 [  0.00ns,   0.00ns]   0.00ns   0.00ns   0.00ns         0 [  0.00ns,   0.00ns]   0.00ns   0.00ns   0.00ns
    'fs_random_quick_restart_no_lp':         0 [  0.00ns,   0.00ns]   0.00ns   0.00ns   0.00ns         0 [  0.00ns,   0.00ns]   0.00ns   0.00ns   0.00ns
    'fs_random_quick_restart_no_lp':         0 [  0.00ns,   0.00ns]   0.00ns   0.00ns   0.00ns         0 [  0.00ns,   0.00ns]   0.00ns   0.00ns   0.00ns
    'fs_random_quick_restart_no_lp':         0 [  0.00ns,   0.00ns]   0.00ns   0.00ns   0.00ns         0 [  0.00ns,   0.00ns]   0.00ns   0.00ns   0.00ns
    'fs_random_quick_restart_no_lp':         0 [  0.00ns,   0.00ns]   0.00ns   0.00ns   0.00ns         0 [  0.00ns,   0.00ns]   0.00ns   0.00ns   0.00ns
    'fs_random_quick_restart_no_lp':         0 [  0.00ns,   0.00ns]   0.00ns   0.00ns   0.00ns         0 [  0.00ns,   0.00ns]   0.00ns   0.00ns   0.00ns
    'fs_random_quick_restart_no_lp':         0 [  0.00ns,   0.00ns]   0.00ns   0.00ns   0.00ns         0 [  0.00ns,   0.00ns]   0.00ns   0.00ns   0.00ns
    'fs_random_quick_restart_no_lp':         0 [  0.00ns,   0.00ns]   0.00ns   0.00ns   0.00ns         0 [  0.00ns,   0.00ns]   0.00ns   0.00ns   0.00ns
    'fs_random_quick_restart_no_lp':         0 [  0.00ns,   0.00ns]   0.00ns   0.00ns   0.00ns         0 [  0.00ns,   0.00ns]   0.00ns   0.00ns   0.00ns
    'fs_random_quick_restart_no_lp':         0 [  0.00ns,   0.00ns]   0.00ns   0.00ns   0.00ns         0 [  0.00ns,   0.00ns]   0.00ns   0.00ns   0.00ns
    'fs_random_quick_restart_no_lp':         0 [  0.00ns,   0.00ns]   0.00ns   0.00ns   0.00ns         0 [  0.00ns,   0.00ns]   0.00ns   0.00ns   0.00ns
    'fs_random_quick_restart_no_lp':         1 [938.36us, 938.36us] 938.36us   0.00ns 938.36us         0 [  0.00ns,   0.00ns]   0.00ns   0.00ns   0.00ns
                    'graph_arc_lns':        27 [  5.85ms, 766.43ms] 142.66ms 223.26ms    3.85s        25 [167.04us, 100.07ms]  24.86ms  39.95ms 621.59ms
                    'graph_cst_lns':        11 [ 10.64ms, 666.61ms] 277.26ms 234.20ms    3.05s        11 [577.40us, 100.18ms]  48.23ms  42.89ms 530.52ms
                    'graph_dec_lns':        27 [  2.59ms, 547.75ms] 226.70ms 165.10ms    6.12s        27 [ 32.81us, 100.08ms]  41.14ms  37.59ms    1.11s
                    'graph_var_lns':        32 [  8.05ms, 718.42ms] 222.12ms 205.52ms    7.11s        32 [134.25us, 100.05ms]  39.82ms  41.77ms    1.27s
                     'lb_relax_lns':         6 [135.71us,    1.38s] 710.29ms 537.90ms    4.26s         5 [ 30.03ms, 349.73ms] 231.47ms 109.78ms    1.16s
                   'lb_tree_search':         1 [   1.40s,    1.40s]    1.40s   0.00ns    1.40s         1 [114.41ms, 114.41ms] 114.41ms   0.00ns 114.41ms
                               'ls':        23 [  1.82ms,  84.07ms]  59.53ms  18.39ms    1.37s        23 [  2.84ms, 100.29ms]  91.19ms  26.67ms    2.10s
                               'ls':        23 [  7.54ms,  81.58ms]  60.21ms  15.73ms    1.38s        23 [ 11.58ms, 100.23ms]  93.57ms  21.48ms    2.15s
                               'ls':        23 [ 10.86ms,  80.95ms]  60.03ms  15.28ms    1.38s        23 [ 16.93ms, 100.13ms]  92.85ms  23.40ms    2.14s
                               'ls':        24 [  4.26ms,  79.54ms]  57.47ms  16.86ms    1.38s        24 [  6.48ms, 100.30ms]  89.84ms  27.50ms    2.16s
                               'ls':        25 [  3.30ms,  80.52ms]  54.98ms  21.33ms    1.37s        25 [  9.03ms, 100.15ms]  89.75ms  28.02ms    2.24s
                               'ls':        25 [ 14.19ms,  82.14ms]  55.43ms  18.96ms    1.39s        25 [ 27.27ms, 100.19ms]  96.20ms  14.82ms    2.40s
                               'ls':        25 [ 45.22ms,  64.31ms]  55.10ms   7.53ms    1.38s        25 [ 97.76ms, 100.19ms]  99.98ms 456.46us    2.50s
                               'ls':        25 [353.07us,  78.25ms]  55.32ms  20.36ms    1.38s        25 [260.74us, 100.21ms]  85.95ms  32.51ms    2.15s
                               'ls':        25 [766.61us,  89.00ms]  55.42ms  19.62ms    1.39s        25 [  2.37ms, 100.23ms]  96.05ms  19.13ms    2.40s
                               'ls':        26 [ 31.40ms,  79.32ms]  52.62ms  11.69ms    1.37s        26 [ 49.18ms, 100.35ms]  98.13ms   9.79ms    2.55s
                               'ls':        26 [269.78us,  79.82ms]  52.92ms  23.69ms    1.38s        26 [237.00us, 100.19ms]  82.50ms  36.30ms    2.14s
                               'ls':        27 [  2.40ms,  80.28ms]  50.79ms  17.96ms    1.37s        27 [  4.86ms, 100.18ms]  91.14ms  25.99ms    2.46s
                               'ls':        28 [  1.09ms,  85.42ms]  48.90ms  24.34ms    1.37s        28 [  3.01ms, 100.18ms]  81.63ms  32.46ms    2.29s
                               'ls':        30 [  4.58ms,  61.26ms]  40.80ms  14.30ms    1.22s        30 [  7.40ms, 100.15ms]  91.17ms  24.21ms    2.74s
                               'ls':        30 [115.34us,  65.12ms]  45.88ms  12.56ms    1.38s        29 [ 38.59ms, 100.22ms]  97.97ms  11.22ms    2.84s
                               'ls':        30 [413.97us,  61.59ms]  37.46ms  14.72ms    1.12s        30 [455.97us, 100.16ms]  88.88ms  29.11ms    2.67s
                               'ls':        30 [592.90us,  62.53ms]  37.78ms  16.78ms    1.13s        30 [691.36us, 100.21ms]  87.12ms  31.14ms    2.61s
                               'ls':        31 [273.30us,  67.76ms]  34.03ms  16.96ms    1.06s        31 [241.73us, 100.20ms]  90.85ms  26.07ms    2.82s
                               'ls':        32 [295.85us,  49.08ms]  30.63ms  10.48ms 980.09ms        32 [505.57us, 100.16ms]  88.54ms  29.09ms    2.83s
                           'ls_lin':        22 [ 27.68ms,  82.66ms]  62.05ms  10.87ms    1.37s        22 [ 36.44ms, 100.16ms]  96.10ms  13.95ms    2.11s
                           'ls_lin':        23 [  2.06ms,  79.87ms]  59.96ms  19.68ms    1.38s        23 [  2.94ms, 100.23ms]  88.37ms  30.43ms    2.03s
                           'ls_lin':        23 [  2.44ms,  80.13ms]  59.29ms  16.96ms    1.36s        23 [  3.50ms, 100.22ms]  95.60ms  19.68ms    2.20s
                           'ls_lin':        23 [582.07us,  80.35ms]  59.68ms  19.02ms    1.37s        22 [742.05us, 100.17ms]  93.68ms  22.01ms    2.06s
                           'ls_lin':        27 [  3.02ms,  84.73ms]  50.91ms  21.14ms    1.37s        27 [  8.80ms, 100.17ms]  92.81ms  22.36ms    2.51s
                           'ls_lin':        27 [ 23.11ms,  83.18ms]  51.00ms  17.40ms    1.38s        27 [ 11.93ms, 100.16ms]  94.68ms  19.48ms    2.56s
                           'ls_lin':        29 [908.78us,  85.51ms]  46.85ms  24.54ms    1.36s        28 [  2.04ms, 100.17ms]  84.23ms  31.85ms    2.36s
                           'ls_lin':        31 [  1.06ms,  77.45ms]  38.20ms  20.80ms    1.18s        31 [  2.52ms, 100.18ms]  89.38ms  28.06ms    2.77s
                           'ls_lin':        31 [  1.07ms,  64.43ms]  33.61ms  18.56ms    1.04s        31 [  1.44ms, 100.15ms]  88.23ms  30.59ms    2.74s
                           'ls_lin':        31 [335.40us,  64.00ms]  37.28ms  20.20ms    1.16s        30 [248.46us, 100.19ms]  84.90ms  34.29ms    2.55s
                           'max_lp':         1 [   1.39s,    1.39s]    1.39s   0.00ns    1.39s         1 [171.54ms, 171.54ms] 171.54ms   0.00ns 171.54ms
                            'no_lp':         1 [   1.39s,    1.39s]    1.39s   0.00ns    1.39s         1 [166.69ms, 166.69ms] 166.69ms   0.00ns 166.69ms
              'objective_lb_search':         1 [   1.38s,    1.38s]    1.38s   0.00ns    1.38s         1 [255.19ms, 255.19ms] 255.19ms   0.00ns 255.19ms
       'objective_lb_search_max_lp':         1 [   1.40s,    1.40s]    1.40s   0.00ns    1.40s         1 [127.16ms, 127.16ms] 127.16ms   0.00ns 127.16ms
        'objective_lb_search_no_lp':         1 [   1.38s,    1.38s]    1.38s   0.00ns    1.38s         1 [431.68ms, 431.68ms] 431.68ms   0.00ns 431.68ms
         'objective_shaving_max_lp':       109 [  3.01ms,  15.92ms]   8.35ms   2.59ms 910.01ms       108 [ 27.70us,  82.61us]  70.30us  13.55us   7.59ms
          'objective_shaving_no_lp':       106 [564.26us,  15.41ms]   8.56ms   2.80ms 907.68ms       105 [ 27.70us,  74.14us]  63.54us  13.23us   6.67ms
                          'probing':         1 [   1.38s,    1.38s]    1.38s   0.00ns    1.38s         1 [ 99.30ms,  99.30ms]  99.30ms   0.00ns  99.30ms
                   'probing_max_lp':         1 [   1.40s,    1.40s]    1.40s   0.00ns    1.40s         1 [ 54.21ms,  54.21ms]  54.21ms   0.00ns  54.21ms
                    'probing_no_lp':         1 [   1.38s,    1.38s]    1.38s   0.00ns    1.38s         1 [148.09ms, 148.09ms] 148.09ms   0.00ns 148.09ms
                     'pseudo_costs':         1 [   1.39s,    1.39s]    1.39s   0.00ns    1.39s         1 [190.00ms, 190.00ms] 190.00ms   0.00ns 190.00ms
                    'quick_restart':         1 [   1.39s,    1.39s]    1.39s   0.00ns    1.39s         1 [177.08ms, 177.08ms] 177.08ms   0.00ns 177.08ms
              'quick_restart_no_lp':         1 [   1.40s,    1.40s]    1.40s   0.00ns    1.40s         1 [232.41ms, 232.41ms] 232.41ms   0.00ns 232.41ms
                    'reduced_costs':         1 [   1.39s,    1.39s]    1.39s   0.00ns    1.39s         1 [228.07ms, 228.07ms] 228.07ms   0.00ns 228.07ms
                        'rins/rens':        11 [ 53.47us, 914.90ms] 314.87ms 365.53ms    3.46s         8 [140.69us, 100.04ms]  59.22ms  46.51ms 473.79ms
                      'rnd_cst_lns':        27 [  5.44ms, 629.11ms] 248.71ms 204.36ms    6.72s        27 [158.86us, 100.04ms]  43.73ms  39.69ms    1.18s
                      'rnd_var_lns':        30 [  5.68ms, 734.35ms] 226.76ms 174.43ms    6.80s        30 [257.30us, 100.04ms]  40.10ms  34.05ms    1.20s
         'scheduling_intervals_lns':         4 [   1.28s,    1.39s]    1.34s  37.93ms    5.36s         4 [ 94.51ms, 100.09ms]  98.10ms   2.28ms 392.38ms
       'scheduling_precedences_lns':         4 [926.50ms,    1.36s]    1.10s 170.94ms    4.39s         4 [ 52.53ms, 100.05ms]  77.02ms  23.04ms 308.06ms
  'scheduling_resource_windows_lns':         9 [ 22.60ms, 649.88ms] 338.17ms 231.46ms    3.04s         9 [  2.44ms, 100.28ms]  68.61ms  41.03ms 617.47ms
       'scheduling_time_window_lns':         7 [  8.33ms, 851.25ms] 507.95ms 287.21ms    3.56s         7 [205.20us, 100.10ms]  71.84ms  40.26ms 502.87ms
                'variables_shaving':       120 [  8.04ms, 567.06ms]  80.76ms 110.16ms    9.69s       120 [255.34us,  56.37ms]   6.22ms   9.86ms 746.65ms
         'variables_shaving_max_lp':        30 [ 36.76ms, 536.34ms] 136.06ms 137.82ms    4.08s        30 [  9.53ms, 100.03ms]  24.45ms  24.33ms 733.65ms
          'variables_shaving_no_lp':       120 [  6.52ms, 536.55ms]  78.03ms 110.16ms    9.36s       120 [241.12us,  28.65ms]   4.02ms   6.04ms 482.49ms

Search stats                        Bools  Conflicts  Branches  Restarts  BoolPropag  IntegerPropag
                           'core':  4'333        896    21'890     3'879   1'584'922        427'690
                     'default_lp':    870      1'633    10'151     1'755     171'303      1'121'091
                          'fixed':  1'288      4'576    12'812       768     534'476      2'660'579
                      'fs_random':      0          0         0         0           0              0
                      'fs_random':      0          0         0         0           0              0
                      'fs_random':      0          0         0         0           0              0
                      'fs_random':      0          0         0         0           0              0
                      'fs_random':      0          0         0         0           0              0
                      'fs_random':      0          0         0         0           0              0
                      'fs_random':      0          0         0         0           0              0
                      'fs_random':      0          0         0         0           0              0
                      'fs_random':      0          0         0         0           0              0
                      'fs_random':      0          0         0         0           0              0
                      'fs_random':      0          0         0         0           0              0
                      'fs_random':      0          0         0         0           0              0
                'fs_random_no_lp':      0          0         0         0           0              0
                'fs_random_no_lp':      0          0         0         0           0              0
                'fs_random_no_lp':      0          0         0         0           0              0
                'fs_random_no_lp':      0          0         0         0           0              0
                'fs_random_no_lp':      0          0         0         0           0              0
                'fs_random_no_lp':      0          0         0         0           0              0
                'fs_random_no_lp':      0          0         0         0           0              0
                'fs_random_no_lp':      0          0         0         0           0              0
                'fs_random_no_lp':      0          0         0         0           0              0
                'fs_random_no_lp':      0          0         0         0           0              0
                'fs_random_no_lp':      0          0         0         0           0              0
                'fs_random_no_lp':      0          0         0         0           0              0
                'fs_random_no_lp':      0          0         0         0           0              0
        'fs_random_quick_restart':      0          0         0         0           0              0
        'fs_random_quick_restart':      0          0         0         0           0              0
        'fs_random_quick_restart':      0          0         0         0           0              0
        'fs_random_quick_restart':      0          0         0         0           0              0
        'fs_random_quick_restart':      0          0         0         0           0              0
        'fs_random_quick_restart':      0          0         0         0           0              0
        'fs_random_quick_restart':      0          0         0         0           0              0
        'fs_random_quick_restart':      0          0         0         0           0              0
        'fs_random_quick_restart':      0          0         0         0           0              0
        'fs_random_quick_restart':      0          0         0         0           0              0
        'fs_random_quick_restart':      0          0         0         0           0              0
        'fs_random_quick_restart':      0          0         0         0           0              0
  'fs_random_quick_restart_no_lp':      0          0         0         0           0              0
  'fs_random_quick_restart_no_lp':      0          0         0         0           0              0
  'fs_random_quick_restart_no_lp':      0          0         0         0           0              0
  'fs_random_quick_restart_no_lp':      0          0         0         0           0              0
  'fs_random_quick_restart_no_lp':      0          0         0         0           0              0
  'fs_random_quick_restart_no_lp':      0          0         0         0           0              0
  'fs_random_quick_restart_no_lp':      0          0         0         0           0              0
  'fs_random_quick_restart_no_lp':      0          0         0         0           0              0
  'fs_random_quick_restart_no_lp':      0          0         0         0           0              0
  'fs_random_quick_restart_no_lp':      0          0         0         0           0              0
  'fs_random_quick_restart_no_lp':      0          0         0         0           0              0
  'fs_random_quick_restart_no_lp':      0          0         0         0           0              0
                 'lb_tree_search':  1'914         66    10'288     6'419      89'769        121'146
                         'max_lp':    619        710    11'032     2'783      66'371        516'341
                          'no_lp':    863      2'022     6'726       437     250'273      1'196'178
            'objective_lb_search':    967      2'939    21'164     3'559     478'719      1'724'584
     'objective_lb_search_max_lp':  1'933        208    10'199     6'364     105'795        167'197
      'objective_lb_search_no_lp':    778      4'180     6'962       444     570'238      3'154'670
                        'probing':  2'434        803     9'439     6'234     211'219        413'363
                 'probing_max_lp':  1'956         14     3'898     3'898       3'246         29'492
                  'probing_no_lp':  2'446      1'411    10'756     6'460     330'325        624'633
                   'pseudo_costs':    612        365     8'657     2'145      19'989        177'762
                  'quick_restart':  1'773      1'857    15'967     1'861     356'707      1'145'093
            'quick_restart_no_lp':  1'820      2'168    31'110     3'040     433'598      1'456'910
                  'reduced_costs':  2'298        638    11'371     6'747     195'796        327'643

SAT stats                           ClassicMinim  LitRemoved  LitLearned  LitForgotten  Subsumed  MClauses  MDecisions  MLitTrue  MSubsumed  MLitRemoved  MReused
                           'core':           221         585         947             0         2     5'520       7'162         0        119          358    3'816
                     'default_lp':         1'444       7'682      11'561             0         5       887       1'978         0        571        2'786      150
                          'fixed':         3'621      11'398      58'706             0        49         0           0         0          0            0        0
                      'fs_random':             0           0           0             0         0         0           0         0          0            0        0
                      'fs_random':             0           0           0             0         0         0           0         0          0            0        0
                      'fs_random':             0           0           0             0         0         0           0         0          0            0        0
                      'fs_random':             0           0           0             0         0         0           0         0          0            0        0
                      'fs_random':             0           0           0             0         0         0           0         0          0            0        0
                      'fs_random':             0           0           0             0         0         0           0         0          0            0        0
                      'fs_random':             0           0           0             0         0         0           0         0          0            0        0
                      'fs_random':             0           0           0             0         0         0           0         0          0            0        0
                      'fs_random':             0           0           0             0         0         0           0         0          0            0        0
                      'fs_random':             0           0           0             0         0         0           0         0          0            0        0
                      'fs_random':             0           0           0             0         0         0           0         0          0            0        0
                      'fs_random':             0           0           0             0         0         0           0         0          0            0        0
                'fs_random_no_lp':             0           0           0             0         0         0           0         0          0            0        0
                'fs_random_no_lp':             0           0           0             0         0         0           0         0          0            0        0
                'fs_random_no_lp':             0           0           0             0         0         0           0         0          0            0        0
                'fs_random_no_lp':             0           0           0             0         0         0           0         0          0            0        0
                'fs_random_no_lp':             0           0           0             0         0         0           0         0          0            0        0
                'fs_random_no_lp':             0           0           0             0         0         0           0         0          0            0        0
                'fs_random_no_lp':             0           0           0             0         0         0           0         0          0            0        0
                'fs_random_no_lp':             0           0           0             0         0         0           0         0          0            0        0
                'fs_random_no_lp':             0           0           0             0         0         0           0         0          0            0        0
                'fs_random_no_lp':             0           0           0             0         0         0           0         0          0            0        0
                'fs_random_no_lp':             0           0           0             0         0         0           0         0          0            0        0
                'fs_random_no_lp':             0           0           0             0         0         0           0         0          0            0        0
                'fs_random_no_lp':             0           0           0             0         0         0           0         0          0            0        0
        'fs_random_quick_restart':             0           0           0             0         0         0           0         0          0            0        0
        'fs_random_quick_restart':             0           0           0             0         0         0           0         0          0            0        0
        'fs_random_quick_restart':             0           0           0             0         0         0           0         0          0            0        0
        'fs_random_quick_restart':             0           0           0             0         0         0           0         0          0            0        0
        'fs_random_quick_restart':             0           0           0             0         0         0           0         0          0            0        0
        'fs_random_quick_restart':             0           0           0             0         0         0           0         0          0            0        0
        'fs_random_quick_restart':             0           0           0             0         0         0           0         0          0            0        0
        'fs_random_quick_restart':             0           0           0             0         0         0           0         0          0            0        0
        'fs_random_quick_restart':             0           0           0             0         0         0           0         0          0            0        0
        'fs_random_quick_restart':             0           0           0             0         0         0           0         0          0            0        0
        'fs_random_quick_restart':             0           0           0             0         0         0           0         0          0            0        0
        'fs_random_quick_restart':             0           0           0             0         0         0           0         0          0            0        0
  'fs_random_quick_restart_no_lp':             0           0           0             0         0         0           0         0          0            0        0
  'fs_random_quick_restart_no_lp':             0           0           0             0         0         0           0         0          0            0        0
  'fs_random_quick_restart_no_lp':             0           0           0             0         0         0           0         0          0            0        0
  'fs_random_quick_restart_no_lp':             0           0           0             0         0         0           0         0          0            0        0
  'fs_random_quick_restart_no_lp':             0           0           0             0         0         0           0         0          0            0        0
  'fs_random_quick_restart_no_lp':             0           0           0             0         0         0           0         0          0            0        0
  'fs_random_quick_restart_no_lp':             0           0           0             0         0         0           0         0          0            0        0
  'fs_random_quick_restart_no_lp':             0           0           0             0         0         0           0         0          0            0        0
  'fs_random_quick_restart_no_lp':             0           0           0             0         0         0           0         0          0            0        0
  'fs_random_quick_restart_no_lp':             0           0           0             0         0         0           0         0          0            0        0
  'fs_random_quick_restart_no_lp':             0           0           0             0         0         0           0         0          0            0        0
  'fs_random_quick_restart_no_lp':             0           0           0             0         0         0           0         0          0            0        0
                 'lb_tree_search':             8          18         184             0         0         4           8         0          0            0        0
                         'max_lp':           645       2'574       6'543             0         0       295         471         0         15           64      206
                          'no_lp':         1'861       8'506      26'793             0         7         0           0         0          0            0        0
            'objective_lb_search':         2'756      14'237      23'523             0         9         0           0         0          0            0        0
     'objective_lb_search_max_lp':           110         366         892             0         5        40         119         0         26          130        3
      'objective_lb_search_no_lp':         3'808      23'322      50'339             0         8         0           0         0          0            0        0
                        'probing':           482       1'324       4'446             0        73         0           0         0          0            0        0
                 'probing_max_lp':             0           0          14             0         0         0           0         0          0            0        0
                  'probing_no_lp':         1'006       3'168       8'607             0       104         0           0         0          0            0        0
                   'pseudo_costs':           334       1'099       6'252             0         1       110          20         0          0            0      200
                  'quick_restart':           926       2'826      13'077             0        45       640         769         0        146          565      917
            'quick_restart_no_lp':         1'581       6'021      20'857             0        19       377         949         0         86          406      290
                  'reduced_costs':           363       1'348       4'751             0         4       190         367         0         32          206      336

Lp stats                         Component  Iterations  AddedCuts  OPTIMAL  DUAL_F.  DUAL_U.
                  'default_lp':         25         225          0   13'365        0        0
                       'fixed':         25         317          0   41'854        0        0
                   'fs_random':         25           0          0        0        0        0
              'lb_tree_search':          1       1'715        609      335       12        0
                      'max_lp':          1       3'358        839    1'959       17        0
         'objective_lb_search':         25         288          0   18'718        0        0
  'objective_lb_search_max_lp':          1       1'971      1'060      525        5        0
                     'probing':         25       1'367          0  120'518        0        0
              'probing_max_lp':          1         643        379      126        3        0
                'pseudo_costs':          1       6'457      2'042    2'092       48        0
               'quick_restart':         25       1'150          0   23'265        0        0
               'reduced_costs':          1       4'862      1'066    1'606       23        0

Lp dimension                      Final dimension of first component
                  'default_lp':         0 rows, 6 columns, 0 entries
                       'fixed':         0 rows, 6 columns, 0 entries
                   'fs_random':         0 rows, 6 columns, 0 entries
              'lb_tree_search':  335 rows, 229 columns, 1609 entries
                      'max_lp':   255 rows, 229 columns, 839 entries
         'objective_lb_search':         0 rows, 6 columns, 0 entries
  'objective_lb_search_max_lp':   254 rows, 229 columns, 933 entries
                     'probing':         0 rows, 6 columns, 0 entries
              'probing_max_lp':  447 rows, 229 columns, 2267 entries
                'pseudo_costs':   189 rows, 229 columns, 444 entries
               'quick_restart':         0 rows, 6 columns, 0 entries
               'reduced_costs':   237 rows, 229 columns, 784 entries

Lp debug                         CutPropag  CutEqPropag  Adjust  Overflow     Bad  BadScaling
                  'default_lp':          0            0       0         0       0           0
                       'fixed':          0            0       0         0       0           0
                   'fs_random':          0            0       0         0       0           0
              'lb_tree_search':          0           49     316         0  18'272           0
                      'max_lp':          0            7   1'243         0  16'257           0
         'objective_lb_search':          0            0       0         0       0           0
  'objective_lb_search_max_lp':          0           19     511         0  11'513           0
                     'probing':          0            0       0         0       0           0
              'probing_max_lp':          0           26     126         0  46'126           0
                'pseudo_costs':          0            9   1'965         0   8'942           0
               'quick_restart':          0            0       0         0       0           0
               'reduced_costs':          0            0   1'554         0  14'046           0

Lp pool                          Constraints  Updates  Simplif  Merged  Shortened  Split  Strenghtened     Cuts/Call
                  'default_lp':          222        0       24       0          0      0             6           0/0
                       'fixed':          222        0        0       0          0      0             0           0/0
                   'fs_random':          222        0        0       0          0      0             0           0/0
              'lb_tree_search':          809    2'898      148      22          0      0             4     609/2'212
                      'max_lp':        1'011    2'281      106      50          0      0             2     839/8'541
         'objective_lb_search':          222        0       24       0          0      0             4           0/0
  'objective_lb_search_max_lp':        1'186    1'723      360      96          0      0             0   1'060/3'387
                     'probing':          222        0      124       0          0      0             6           0/0
              'probing_max_lp':          601      102        0       0          0      0             0     379/1'356
                'pseudo_costs':        1'828    2'070      206     436          0      0             0  2'042/14'325
               'quick_restart':          222        0       85       0          0      0             0           0/0
               'reduced_costs':        1'145    2'308       33     143          0      0            10   1'066/6'939

Lp Cut                                                max_lp  reduced_costs  pseudo_costs  objective_lb_search_max_lp  lb_tree_search  probing_max_lp
                                              CG_FF:       1              5             -                           -               -               -
                                               CG_K:       3              6            13                           2               -               1
                                               CG_R:      34             46            56                          21               9               6
                                            MIR_1_K:       1              9            13                           8               -               -
                                            MIR_1_R:      10             35            36                          20               5               1
                                           MIR_2_FF:       -              1             -                           1               -               -
                                            MIR_2_K:       1              2             2                           -               -               -
                                            MIR_2_R:       2              3             3                           2               -               -
                                           MIR_3_FF:       -              1             -                           -               -               -
                                            MIR_3_K:       3              1             4                           -               -               -
                                            MIR_3_R:       6              4             6                           1               1               -
                                            MIR_4_K:       1              -             1                           -               -               1
                                            MIR_4_R:       1              -             4                           2               -               -
                                            MIR_5_K:       1              -             1                           -               -               -
                                            MIR_5_R:       1              1             -                           -               -               -
                                            MIR_6_K:       -              -             -                           -               1               -
                                            MIR_6_R:       2              -             1                           -               -               -
                  NoOverlapCompletionTimeExhaustive:      20             32            57                          27              19              10
           NoOverlapCompletionTimeExhaustive_lifted:      26             47            84                          61              26               9
  NoOverlapCompletionTimeExhaustive_lifted_weighted:      99            108           238                         131              58              50
         NoOverlapCompletionTimeExhaustive_weighted:      73             70           143                          58              51              26
                    NoOverlapCompletionTimeQueyrane:     148            157           316                         181             117              68
             NoOverlapCompletionTimeQueyrane_lifted:     213            261           485                         279             172              93
                        NoOverlapDetectedPrecedence:       4              3            41                          12               1               -
                          NoOverlapDisjunctionOnEnd:       2              -            17                           1               -               -
                        NoOverlapDisjunctionOnStart:     173            246           496                         237             135             104
                                        ZERO_HALF_R:      14             28            25                          16              14              10

LNS stats                             Improv/Calls  Closed  Difficulty  TimeLimit
                    'graph_arc_lns':         11/25     40%    4.39e-01       0.10
                    'graph_cst_lns':          6/11     64%    9.04e-01       0.10
                    'graph_dec_lns':          7/27     63%    9.63e-01       0.10
                    'graph_var_lns':          8/32     56%    9.28e-01       0.10
                     'lb_relax_lns':           4/5     40%    4.32e-01       0.50
                        'rins/rens':           5/9     44%    5.65e-01       0.10
                      'rnd_cst_lns':          8/27     56%    9.23e-01       0.10
                      'rnd_var_lns':         10/30     43%    7.15e-01       0.10
         'scheduling_intervals_lns':           3/4      0%    8.55e-02       0.10
       'scheduling_precedences_lns':           3/4     25%    2.13e-01       0.10
  'scheduling_resource_windows_lns':           6/9     33%    1.24e-01       0.10
       'scheduling_time_window_lns':           2/7     29%    2.32e-01       0.10

LS stats                                    Batches  Restarts/Perturbs  LinMoves  GenMoves  CompoundMoves  Bactracks  WeightUpdates  ScoreComputed
                            'ls_compound':       25                 15        55    25'760            742      9'857          1'127      7'452'157
                         'ls_lin_restart':       31                 26       162    20'417              0          0         13'483      9'157'634
                'ls_lin_restart_compound':       25                 25         0    23'403          1'292     11'024            151      6'736'621
        'ls_lin_restart_compound_perturb':       30                 28         0    30'735          1'168     14'754            238      8'706'870
                   'ls_lin_restart_decay':       38                 31       312    41'776              0          0          3'598     10'591'651
          'ls_lin_restart_decay_compound':       28                 22         0    32'902          1'233     15'786            210      9'266'567
  'ls_lin_restart_decay_compound_perturb':       29                 24         0    28'136          1'345     13'363            192      8'107'854
           'ls_lin_restart_decay_perturb':       53                 38       417    60'237              0          0          5'353     14'946'421
                 'ls_lin_restart_perturb':       33                 27       197    23'805              0          0         12'410      9'550'909
                             'ls_restart':       54                 46       340    36'816              0          0         18'277     15'377'597
                    'ls_restart_compound':       70                 57         0    73'814          2'582     35'508            559     21'179'886
            'ls_restart_compound_perturb':       46                 43         0    46'277          1'860     22'128            363     13'728'085
                       'ls_restart_decay':       76                 58       696    86'608              0          0          7'295     21'481'279
              'ls_restart_decay_compound':       69                 49         0    80'854          4'053     38'325            508     21'448'379
      'ls_restart_decay_compound_perturb':       43                 39         0    47'422          1'817     22'735            327     13'450'774
               'ls_restart_decay_perturb':       61                 51       454    70'530              0          0          6'020     16'594'320
                     'ls_restart_perturb':       64                 51       391    42'509              0          0         32'230     18'657'707

Solutions (62)                              Num     Rank
                                  'fixed':    1    [3,3]
                          'graph_arc_lns':    2   [8,62]
                          'graph_dec_lns':    1    [6,6]
                          'graph_var_lns':    2   [7,54]
                    'ls_compound_perturb':    1  [23,23]
                         'ls_lin_restart':    2  [24,42]
                'ls_lin_restart_compound':    4  [17,40]
        'ls_lin_restart_compound_perturb':    2  [10,37]
                   'ls_lin_restart_decay':    2  [38,52]
  'ls_lin_restart_decay_compound_perturb':    2  [39,43]
           'ls_lin_restart_decay_perturb':    1  [20,20]
                             'ls_restart':    3  [26,60]
                    'ls_restart_compound':    5  [16,55]
            'ls_restart_compound_perturb':    5   [9,41]
                       'ls_restart_decay':    2  [46,57]
              'ls_restart_decay_compound':    4  [14,48]
      'ls_restart_decay_compound_perturb':    2  [12,35]
               'ls_restart_decay_perturb':    2  [58,59]
                     'ls_restart_perturb':    4  [21,47]
                                 'max_lp':    1  [53,53]
                                  'no_lp':    1    [1,1]
                    'objective_lb_search':    1    [5,5]
              'objective_lb_search_no_lp':    1    [4,4]
                          'quick_restart':    1  [32,32]
                    'quick_restart_no_lp':    8   [2,56]
                            'rnd_cst_lns':    1  [11,11]
        'scheduling_resource_windows_lns':    1  [61,61]

Objective bounds                 Num
              'initial_domain':    1
                      'max_lp':    3
         'objective_lb_search':    8
  'objective_lb_search_max_lp':   10

Solution repositories    Added  Queried  Synchro
  'feasible solutions':    254    1'027      201
   'fj solution hints':      0        0        0
        'lp solutions':     41        1       40
                'pump':    160       10

Improving bounds shared            Num  Sym
                  'default_lp':      5    0
                       'fixed':    237    0
              'lb_tree_search':    635    0
                      'max_lp':  2'320    0
                       'no_lp':     25    0
         'objective_lb_search':    241    0
  'objective_lb_search_max_lp':    692    0
   'objective_lb_search_no_lp':    242    0
                     'probing':    112    0
              'probing_max_lp':      5    0
               'probing_no_lp':    147    0
                'pseudo_costs':    214    0
               'quick_restart':     76    0
         'quick_restart_no_lp':    359    0
               'reduced_costs':    218    0

CpSolverResponse summary:
status: OPTIMAL
objective: 5723
best_bound: 5723
integers: 229
booleans: 0
conflicts: 0
branches: 0
propagations: 0
integer_propagations: 0
restarts: 0
lp_iterations: 0
walltime: 1.42736
usertime: 1.42736
deterministic_time: 84.8263
gap_integral: 410.726
solution_fingerprint: 0xd8aca3ffeebb0c27

