
Starting CP-SAT solver v9.14.6206
Parameters: max_time_in_seconds: 300 log_search_progress: true num_search_workers: 104 relative_gap_limit: 0.005

Initial optimization model '': (model_fingerprint: 0x49e1e339923045f2)
#Variables: 504 (#ints: 90 in objective) (388 primary variables)
  - 116 in [0,45227]
  - 128 in [31680,45227]
  - 260 in [33120,45227]
#kInterval: 200 (#fixed: 6)
#kLinMax: 116 (#expressions: 232)
#kLinear1: 26
#kLinear2: 168
#kNoOverlap: 10 (#intervals: 200, #fixed_intervals: 6)

Starting presolve at 0.00s
  7.43e-05s  0.00e+00d  [DetectDominanceRelations] 
  1.89e-03s  0.00e+00d  [PresolveToFixPoint] #num_loops=10 #num_dual_strengthening=1 
  2.43e-06s  0.00e+00d  [ExtractEncodingFromLinear] 
  1.34e-05s  0.00e+00d  [DetectDuplicateColumns] 
  6.50e-05s  0.00e+00d  [DetectDuplicateConstraints] 
[Symmetry] Graph for symmetry has 1'112 nodes and 996 arcs.
[Symmetry] Symmetry computation done. time: 0.000104 dtime: 0.00011414
  6.56e-05s  0.00e+00d  [DetectDuplicateConstraintsWithDifferentEnforcements] 
  5.30e-04s  1.13e-05d  [Probe] #new_bounds=77 
  2.15e-06s  0.00e+00d  [MaxClique] 
  6.51e-05s  0.00e+00d  [DetectDominanceRelations] 
  4.83e-04s  0.00e+00d  [PresolveToFixPoint] #num_loops=2 #num_dual_strengthening=1 
  2.39e-05s  0.00e+00d  [ProcessAtMostOneAndLinear] 
  5.84e-05s  0.00e+00d  [DetectDuplicateConstraints] 
  5.48e-05s  0.00e+00d  [DetectDuplicateConstraintsWithDifferentEnforcements] 
  2.32e-05s  1.14e-06d  [DetectDominatedLinearConstraints] #relevant_constraints=190 
  2.57e-05s  0.00e+00d  [DetectDifferentVariables] 
  2.40e-06s  0.00e+00d  [ProcessSetPPC] 
  2.40e-06s  0.00e+00d  [FindAlmostIdenticalLinearConstraints] 
  1.13e-05s  0.00e+00d  [FindBigAtMostOneAndLinearOverlap] 
  1.42e-05s  7.10e-06d  [FindBigVerticalLinearOverlap] 
  2.01e-06s  0.00e+00d  [FindBigHorizontalLinearOverlap] 
  1.67e-06s  0.00e+00d  [MergeClauses] 
  6.12e-05s  0.00e+00d  [DetectDominanceRelations] 
  3.12e-04s  0.00e+00d  [PresolveToFixPoint] #num_loops=1 #num_dual_strengthening=1 
  5.80e-05s  0.00e+00d  [DetectDominanceRelations] 
  3.09e-04s  0.00e+00d  [PresolveToFixPoint] #num_loops=1 #num_dual_strengthening=1 
  1.04e-05s  0.00e+00d  [DetectDuplicateColumns] 
  5.77e-05s  0.00e+00d  [DetectDuplicateConstraints] 
[Symmetry] Graph for symmetry has 1'079 nodes and 949 arcs.
[Symmetry] Symmetry computation done. time: 7.1724e-05 dtime: 0.00011092
  5.56e-05s  0.00e+00d  [DetectDuplicateConstraintsWithDifferentEnforcements] 
  3.83e-04s  1.87e-06d  [Probe] 
  1.65e-06s  0.00e+00d  [MaxClique] 
  6.81e-05s  0.00e+00d  [DetectDominanceRelations] 
  3.49e-04s  0.00e+00d  [PresolveToFixPoint] #num_loops=1 #num_dual_strengthening=1 
  2.44e-05s  0.00e+00d  [ProcessAtMostOneAndLinear] 
  5.58e-05s  0.00e+00d  [DetectDuplicateConstraints] 
  5.25e-05s  0.00e+00d  [DetectDuplicateConstraintsWithDifferentEnforcements] 
  2.18e-05s  1.14e-06d  [DetectDominatedLinearConstraints] #relevant_constraints=190 
  2.55e-05s  0.00e+00d  [DetectDifferentVariables] 
  2.24e-06s  0.00e+00d  [ProcessSetPPC] 
  2.38e-06s  0.00e+00d  [FindAlmostIdenticalLinearConstraints] 
  1.13e-05s  0.00e+00d  [FindBigAtMostOneAndLinearOverlap] 
  1.41e-05s  7.10e-06d  [FindBigVerticalLinearOverlap] 
  1.82e-06s  0.00e+00d  [FindBigHorizontalLinearOverlap] 
  1.46e-06s  0.00e+00d  [MergeClauses] 
  6.00e-05s  0.00e+00d  [DetectDominanceRelations] 
  3.14e-04s  0.00e+00d  [PresolveToFixPoint] #num_loops=1 #num_dual_strengthening=1 
  1.79e-05s  0.00e+00d  [ExpandObjective] 

Presolve summary:
  - 262 affine relations were detected.
  - rule 'TODO dual: only one blocking constraint?' was applied 296 times.
  - rule 'TODO dual: only one unspecified blocking constraint?' was applied 132 times.
  - rule 'affine: new relation' was applied 262 times.
  - rule 'intervals: removed unused interval' was applied 6 times.
  - rule 'lin_max: converted abs to equality' was applied 64 times.
  - rule 'lin_max: converted to equality' was applied 8 times.
  - rule 'lin_max: propagate domain from x to abs(x)' was applied 74 times.
  - rule 'lin_max: removed exprs' was applied 8 times.
  - rule 'lin_max: rewrite with precedences' was applied 22 times.
  - rule 'lin_max: target domain reduced' was applied 52 times.
  - rule 'lin_max: unused affine target' was applied 22 times.
  - rule 'linear1: x in domain' was applied 22 times.
  - rule 'linear: always true' was applied 30 times.
  - rule 'linear: fixed or dup variables' was applied 4 times.
  - rule 'linear: reduced variable domains' was applied 970 times.
  - rule 'linear: remapped using affine relations' was applied 552 times.
  - rule 'no_overlap: split into disjoint components' was applied 6 times.
  - rule 'presolve: 4 unused variables removed.' was applied 1 time.
  - rule 'presolve: iteration' was applied 2 times.

Presolved optimization model '': (model_fingerprint: 0x858454a3d502744c)
#Variables: 216 (#ints: 86 in objective) (194 primary variables)
  - 178 different domains in [0,45206] with a largest complexity of 1.
#kInterval: 194
#kLinear2: 190
#kNoOverlap: 10 (#intervals: 194)
[Symmetry] Graph for symmetry has 791 nodes and 949 arcs.
[Symmetry] Symmetry computation done. time: 5.7896e-05 dtime: 9.364e-05

Preloading model.
#Bound   0.01s best:inf   next:[17109,1050034] initial_domain
#Model   0.01s var:216/216 constraints:394/394

Starting search at 0.01s with 104 workers.
18 full problem subsolvers: [core, default_lp, fixed, lb_tree_search, max_lp, no_lp, objective_lb_search, objective_lb_search_max_lp, objective_lb_search_no_lp, objective_shaving_max_lp, objective_shaving_no_lp, probing, probing_max_lp, probing_no_lp, pseudo_costs, quick_restart, quick_restart_no_lp, reduced_costs]
86 first solution subsolvers: [fj(25), fj_lin(12), fs_random(12), fs_random_no_lp(13), fs_random_quick_restart(12), fs_random_quick_restart_no_lp(12)]
45 interleaved subsolvers: [feasibility_pump, graph_arc_lns, graph_cst_lns, graph_dec_lns, graph_var_lns, lb_relax_lns, ls(19), ls_lin(10), rins/rens, rnd_cst_lns, rnd_var_lns, scheduling_intervals_lns, scheduling_precedences_lns, scheduling_resource_windows_lns, scheduling_time_window_lns, variables_shaving, variables_shaving_max_lp, variables_shaving_no_lp]
3 helper subsolvers: [neighborhood_helper, synchronization_agent, update_gap_integral]

#Bound   0.02s best:inf   next:[17111,1050034] bool_core (num_cores=1 [size:2 mw:2 d:1] a=85 d=1 fixed=0/86 clauses=0)
#Bound   0.02s best:inf   next:[17113,1050034] bool_core (num_cores=1 [cover] a=85 d=1 fixed=0/89 clauses=1)
#Bound   0.02s best:inf   next:[17115,1050034] bool_core (num_cores=1 [cover] a=85 d=1 fixed=1/92 clauses=3)
#Bound   0.02s best:inf   next:[17117,1050034] bool_core (num_cores=1 [cover] a=85 d=1 fixed=2/95 clauses=6)
#1       0.02s best:49886 next:[17117,49885] quick_restart_no_lp
#Bound   0.02s best:49886 next:[17737,49885] pseudo_costs
#2       0.02s best:49572 next:[17737,49571] no_lp
#3       0.02s best:44353 next:[17737,44352] quick_restart_no_lp
#4       0.02s best:41782 next:[17737,41781] fixed
#5       0.02s best:25171 next:[17737,25170] core
#Bound   0.03s best:25171 next:[17862,25170] pseudo_costs
#Bound   0.03s best:25171 next:[18590,25170] max_lp
#6       0.03s best:25120 next:[18590,25119] ls_restart_compound_perturb(batch:1 lin{mvs:0 evals:20} gen{mvs:27 evals:863} comp{mvs:9 btracks:9} #w_updates:0 #perturb:0)
#Bound   0.04s best:25120 next:[18654,25119] pseudo_costs
#Bound   0.04s best:25120 next:[19320,25119] max_lp
#7       0.04s best:25097 next:[19320,25096] rnd_var_lns (d=5.00e-01 s=79 t=0.10 p=0.00 stall=0 h=base)
#8       0.05s best:22708 next:[19320,22707] quick_restart
#9       0.05s best:22599 next:[19320,22598] graph_cst_lns (d=5.00e-01 s=166 t=0.10 p=0.00 stall=0 h=base)
#Bound   0.06s best:22599 next:[19321,22598] max_lp
#10      0.06s best:22502 next:[19321,22501] ls_restart_decay_compound(batch:1 lin{mvs:0 evals:1} gen{mvs:3 evals:138} comp{mvs:3 btracks:0} #w_updates:0 #perturb:0)
#Bound   0.07s best:22502 next:[19343,22501] max_lp
#11      0.07s best:22075 next:[19343,22074] rnd_cst_lns (d=5.00e-01 s=155 t=0.10 p=0.00 stall=0 h=base)
#12      0.08s best:21782 next:[19343,21781] ls_restart_compound_perturb(batch:1 lin{mvs:0 evals:5} gen{mvs:10 evals:360} comp{mvs:10 btracks:0} #w_updates:0 #perturb:0)
#13      0.09s best:21781 next:[19343,21780] ls_lin_restart_compound_perturb(batch:1 lin{mvs:0 evals:9} gen{mvs:20 evals:678} comp{mvs:8 btracks:6} #w_updates:0 #perturb:0)
#14      0.10s best:21753 next:[19343,21752] quick_restart
#Bound   0.10s best:21753 next:[19344,21752] max_lp
#15      0.11s best:21750 next:[19344,21749] quick_restart_no_lp
#16      0.14s best:21749 next:[19344,21748] quick_restart
#17      0.14s best:21748 next:[19344,21747] quick_restart
#18      0.14s best:21742 next:[19344,21741] ls_lin_restart_decay_compound(batch:1 lin{mvs:0 evals:13} gen{mvs:7 evals:212} comp{mvs:7 btracks:0} #w_updates:0 #perturb:0)
#19      0.15s best:21652 next:[19344,21651] quick_restart
#20      0.16s best:21342 next:[19344,21341] ls_lin_restart_compound_perturb(batch:1 lin{mvs:0 evals:0} gen{mvs:17 evals:553} comp{mvs:17 btracks:0} #w_updates:0 #perturb:0)
#21      0.16s best:21327 next:[19344,21326] ls_restart_decay_compound_perturb(batch:1 lin{mvs:0 evals:0} gen{mvs:15 evals:543} comp{mvs:15 btracks:0} #w_updates:0 #perturb:0)
#22      0.20s best:21318 next:[19344,21317] quick_restart
#23      0.21s best:21300 next:[19344,21299] ls_lin_restart_decay_compound_perturb(batch:1 lin{mvs:0 evals:0} gen{mvs:3 evals:114} comp{mvs:3 btracks:0} #w_updates:0 #perturb:0)
#24      0.23s best:21296 next:[19344,21295] quick_restart
#25      0.29s best:21294 next:[19344,21293] quick_restart
#26      0.30s best:21267 next:[19344,21266] ls_lin_restart_compound_perturb(batch:1 lin{mvs:0 evals:7} gen{mvs:11 evals:363} comp{mvs:11 btracks:0} #w_updates:0 #perturb:0)
#27      0.38s best:21265 next:[19344,21264] ls_restart_compound(batch:1 lin{mvs:0 evals:30} gen{mvs:82 evals:1'696} comp{mvs:4 btracks:39} #w_updates:0 #perturb:0)
#28      0.46s best:21264 next:[19344,21263] ls_restart_decay_compound(batch:1 lin{mvs:0 evals:34} gen{mvs:86 evals:1'749} comp{mvs:4 btracks:41} #w_updates:0 #perturb:0)
#Bound   0.48s best:21264 next:[19346,21263] objective_lb_search_max_lp
#Bound   0.50s best:21264 next:[19354,21263] objective_lb_search_max_lp
#Bound   0.51s best:21264 next:[19362,21263] objective_lb_search_max_lp
#Bound   0.54s best:21264 next:[19363,21263] objective_lb_search_max_lp
#Bound   0.55s best:21264 next:[19387,21263] objective_lb_search_max_lp
#Bound   0.56s best:21264 next:[19389,21263] objective_lb_search_max_lp
#Bound   0.58s best:21264 next:[19395,21263] objective_lb_search_max_lp
#29      0.59s best:21141 next:[19395,21140] graph_cst_lns (d=6.52e-01 s=938 t=0.10 p=0.50 stall=0 h=base)
#30      0.59s best:21016 next:[19395,21015] ls_lin_restart_decay_compound(batch:1 lin{mvs:0 evals:4} gen{mvs:8 evals:332} comp{mvs:8 btracks:0} #w_updates:0 #perturb:0)
#31      0.60s best:21013 next:[19395,21012] ls_lin_restart_compound(batch:1 lin{mvs:0 evals:9} gen{mvs:12 evals:475} comp{mvs:12 btracks:0} #w_updates:0 #perturb:0)
#Bound   0.61s best:21013 next:[19565,21012] objective_lb_search_max_lp
#32      0.70s best:21007 next:[19574,21006] ls_lin_restart_decay_compound(batch:1 lin{mvs:0 evals:149} gen{mvs:196 evals:7'140} comp{mvs:22 btracks:87} #w_updates:2 #perturb:0)
#33      0.73s best:20916 next:[19606,20915] scheduling_resource_windows_lns (d=2.93e-01 s=842 t=0.10 p=0.00 stall=0 h=base)
#34      0.79s best:20901 next:[19612,20900] rnd_var_lns (d=6.06e-01 s=1210 t=0.10 p=0.44 stall=0 h=base)
#35      0.79s best:20837 next:[19612,20836] ls_lin_restart_decay_compound_perturb(batch:1 lin{mvs:0 evals:4} gen{mvs:6 evals:210} comp{mvs:6 btracks:0} #w_updates:0 #perturb:0)
#36      0.82s best:20731 next:[19612,20730] scheduling_resource_windows_lns (d=8.55e-02 s=1161 t=0.10 p=0.00 stall=0 h=base)
#37      0.83s best:20592 next:[19612,20591] scheduling_time_window_lns (d=3.14e-01 s=1195 t=0.10 p=0.33 stall=1 h=base) [combined with: scheduling_resource_...]
#Bound   0.88s best:20592 next:[19643,20591] objective_lb_search_max_lp [skipped_logs=6]
#38      1.02s best:20562 next:[19643,20561] graph_arc_lns (d=6.06e-01 s=1349 t=0.10 p=0.44 stall=3 h=base)
#39      1.12s best:20537 next:[19644,20536] scheduling_time_window_lns (d=4.25e-01 s=1394 t=0.10 p=0.43 stall=0 h=base)
#40      1.18s best:20471 next:[19645,20470] rnd_var_lns (d=8.62e-01 s=1481 t=0.10 p=0.58 stall=0 h=base)
#41      1.19s best:20469 next:[19647,20468] ls_restart_decay_compound_perturb(batch:1 lin{mvs:0 evals:0} gen{mvs:3 evals:104} comp{mvs:3 btracks:0} #w_updates:0 #perturb:0)
#42      1.23s best:20433 next:[19653,20432] graph_cst_lns (d=5.44e-01 s=1531 t=0.10 p=0.45 stall=1 h=base)
#43      1.23s best:20421 next:[19653,20420] rnd_var_lns (d=8.62e-01 s=1470 t=0.10 p=0.58 stall=0 h=base)
#44      1.98s best:20408 next:[19988,20407] graph_dec_lns (d=8.76e-01 s=1638 t=0.10 p=0.62 stall=3 h=base)
#45      1.98s best:20385 next:[19988,20384] ls_restart_compound_perturb(batch:1 lin{mvs:0 evals:12} gen{mvs:12 evals:509} comp{mvs:12 btracks:0} #w_updates:0 #perturb:0)
#Bound   1.97s best:20421 next:[19988,20420] objective_lb_search_max_lp [skipped_logs=24]
#46      2.09s best:20384 next:[19989,20383] scheduling_precedences_lns (d=1.13e-01 s=2037 t=0.10 p=0.29 stall=2 h=base)
#47      2.35s best:20353 next:[19997,20352] scheduling_resource_windows_lns (d=1.24e-01 s=2103 t=0.10 p=0.36 stall=5 h=base)
#Bound   2.80s best:20353 next:[20025,20352] objective_lb_search_max_lp [skipped_logs=7]
#Bound   3.77s best:20353 next:[20084,20352] objective_lb_search_max_lp [skipped_logs=6]
#Bound   4.98s best:20353 next:[20104,20352] objective_lb_search_max_lp [skipped_logs=6]
#Bound   5.62s best:20353 next:[20109,20352] objective_lb_search_max_lp [skipped_logs=2]
#Bound   6.69s best:20353 next:[20128,20352] objective_lb_search_max_lp [skipped_logs=2]
#Bound   7.89s best:20353 next:[20137,20352] objective_lb_search_max_lp [skipped_logs=2]
#Bound   8.98s best:20353 next:[20147,20352] objective_lb_search_max_lp [skipped_logs=3]
#Bound   9.98s best:20353 next:[20175,20352] objective_lb_search_max_lp [skipped_logs=5]
#Bound  10.82s best:20353 next:[20192,20352] objective_lb_search_max_lp [skipped_logs=5]
#Bound  11.12s best:20353 next:[20209,20352] objective_lb_search_max_lp [skipped_logs=1]
#Bound  12.68s best:20353 next:[20212,20352] objective_lb_search_max_lp [skipped_logs=1]
#Bound  13.70s best:20353 next:[20219,20352] lb_tree_search (nodes=822/921 rc=0 decisions=15189 @root=84 restarts=11 lp_iters=[0, 0, 37'254, 15'960])  [skipped_logs=6]
#Bound  14.36s best:20353 next:[20223,20352] objective_lb_search_max_lp [skipped_logs=0]
#Bound  15.98s best:20353 next:[20242,20352] lb_tree_search (nodes=810/973 rc=0 decisions=17138 @root=105 restarts=11 lp_iters=[0, 0, 46'168, 16'079])  [skipped_logs=18]
Relative gap limit of 0.005 reached.
#Bound  16.56s best:20353 next:[20252,20352] lb_tree_search (nodes=804/1000 rc=0 decisions=18166 @root=114 restarts=11 lp_iters=[0, 0, 51'052, 16'190])  [skipped_logs=9]

Task timing                                  n [     min,      max]      avg      dev     time         n [     min,      max]      avg      dev    dtime
                             'core':         1 [  16.56s,   16.56s]   16.56s   0.00ns   16.56s         1 [  17.11s,   17.11s]   17.11s   0.00ns   17.11s
                       'default_lp':         1 [  16.56s,   16.56s]   16.56s   0.00ns   16.56s         1 [   3.28s,    3.28s]    3.28s   0.00ns    3.28s
                 'feasibility_pump':       551 [ 55.28us, 950.48us] 149.18us  73.81us  82.20ms       549 [ 28.26us, 192.78us]  28.61us   7.12us  15.71ms
                            'fixed':         1 [  16.55s,   16.55s]   16.55s   0.00ns   16.55s         1 [   3.46s,    3.46s]    3.46s   0.00ns    3.46s
                               'fj':         0 [  0.00ns,   0.00ns]   0.00ns   0.00ns   0.00ns         0 [  0.00ns,   0.00ns]   0.00ns   0.00ns   0.00ns
                               'fj':         0 [  0.00ns,   0.00ns]   0.00ns   0.00ns   0.00ns         0 [  0.00ns,   0.00ns]   0.00ns   0.00ns   0.00ns
                               'fj':         0 [  0.00ns,   0.00ns]   0.00ns   0.00ns   0.00ns         0 [  0.00ns,   0.00ns]   0.00ns   0.00ns   0.00ns
                               'fj':         0 [  0.00ns,   0.00ns]   0.00ns   0.00ns   0.00ns         0 [  0.00ns,   0.00ns]   0.00ns   0.00ns   0.00ns
                               'fj':         0 [  0.00ns,   0.00ns]   0.00ns   0.00ns   0.00ns         0 [  0.00ns,   0.00ns]   0.00ns   0.00ns   0.00ns
                               'fj':         0 [  0.00ns,   0.00ns]   0.00ns   0.00ns   0.00ns         0 [  0.00ns,   0.00ns]   0.00ns   0.00ns   0.00ns
                               'fj':         0 [  0.00ns,   0.00ns]   0.00ns   0.00ns   0.00ns         0 [  0.00ns,   0.00ns]   0.00ns   0.00ns   0.00ns
                               'fj':         0 [  0.00ns,   0.00ns]   0.00ns   0.00ns   0.00ns         0 [  0.00ns,   0.00ns]   0.00ns   0.00ns   0.00ns
                               'fj':         0 [  0.00ns,   0.00ns]   0.00ns   0.00ns   0.00ns         0 [  0.00ns,   0.00ns]   0.00ns   0.00ns   0.00ns
                               'fj':         0 [  0.00ns,   0.00ns]   0.00ns   0.00ns   0.00ns         0 [  0.00ns,   0.00ns]   0.00ns   0.00ns   0.00ns
                               'fj':         0 [  0.00ns,   0.00ns]   0.00ns   0.00ns   0.00ns         0 [  0.00ns,   0.00ns]   0.00ns   0.00ns   0.00ns
                               'fj':         0 [  0.00ns,   0.00ns]   0.00ns   0.00ns   0.00ns         0 [  0.00ns,   0.00ns]   0.00ns   0.00ns   0.00ns
                               'fj':         0 [  0.00ns,   0.00ns]   0.00ns   0.00ns   0.00ns         0 [  0.00ns,   0.00ns]   0.00ns   0.00ns   0.00ns
                               'fj':         0 [  0.00ns,   0.00ns]   0.00ns   0.00ns   0.00ns         0 [  0.00ns,   0.00ns]   0.00ns   0.00ns   0.00ns
                               'fj':         0 [  0.00ns,   0.00ns]   0.00ns   0.00ns   0.00ns         0 [  0.00ns,   0.00ns]   0.00ns   0.00ns   0.00ns
                               'fj':         0 [  0.00ns,   0.00ns]   0.00ns   0.00ns   0.00ns         0 [  0.00ns,   0.00ns]   0.00ns   0.00ns   0.00ns
                               'fj':         0 [  0.00ns,   0.00ns]   0.00ns   0.00ns   0.00ns         0 [  0.00ns,   0.00ns]   0.00ns   0.00ns   0.00ns
                               'fj':         0 [  0.00ns,   0.00ns]   0.00ns   0.00ns   0.00ns         0 [  0.00ns,   0.00ns]   0.00ns   0.00ns   0.00ns
                               'fj':         0 [  0.00ns,   0.00ns]   0.00ns   0.00ns   0.00ns         0 [  0.00ns,   0.00ns]   0.00ns   0.00ns   0.00ns
                               'fj':         0 [  0.00ns,   0.00ns]   0.00ns   0.00ns   0.00ns         0 [  0.00ns,   0.00ns]   0.00ns   0.00ns   0.00ns
                               'fj':         0 [  0.00ns,   0.00ns]   0.00ns   0.00ns   0.00ns         0 [  0.00ns,   0.00ns]   0.00ns   0.00ns   0.00ns
                               'fj':         0 [  0.00ns,   0.00ns]   0.00ns   0.00ns   0.00ns         0 [  0.00ns,   0.00ns]   0.00ns   0.00ns   0.00ns
                               'fj':         0 [  0.00ns,   0.00ns]   0.00ns   0.00ns   0.00ns         0 [  0.00ns,   0.00ns]   0.00ns   0.00ns   0.00ns
                               'fj':         0 [  0.00ns,   0.00ns]   0.00ns   0.00ns   0.00ns         0 [  0.00ns,   0.00ns]   0.00ns   0.00ns   0.00ns
                               'fj':         0 [  0.00ns,   0.00ns]   0.00ns   0.00ns   0.00ns         0 [  0.00ns,   0.00ns]   0.00ns   0.00ns   0.00ns
                           'fj_lin':         0 [  0.00ns,   0.00ns]   0.00ns   0.00ns   0.00ns         0 [  0.00ns,   0.00ns]   0.00ns   0.00ns   0.00ns
                           'fj_lin':         0 [  0.00ns,   0.00ns]   0.00ns   0.00ns   0.00ns         0 [  0.00ns,   0.00ns]   0.00ns   0.00ns   0.00ns
                           'fj_lin':         0 [  0.00ns,   0.00ns]   0.00ns   0.00ns   0.00ns         0 [  0.00ns,   0.00ns]   0.00ns   0.00ns   0.00ns
                           'fj_lin':         0 [  0.00ns,   0.00ns]   0.00ns   0.00ns   0.00ns         0 [  0.00ns,   0.00ns]   0.00ns   0.00ns   0.00ns
                           'fj_lin':         0 [  0.00ns,   0.00ns]   0.00ns   0.00ns   0.00ns         0 [  0.00ns,   0.00ns]   0.00ns   0.00ns   0.00ns
                           'fj_lin':         0 [  0.00ns,   0.00ns]   0.00ns   0.00ns   0.00ns         0 [  0.00ns,   0.00ns]   0.00ns   0.00ns   0.00ns
                           'fj_lin':         0 [  0.00ns,   0.00ns]   0.00ns   0.00ns   0.00ns         0 [  0.00ns,   0.00ns]   0.00ns   0.00ns   0.00ns
                           'fj_lin':         0 [  0.00ns,   0.00ns]   0.00ns   0.00ns   0.00ns         0 [  0.00ns,   0.00ns]   0.00ns   0.00ns   0.00ns
                           'fj_lin':         0 [  0.00ns,   0.00ns]   0.00ns   0.00ns   0.00ns         0 [  0.00ns,   0.00ns]   0.00ns   0.00ns   0.00ns
                           'fj_lin':         0 [  0.00ns,   0.00ns]   0.00ns   0.00ns   0.00ns         0 [  0.00ns,   0.00ns]   0.00ns   0.00ns   0.00ns
                           'fj_lin':         0 [  0.00ns,   0.00ns]   0.00ns   0.00ns   0.00ns         0 [  0.00ns,   0.00ns]   0.00ns   0.00ns   0.00ns
                           'fj_lin':         0 [  0.00ns,   0.00ns]   0.00ns   0.00ns   0.00ns         0 [  0.00ns,   0.00ns]   0.00ns   0.00ns   0.00ns
                        'fs_random':         0 [  0.00ns,   0.00ns]   0.00ns   0.00ns   0.00ns         0 [  0.00ns,   0.00ns]   0.00ns   0.00ns   0.00ns
                        'fs_random':         0 [  0.00ns,   0.00ns]   0.00ns   0.00ns   0.00ns         0 [  0.00ns,   0.00ns]   0.00ns   0.00ns   0.00ns
                        'fs_random':         0 [  0.00ns,   0.00ns]   0.00ns   0.00ns   0.00ns         0 [  0.00ns,   0.00ns]   0.00ns   0.00ns   0.00ns
                        'fs_random':         0 [  0.00ns,   0.00ns]   0.00ns   0.00ns   0.00ns         0 [  0.00ns,   0.00ns]   0.00ns   0.00ns   0.00ns
                        'fs_random':         0 [  0.00ns,   0.00ns]   0.00ns   0.00ns   0.00ns         0 [  0.00ns,   0.00ns]   0.00ns   0.00ns   0.00ns
                        'fs_random':         0 [  0.00ns,   0.00ns]   0.00ns   0.00ns   0.00ns         0 [  0.00ns,   0.00ns]   0.00ns   0.00ns   0.00ns
                        'fs_random':         0 [  0.00ns,   0.00ns]   0.00ns   0.00ns   0.00ns         0 [  0.00ns,   0.00ns]   0.00ns   0.00ns   0.00ns
                        'fs_random':         0 [  0.00ns,   0.00ns]   0.00ns   0.00ns   0.00ns         0 [  0.00ns,   0.00ns]   0.00ns   0.00ns   0.00ns
                        'fs_random':         0 [  0.00ns,   0.00ns]   0.00ns   0.00ns   0.00ns         0 [  0.00ns,   0.00ns]   0.00ns   0.00ns   0.00ns
                        'fs_random':         0 [  0.00ns,   0.00ns]   0.00ns   0.00ns   0.00ns         0 [  0.00ns,   0.00ns]   0.00ns   0.00ns   0.00ns
                        'fs_random':         1 [  2.56ms,   2.56ms]   2.56ms   0.00ns   2.56ms         1 [575.20ns, 575.20ns] 575.20ns   0.00ns 575.20ns
                        'fs_random':         1 [164.62us, 164.62us] 164.62us   0.00ns 164.62us         0 [  0.00ns,   0.00ns]   0.00ns   0.00ns   0.00ns
                  'fs_random_no_lp':         0 [  0.00ns,   0.00ns]   0.00ns   0.00ns   0.00ns         0 [  0.00ns,   0.00ns]   0.00ns   0.00ns   0.00ns
                  'fs_random_no_lp':         0 [  0.00ns,   0.00ns]   0.00ns   0.00ns   0.00ns         0 [  0.00ns,   0.00ns]   0.00ns   0.00ns   0.00ns
                  'fs_random_no_lp':         0 [  0.00ns,   0.00ns]   0.00ns   0.00ns   0.00ns         0 [  0.00ns,   0.00ns]   0.00ns   0.00ns   0.00ns
                  'fs_random_no_lp':         0 [  0.00ns,   0.00ns]   0.00ns   0.00ns   0.00ns         0 [  0.00ns,   0.00ns]   0.00ns   0.00ns   0.00ns
                  'fs_random_no_lp':         0 [  0.00ns,   0.00ns]   0.00ns   0.00ns   0.00ns         0 [  0.00ns,   0.00ns]   0.00ns   0.00ns   0.00ns
                  'fs_random_no_lp':         0 [  0.00ns,   0.00ns]   0.00ns   0.00ns   0.00ns         0 [  0.00ns,   0.00ns]   0.00ns   0.00ns   0.00ns
                  'fs_random_no_lp':         0 [  0.00ns,   0.00ns]   0.00ns   0.00ns   0.00ns         0 [  0.00ns,   0.00ns]   0.00ns   0.00ns   0.00ns
                  'fs_random_no_lp':         0 [  0.00ns,   0.00ns]   0.00ns   0.00ns   0.00ns         0 [  0.00ns,   0.00ns]   0.00ns   0.00ns   0.00ns
                  'fs_random_no_lp':         0 [  0.00ns,   0.00ns]   0.00ns   0.00ns   0.00ns         0 [  0.00ns,   0.00ns]   0.00ns   0.00ns   0.00ns
                  'fs_random_no_lp':         0 [  0.00ns,   0.00ns]   0.00ns   0.00ns   0.00ns         0 [  0.00ns,   0.00ns]   0.00ns   0.00ns   0.00ns
                  'fs_random_no_lp':         0 [  0.00ns,   0.00ns]   0.00ns   0.00ns   0.00ns         0 [  0.00ns,   0.00ns]   0.00ns   0.00ns   0.00ns
                  'fs_random_no_lp':         1 [  1.26ms,   1.26ms]   1.26ms   0.00ns   1.26ms         0 [  0.00ns,   0.00ns]   0.00ns   0.00ns   0.00ns
                  'fs_random_no_lp':         1 [  1.94ms,   1.94ms]   1.94ms   0.00ns   1.94ms         1 [ 61.77us,  61.77us]  61.77us   0.00ns  61.77us
          'fs_random_quick_restart':         0 [  0.00ns,   0.00ns]   0.00ns   0.00ns   0.00ns         0 [  0.00ns,   0.00ns]   0.00ns   0.00ns   0.00ns
          'fs_random_quick_restart':         0 [  0.00ns,   0.00ns]   0.00ns   0.00ns   0.00ns         0 [  0.00ns,   0.00ns]   0.00ns   0.00ns   0.00ns
          'fs_random_quick_restart':         0 [  0.00ns,   0.00ns]   0.00ns   0.00ns   0.00ns         0 [  0.00ns,   0.00ns]   0.00ns   0.00ns   0.00ns
          'fs_random_quick_restart':         0 [  0.00ns,   0.00ns]   0.00ns   0.00ns   0.00ns         0 [  0.00ns,   0.00ns]   0.00ns   0.00ns   0.00ns
          'fs_random_quick_restart':         0 [  0.00ns,   0.00ns]   0.00ns   0.00ns   0.00ns         0 [  0.00ns,   0.00ns]   0.00ns   0.00ns   0.00ns
          'fs_random_quick_restart':         0 [  0.00ns,   0.00ns]   0.00ns   0.00ns   0.00ns         0 [  0.00ns,   0.00ns]   0.00ns   0.00ns   0.00ns
          'fs_random_quick_restart':         0 [  0.00ns,   0.00ns]   0.00ns   0.00ns   0.00ns         0 [  0.00ns,   0.00ns]   0.00ns   0.00ns   0.00ns
          'fs_random_quick_restart':         0 [  0.00ns,   0.00ns]   0.00ns   0.00ns   0.00ns         0 [  0.00ns,   0.00ns]   0.00ns   0.00ns   0.00ns
          'fs_random_quick_restart':         0 [  0.00ns,   0.00ns]   0.00ns   0.00ns   0.00ns         0 [  0.00ns,   0.00ns]   0.00ns   0.00ns   0.00ns
          'fs_random_quick_restart':         0 [  0.00ns,   0.00ns]   0.00ns   0.00ns   0.00ns         0 [  0.00ns,   0.00ns]   0.00ns   0.00ns   0.00ns
          'fs_random_quick_restart':         0 [  0.00ns,   0.00ns]   0.00ns   0.00ns   0.00ns         0 [  0.00ns,   0.00ns]   0.00ns   0.00ns   0.00ns
          'fs_random_quick_restart':         1 [  1.41ms,   1.41ms]   1.41ms   0.00ns   1.41ms         0 [  0.00ns,   0.00ns]   0.00ns   0.00ns   0.00ns
    'fs_random_quick_restart_no_lp':         0 [  0.00ns,   0.00ns]   0.00ns   0.00ns   0.00ns         0 [  0.00ns,   0.00ns]   0.00ns   0.00ns   0.00ns
    'fs_random_quick_restart_no_lp':         0 [  0.00ns,   0.00ns]   0.00ns   0.00ns   0.00ns         0 [  0.00ns,   0.00ns]   0.00ns   0.00ns   0.00ns
    'fs_random_quick_restart_no_lp':         0 [  0.00ns,   0.00ns]   0.00ns   0.00ns   0.00ns         0 [  0.00ns,   0.00ns]   0.00ns   0.00ns   0.00ns
    'fs_random_quick_restart_no_lp':         0 [  0.00ns,   0.00ns]   0.00ns   0.00ns   0.00ns         0 [  0.00ns,   0.00ns]   0.00ns   0.00ns   0.00ns
    'fs_random_quick_restart_no_lp':         0 [  0.00ns,   0.00ns]   0.00ns   0.00ns   0.00ns         0 [  0.00ns,   0.00ns]   0.00ns   0.00ns   0.00ns
    'fs_random_quick_restart_no_lp':         0 [  0.00ns,   0.00ns]   0.00ns   0.00ns   0.00ns         0 [  0.00ns,   0.00ns]   0.00ns   0.00ns   0.00ns
    'fs_random_quick_restart_no_lp':         0 [  0.00ns,   0.00ns]   0.00ns   0.00ns   0.00ns         0 [  0.00ns,   0.00ns]   0.00ns   0.00ns   0.00ns
    'fs_random_quick_restart_no_lp':         0 [  0.00ns,   0.00ns]   0.00ns   0.00ns   0.00ns         0 [  0.00ns,   0.00ns]   0.00ns   0.00ns   0.00ns
    'fs_random_quick_restart_no_lp':         0 [  0.00ns,   0.00ns]   0.00ns   0.00ns   0.00ns         0 [  0.00ns,   0.00ns]   0.00ns   0.00ns   0.00ns
    'fs_random_quick_restart_no_lp':         0 [  0.00ns,   0.00ns]   0.00ns   0.00ns   0.00ns         0 [  0.00ns,   0.00ns]   0.00ns   0.00ns   0.00ns
    'fs_random_quick_restart_no_lp':         1 [  1.52ms,   1.52ms]   1.52ms   0.00ns   1.52ms         0 [  0.00ns,   0.00ns]   0.00ns   0.00ns   0.00ns
    'fs_random_quick_restart_no_lp':         1 [757.88us, 757.88us] 757.88us   0.00ns 757.88us         0 [  0.00ns,   0.00ns]   0.00ns   0.00ns   0.00ns
                    'graph_arc_lns':       222 [  1.16ms,    1.22s] 293.98ms 275.41ms    1.09m       222 [  2.53us, 106.36ms]  61.37ms  48.42ms   13.62s
                    'graph_cst_lns':       197 [  2.62ms,    1.19s] 326.85ms 268.04ms    1.07m       197 [ 29.11us, 104.20ms]  65.15ms  46.20ms   12.83s
                    'graph_dec_lns':       215 [  1.04ms, 961.68ms] 288.22ms 254.78ms    1.03m       215 [  8.54us, 104.17ms]  59.15ms  46.55ms   12.72s
                    'graph_var_lns':       252 [770.95us, 944.36ms] 267.62ms 248.71ms    1.12m       252 [180.00ns, 106.57ms]  59.41ms  49.53ms   14.97s
                     'lb_relax_lns':       151 [141.75us,    3.89s]    1.41s    1.25s    3.56m       116 [  1.44ms, 502.51ms] 416.28ms 186.08ms   48.29s
                   'lb_tree_search':         1 [  16.55s,   16.55s]   16.55s   0.00ns   16.55s         1 [   2.02s,    2.02s]    2.02s   0.00ns    2.02s
                               'ls':       327 [ 11.03ms,  76.68ms]  40.70ms  16.53ms   13.31s       327 [  5.76ms, 100.59ms]  99.91ms   5.22ms   32.67s
                               'ls':       336 [  5.95ms,  89.77ms]  41.86ms  17.80ms   14.07s       336 [ 10.83ms, 100.71ms]  99.77ms   5.83ms   33.52s
                               'ls':       340 [ 18.83ms,  72.69ms]  42.27ms  17.10ms   14.37s       340 [ 52.76ms, 100.63ms] 100.05ms   2.57ms   34.02s
                               'ls':       346 [ 22.09ms,  74.32ms]  39.23ms  17.33ms   13.57s       346 [ 81.53ms, 100.86ms] 100.15ms   1.01ms   34.65s
                               'ls':       346 [930.70us,  71.11ms]  39.54ms  17.09ms   13.68s       346 [  1.10ms, 100.75ms]  99.86ms   5.51ms   34.55s
                               'ls':       348 [  4.25ms,  69.71ms]  38.46ms  14.91ms   13.38s       348 [ 17.90ms, 100.68ms]  99.76ms   5.99ms   34.72s
                               'ls':       356 [  1.81ms,  92.65ms]  39.04ms  17.55ms   13.90s       356 [  4.53ms, 100.91ms]  99.24ms   9.16ms   35.33s
                               'ls':       359 [  6.31ms,  70.48ms]  38.50ms  17.66ms   13.82s       359 [ 11.78ms, 100.95ms]  99.55ms   7.28ms   35.74s
                               'ls':       359 [ 22.37ms,  73.33ms]  40.15ms  16.99ms   14.42s       359 [ 49.57ms, 100.65ms] 100.05ms   2.67ms   35.92s
                               'ls':       369 [ 12.93ms,  71.06ms]  38.71ms  15.97ms   14.28s       369 [ 15.46ms, 100.58ms]  99.96ms   4.41ms   36.88s
                               'ls':       371 [ 21.66ms,  68.50ms]  36.11ms  14.96ms   13.40s       371 [100.00ms, 101.45ms] 100.21ms 147.79us   37.18s
                               'ls':       372 [  2.68ms,  69.37ms]  33.68ms  15.35ms   12.53s       372 [  4.48ms, 100.83ms]  99.93ms   4.96ms   37.17s
                               'ls':       373 [  2.96ms,  74.23ms]  39.34ms  17.42ms   14.68s       373 [  3.98ms, 100.97ms]  99.95ms   4.98ms   37.28s
                               'ls':       374 [  3.30ms,  74.07ms]  37.53ms  16.56ms   14.04s       374 [  5.20ms, 101.30ms]  99.90ms   5.00ms   37.36s
                               'ls':       375 [  2.36ms,  73.06ms]  35.95ms  15.83ms   13.48s       375 [  3.66ms, 100.59ms]  99.73ms   6.44ms   37.40s
                               'ls':       375 [604.67us,  70.44ms]  36.68ms  16.92ms   13.76s       375 [  1.57ms, 100.80ms]  99.63ms   7.03ms   37.36s
                               'ls':       382 [ 22.32ms,  68.79ms]  34.25ms  13.63ms   13.09s       382 [ 95.95ms, 100.73ms] 100.17ms 252.15us   38.26s
                               'ls':       387 [ 12.64ms,  67.74ms]  32.70ms  13.00ms   12.65s       387 [ 20.92ms, 100.60ms]  99.99ms   4.03ms   38.70s
                               'ls':       401 [  5.77ms,  71.84ms]  31.82ms  12.68ms   12.76s       401 [  9.75ms, 100.68ms]  99.96ms   4.53ms   40.08s
                           'ls_lin':       316 [ 22.44ms,  75.60ms]  42.38ms  18.83ms   13.39s       316 [ 88.30ms, 100.64ms] 100.15ms 678.60us   31.65s
                           'ls_lin':       340 [  1.88ms,  74.20ms]  38.17ms  15.98ms   12.98s       340 [  5.56ms, 100.69ms]  99.69ms   6.04ms   33.89s
                           'ls_lin':       343 [ 21.88ms,  72.57ms]  37.50ms  15.03ms   12.86s       343 [ 52.98ms, 100.70ms] 100.07ms   2.55ms   34.32s
                           'ls_lin':       348 [  1.56ms,  71.42ms]  39.34ms  15.99ms   13.69s       348 [  2.52ms, 100.58ms]  99.71ms   6.30ms   34.70s
                           'ls_lin':       349 [  4.44ms,  72.57ms]  42.29ms  17.66ms   14.76s       349 [  7.58ms, 100.66ms]  99.67ms   6.95ms   34.79s
                           'ls_lin':       372 [ 12.38ms,  70.72ms]  35.81ms  15.72ms   13.32s       372 [ 41.82ms, 100.84ms] 100.05ms   3.03ms   37.22s
                           'ls_lin':       376 [950.61us,  70.26ms]  36.55ms  17.01ms   13.74s       376 [  1.34ms, 100.69ms]  99.64ms   6.04ms   37.47s
                           'ls_lin':       392 [  1.23ms,  71.22ms]  34.08ms  15.15ms   13.36s       392 [  4.97ms, 100.67ms]  99.90ms   4.89ms   39.16s
                           'ls_lin':       393 [  1.99ms,  73.73ms]  34.99ms  14.69ms   13.75s       393 [  3.41ms, 100.61ms]  99.76ms   6.11ms   39.21s
                           'ls_lin':       401 [788.15us,  77.64ms]  32.36ms  13.08ms   12.98s       401 [  2.22ms, 100.73ms]  99.23ms   9.56ms   39.79s
                           'max_lp':         1 [  16.62s,   16.62s]   16.62s   0.00ns   16.62s         1 [   3.06s,    3.06s]    3.06s   0.00ns    3.06s
                            'no_lp':         1 [  16.62s,   16.62s]   16.62s   0.00ns   16.62s         1 [   3.33s,    3.33s]    3.33s   0.00ns    3.33s
              'objective_lb_search':         1 [  16.55s,   16.55s]   16.55s   0.00ns   16.55s         1 [   4.10s,    4.10s]    4.10s   0.00ns    4.10s
       'objective_lb_search_max_lp':         1 [  16.61s,   16.61s]   16.61s   0.00ns   16.61s         1 [   2.97s,    2.97s]    2.97s   0.00ns    2.97s
        'objective_lb_search_no_lp':         1 [  16.54s,   16.54s]   16.54s   0.00ns   16.54s         1 [   2.97s,    2.97s]    2.97s   0.00ns    2.97s
         'objective_shaving_max_lp':       551 [  2.00ms,  15.50ms]   7.63ms   2.65ms    4.20s       549 [  6.80us, 127.88us]  81.30us  14.37us  44.64ms
          'objective_shaving_no_lp':       552 [556.63us,  75.28ms]   7.37ms   3.91ms    4.07s       547 [ 51.31us, 119.23us]  73.29us  17.84us  40.09ms
                          'probing':         1 [  16.62s,   16.62s]   16.62s   0.00ns   16.62s         1 [   1.14s,    1.14s]    1.14s   0.00ns    1.14s
                   'probing_max_lp':         1 [  16.61s,   16.61s]   16.61s   0.00ns   16.61s         1 [702.76ms, 702.76ms] 702.76ms   0.00ns 702.76ms
                    'probing_no_lp':         1 [  16.61s,   16.61s]   16.61s   0.00ns   16.61s         1 [   1.84s,    1.84s]    1.84s   0.00ns    1.84s
                     'pseudo_costs':         1 [  16.55s,   16.55s]   16.55s   0.00ns   16.55s         1 [   2.94s,    2.94s]    2.94s   0.00ns    2.94s
                    'quick_restart':         1 [  16.61s,   16.61s]   16.61s   0.00ns   16.61s         1 [   9.64s,    9.64s]    9.64s   0.00ns    9.64s
              'quick_restart_no_lp':         1 [  16.55s,   16.55s]   16.55s   0.00ns   16.55s         1 [   6.80s,    6.80s]    6.80s   0.00ns    6.80s
                    'reduced_costs':         1 [  16.55s,   16.55s]   16.55s   0.00ns   16.55s         1 [   2.21s,    2.21s]    2.21s   0.00ns    2.21s
                        'rins/rens':       237 [ 36.66us,    1.29s] 285.25ms 333.21ms    1.13m       186 [765.00ns, 100.18ms]  61.07ms  47.44ms   11.36s
                      'rnd_cst_lns':       201 [840.39us,    1.18s] 304.45ms 295.92ms    1.02m       201 [  1.38us, 106.27ms]  57.03ms  47.99ms   11.46s
                      'rnd_var_lns':       249 [  1.18ms,    1.02s] 235.69ms 239.75ms   58.69s       248 [  2.21us, 106.15ms]  50.08ms  46.36ms   12.42s
         'scheduling_intervals_lns':       103 [  9.95ms,    2.19s] 757.22ms 437.08ms    1.30m       103 [197.32us, 100.26ms]  85.05ms  29.34ms    8.76s
       'scheduling_precedences_lns':       129 [  8.73ms,    1.70s] 450.26ms 458.80ms   58.08s       129 [ 38.98us, 102.15ms]  54.69ms  46.20ms    7.05s
  'scheduling_resource_windows_lns':       163 [ 23.10ms,    1.11s] 500.54ms 236.50ms    1.36m       163 [  4.71ms, 100.37ms]  90.87ms  22.33ms   14.81s
       'scheduling_time_window_lns':       152 [  7.01ms,    1.32s] 368.42ms 362.49ms   56.00s       152 [ 41.63us, 104.14ms]  57.85ms  48.57ms    8.79s
                'variables_shaving':       551 [  6.40ms,    1.32s]  57.24ms  99.91ms   31.54s       551 [220.54us,  66.89ms]   4.61ms   8.00ms    2.54s
         'variables_shaving_max_lp':       229 [ 33.42ms, 827.96ms] 278.26ms 204.01ms    1.06m       229 [  7.86ms, 101.34ms]  50.89ms  34.46ms   11.65s
          'variables_shaving_no_lp':       551 [  4.95ms, 524.69ms]  41.39ms  63.15ms   22.80s       551 [213.79us,  32.36ms]   2.63ms   4.54ms    1.45s

Search stats                         Bools  Conflicts  Branches  Restarts  BoolPropag  IntegerPropag
                           'core':  27'576      5'180    83'456    10'888  27'142'629      2'922'124
                     'default_lp':   2'510     23'224   102'915     7'306   9'025'995     19'503'378
                          'fixed':   2'629     41'547    89'073       761  10'298'338     17'908'840
                      'fs_random':       0          0         0         0           0              0
                      'fs_random':       0          0         0         0           0              0
                      'fs_random':       0          0         0         0           0              0
                      'fs_random':       0          0         0         0           0              0
                      'fs_random':       0          0         0         0           0              0
                      'fs_random':       0          0         0         0           0              0
                      'fs_random':       0          0         0         0           0              0
                      'fs_random':       0          0         0         0           0              0
                      'fs_random':       0          0         0         0           0              0
                      'fs_random':       0          0         0         0           0              0
                      'fs_random':       0          0         0         0           0              0
                      'fs_random':       0          0         0         0           0              0
                'fs_random_no_lp':       0          0         0         0           0              0
                'fs_random_no_lp':       0          0         0         0           0              0
                'fs_random_no_lp':       0          0         0         0           0              0
                'fs_random_no_lp':       0          0         0         0           0              0
                'fs_random_no_lp':       0          0         0         0           0              0
                'fs_random_no_lp':       0          0         0         0           0              0
                'fs_random_no_lp':       0          0         0         0           0              0
                'fs_random_no_lp':       0          0         0         0           0              0
                'fs_random_no_lp':       0          0         0         0           0              0
                'fs_random_no_lp':       0          0         0         0           0              0
                'fs_random_no_lp':       0          0         0         0           0              0
                'fs_random_no_lp':       0          0         0         0           0              0
                'fs_random_no_lp':      31          0        30         0           0            340
        'fs_random_quick_restart':       0          0         0         0           0              0
        'fs_random_quick_restart':       0          0         0         0           0              0
        'fs_random_quick_restart':       0          0         0         0           0              0
        'fs_random_quick_restart':       0          0         0         0           0              0
        'fs_random_quick_restart':       0          0         0         0           0              0
        'fs_random_quick_restart':       0          0         0         0           0              0
        'fs_random_quick_restart':       0          0         0         0           0              0
        'fs_random_quick_restart':       0          0         0         0           0              0
        'fs_random_quick_restart':       0          0         0         0           0              0
        'fs_random_quick_restart':       0          0         0         0           0              0
        'fs_random_quick_restart':       0          0         0         0           0              0
        'fs_random_quick_restart':       0          0         0         0           0              0
  'fs_random_quick_restart_no_lp':       0          0         0         0           0              0
  'fs_random_quick_restart_no_lp':       0          0         0         0           0              0
  'fs_random_quick_restart_no_lp':       0          0         0         0           0              0
  'fs_random_quick_restart_no_lp':       0          0         0         0           0              0
  'fs_random_quick_restart_no_lp':       0          0         0         0           0              0
  'fs_random_quick_restart_no_lp':       0          0         0         0           0              0
  'fs_random_quick_restart_no_lp':       0          0         0         0           0              0
  'fs_random_quick_restart_no_lp':       0          0         0         0           0              0
  'fs_random_quick_restart_no_lp':       0          0         0         0           0              0
  'fs_random_quick_restart_no_lp':       0          0         0         0           0              0
  'fs_random_quick_restart_no_lp':       0          0         0         0           0              0
  'fs_random_quick_restart_no_lp':       0          0         0         0           0              0
                 'lb_tree_search':   1'812      1'647    71'780    25'227   1'452'267      3'614'981
                         'max_lp':   1'214     14'572    84'710     3'102   2'653'729     11'030'734
                          'no_lp':   1'998     22'739    65'748     4'185   8'311'591     20'930'873
            'objective_lb_search':   3'399     29'057   152'922     9'230  13'405'768     23'273'217
     'objective_lb_search_max_lp':   2'018      7'355   115'623    45'594   2'835'382      5'102'364
      'objective_lb_search_no_lp':   1'945     21'871   143'484     5'678   8'641'474     17'113'418
                        'probing':   2'847      6'129    40'086    20'763   1'970'968      4'325'437
                 'probing_max_lp':   2'214         97     4'331     4'331      81'058        119'258
                  'probing_no_lp':   2'987     10'149    63'977    33'529   3'605'801      6'577'641
                   'pseudo_costs':   2'324     11'393    98'605    10'487   4'864'850      9'146'017
                  'quick_restart':   8'781     48'536   237'991    15'854  50'012'936     33'159'030
            'quick_restart_no_lp':   7'734     32'455   217'152    13'385  33'907'117     23'555'623
                  'reduced_costs':   2'741      8'436    61'451    20'453   2'554'386      3'408'530

SAT stats                           ClassicMinim  LitRemoved  LitLearned  LitForgotten  Subsumed  MClauses  MDecisions  MLitTrue  MSubsumed  MLitRemoved  MReused
                           'core':         2'506      13'873      12'362             0        13    11'478      17'605         0      1'007        3'022    4'502
                     'default_lp':        22'646     204'638     150'587             0        32     6'131       9'552         0      2'063       11'231    8'372
                          'fixed':        39'235     156'409   1'013'327       711'427       344         0           0         0          0            0        0
                      'fs_random':             0           0           0             0         0         0           0         0          0            0        0
                      'fs_random':             0           0           0             0         0         0           0         0          0            0        0
                      'fs_random':             0           0           0             0         0         0           0         0          0            0        0
                      'fs_random':             0           0           0             0         0         0           0         0          0            0        0
                      'fs_random':             0           0           0             0         0         0           0         0          0            0        0
                      'fs_random':             0           0           0             0         0         0           0         0          0            0        0
                      'fs_random':             0           0           0             0         0         0           0         0          0            0        0
                      'fs_random':             0           0           0             0         0         0           0         0          0            0        0
                      'fs_random':             0           0           0             0         0         0           0         0          0            0        0
                      'fs_random':             0           0           0             0         0         0           0         0          0            0        0
                      'fs_random':             0           0           0             0         0         0           0         0          0            0        0
                      'fs_random':             0           0           0             0         0         0           0         0          0            0        0
                'fs_random_no_lp':             0           0           0             0         0         0           0         0          0            0        0
                'fs_random_no_lp':             0           0           0             0         0         0           0         0          0            0        0
                'fs_random_no_lp':             0           0           0             0         0         0           0         0          0            0        0
                'fs_random_no_lp':             0           0           0             0         0         0           0         0          0            0        0
                'fs_random_no_lp':             0           0           0             0         0         0           0         0          0            0        0
                'fs_random_no_lp':             0           0           0             0         0         0           0         0          0            0        0
                'fs_random_no_lp':             0           0           0             0         0         0           0         0          0            0        0
                'fs_random_no_lp':             0           0           0             0         0         0           0         0          0            0        0
                'fs_random_no_lp':             0           0           0             0         0         0           0         0          0            0        0
                'fs_random_no_lp':             0           0           0             0         0         0           0         0          0            0        0
                'fs_random_no_lp':             0           0           0             0         0         0           0         0          0            0        0
                'fs_random_no_lp':             0           0           0             0         0         0           0         0          0            0        0
                'fs_random_no_lp':             0           0           0             0         0         0           0         0          0            0        0
        'fs_random_quick_restart':             0           0           0             0         0         0           0         0          0            0        0
        'fs_random_quick_restart':             0           0           0             0         0         0           0         0          0            0        0
        'fs_random_quick_restart':             0           0           0             0         0         0           0         0          0            0        0
        'fs_random_quick_restart':             0           0           0             0         0         0           0         0          0            0        0
        'fs_random_quick_restart':             0           0           0             0         0         0           0         0          0            0        0
        'fs_random_quick_restart':             0           0           0             0         0         0           0         0          0            0        0
        'fs_random_quick_restart':             0           0           0             0         0         0           0         0          0            0        0
        'fs_random_quick_restart':             0           0           0             0         0         0           0         0          0            0        0
        'fs_random_quick_restart':             0           0           0             0         0         0           0         0          0            0        0
        'fs_random_quick_restart':             0           0           0             0         0         0           0         0          0            0        0
        'fs_random_quick_restart':             0           0           0             0         0         0           0         0          0            0        0
        'fs_random_quick_restart':             0           0           0             0         0         0           0         0          0            0        0
  'fs_random_quick_restart_no_lp':             0           0           0             0         0         0           0         0          0            0        0
  'fs_random_quick_restart_no_lp':             0           0           0             0         0         0           0         0          0            0        0
  'fs_random_quick_restart_no_lp':             0           0           0             0         0         0           0         0          0            0        0
  'fs_random_quick_restart_no_lp':             0           0           0             0         0         0           0         0          0            0        0
  'fs_random_quick_restart_no_lp':             0           0           0             0         0         0           0         0          0            0        0
  'fs_random_quick_restart_no_lp':             0           0           0             0         0         0           0         0          0            0        0
  'fs_random_quick_restart_no_lp':             0           0           0             0         0         0           0         0          0            0        0
  'fs_random_quick_restart_no_lp':             0           0           0             0         0         0           0         0          0            0        0
  'fs_random_quick_restart_no_lp':             0           0           0             0         0         0           0         0          0            0        0
  'fs_random_quick_restart_no_lp':             0           0           0             0         0         0           0         0          0            0        0
  'fs_random_quick_restart_no_lp':             0           0           0             0         0         0           0         0          0            0        0
  'fs_random_quick_restart_no_lp':             0           0           0             0         0         0           0         0          0            0        0
                 'lb_tree_search':         1'064       2'866      16'695             0        74     2'572       7'999         6        212        1'239      601
                         'max_lp':        14'439      83'799     255'627        77'916        20       449         962         0         12           54      252
                          'no_lp':        21'870     315'958     188'394        55'512        11     6'409       8'443         0      1'082        6'548    9'487
            'objective_lb_search':        28'391     205'695     303'107        21'142        23     8'363      16'270         0      1'363        8'759   14'134
     'objective_lb_search_max_lp':         6'674      33'753      61'687             0       158     2'363       8'545         0        428        2'318      969
      'objective_lb_search_no_lp':        21'348     197'839     190'674         5'652        39    10'346      20'018         0      1'667       12'498   13'462
                        'probing':         4'101      12'393      65'321             0       704       405       1'615         5        138          907       88
                 'probing_max_lp':             0           0          97             0         0         0           0         0          0            0        0
                  'probing_no_lp':         7'333      24'035     112'739             0       952       896       3'522         2        294        1'935      208
                   'pseudo_costs':        11'227     128'586     139'847        46'533         6     3'790       9'092         0        397        2'392    4'252
                  'quick_restart':        42'070     314'863     450'896       233'920       336    11'433      28'108         0      4'798       23'073    7'234
            'quick_restart_no_lp':        27'108     175'126     371'591        74'882       516    11'567      26'882        18      3'921       18'310    8'306
                  'reduced_costs':         8'115      72'015     135'925             0        56       979       2'879         0        227        1'274      753

Lp stats                         Component  Iterations  AddedCuts  OPTIMAL  DUAL_F.  DUAL_U.
                  'default_lp':         24         631          0  112'070        0        1
                       'fixed':         24           0          0  168'932        0        0
                   'fs_random':         24           0          0       30        0        0
              'lb_tree_search':          1      71'371        814   23'093    1'648        0
                      'max_lp':          1      43'762        983   37'072      608        0
         'objective_lb_search':         24         604          0  116'948        0        0
  'objective_lb_search_max_lp':          1     100'742      1'062   23'147    2'347        0
                     'probing':         24           0          0  886'415        1        0
              'probing_max_lp':          1       8'023      1'252    3'276      145        0
                'pseudo_costs':          1      68'216      1'284   31'609    1'329        0
               'quick_restart':         24           0          0  408'124        0        0
               'reduced_costs':          1      56'020      1'612   21'922      981        0

Lp dimension                     Final dimension of first component
                  'default_lp':        0 rows, 5 columns, 0 entries
                       'fixed':        0 rows, 5 columns, 0 entries
                   'fs_random':        0 rows, 5 columns, 0 entries
              'lb_tree_search':  225 rows, 216 columns, 601 entries
                      'max_lp':  218 rows, 216 columns, 700 entries
         'objective_lb_search':        0 rows, 5 columns, 0 entries
  'objective_lb_search_max_lp':  277 rows, 216 columns, 848 entries
                     'probing':        0 rows, 5 columns, 0 entries
              'probing_max_lp':  181 rows, 216 columns, 485 entries
                'pseudo_costs':  209 rows, 216 columns, 596 entries
               'quick_restart':        0 rows, 5 columns, 0 entries
               'reduced_costs':  182 rows, 216 columns, 495 entries

Lp debug                         CutPropag  CutEqPropag  Adjust  Overflow        Bad  BadScaling
                  'default_lp':          0            0       0         0          0           0
                       'fixed':          0            0       0         0          0           0
                   'fs_random':          0            0       0         0          0           0
              'lb_tree_search':          0            5  20'912         0    106'738           0
                      'max_lp':          0            7  12'091         0     39'373           0
         'objective_lb_search':          0            0   1'418         0          0           0
  'objective_lb_search_max_lp':          0           10  23'833         0    139'069           0
                     'probing':          0            0       0         0          0           0
              'probing_max_lp':          0          226   3'399         0  1'615'111           0
                'pseudo_costs':          0            1  20'425         0     37'870           0
               'quick_restart':          0            0       0         0          0           0
               'reduced_costs':          0            1  22'559         0     54'709           0

Lp pool                          Constraints  Updates  Simplif  Merged  Shortened  Split  Strenghtened    Cuts/Call
                  'default_lp':          190        0        0       0          0      0             0          0/0
                       'fixed':          190        0        0       0          0      0             0          0/0
                   'fs_random':          190        0        0       0          0      0             0          0/0
              'lb_tree_search':          926    3'676      268      78          0      0             7    814/1'732
                      'max_lp':          970    3'228       68     203          0      0             0    983/1'829
         'objective_lb_search':          190        0        0       0          0      0             0          0/0
  'objective_lb_search_max_lp':        1'141    3'427      461     111          0      0             3  1'062/2'057
                     'probing':          190        0        0       0          0      0             0          0/0
              'probing_max_lp':        1'398      891       12      44          0      0             1  1'252/2'496
                'pseudo_costs':        1'181    3'471      519     293          0      0             7  1'284/2'391
               'quick_restart':          190        0        0       0          0      0             0          0/0
               'reduced_costs':        1'532    4'288      498     270          0      0            11  1'612/3'445

Lp Cut                                                lb_tree_search  reduced_costs  pseudo_costs  objective_lb_search_max_lp  max_lp  probing_max_lp
                                              CG_FF:               3              -             1                           -       6               -
                                               CG_K:              11             17             8                          21      32               3
                                               CG_R:              41             78            53                          69      49              29
                                            MIR_1_K:               4              8            12                          10       7               1
                                            MIR_1_R:               7             20            16                           5      11               2
                                           MIR_2_FF:               -              -             1                           -       -               -
                                            MIR_2_K:               4              6             1                           6       4               -
                                            MIR_2_R:               2              5             3                           1       4               1
                                            MIR_3_K:               2              -             3                           1       3               2
                                            MIR_3_R:               2              2             2                           1       4               1
                                            MIR_4_K:               2              -             -                           1       1               3
                                            MIR_5_K:               2              1             1                           -       -               -
                                            MIR_5_R:               -              1             -                           -       -               -
                                            MIR_6_K:               -              -             2                           2       1               1
                                            MIR_6_R:               2              -             -                           -       1               1
                  NoOverlapCompletionTimeExhaustive:              66             97           108                          77      81              85
           NoOverlapCompletionTimeExhaustive_lifted:              49            105            88                          61      52              67
  NoOverlapCompletionTimeExhaustive_lifted_weighted:              67            110           110                          64      83             109
         NoOverlapCompletionTimeExhaustive_weighted:              82            123            95                          73      68              73
                    NoOverlapCompletionTimeQueyrane:             116            223           153                         160     123             257
             NoOverlapCompletionTimeQueyrane_lifted:             127            383           241                         231     168             339
                        NoOverlapDetectedPrecedence:               -              2             -                           -       1               -
                        NoOverlapDisjunctionOnStart:             195            363           349                         224     245             213
                                        ZERO_HALF_R:              30             68            37                          55      39              65

LNS stats                             Improv/Calls  Closed  Difficulty  TimeLimit
                    'graph_arc_lns':         7/222     45%    1.49e-01       0.11
                    'graph_cst_lns':        14/197     41%    8.84e-02       0.11
                    'graph_dec_lns':        10/215     49%    7.41e-01       0.11
                    'graph_var_lns':         6/252     46%    1.06e-01       0.11
                     'lb_relax_lns':         3/116     17%    1.42e-04       0.52
                        'rins/rens':        36/213     49%    3.67e-01       0.10
                      'rnd_cst_lns':         8/201     49%    6.62e-01       0.11
                      'rnd_var_lns':        22/248     47%    4.41e-01       0.11
         'scheduling_intervals_lns':         5/103     26%    1.54e-03       0.10
       'scheduling_precedences_lns':         5/129     52%    4.12e-01       0.10
  'scheduling_resource_windows_lns':        26/163     12%    5.82e-07       0.10
       'scheduling_time_window_lns':         6/152     47%    1.11e-01       0.10

LS stats                                    Batches  Restarts/Perturbs  LinMoves  GenMoves  CompoundMoves  Bactracks  WeightUpdates  ScoreComputed
                      'ls_decay_compound':      330                 22     2'908   123'042          3'392     35'175         63'325     79'119'105
                         'ls_lin_restart':      325                152     4'765   110'547              0          0         38'146     77'455'536
                'ls_lin_restart_compound':      433                164         0   251'971          8'030    120'756            493    100'554'947
        'ls_lin_restart_compound_perturb':      630                181         0   355'211         13'231    169'400            630    146'026'688
                   'ls_lin_restart_decay':      450                139     9'427   243'235              0          0         12'636    107'251'475
          'ls_lin_restart_decay_compound':      370                143         0   202'860          8'094     96'456            394     85'788'862
  'ls_lin_restart_decay_compound_perturb':      528                145         0   298'639         10'734    142'788            575    122'612'689
           'ls_lin_restart_decay_perturb':      575                177    11'327   304'615              0          0         16'557    137'009'368
                 'ls_lin_restart_perturb':      319                128     5'095   111'418              0          0         35'513     76'147'391
                             'ls_restart':      801                248    12'641   259'882              0          0        125'617    191'436'058
                    'ls_restart_compound':      752                265         0   431'840         14'867    206'660            784    175'257'704
            'ls_restart_compound_perturb':    1'118                287         0   610'096         22'286    291'483          1'137    260'406'380
                       'ls_restart_decay':      674                270    13'115   354'898              0          0         20'166    160'561'057
              'ls_restart_decay_compound':      762                250         0   434'757         17'157    206'727            732    176'728'916
      'ls_restart_decay_compound_perturb':      718                256         0   420'040         14'338    201'023            711    167'131'035
               'ls_restart_decay_perturb':      806                259    16'404   432'037              0          0         23'279    192'000'287
                     'ls_restart_perturb':      935                286    14'148   301'300              0          0        138'870    223'008'850

Solutions (47)                              Num     Rank
                                   'core':    1    [5,5]
                                  'fixed':    1    [4,4]
                          'graph_arc_lns':    1  [38,38]
                          'graph_cst_lns':    3   [9,42]
                          'graph_dec_lns':    1  [44,44]
                'ls_lin_restart_compound':    1  [31,31]
        'ls_lin_restart_compound_perturb':    3  [13,26]
          'ls_lin_restart_decay_compound':    3  [18,32]
  'ls_lin_restart_decay_compound_perturb':    2  [23,35]
                    'ls_restart_compound':    1  [27,27]
            'ls_restart_compound_perturb':    3   [6,45]
              'ls_restart_decay_compound':    2  [10,28]
      'ls_restart_decay_compound_perturb':    2  [21,41]
                                  'no_lp':    1    [2,2]
                          'quick_restart':    8   [8,25]
                    'quick_restart_no_lp':    3   [1,15]
                            'rnd_cst_lns':    1  [11,11]
                            'rnd_var_lns':    4   [7,43]
             'scheduling_precedences_lns':    1  [46,46]
        'scheduling_resource_windows_lns':    3  [33,47]
             'scheduling_time_window_lns':    2  [37,39]

Objective bounds                 Num
                   'bool_core':    4
              'initial_domain':    1
              'lb_tree_search':   36
                      'max_lp':    5
  'objective_lb_search_max_lp':   92
                'pseudo_costs':    3

Solution repositories    Added  Queried  Synchro
  'feasible solutions':  1'744    8'093    1'085
   'fj solution hints':      0        0        0
        'lp solutions':    528      117      499
                'pump':    550      120

Improving bounds shared            Num  Sym
                  'default_lp':     11    0
                       'fixed':    624    0
              'lb_tree_search':  2'519    0
                      'max_lp':  1'659    0
         'objective_lb_search':     19    0
  'objective_lb_search_max_lp':  2'120    0
   'objective_lb_search_no_lp':      1    0
                     'probing':    158    0
              'probing_max_lp':     55    0
               'probing_no_lp':    328    0
                'pseudo_costs':  1'171    0
               'quick_restart':    747    0
         'quick_restart_no_lp':    105    0
               'reduced_costs':    398    0

CpSolverResponse summary:
status: OPTIMAL
objective: 20353
best_bound: 20252
integers: 217
booleans: 31
conflicts: 0
branches: 30
propagations: 0
integer_propagations: 340
restarts: 0
lp_iterations: 0
walltime: 16.6458
usertime: 16.6458
deterministic_time: 1311.41
gap_integral: 7014.51
solution_fingerprint: 0x39b4ea4ab43f294d

