
Starting CP-SAT solver v9.14.6206
Parameters: max_time_in_seconds: 300 log_search_progress: true num_search_workers: 104 relative_gap_limit: 0.005

Initial optimization model '': (model_fingerprint: 0xf6ab9b33b9bdaaf)
#Variables: 502 (#ints: 70 in objective) (404 primary variables)
  - 98 in [0,29215]
  - 84 in [14400,29215]
  - 320 in [15840,29215]
#kInterval: 208 (#fixed: 6)
#kLinMax: 98 (#expressions: 196)
#kLinear1: 28
#kLinear2: 174
#kNoOverlap: 10 (#intervals: 208, #fixed_intervals: 6)

Starting presolve at 0.00s
  7.40e-05s  0.00e+00d  [DetectDominanceRelations] 
  1.84e-03s  0.00e+00d  [PresolveToFixPoint] #num_loops=10 #num_dual_strengthening=1 
  2.35e-06s  0.00e+00d  [ExtractEncodingFromLinear] 
  1.20e-05s  0.00e+00d  [DetectDuplicateColumns] 
  7.06e-05s  0.00e+00d  [DetectDuplicateConstraints] 
[Symmetry] Graph for symmetry has 1'174 nodes and 1'099 arcs.
[Symmetry] Symmetry computation done. time: 8.6159e-05 dtime: 0.00011932
  6.65e-05s  0.00e+00d  [DetectDuplicateConstraintsWithDifferentEnforcements] 
  5.40e-04s  1.02e-05d  [Probe] #new_bounds=65 
  2.78e-06s  0.00e+00d  [MaxClique] 
  6.66e-05s  0.00e+00d  [DetectDominanceRelations] 
  5.00e-04s  0.00e+00d  [PresolveToFixPoint] #num_loops=2 #num_dual_strengthening=1 
  2.64e-05s  0.00e+00d  [ProcessAtMostOneAndLinear] 
  6.33e-05s  0.00e+00d  [DetectDuplicateConstraints] 
  5.90e-05s  0.00e+00d  [DetectDuplicateConstraintsWithDifferentEnforcements] 
  2.44e-05s  1.19e-06d  [DetectDominatedLinearConstraints] #relevant_constraints=199 
  2.73e-05s  0.00e+00d  [DetectDifferentVariables] 
  2.39e-06s  0.00e+00d  [ProcessSetPPC] 
  2.54e-06s  0.00e+00d  [FindAlmostIdenticalLinearConstraints] 
  1.15e-05s  0.00e+00d  [FindBigAtMostOneAndLinearOverlap] 
  1.48e-05s  7.49e-06d  [FindBigVerticalLinearOverlap] 
  2.02e-06s  0.00e+00d  [FindBigHorizontalLinearOverlap] 
  1.78e-06s  0.00e+00d  [MergeClauses] 
  6.40e-05s  0.00e+00d  [DetectDominanceRelations] 
  3.45e-04s  0.00e+00d  [PresolveToFixPoint] #num_loops=1 #num_dual_strengthening=1 
  5.81e-05s  0.00e+00d  [DetectDominanceRelations] 
  3.38e-04s  0.00e+00d  [PresolveToFixPoint] #num_loops=1 #num_dual_strengthening=1 
  9.56e-06s  0.00e+00d  [DetectDuplicateColumns] 
  5.84e-05s  0.00e+00d  [DetectDuplicateConstraints] 
[Symmetry] Graph for symmetry has 1'166 nodes and 1'091 arcs.
[Symmetry] Symmetry computation done. time: 7.382e-05 dtime: 0.00011863
  6.14e-05s  0.00e+00d  [DetectDuplicateConstraintsWithDifferentEnforcements] 
  4.37e-04s  2.23e-06d  [Probe] 
  1.79e-06s  0.00e+00d  [MaxClique] 
  6.14e-05s  0.00e+00d  [DetectDominanceRelations] 
  3.72e-04s  0.00e+00d  [PresolveToFixPoint] #num_loops=1 #num_dual_strengthening=1 
  2.55e-05s  0.00e+00d  [ProcessAtMostOneAndLinear] 
  5.83e-05s  0.00e+00d  [DetectDuplicateConstraints] 
  5.87e-05s  0.00e+00d  [DetectDuplicateConstraintsWithDifferentEnforcements] 
  2.21e-05s  1.19e-06d  [DetectDominatedLinearConstraints] #relevant_constraints=199 
  2.73e-05s  0.00e+00d  [DetectDifferentVariables] 
  2.15e-06s  0.00e+00d  [ProcessSetPPC] 
  2.38e-06s  0.00e+00d  [FindAlmostIdenticalLinearConstraints] 
  1.11e-05s  0.00e+00d  [FindBigAtMostOneAndLinearOverlap] 
  1.39e-05s  7.49e-06d  [FindBigVerticalLinearOverlap] 
  1.84e-06s  0.00e+00d  [FindBigHorizontalLinearOverlap] 
  1.45e-06s  0.00e+00d  [MergeClauses] 
  6.09e-05s  0.00e+00d  [DetectDominanceRelations] 
  3.45e-04s  0.00e+00d  [PresolveToFixPoint] #num_loops=1 #num_dual_strengthening=1 
  1.51e-05s  0.00e+00d  [ExpandObjective] 

Presolve summary:
  - 229 affine relations were detected.
  - rule 'TODO dual: only one blocking constraint?' was applied 403 times.
  - rule 'TODO dual: only one unspecified blocking constraint?' was applied 151 times.
  - rule 'affine: new relation' was applied 229 times.
  - rule 'intervals: removed unused interval' was applied 6 times.
  - rule 'lin_max: converted abs to equality' was applied 24 times.
  - rule 'lin_max: converted to equality' was applied 4 times.
  - rule 'lin_max: propagate domain from x to abs(x)' was applied 68 times.
  - rule 'lin_max: removed exprs' was applied 4 times.
  - rule 'lin_max: rewrite with precedences' was applied 26 times.
  - rule 'lin_max: target domain reduced' was applied 56 times.
  - rule 'lin_max: unused affine target' was applied 26 times.
  - rule 'linear1: x in domain' was applied 21 times.
  - rule 'linear: always true' was applied 35 times.
  - rule 'linear: fixed or dup variables' was applied 2 times.
  - rule 'linear: reduced variable domains' was applied 1'001 times.
  - rule 'linear: remapped using affine relations' was applied 482 times.
  - rule 'linear: tightened into equality' was applied 1 time.
  - rule 'no_overlap: split into disjoint components' was applied 6 times.
  - rule 'presolve: 2 unused variables removed.' was applied 1 time.
  - rule 'presolve: iteration' was applied 2 times.

Presolved optimization model '': (model_fingerprint: 0xdbdb14cba3d48ac0)
#Variables: 245 (#ints: 67 in objective) (202 primary variables)
  - 217 different domains in [0,29194] with a largest complexity of 1.
#kInterval: 202
#kLinMax: 18 (#expressions: 36)
#kLinear2: 199
#kNoOverlap: 10 (#intervals: 202)
[Symmetry] Graph for symmetry has 909 nodes and 1'091 arcs.
[Symmetry] Symmetry computation done. time: 6.4943e-05 dtime: 0.00010321

Preloading model.
#Bound   0.01s best:inf   next:[11922,1997408] initial_domain
#Model   0.01s var:245/245 constraints:429/429

Starting search at 0.01s with 104 workers.
18 full problem subsolvers: [core, default_lp, fixed, lb_tree_search, max_lp, no_lp, objective_lb_search, objective_lb_search_max_lp, objective_lb_search_no_lp, objective_shaving_max_lp, objective_shaving_no_lp, probing, probing_max_lp, probing_no_lp, pseudo_costs, quick_restart, quick_restart_no_lp, reduced_costs]
86 first solution subsolvers: [fj(25), fj_lin(12), fs_random(12), fs_random_no_lp(13), fs_random_quick_restart(12), fs_random_quick_restart_no_lp(12)]
45 interleaved subsolvers: [feasibility_pump, graph_arc_lns, graph_cst_lns, graph_dec_lns, graph_var_lns, lb_relax_lns, ls(19), ls_lin(10), rins/rens, rnd_cst_lns, rnd_var_lns, scheduling_intervals_lns, scheduling_precedences_lns, scheduling_resource_windows_lns, scheduling_time_window_lns, variables_shaving, variables_shaving_max_lp, variables_shaving_no_lp]
3 helper subsolvers: [neighborhood_helper, synchronization_agent, update_gap_integral]

#1       0.02s best:28094 next:[11922,28093] quick_restart_no_lp
#2       0.02s best:27439 next:[11922,27438] fixed
#Bound   0.02s best:27439 next:[14058,27438] max_lp
#3       0.02s best:22106 next:[14058,22105] objective_lb_search_no_lp
#Bound   0.03s best:22106 next:[15845,22105] max_lp
#4       0.03s best:22049 next:[15845,22048] rnd_var_lns (d=5.00e-01 s=28 t=0.10 p=0.00 stall=0 h=base)
#Bound   0.04s best:22049 next:[16741,22048] max_lp
#5       0.04s best:22046 next:[16741,22045] ls_restart_decay_compound_perturb(batch:1 lin{mvs:0 evals:157} gen{mvs:94 evals:1'531} comp{mvs:8 btracks:43} #w_updates:1 #perturb:0)
#6       0.04s best:22043 next:[16741,22042] ls_restart_compound_perturb(batch:1 lin{mvs:0 evals:3} gen{mvs:2 evals:42} comp{mvs:2 btracks:0} #w_updates:0 #perturb:0)
#7       0.04s best:22040 next:[16741,22039] ls_restart_compound(batch:1 lin{mvs:0 evals:3} gen{mvs:2 evals:42} comp{mvs:2 btracks:0} #w_updates:0 #perturb:0)
#Bound   0.04s best:22040 next:[16944,22039] max_lp
#8       0.05s best:21851 next:[16944,21850] graph_dec_lns (d=7.07e-01 s=75 t=0.10 p=1.00 stall=1 h=base) [hint]
#9       0.05s best:21695 next:[16944,21694] graph_var_lns (d=5.00e-01 s=85 t=0.10 p=0.00 stall=0 h=base)
#Bound   0.05s best:21695 next:[17029,21694] max_lp
#10      0.05s best:21692 next:[17029,21691] ls_restart_decay_compound_perturb(batch:1 lin{mvs:0 evals:41} gen{mvs:27 evals:485} comp{mvs:11 btracks:8} #w_updates:0 #perturb:0)
#11      0.06s best:21689 next:[17029,21688] ls_restart_decay_compound(batch:1 lin{mvs:0 evals:124} gen{mvs:65 evals:1'280} comp{mvs:15 btracks:25} #w_updates:0 #perturb:0)
#Bound   0.06s best:21689 next:[17040,21688] max_lp
#12      0.06s best:21686 next:[17040,21685] ls_restart_decay_compound(batch:1 lin{mvs:0 evals:8} gen{mvs:4 evals:101} comp{mvs:4 btracks:0} #w_updates:0 #perturb:0)
#13      0.07s best:21677 next:[17040,21676] graph_arc_lns (d=7.07e-01 s=111 t=0.10 p=1.00 stall=0 h=base)
#14      0.07s best:21668 next:[17040,21667] graph_arc_lns (d=7.07e-01 s=111 t=0.10 p=1.00 stall=0 h=base) [combined with: ls_restart_decay_com...]
#15      0.07s best:21238 next:[17040,21237] rnd_var_lns (d=7.07e-01 s=131 t=0.10 p=1.00 stall=0 h=base)
#16      0.07s best:21229 next:[17040,21228] rnd_var_lns (d=7.07e-01 s=131 t=0.10 p=1.00 stall=0 h=base) [combined with: graph_arc_lns (d=7.0...]
#17      0.07s best:21166 next:[17040,21165] rnd_cst_lns (d=7.07e-01 s=136 t=0.10 p=1.00 stall=0 h=base)
#18      0.07s best:21163 next:[17040,21162] ls_lin_restart_compound(batch:1 lin{mvs:0 evals:119} gen{mvs:64 evals:1'239} comp{mvs:14 btracks:25} #w_updates:0 #perturb:0)
#19      0.08s best:21160 next:[17040,21159] ls_restart_compound(batch:1 lin{mvs:0 evals:46} gen{mvs:25 evals:490} comp{mvs:11 btracks:7} #w_updates:0 #perturb:0)
#20      0.08s best:20715 next:[17040,20714] graph_dec_lns (d=8.14e-01 s=117 t=0.10 p=1.00 stall=0 h=base) [combined with: ls_restart_compound(...]
#21      0.10s best:20712 next:[17040,20711] ls_restart_decay_compound_perturb(batch:1 lin{mvs:0 evals:7} gen{mvs:8 evals:112} comp{mvs:2 btracks:3} #w_updates:0 #perturb:0)
#22      0.11s best:20517 next:[17040,20516] quick_restart
#23      0.13s best:20478 next:[17040,20477] quick_restart_no_lp
#24      0.14s best:20475 next:[17040,20474] ls_lin_restart_decay_compound_perturb(batch:1 lin{mvs:0 evals:376} gen{mvs:373 evals:6'646} comp{mvs:29 btracks:172} #w_updates:3 #perturb:0) [combined with: quick_restart_no_lp...]
#25      0.17s best:20469 next:[17040,20468] ls_restart_decay_compound_perturb(batch:1 lin{mvs:0 evals:159} gen{mvs:159 evals:3'009} comp{mvs:13 btracks:73} #w_updates:2 #perturb:0)
#26      0.17s best:20466 next:[17040,20465] ls_lin_restart_compound_perturb(batch:1 lin{mvs:0 evals:71} gen{mvs:87 evals:1'368} comp{mvs:13 btracks:37} #w_updates:0 #perturb:0)
#27      0.17s best:20463 next:[17040,20462] ls_lin_restart_compound(batch:1 lin{mvs:0 evals:68} gen{mvs:72 evals:1'137} comp{mvs:14 btracks:29} #w_updates:0 #perturb:0)
#28      0.19s best:20460 next:[17040,20459] ls_restart_decay_compound(batch:1 lin{mvs:0 evals:116} gen{mvs:116 evals:2'199} comp{mvs:10 btracks:53} #w_updates:1 #perturb:0)
#29      0.20s best:20458 next:[17040,20457] quick_restart
#30      0.21s best:20457 next:[17040,20456] quick_restart_no_lp
#31      0.21s best:20406 next:[17040,20405] ls_lin_restart_decay_compound_perturb(batch:1 lin{mvs:0 evals:13} gen{mvs:9 evals:198} comp{mvs:3 btracks:3} #w_updates:0 #perturb:0)
#32      0.25s best:20290 next:[17040,20289] ls_lin_restart_decay(batch:1 lin{mvs:13 evals:502} gen{mvs:308 evals:6'387} #w_updates:57 #perturb:0)
#33      0.25s best:20254 next:[17040,20253] ls_lin_restart_compound(batch:1 lin{mvs:0 evals:5} gen{mvs:9 evals:193} comp{mvs:3 btracks:3} #w_updates:0 #perturb:0)
#34      0.25s best:20248 next:[17040,20247] ls_lin_restart_decay_compound(batch:1 lin{mvs:0 evals:39} gen{mvs:68 evals:1'188} comp{mvs:10 btracks:29} #w_updates:0 #perturb:0)
#35      0.25s best:20245 next:[17040,20244] ls_restart_compound(batch:1 lin{mvs:0 evals:7} gen{mvs:8 evals:166} comp{mvs:4 btracks:2} #w_updates:0 #perturb:0)
#36      0.26s best:20242 next:[17040,20241] ls_restart_decay_compound(batch:1 lin{mvs:0 evals:3} gen{mvs:10 evals:105} comp{mvs:4 btracks:3} #w_updates:0 #perturb:0)
#37      0.26s best:20239 next:[17040,20238] ls_lin_restart_compound(batch:1 lin{mvs:0 evals:84} gen{mvs:148 evals:2'602} comp{mvs:14 btracks:67} #w_updates:1 #perturb:0) [combined with: ls_restart_decay_com...]
#38      0.26s best:20236 next:[17040,20235] ls_lin_restart_compound_perturb(batch:1 lin{mvs:0 evals:6} gen{mvs:12 evals:188} comp{mvs:4 btracks:4} #w_updates:0 #perturb:0)
#39      0.26s best:20233 next:[17040,20232] ls_lin_restart_decay_compound(batch:1 lin{mvs:0 evals:1} gen{mvs:2 evals:37} comp{mvs:2 btracks:0} #w_updates:0 #perturb:0) [combined with: ls_lin_restart_compo...]
#40      0.26s best:20230 next:[17040,20229] ls_lin_restart_compound_perturb(batch:1 lin{mvs:0 evals:22} gen{mvs:46 evals:839} comp{mvs:4 btracks:21} #w_updates:0 #perturb:0)
#41      0.26s best:20227 next:[17040,20226] ls_lin_restart_compound_perturb(batch:1 lin{mvs:0 evals:75} gen{mvs:136 evals:2'334} comp{mvs:18 btracks:59} #w_updates:0 #perturb:0) [combined with: ls_lin_restart_compo...]
#42      0.26s best:20224 next:[17040,20223] ls_lin_restart_decay_compound(batch:1 lin{mvs:0 evals:1} gen{mvs:2 evals:38} comp{mvs:2 btracks:0} #w_updates:0 #perturb:0)
#43      0.27s best:20218 next:[17040,20217] quick_restart
#44      0.27s best:20017 next:[17040,20016] ls_lin_restart_compound_perturb(batch:1 lin{mvs:0 evals:49} gen{mvs:90 evals:1'682} comp{mvs:8 btracks:41} #w_updates:1 #perturb:0) [combined with: quick_restart...]
#45      0.27s best:20013 next:[17040,20012] ls_restart_perturb(batch:1 lin{mvs:11 evals:166} gen{mvs:29 evals:667} #w_updates:3 #perturb:0)
#46      0.27s best:20010 next:[17040,20009] ls_restart_decay(batch:1 lin{mvs:12 evals:208} gen{mvs:57 evals:1'224} #w_updates:10 #perturb:0)
#47      0.27s best:20007 next:[17040,20006] ls_lin_restart_perturb(batch:1 lin{mvs:12 evals:201} gen{mvs:80 evals:1'307} #w_updates:15 #perturb:0) [combined with: ls_restart_decay(bat...]
#48      0.27s best:19998 next:[17040,19997] ls_restart_decay_compound_perturb(batch:1 lin{mvs:0 evals:132} gen{mvs:233 evals:4'256} comp{mvs:37 btracks:98} #w_updates:1 #perturb:0) [combined with: ls_lin_restart_pertu...]
#49      0.28s best:19992 next:[17040,19991] ls_restart_decay_compound(batch:1 lin{mvs:0 evals:2} gen{mvs:4 evals:75} comp{mvs:4 btracks:0} #w_updates:0 #perturb:0)
#50      0.29s best:19989 next:[17040,19988] ls_restart_compound_perturb(batch:1 lin{mvs:0 evals:61} gen{mvs:134 evals:2'045} comp{mvs:6 btracks:64} #w_updates:1 #perturb:0)
#51      0.29s best:19973 next:[17040,19972] ls_restart_decay(batch:1 lin{mvs:12 evals:206} gen{mvs:31 evals:607} #w_updates:2 #perturb:0)
#52      0.29s best:19967 next:[17040,19966] ls_lin_restart_decay_compound_perturb(batch:1 lin{mvs:0 evals:48} gen{mvs:76 evals:1'455} comp{mvs:14 btracks:31} #w_updates:0 #perturb:0)
#53      0.29s best:19959 next:[17040,19958] ls_lin_restart_decay(batch:1 lin{mvs:12 evals:171} gen{mvs:20 evals:430} #w_updates:2 #perturb:0)
#54      0.30s best:19956 next:[17040,19955] ls_lin_restart_decay_compound(batch:1 lin{mvs:0 evals:25} gen{mvs:44 evals:835} comp{mvs:14 btracks:15} #w_updates:0 #perturb:0)
#55      0.30s best:19953 next:[17040,19952] ls_restart_compound(batch:1 lin{mvs:0 evals:45} gen{mvs:64 evals:1'334} comp{mvs:16 btracks:24} #w_updates:0 #perturb:0) [combined with: ls_lin_restart_decay...]
#56      0.30s best:19946 next:[17040,19945] ls_restart(batch:1 lin{mvs:12 evals:184} gen{mvs:31 evals:635} #w_updates:5 #perturb:0)
#57      0.31s best:19943 next:[17040,19942] ls_restart_decay_compound(batch:1 lin{mvs:0 evals:10} gen{mvs:18 evals:344} comp{mvs:6 btracks:6} #w_updates:0 #perturb:0)
#58      0.31s best:19940 next:[17040,19939] ls_restart_decay_compound_perturb(batch:1 lin{mvs:0 evals:34} gen{mvs:66 evals:1'048} comp{mvs:6 btracks:30} #w_updates:0 #perturb:0)
#Bound   0.31s best:19940 next:[17096,19939] objective_lb_search_max_lp
#59      0.32s best:19937 next:[17096,19936] ls_restart_decay_compound_perturb(batch:1 lin{mvs:0 evals:100} gen{mvs:190 evals:3'283} comp{mvs:18 btracks:86} #w_updates:1 #perturb:0) [combined with: ls_restart_decay_com...]
#60      0.32s best:19934 next:[17096,19933] ls_restart_compound(batch:1 lin{mvs:0 evals:41} gen{mvs:66 evals:1'224} comp{mvs:8 btracks:29} #w_updates:0 #perturb:0) [combined with: ls_restart_decay_com...]
#61      0.32s best:19913 next:[17096,19912] ls_restart_decay_compound(batch:1 lin{mvs:0 evals:2} gen{mvs:3 evals:69} comp{mvs:3 btracks:0} #w_updates:0 #perturb:0)
#62      0.33s best:19910 next:[17096,19909] ls_restart_decay_compound_perturb(batch:1 lin{mvs:0 evals:28} gen{mvs:54 evals:879} comp{mvs:18 btracks:18} #w_updates:0 #perturb:0)
#63      0.33s best:19907 next:[17096,19906] ls_lin_restart_decay_compound_perturb(batch:1 lin{mvs:0 evals:35} gen{mvs:74 evals:1'204} comp{mvs:16 btracks:29} #w_updates:0 #perturb:0)
#64      0.34s best:19904 next:[17096,19903] ls_restart_decay_compound_perturb(batch:1 lin{mvs:0 evals:2} gen{mvs:2 evals:37} comp{mvs:2 btracks:0} #w_updates:0 #perturb:0)
#65      0.34s best:19901 next:[17096,19900] ls_lin_restart_compound(batch:1 lin{mvs:0 evals:58} gen{mvs:108 evals:1'854} comp{mvs:14 btracks:47} #w_updates:0 #perturb:0) [combined with: ls_restart_decay_com...]
#66      0.34s best:19898 next:[17096,19897] ls_lin_restart_compound(batch:1 lin{mvs:0 evals:1} gen{mvs:2 evals:37} comp{mvs:2 btracks:0} #w_updates:0 #perturb:0)
#67      0.34s best:19892 next:[17096,19891] ls_lin_restart_compound(batch:1 lin{mvs:0 evals:2} gen{mvs:4 evals:76} comp{mvs:4 btracks:0} #w_updates:0 #perturb:0)
#68      0.34s best:19889 next:[17096,19888] ls_restart_compound_perturb(batch:1 lin{mvs:0 evals:17} gen{mvs:34 evals:571} comp{mvs:4 btracks:15} #w_updates:0 #perturb:0)
#69      0.34s best:19886 next:[17096,19885] ls_restart_decay_compound(batch:1 lin{mvs:0 evals:5} gen{mvs:12 evals:200} comp{mvs:4 btracks:4} #w_updates:0 #perturb:0)
#70      0.34s best:19883 next:[17096,19882] ls_lin_restart_decay_compound(batch:1 lin{mvs:0 evals:47} gen{mvs:100 evals:1'645} comp{mvs:8 btracks:46} #w_updates:0 #perturb:0) [combined with: ls_restart_decay_com...]
#71      0.34s best:19880 next:[17096,19879] ls_restart_compound(batch:1 lin{mvs:0 evals:38} gen{mvs:78 evals:1'198} comp{mvs:10 btracks:34} #w_updates:0 #perturb:0) [combined with: ls_lin_restart_decay...]
#72      0.35s best:19874 next:[17096,19873] ls_restart_decay_compound_perturb(batch:1 lin{mvs:0 evals:2} gen{mvs:4 evals:76} comp{mvs:4 btracks:0} #w_updates:0 #perturb:0)
#73      0.35s best:19844 next:[17096,19843] ls_lin_restart_decay_perturb(batch:1 lin{mvs:11 evals:185} gen{mvs:28 evals:668} #w_updates:2 #perturb:0)
#74      0.35s best:19835 next:[17096,19834] quick_restart_no_lp
#75      0.35s best:19832 next:[17096,19831] ls_compound(batch:7 lin{mvs:67 evals:5'624} gen{mvs:4'112 evals:69'071} comp{mvs:171 btracks:759} #w_updates:233 #perturb:7)
#76      0.36s best:19769 next:[17096,19768] rnd_var_lns (d=8.14e-01 s=224 t=0.10 p=1.00 stall=0 h=base) [combined with: ls_compound(batch:7 ...]
#77      0.36s best:19763 next:[17096,19762] ls_restart_decay_compound_perturb(batch:1 lin{mvs:0 evals:103} gen{mvs:183 evals:3'349} comp{mvs:13 btracks:85} #w_updates:1 #perturb:0) [combined with: rnd_var_lns (d=8.14e...]
#78      0.36s best:19760 next:[17096,19759] ls_lin_restart_decay_compound(batch:1 lin{mvs:0 evals:9} gen{mvs:14 evals:327} comp{mvs:10 btracks:2} #w_updates:0 #perturb:0) [combined with: ls_restart_decay_com...]
#79      0.36s best:19757 next:[17096,19756] ls_restart_decay_compound(batch:1 lin{mvs:0 evals:30} gen{mvs:66 evals:1'062} comp{mvs:12 btracks:27} #w_updates:0 #perturb:0)
#80      0.37s best:19754 next:[17096,19753] ls_restart_decay_compound(batch:1 lin{mvs:0 evals:13} gen{mvs:18 evals:353} comp{mvs:6 btracks:6} #w_updates:0 #perturb:0)
#81      0.38s best:19751 next:[17096,19750] ls_compound_perturb(batch:9 lin{mvs:67 evals:5'839} gen{mvs:4'492 evals:75'790} comp{mvs:207 btracks:931} #w_updates:236 #perturb:9)
#82      0.38s best:19748 next:[17096,19747] ls_restart_compound(batch:1 lin{mvs:0 evals:364} gen{mvs:608 evals:11'822} comp{mvs:64 btracks:272} #w_updates:5 #perturb:0) [combined with: ls_compound_perturb(...]
#83      0.39s best:19745 next:[17096,19744] ls_decay_compound_perturb(batch:10 lin{mvs:67 evals:5'970} gen{mvs:4'727 evals:80'165} comp{mvs:232 btracks:1'036} #w_updates:237 #perturb:10) [combined with: ls_restart_compound(...]
#84      0.40s best:19742 next:[17096,19741] ls_restart_compound_perturb(batch:1 lin{mvs:0 evals:5} gen{mvs:10 evals:170} comp{mvs:4 btracks:3} #w_updates:0 #perturb:0)
#85      0.40s best:19739 next:[17096,19738] ls_restart_decay_compound_perturb(batch:1 lin{mvs:0 evals:15} gen{mvs:30 evals:550} comp{mvs:10 btracks:10} #w_updates:0 #perturb:0)
#86      0.41s best:19736 next:[17096,19735] ls_restart_decay_compound(batch:1 lin{mvs:0 evals:8} gen{mvs:18 evals:298} comp{mvs:10 btracks:4} #w_updates:0 #perturb:0)
#87      0.42s best:19733 next:[17096,19732] ls_restart_compound_perturb(batch:1 lin{mvs:0 evals:1} gen{mvs:2 evals:39} comp{mvs:2 btracks:0} #w_updates:0 #perturb:0)
#88      0.42s best:19730 next:[17096,19729] ls_restart_compound(batch:1 lin{mvs:0 evals:151} gen{mvs:233 evals:4'481} comp{mvs:21 btracks:106} #w_updates:1 #perturb:0) [combined with: ls_restart_compound_...]
#89      0.42s best:19727 next:[17096,19726] ls_restart_decay_compound(batch:1 lin{mvs:0 evals:113} gen{mvs:180 evals:3'602} comp{mvs:30 btracks:75} #w_updates:0 #perturb:0)
#90      0.42s best:19712 next:[17096,19711] quick_restart
#91      0.43s best:19673 next:[17096,19672] ls_restart_compound_perturb(batch:1 lin{mvs:0 evals:218} gen{mvs:382 evals:6'985} comp{mvs:50 btracks:166} #w_updates:1 #perturb:0) [combined with: quick_restart...]
#92      0.43s best:19664 next:[17096,19663] ls_restart_compound_perturb(batch:1 lin{mvs:0 evals:85} gen{mvs:186 evals:2'986} comp{mvs:32 btracks:77} #w_updates:0 #perturb:0) [combined with: ls_restart_compound_...]
#93      0.43s best:19661 next:[17096,19660] ls_lin_restart_decay_compound(batch:1 lin{mvs:0 evals:198} gen{mvs:322 evals:6'462} comp{mvs:92 btracks:115} #w_updates:1 #perturb:0) [combined with: ls_restart_compound_...]
#94      0.43s best:19658 next:[17096,19657] ls_restart_decay_compound(batch:1 lin{mvs:0 evals:118} gen{mvs:187 evals:3'965} comp{mvs:33 btracks:77} #w_updates:1 #perturb:0) [combined with: ls_lin_restart_decay...]
#95      0.43s best:19652 next:[17096,19651] ls_lin_restart_compound_perturb(batch:1 lin{mvs:0 evals:131} gen{mvs:276 evals:4'408} comp{mvs:24 btracks:126} #w_updates:3 #perturb:0) [combined with: ls_restart_decay_com...]
#96      0.45s best:19649 next:[17096,19648] ls_restart_compound_perturb(batch:1 lin{mvs:0 evals:195} gen{mvs:327 evals:6'239} comp{mvs:69 btracks:129} #w_updates:1 #perturb:0)
#97      0.46s best:19646 next:[17096,19645] ls_lin_restart_decay_compound(batch:1 lin{mvs:0 evals:30} gen{mvs:64 evals:1'122} comp{mvs:26 btracks:19} #w_updates:0 #perturb:0) [combined with: ls_restart_compound_...]
#98      0.46s best:19643 next:[17096,19642] ls_restart_decay_compound(batch:1 lin{mvs:0 evals:449} gen{mvs:723 evals:14'377} comp{mvs:53 btracks:335} #w_updates:6 #perturb:0) [combined with: ls_lin_restart_decay...]
#99      0.46s best:19640 next:[17096,19639] ls_restart_decay_compound_perturb(batch:1 lin{mvs:0 evals:7} gen{mvs:18 evals:249} comp{mvs:4 btracks:7} #w_updates:0 #perturb:0)
#100     0.48s best:19637 next:[17096,19636] ls_restart_compound_perturb(batch:1 lin{mvs:0 evals:239} gen{mvs:425 evals:7'762} comp{mvs:51 btracks:187} #w_updates:2 #perturb:0)
#101     0.48s best:19634 next:[17096,19633] ls_restart_compound(batch:1 lin{mvs:0 evals:13} gen{mvs:22 evals:454} comp{mvs:16 btracks:3} #w_updates:0 #perturb:0)
#102     0.49s best:19631 next:[17096,19630] ls_lin_restart_compound_perturb(batch:1 lin{mvs:0 evals:76} gen{mvs:124 evals:2'452} comp{mvs:12 btracks:56} #w_updates:2 #perturb:0)
#103     0.50s best:19628 next:[17096,19627] ls_restart_compound(batch:1 lin{mvs:0 evals:169} gen{mvs:279 evals:5'140} comp{mvs:27 btracks:126} #w_updates:1 #perturb:0) [combined with: ls_lin_restart_compo...]
#104     0.51s best:19601 next:[17096,19600] graph_dec_lns (d=8.34e-01 s=764 t=0.10 p=0.67 stall=1 h=base)
#105     0.51s best:19589 next:[17096,19588] ls_lin_restart_decay_compound(batch:1 lin{mvs:0 evals:188} gen{mvs:359 evals:6'307} comp{mvs:41 btracks:159} #w_updates:2 #perturb:0) [combined with: graph_dec_lns (d=8.3...]
#106     0.52s best:19586 next:[17096,19585] quick_restart_no_lp
#107     0.53s best:19529 next:[17096,19528] ls_lin_restart_decay(batch:1 lin{mvs:11 evals:314} gen{mvs:217 evals:3'829} #w_updates:63 #perturb:0)
#108     0.53s best:19482 next:[17096,19481] ls_restart_decay_perturb(batch:1 lin{mvs:11 evals:197} gen{mvs:12 evals:270} #w_updates:0 #perturb:0)
#109     0.54s best:19475 next:[17096,19474] ls_lin_restart_compound_perturb(batch:1 lin{mvs:0 evals:12} gen{mvs:10 evals:219} comp{mvs:6 btracks:2} #w_updates:0 #perturb:0)
#110     0.54s best:19468 next:[17096,19467] ls_restart_compound(batch:1 lin{mvs:0 evals:6} gen{mvs:4 evals:91} comp{mvs:4 btracks:0} #w_updates:0 #perturb:0)
#111     0.55s best:19461 next:[17096,19460] ls_restart_decay_compound_perturb(batch:1 lin{mvs:0 evals:40} gen{mvs:40 evals:690} comp{mvs:22 btracks:9} #w_updates:0 #perturb:0)
#112     0.55s best:19451 next:[17096,19450] ls_restart(batch:1 lin{mvs:9 evals:203} gen{mvs:29 evals:689} #w_updates:2 #perturb:0)
#113     0.55s best:19448 next:[17096,19447] ls_restart_decay_compound_perturb(batch:1 lin{mvs:0 evals:30} gen{mvs:28 evals:475} comp{mvs:6 btracks:11} #w_updates:0 #perturb:0)
#114     0.56s best:19441 next:[17096,19440] ls_restart_compound(batch:1 lin{mvs:0 evals:17} gen{mvs:14 evals:306} comp{mvs:6 btracks:4} #w_updates:0 #perturb:0)
#115     0.56s best:19439 next:[17096,19438] ls_restart(batch:1 lin{mvs:9 evals:208} gen{mvs:39 evals:755} #w_updates:4 #perturb:0)
#116     0.56s best:19426 next:[17096,19425] ls_restart_decay_perturb(batch:1 lin{mvs:8 evals:136} gen{mvs:12 evals:243} #w_updates:1 #perturb:0)
#117     0.56s best:19407 next:[17096,19406] ls_restart_decay_perturb(batch:1 lin{mvs:8 evals:136} gen{mvs:12 evals:243} #w_updates:1 #perturb:0) [combined with: ls_restart_compound(...]
#118     0.57s best:19400 next:[17096,19399] ls_restart_compound_perturb(batch:1 lin{mvs:0 evals:59} gen{mvs:66 evals:943} comp{mvs:8 btracks:29} #w_updates:0 #perturb:0)
#Bound   0.57s best:19400 next:[17115,19399] objective_lb_search_max_lp
#119     0.58s best:19365 next:[17115,19364] ls_restart_decay_perturb(batch:1 lin{mvs:8 evals:296} gen{mvs:151 evals:3'054} #w_updates:35 #perturb:0)
#120     0.58s best:19362 next:[17115,19361] ls_lin_restart_compound_perturb(batch:1 lin{mvs:0 evals:16} gen{mvs:18 evals:293} comp{mvs:4 btracks:7} #w_updates:0 #perturb:0)
#121     0.59s best:19359 next:[17115,19358] ls_restart_perturb(batch:1 lin{mvs:9 evals:229} gen{mvs:67 evals:1'575} #w_updates:28 #perturb:0)
#122     0.59s best:19355 next:[17115,19354] ls_lin_restart_decay_compound(batch:1 lin{mvs:0 evals:94} gen{mvs:76 evals:1'458} comp{mvs:12 btracks:32} #w_updates:0 #perturb:0)
#123     0.59s best:19348 next:[17115,19347] ls_lin_restart_decay_compound(batch:1 lin{mvs:0 evals:39} gen{mvs:32 evals:624} comp{mvs:14 btracks:9} #w_updates:0 #perturb:0)
#124     0.60s best:19336 next:[17115,19335] ls_lin_restart_decay(batch:1 lin{mvs:7 evals:131} gen{mvs:19 evals:421} #w_updates:2 #perturb:0)
#Bound   0.61s best:19336 next:[17156,19335] objective_lb_search_max_lp
#125     0.62s best:19333 next:[17156,19332] ls_restart_decay_compound(batch:1 lin{mvs:0 evals:17} gen{mvs:20 evals:290} comp{mvs:10 btracks:5} #w_updates:0 #perturb:0)
#126     0.63s best:19330 next:[17156,19329] quick_restart
#127     0.64s best:19326 next:[17156,19325] ls_restart_decay_compound(batch:1 lin{mvs:0 evals:4} gen{mvs:3 evals:79} comp{mvs:3 btracks:0} #w_updates:0 #perturb:0)
#Bound   0.64s best:19326 next:[17157,19325] objective_lb_search_max_lp
#128     0.65s best:19191 next:[17157,19190] quick_restart
#129     0.67s best:19179 next:[17157,19178] quick_restart_no_lp
#130     0.67s best:19176 next:[17157,19175] ls_lin_restart_decay_compound(batch:1 lin{mvs:0 evals:85} gen{mvs:72 evals:1'354} comp{mvs:12 btracks:30} #w_updates:0 #perturb:0)
#131     0.69s best:19173 next:[17157,19172] quick_restart_no_lp
#132     0.69s best:19167 next:[17157,19166] ls_restart_decay_compound(batch:1 lin{mvs:0 evals:3} gen{mvs:3 evals:60} comp{mvs:3 btracks:0} #w_updates:0 #perturb:0)
#133     0.70s best:19152 next:[17157,19151] quick_restart_no_lp
#134     0.72s best:19149 next:[17157,19148] quick_restart_no_lp
#135     0.74s best:19068 next:[17157,19067] quick_restart_no_lp
#136     0.74s best:18978 next:[17157,18977] ls_restart_compound(batch:1 lin{mvs:0 evals:4} gen{mvs:4 evals:74} comp{mvs:4 btracks:0} #w_updates:0 #perturb:0)
#137     0.75s best:18975 next:[17157,18974] quick_restart_no_lp
#138     0.78s best:18972 next:[17157,18971] ls_restart_decay_compound(batch:1 lin{mvs:0 evals:160} gen{mvs:128 evals:2'483} comp{mvs:10 btracks:59} #w_updates:2 #perturb:0)
#Bound   0.78s best:18972 next:[17159,18971] objective_lb_search_max_lp
#139     0.78s best:18969 next:[17159,18968] ls_restart_decay_compound_perturb(batch:1 lin{mvs:0 evals:2} gen{mvs:2 evals:38} comp{mvs:2 btracks:0} #w_updates:0 #perturb:0)
#140     0.79s best:18966 next:[17159,18965] ls_restart_compound_perturb(batch:1 lin{mvs:0 evals:429} gen{mvs:367 evals:7'156} comp{mvs:35 btracks:166} #w_updates:4 #perturb:0) [combined with: ls_restart_decay_com...]
#141     0.80s best:18963 next:[17159,18962] ls_restart_decay_compound(batch:1 lin{mvs:0 evals:93} gen{mvs:75 evals:1'394} comp{mvs:9 btracks:33} #w_updates:1 #perturb:0)
#Bound   0.82s best:18963 next:[17191,18962] objective_lb_search_max_lp
#142     0.83s best:18960 next:[17191,18959] ls_restart(batch:1 lin{mvs:7 evals:633} gen{mvs:434 evals:8'900} #w_updates:130 #perturb:0)
#143     0.83s best:18957 next:[17191,18956] ls_lin_restart_decay(batch:1 lin{mvs:7 evals:120} gen{mvs:25 evals:513} #w_updates:7 #perturb:0)
#144     0.83s best:18926 next:[17191,18925] ls_lin_restart_perturb(batch:1 lin{mvs:7 evals:137} gen{mvs:19 evals:374} #w_updates:1 #perturb:0)
#145     0.86s best:18881 next:[17191,18880] graph_dec_lns (d=8.31e-01 s=917 t=0.10 p=0.62 stall=0 h=base) [combined with: ls_lin_restart_pertu...]
#146     0.86s best:18858 next:[17191,18857] ls_lin_restart_decay(batch:1 lin{mvs:8 evals:189} gen{mvs:35 evals:834} #w_updates:8 #perturb:0)
#147     0.87s best:18850 next:[17191,18849] graph_dec_lns (d=7.11e-01 s=1391 t=0.10 p=0.50 stall=0 h=base)
#Bound   0.87s best:18850 next:[17193,18849] objective_lb_search_max_lp
#148     0.88s best:18790 next:[17193,18789] graph_dec_lns (d=7.76e-01 s=1413 t=0.10 p=0.55 stall=0 h=base)
#149     0.89s best:18771 next:[17193,18770] ls_lin_restart_decay_perturb(batch:1 lin{mvs:8 evals:182} gen{mvs:39 evals:919} #w_updates:9 #perturb:0)
#150     0.91s best:18762 next:[17193,18761] graph_dec_lns (d=7.76e-01 s=1412 t=0.10 p=0.55 stall=0 h=base) [combined with: quick_restart_no_lp...]
#Bound   0.94s best:18762 next:[17232,18761] objective_lb_search_max_lp
#151     0.96s best:18754 next:[17232,18753] graph_cst_lns (d=8.30e-01 s=1375 t=0.10 p=0.60 stall=0 h=base)
#Bound   0.98s best:18754 next:[17233,18753] objective_lb_search_max_lp
#152     1.03s best:18719 next:[17233,18718] graph_dec_lns (d=7.76e-01 s=1423 t=0.10 p=0.55 stall=0 h=base)
#153     1.03s best:18623 next:[17233,18622] graph_dec_lns (d=7.76e-01 s=1423 t=0.10 p=0.55 stall=0 h=base) [combined with: graph_cst_lns (d=8.3...]
#Bound   1.03s best:18623 next:[17249,18622] objective_lb_search_max_lp
#Bound   1.05s best:18623 next:[17251,18622] objective_lb_search_max_lp
#Bound   1.07s best:18623 next:[17255,18622] objective_lb_search_max_lp
#Bound   1.09s best:18623 next:[17257,18622] objective_lb_search_max_lp
#154     1.10s best:18596 next:[17257,18595] quick_restart_no_lp
#Bound   1.11s best:18596 next:[17258,18595] objective_lb_search_max_lp
#Bound   1.13s best:18596 next:[17259,18595] objective_lb_search_max_lp
#Bound   2.00s best:18596 next:[17566,18595] objective_lb_search_max_lp [skipped_logs=6]
#Bound   2.96s best:18596 next:[17683,18595] objective_lb_search_max_lp [skipped_logs=5]
#Bound   3.93s best:18596 next:[17769,18595] objective_lb_search_max_lp [skipped_logs=10]
#Bound   4.72s best:18596 next:[17835,18595] objective_lb_search_max_lp [skipped_logs=2]
#Bound   6.00s best:18596 next:[17859,18595] objective_lb_search_max_lp [skipped_logs=7]
#Bound   6.58s best:18596 next:[17938,18595] objective_lb_search_max_lp [skipped_logs=5]
#Bound   7.96s best:18596 next:[17980,18595] objective_lb_search_max_lp [skipped_logs=3]
#Bound   8.53s best:18596 next:[17987,18595] objective_lb_search_max_lp [skipped_logs=1]
#Bound   9.68s best:18596 next:[17993,18595] objective_lb_search_max_lp [skipped_logs=1]
#Bound  10.89s best:18596 next:[18044,18595] objective_lb_search_max_lp [skipped_logs=4]
#Bound  11.90s best:18596 next:[18057,18595] objective_lb_search_max_lp [skipped_logs=1]
#Bound  12.94s best:18596 next:[18104,18595] objective_lb_search_max_lp [skipped_logs=1]
#Bound  13.19s best:18596 next:[18105,18595] objective_lb_search_max_lp [skipped_logs=0]
#Bound  14.56s best:18596 next:[18116,18595] objective_lb_search_max_lp [skipped_logs=1]
#Bound  15.60s best:18596 next:[18122,18595] objective_lb_search_max_lp [skipped_logs=0]
#Bound  17.12s best:18596 next:[18123,18595] objective_lb_search_max_lp
#Bound  17.61s best:18596 next:[18144,18595] objective_lb_search_max_lp [skipped_logs=3]
#Bound  18.80s best:18596 next:[18146,18595] objective_lb_search_max_lp [skipped_logs=0]
#Bound  19.66s best:18596 next:[18151,18595] objective_lb_search_max_lp [skipped_logs=3]
#Bound  20.52s best:18596 next:[18157,18595] objective_lb_search_max_lp [skipped_logs=1]
#Bound  21.40s best:18596 next:[18163,18595] objective_lb_search_max_lp [skipped_logs=1]
#Bound  22.78s best:18596 next:[18175,18595] objective_lb_search_max_lp [skipped_logs=2]
#Bound  23.75s best:18596 next:[18182,18595] objective_lb_search_max_lp [skipped_logs=1]
#Bound  24.32s best:18596 next:[18188,18595] objective_lb_search_max_lp [skipped_logs=0]
#Bound  25.61s best:18596 next:[18189,18595] objective_lb_search_max_lp [skipped_logs=0]
#Bound  27.26s best:18596 next:[18190,18595] objective_lb_search_max_lp
#Bound  27.92s best:18596 next:[18192,18595] objective_lb_search_max_lp [skipped_logs=0]
#Bound  29.63s best:18596 next:[18193,18595] objective_lb_search_max_lp
#Bound  33.11s best:18596 next:[18194,18595] objective_lb_search_max_lp
#Bound  34.68s best:18596 next:[18195,18595] objective_lb_search_max_lp
#Bound  37.44s best:18596 next:[18199,18595] objective_lb_search_max_lp
#Bound  38.58s best:18596 next:[18201,18595] objective_lb_search_max_lp
#Bound  38.81s best:18596 next:[18216,18595] objective_lb_search_max_lp
#Bound  39.10s best:18596 next:[18217,18595] objective_lb_search_max_lp
#Bound  39.62s best:18596 next:[18218,18595] objective_lb_search_max_lp
#Bound  39.93s best:18596 next:[18225,18595] objective_lb_search_max_lp
#Bound  40.10s best:18596 next:[18226,18595] objective_lb_search_max_lp
#Bound  40.42s best:18596 next:[18228,18595] objective_lb_search_max_lp
#Bound  41.00s best:18596 next:[18229,18595] objective_lb_search_max_lp
#Bound  41.29s best:18596 next:[18230,18595] objective_lb_search_max_lp
#Bound  42.62s best:18596 next:[18244,18595] objective_lb_search_max_lp
#Bound  47.67s best:18596 next:[18245,18595] objective_lb_search_max_lp
#Bound  48.60s best:18596 next:[18248,18595] objective_lb_search_max_lp
#Bound  50.06s best:18596 next:[18249,18595] objective_lb_search_max_lp
#Bound  50.65s best:18596 next:[18263,18595] objective_lb_search_max_lp
#Bound  52.68s best:18596 next:[18268,18595] objective_lb_search_max_lp
#Bound  53.05s best:18596 next:[18270,18595] objective_lb_search_max_lp
#Bound  53.28s best:18596 next:[18272,18595] objective_lb_search_max_lp
#Bound  54.74s best:18596 next:[18276,18595] objective_lb_search_max_lp
#Bound  55.23s best:18596 next:[18284,18595] objective_lb_search_max_lp
#Bound  55.81s best:18596 next:[18285,18595] objective_lb_search_max_lp
#Bound  58.02s best:18596 next:[18289,18595] objective_lb_search_max_lp
#Bound  58.08s best:18596 next:[18290,18595] objective_lb_search_max_lp
#Bound  59.11s best:18596 next:[18292,18595] objective_lb_search_max_lp
#Bound  60.73s best:18596 next:[18295,18595] objective_lb_search_max_lp
#Bound  62.12s best:18596 next:[18296,18595] objective_lb_search_max_lp
#Bound  62.55s best:18596 next:[18298,18595] objective_lb_search_max_lp
#Bound  63.43s best:18596 next:[18299,18595] objective_lb_search_max_lp
#Bound  64.70s best:18596 next:[18300,18595] objective_lb_search_max_lp
#Bound  68.13s best:18596 next:[18302,18595] objective_lb_search_max_lp
#Bound  69.19s best:18596 next:[18304,18595] objective_lb_search_max_lp
#Bound  73.53s best:18596 next:[18308,18595] objective_lb_search_max_lp
#Bound  80.07s best:18596 next:[18309,18595] objective_lb_search_max_lp
#Bound  80.64s best:18596 next:[18311,18595] objective_lb_search_max_lp
#Bound  84.72s best:18596 next:[18312,18595] objective_lb_search_max_lp
#Bound  85.83s best:18596 next:[18346,18595] objective_lb_search_max_lp
#Bound  88.72s best:18596 next:[18347,18595] objective_lb_search_max_lp
#Bound  92.23s best:18596 next:[18349,18595] objective_lb_search_max_lp
#Bound  93.19s best:18596 next:[18351,18595] objective_lb_search_max_lp
#Bound  93.68s best:18596 next:[18355,18595] objective_lb_search_max_lp
#Bound  94.61s best:18596 next:[18357,18595] objective_lb_search_max_lp
#Bound  95.73s best:18596 next:[18358,18595] objective_lb_search_max_lp
#Bound  96.80s best:18596 next:[18371,18595] objective_lb_search_max_lp
#Bound  98.76s best:18596 next:[18372,18595] objective_lb_search_max_lp
#Bound  99.14s best:18596 next:[18388,18595] objective_lb_search_max_lp
#Bound 100.48s best:18596 next:[18391,18595] objective_lb_search_max_lp
#Bound 101.05s best:18596 next:[18395,18595] objective_lb_search_max_lp
#Bound 101.23s best:18596 next:[18397,18595] objective_lb_search_max_lp
#Bound 101.45s best:18596 next:[18399,18595] objective_lb_search_max_lp
#Bound 103.72s best:18596 next:[18400,18595] objective_lb_search_max_lp
#Bound 105.65s best:18596 next:[18402,18595] objective_lb_search_max_lp
#Bound 106.37s best:18596 next:[18404,18595] objective_lb_search_max_lp
#Bound 107.52s best:18596 next:[18406,18595] objective_lb_search_max_lp
#Bound 109.08s best:18596 next:[18408,18595] objective_lb_search_max_lp
#Bound 111.22s best:18596 next:[18412,18595] objective_lb_search_max_lp
#Bound 111.86s best:18596 next:[18413,18595] objective_lb_search_max_lp
#Bound 112.36s best:18596 next:[18417,18595] objective_lb_search_max_lp
#Bound 113.05s best:18596 next:[18418,18595] objective_lb_search_max_lp
#Bound 114.27s best:18596 next:[18420,18595] objective_lb_search_max_lp
#Bound 115.41s best:18596 next:[18423,18595] objective_lb_search_max_lp
#Bound 116.64s best:18596 next:[18424,18595] objective_lb_search_max_lp
#Bound 119.50s best:18596 next:[18425,18595] objective_lb_search_max_lp
#Bound 122.29s best:18596 next:[18426,18595] objective_lb_search_max_lp
#Bound 122.87s best:18596 next:[18428,18595] objective_lb_search_max_lp
#Bound 123.25s best:18596 next:[18429,18595] objective_lb_search_max_lp
#Bound 123.86s best:18596 next:[18431,18595] objective_lb_search_max_lp
#Bound 125.26s best:18596 next:[18432,18595] objective_lb_search_max_lp
#Bound 125.54s best:18596 next:[18434,18595] objective_lb_search_max_lp
#Bound 130.64s best:18596 next:[18435,18595] objective_lb_search_max_lp

Task timing                                  n [     min,      max]      avg      dev     time         n [     min,      max]      avg      dev    dtime
                             'core':         1 [   2.22m,    2.22m]    2.22m   0.00ns    2.22m         1 [   3.23m,    3.23m]    3.23m   0.00ns    3.23m
                       'default_lp':         1 [   2.18m,    2.18m]    2.18m   0.00ns    2.18m         1 [   1.11m,    1.11m]    1.11m   0.00ns    1.11m
                 'feasibility_pump':      5643 [ 69.69us,   2.01ms] 375.18us 168.45us    2.12s      5641 [ 35.86us, 777.87us]  36.00us   9.89us 203.08ms
                            'fixed':         1 [   2.18m,    2.18m]    2.18m   0.00ns    2.18m         1 [  53.36s,   53.36s]   53.36s   0.00ns   53.36s
                               'fj':         0 [  0.00ns,   0.00ns]   0.00ns   0.00ns   0.00ns         0 [  0.00ns,   0.00ns]   0.00ns   0.00ns   0.00ns
                               'fj':         0 [  0.00ns,   0.00ns]   0.00ns   0.00ns   0.00ns         0 [  0.00ns,   0.00ns]   0.00ns   0.00ns   0.00ns
                               'fj':         0 [  0.00ns,   0.00ns]   0.00ns   0.00ns   0.00ns         0 [  0.00ns,   0.00ns]   0.00ns   0.00ns   0.00ns
                               'fj':         0 [  0.00ns,   0.00ns]   0.00ns   0.00ns   0.00ns         0 [  0.00ns,   0.00ns]   0.00ns   0.00ns   0.00ns
                               'fj':         0 [  0.00ns,   0.00ns]   0.00ns   0.00ns   0.00ns         0 [  0.00ns,   0.00ns]   0.00ns   0.00ns   0.00ns
                               'fj':         0 [  0.00ns,   0.00ns]   0.00ns   0.00ns   0.00ns         0 [  0.00ns,   0.00ns]   0.00ns   0.00ns   0.00ns
                               'fj':         0 [  0.00ns,   0.00ns]   0.00ns   0.00ns   0.00ns         0 [  0.00ns,   0.00ns]   0.00ns   0.00ns   0.00ns
                               'fj':         0 [  0.00ns,   0.00ns]   0.00ns   0.00ns   0.00ns         0 [  0.00ns,   0.00ns]   0.00ns   0.00ns   0.00ns
                               'fj':         0 [  0.00ns,   0.00ns]   0.00ns   0.00ns   0.00ns         0 [  0.00ns,   0.00ns]   0.00ns   0.00ns   0.00ns
                               'fj':         0 [  0.00ns,   0.00ns]   0.00ns   0.00ns   0.00ns         0 [  0.00ns,   0.00ns]   0.00ns   0.00ns   0.00ns
                               'fj':         0 [  0.00ns,   0.00ns]   0.00ns   0.00ns   0.00ns         0 [  0.00ns,   0.00ns]   0.00ns   0.00ns   0.00ns
                               'fj':         0 [  0.00ns,   0.00ns]   0.00ns   0.00ns   0.00ns         0 [  0.00ns,   0.00ns]   0.00ns   0.00ns   0.00ns
                               'fj':         0 [  0.00ns,   0.00ns]   0.00ns   0.00ns   0.00ns         0 [  0.00ns,   0.00ns]   0.00ns   0.00ns   0.00ns
                               'fj':         0 [  0.00ns,   0.00ns]   0.00ns   0.00ns   0.00ns         0 [  0.00ns,   0.00ns]   0.00ns   0.00ns   0.00ns
                               'fj':         0 [  0.00ns,   0.00ns]   0.00ns   0.00ns   0.00ns         0 [  0.00ns,   0.00ns]   0.00ns   0.00ns   0.00ns
                               'fj':         0 [  0.00ns,   0.00ns]   0.00ns   0.00ns   0.00ns         0 [  0.00ns,   0.00ns]   0.00ns   0.00ns   0.00ns
                               'fj':         0 [  0.00ns,   0.00ns]   0.00ns   0.00ns   0.00ns         0 [  0.00ns,   0.00ns]   0.00ns   0.00ns   0.00ns
                               'fj':         0 [  0.00ns,   0.00ns]   0.00ns   0.00ns   0.00ns         0 [  0.00ns,   0.00ns]   0.00ns   0.00ns   0.00ns
                               'fj':         0 [  0.00ns,   0.00ns]   0.00ns   0.00ns   0.00ns         0 [  0.00ns,   0.00ns]   0.00ns   0.00ns   0.00ns
                               'fj':         0 [  0.00ns,   0.00ns]   0.00ns   0.00ns   0.00ns         0 [  0.00ns,   0.00ns]   0.00ns   0.00ns   0.00ns
                               'fj':         0 [  0.00ns,   0.00ns]   0.00ns   0.00ns   0.00ns         0 [  0.00ns,   0.00ns]   0.00ns   0.00ns   0.00ns
                               'fj':         0 [  0.00ns,   0.00ns]   0.00ns   0.00ns   0.00ns         0 [  0.00ns,   0.00ns]   0.00ns   0.00ns   0.00ns
                               'fj':         0 [  0.00ns,   0.00ns]   0.00ns   0.00ns   0.00ns         0 [  0.00ns,   0.00ns]   0.00ns   0.00ns   0.00ns
                               'fj':         0 [  0.00ns,   0.00ns]   0.00ns   0.00ns   0.00ns         0 [  0.00ns,   0.00ns]   0.00ns   0.00ns   0.00ns
                               'fj':         0 [  0.00ns,   0.00ns]   0.00ns   0.00ns   0.00ns         0 [  0.00ns,   0.00ns]   0.00ns   0.00ns   0.00ns
                           'fj_lin':         0 [  0.00ns,   0.00ns]   0.00ns   0.00ns   0.00ns         0 [  0.00ns,   0.00ns]   0.00ns   0.00ns   0.00ns
                           'fj_lin':         0 [  0.00ns,   0.00ns]   0.00ns   0.00ns   0.00ns         0 [  0.00ns,   0.00ns]   0.00ns   0.00ns   0.00ns
                           'fj_lin':         0 [  0.00ns,   0.00ns]   0.00ns   0.00ns   0.00ns         0 [  0.00ns,   0.00ns]   0.00ns   0.00ns   0.00ns
                           'fj_lin':         0 [  0.00ns,   0.00ns]   0.00ns   0.00ns   0.00ns         0 [  0.00ns,   0.00ns]   0.00ns   0.00ns   0.00ns
                           'fj_lin':         0 [  0.00ns,   0.00ns]   0.00ns   0.00ns   0.00ns         0 [  0.00ns,   0.00ns]   0.00ns   0.00ns   0.00ns
                           'fj_lin':         0 [  0.00ns,   0.00ns]   0.00ns   0.00ns   0.00ns         0 [  0.00ns,   0.00ns]   0.00ns   0.00ns   0.00ns
                           'fj_lin':         0 [  0.00ns,   0.00ns]   0.00ns   0.00ns   0.00ns         0 [  0.00ns,   0.00ns]   0.00ns   0.00ns   0.00ns
                           'fj_lin':         0 [  0.00ns,   0.00ns]   0.00ns   0.00ns   0.00ns         0 [  0.00ns,   0.00ns]   0.00ns   0.00ns   0.00ns
                           'fj_lin':         0 [  0.00ns,   0.00ns]   0.00ns   0.00ns   0.00ns         0 [  0.00ns,   0.00ns]   0.00ns   0.00ns   0.00ns
                           'fj_lin':         0 [  0.00ns,   0.00ns]   0.00ns   0.00ns   0.00ns         0 [  0.00ns,   0.00ns]   0.00ns   0.00ns   0.00ns
                           'fj_lin':         0 [  0.00ns,   0.00ns]   0.00ns   0.00ns   0.00ns         0 [  0.00ns,   0.00ns]   0.00ns   0.00ns   0.00ns
                           'fj_lin':         0 [  0.00ns,   0.00ns]   0.00ns   0.00ns   0.00ns         0 [  0.00ns,   0.00ns]   0.00ns   0.00ns   0.00ns
                        'fs_random':         0 [  0.00ns,   0.00ns]   0.00ns   0.00ns   0.00ns         0 [  0.00ns,   0.00ns]   0.00ns   0.00ns   0.00ns
                        'fs_random':         0 [  0.00ns,   0.00ns]   0.00ns   0.00ns   0.00ns         0 [  0.00ns,   0.00ns]   0.00ns   0.00ns   0.00ns
                        'fs_random':         0 [  0.00ns,   0.00ns]   0.00ns   0.00ns   0.00ns         0 [  0.00ns,   0.00ns]   0.00ns   0.00ns   0.00ns
                        'fs_random':         0 [  0.00ns,   0.00ns]   0.00ns   0.00ns   0.00ns         0 [  0.00ns,   0.00ns]   0.00ns   0.00ns   0.00ns
                        'fs_random':         0 [  0.00ns,   0.00ns]   0.00ns   0.00ns   0.00ns         0 [  0.00ns,   0.00ns]   0.00ns   0.00ns   0.00ns
                        'fs_random':         0 [  0.00ns,   0.00ns]   0.00ns   0.00ns   0.00ns         0 [  0.00ns,   0.00ns]   0.00ns   0.00ns   0.00ns
                        'fs_random':         0 [  0.00ns,   0.00ns]   0.00ns   0.00ns   0.00ns         0 [  0.00ns,   0.00ns]   0.00ns   0.00ns   0.00ns
                        'fs_random':         0 [  0.00ns,   0.00ns]   0.00ns   0.00ns   0.00ns         0 [  0.00ns,   0.00ns]   0.00ns   0.00ns   0.00ns
                        'fs_random':         0 [  0.00ns,   0.00ns]   0.00ns   0.00ns   0.00ns         0 [  0.00ns,   0.00ns]   0.00ns   0.00ns   0.00ns
                        'fs_random':         0 [  0.00ns,   0.00ns]   0.00ns   0.00ns   0.00ns         0 [  0.00ns,   0.00ns]   0.00ns   0.00ns   0.00ns
                        'fs_random':         1 [  1.81ms,   1.81ms]   1.81ms   0.00ns   1.81ms         1 [  1.88us,   1.88us]   1.88us   0.00ns   1.88us
                        'fs_random':         1 [  4.06ms,   4.06ms]   4.06ms   0.00ns   4.06ms         1 [  1.60us,   1.60us]   1.60us   0.00ns   1.60us
                  'fs_random_no_lp':         0 [  0.00ns,   0.00ns]   0.00ns   0.00ns   0.00ns         0 [  0.00ns,   0.00ns]   0.00ns   0.00ns   0.00ns
                  'fs_random_no_lp':         0 [  0.00ns,   0.00ns]   0.00ns   0.00ns   0.00ns         0 [  0.00ns,   0.00ns]   0.00ns   0.00ns   0.00ns
                  'fs_random_no_lp':         0 [  0.00ns,   0.00ns]   0.00ns   0.00ns   0.00ns         0 [  0.00ns,   0.00ns]   0.00ns   0.00ns   0.00ns
                  'fs_random_no_lp':         0 [  0.00ns,   0.00ns]   0.00ns   0.00ns   0.00ns         0 [  0.00ns,   0.00ns]   0.00ns   0.00ns   0.00ns
                  'fs_random_no_lp':         0 [  0.00ns,   0.00ns]   0.00ns   0.00ns   0.00ns         0 [  0.00ns,   0.00ns]   0.00ns   0.00ns   0.00ns
                  'fs_random_no_lp':         0 [  0.00ns,   0.00ns]   0.00ns   0.00ns   0.00ns         0 [  0.00ns,   0.00ns]   0.00ns   0.00ns   0.00ns
                  'fs_random_no_lp':         0 [  0.00ns,   0.00ns]   0.00ns   0.00ns   0.00ns         0 [  0.00ns,   0.00ns]   0.00ns   0.00ns   0.00ns
                  'fs_random_no_lp':         0 [  0.00ns,   0.00ns]   0.00ns   0.00ns   0.00ns         0 [  0.00ns,   0.00ns]   0.00ns   0.00ns   0.00ns
                  'fs_random_no_lp':         0 [  0.00ns,   0.00ns]   0.00ns   0.00ns   0.00ns         0 [  0.00ns,   0.00ns]   0.00ns   0.00ns   0.00ns
                  'fs_random_no_lp':         0 [  0.00ns,   0.00ns]   0.00ns   0.00ns   0.00ns         0 [  0.00ns,   0.00ns]   0.00ns   0.00ns   0.00ns
                  'fs_random_no_lp':         0 [  0.00ns,   0.00ns]   0.00ns   0.00ns   0.00ns         0 [  0.00ns,   0.00ns]   0.00ns   0.00ns   0.00ns
                  'fs_random_no_lp':         1 [  1.96ms,   1.96ms]   1.96ms   0.00ns   1.96ms         1 [115.70us, 115.70us] 115.70us   0.00ns 115.70us
                  'fs_random_no_lp':         1 [  4.17ms,   4.17ms]   4.17ms   0.00ns   4.17ms         1 [ 86.31us,  86.31us]  86.31us   0.00ns  86.31us
          'fs_random_quick_restart':         0 [  0.00ns,   0.00ns]   0.00ns   0.00ns   0.00ns         0 [  0.00ns,   0.00ns]   0.00ns   0.00ns   0.00ns
          'fs_random_quick_restart':         0 [  0.00ns,   0.00ns]   0.00ns   0.00ns   0.00ns         0 [  0.00ns,   0.00ns]   0.00ns   0.00ns   0.00ns
          'fs_random_quick_restart':         0 [  0.00ns,   0.00ns]   0.00ns   0.00ns   0.00ns         0 [  0.00ns,   0.00ns]   0.00ns   0.00ns   0.00ns
          'fs_random_quick_restart':         0 [  0.00ns,   0.00ns]   0.00ns   0.00ns   0.00ns         0 [  0.00ns,   0.00ns]   0.00ns   0.00ns   0.00ns
          'fs_random_quick_restart':         0 [  0.00ns,   0.00ns]   0.00ns   0.00ns   0.00ns         0 [  0.00ns,   0.00ns]   0.00ns   0.00ns   0.00ns
          'fs_random_quick_restart':         0 [  0.00ns,   0.00ns]   0.00ns   0.00ns   0.00ns         0 [  0.00ns,   0.00ns]   0.00ns   0.00ns   0.00ns
          'fs_random_quick_restart':         0 [  0.00ns,   0.00ns]   0.00ns   0.00ns   0.00ns         0 [  0.00ns,   0.00ns]   0.00ns   0.00ns   0.00ns
          'fs_random_quick_restart':         0 [  0.00ns,   0.00ns]   0.00ns   0.00ns   0.00ns         0 [  0.00ns,   0.00ns]   0.00ns   0.00ns   0.00ns
          'fs_random_quick_restart':         0 [  0.00ns,   0.00ns]   0.00ns   0.00ns   0.00ns         0 [  0.00ns,   0.00ns]   0.00ns   0.00ns   0.00ns
          'fs_random_quick_restart':         0 [  0.00ns,   0.00ns]   0.00ns   0.00ns   0.00ns         0 [  0.00ns,   0.00ns]   0.00ns   0.00ns   0.00ns
          'fs_random_quick_restart':         0 [  0.00ns,   0.00ns]   0.00ns   0.00ns   0.00ns         0 [  0.00ns,   0.00ns]   0.00ns   0.00ns   0.00ns
          'fs_random_quick_restart':         1 [  3.79ms,   3.79ms]   3.79ms   0.00ns   3.79ms         0 [  0.00ns,   0.00ns]   0.00ns   0.00ns   0.00ns
    'fs_random_quick_restart_no_lp':         0 [  0.00ns,   0.00ns]   0.00ns   0.00ns   0.00ns         0 [  0.00ns,   0.00ns]   0.00ns   0.00ns   0.00ns
    'fs_random_quick_restart_no_lp':         0 [  0.00ns,   0.00ns]   0.00ns   0.00ns   0.00ns         0 [  0.00ns,   0.00ns]   0.00ns   0.00ns   0.00ns
    'fs_random_quick_restart_no_lp':         0 [  0.00ns,   0.00ns]   0.00ns   0.00ns   0.00ns         0 [  0.00ns,   0.00ns]   0.00ns   0.00ns   0.00ns
    'fs_random_quick_restart_no_lp':         0 [  0.00ns,   0.00ns]   0.00ns   0.00ns   0.00ns         0 [  0.00ns,   0.00ns]   0.00ns   0.00ns   0.00ns
    'fs_random_quick_restart_no_lp':         0 [  0.00ns,   0.00ns]   0.00ns   0.00ns   0.00ns         0 [  0.00ns,   0.00ns]   0.00ns   0.00ns   0.00ns
    'fs_random_quick_restart_no_lp':         0 [  0.00ns,   0.00ns]   0.00ns   0.00ns   0.00ns         0 [  0.00ns,   0.00ns]   0.00ns   0.00ns   0.00ns
    'fs_random_quick_restart_no_lp':         0 [  0.00ns,   0.00ns]   0.00ns   0.00ns   0.00ns         0 [  0.00ns,   0.00ns]   0.00ns   0.00ns   0.00ns
    'fs_random_quick_restart_no_lp':         0 [  0.00ns,   0.00ns]   0.00ns   0.00ns   0.00ns         0 [  0.00ns,   0.00ns]   0.00ns   0.00ns   0.00ns
    'fs_random_quick_restart_no_lp':         0 [  0.00ns,   0.00ns]   0.00ns   0.00ns   0.00ns         0 [  0.00ns,   0.00ns]   0.00ns   0.00ns   0.00ns
    'fs_random_quick_restart_no_lp':         0 [  0.00ns,   0.00ns]   0.00ns   0.00ns   0.00ns         0 [  0.00ns,   0.00ns]   0.00ns   0.00ns   0.00ns
    'fs_random_quick_restart_no_lp':         1 [  1.77ms,   1.77ms]   1.77ms   0.00ns   1.77ms         0 [  0.00ns,   0.00ns]   0.00ns   0.00ns   0.00ns
    'fs_random_quick_restart_no_lp':         1 [  2.30ms,   2.30ms]   2.30ms   0.00ns   2.30ms         0 [  0.00ns,   0.00ns]   0.00ns   0.00ns   0.00ns
                    'graph_arc_lns':      1561 [  2.09ms,    1.36s] 375.45ms 281.06ms    9.77m      1561 [ 11.12us, 177.84ms]  81.44ms  61.52ms    2.12m
                    'graph_cst_lns':      1431 [  1.06ms,    1.42s] 407.56ms 314.61ms    9.72m      1431 [  1.42us, 167.47ms]  78.06ms  59.09ms    1.86m
                    'graph_dec_lns':      1589 [  1.02ms,    1.29s] 370.24ms 301.25ms    9.81m      1589 [  3.08us, 177.69ms]  77.31ms  62.14ms    2.05m
                    'graph_var_lns':      1581 [  1.56ms,    1.53s] 365.47ms 279.26ms    9.63m      1581 [  3.08us, 177.87ms]  80.53ms  62.99ms    2.12m
                     'lb_relax_lns':       768 [166.95us,    3.96s] 787.71ms 888.48ms   10.08m       576 [  1.36ms, 617.91ms] 318.32ms 254.27ms    3.06m
                   'lb_tree_search':         1 [   2.18m,    2.18m]    2.18m   0.00ns    2.18m         1 [  31.39s,   31.39s]   31.39s   0.00ns   31.39s
                               'ls':      3367 [222.15us,  75.09ms]  37.68ms   6.87ms    2.11m      3366 [750.79us, 100.69ms]  99.78ms   5.13ms    5.60m
                               'ls':      3377 [289.32us,  74.82ms]  37.50ms   6.25ms    2.11m      3377 [380.69us, 101.00ms]  99.80ms   5.03ms    5.62m
                               'ls':      3399 [113.96us,  76.69ms]  37.18ms   6.99ms    2.11m      3398 [  1.73ms, 100.42ms]  99.81ms   4.81ms    5.65m
                               'ls':      3416 [199.59us,  75.01ms]  37.30ms   5.94ms    2.12m      3415 [253.58us, 100.96ms]  99.91ms   3.72ms    5.69m
                               'ls':      3461 [505.44us,  77.67ms]  36.73ms   6.10ms    2.12m      3461 [517.28us, 101.39ms]  99.95ms   3.42ms    5.77m
                               'ls':      3466 [809.19us,  75.57ms]  36.38ms   5.99ms    2.10m      3466 [  1.17ms, 102.01ms]  99.83ms   4.49ms    5.77m
                               'ls':      3474 [  1.71ms,  84.48ms]  36.48ms   5.59ms    2.11m      3474 [  3.05ms, 102.32ms] 100.01ms   2.46ms    5.79m
                               'ls':      3494 [ 81.49us,  76.73ms]  36.19ms   5.81ms    2.11m      3491 [  1.94ms, 101.25ms]  99.81ms   4.61ms    5.81m
                               'ls':      3498 [828.55us,  77.32ms]  36.24ms   5.52ms    2.11m      3498 [  1.74ms, 101.60ms]  99.87ms   4.04ms    5.82m
                               'ls':      3499 [  8.87ms,  75.17ms]  36.26ms   5.94ms    2.11m      3499 [ 16.74ms, 101.67ms] 100.00ms   2.43ms    5.83m
                               'ls':      3504 [352.69us,  74.83ms]  36.11ms   5.92ms    2.11m      3504 [538.12us, 102.16ms]  99.94ms   3.50ms    5.84m
                               'ls':      3517 [656.89us,  74.68ms]  35.87ms   5.63ms    2.10m      3517 [  1.64ms, 101.61ms]  99.87ms   4.41ms    5.85m
                               'ls':      3520 [349.49us,  79.93ms]  36.12ms   5.80ms    2.12m      3520 [657.20us, 100.73ms]  99.99ms   2.66ms    5.87m
                               'ls':      3523 [  6.61ms,  74.65ms]  36.02ms   5.36ms    2.11m      3523 [ 10.63ms, 101.10ms] 100.06ms   1.57ms    5.88m
                               'ls':      3530 [107.64us,  70.30ms]  35.73ms   5.16ms    2.10m      3529 [247.44us, 101.99ms]  99.82ms   4.95ms    5.87m
                               'ls':      3539 [331.16us,  74.87ms]  35.78ms   5.62ms    2.11m      3539 [232.33us, 102.15ms]  99.93ms   3.55ms    5.89m
                               'ls':      3543 [831.78us,  75.42ms]  35.58ms   5.26ms    2.10m      3543 [858.48us, 102.88ms]  99.88ms   4.04ms    5.90m
                               'ls':      3570 [124.87us,  78.41ms]  35.32ms   5.37ms    2.10m      3568 [242.94us, 101.98ms]  99.91ms   3.94ms    5.94m
                               'ls':      3622 [573.49us,  72.73ms]  34.82ms   4.83ms    2.10m      3621 [  2.10ms, 100.99ms] 100.03ms   1.95ms    6.04m
                           'ls_lin':      3356 [  5.61ms,  78.25ms]  38.24ms   6.72ms    2.14m      3356 [  9.77ms, 101.20ms]  99.95ms   3.19ms    5.59m
                           'ls_lin':      3427 [376.24us,  77.99ms]  37.01ms   6.21ms    2.11m      3427 [257.09us, 101.40ms]  99.87ms   4.10ms    5.70m
                           'ls_lin':      3450 [132.14us,  74.36ms]  36.79ms   5.93ms    2.12m      3449 [  5.28ms, 101.08ms]  99.97ms   3.15ms    5.75m
                           'ls_lin':      3459 [841.33us,  75.81ms]  36.62ms   5.78ms    2.11m      3459 [  2.66ms, 101.20ms]  99.94ms   3.49ms    5.76m
                           'ls_lin':      3467 [161.81us,  74.84ms]  36.71ms   6.32ms    2.12m      3467 [241.82us, 102.22ms]  99.92ms   3.78ms    5.77m
                           'ls_lin':      3470 [137.41us,  77.31ms]  36.47ms   5.91ms    2.11m      3469 [256.47us, 101.93ms]  99.86ms   4.31ms    5.77m
                           'ls_lin':      3502 [791.82us,  74.73ms]  36.24ms   5.81ms    2.12m      3502 [  1.59ms, 100.61ms]  99.88ms   4.41ms    5.83m
                           'ls_lin':      3505 [450.14us,  78.37ms]  36.15ms   5.68ms    2.11m      3505 [  1.32ms, 100.88ms]  99.83ms   4.81ms    5.83m
                           'ls_lin':      3543 [818.58us,  73.17ms]  35.71ms   5.66ms    2.11m      3543 [  2.33ms, 101.00ms]  99.83ms   4.46ms    5.89m
                           'ls_lin':      3653 [  1.87ms,  71.89ms]  34.60ms   6.09ms    2.11m      3653 [  2.67ms, 101.88ms]  99.91ms   3.79ms    6.08m
                           'max_lp':         1 [   2.18m,    2.18m]    2.18m   0.00ns    2.18m         1 [  59.89s,   59.89s]   59.89s   0.00ns   59.89s
                            'no_lp':         1 [   2.18m,    2.18m]    2.18m   0.00ns    2.18m         1 [   1.26m,    1.26m]    1.26m   0.00ns    1.26m
              'objective_lb_search':         1 [   2.18m,    2.18m]    2.18m   0.00ns    2.18m         1 [   1.12m,    1.12m]    1.12m   0.00ns    1.12m
       'objective_lb_search_max_lp':         1 [   2.18m,    2.18m]    2.18m   0.00ns    2.18m         1 [  28.31s,   28.31s]   28.31s   0.00ns   28.31s
        'objective_lb_search_no_lp':         1 [   2.18m,    2.18m]    2.18m   0.00ns    2.18m         1 [   1.31m,    1.31m]    1.31m   0.00ns    1.31m
         'objective_shaving_max_lp':      5642 [  1.11ms,  24.03ms]  12.28ms   2.20ms    1.15m      5623 [ 32.36us,  94.71us]  63.80us   3.72us 358.76ms
          'objective_shaving_no_lp':      5643 [856.61us,  76.81ms]  11.54ms   2.23ms    1.09m      5627 [ 33.16us,  84.51us]  50.77us   3.81us 285.67ms
                          'probing':         1 [   2.18m,    2.18m]    2.18m   0.00ns    2.18m         1 [  12.54s,   12.54s]   12.54s   0.00ns   12.54s
                   'probing_max_lp':         1 [   2.18m,    2.18m]    2.18m   0.00ns    2.18m         1 [   8.18s,    8.18s]    8.18s   0.00ns    8.18s
                    'probing_no_lp':         1 [   2.18m,    2.18m]    2.18m   0.00ns    2.18m         1 [  27.26s,   27.26s]   27.26s   0.00ns   27.26s
                     'pseudo_costs':         1 [   2.18m,    2.18m]    2.18m   0.00ns    2.18m         1 [   1.02m,    1.02m]    1.02m   0.00ns    1.02m
                    'quick_restart':         1 [   2.18m,    2.18m]    2.18m   0.00ns    2.18m         1 [   1.05m,    1.05m]    1.05m   0.00ns    1.05m
              'quick_restart_no_lp':         1 [   2.18m,    2.18m]    2.18m   0.00ns    2.18m         1 [   1.39m,    1.39m]    1.39m   0.00ns    1.39m
                    'reduced_costs':         1 [   2.18m,    2.18m]    2.18m   0.00ns    2.18m         1 [  38.04s,   38.04s]   38.04s   0.00ns   38.04s
                        'rins/rens':      2086 [ 46.33us,    1.45s] 271.08ms 275.85ms    9.42m      1572 [  1.33us, 108.66ms]  69.20ms  46.50ms    1.81m
                      'rnd_cst_lns':      1467 [  1.17ms,    1.54s] 400.74ms 316.06ms    9.80m      1467 [  1.15us, 170.85ms]  77.65ms  60.51ms    1.90m
                      'rnd_var_lns':      1565 [612.49us,    1.20s] 362.87ms 287.21ms    9.46m      1565 [ 10.00ns, 177.95ms]  78.14ms  62.58ms    2.04m
         'scheduling_intervals_lns':      1262 [ 18.89ms,    1.73s] 472.99ms 343.96ms    9.95m      1262 [115.47us, 157.96ms]  79.52ms  55.54ms    1.67m
       'scheduling_precedences_lns':      1168 [ 18.82ms,    1.69s] 489.35ms 356.48ms    9.53m      1168 [119.55us, 151.87ms]  79.07ms  53.81ms    1.54m
  'scheduling_resource_windows_lns':      1008 [194.66ms,    1.12s] 573.48ms 143.90ms    9.63m      1008 [100.01ms, 142.90ms] 119.27ms  13.01ms    2.00m
       'scheduling_time_window_lns':      1213 [ 18.25ms,    1.94s] 481.47ms 412.17ms    9.73m      1213 [130.05us, 155.01ms]  75.95ms  58.78ms    1.54m
                'variables_shaving':      5644 [  4.16ms, 689.51ms]  15.00ms  20.72ms    1.41m      5644 [ 14.55us,  76.82ms] 497.28us   2.09ms    2.81s
         'variables_shaving_max_lp':      5643 [  9.62ms, 746.87ms]  67.57ms  66.28ms    6.35m      5643 [ 38.64us, 101.06ms]  13.69ms  13.18ms    1.29m
          'variables_shaving_no_lp':      5643 [  5.89ms,    1.50s]  17.58ms  62.87ms    1.65m      5643 [206.23us, 100.01ms] 773.68us   4.17ms    4.37s

Search stats                         Bools  Conflicts   Branches  Restarts   BoolPropag  IntegerPropag
                           'core':  29'603     18'631     67'872     8'233  147'650'401     10'640'939
                     'default_lp':   6'764    244'385    606'142    32'153  338'712'626    210'748'981
                          'fixed':   2'302    523'998    825'604       804  113'248'979    306'652'182
                      'fs_random':       0          0          0         0            0              0
                      'fs_random':       0          0          0         0            0              0
                      'fs_random':       0          0          0         0            0              0
                      'fs_random':       0          0          0         0            0              0
                      'fs_random':       0          0          0         0            0              0
                      'fs_random':       0          0          0         0            0              0
                      'fs_random':       0          0          0         0            0              0
                      'fs_random':       0          0          0         0            0              0
                      'fs_random':       0          0          0         0            0              0
                      'fs_random':       0          0          0         0            0              0
                      'fs_random':       0          0          0         0            0              0
                      'fs_random':       0          0          0         0            0              0
                'fs_random_no_lp':       0          0          0         0            0              0
                'fs_random_no_lp':       0          0          0         0            0              0
                'fs_random_no_lp':       0          0          0         0            0              0
                'fs_random_no_lp':       0          0          0         0            0              0
                'fs_random_no_lp':       0          0          0         0            0              0
                'fs_random_no_lp':       0          0          0         0            0              0
                'fs_random_no_lp':       0          0          0         0            0              0
                'fs_random_no_lp':       0          0          0         0            0              0
                'fs_random_no_lp':       0          0          0         0            0              0
                'fs_random_no_lp':       0          0          0         0            0              0
                'fs_random_no_lp':       0          0          0         0            0              0
                'fs_random_no_lp':      35          0         35         0            0            533
                'fs_random_no_lp':      55          0         55         0            0            715
        'fs_random_quick_restart':       0          0          0         0            0              0
        'fs_random_quick_restart':       0          0          0         0            0              0
        'fs_random_quick_restart':       0          0          0         0            0              0
        'fs_random_quick_restart':       0          0          0         0            0              0
        'fs_random_quick_restart':       0          0          0         0            0              0
        'fs_random_quick_restart':       0          0          0         0            0              0
        'fs_random_quick_restart':       0          0          0         0            0              0
        'fs_random_quick_restart':       0          0          0         0            0              0
        'fs_random_quick_restart':       0          0          0         0            0              0
        'fs_random_quick_restart':       0          0          0         0            0              0
        'fs_random_quick_restart':       0          0          0         0            0              0
        'fs_random_quick_restart':       0          0          0         0            0              0
  'fs_random_quick_restart_no_lp':       0          0          0         0            0              0
  'fs_random_quick_restart_no_lp':       0          0          0         0            0              0
  'fs_random_quick_restart_no_lp':       0          0          0         0            0              0
  'fs_random_quick_restart_no_lp':       0          0          0         0            0              0
  'fs_random_quick_restart_no_lp':       0          0          0         0            0              0
  'fs_random_quick_restart_no_lp':       0          0          0         0            0              0
  'fs_random_quick_restart_no_lp':       0          0          0         0            0              0
  'fs_random_quick_restart_no_lp':       0          0          0         0            0              0
  'fs_random_quick_restart_no_lp':       0          0          0         0            0              0
  'fs_random_quick_restart_no_lp':       0          0          0         0            0              0
  'fs_random_quick_restart_no_lp':       0          0          0         0            0              0
  'fs_random_quick_restart_no_lp':      28          0         28         0            0            350
                 'lb_tree_search':   2'757     15'411    797'672    41'611    7'605'358     32'307'962
                         'max_lp':   5'342    200'225    669'107    49'783  209'979'856    140'245'248
                          'no_lp':   6'372    296'582    834'153    56'311  449'514'544    223'695'681
            'objective_lb_search':   7'045    247'794    789'712    62'886  384'232'897    233'434'917
     'objective_lb_search_max_lp':   2'669     85'845  1'013'886   299'684   24'252'432     60'312'422
      'objective_lb_search_no_lp':   5'900    304'459    992'520    65'533  454'350'720    241'253'103
                        'probing':   5'601     44'878    424'963   229'912   23'194'435     42'546'256
                 'probing_max_lp':   4'350      2'164     36'915    19'464    1'815'196      1'932'734
                  'probing_no_lp':   6'202     97'560  1'020'681   657'517   62'370'925     86'232'702
                   'pseudo_costs':   3'798    198'114    930'832    64'991  192'518'804    154'419'648
                  'quick_restart':   7'993    305'781  2'749'383    89'807  444'276'921    158'951'511
            'quick_restart_no_lp':   9'855    334'814  2'612'492   103'427  615'537'428    177'252'385
                  'reduced_costs':   6'535    123'281    503'101    65'498  108'515'019     53'331'006

SAT stats                           ClassicMinim  LitRemoved  LitLearned  LitForgotten  Subsumed  MClauses  MDecisions  MLitTrue  MSubsumed  MLitRemoved  MReused
                           'core':        16'136     231'864     120'348             0        47     6'607      11'520         0        107          321    1'661
                     'default_lp':       236'637   2'670'252   2'881'991     1'225'907       358    31'886     190'088         0     16'347      177'667   13'904
                          'fixed':       365'417   1'024'943   8'976'191     8'670'413     2'609         0           0         0          0            0        0
                      'fs_random':             0           0           0             0         0         0           0         0          0            0        0
                      'fs_random':             0           0           0             0         0         0           0         0          0            0        0
                      'fs_random':             0           0           0             0         0         0           0         0          0            0        0
                      'fs_random':             0           0           0             0         0         0           0         0          0            0        0
                      'fs_random':             0           0           0             0         0         0           0         0          0            0        0
                      'fs_random':             0           0           0             0         0         0           0         0          0            0        0
                      'fs_random':             0           0           0             0         0         0           0         0          0            0        0
                      'fs_random':             0           0           0             0         0         0           0         0          0            0        0
                      'fs_random':             0           0           0             0         0         0           0         0          0            0        0
                      'fs_random':             0           0           0             0         0         0           0         0          0            0        0
                      'fs_random':             0           0           0             0         0         0           0         0          0            0        0
                      'fs_random':             0           0           0             0         0         0           0         0          0            0        0
                'fs_random_no_lp':             0           0           0             0         0         0           0         0          0            0        0
                'fs_random_no_lp':             0           0           0             0         0         0           0         0          0            0        0
                'fs_random_no_lp':             0           0           0             0         0         0           0         0          0            0        0
                'fs_random_no_lp':             0           0           0             0         0         0           0         0          0            0        0
                'fs_random_no_lp':             0           0           0             0         0         0           0         0          0            0        0
                'fs_random_no_lp':             0           0           0             0         0         0           0         0          0            0        0
                'fs_random_no_lp':             0           0           0             0         0         0           0         0          0            0        0
                'fs_random_no_lp':             0           0           0             0         0         0           0         0          0            0        0
                'fs_random_no_lp':             0           0           0             0         0         0           0         0          0            0        0
                'fs_random_no_lp':             0           0           0             0         0         0           0         0          0            0        0
                'fs_random_no_lp':             0           0           0             0         0         0           0         0          0            0        0
                'fs_random_no_lp':             0           0           0             0         0         0           0         0          0            0        0
                'fs_random_no_lp':             0           0           0             0         0         0           0         0          0            0        0
        'fs_random_quick_restart':             0           0           0             0         0         0           0         0          0            0        0
        'fs_random_quick_restart':             0           0           0             0         0         0           0         0          0            0        0
        'fs_random_quick_restart':             0           0           0             0         0         0           0         0          0            0        0
        'fs_random_quick_restart':             0           0           0             0         0         0           0         0          0            0        0
        'fs_random_quick_restart':             0           0           0             0         0         0           0         0          0            0        0
        'fs_random_quick_restart':             0           0           0             0         0         0           0         0          0            0        0
        'fs_random_quick_restart':             0           0           0             0         0         0           0         0          0            0        0
        'fs_random_quick_restart':             0           0           0             0         0         0           0         0          0            0        0
        'fs_random_quick_restart':             0           0           0             0         0         0           0         0          0            0        0
        'fs_random_quick_restart':             0           0           0             0         0         0           0         0          0            0        0
        'fs_random_quick_restart':             0           0           0             0         0         0           0         0          0            0        0
        'fs_random_quick_restart':             0           0           0             0         0         0           0         0          0            0        0
  'fs_random_quick_restart_no_lp':             0           0           0             0         0         0           0         0          0            0        0
  'fs_random_quick_restart_no_lp':             0           0           0             0         0         0           0         0          0            0        0
  'fs_random_quick_restart_no_lp':             0           0           0             0         0         0           0         0          0            0        0
  'fs_random_quick_restart_no_lp':             0           0           0             0         0         0           0         0          0            0        0
  'fs_random_quick_restart_no_lp':             0           0           0             0         0         0           0         0          0            0        0
  'fs_random_quick_restart_no_lp':             0           0           0             0         0         0           0         0          0            0        0
  'fs_random_quick_restart_no_lp':             0           0           0             0         0         0           0         0          0            0        0
  'fs_random_quick_restart_no_lp':             0           0           0             0         0         0           0         0          0            0        0
  'fs_random_quick_restart_no_lp':             0           0           0             0         0         0           0         0          0            0        0
  'fs_random_quick_restart_no_lp':             0           0           0             0         0         0           0         0          0            0        0
  'fs_random_quick_restart_no_lp':             0           0           0             0         0         0           0         0          0            0        0
  'fs_random_quick_restart_no_lp':             0           0           0             0         0         0           0         0          0            0        0
                 'lb_tree_search':        12'018      50'439     343'404       113'761        89    16'093      34'962         0         57          257      749
                         'max_lp':       195'836   1'850'636   2'913'707     1'828'336       378    40'987     260'162         0     13'781      155'121   18'177
                          'no_lp':       288'677   3'177'895   3'286'017     1'869'661       504    85'397     301'914         0     25'258      214'292   87'911
            'objective_lb_search':       241'913   2'431'062   3'102'033       794'298       223   100'095     277'321         0     17'060      136'994  109'089
     'objective_lb_search_max_lp':        81'801     780'983   1'089'682       143'954       862    80'685     280'996         0      4'320       30'578   18'097
      'objective_lb_search_no_lp':       298'866   3'642'636   3'402'074     1'152'164       346   105'586     332'911         0     16'883      149'198  121'136
                        'probing':        37'635     151'796     508'997       132'775     2'215    11'769      49'581         0      1'333        9'453    2'780
                 'probing_max_lp':            32          81       2'355             0         2       154         480         0          3           19       24
                  'probing_no_lp':        87'414     433'751   1'042'008       450'078     2'838    25'185     111'374        80      5'222       37'045    6'821
                   'pseudo_costs':       187'130   1'127'408   2'227'475     1'658'216       273    66'556     337'259         0      6'201       54'020   58'386
                  'quick_restart':       255'810   1'852'370   1'101'274        74'317       557   183'706      90'250         7     14'738       46'843  284'711
            'quick_restart_no_lp':       312'255   2'320'444   1'355'611       179'615       425   130'999     151'060         6     12'936       42'278  164'799
                  'reduced_costs':       117'161     847'446   1'589'310       732'474       279    37'657     188'339         0     15'632      146'915   31'808

Lp stats                         Component  Iterations  AddedCuts     OPTIMAL  DUAL_F.  DUAL_U.
                  'default_lp':         27      30'722          0   1'361'510        0        0
                       'fixed':         27      28'068          0   2'470'304        0        0
                   'fs_random':         27          18          0          49        0        0
                   'fs_random':         27          18          0          58        0        0
     'fs_random_quick_restart':         27          18          0          25        0        0
              'lb_tree_search':          1     624'902      4'823     421'946   11'878        1
                      'max_lp':          1     861'597      1'957     501'246   13'572        3
         'objective_lb_search':         27      32'930          0   1'440'624        0        0
  'objective_lb_search_max_lp':          1     683'993      2'521     256'680   17'296        1
                     'probing':         27     105'697          0  12'816'397        6        0
              'probing_max_lp':          1     102'833      5'866      30'455    2'175        0
                'pseudo_costs':          1   1'082'955      1'859     480'652   14'391        1
               'quick_restart':         27      46'774          0   1'599'585        0        0
               'reduced_costs':          1     759'875      1'518     314'082   13'663        2

Lp dimension                      Final dimension of first component
                  'default_lp':       5 rows, 15 columns, 10 entries
                       'fixed':       6 rows, 15 columns, 12 entries
                   'fs_random':       7 rows, 15 columns, 14 entries
                   'fs_random':       7 rows, 15 columns, 14 entries
     'fs_random_quick_restart':       7 rows, 15 columns, 14 entries
              'lb_tree_search':   230 rows, 245 columns, 694 entries
                      'max_lp':   175 rows, 245 columns, 531 entries
         'objective_lb_search':       5 rows, 15 columns, 10 entries
  'objective_lb_search_max_lp':   213 rows, 245 columns, 537 entries
                     'probing':       7 rows, 15 columns, 14 entries
              'probing_max_lp':  414 rows, 245 columns, 1933 entries
                'pseudo_costs':   188 rows, 245 columns, 451 entries
               'quick_restart':       7 rows, 15 columns, 14 entries
               'reduced_costs':   215 rows, 245 columns, 596 entries

Lp debug                         CutPropag  CutEqPropag   Adjust  Overflow         Bad  BadScaling
                  'default_lp':          0            0   33'044         0           0           0
                       'fixed':          0            0        0         0           0           0
                   'fs_random':          0            0        0         0           0           0
                   'fs_random':          0            0        0         0           0           0
     'fs_random_quick_restart':          0            0        0         0           0           0
              'lb_tree_search':          0            0  189'364         0     127'717           0
                      'max_lp':          0            1  458'047         0     183'912           0
         'objective_lb_search':          0            0   24'977         0           0           0
  'objective_lb_search_max_lp':          0           42  230'020         0     395'053           0
                     'probing':          0            0        0         0           0           0
              'probing_max_lp':          0          292   32'595         0  14'268'548           0
                'pseudo_costs':          0           10  428'864         0     109'973           0
               'quick_restart':          0            0        0         0           0           0
               'reduced_costs':          0            0  307'116         0      93'370           0

Lp pool                          Constraints  Updates  Simplif  Merged  Shortened  Split  Strenghtened        Cuts/Call
                  'default_lp':          253        0       56       0          0      0             0              0/0
                       'fixed':          253        0        0       0          0      0             0              0/0
                   'fs_random':          253        0        0       0          0      0             0              0/0
                   'fs_random':          253        0        0       0          0      0             0              0/0
     'fs_random_quick_restart':          253        0        0       0          0      0             0              0/0
              'lb_tree_search':        4'920    5'864      183     156          0      0            62  4'823/5'227'393
                      'max_lp':        1'674    7'095    1'765     536          0      0             6  1'957/3'502'450
         'objective_lb_search':          253        0       13       0          0      0             0              0/0
  'objective_lb_search_max_lp':        2'419    7'765    2'020     355          0    136            27  2'521/1'986'132
                     'probing':          253        0       48       0          0      0             0              0/0
              'probing_max_lp':        5'349    9'187    3'866     770          0     41            35    5'866/456'005
                'pseudo_costs':        1'623    7'770      824     489          0      0             8  1'859/3'224'254
               'quick_restart':          253        0      124       0          0      0             0              0/0
               'reduced_costs':        1'376    6'779    1'550     395          0     54             1  1'518/1'824'793

Lp Cut                                                max_lp  reduced_costs  lb_tree_search  objective_lb_search_max_lp  pseudo_costs  probing_max_lp
                                          AffineMax:       -              -               2                           -             -               -
                                              CG_FF:       9              4               7                           6             4               1
                                               CG_K:      44             18              33                         111            43              35
                                               CG_R:     171             66             226                         186            91             252
                                            MIR_1_K:      18             14              11                          17            17              24
                                            MIR_1_R:      48             40              75                          42            35              61
                                           MIR_2_FF:       2              -               1                           -             -               2
                                            MIR_2_K:      10              6               7                           6            11               3
                                            MIR_2_R:      26              7              12                           8            19               6
                                            MIR_3_K:       6              1               3                           1             3               -
                                            MIR_3_R:      19              4              16                           4            10               5
                                            MIR_4_K:       2              3               2                           6             1               2
                                            MIR_4_R:      12              3              12                           9             6               3
                                            MIR_5_K:       4              1               5                           6             1               1
                                            MIR_5_R:      13              1               8                           7             7               2
                                            MIR_6_K:       2              -               4                           1             2               -
                                            MIR_6_R:       8              1               2                           2             1               3
                  NoOverlapCompletionTimeExhaustive:     196            122             387                         197           124             330
           NoOverlapCompletionTimeExhaustive_lifted:      85             85             272                         103            78             228
  NoOverlapCompletionTimeExhaustive_lifted_weighted:     110            110             347                         161           158             392
         NoOverlapCompletionTimeExhaustive_weighted:     267            177             490                         259           171             694
                    NoOverlapCompletionTimeQueyrane:     220            187             928                         355           220           1'282
             NoOverlapCompletionTimeQueyrane_lifted:     308            311           1'500                         552           367           1'688
                        NoOverlapDetectedPrecedence:       5              2              14                           -             3               2
                          NoOverlapDisjunctionOnEnd:       -              -              77                          23             -               2
                        NoOverlapDisjunctionOnStart:     321            301             311                         357           439             419
                                        ZERO_HALF_K:       -              -               1                           -             -               -
                                        ZERO_HALF_R:      51             54              70                         102            48             429

LNS stats                             Improv/Calls  Closed  Difficulty  TimeLimit
                    'graph_arc_lns':        8/1561     50%    7.23e-01       0.18
                    'graph_cst_lns':       23/1431     50%    7.99e-01       0.17
                    'graph_dec_lns':       21/1589     49%    6.30e-01       0.18
                    'graph_var_lns':        6/1581     50%    6.37e-01       0.18
                     'lb_relax_lns':         4/576     50%    1.52e-01       0.62
                        'rins/rens':      275/1842     50%    5.41e-01       0.11
                      'rnd_cst_lns':        9/1467     50%    8.31e-01       0.17
                      'rnd_var_lns':       12/1565     50%    7.80e-01       0.18
         'scheduling_intervals_lns':        2/1262     49%    7.73e-02       0.16
       'scheduling_precedences_lns':        4/1168     50%    1.38e-01       0.15
  'scheduling_resource_windows_lns':        3/1008      0%    2.55e-26       0.15
       'scheduling_time_window_lns':        4/1213     49%    1.27e-01       0.16

LS stats                                    Batches  Restarts/Perturbs  LinMoves    GenMoves  CompoundMoves  Bactracks  WeightUpdates  ScoreComputed
                            'ls_compound':    3'446                 58    15'295   3'568'297        171'560  1'154'126        279'545  1'067'608'151
                         'ls_lin_restart':    4'999                775    39'936   1'796'825              0          0      2'727'837  1'305'507'365
                'ls_lin_restart_compound':    3'503                866         0   3'329'054        235'760  1'545'158         27'371  1'148'352'306
        'ls_lin_restart_compound_perturb':    4'261                785         0   4'310'772        237'995  2'034'740         27'373  1'412'907'558
                   'ls_lin_restart_decay':    3'378                863    43'337   3'635'101              0          0        203'142  1'029'274'261
          'ls_lin_restart_decay_compound':    5'331                843         0   6'084'253        526'602  2'776'920         18'060  1'726'486'892
  'ls_lin_restart_decay_compound_perturb':    4'838                841         0   5'408'581        479'083  2'462'968         18'016  1'570'656'583
           'ls_lin_restart_decay_perturb':    4'623                811    58'511   4'950'665              0          0        260'371  1'413'033'591
                 'ls_lin_restart_perturb':    3'899                863    33'374   1'825'013              0          0      1'718'687  1'075'991'843
                             'ls_restart':    8'987              1'460    73'425   3'426'627              0          0      4'997'600  2'375'689'302
                    'ls_restart_compound':    8'882              1'438         0   8'902'741        438'325  4'229'328         53'828  2'928'045'610
            'ls_restart_compound_perturb':    7'558              1'366         0   7'613'570        400'408  3'603'847         46'075  2'486'316'437
                       'ls_restart_decay':    6'719              1'500    82'700   7'208'477              0          0        395'058  2'051'620'478
              'ls_restart_decay_compound':   10'961              1'494         0  12'687'128      1'115'378  5'782'385         32'799  3'546'844'477
      'ls_restart_decay_compound_perturb':    6'894              1'478         0   7'559'991        679'030  3'437'415         30'637  2'238'475'986
               'ls_restart_decay_perturb':    6'035              1'422    74'925   6'478'496              0          0        356'730  1'842'007'378
                     'ls_restart_perturb':    6'837              1'467    59'500   3'105'347              0          0      3'087'999  1'874'663'759

Solutions (154)                             Num       Rank
                                  'fixed':    1      [2,2]
                          'graph_arc_lns':    2    [13,14]
                          'graph_cst_lns':    1  [151,151]
                          'graph_dec_lns':    9    [8,153]
                          'graph_var_lns':    1      [9,9]
                            'ls_compound':    1    [75,75]
                    'ls_compound_perturb':    1    [81,81]
              'ls_decay_compound_perturb':    1    [83,83]
                'ls_lin_restart_compound':    7    [18,67]
        'ls_lin_restart_compound_perturb':    9   [26,120]
                   'ls_lin_restart_decay':    6   [32,146]
          'ls_lin_restart_decay_compound':   12   [34,130]
  'ls_lin_restart_decay_compound_perturb':    4    [24,63]
           'ls_lin_restart_decay_perturb':    2   [73,149]
                 'ls_lin_restart_perturb':    2   [47,144]
                             'ls_restart':    4   [56,142]
                    'ls_restart_compound':   13    [7,136]
            'ls_restart_compound_perturb':   11    [6,140]
                       'ls_restart_decay':    2    [46,51]
              'ls_restart_decay_compound':   19   [11,141]
      'ls_restart_decay_compound_perturb':   16    [5,139]
               'ls_restart_decay_perturb':    4  [108,119]
                     'ls_restart_perturb':    2   [45,121]
              'objective_lb_search_no_lp':    1      [3,3]
                          'quick_restart':    6   [22,128]
                    'quick_restart_no_lp':   12    [1,154]
                            'rnd_cst_lns':    1    [17,17]
                            'rnd_var_lns':    4     [4,76]

Objective bounds                 Num
              'initial_domain':    1
                      'max_lp':    6
  'objective_lb_search_max_lp':  172

Solution repositories     Added  Queried  Synchro
  'feasible solutions':  16'924   53'294    9'690
   'fj solution hints':       0        0        0
        'lp solutions':   7'770    1'072    7'461
                'pump':   5'642    1'014

Improving bounds shared            Num  Sym
                  'default_lp':    254    0
                       'fixed':    756    0
              'lb_tree_search':  3'508    0
                      'max_lp':  5'718    0
                       'no_lp':    245    0
         'objective_lb_search':    249    0
  'objective_lb_search_max_lp':  1'205    0
   'objective_lb_search_no_lp':    522    0
                     'probing':    325    0
              'probing_max_lp':  2'713    0
               'probing_no_lp':  1'004    0
                'pseudo_costs':  1'984    0
               'quick_restart':    117    0
         'quick_restart_no_lp':    950    0
               'reduced_costs':  1'291    0

CpSolverResponse summary:
status: FEASIBLE
objective: 18596
best_bound: 18435
integers: 246
booleans: 28
conflicts: 0
branches: 28
propagations: 0
integer_propagations: 350
restarts: 0
lp_iterations: 0
walltime: 133.583
usertime: 133.583
deterministic_time: 12559.9
gap_integral: 71076.7
solution_fingerprint: 0xab3962efc55168e0

