
Starting CP-SAT solver v9.14.6206
Parameters: max_time_in_seconds: 300 log_search_progress: true num_search_workers: 104 relative_gap_limit: 0.005

Initial optimization model '': (model_fingerprint: 0x3e498de89cf6af01)
#Variables: 461 (#ints: 55 in objective) (382 primary variables)
  - 79 in [0,15023]
  - 62 in [1440,15023]
  - 320 in [2880,15023]
#kInterval: 195 (#fixed: 4)
#kLinMax: 79 (#expressions: 158)
#kLinear1: 24
#kLinear2: 167
#kNoOverlap: 10 (#intervals: 195, #fixed_intervals: 4)

Starting presolve at 0.00s
  6.39e-05s  0.00e+00d  [DetectDominanceRelations] 
  1.72e-03s  0.00e+00d  [PresolveToFixPoint] #num_loops=10 #num_dual_strengthening=1 
  2.21e-06s  0.00e+00d  [ExtractEncodingFromLinear] 
  1.05e-05s  0.00e+00d  [DetectDuplicateColumns] 
  5.68e-05s  0.00e+00d  [DetectDuplicateConstraints] 
[Symmetry] Graph for symmetry has 1'039 nodes and 948 arcs.
[Symmetry] Symmetry computation done. time: 7.4775e-05 dtime: 0.00011514
  6.29e-05s  0.00e+00d  [DetectDuplicateConstraintsWithDifferentEnforcements] 
  4.45e-04s  5.15e-06d  [Probe] #new_bounds=27 
  1.82e-06s  0.00e+00d  [MaxClique] 
  5.86e-05s  0.00e+00d  [DetectDominanceRelations] 
  3.69e-04s  0.00e+00d  [PresolveToFixPoint] #num_loops=2 #num_dual_strengthening=1 
  2.56e-05s  0.00e+00d  [ProcessAtMostOneAndLinear] 
  5.19e-05s  0.00e+00d  [DetectDuplicateConstraints] 
  5.01e-05s  0.00e+00d  [DetectDuplicateConstraintsWithDifferentEnforcements] 
  2.23e-05s  1.13e-06d  [DetectDominatedLinearConstraints] #relevant_constraints=189 
  2.62e-05s  0.00e+00d  [DetectDifferentVariables] 
  2.13e-06s  0.00e+00d  [ProcessSetPPC] 
  2.41e-06s  0.00e+00d  [FindAlmostIdenticalLinearConstraints] 
  1.02e-05s  0.00e+00d  [FindBigAtMostOneAndLinearOverlap] 
  1.37e-05s  6.89e-06d  [FindBigVerticalLinearOverlap] 
  2.11e-06s  0.00e+00d  [FindBigHorizontalLinearOverlap] 
  1.49e-06s  0.00e+00d  [MergeClauses] 
  5.56e-05s  0.00e+00d  [DetectDominanceRelations] 
  3.04e-04s  0.00e+00d  [PresolveToFixPoint] #num_loops=1 #num_dual_strengthening=1 
  5.33e-05s  0.00e+00d  [DetectDominanceRelations] 
  3.02e-04s  0.00e+00d  [PresolveToFixPoint] #num_loops=1 #num_dual_strengthening=1 
  9.20e-06s  0.00e+00d  [DetectDuplicateColumns] 
  5.04e-05s  0.00e+00d  [DetectDuplicateConstraints] 
[Symmetry] Graph for symmetry has 1'035 nodes and 944 arcs.
[Symmetry] Symmetry computation done. time: 6.3901e-05 dtime: 0.00011482
  5.23e-05s  0.00e+00d  [DetectDuplicateConstraintsWithDifferentEnforcements] 
  3.69e-04s  1.87e-06d  [Probe] 
  1.49e-06s  0.00e+00d  [MaxClique] 
  5.59e-05s  0.00e+00d  [DetectDominanceRelations] 
  3.15e-04s  0.00e+00d  [PresolveToFixPoint] #num_loops=1 #num_dual_strengthening=1 
  2.37e-05s  0.00e+00d  [ProcessAtMostOneAndLinear] 
  5.11e-05s  0.00e+00d  [DetectDuplicateConstraints] 
  5.09e-05s  0.00e+00d  [DetectDuplicateConstraintsWithDifferentEnforcements] 
  2.18e-05s  1.13e-06d  [DetectDominatedLinearConstraints] #relevant_constraints=189 
  2.46e-05s  0.00e+00d  [DetectDifferentVariables] 
  1.93e-06s  0.00e+00d  [ProcessSetPPC] 
  2.32e-06s  0.00e+00d  [FindAlmostIdenticalLinearConstraints] 
  1.03e-05s  0.00e+00d  [FindBigAtMostOneAndLinearOverlap] 
  1.36e-05s  6.89e-06d  [FindBigVerticalLinearOverlap] 
  1.85e-06s  0.00e+00d  [FindBigHorizontalLinearOverlap] 
  1.42e-06s  0.00e+00d  [MergeClauses] 
  5.42e-05s  0.00e+00d  [DetectDominanceRelations] 
  3.00e-04s  0.00e+00d  [PresolveToFixPoint] #num_loops=1 #num_dual_strengthening=1 
  1.30e-05s  0.00e+00d  [ExpandObjective] 

Presolve summary:
  - 224 affine relations were detected.
  - rule 'TODO dual: only one blocking constraint?' was applied 276 times.
  - rule 'TODO dual: only one unspecified blocking constraint?' was applied 132 times.
  - rule 'affine: new relation' was applied 224 times.
  - rule 'intervals: removed unused interval' was applied 4 times.
  - rule 'lin_max: converted abs to equality' was applied 31 times.
  - rule 'lin_max: converted to equality' was applied 4 times.
  - rule 'lin_max: propagate domain from x to abs(x)' was applied 31 times.
  - rule 'lin_max: removed exprs' was applied 4 times.
  - rule 'lin_max: rewrite with precedences' was applied 22 times.
  - rule 'lin_max: target domain reduced' was applied 48 times.
  - rule 'lin_max: unused affine target' was applied 22 times.
  - rule 'linear1: x in domain' was applied 16 times.
  - rule 'linear: always true' was applied 32 times.
  - rule 'linear: fixed or dup variables' was applied 2 times.
  - rule 'linear: reduced variable domains' was applied 988 times.
  - rule 'linear: remapped using affine relations' was applied 468 times.
  - rule 'no_overlap: split into disjoint components' was applied 4 times.
  - rule 'presolve: 2 unused variables removed.' was applied 1 time.
  - rule 'presolve: iteration' was applied 2 times.

Presolved optimization model '': (model_fingerprint: 0x4eda25d59823ff38)
#Variables: 213 (#ints: 53 in objective) (191 primary variables)
  - 178 different domains in [0,15002] with a largest complexity of 1.
#kInterval: 191
#kLinear2: 189
#kNoOverlap: 10 (#intervals: 191)
[Symmetry] Graph for symmetry has 787 nodes and 944 arcs.
[Symmetry] Symmetry computation done. time: 5.571e-05 dtime: 9.994e-05

Preloading model.
#Bound   0.01s best:inf   next:[10868,1365430] initial_domain
#Model   0.01s var:213/213 constraints:390/390

Starting search at 0.01s with 104 workers.
18 full problem subsolvers: [core, default_lp, fixed, lb_tree_search, max_lp, no_lp, objective_lb_search, objective_lb_search_max_lp, objective_lb_search_no_lp, objective_shaving_max_lp, objective_shaving_no_lp, probing, probing_max_lp, probing_no_lp, pseudo_costs, quick_restart, quick_restart_no_lp, reduced_costs]
86 first solution subsolvers: [fj(25), fj_lin(12), fs_random(12), fs_random_no_lp(13), fs_random_quick_restart(12), fs_random_quick_restart_no_lp(12)]
45 interleaved subsolvers: [feasibility_pump, graph_arc_lns, graph_cst_lns, graph_dec_lns, graph_var_lns, lb_relax_lns, ls(19), ls_lin(10), rins/rens, rnd_cst_lns, rnd_var_lns, scheduling_intervals_lns, scheduling_precedences_lns, scheduling_resource_windows_lns, scheduling_time_window_lns, variables_shaving, variables_shaving_max_lp, variables_shaving_no_lp]
3 helper subsolvers: [neighborhood_helper, synchronization_agent, update_gap_integral]

#1       0.01s best:20735 next:[10868,20734] no_lp
#Bound   0.02s best:20735 next:[11003,20734] pseudo_costs
#2       0.02s best:13419 next:[11003,13418] core
#Bound   0.02s best:13419 next:[11183,13418] objective_lb_search_no_lp
#Bound   0.02s best:13419 next:[11185,13418] objective_lb_search_no_lp
#Bound   0.02s best:13419 next:[11482,13418] max_lp
#3       0.02s best:13050 next:[11482,13049] rnd_cst_lns (d=5.00e-01 s=22 t=0.10 p=0.00 stall=0 h=base)
#4       0.02s best:12450 next:[11482,12449] ls_restart_perturb(batch:1 lin{mvs:8 evals:51} gen{mvs:10 evals:81} #w_updates:1 #perturb:0)
#5       0.02s best:12418 next:[11482,12417] graph_arc_lns (d=5.00e-01 s=24 t=0.10 p=0.00 stall=0 h=base) [combined with: ls_restart_perturb(b...]
#Bound   0.03s best:12418 next:[11677,12417] max_lp
#6       0.03s best:12415 next:[11677,12414] ls_restart_decay(batch:1 lin{mvs:7 evals:147} gen{mvs:115 evals:932} #w_updates:65 #perturb:0)
#7       0.03s best:12408 next:[11677,12407] objective_lb_search_no_lp
#Bound   0.03s best:12408 next:[11681,12407] max_lp
#8       0.04s best:12407 next:[11681,12406] rnd_var_lns (d=7.07e-01 s=66 t=0.10 p=1.00 stall=1 h=base)
#9       0.04s best:12186 next:[11681,12185] graph_var_lns (d=5.00e-01 s=23 t=0.10 p=0.00 stall=0 h=base) [combined with: ls_restart_decay(bat...]
#10      0.05s best:12165 next:[11681,12164] graph_arc_lns (d=7.07e-01 s=106 t=0.10 p=1.00 stall=0 h=base)
#11      0.06s best:12086 next:[11681,12085] rnd_var_lns (d=8.14e-01 s=142 t=0.10 p=1.00 stall=0 h=base)
#12      0.06s best:12047 next:[11681,12046] rins_pump_lns (d=5.00e-01 s=120 t=0.10 p=0.00 stall=0 h=base)
#13      0.06s best:11831 next:[11681,11830] rins_pump_lns (d=8.14e-01 s=141 t=0.10 p=1.00 stall=2 h=base)
#Bound   0.10s best:11831 next:[11692,11830] max_lp
#Done    0.11s fixed
#Done    0.11s core

Task timing                                  n [     min,      max]      avg      dev     time         n [     min,      max]      avg      dev    dtime
                             'core':         1 [ 96.62ms,  96.62ms]  96.62ms   0.00ns  96.62ms         1 [  8.43ms,   8.43ms]   8.43ms   0.00ns   8.43ms
                       'default_lp':         1 [ 97.53ms,  97.53ms]  97.53ms   0.00ns  97.53ms         1 [ 20.92ms,  20.92ms]  20.92ms   0.00ns  20.92ms
                 'feasibility_pump':       179 [ 64.11us, 799.65us] 120.03us  76.11us  21.48ms       177 [ 27.91us, 183.38us]  28.94us  11.83us   5.12ms
                            'fixed':         1 [ 95.70ms,  95.70ms]  95.70ms   0.00ns  95.70ms         1 [ 16.34ms,  16.34ms]  16.34ms   0.00ns  16.34ms
                               'fj':         0 [  0.00ns,   0.00ns]   0.00ns   0.00ns   0.00ns         0 [  0.00ns,   0.00ns]   0.00ns   0.00ns   0.00ns
                               'fj':         0 [  0.00ns,   0.00ns]   0.00ns   0.00ns   0.00ns         0 [  0.00ns,   0.00ns]   0.00ns   0.00ns   0.00ns
                               'fj':         0 [  0.00ns,   0.00ns]   0.00ns   0.00ns   0.00ns         0 [  0.00ns,   0.00ns]   0.00ns   0.00ns   0.00ns
                               'fj':         0 [  0.00ns,   0.00ns]   0.00ns   0.00ns   0.00ns         0 [  0.00ns,   0.00ns]   0.00ns   0.00ns   0.00ns
                               'fj':         0 [  0.00ns,   0.00ns]   0.00ns   0.00ns   0.00ns         0 [  0.00ns,   0.00ns]   0.00ns   0.00ns   0.00ns
                               'fj':         0 [  0.00ns,   0.00ns]   0.00ns   0.00ns   0.00ns         0 [  0.00ns,   0.00ns]   0.00ns   0.00ns   0.00ns
                               'fj':         0 [  0.00ns,   0.00ns]   0.00ns   0.00ns   0.00ns         0 [  0.00ns,   0.00ns]   0.00ns   0.00ns   0.00ns
                               'fj':         0 [  0.00ns,   0.00ns]   0.00ns   0.00ns   0.00ns         0 [  0.00ns,   0.00ns]   0.00ns   0.00ns   0.00ns
                               'fj':         0 [  0.00ns,   0.00ns]   0.00ns   0.00ns   0.00ns         0 [  0.00ns,   0.00ns]   0.00ns   0.00ns   0.00ns
                               'fj':         0 [  0.00ns,   0.00ns]   0.00ns   0.00ns   0.00ns         0 [  0.00ns,   0.00ns]   0.00ns   0.00ns   0.00ns
                               'fj':         0 [  0.00ns,   0.00ns]   0.00ns   0.00ns   0.00ns         0 [  0.00ns,   0.00ns]   0.00ns   0.00ns   0.00ns
                               'fj':         0 [  0.00ns,   0.00ns]   0.00ns   0.00ns   0.00ns         0 [  0.00ns,   0.00ns]   0.00ns   0.00ns   0.00ns
                               'fj':         0 [  0.00ns,   0.00ns]   0.00ns   0.00ns   0.00ns         0 [  0.00ns,   0.00ns]   0.00ns   0.00ns   0.00ns
                               'fj':         0 [  0.00ns,   0.00ns]   0.00ns   0.00ns   0.00ns         0 [  0.00ns,   0.00ns]   0.00ns   0.00ns   0.00ns
                               'fj':         0 [  0.00ns,   0.00ns]   0.00ns   0.00ns   0.00ns         0 [  0.00ns,   0.00ns]   0.00ns   0.00ns   0.00ns
                               'fj':         0 [  0.00ns,   0.00ns]   0.00ns   0.00ns   0.00ns         0 [  0.00ns,   0.00ns]   0.00ns   0.00ns   0.00ns
                               'fj':         0 [  0.00ns,   0.00ns]   0.00ns   0.00ns   0.00ns         0 [  0.00ns,   0.00ns]   0.00ns   0.00ns   0.00ns
                               'fj':         0 [  0.00ns,   0.00ns]   0.00ns   0.00ns   0.00ns         0 [  0.00ns,   0.00ns]   0.00ns   0.00ns   0.00ns
                               'fj':         0 [  0.00ns,   0.00ns]   0.00ns   0.00ns   0.00ns         0 [  0.00ns,   0.00ns]   0.00ns   0.00ns   0.00ns
                               'fj':         0 [  0.00ns,   0.00ns]   0.00ns   0.00ns   0.00ns         0 [  0.00ns,   0.00ns]   0.00ns   0.00ns   0.00ns
                               'fj':         0 [  0.00ns,   0.00ns]   0.00ns   0.00ns   0.00ns         0 [  0.00ns,   0.00ns]   0.00ns   0.00ns   0.00ns
                               'fj':         0 [  0.00ns,   0.00ns]   0.00ns   0.00ns   0.00ns         0 [  0.00ns,   0.00ns]   0.00ns   0.00ns   0.00ns
                               'fj':         0 [  0.00ns,   0.00ns]   0.00ns   0.00ns   0.00ns         0 [  0.00ns,   0.00ns]   0.00ns   0.00ns   0.00ns
                               'fj':         0 [  0.00ns,   0.00ns]   0.00ns   0.00ns   0.00ns         0 [  0.00ns,   0.00ns]   0.00ns   0.00ns   0.00ns
                               'fj':         0 [  0.00ns,   0.00ns]   0.00ns   0.00ns   0.00ns         0 [  0.00ns,   0.00ns]   0.00ns   0.00ns   0.00ns
                           'fj_lin':         0 [  0.00ns,   0.00ns]   0.00ns   0.00ns   0.00ns         0 [  0.00ns,   0.00ns]   0.00ns   0.00ns   0.00ns
                           'fj_lin':         0 [  0.00ns,   0.00ns]   0.00ns   0.00ns   0.00ns         0 [  0.00ns,   0.00ns]   0.00ns   0.00ns   0.00ns
                           'fj_lin':         0 [  0.00ns,   0.00ns]   0.00ns   0.00ns   0.00ns         0 [  0.00ns,   0.00ns]   0.00ns   0.00ns   0.00ns
                           'fj_lin':         0 [  0.00ns,   0.00ns]   0.00ns   0.00ns   0.00ns         0 [  0.00ns,   0.00ns]   0.00ns   0.00ns   0.00ns
                           'fj_lin':         0 [  0.00ns,   0.00ns]   0.00ns   0.00ns   0.00ns         0 [  0.00ns,   0.00ns]   0.00ns   0.00ns   0.00ns
                           'fj_lin':         0 [  0.00ns,   0.00ns]   0.00ns   0.00ns   0.00ns         0 [  0.00ns,   0.00ns]   0.00ns   0.00ns   0.00ns
                           'fj_lin':         0 [  0.00ns,   0.00ns]   0.00ns   0.00ns   0.00ns         0 [  0.00ns,   0.00ns]   0.00ns   0.00ns   0.00ns
                           'fj_lin':         0 [  0.00ns,   0.00ns]   0.00ns   0.00ns   0.00ns         0 [  0.00ns,   0.00ns]   0.00ns   0.00ns   0.00ns
                           'fj_lin':         0 [  0.00ns,   0.00ns]   0.00ns   0.00ns   0.00ns         0 [  0.00ns,   0.00ns]   0.00ns   0.00ns   0.00ns
                           'fj_lin':         0 [  0.00ns,   0.00ns]   0.00ns   0.00ns   0.00ns         0 [  0.00ns,   0.00ns]   0.00ns   0.00ns   0.00ns
                           'fj_lin':         0 [  0.00ns,   0.00ns]   0.00ns   0.00ns   0.00ns         0 [  0.00ns,   0.00ns]   0.00ns   0.00ns   0.00ns
                           'fj_lin':         0 [  0.00ns,   0.00ns]   0.00ns   0.00ns   0.00ns         0 [  0.00ns,   0.00ns]   0.00ns   0.00ns   0.00ns
                        'fs_random':         0 [  0.00ns,   0.00ns]   0.00ns   0.00ns   0.00ns         0 [  0.00ns,   0.00ns]   0.00ns   0.00ns   0.00ns
                        'fs_random':         0 [  0.00ns,   0.00ns]   0.00ns   0.00ns   0.00ns         0 [  0.00ns,   0.00ns]   0.00ns   0.00ns   0.00ns
                        'fs_random':         0 [  0.00ns,   0.00ns]   0.00ns   0.00ns   0.00ns         0 [  0.00ns,   0.00ns]   0.00ns   0.00ns   0.00ns
                        'fs_random':         0 [  0.00ns,   0.00ns]   0.00ns   0.00ns   0.00ns         0 [  0.00ns,   0.00ns]   0.00ns   0.00ns   0.00ns
                        'fs_random':         0 [  0.00ns,   0.00ns]   0.00ns   0.00ns   0.00ns         0 [  0.00ns,   0.00ns]   0.00ns   0.00ns   0.00ns
                        'fs_random':         0 [  0.00ns,   0.00ns]   0.00ns   0.00ns   0.00ns         0 [  0.00ns,   0.00ns]   0.00ns   0.00ns   0.00ns
                        'fs_random':         0 [  0.00ns,   0.00ns]   0.00ns   0.00ns   0.00ns         0 [  0.00ns,   0.00ns]   0.00ns   0.00ns   0.00ns
                        'fs_random':         0 [  0.00ns,   0.00ns]   0.00ns   0.00ns   0.00ns         0 [  0.00ns,   0.00ns]   0.00ns   0.00ns   0.00ns
                        'fs_random':         0 [  0.00ns,   0.00ns]   0.00ns   0.00ns   0.00ns         0 [  0.00ns,   0.00ns]   0.00ns   0.00ns   0.00ns
                        'fs_random':         0 [  0.00ns,   0.00ns]   0.00ns   0.00ns   0.00ns         0 [  0.00ns,   0.00ns]   0.00ns   0.00ns   0.00ns
                        'fs_random':         0 [  0.00ns,   0.00ns]   0.00ns   0.00ns   0.00ns         0 [  0.00ns,   0.00ns]   0.00ns   0.00ns   0.00ns
                        'fs_random':         0 [  0.00ns,   0.00ns]   0.00ns   0.00ns   0.00ns         0 [  0.00ns,   0.00ns]   0.00ns   0.00ns   0.00ns
                  'fs_random_no_lp':         0 [  0.00ns,   0.00ns]   0.00ns   0.00ns   0.00ns         0 [  0.00ns,   0.00ns]   0.00ns   0.00ns   0.00ns
                  'fs_random_no_lp':         0 [  0.00ns,   0.00ns]   0.00ns   0.00ns   0.00ns         0 [  0.00ns,   0.00ns]   0.00ns   0.00ns   0.00ns
                  'fs_random_no_lp':         0 [  0.00ns,   0.00ns]   0.00ns   0.00ns   0.00ns         0 [  0.00ns,   0.00ns]   0.00ns   0.00ns   0.00ns
                  'fs_random_no_lp':         0 [  0.00ns,   0.00ns]   0.00ns   0.00ns   0.00ns         0 [  0.00ns,   0.00ns]   0.00ns   0.00ns   0.00ns
                  'fs_random_no_lp':         0 [  0.00ns,   0.00ns]   0.00ns   0.00ns   0.00ns         0 [  0.00ns,   0.00ns]   0.00ns   0.00ns   0.00ns
                  'fs_random_no_lp':         0 [  0.00ns,   0.00ns]   0.00ns   0.00ns   0.00ns         0 [  0.00ns,   0.00ns]   0.00ns   0.00ns   0.00ns
                  'fs_random_no_lp':         0 [  0.00ns,   0.00ns]   0.00ns   0.00ns   0.00ns         0 [  0.00ns,   0.00ns]   0.00ns   0.00ns   0.00ns
                  'fs_random_no_lp':         0 [  0.00ns,   0.00ns]   0.00ns   0.00ns   0.00ns         0 [  0.00ns,   0.00ns]   0.00ns   0.00ns   0.00ns
                  'fs_random_no_lp':         0 [  0.00ns,   0.00ns]   0.00ns   0.00ns   0.00ns         0 [  0.00ns,   0.00ns]   0.00ns   0.00ns   0.00ns
                  'fs_random_no_lp':         0 [  0.00ns,   0.00ns]   0.00ns   0.00ns   0.00ns         0 [  0.00ns,   0.00ns]   0.00ns   0.00ns   0.00ns
                  'fs_random_no_lp':         0 [  0.00ns,   0.00ns]   0.00ns   0.00ns   0.00ns         0 [  0.00ns,   0.00ns]   0.00ns   0.00ns   0.00ns
                  'fs_random_no_lp':         0 [  0.00ns,   0.00ns]   0.00ns   0.00ns   0.00ns         0 [  0.00ns,   0.00ns]   0.00ns   0.00ns   0.00ns
                  'fs_random_no_lp':         0 [  0.00ns,   0.00ns]   0.00ns   0.00ns   0.00ns         0 [  0.00ns,   0.00ns]   0.00ns   0.00ns   0.00ns
          'fs_random_quick_restart':         0 [  0.00ns,   0.00ns]   0.00ns   0.00ns   0.00ns         0 [  0.00ns,   0.00ns]   0.00ns   0.00ns   0.00ns
          'fs_random_quick_restart':         0 [  0.00ns,   0.00ns]   0.00ns   0.00ns   0.00ns         0 [  0.00ns,   0.00ns]   0.00ns   0.00ns   0.00ns
          'fs_random_quick_restart':         0 [  0.00ns,   0.00ns]   0.00ns   0.00ns   0.00ns         0 [  0.00ns,   0.00ns]   0.00ns   0.00ns   0.00ns
          'fs_random_quick_restart':         0 [  0.00ns,   0.00ns]   0.00ns   0.00ns   0.00ns         0 [  0.00ns,   0.00ns]   0.00ns   0.00ns   0.00ns
          'fs_random_quick_restart':         0 [  0.00ns,   0.00ns]   0.00ns   0.00ns   0.00ns         0 [  0.00ns,   0.00ns]   0.00ns   0.00ns   0.00ns
          'fs_random_quick_restart':         0 [  0.00ns,   0.00ns]   0.00ns   0.00ns   0.00ns         0 [  0.00ns,   0.00ns]   0.00ns   0.00ns   0.00ns
          'fs_random_quick_restart':         0 [  0.00ns,   0.00ns]   0.00ns   0.00ns   0.00ns         0 [  0.00ns,   0.00ns]   0.00ns   0.00ns   0.00ns
          'fs_random_quick_restart':         0 [  0.00ns,   0.00ns]   0.00ns   0.00ns   0.00ns         0 [  0.00ns,   0.00ns]   0.00ns   0.00ns   0.00ns
          'fs_random_quick_restart':         0 [  0.00ns,   0.00ns]   0.00ns   0.00ns   0.00ns         0 [  0.00ns,   0.00ns]   0.00ns   0.00ns   0.00ns
          'fs_random_quick_restart':         0 [  0.00ns,   0.00ns]   0.00ns   0.00ns   0.00ns         0 [  0.00ns,   0.00ns]   0.00ns   0.00ns   0.00ns
          'fs_random_quick_restart':         0 [  0.00ns,   0.00ns]   0.00ns   0.00ns   0.00ns         0 [  0.00ns,   0.00ns]   0.00ns   0.00ns   0.00ns
          'fs_random_quick_restart':         0 [  0.00ns,   0.00ns]   0.00ns   0.00ns   0.00ns         0 [  0.00ns,   0.00ns]   0.00ns   0.00ns   0.00ns
    'fs_random_quick_restart_no_lp':         0 [  0.00ns,   0.00ns]   0.00ns   0.00ns   0.00ns         0 [  0.00ns,   0.00ns]   0.00ns   0.00ns   0.00ns
    'fs_random_quick_restart_no_lp':         0 [  0.00ns,   0.00ns]   0.00ns   0.00ns   0.00ns         0 [  0.00ns,   0.00ns]   0.00ns   0.00ns   0.00ns
    'fs_random_quick_restart_no_lp':         0 [  0.00ns,   0.00ns]   0.00ns   0.00ns   0.00ns         0 [  0.00ns,   0.00ns]   0.00ns   0.00ns   0.00ns
    'fs_random_quick_restart_no_lp':         0 [  0.00ns,   0.00ns]   0.00ns   0.00ns   0.00ns         0 [  0.00ns,   0.00ns]   0.00ns   0.00ns   0.00ns
    'fs_random_quick_restart_no_lp':         0 [  0.00ns,   0.00ns]   0.00ns   0.00ns   0.00ns         0 [  0.00ns,   0.00ns]   0.00ns   0.00ns   0.00ns
    'fs_random_quick_restart_no_lp':         0 [  0.00ns,   0.00ns]   0.00ns   0.00ns   0.00ns         0 [  0.00ns,   0.00ns]   0.00ns   0.00ns   0.00ns
    'fs_random_quick_restart_no_lp':         0 [  0.00ns,   0.00ns]   0.00ns   0.00ns   0.00ns         0 [  0.00ns,   0.00ns]   0.00ns   0.00ns   0.00ns
    'fs_random_quick_restart_no_lp':         0 [  0.00ns,   0.00ns]   0.00ns   0.00ns   0.00ns         0 [  0.00ns,   0.00ns]   0.00ns   0.00ns   0.00ns
    'fs_random_quick_restart_no_lp':         0 [  0.00ns,   0.00ns]   0.00ns   0.00ns   0.00ns         0 [  0.00ns,   0.00ns]   0.00ns   0.00ns   0.00ns
    'fs_random_quick_restart_no_lp':         0 [  0.00ns,   0.00ns]   0.00ns   0.00ns   0.00ns         0 [  0.00ns,   0.00ns]   0.00ns   0.00ns   0.00ns
    'fs_random_quick_restart_no_lp':         0 [  0.00ns,   0.00ns]   0.00ns   0.00ns   0.00ns         0 [  0.00ns,   0.00ns]   0.00ns   0.00ns   0.00ns
    'fs_random_quick_restart_no_lp':         0 [  0.00ns,   0.00ns]   0.00ns   0.00ns   0.00ns         0 [  0.00ns,   0.00ns]   0.00ns   0.00ns   0.00ns
                    'graph_arc_lns':         8 [  3.64ms,  79.79ms]  36.69ms  26.64ms 293.49ms         8 [127.86us,   8.51ms]   3.61ms   2.92ms  28.87ms
                    'graph_cst_lns':         9 [  4.58ms,  67.50ms]  25.07ms  23.74ms 225.59ms         9 [ 50.63us,   6.54ms]   2.01ms   2.52ms  18.13ms
                    'graph_dec_lns':        11 [  4.05ms,  38.54ms]  16.11ms  11.10ms 177.16ms        10 [  2.11us,   2.14ms] 776.92us 791.80us   7.77ms
                    'graph_var_lns':         6 [  6.23ms,  73.10ms]  48.91ms  26.45ms 293.48ms         6 [202.08us,   6.42ms]   4.24ms   2.09ms  25.46ms
                     'lb_relax_lns':         6 [186.44us,  92.24ms]  49.70ms  36.22ms 298.20ms         4 [  3.60ms,   6.64ms]   5.20ms   1.08ms  20.79ms
                   'lb_tree_search':         1 [102.84ms, 102.84ms] 102.84ms   0.00ns 102.84ms         0 [  0.00ns,   0.00ns]   0.00ns   0.00ns   0.00ns
                               'ls':         2 [ 30.97ms,  52.33ms]  41.65ms  10.68ms  83.30ms         2 [ 53.26ms, 100.03ms]  76.65ms  23.38ms 153.30ms
                               'ls':         2 [ 32.95ms,  52.82ms]  42.88ms   9.93ms  85.77ms         2 [ 53.63ms, 100.04ms]  76.83ms  23.21ms 153.67ms
                               'ls':         2 [ 36.60ms,  50.26ms]  43.43ms   6.83ms  86.86ms         2 [ 70.55ms, 100.07ms]  85.31ms  14.76ms 170.62ms
                               'ls':         2 [ 37.54ms,  52.30ms]  44.92ms   7.38ms  89.84ms         2 [ 55.09ms, 100.04ms]  77.56ms  22.47ms 155.13ms
                               'ls':         2 [ 37.56ms,  49.01ms]  43.28ms   5.72ms  86.56ms         2 [ 75.89ms,  93.80ms]  84.85ms   8.96ms 169.69ms
                               'ls':         2 [ 40.95ms,  48.86ms]  44.90ms   3.95ms  89.81ms         2 [ 63.91ms, 100.05ms]  81.98ms  18.07ms 163.97ms
                               'ls':         2 [ 41.75ms,  45.73ms]  43.74ms   1.99ms  87.48ms         2 [ 86.70ms, 100.01ms]  93.36ms   6.65ms 186.72ms
                               'ls':         3 [  1.29ms,  53.97ms]  26.30ms  21.59ms  78.89ms         3 [  3.20ms, 100.04ms]  45.45ms  40.48ms 136.35ms
                               'ls':         3 [  2.93ms,  40.24ms]  27.41ms  17.31ms  82.22ms         3 [  9.00ms, 100.05ms]  56.44ms  37.27ms 169.31ms
                               'ls':         3 [  4.37ms,  40.62ms]  26.63ms  15.91ms  79.89ms         3 [  7.79ms, 100.01ms]  59.20ms  38.39ms 177.60ms
                               'ls':         3 [ 11.44ms,  49.87ms]  29.53ms  15.77ms  88.60ms         3 [ 21.95ms, 100.07ms]  53.16ms  33.77ms 159.47ms
                               'ls':         3 [ 17.17ms,  35.66ms]  28.96ms   8.36ms  86.89ms         3 [ 37.34ms, 100.03ms]  68.40ms  25.60ms 205.20ms
                               'ls':         3 [403.68us,  50.23ms]  25.39ms  20.34ms  76.18ms         2 [ 38.27ms, 100.04ms]  69.16ms  30.88ms 138.32ms
                               'ls':         3 [507.63us,  41.71ms]  25.61ms  17.98ms  76.82ms         2 [ 88.97ms, 100.11ms]  94.54ms   5.57ms 189.08ms
                               'ls':         3 [591.05us,  53.07ms]  24.87ms  21.60ms  74.62ms         2 [ 33.24ms, 100.13ms]  66.68ms  33.44ms 133.37ms
                               'ls':         3 [630.22us,  40.52ms]  26.74ms  18.47ms  80.23ms         2 [ 57.87ms, 100.14ms]  79.01ms  21.14ms 158.01ms
                               'ls':         3 [708.65us,  48.71ms]  26.45ms  19.75ms  79.35ms         3 [572.19us, 100.00ms]  47.26ms  40.82ms 141.78ms
                               'ls':         3 [730.69us,  53.10ms]  24.87ms  21.58ms  74.60ms         2 [ 33.62ms, 100.12ms]  66.87ms  33.25ms 133.75ms
                               'ls':         3 [733.33us,  52.27ms]  25.61ms  21.08ms  76.83ms         3 [  1.32ms, 100.05ms]  44.82ms  41.15ms 134.46ms
                           'ls_lin':         2 [ 22.39ms,  58.64ms]  40.51ms  18.12ms  81.02ms         2 [ 57.95ms, 100.06ms]  79.00ms  21.06ms 158.01ms
                           'ls_lin':         2 [ 29.25ms,  53.14ms]  41.20ms  11.94ms  82.39ms         2 [ 46.21ms, 100.02ms]  73.11ms  26.91ms 146.23ms
                           'ls_lin':         2 [ 31.24ms,  53.70ms]  42.47ms  11.23ms  84.94ms         2 [ 51.69ms, 100.06ms]  75.88ms  24.19ms 151.75ms
                           'ls_lin':         2 [ 36.85ms,  44.24ms]  40.54ms   3.70ms  81.09ms         2 [ 77.90ms, 100.03ms]  88.96ms  11.06ms 177.92ms
                           'ls_lin':         2 [ 40.59ms,  42.36ms]  41.48ms 880.13us  82.95ms         2 [ 67.34ms, 100.02ms]  83.68ms  16.34ms 167.35ms
                           'ls_lin':         2 [ 42.22ms,  43.01ms]  42.61ms 394.54us  85.22ms         2 [ 65.25ms, 100.03ms]  82.64ms  17.39ms 165.28ms
                           'ls_lin':         3 [ 12.40ms,  36.62ms]  27.78ms  10.92ms  83.35ms         3 [ 25.39ms, 100.05ms]  66.54ms  30.96ms 199.61ms
                           'ls_lin':         3 [ 19.47ms,  39.02ms]  27.54ms   8.34ms  82.62ms         3 [ 65.37ms, 100.04ms]  88.48ms  16.34ms 265.43ms
                           'ls_lin':         3 [492.99us,  43.88ms]  26.55ms  18.76ms  79.66ms         2 [ 65.47ms, 100.16ms]  82.82ms  17.35ms 165.63ms
                           'ls_lin':         3 [668.49us,  54.11ms]  26.66ms  21.84ms  79.98ms         2 [ 33.85ms, 100.04ms]  66.94ms  33.10ms 133.88ms
                           'max_lp':         1 [ 99.16ms,  99.16ms]  99.16ms   0.00ns  99.16ms         1 [ 12.60ms,  12.60ms]  12.60ms   0.00ns  12.60ms
                            'no_lp':         1 [ 97.27ms,  97.27ms]  97.27ms   0.00ns  97.27ms         1 [  9.01ms,   9.01ms]   9.01ms   0.00ns   9.01ms
              'objective_lb_search':         1 [ 97.37ms,  97.37ms]  97.37ms   0.00ns  97.37ms         1 [  9.69ms,   9.69ms]   9.69ms   0.00ns   9.69ms
       'objective_lb_search_max_lp':         1 [ 97.13ms,  97.13ms]  97.13ms   0.00ns  97.13ms         0 [  0.00ns,   0.00ns]   0.00ns   0.00ns   0.00ns
        'objective_lb_search_no_lp':         1 [ 94.01ms,  94.01ms]  94.01ms   0.00ns  94.01ms         1 [ 14.38ms,  14.38ms]  14.38ms   0.00ns  14.38ms
         'objective_shaving_max_lp':        10 [  2.99ms,  12.08ms]   8.91ms   3.07ms  89.10ms         9 [ 20.37us,  59.82us]  52.17us  11.77us 469.55us
          'objective_shaving_no_lp':        10 [700.30us,  14.36ms]   8.01ms   4.12ms  80.12ms         8 [ 39.96us,  57.76us]  54.46us   5.59us 435.70us
                          'probing':         1 [102.84ms, 102.84ms] 102.84ms   0.00ns 102.84ms         0 [  0.00ns,   0.00ns]   0.00ns   0.00ns   0.00ns
                   'probing_max_lp':         1 [ 98.83ms,  98.83ms]  98.83ms   0.00ns  98.83ms         0 [  0.00ns,   0.00ns]   0.00ns   0.00ns   0.00ns
                    'probing_no_lp':         1 [ 92.17ms,  92.17ms]  92.17ms   0.00ns  92.17ms         0 [  0.00ns,   0.00ns]   0.00ns   0.00ns   0.00ns
                     'pseudo_costs':         1 [ 95.81ms,  95.81ms]  95.81ms   0.00ns  95.81ms         1 [ 23.81ms,  23.81ms]  23.81ms   0.00ns  23.81ms
                    'quick_restart':         1 [101.39ms, 101.39ms] 101.39ms   0.00ns 101.39ms         1 [ 13.83ms,  13.83ms]  13.83ms   0.00ns  13.83ms
              'quick_restart_no_lp':         1 [ 96.00ms,  96.00ms]  96.00ms   0.00ns  96.00ms         1 [ 15.31ms,  15.31ms]  15.31ms   0.00ns  15.31ms
                    'reduced_costs':         1 [103.12ms, 103.12ms] 103.12ms   0.00ns 103.12ms         0 [  0.00ns,   0.00ns]   0.00ns   0.00ns   0.00ns
                        'rins/rens':        10 [ 82.17us,  65.08ms]  23.77ms  19.82ms 237.65ms         9 [ 34.69us,   4.29ms]   1.52ms   1.33ms  13.69ms
                      'rnd_cst_lns':         8 [  2.98ms,  73.80ms]  31.39ms  25.19ms 251.11ms         8 [106.89us,   5.49ms]   1.99ms   1.86ms  15.95ms
                      'rnd_var_lns':        10 [  2.88ms,  63.05ms]  22.92ms  19.00ms 229.24ms         9 [  9.01us,  10.79ms]   2.73ms   3.42ms  24.56ms
         'scheduling_intervals_lns':         4 [ 67.92ms,  93.83ms]  77.95ms   9.86ms 311.82ms         4 [  2.38ms,   3.51ms]   2.93ms 520.12us  11.72ms
       'scheduling_precedences_lns':         4 [ 69.58ms,  76.86ms]  72.81ms   2.65ms 291.25ms         4 [  3.49ms,   6.37ms]   4.37ms   1.16ms  17.49ms
  'scheduling_resource_windows_lns':         4 [ 67.71ms,  91.17ms]  77.00ms   8.66ms 307.99ms         4 [  9.15ms,  11.80ms]  10.26ms   1.03ms  41.05ms
       'scheduling_time_window_lns':         4 [ 70.02ms,  93.26ms]  77.77ms   9.47ms 311.08ms         4 [  3.78ms,   5.76ms]   4.88ms 859.63us  19.54ms
                'variables_shaving':        29 [  6.31ms,  33.31ms]  14.17ms   6.46ms 410.83ms        27 [  6.97us,   1.38ms] 326.16us 309.58us   8.81ms
         'variables_shaving_max_lp':         5 [  8.29ms,  80.12ms]  55.47ms  24.57ms 277.37ms         4 [  7.73ms,  10.50ms]   9.49ms   1.05ms  37.96ms
          'variables_shaving_no_lp':        28 [  5.06ms,  42.28ms]  13.75ms  10.33ms 385.11ms        27 [  6.97us,   1.69ms] 375.48us 450.31us  10.14ms

Search stats                        Bools  Conflicts  Branches  Restarts  BoolPropag  IntegerPropag
                           'core':    655        136     4'319       851       8'749         51'205
                     'default_lp':    432        250     1'894       639       9'794        166'054
                          'fixed':    762        124     2'122       437       7'043        130'452
                      'fs_random':      0          0         0         0           0              0
                      'fs_random':      0          0         0         0           0              0
                      'fs_random':      0          0         0         0           0              0
                      'fs_random':      0          0         0         0           0              0
                      'fs_random':      0          0         0         0           0              0
                      'fs_random':      0          0         0         0           0              0
                      'fs_random':      0          0         0         0           0              0
                      'fs_random':      0          0         0         0           0              0
                      'fs_random':      0          0         0         0           0              0
                      'fs_random':      0          0         0         0           0              0
                      'fs_random':      0          0         0         0           0              0
                      'fs_random':      0          0         0         0           0              0
                'fs_random_no_lp':      0          0         0         0           0              0
                'fs_random_no_lp':      0          0         0         0           0              0
                'fs_random_no_lp':      0          0         0         0           0              0
                'fs_random_no_lp':      0          0         0         0           0              0
                'fs_random_no_lp':      0          0         0         0           0              0
                'fs_random_no_lp':      0          0         0         0           0              0
                'fs_random_no_lp':      0          0         0         0           0              0
                'fs_random_no_lp':      0          0         0         0           0              0
                'fs_random_no_lp':      0          0         0         0           0              0
                'fs_random_no_lp':      0          0         0         0           0              0
                'fs_random_no_lp':      0          0         0         0           0              0
                'fs_random_no_lp':      0          0         0         0           0              0
                'fs_random_no_lp':      0          0         0         0           0              0
        'fs_random_quick_restart':      0          0         0         0           0              0
        'fs_random_quick_restart':      0          0         0         0           0              0
        'fs_random_quick_restart':      0          0         0         0           0              0
        'fs_random_quick_restart':      0          0         0         0           0              0
        'fs_random_quick_restart':      0          0         0         0           0              0
        'fs_random_quick_restart':      0          0         0         0           0              0
        'fs_random_quick_restart':      0          0         0         0           0              0
        'fs_random_quick_restart':      0          0         0         0           0              0
        'fs_random_quick_restart':      0          0         0         0           0              0
        'fs_random_quick_restart':      0          0         0         0           0              0
        'fs_random_quick_restart':      0          0         0         0           0              0
        'fs_random_quick_restart':      0          0         0         0           0              0
  'fs_random_quick_restart_no_lp':      0          0         0         0           0              0
  'fs_random_quick_restart_no_lp':      0          0         0         0           0              0
  'fs_random_quick_restart_no_lp':      0          0         0         0           0              0
  'fs_random_quick_restart_no_lp':      0          0         0         0           0              0
  'fs_random_quick_restart_no_lp':      0          0         0         0           0              0
  'fs_random_quick_restart_no_lp':      0          0         0         0           0              0
  'fs_random_quick_restart_no_lp':      0          0         0         0           0              0
  'fs_random_quick_restart_no_lp':      0          0         0         0           0              0
  'fs_random_quick_restart_no_lp':      0          0         0         0           0              0
  'fs_random_quick_restart_no_lp':      0          0         0         0           0              0
  'fs_random_quick_restart_no_lp':      0          0         0         0           0              0
  'fs_random_quick_restart_no_lp':      0          0         0         0           0              0
                 'lb_tree_search':  1'743          0     2'968     2'968           0         20'182
                         'max_lp':    126         50       208         1         442         19'519
                          'no_lp':    290        163     1'513       389       3'254         66'674
            'objective_lb_search':    299        108     1'185       419       4'227         75'825
     'objective_lb_search_max_lp':  1'743          0     2'642     2'642           0         17'937
      'objective_lb_search_no_lp':    300        150     1'297       441       3'096        121'626
                        'probing':  1'743          0     2'930     2'930           0         19'898
                 'probing_max_lp':  1'743          0     2'722     2'722           0         18'564
                  'probing_no_lp':  1'743          0     2'552     2'552           0         17'270
                   'pseudo_costs':    141         50       241        42         178         19'158
                  'quick_restart':    505        112     1'519       439       4'597        112'713
            'quick_restart_no_lp':    331        103     1'294       434       3'866        129'935
                  'reduced_costs':  1'743          0     3'070     3'070           0         20'931

SAT stats                           ClassicMinim  LitRemoved  LitLearned  LitForgotten  Subsumed  MClauses  MDecisions  MLitTrue  MSubsumed  MLitRemoved  MReused
                           'core':             1           6          29             0         0         0           0         0          0            0        0
                     'default_lp':           136         365       1'543             0         0         6          10         0          1            6        4
                          'fixed':            86         306         812             0        11         0           0         0          0            0        0
                      'fs_random':             0           0           0             0         0         0           0         0          0            0        0
                      'fs_random':             0           0           0             0         0         0           0         0          0            0        0
                      'fs_random':             0           0           0             0         0         0           0         0          0            0        0
                      'fs_random':             0           0           0             0         0         0           0         0          0            0        0
                      'fs_random':             0           0           0             0         0         0           0         0          0            0        0
                      'fs_random':             0           0           0             0         0         0           0         0          0            0        0
                      'fs_random':             0           0           0             0         0         0           0         0          0            0        0
                      'fs_random':             0           0           0             0         0         0           0         0          0            0        0
                      'fs_random':             0           0           0             0         0         0           0         0          0            0        0
                      'fs_random':             0           0           0             0         0         0           0         0          0            0        0
                      'fs_random':             0           0           0             0         0         0           0         0          0            0        0
                      'fs_random':             0           0           0             0         0         0           0         0          0            0        0
                'fs_random_no_lp':             0           0           0             0         0         0           0         0          0            0        0
                'fs_random_no_lp':             0           0           0             0         0         0           0         0          0            0        0
                'fs_random_no_lp':             0           0           0             0         0         0           0         0          0            0        0
                'fs_random_no_lp':             0           0           0             0         0         0           0         0          0            0        0
                'fs_random_no_lp':             0           0           0             0         0         0           0         0          0            0        0
                'fs_random_no_lp':             0           0           0             0         0         0           0         0          0            0        0
                'fs_random_no_lp':             0           0           0             0         0         0           0         0          0            0        0
                'fs_random_no_lp':             0           0           0             0         0         0           0         0          0            0        0
                'fs_random_no_lp':             0           0           0             0         0         0           0         0          0            0        0
                'fs_random_no_lp':             0           0           0             0         0         0           0         0          0            0        0
                'fs_random_no_lp':             0           0           0             0         0         0           0         0          0            0        0
                'fs_random_no_lp':             0           0           0             0         0         0           0         0          0            0        0
                'fs_random_no_lp':             0           0           0             0         0         0           0         0          0            0        0
        'fs_random_quick_restart':             0           0           0             0         0         0           0         0          0            0        0
        'fs_random_quick_restart':             0           0           0             0         0         0           0         0          0            0        0
        'fs_random_quick_restart':             0           0           0             0         0         0           0         0          0            0        0
        'fs_random_quick_restart':             0           0           0             0         0         0           0         0          0            0        0
        'fs_random_quick_restart':             0           0           0             0         0         0           0         0          0            0        0
        'fs_random_quick_restart':             0           0           0             0         0         0           0         0          0            0        0
        'fs_random_quick_restart':             0           0           0             0         0         0           0         0          0            0        0
        'fs_random_quick_restart':             0           0           0             0         0         0           0         0          0            0        0
        'fs_random_quick_restart':             0           0           0             0         0         0           0         0          0            0        0
        'fs_random_quick_restart':             0           0           0             0         0         0           0         0          0            0        0
        'fs_random_quick_restart':             0           0           0             0         0         0           0         0          0            0        0
        'fs_random_quick_restart':             0           0           0             0         0         0           0         0          0            0        0
  'fs_random_quick_restart_no_lp':             0           0           0             0         0         0           0         0          0            0        0
  'fs_random_quick_restart_no_lp':             0           0           0             0         0         0           0         0          0            0        0
  'fs_random_quick_restart_no_lp':             0           0           0             0         0         0           0         0          0            0        0
  'fs_random_quick_restart_no_lp':             0           0           0             0         0         0           0         0          0            0        0
  'fs_random_quick_restart_no_lp':             0           0           0             0         0         0           0         0          0            0        0
  'fs_random_quick_restart_no_lp':             0           0           0             0         0         0           0         0          0            0        0
  'fs_random_quick_restart_no_lp':             0           0           0             0         0         0           0         0          0            0        0
  'fs_random_quick_restart_no_lp':             0           0           0             0         0         0           0         0          0            0        0
  'fs_random_quick_restart_no_lp':             0           0           0             0         0         0           0         0          0            0        0
  'fs_random_quick_restart_no_lp':             0           0           0             0         0         0           0         0          0            0        0
  'fs_random_quick_restart_no_lp':             0           0           0             0         0         0           0         0          0            0        0
  'fs_random_quick_restart_no_lp':             0           0           0             0         0         0           0         0          0            0        0
                 'lb_tree_search':             0           0           0             0         0         0           0         0          0            0        0
                         'max_lp':            23          23         594             0         0         0           0         0          0            0        0
                          'no_lp':           133         390       2'369             0         0         0           0         0          0            0        0
            'objective_lb_search':            81         523         621             0         0        18          37         0         14           56        5
     'objective_lb_search_max_lp':             0           0           0             0         0         0           0         0          0            0        0
      'objective_lb_search_no_lp':           137         777         731             0         0         6           4         0          0            0        8
                        'probing':             0           0           0             0         0         0           0         0          0            0        0
                 'probing_max_lp':             0           0           0             0         0         0           0         0          0            0        0
                  'probing_no_lp':             0           0           0             0         0         0           0         0          0            0        0
                   'pseudo_costs':             4           4         866             0         0         0           0         0          0            0        0
                  'quick_restart':            63         168         948             0        11         0           0         0          0            0        0
            'quick_restart_no_lp':            73         225         831             0         6         0           0         0          0            0        0
                  'reduced_costs':             0           0           0             0         0         0           0         0          0            0        0

Lp stats                         Component  Iterations  AddedCuts  OPTIMAL  DUAL_F.  DUAL_U.
                  'default_lp':         23           0          0    2'134        0        0
                       'fixed':         23           0          0    2'482        0        0
              'lb_tree_search':          1           0          0        0        0        0
                      'max_lp':          1         508        513      145        2        0
         'objective_lb_search':         23           0          0    1'085        0        0
  'objective_lb_search_max_lp':          1           0          0        0        0        0
                     'probing':         23           0          0        0        0        0
              'probing_max_lp':          1           0          0        0        0        0
                'pseudo_costs':          1         701        720      162        6        0
               'quick_restart':         23           0          0    2'082        0        0
               'reduced_costs':          1           0          0        0        0        0

Lp dimension                     Final dimension of first component
                  'default_lp':        0 rows, 7 columns, 0 entries
                       'fixed':        0 rows, 7 columns, 0 entries
              'lb_tree_search':  189 rows, 213 columns, 378 entries
                      'max_lp':  269 rows, 213 columns, 976 entries
         'objective_lb_search':        0 rows, 7 columns, 0 entries
  'objective_lb_search_max_lp':      0 rows, 213 columns, 0 entries
                     'probing':        0 rows, 7 columns, 0 entries
              'probing_max_lp':  189 rows, 213 columns, 378 entries
                'pseudo_costs':  197 rows, 213 columns, 671 entries
               'quick_restart':        0 rows, 7 columns, 0 entries
               'reduced_costs':      0 rows, 213 columns, 0 entries

Lp debug                         CutPropag  CutEqPropag  Adjust  Overflow    Bad  BadScaling
                  'default_lp':          0            0       0         0      0           0
                       'fixed':          0            0       0         0      0           0
              'lb_tree_search':          0            0       0         0      0           0
                      'max_lp':          0           15      11         0  1'935           0
         'objective_lb_search':          0            0       0         0      0           0
  'objective_lb_search_max_lp':          0            0       0         0      0           0
                     'probing':          0            0       0         0      0           0
              'probing_max_lp':          0            0       0         0      0           0
                'pseudo_costs':          0            2       6         0  2'369           0
               'quick_restart':          0            0       0         0      0           0
               'reduced_costs':          0            0       0         0      0           0

Lp pool                          Constraints  Updates  Simplif  Merged  Shortened  Split  Strenghtened  Cuts/Call
                  'default_lp':          189        0        7       0          0      0             0        0/0
                       'fixed':          189        0       31       0          0      0             0        0/0
              'lb_tree_search':          189        0        0       0          0      0             0        0/0
                      'max_lp':          652      554      376      50          0      0             2    513/660
         'objective_lb_search':          189        0        7       0          0      0             0        0/0
  'objective_lb_search_max_lp':          189        0        0       0          0      0             0        0/0
                     'probing':          189        0        0       0          0      0             0        0/0
              'probing_max_lp':          189        0        0       0          0      0             0        0/0
                'pseudo_costs':          842      851       66      67          0      0             0    720/951
               'quick_restart':          189        0       42       0          0      0             0        0/0
               'reduced_costs':          189        0        0       0          0      0             0        0/0

Lp Cut                                                pseudo_costs  max_lp
                                               CG_K:             1       -
                                               CG_R:            12       5
                                            MIR_1_K:             1       -
                                            MIR_1_R:             6       5
                                            MIR_2_K:             -       1
                                            MIR_2_R:             -       1
                                            MIR_4_R:             -       1
                                            MIR_5_R:             1       -
                  NoOverlapCompletionTimeExhaustive:            10      31
           NoOverlapCompletionTimeExhaustive_lifted:            33      28
  NoOverlapCompletionTimeExhaustive_lifted_weighted:            93      60
         NoOverlapCompletionTimeExhaustive_weighted:            60      54
                    NoOverlapCompletionTimeQueyrane:           113      66
             NoOverlapCompletionTimeQueyrane_lifted:           177      89
                        NoOverlapDetectedPrecedence:             3       5
                        NoOverlapDisjunctionOnStart:           199     162
                                        ZERO_HALF_R:            11       5

LNS stats                             Improv/Calls  Closed  Difficulty  TimeLimit
                    'graph_arc_lns':           5/8     50%    7.00e-01       0.10
                    'graph_cst_lns':           2/9     67%    8.95e-01       0.10
                    'graph_dec_lns':          5/10     90%    9.76e-01       0.10
                    'graph_var_lns':           3/6     50%    6.52e-01       0.10
                     'lb_relax_lns':           4/4      0%    8.55e-02       0.50
                        'rins/rens':           5/9     78%    9.43e-01       0.10
                      'rnd_cst_lns':           3/8     62%    8.49e-01       0.10
                      'rnd_var_lns':           5/9     89%    9.68e-01       0.10
         'scheduling_intervals_lns':           1/4      0%    8.55e-02       0.10
       'scheduling_precedences_lns':           2/4     25%    2.48e-01       0.10
  'scheduling_resource_windows_lns':           0/4      0%    8.55e-02       0.10
       'scheduling_time_window_lns':           3/4      0%    8.55e-02       0.10

LS stats                                    Batches  Restarts/Perturbs  LinMoves  GenMoves  CompoundMoves  Bactracks  WeightUpdates  ScoreComputed
                    'ls_compound_perturb':        2                  3         0     2'789             71      1'357             24        373'077
                         'ls_lin_restart':        5                  5        27     4'044              0          0          1'606        821'643
                'ls_lin_restart_compound':        5                  5         0     8'121            418      3'849            169        897'903
        'ls_lin_restart_compound_perturb':        1                  1         0     1'495             87        704             28        170'622
                   'ls_lin_restart_decay':        5                  5        19     5'115              0          0            592        738'809
          'ls_lin_restart_decay_compound':        1                  1         0     1'952             84        933             32        230'335
  'ls_lin_restart_decay_compound_perturb':        2                  2         0     3'151            149      1'501             63        364'599
           'ls_lin_restart_decay_perturb':        3                  3        12     4'792              0          0            447        657'964
                 'ls_lin_restart_perturb':        2                  2         4       504              0          0          5'308        226'328
                             'ls_restart':        3                  3        10     1'052              0          0            587        200'169
                    'ls_restart_compound':        6                  6         0     5'688            245      2'718             82        673'990
            'ls_restart_compound_perturb':        9                  9         0    12'156            565      5'788            224      1'456'601
                       'ls_restart_decay':        7                  7        47     4'313              0          0            692        723'387
              'ls_restart_decay_compound':        5                  5         0     6'057            260      2'893             93        739'100
      'ls_restart_decay_compound_perturb':        6                  6         0     5'941            218      2'853             70        803'727
               'ls_restart_decay_perturb':        5                  5        17     5'740              0          0            700        816'499
                     'ls_restart_perturb':        7                  7        48     5'482              0          0          4'498      1'433'436

Solutions (13)                  Num     Rank
                       'core':    1    [2,2]
              'graph_arc_lns':    2   [5,10]
              'graph_var_lns':    1    [9,9]
           'ls_restart_decay':    1    [6,6]
         'ls_restart_perturb':    1    [4,4]
                      'no_lp':    1    [1,1]
  'objective_lb_search_no_lp':    1    [7,7]
              'rins_pump_lns':    2  [12,13]
                'rnd_cst_lns':    1    [3,3]
                'rnd_var_lns':    2   [8,11]

Objective bounds                Num
             'initial_domain':    1
                     'max_lp':    4
  'objective_lb_search_no_lp':    2
               'pseudo_costs':    1

Solution repositories    Added  Queried  Synchro
  'feasible solutions':     88      250       44
   'fj solution hints':      0        0        0
        'lp solutions':      3        2        3
                'pump':    178        8

Improving bounds shared         Num  Sym
                 'default_lp':  137    0
                      'fixed':  678    0
                     'max_lp':  406    0
                      'no_lp':  202    0
        'objective_lb_search':   13    0
  'objective_lb_search_no_lp':  206    0
               'pseudo_costs':  406    0
              'quick_restart':  477    0
        'quick_restart_no_lp':   28    0

CpSolverResponse summary:
status: OPTIMAL
objective: 11831
best_bound: 11831
integers: 0
booleans: 0
conflicts: 0
branches: 0
propagations: 0
integer_propagations: 0
restarts: 0
lp_iterations: 0
walltime: 0.12197
usertime: 0.12197
deterministic_time: 5.21318
gap_integral: 16.3764
solution_fingerprint: 0x57fb54750651de63

