
Starting CP-SAT solver v9.14.6206
Parameters: max_time_in_seconds: 300 log_search_progress: true num_search_workers: 104 relative_gap_limit: 0.005

Initial optimization model '': (model_fingerprint: 0x35902267a54b600c)
#Variables: 332 (#ints: 68 in objective) (264 primary variables)
  - 68 in [0,36740]
  - 64 in [25920,36740]
  - 200 in [27360,36740]
#kInterval: 138 (#fixed: 6)
#kLinMax: 68 (#expressions: 136)
#kLinear1: 18
#kLinear2: 114
#kNoOverlap: 10 (#intervals: 138, #fixed_intervals: 6)

Starting presolve at 0.00s
  6.05e-05s  0.00e+00d  [DetectDominanceRelations] 
  1.32e-03s  0.00e+00d  [PresolveToFixPoint] #num_loops=10 #num_dual_strengthening=1 
  2.68e-06s  0.00e+00d  [ExtractEncodingFromLinear] 
  1.35e-05s  0.00e+00d  [DetectDuplicateColumns] 
  5.47e-05s  0.00e+00d  [DetectDuplicateConstraints] 
[Symmetry] Graph for symmetry has 774 nodes and 718 arcs.
[Symmetry] Symmetry computation done. time: 6.8605e-05 dtime: 7.133e-05
  4.94e-05s  0.00e+00d  [DetectDuplicateConstraintsWithDifferentEnforcements] 
  4.87e-04s  8.91e-06d  [Probe] #new_bounds=51 
  3.49e-06s  0.00e+00d  [MaxClique] 
  4.94e-05s  0.00e+00d  [DetectDominanceRelations] 
  3.95e-04s  0.00e+00d  [PresolveToFixPoint] #num_loops=3 #num_dual_strengthening=2 
  2.56e-05s  0.00e+00d  [ProcessAtMostOneAndLinear] 
  4.44e-05s  0.00e+00d  [DetectDuplicateConstraints] 
  4.10e-05s  0.00e+00d  [DetectDuplicateConstraintsWithDifferentEnforcements] 
  2.15e-05s  8.64e-07d  [DetectDominatedLinearConstraints] #relevant_constraints=144 
  2.06e-05s  0.00e+00d  [DetectDifferentVariables] 
  1.95e-06s  0.00e+00d  [ProcessSetPPC] 
  2.04e-06s  0.00e+00d  [FindAlmostIdenticalLinearConstraints] 
  7.39e-06s  0.00e+00d  [FindBigAtMostOneAndLinearOverlap] 
  1.41e-05s  5.35e-06d  [FindBigVerticalLinearOverlap] 
  1.43e-06s  0.00e+00d  [FindBigHorizontalLinearOverlap] 
  1.51e-06s  0.00e+00d  [MergeClauses] 
  4.50e-05s  0.00e+00d  [DetectDominanceRelations] 
  2.35e-04s  0.00e+00d  [PresolveToFixPoint] #num_loops=1 #num_dual_strengthening=1 
  4.19e-05s  0.00e+00d  [DetectDominanceRelations] 
  2.28e-04s  0.00e+00d  [PresolveToFixPoint] #num_loops=1 #num_dual_strengthening=1 
  8.30e-06s  0.00e+00d  [DetectDuplicateColumns] 
  4.04e-05s  0.00e+00d  [DetectDuplicateConstraints] 
[Symmetry] Graph for symmetry has 768 nodes and 714 arcs.
[Symmetry] Symmetry computation done. time: 5.5319e-05 dtime: 7.083e-05
  4.43e-05s  0.00e+00d  [DetectDuplicateConstraintsWithDifferentEnforcements] 
  3.38e-04s  1.79e-06d  [Probe] 
  1.63e-06s  0.00e+00d  [MaxClique] 
  4.52e-05s  0.00e+00d  [DetectDominanceRelations] 
  2.57e-04s  0.00e+00d  [PresolveToFixPoint] #num_loops=1 #num_dual_strengthening=1 
  1.90e-05s  0.00e+00d  [ProcessAtMostOneAndLinear] 
  4.06e-05s  0.00e+00d  [DetectDuplicateConstraints] 
  3.99e-05s  0.00e+00d  [DetectDuplicateConstraintsWithDifferentEnforcements] 
  1.77e-05s  8.64e-07d  [DetectDominatedLinearConstraints] #relevant_constraints=144 
  1.81e-05s  0.00e+00d  [DetectDifferentVariables] 
  1.58e-06s  0.00e+00d  [ProcessSetPPC] 
  1.74e-06s  0.00e+00d  [FindAlmostIdenticalLinearConstraints] 
  7.18e-06s  0.00e+00d  [FindBigAtMostOneAndLinearOverlap] 
  1.12e-05s  5.35e-06d  [FindBigVerticalLinearOverlap] 
  1.32e-06s  0.00e+00d  [FindBigHorizontalLinearOverlap] 
  1.03e-06s  0.00e+00d  [MergeClauses] 
  4.24e-05s  0.00e+00d  [DetectDominanceRelations] 
  2.29e-04s  0.00e+00d  [PresolveToFixPoint] #num_loops=1 #num_dual_strengthening=1 
  1.48e-05s  0.00e+00d  [ExpandObjective] 

Presolve summary:
  - 161 affine relations were detected.
  - rule 'TODO dual: only one blocking constraint?' was applied 364 times.
  - rule 'TODO dual: only one unspecified blocking constraint?' was applied 210 times.
  - rule 'affine: new relation' was applied 161 times.
  - rule 'dual: reduced domain' was applied 6 times.
  - rule 'intervals: removed unused interval' was applied 6 times.
  - rule 'lin_max: converted abs to equality' was applied 26 times.
  - rule 'lin_max: converted to equality' was applied 6 times.
  - rule 'lin_max: propagate domain from x to abs(x)' was applied 32 times.
  - rule 'lin_max: removed exprs' was applied 6 times.
  - rule 'lin_max: rewrite with precedences' was applied 30 times.
  - rule 'lin_max: target domain reduced' was applied 36 times.
  - rule 'linear1: x in domain' was applied 15 times.
  - rule 'linear: always true' was applied 36 times.
  - rule 'linear: fixed or dup variables' was applied 3 times.
  - rule 'linear: reduced variable domains' was applied 658 times.
  - rule 'linear: remapped using affine relations' was applied 334 times.
  - rule 'no_overlap: split into disjoint components' was applied 6 times.
  - rule 'objective: variable not used elsewhere' was applied 3 times.
  - rule 'presolve: 3 unused variables removed.' was applied 1 time.
  - rule 'presolve: iteration' was applied 2 times.

Presolved optimization model '': (model_fingerprint: 0xd098cad86a4497c4)
#Variables: 168 (#ints: 62 in objective) (132 primary variables)
  - 153 different domains in [0,36719] with a largest complexity of 1.
#kInterval: 132
#kLinMax: 6 (#expressions: 12)
#kLinear2: 144
#kNoOverlap: 10 (#intervals: 132)
[Symmetry] Graph for symmetry has 604 nodes and 714 arcs.
[Symmetry] Symmetry computation done. time: 4.4498e-05 dtime: 6.099e-05

Preloading model.
#Bound   0.01s best:inf   next:[82940,3708259] initial_domain
#Model   0.01s var:168/168 constraints:292/292

Starting search at 0.01s with 104 workers.
18 full problem subsolvers: [core, default_lp, fixed, lb_tree_search, max_lp, no_lp, objective_lb_search, objective_lb_search_max_lp, objective_lb_search_no_lp, objective_shaving_max_lp, objective_shaving_no_lp, probing, probing_max_lp, probing_no_lp, pseudo_costs, quick_restart, quick_restart_no_lp, reduced_costs]
86 first solution subsolvers: [fj(25), fj_lin(12), fs_random(12), fs_random_no_lp(13), fs_random_quick_restart(12), fs_random_quick_restart_no_lp(12)]
45 interleaved subsolvers: [feasibility_pump, graph_arc_lns, graph_cst_lns, graph_dec_lns, graph_var_lns, lb_relax_lns, ls(19), ls_lin(10), rins/rens, rnd_cst_lns, rnd_var_lns, scheduling_intervals_lns, scheduling_precedences_lns, scheduling_resource_windows_lns, scheduling_time_window_lns, variables_shaving, variables_shaving_max_lp, variables_shaving_no_lp]
3 helper subsolvers: [neighborhood_helper, synchronization_agent, update_gap_integral]

#1       0.01s best:164937 next:[82940,164936] no_lp
#Bound   0.01s best:164937 next:[82953,164936] bool_core (num_cores=1 [size:2 mw:13 d:1] a=61 d=1 fixed=0/62 clauses=0)
#Bound   0.01s best:164937 next:[82966,164936] bool_core (num_cores=1 [cover] a=61 d=1 fixed=0/65 clauses=1)
#Bound   0.01s best:164937 next:[82979,164936] bool_core (num_cores=1 [cover] a=61 d=1 fixed=1/68 clauses=3)
#Bound   0.01s best:164937 next:[82992,164936] bool_core (num_cores=1 [cover] a=61 d=1 fixed=2/71 clauses=6)
#Bound   0.01s best:164937 next:[83005,164936] bool_core (num_cores=1 [cover] a=61 d=1 fixed=3/74 clauses=10)
#Bound   0.01s best:164937 next:[83018,164936] bool_core (num_cores=1 [cover] a=61 d=1 fixed=4/77 clauses=15)
#Bound   0.01s best:164937 next:[83031,164936] bool_core (num_cores=1 [cover] a=61 d=1 fixed=5/80 clauses=21)
#Bound   0.01s best:164937 next:[83044,164936] bool_core (num_cores=1 [cover] a=61 d=1 fixed=6/83 clauses=28)
#Bound   0.01s best:164937 next:[83057,164936] bool_core (num_cores=1 [cover] a=61 d=1 fixed=7/86 clauses=36)
#Bound   0.01s best:164937 next:[83070,164936] bool_core (num_cores=1 [cover] a=61 d=1 fixed=8/89 clauses=45)
#Bound   0.01s best:164937 next:[83083,164936] bool_core (num_cores=1 [cover] a=61 d=1 fixed=9/92 clauses=55)
#Bound   0.01s best:164937 next:[83096,164936] bool_core (num_cores=1 [cover] a=61 d=1 fixed=10/95 clauses=66)
#Bound   0.01s best:164937 next:[83109,164936] bool_core (num_cores=1 [cover] a=61 d=1 fixed=11/98 clauses=78)
#Bound   0.01s best:164937 next:[83122,164936] bool_core (num_cores=1 [cover] a=61 d=1 fixed=12/101 clauses=91)
#Bound   0.01s best:164937 next:[83135,164936] bool_core (num_cores=1 [cover] a=61 d=1 fixed=13/104 clauses=105)
#Bound   0.01s best:164937 next:[83148,164936] bool_core (num_cores=1 [cover] a=61 d=1 fixed=14/107 clauses=120)
#Bound   0.01s best:164937 next:[83161,164936] bool_core (num_cores=1 [cover] a=61 d=1 fixed=15/110 clauses=136)
#Bound   0.01s best:164937 next:[83174,164936] bool_core (num_cores=1 [cover] a=61 d=1 fixed=16/113 clauses=153)
#Bound   0.01s best:164937 next:[83187,164936] bool_core (num_cores=1 [cover] a=61 d=1 fixed=17/116 clauses=171)
#Bound   0.01s best:164937 next:[83200,164936] bool_core (num_cores=1 [cover] a=61 d=1 fixed=18/119 clauses=190)
#2       0.02s best:139504 next:[86662,139503] no_lp
#3       0.02s best:122868 next:[86662,122867] fixed
#4       0.02s best:109591 next:[88346,109590] core
#5       0.03s best:104695 next:[88346,104694] quick_restart_no_lp
#6       0.03s best:104287 next:[88346,104286] ls_lin_restart_compound(batch:1 lin{mvs:0 evals:8} gen{mvs:3 evals:37} comp{mvs:3 btracks:0} #w_updates:0 #perturb:0)
#7       0.03s best:104284 next:[88346,104283] fixed
#8       0.03s best:103415 next:[88346,103414] quick_restart
#9       0.03s best:100734 next:[88346,100733] rins_lp_lns (d=5.00e-01 s=56 t=0.10 p=0.00 stall=0 h=base)
#10      0.04s best:100731 next:[88346,100730] fixed
#11      0.04s best:98931 next:[88346,98930] ls_lin_restart_decay_compound_perturb(batch:1 lin{mvs:0 evals:79} gen{mvs:19 evals:369} comp{mvs:19 btracks:0} #w_updates:0 #perturb:0)
#12      0.05s best:98916 next:[88346,98915] ls_lin_restart_decay_compound_perturb(batch:1 lin{mvs:0 evals:167} gen{mvs:51 evals:734} comp{mvs:5 btracks:23} #w_updates:0 #perturb:0)
#13      0.05s best:98772 next:[88346,98771] ls_restart_decay_perturb(batch:1 lin{mvs:13 evals:1'305} gen{mvs:839 evals:9'022} #w_updates:92 #perturb:0)
#14      0.05s best:97359 next:[88437,97358] rins_lp_lns (d=7.07e-01 s=67 t=0.10 p=1.00 stall=0 h=base)
#15      0.05s best:97151 next:[88445,97150] ls_restart_decay(batch:1 lin{mvs:22 evals:1'526} gen{mvs:318 evals:4'183} #w_updates:52 #perturb:0)
#16      0.05s best:97046 next:[88445,97045] ls_restart_decay(batch:1 lin{mvs:22 evals:1'526} gen{mvs:318 evals:4'183} #w_updates:52 #perturb:0) [combined with: rins_lp_lns (d=7.07e...]
#17      0.05s best:97039 next:[88445,97038] ls_lin_restart_compound(batch:1 lin{mvs:0 evals:19} gen{mvs:5 evals:46} comp{mvs:5 btracks:0} #w_updates:0 #perturb:0)
#18      0.05s best:96493 next:[88445,96492] ls_restart_perturb(batch:1 lin{mvs:22 evals:1'380} gen{mvs:393 evals:4'963} #w_updates:68 #perturb:0) [combined with: ls_lin_restart_compo...]
#19      0.05s best:94719 next:[88445,94718] quick_restart
#20      0.05s best:94517 next:[88447,94516] ls_restart_compound_perturb(batch:1 lin{mvs:0 evals:21} gen{mvs:4 evals:85} comp{mvs:4 btracks:0} #w_updates:0 #perturb:0)
#21      0.06s best:94140 next:[88459,94139] ls_restart_compound_perturb(batch:1 lin{mvs:0 evals:17} gen{mvs:5 evals:78} comp{mvs:5 btracks:0} #w_updates:0 #perturb:0)
#22      0.06s best:94125 next:[88459,94124] ls_restart_decay_compound_perturb(batch:1 lin{mvs:0 evals:9} gen{mvs:3 evals:49} comp{mvs:3 btracks:0} #w_updates:0 #perturb:0)
#23      0.06s best:94112 next:[88459,94111] ls_restart_compound(batch:1 lin{mvs:0 evals:29} gen{mvs:7 evals:147} comp{mvs:7 btracks:0} #w_updates:0 #perturb:0)
#24      0.06s best:94082 next:[88459,94081] ls_restart_decay_compound(batch:1 lin{mvs:0 evals:176} gen{mvs:74 evals:880} comp{mvs:22 btracks:26} #w_updates:2 #perturb:0)
#25      0.06s best:94058 next:[88459,94057] ls_restart_compound_perturb(batch:1 lin{mvs:0 evals:1'063} gen{mvs:633 evals:4'524} comp{mvs:17 btracks:308} #w_updates:1 #perturb:0) [combined with: ls_restart_decay_com...]
#26      0.07s best:93801 next:[88459,93800] graph_dec_lns (d=7.07e-01 s=134 t=0.10 p=1.00 stall=0 h=base)
#27      0.07s best:93645 next:[88459,93644] rins_lp_lns (d=8.14e-01 s=92 t=0.10 p=1.00 stall=0 h=base) [combined with: graph_dec_lns (d=7.0...]
#28      0.07s best:93549 next:[88459,93548] rnd_cst_lns (d=7.07e-01 s=129 t=0.10 p=1.00 stall=0 h=base) [combined with: rins_lp_lns (d=8.14e...]
#29      0.07s best:93536 next:[88479,93535] ls_restart_decay_compound_perturb(batch:1 lin{mvs:0 evals:186} gen{mvs:111 evals:1'236} comp{mvs:11 btracks:50} #w_updates:1 #perturb:0)
#30      0.15s best:93532 next:[91632,93531] probing_no_lp
#31      0.15s best:93517 next:[91632,93516] ls_restart_perturb(batch:1 lin{mvs:4 evals:277} gen{mvs:45 evals:543} #w_updates:20 #perturb:0)
#32      0.15s best:93516 next:[91632,93515] ls_restart_perturb(batch:1 lin{mvs:6 evals:318} gen{mvs:59 evals:661} #w_updates:31 #perturb:0)
#33      0.15s best:93504 next:[91632,93503] ls_restart_decay_compound_perturb(batch:1 lin{mvs:0 evals:14} gen{mvs:3 evals:33} comp{mvs:3 btracks:0} #w_updates:0 #perturb:0)
#34      0.15s best:93503 next:[91632,93502] ls_lin_restart_decay_compound(batch:1 lin{mvs:0 evals:310} gen{mvs:89 evals:747} comp{mvs:21 btracks:34} #w_updates:2 #perturb:0) [combined with: ls_restart_decay_com...]
#35      0.15s best:93498 next:[91632,93497] ls_lin_restart_decay_perturb(batch:1 lin{mvs:3 evals:198} gen{mvs:34 evals:383} #w_updates:14 #perturb:0)
#36      0.15s best:93497 next:[91632,93496] ls_lin_restart_decay_perturb(batch:1 lin{mvs:3 evals:198} gen{mvs:34 evals:383} #w_updates:14 #perturb:0) [combined with: ls_lin_restart_decay...]
#37      0.16s best:93490 next:[91648,93489] ls_lin_restart_decay_perturb(batch:1 lin{mvs:5 evals:252} gen{mvs:43 evals:474} #w_updates:16 #perturb:0)
#38      0.16s best:93487 next:[91648,93486] ls_restart_compound_perturb(batch:1 lin{mvs:0 evals:12} gen{mvs:3 evals:32} comp{mvs:3 btracks:0} #w_updates:0 #perturb:0)
#39      0.17s best:93463 next:[91650,93462] probing_no_lp
#40      0.17s best:93462 next:[91653,93461] ls_restart_compound(batch:1 lin{mvs:0 evals:189} gen{mvs:63 evals:517} comp{mvs:15 btracks:24} #w_updates:1 #perturb:0)
#41      0.18s best:93461 next:[91682,93460] ls_restart_decay_compound(batch:1 lin{mvs:0 evals:487} gen{mvs:174 evals:1'307} comp{mvs:28 btracks:73} #w_updates:1 #perturb:0)
#42      0.18s best:93460 next:[91682,93459] ls_restart_decay_perturb(batch:1 lin{mvs:4 evals:250} gen{mvs:54 evals:597} #w_updates:25 #perturb:0) [combined with: ls_restart_decay_com...]
#43      0.18s best:93459 next:[91682,93458] ls_restart_compound_perturb(batch:1 lin{mvs:0 evals:157} gen{mvs:57 evals:446} comp{mvs:19 btracks:19} #w_updates:1 #perturb:0)
#44      0.18s best:93447 next:[91682,93446] ls_restart_decay_perturb(batch:1 lin{mvs:3 evals:202} gen{mvs:41 evals:459} #w_updates:15 #perturb:0)
#45      0.18s best:93446 next:[91682,93445] ls_restart_compound_perturb(batch:1 lin{mvs:0 evals:27} gen{mvs:8 evals:81} comp{mvs:4 btracks:2} #w_updates:0 #perturb:0)
#46      0.18s best:93443 next:[91682,93442] ls_restart_decay_perturb(batch:1 lin{mvs:4 evals:86} gen{mvs:9 evals:102} #w_updates:0 #perturb:0)
#47      0.18s best:93442 next:[91682,93441] ls_lin_restart_decay_compound_perturb(batch:1 lin{mvs:0 evals:55} gen{mvs:14 evals:149} comp{mvs:12 btracks:1} #w_updates:0 #perturb:0)
#48      0.18s best:93441 next:[91682,93440] ls_restart(batch:1 lin{mvs:5 evals:98} gen{mvs:8 evals:103} #w_updates:1 #perturb:0)
#49      0.18s best:93437 next:[91682,93436] ls_restart_decay_perturb(batch:1 lin{mvs:3 evals:240} gen{mvs:51 evals:602} #w_updates:20 #perturb:0)
#50      0.18s best:93435 next:[91682,93434] ls_restart_decay_perturb(batch:1 lin{mvs:3 evals:240} gen{mvs:51 evals:602} #w_updates:20 #perturb:0) [combined with: ls_restart(batch:1 l...]
#51      0.18s best:93434 next:[91682,93433] ls_restart_compound_perturb(batch:1 lin{mvs:0 evals:151} gen{mvs:78 evals:493} comp{mvs:16 btracks:31} #w_updates:0 #perturb:0)
#52      0.19s best:93432 next:[91682,93431] ls_restart_decay_compound_perturb(batch:1 lin{mvs:0 evals:8} gen{mvs:2 evals:24} comp{mvs:2 btracks:0} #w_updates:0 #perturb:0)
#Done    0.20s probing_no_lp
#Bound   0.19s best:93432 next:[92092,93431] objective_lb_search_max_lp [skipped_logs=44]

Task timing                                  n [     min,      max]      avg      dev     time         n [     min,      max]      avg      dev    dtime
                             'core':         1 [198.22ms, 198.22ms] 198.22ms   0.00ns 198.22ms         1 [ 40.52ms,  40.52ms]  40.52ms   0.00ns  40.52ms
                       'default_lp':         1 [196.91ms, 196.91ms] 196.91ms   0.00ns 196.91ms         1 [ 34.04ms,  34.04ms]  34.04ms   0.00ns  34.04ms
                 'feasibility_pump':       161 [ 45.01us, 950.42us] 111.23us  96.74us  17.91ms       159 [ 23.95us, 263.69us]  25.61us  19.04us   4.07ms
                            'fixed':         1 [187.88ms, 187.88ms] 187.88ms   0.00ns 187.88ms         1 [ 39.91ms,  39.91ms]  39.91ms   0.00ns  39.91ms
                               'fj':         0 [  0.00ns,   0.00ns]   0.00ns   0.00ns   0.00ns         0 [  0.00ns,   0.00ns]   0.00ns   0.00ns   0.00ns
                               'fj':         0 [  0.00ns,   0.00ns]   0.00ns   0.00ns   0.00ns         0 [  0.00ns,   0.00ns]   0.00ns   0.00ns   0.00ns
                               'fj':         0 [  0.00ns,   0.00ns]   0.00ns   0.00ns   0.00ns         0 [  0.00ns,   0.00ns]   0.00ns   0.00ns   0.00ns
                               'fj':         0 [  0.00ns,   0.00ns]   0.00ns   0.00ns   0.00ns         0 [  0.00ns,   0.00ns]   0.00ns   0.00ns   0.00ns
                               'fj':         0 [  0.00ns,   0.00ns]   0.00ns   0.00ns   0.00ns         0 [  0.00ns,   0.00ns]   0.00ns   0.00ns   0.00ns
                               'fj':         0 [  0.00ns,   0.00ns]   0.00ns   0.00ns   0.00ns         0 [  0.00ns,   0.00ns]   0.00ns   0.00ns   0.00ns
                               'fj':         0 [  0.00ns,   0.00ns]   0.00ns   0.00ns   0.00ns         0 [  0.00ns,   0.00ns]   0.00ns   0.00ns   0.00ns
                               'fj':         0 [  0.00ns,   0.00ns]   0.00ns   0.00ns   0.00ns         0 [  0.00ns,   0.00ns]   0.00ns   0.00ns   0.00ns
                               'fj':         0 [  0.00ns,   0.00ns]   0.00ns   0.00ns   0.00ns         0 [  0.00ns,   0.00ns]   0.00ns   0.00ns   0.00ns
                               'fj':         0 [  0.00ns,   0.00ns]   0.00ns   0.00ns   0.00ns         0 [  0.00ns,   0.00ns]   0.00ns   0.00ns   0.00ns
                               'fj':         0 [  0.00ns,   0.00ns]   0.00ns   0.00ns   0.00ns         0 [  0.00ns,   0.00ns]   0.00ns   0.00ns   0.00ns
                               'fj':         0 [  0.00ns,   0.00ns]   0.00ns   0.00ns   0.00ns         0 [  0.00ns,   0.00ns]   0.00ns   0.00ns   0.00ns
                               'fj':         0 [  0.00ns,   0.00ns]   0.00ns   0.00ns   0.00ns         0 [  0.00ns,   0.00ns]   0.00ns   0.00ns   0.00ns
                               'fj':         0 [  0.00ns,   0.00ns]   0.00ns   0.00ns   0.00ns         0 [  0.00ns,   0.00ns]   0.00ns   0.00ns   0.00ns
                               'fj':         0 [  0.00ns,   0.00ns]   0.00ns   0.00ns   0.00ns         0 [  0.00ns,   0.00ns]   0.00ns   0.00ns   0.00ns
                               'fj':         0 [  0.00ns,   0.00ns]   0.00ns   0.00ns   0.00ns         0 [  0.00ns,   0.00ns]   0.00ns   0.00ns   0.00ns
                               'fj':         0 [  0.00ns,   0.00ns]   0.00ns   0.00ns   0.00ns         0 [  0.00ns,   0.00ns]   0.00ns   0.00ns   0.00ns
                               'fj':         0 [  0.00ns,   0.00ns]   0.00ns   0.00ns   0.00ns         0 [  0.00ns,   0.00ns]   0.00ns   0.00ns   0.00ns
                               'fj':         0 [  0.00ns,   0.00ns]   0.00ns   0.00ns   0.00ns         0 [  0.00ns,   0.00ns]   0.00ns   0.00ns   0.00ns
                               'fj':         0 [  0.00ns,   0.00ns]   0.00ns   0.00ns   0.00ns         0 [  0.00ns,   0.00ns]   0.00ns   0.00ns   0.00ns
                               'fj':         0 [  0.00ns,   0.00ns]   0.00ns   0.00ns   0.00ns         0 [  0.00ns,   0.00ns]   0.00ns   0.00ns   0.00ns
                               'fj':         0 [  0.00ns,   0.00ns]   0.00ns   0.00ns   0.00ns         0 [  0.00ns,   0.00ns]   0.00ns   0.00ns   0.00ns
                               'fj':         0 [  0.00ns,   0.00ns]   0.00ns   0.00ns   0.00ns         0 [  0.00ns,   0.00ns]   0.00ns   0.00ns   0.00ns
                               'fj':         0 [  0.00ns,   0.00ns]   0.00ns   0.00ns   0.00ns         0 [  0.00ns,   0.00ns]   0.00ns   0.00ns   0.00ns
                               'fj':         0 [  0.00ns,   0.00ns]   0.00ns   0.00ns   0.00ns         0 [  0.00ns,   0.00ns]   0.00ns   0.00ns   0.00ns
                           'fj_lin':         0 [  0.00ns,   0.00ns]   0.00ns   0.00ns   0.00ns         0 [  0.00ns,   0.00ns]   0.00ns   0.00ns   0.00ns
                           'fj_lin':         0 [  0.00ns,   0.00ns]   0.00ns   0.00ns   0.00ns         0 [  0.00ns,   0.00ns]   0.00ns   0.00ns   0.00ns
                           'fj_lin':         0 [  0.00ns,   0.00ns]   0.00ns   0.00ns   0.00ns         0 [  0.00ns,   0.00ns]   0.00ns   0.00ns   0.00ns
                           'fj_lin':         0 [  0.00ns,   0.00ns]   0.00ns   0.00ns   0.00ns         0 [  0.00ns,   0.00ns]   0.00ns   0.00ns   0.00ns
                           'fj_lin':         0 [  0.00ns,   0.00ns]   0.00ns   0.00ns   0.00ns         0 [  0.00ns,   0.00ns]   0.00ns   0.00ns   0.00ns
                           'fj_lin':         0 [  0.00ns,   0.00ns]   0.00ns   0.00ns   0.00ns         0 [  0.00ns,   0.00ns]   0.00ns   0.00ns   0.00ns
                           'fj_lin':         0 [  0.00ns,   0.00ns]   0.00ns   0.00ns   0.00ns         0 [  0.00ns,   0.00ns]   0.00ns   0.00ns   0.00ns
                           'fj_lin':         0 [  0.00ns,   0.00ns]   0.00ns   0.00ns   0.00ns         0 [  0.00ns,   0.00ns]   0.00ns   0.00ns   0.00ns
                           'fj_lin':         0 [  0.00ns,   0.00ns]   0.00ns   0.00ns   0.00ns         0 [  0.00ns,   0.00ns]   0.00ns   0.00ns   0.00ns
                           'fj_lin':         0 [  0.00ns,   0.00ns]   0.00ns   0.00ns   0.00ns         0 [  0.00ns,   0.00ns]   0.00ns   0.00ns   0.00ns
                           'fj_lin':         0 [  0.00ns,   0.00ns]   0.00ns   0.00ns   0.00ns         0 [  0.00ns,   0.00ns]   0.00ns   0.00ns   0.00ns
                           'fj_lin':         0 [  0.00ns,   0.00ns]   0.00ns   0.00ns   0.00ns         0 [  0.00ns,   0.00ns]   0.00ns   0.00ns   0.00ns
                        'fs_random':         0 [  0.00ns,   0.00ns]   0.00ns   0.00ns   0.00ns         0 [  0.00ns,   0.00ns]   0.00ns   0.00ns   0.00ns
                        'fs_random':         0 [  0.00ns,   0.00ns]   0.00ns   0.00ns   0.00ns         0 [  0.00ns,   0.00ns]   0.00ns   0.00ns   0.00ns
                        'fs_random':         0 [  0.00ns,   0.00ns]   0.00ns   0.00ns   0.00ns         0 [  0.00ns,   0.00ns]   0.00ns   0.00ns   0.00ns
                        'fs_random':         0 [  0.00ns,   0.00ns]   0.00ns   0.00ns   0.00ns         0 [  0.00ns,   0.00ns]   0.00ns   0.00ns   0.00ns
                        'fs_random':         0 [  0.00ns,   0.00ns]   0.00ns   0.00ns   0.00ns         0 [  0.00ns,   0.00ns]   0.00ns   0.00ns   0.00ns
                        'fs_random':         0 [  0.00ns,   0.00ns]   0.00ns   0.00ns   0.00ns         0 [  0.00ns,   0.00ns]   0.00ns   0.00ns   0.00ns
                        'fs_random':         0 [  0.00ns,   0.00ns]   0.00ns   0.00ns   0.00ns         0 [  0.00ns,   0.00ns]   0.00ns   0.00ns   0.00ns
                        'fs_random':         0 [  0.00ns,   0.00ns]   0.00ns   0.00ns   0.00ns         0 [  0.00ns,   0.00ns]   0.00ns   0.00ns   0.00ns
                        'fs_random':         0 [  0.00ns,   0.00ns]   0.00ns   0.00ns   0.00ns         0 [  0.00ns,   0.00ns]   0.00ns   0.00ns   0.00ns
                        'fs_random':         0 [  0.00ns,   0.00ns]   0.00ns   0.00ns   0.00ns         0 [  0.00ns,   0.00ns]   0.00ns   0.00ns   0.00ns
                        'fs_random':         0 [  0.00ns,   0.00ns]   0.00ns   0.00ns   0.00ns         0 [  0.00ns,   0.00ns]   0.00ns   0.00ns   0.00ns
                        'fs_random':         0 [  0.00ns,   0.00ns]   0.00ns   0.00ns   0.00ns         0 [  0.00ns,   0.00ns]   0.00ns   0.00ns   0.00ns
                  'fs_random_no_lp':         0 [  0.00ns,   0.00ns]   0.00ns   0.00ns   0.00ns         0 [  0.00ns,   0.00ns]   0.00ns   0.00ns   0.00ns
                  'fs_random_no_lp':         0 [  0.00ns,   0.00ns]   0.00ns   0.00ns   0.00ns         0 [  0.00ns,   0.00ns]   0.00ns   0.00ns   0.00ns
                  'fs_random_no_lp':         0 [  0.00ns,   0.00ns]   0.00ns   0.00ns   0.00ns         0 [  0.00ns,   0.00ns]   0.00ns   0.00ns   0.00ns
                  'fs_random_no_lp':         0 [  0.00ns,   0.00ns]   0.00ns   0.00ns   0.00ns         0 [  0.00ns,   0.00ns]   0.00ns   0.00ns   0.00ns
                  'fs_random_no_lp':         0 [  0.00ns,   0.00ns]   0.00ns   0.00ns   0.00ns         0 [  0.00ns,   0.00ns]   0.00ns   0.00ns   0.00ns
                  'fs_random_no_lp':         0 [  0.00ns,   0.00ns]   0.00ns   0.00ns   0.00ns         0 [  0.00ns,   0.00ns]   0.00ns   0.00ns   0.00ns
                  'fs_random_no_lp':         0 [  0.00ns,   0.00ns]   0.00ns   0.00ns   0.00ns         0 [  0.00ns,   0.00ns]   0.00ns   0.00ns   0.00ns
                  'fs_random_no_lp':         0 [  0.00ns,   0.00ns]   0.00ns   0.00ns   0.00ns         0 [  0.00ns,   0.00ns]   0.00ns   0.00ns   0.00ns
                  'fs_random_no_lp':         0 [  0.00ns,   0.00ns]   0.00ns   0.00ns   0.00ns         0 [  0.00ns,   0.00ns]   0.00ns   0.00ns   0.00ns
                  'fs_random_no_lp':         0 [  0.00ns,   0.00ns]   0.00ns   0.00ns   0.00ns         0 [  0.00ns,   0.00ns]   0.00ns   0.00ns   0.00ns
                  'fs_random_no_lp':         0 [  0.00ns,   0.00ns]   0.00ns   0.00ns   0.00ns         0 [  0.00ns,   0.00ns]   0.00ns   0.00ns   0.00ns
                  'fs_random_no_lp':         0 [  0.00ns,   0.00ns]   0.00ns   0.00ns   0.00ns         0 [  0.00ns,   0.00ns]   0.00ns   0.00ns   0.00ns
                  'fs_random_no_lp':         0 [  0.00ns,   0.00ns]   0.00ns   0.00ns   0.00ns         0 [  0.00ns,   0.00ns]   0.00ns   0.00ns   0.00ns
          'fs_random_quick_restart':         0 [  0.00ns,   0.00ns]   0.00ns   0.00ns   0.00ns         0 [  0.00ns,   0.00ns]   0.00ns   0.00ns   0.00ns
          'fs_random_quick_restart':         0 [  0.00ns,   0.00ns]   0.00ns   0.00ns   0.00ns         0 [  0.00ns,   0.00ns]   0.00ns   0.00ns   0.00ns
          'fs_random_quick_restart':         0 [  0.00ns,   0.00ns]   0.00ns   0.00ns   0.00ns         0 [  0.00ns,   0.00ns]   0.00ns   0.00ns   0.00ns
          'fs_random_quick_restart':         0 [  0.00ns,   0.00ns]   0.00ns   0.00ns   0.00ns         0 [  0.00ns,   0.00ns]   0.00ns   0.00ns   0.00ns
          'fs_random_quick_restart':         0 [  0.00ns,   0.00ns]   0.00ns   0.00ns   0.00ns         0 [  0.00ns,   0.00ns]   0.00ns   0.00ns   0.00ns
          'fs_random_quick_restart':         0 [  0.00ns,   0.00ns]   0.00ns   0.00ns   0.00ns         0 [  0.00ns,   0.00ns]   0.00ns   0.00ns   0.00ns
          'fs_random_quick_restart':         0 [  0.00ns,   0.00ns]   0.00ns   0.00ns   0.00ns         0 [  0.00ns,   0.00ns]   0.00ns   0.00ns   0.00ns
          'fs_random_quick_restart':         0 [  0.00ns,   0.00ns]   0.00ns   0.00ns   0.00ns         0 [  0.00ns,   0.00ns]   0.00ns   0.00ns   0.00ns
          'fs_random_quick_restart':         0 [  0.00ns,   0.00ns]   0.00ns   0.00ns   0.00ns         0 [  0.00ns,   0.00ns]   0.00ns   0.00ns   0.00ns
          'fs_random_quick_restart':         0 [  0.00ns,   0.00ns]   0.00ns   0.00ns   0.00ns         0 [  0.00ns,   0.00ns]   0.00ns   0.00ns   0.00ns
          'fs_random_quick_restart':         0 [  0.00ns,   0.00ns]   0.00ns   0.00ns   0.00ns         0 [  0.00ns,   0.00ns]   0.00ns   0.00ns   0.00ns
          'fs_random_quick_restart':         0 [  0.00ns,   0.00ns]   0.00ns   0.00ns   0.00ns         0 [  0.00ns,   0.00ns]   0.00ns   0.00ns   0.00ns
    'fs_random_quick_restart_no_lp':         0 [  0.00ns,   0.00ns]   0.00ns   0.00ns   0.00ns         0 [  0.00ns,   0.00ns]   0.00ns   0.00ns   0.00ns
    'fs_random_quick_restart_no_lp':         0 [  0.00ns,   0.00ns]   0.00ns   0.00ns   0.00ns         0 [  0.00ns,   0.00ns]   0.00ns   0.00ns   0.00ns
    'fs_random_quick_restart_no_lp':         0 [  0.00ns,   0.00ns]   0.00ns   0.00ns   0.00ns         0 [  0.00ns,   0.00ns]   0.00ns   0.00ns   0.00ns
    'fs_random_quick_restart_no_lp':         0 [  0.00ns,   0.00ns]   0.00ns   0.00ns   0.00ns         0 [  0.00ns,   0.00ns]   0.00ns   0.00ns   0.00ns
    'fs_random_quick_restart_no_lp':         0 [  0.00ns,   0.00ns]   0.00ns   0.00ns   0.00ns         0 [  0.00ns,   0.00ns]   0.00ns   0.00ns   0.00ns
    'fs_random_quick_restart_no_lp':         0 [  0.00ns,   0.00ns]   0.00ns   0.00ns   0.00ns         0 [  0.00ns,   0.00ns]   0.00ns   0.00ns   0.00ns
    'fs_random_quick_restart_no_lp':         0 [  0.00ns,   0.00ns]   0.00ns   0.00ns   0.00ns         0 [  0.00ns,   0.00ns]   0.00ns   0.00ns   0.00ns
    'fs_random_quick_restart_no_lp':         0 [  0.00ns,   0.00ns]   0.00ns   0.00ns   0.00ns         0 [  0.00ns,   0.00ns]   0.00ns   0.00ns   0.00ns
    'fs_random_quick_restart_no_lp':         0 [  0.00ns,   0.00ns]   0.00ns   0.00ns   0.00ns         0 [  0.00ns,   0.00ns]   0.00ns   0.00ns   0.00ns
    'fs_random_quick_restart_no_lp':         0 [  0.00ns,   0.00ns]   0.00ns   0.00ns   0.00ns         0 [  0.00ns,   0.00ns]   0.00ns   0.00ns   0.00ns
    'fs_random_quick_restart_no_lp':         0 [  0.00ns,   0.00ns]   0.00ns   0.00ns   0.00ns         0 [  0.00ns,   0.00ns]   0.00ns   0.00ns   0.00ns
    'fs_random_quick_restart_no_lp':         0 [  0.00ns,   0.00ns]   0.00ns   0.00ns   0.00ns         0 [  0.00ns,   0.00ns]   0.00ns   0.00ns   0.00ns
                    'graph_arc_lns':         6 [ 11.08ms, 148.92ms]  83.86ms  62.43ms 503.15ms         6 [542.19us,  26.86ms]  11.89ms   9.85ms  71.36ms
                    'graph_cst_lns':         6 [  4.31ms, 168.77ms]  87.25ms  66.24ms 523.53ms         6 [ 86.00us,  43.00ms]  18.34ms  16.62ms 110.02ms
                    'graph_dec_lns':         9 [  2.39ms, 140.55ms]  51.20ms  53.06ms 460.82ms         9 [ 36.15us,  30.81ms]   7.68ms  10.16ms  69.08ms
                    'graph_var_lns':         6 [  5.21ms, 165.02ms]  99.79ms  66.02ms 598.73ms         6 [195.95us,  19.03ms]  11.59ms   8.12ms  69.57ms
                     'lb_relax_lns':         8 [171.06us, 185.13ms]  63.41ms  70.17ms 507.31ms         6 [374.29us,  42.80ms]  14.16ms  14.89ms  84.96ms
                   'lb_tree_search':         1 [186.12ms, 186.12ms] 186.12ms   0.00ns 186.12ms         1 [ 13.41ms,  13.41ms]  13.41ms   0.00ns  13.41ms
                               'ls':         3 [ 52.47ms,  66.88ms]  58.82ms   6.01ms 176.45ms         3 [ 78.87ms, 100.05ms]  92.98ms   9.98ms 278.94ms
                               'ls':         3 [ 52.81ms,  64.59ms]  60.01ms   5.15ms 180.04ms         3 [ 91.13ms, 100.06ms]  97.08ms   4.21ms 291.24ms
                               'ls':         4 [ 25.92ms,  72.53ms]  45.10ms  17.37ms 180.41ms         4 [ 42.84ms, 100.13ms]  79.91ms  23.44ms 319.63ms
                               'ls':         5 [  2.03ms,  63.71ms]  31.28ms  24.31ms 156.39ms         5 [  4.54ms, 100.24ms]  64.54ms  43.76ms 322.70ms
                               'ls':         5 [  3.90ms,  72.07ms]  32.79ms  27.87ms 163.94ms         5 [  6.35ms, 100.13ms]  56.54ms  37.47ms 282.71ms
                               'ls':         5 [  9.05ms,  63.02ms]  34.88ms  22.71ms 174.42ms         5 [ 21.22ms, 100.14ms]  71.63ms  35.21ms 358.15ms
                               'ls':         5 [ 22.26ms,  51.35ms]  34.61ms  11.22ms 173.04ms         5 [ 44.01ms, 100.05ms]  76.77ms  23.58ms 383.87ms
                               'ls':         6 [  2.12ms,  61.54ms]  28.97ms  22.61ms 173.85ms         6 [  3.10ms, 100.11ms]  52.10ms  39.47ms 312.58ms
                               'ls':         6 [  2.21ms,  47.35ms]  30.00ms  14.91ms 180.03ms         6 [  7.35ms, 100.07ms]  76.69ms  35.14ms 460.17ms
                               'ls':         6 [  6.97ms,  51.68ms]  28.34ms  18.42ms 170.02ms         6 [ 14.39ms, 100.08ms]  61.06ms  33.85ms 366.35ms
                               'ls':         6 [454.05us,  51.08ms]  29.04ms  18.50ms 174.24ms         6 [510.83us, 100.06ms]  60.26ms  38.19ms 361.59ms
                               'ls':         7 [  1.13ms,  55.67ms]  25.07ms  19.33ms 175.48ms         7 [  2.91ms, 100.15ms]  61.54ms  44.72ms 430.79ms
                               'ls':         7 [191.76us,  65.11ms]  25.55ms  22.45ms 178.82ms         7 [118.04us, 100.12ms]  45.34ms  38.91ms 317.39ms
                               'ls':         8 [113.71us,  56.54ms]  22.35ms  19.85ms 178.80ms         8 [174.96us, 100.06ms]  53.21ms  46.09ms 425.69ms
                               'ls':         8 [225.54us,  67.14ms]  22.63ms  22.72ms 181.03ms         8 [173.02us, 100.02ms]  41.43ms  38.26ms 331.47ms
                               'ls':        11 [231.91us,  37.67ms]  15.71ms  16.60ms 172.78ms        11 [289.04us, 100.04ms]  36.41ms  42.32ms 400.51ms
                               'ls':        12 [256.15us,  61.50ms]  14.70ms  17.15ms 176.38ms        11 [  2.26ms, 100.09ms]  34.12ms  33.83ms 375.29ms
                               'ls':        12 [262.49us,  36.96ms]  14.33ms  13.77ms 172.00ms        12 [438.43us, 100.06ms]  38.77ms  39.89ms 465.19ms
                               'ls':        14 [ 88.21us,  48.77ms]  12.61ms  16.89ms 176.56ms        13 [519.05us, 100.10ms]  28.12ms  36.51ms 365.59ms
                           'ls_lin':         3 [ 33.50ms,  64.54ms]  53.37ms  14.09ms 160.10ms         3 [ 92.70ms, 100.06ms]  97.00ms   3.13ms 290.99ms
                           'ls_lin':         5 [  3.76ms,  56.63ms]  34.13ms  20.79ms 170.67ms         5 [  4.36ms, 100.09ms]  68.01ms  40.45ms 340.07ms
                           'ls_lin':         5 [ 13.00ms,  64.91ms]  35.71ms  16.63ms 178.56ms         5 [  9.16ms, 100.07ms]  73.28ms  36.12ms 366.42ms
                           'ls_lin':         5 [ 17.93ms,  39.93ms]  31.97ms   7.63ms 159.84ms         5 [ 46.96ms, 100.11ms]  84.64ms  21.01ms 423.19ms
                           'ls_lin':         5 [149.97us,  51.96ms]  35.62ms  18.70ms 178.09ms         4 [ 58.95ms, 100.05ms]  82.76ms  17.88ms 331.02ms
                           'ls_lin':         7 [ 68.38us,  64.02ms]  23.41ms  23.95ms 163.86ms         6 [  4.55ms, 100.01ms]  45.54ms  33.31ms 273.25ms
                           'ls_lin':         7 [359.65us,  61.21ms]  22.64ms  23.34ms 158.47ms         6 [  1.38ms, 100.13ms]  43.94ms  41.75ms 263.65ms
                           'ls_lin':         7 [439.57us,  56.03ms]  22.58ms  23.33ms 158.03ms         6 [  2.06ms, 100.16ms]  46.51ms  42.51ms 279.05ms
                           'ls_lin':         7 [602.82us,  53.54ms]  22.65ms  19.52ms 158.52ms         7 [254.28us, 100.12ms]  45.64ms  41.43ms 319.48ms
                           'ls_lin':        12 [130.78us,  48.51ms]  12.27ms  17.86ms 147.21ms        11 [287.13us, 100.04ms]  25.87ms  38.51ms 284.59ms
                           'max_lp':         1 [187.04ms, 187.04ms] 187.04ms   0.00ns 187.04ms         1 [ 26.59ms,  26.59ms]  26.59ms   0.00ns  26.59ms
                            'no_lp':         1 [193.92ms, 193.92ms] 193.92ms   0.00ns 193.92ms         1 [ 37.31ms,  37.31ms]  37.31ms   0.00ns  37.31ms
              'objective_lb_search':         1 [190.45ms, 190.45ms] 190.45ms   0.00ns 190.45ms         1 [ 40.80ms,  40.80ms]  40.80ms   0.00ns  40.80ms
       'objective_lb_search_max_lp':         1 [182.90ms, 182.90ms] 182.90ms   0.00ns 182.90ms         1 [ 17.29ms,  17.29ms]  17.29ms   0.00ns  17.29ms
        'objective_lb_search_no_lp':         1 [191.45ms, 191.45ms] 191.45ms   0.00ns 191.45ms         1 [ 43.46ms,  43.46ms]  43.46ms   0.00ns  43.46ms
         'objective_shaving_max_lp':        31 [602.01us,  13.19ms]   5.27ms   3.23ms 163.52ms        24 [ 27.28us,  71.01us]  55.94us  17.03us   1.34ms
          'objective_shaving_no_lp':        26 [501.62us,   9.62ms]   5.56ms   3.09ms 144.58ms        18 [ 34.76us,  62.44us]  56.74us  10.11us   1.02ms
                          'probing':         1 [197.32ms, 197.32ms] 197.32ms   0.00ns 197.32ms         1 [  5.60ms,   5.60ms]   5.60ms   0.00ns   5.60ms
                   'probing_max_lp':         1 [197.31ms, 197.31ms] 197.31ms   0.00ns 197.31ms         1 [  5.88ms,   5.88ms]   5.88ms   0.00ns   5.88ms
                    'probing_no_lp':         1 [182.25ms, 182.25ms] 182.25ms   0.00ns 182.25ms         1 [ 25.14ms,  25.14ms]  25.14ms   0.00ns  25.14ms
                     'pseudo_costs':         1 [186.55ms, 186.55ms] 186.55ms   0.00ns 186.55ms         1 [ 22.96ms,  22.96ms]  22.96ms   0.00ns  22.96ms
                    'quick_restart':         1 [187.97ms, 187.97ms] 187.97ms   0.00ns 187.97ms         1 [ 41.94ms,  41.94ms]  41.94ms   0.00ns  41.94ms
              'quick_restart_no_lp':         1 [197.55ms, 197.55ms] 197.55ms   0.00ns 197.55ms         1 [ 28.18ms,  28.18ms]  28.18ms   0.00ns  28.18ms
                    'reduced_costs':         1 [186.85ms, 186.85ms] 186.85ms   0.00ns 186.85ms         1 [ 14.41ms,  14.41ms]  14.41ms   0.00ns  14.41ms
                        'rins/rens':         8 [311.47us, 146.08ms]  71.89ms  63.81ms 575.12ms         7 [314.91us,  28.54ms]  14.41ms  12.24ms 100.87ms
                      'rnd_cst_lns':         9 [  4.64ms, 128.04ms]  53.11ms  47.99ms 478.01ms         9 [122.57us,  35.29ms]   9.91ms  12.20ms  89.22ms
                      'rnd_var_lns':         9 [  3.15ms, 187.38ms]  58.75ms  59.20ms 528.74ms         9 [ 22.71us,  18.95ms]   7.27ms   7.33ms  65.39ms
         'scheduling_intervals_lns':         4 [141.07ms, 186.89ms] 156.47ms  17.97ms 625.86ms         4 [ 15.62ms,  25.79ms]  22.37ms   4.14ms  89.50ms
       'scheduling_precedences_lns':         5 [ 25.33ms, 187.00ms] 125.18ms  53.65ms 625.91ms         5 [  2.23ms,  23.75ms]  13.37ms   7.21ms  66.86ms
  'scheduling_resource_windows_lns':         4 [120.17ms, 182.46ms] 146.82ms  22.52ms 587.28ms         4 [ 21.83ms,  41.82ms]  31.95ms   7.12ms 127.81ms
       'scheduling_time_window_lns':         4 [138.89ms, 183.64ms] 155.37ms  17.60ms 621.49ms         4 [ 12.32ms,  38.76ms]  22.50ms   9.94ms  89.99ms
                'variables_shaving':        65 [  3.91ms,  44.49ms]  13.12ms   9.23ms 853.10ms        63 [  4.77us,   2.84ms] 543.78us 746.94us  34.26ms
         'variables_shaving_max_lp':         9 [  5.86ms, 142.79ms]  50.84ms  45.63ms 457.53ms         9 [ 16.55us,  17.68ms]   7.21ms   6.66ms  64.91ms
          'variables_shaving_no_lp':        64 [  3.11ms,  58.13ms]  10.84ms   9.97ms 693.90ms        63 [  4.77us,   6.78ms] 523.67us   1.00ms  32.99ms

Search stats                        Bools  Conflicts  Branches  Restarts  BoolPropag  IntegerPropag
                           'core':  1'327        309     8'551     1'071     148'872         88'585
                     'default_lp':    537        445     2'137       525      32'449        261'634
                          'fixed':    730        596     3'865       538      45'852        297'723
                      'fs_random':      0          0         0         0           0              0
                      'fs_random':      0          0         0         0           0              0
                      'fs_random':      0          0         0         0           0              0
                      'fs_random':      0          0         0         0           0              0
                      'fs_random':      0          0         0         0           0              0
                      'fs_random':      0          0         0         0           0              0
                      'fs_random':      0          0         0         0           0              0
                      'fs_random':      0          0         0         0           0              0
                      'fs_random':      0          0         0         0           0              0
                      'fs_random':      0          0         0         0           0              0
                      'fs_random':      0          0         0         0           0              0
                      'fs_random':      0          0         0         0           0              0
                'fs_random_no_lp':      0          0         0         0           0              0
                'fs_random_no_lp':      0          0         0         0           0              0
                'fs_random_no_lp':      0          0         0         0           0              0
                'fs_random_no_lp':      0          0         0         0           0              0
                'fs_random_no_lp':      0          0         0         0           0              0
                'fs_random_no_lp':      0          0         0         0           0              0
                'fs_random_no_lp':      0          0         0         0           0              0
                'fs_random_no_lp':      0          0         0         0           0              0
                'fs_random_no_lp':      0          0         0         0           0              0
                'fs_random_no_lp':      0          0         0         0           0              0
                'fs_random_no_lp':      0          0         0         0           0              0
                'fs_random_no_lp':      0          0         0         0           0              0
                'fs_random_no_lp':      0          0         0         0           0              0
        'fs_random_quick_restart':      0          0         0         0           0              0
        'fs_random_quick_restart':      0          0         0         0           0              0
        'fs_random_quick_restart':      0          0         0         0           0              0
        'fs_random_quick_restart':      0          0         0         0           0              0
        'fs_random_quick_restart':      0          0         0         0           0              0
        'fs_random_quick_restart':      0          0         0         0           0              0
        'fs_random_quick_restart':      0          0         0         0           0              0
        'fs_random_quick_restart':      0          0         0         0           0              0
        'fs_random_quick_restart':      0          0         0         0           0              0
        'fs_random_quick_restart':      0          0         0         0           0              0
        'fs_random_quick_restart':      0          0         0         0           0              0
        'fs_random_quick_restart':      0          0         0         0           0              0
  'fs_random_quick_restart_no_lp':      0          0         0         0           0              0
  'fs_random_quick_restart_no_lp':      0          0         0         0           0              0
  'fs_random_quick_restart_no_lp':      0          0         0         0           0              0
  'fs_random_quick_restart_no_lp':      0          0         0         0           0              0
  'fs_random_quick_restart_no_lp':      0          0         0         0           0              0
  'fs_random_quick_restart_no_lp':      0          0         0         0           0              0
  'fs_random_quick_restart_no_lp':      0          0         0         0           0              0
  'fs_random_quick_restart_no_lp':      0          0         0         0           0              0
  'fs_random_quick_restart_no_lp':      0          0         0         0           0              0
  'fs_random_quick_restart_no_lp':      0          0         0         0           0              0
  'fs_random_quick_restart_no_lp':      0          0         0         0           0              0
  'fs_random_quick_restart_no_lp':      0          0         0         0           0              0
                 'lb_tree_search':    824         73     3'948     2'473      10'611         33'795
                         'max_lp':    306        306     3'823       996      14'045         95'000
                          'no_lp':    454        575     1'735       319      35'987        290'844
            'objective_lb_search':    317        573     3'039       260      24'269        322'282
     'objective_lb_search_max_lp':    841        144     2'986     2'565      17'106         55'735
      'objective_lb_search_no_lp':    576        827     2'306       158      48'957        333'232
                        'probing':  1'026         33     2'019     2'019      13'714         27'241
                 'probing_max_lp':    866         20     1'712     1'712       1'521         14'075
                  'probing_no_lp':  1'359        266     5'726     3'060      60'045        128'418
                   'pseudo_costs':    301        154     2'777       886       6'967         77'594
                  'quick_restart':    790        323     6'165       925      44'395        297'170
            'quick_restart_no_lp':    714        287     5'132       869      31'435        200'013
                  'reduced_costs':    979        116     3'126     2'469      14'376         48'056

SAT stats                           ClassicMinim  LitRemoved  LitLearned  LitForgotten  Subsumed  MClauses  MDecisions  MLitTrue  MSubsumed  MLitRemoved  MReused
                           'core':             0           0           7             0         0       393         466         0         30           90      290
                     'default_lp':           281         604       2'350             0         3         3           3         0          0            0        6
                          'fixed':           261         369       4'066             0         8         0           0         0          0            0        0
                      'fs_random':             0           0           0             0         0         0           0         0          0            0        0
                      'fs_random':             0           0           0             0         0         0           0         0          0            0        0
                      'fs_random':             0           0           0             0         0         0           0         0          0            0        0
                      'fs_random':             0           0           0             0         0         0           0         0          0            0        0
                      'fs_random':             0           0           0             0         0         0           0         0          0            0        0
                      'fs_random':             0           0           0             0         0         0           0         0          0            0        0
                      'fs_random':             0           0           0             0         0         0           0         0          0            0        0
                      'fs_random':             0           0           0             0         0         0           0         0          0            0        0
                      'fs_random':             0           0           0             0         0         0           0         0          0            0        0
                      'fs_random':             0           0           0             0         0         0           0         0          0            0        0
                      'fs_random':             0           0           0             0         0         0           0         0          0            0        0
                      'fs_random':             0           0           0             0         0         0           0         0          0            0        0
                'fs_random_no_lp':             0           0           0             0         0         0           0         0          0            0        0
                'fs_random_no_lp':             0           0           0             0         0         0           0         0          0            0        0
                'fs_random_no_lp':             0           0           0             0         0         0           0         0          0            0        0
                'fs_random_no_lp':             0           0           0             0         0         0           0         0          0            0        0
                'fs_random_no_lp':             0           0           0             0         0         0           0         0          0            0        0
                'fs_random_no_lp':             0           0           0             0         0         0           0         0          0            0        0
                'fs_random_no_lp':             0           0           0             0         0         0           0         0          0            0        0
                'fs_random_no_lp':             0           0           0             0         0         0           0         0          0            0        0
                'fs_random_no_lp':             0           0           0             0         0         0           0         0          0            0        0
                'fs_random_no_lp':             0           0           0             0         0         0           0         0          0            0        0
                'fs_random_no_lp':             0           0           0             0         0         0           0         0          0            0        0
                'fs_random_no_lp':             0           0           0             0         0         0           0         0          0            0        0
                'fs_random_no_lp':             0           0           0             0         0         0           0         0          0            0        0
        'fs_random_quick_restart':             0           0           0             0         0         0           0         0          0            0        0
        'fs_random_quick_restart':             0           0           0             0         0         0           0         0          0            0        0
        'fs_random_quick_restart':             0           0           0             0         0         0           0         0          0            0        0
        'fs_random_quick_restart':             0           0           0             0         0         0           0         0          0            0        0
        'fs_random_quick_restart':             0           0           0             0         0         0           0         0          0            0        0
        'fs_random_quick_restart':             0           0           0             0         0         0           0         0          0            0        0
        'fs_random_quick_restart':             0           0           0             0         0         0           0         0          0            0        0
        'fs_random_quick_restart':             0           0           0             0         0         0           0         0          0            0        0
        'fs_random_quick_restart':             0           0           0             0         0         0           0         0          0            0        0
        'fs_random_quick_restart':             0           0           0             0         0         0           0         0          0            0        0
        'fs_random_quick_restart':             0           0           0             0         0         0           0         0          0            0        0
        'fs_random_quick_restart':             0           0           0             0         0         0           0         0          0            0        0
  'fs_random_quick_restart_no_lp':             0           0           0             0         0         0           0         0          0            0        0
  'fs_random_quick_restart_no_lp':             0           0           0             0         0         0           0         0          0            0        0
  'fs_random_quick_restart_no_lp':             0           0           0             0         0         0           0         0          0            0        0
  'fs_random_quick_restart_no_lp':             0           0           0             0         0         0           0         0          0            0        0
  'fs_random_quick_restart_no_lp':             0           0           0             0         0         0           0         0          0            0        0
  'fs_random_quick_restart_no_lp':             0           0           0             0         0         0           0         0          0            0        0
  'fs_random_quick_restart_no_lp':             0           0           0             0         0         0           0         0          0            0        0
  'fs_random_quick_restart_no_lp':             0           0           0             0         0         0           0         0          0            0        0
  'fs_random_quick_restart_no_lp':             0           0           0             0         0         0           0         0          0            0        0
  'fs_random_quick_restart_no_lp':             0           0           0             0         0         0           0         0          0            0        0
  'fs_random_quick_restart_no_lp':             0           0           0             0         0         0           0         0          0            0        0
  'fs_random_quick_restart_no_lp':             0           0           0             0         0         0           0         0          0            0        0
                 'lb_tree_search':             0           0         145             0         0         0           0         0          0            0        0
                         'max_lp':           244         487       3'756             0         5         0           0         0          0            0        0
                          'no_lp':           554       2'938       2'476             0         1         0           0         0          0            0        0
            'objective_lb_search':           262         429       2'936             0        29       183         247         0         34          150      363
     'objective_lb_search_max_lp':            16          28         205             0         8         0           0         0          0            0        0
      'objective_lb_search_no_lp':           674       2'108       2'583             0        16       133         339         0         22          106       45
                        'probing':             0           0          33             0         0         0           0         0          0            0        0
                 'probing_max_lp':             0           0          20             0         0         0           0         0          0            0        0
                  'probing_no_lp':            78         182       1'093             0         9         4          10         0          2            9        2
                   'pseudo_costs':            68         121       1'252             0         4        59         181         0         27          159       53
                  'quick_restart':           294       1'035       2'468             0         5       200         434         0         87          359      123
            'quick_restart_no_lp':           230         770       2'093             0        10        98         270         0         32          163       16
                  'reduced_costs':            53         155         322             0         1         0           0         0          0            0        0

Lp stats                         Component  Iterations  AddedCuts  OPTIMAL  DUAL_F.  DUAL_U.
                  'default_lp':         18         154          0    4'246        0        0
                       'fixed':         18          33          0    2'604        0        0
              'lb_tree_search':          1         594        241      328        1        0
                      'max_lp':          1         913        166      952        8        0
         'objective_lb_search':         18          43          0    2'046        0        0
  'objective_lb_search_max_lp':          1         425        219      144        0        0
                     'probing':         18         168          0   26'576        0        0
              'probing_max_lp':          1         151        129      100        0        0
                'pseudo_costs':          1       1'008        214      474        5        0
               'quick_restart':         18         117          0    5'362        0        0
               'reduced_costs':          1         359        196      228        2        0

Lp dimension                     Final dimension of first component
                  'default_lp':        0 rows, 7 columns, 0 entries
                       'fixed':        0 rows, 7 columns, 0 entries
              'lb_tree_search':  143 rows, 168 columns, 370 entries
                      'max_lp':  148 rows, 168 columns, 353 entries
         'objective_lb_search':       5 rows, 7 columns, 10 entries
  'objective_lb_search_max_lp':  219 rows, 168 columns, 705 entries
                     'probing':        0 rows, 7 columns, 0 entries
              'probing_max_lp':  243 rows, 168 columns, 617 entries
                'pseudo_costs':  120 rows, 168 columns, 257 entries
               'quick_restart':        0 rows, 7 columns, 0 entries
               'reduced_costs':  115 rows, 168 columns, 273 entries

Lp debug                         CutPropag  CutEqPropag  Adjust  Overflow     Bad  BadScaling
                  'default_lp':          0            0       0         0       0           0
                       'fixed':          0            0       0         0       0           0
              'lb_tree_search':          0            0     328         0   3'034           0
                      'max_lp':          0            0     420         0   1'168           0
         'objective_lb_search':          0            0       0         0       0           0
  'objective_lb_search_max_lp':          0            2     121         0   7'612           0
                     'probing':          0            0       0         0       0           0
              'probing_max_lp':          0            0      99         0  19'350           0
                'pseudo_costs':          0            9     191         0   4'425           0
               'quick_restart':          0            0       0         0       0           0
               'reduced_costs':          0           10     172         0   2'776           0

Lp pool                          Constraints  Updates  Simplif  Merged  Shortened  Split  Strenghtened  Cuts/Call
                  'default_lp':          162        0        0       0          0      0             0        0/0
                       'fixed':          162        0        0       0          0      0             0        0/0
              'lb_tree_search':          382      348      129      21          0      0             0  241/1'926
                      'max_lp':          328       26      178       0          0      0             0  166/2'574
         'objective_lb_search':          162        0        0       0          0      0             0        0/0
  'objective_lb_search_max_lp':          377      828      725       4          0      0             0    219/682
                     'probing':          162        0        0       0          0      0             0        0/0
              'probing_max_lp':          290      169       21       1          0      0             0    129/716
                'pseudo_costs':          372      503      339       4          0      0             1  214/1'695
               'quick_restart':          162        0        0       0          0      0             0        0/0
               'reduced_costs':          354      463      311       4          0      0             1    196/825

Lp Cut                                                max_lp  reduced_costs  pseudo_costs  lb_tree_search  objective_lb_search_max_lp  probing_max_lp
                                              CG_FF:       -              -             -               -                           1               -
                                               CG_K:       1              2             4               1                           2               1
                                               CG_R:       3              5             6              17                           5               1
                                            MIR_1_K:       1              1             1               3                           3               -
                                            MIR_1_R:       2              1             4               4                           5               -
                                            MIR_2_K:       2              2             3               2                           2               1
                                            MIR_2_R:       4              4             3               3                           2               2
                                            MIR_3_K:       1              -             -               -                           -               1
                                            MIR_3_R:       2              -             -               -                           -               1
                                            MIR_5_K:       1              -             -               -                           -               -
                                            MIR_5_R:       1              -             -               -                           -               -
                                            MIR_6_R:       -              -             -               2                           -               -
                  NoOverlapCompletionTimeExhaustive:       8             17            24              14                          18               4
           NoOverlapCompletionTimeExhaustive_lifted:      13             19            21              16                          16              11
  NoOverlapCompletionTimeExhaustive_lifted_weighted:      20             27            24              29                          26              16
         NoOverlapCompletionTimeExhaustive_weighted:      21             20            32              36                          32              21
                    NoOverlapCompletionTimeQueyrane:       9             14            12              11                          12               8
             NoOverlapCompletionTimeQueyrane_lifted:      15             23            19              23                          32              13
                        NoOverlapDetectedPrecedence:       1              1             1               1                           1               -
                        NoOverlapDisjunctionOnStart:      59             56            59              79                          61              49
                                        ZERO_HALF_R:       2              4             1               -                           1               -

LNS stats                             Improv/Calls  Closed  Difficulty  TimeLimit
                    'graph_arc_lns':           4/6     50%    6.52e-01       0.10
                    'graph_cst_lns':           3/6     50%    6.52e-01       0.10
                    'graph_dec_lns':           7/9     67%    8.95e-01       0.10
                    'graph_var_lns':           5/6     33%    3.14e-01       0.10
                     'lb_relax_lns':           5/6     50%    6.52e-01       0.50
                        'rins/rens':           5/8     50%    7.00e-01       0.10
                      'rnd_cst_lns':           6/9     67%    8.95e-01       0.10
                      'rnd_var_lns':           5/9     67%    8.95e-01       0.10
         'scheduling_intervals_lns':           3/4      0%    8.55e-02       0.10
       'scheduling_precedences_lns':           5/5     20%    1.76e-01       0.10
  'scheduling_resource_windows_lns':           4/4     25%    2.48e-01       0.10
       'scheduling_time_window_lns':           3/4      0%    8.55e-02       0.10

LS stats                                    Batches  Restarts/Perturbs  LinMoves  GenMoves  CompoundMoves  Bactracks  WeightUpdates  ScoreComputed
                      'ls_decay_compound':        5                  6        34     4'165            105        390          2'501      1'410'989
                         'ls_lin_restart':        9                  9        61     6'156              0          0          6'573      2'406'588
                'ls_lin_restart_compound':        9                  9         0     3'565            239      1'663             27        706'212
        'ls_lin_restart_compound_perturb':        3                  3         0     6'134            402      2'865             44      1'071'604
                   'ls_lin_restart_decay':        8                  8        47     7'695              0          0          1'867      1'855'423
          'ls_lin_restart_decay_compound':        3                  3         0     1'657            249        704              5        433'112
  'ls_lin_restart_decay_compound_perturb':       11                 11         0     8'435            710      3'860             59      1'629'128
           'ls_lin_restart_decay_perturb':       10                 10       113     9'137              0          0          1'824      2'317'993
                 'ls_lin_restart_perturb':       10                 10        87     6'585              0          0          4'641      2'282'298
                             'ls_restart':       13                 13       111     9'478              0          0          7'634      3'616'294
                    'ls_restart_compound':       12                 12         0    17'455            865      8'292            136      2'731'386
            'ls_restart_compound_perturb':       22                 22         0    23'642          1'327     11'151            178      3'856'796
                       'ls_restart_decay':       18                 18       124    12'618              0          0          2'758      3'048'497
              'ls_restart_decay_compound':       16                 16         0    17'591          1'300      8'139            142      3'191'248
      'ls_restart_decay_compound_perturb':       15                 15         0    14'482            904      6'782            112      2'588'120
               'ls_restart_decay_perturb':       18                 18       128    15'123              0          0          3'341      3'622'489
                     'ls_restart_perturb':       14                 14       113     9'520              0          0          5'483      3'244'532

Solutions (52)                              Num     Rank
                                   'core':    1    [4,4]
                                  'fixed':    3   [3,10]
                          'graph_dec_lns':    1  [26,26]
                'ls_lin_restart_compound':    2   [6,17]
          'ls_lin_restart_decay_compound':    1  [34,34]
  'ls_lin_restart_decay_compound_perturb':    3  [11,47]
           'ls_lin_restart_decay_perturb':    3  [35,37]
                             'ls_restart':    1  [48,48]
                    'ls_restart_compound':    2  [23,40]
            'ls_restart_compound_perturb':    7  [20,51]
                       'ls_restart_decay':    2  [15,16]
              'ls_restart_decay_compound':    2  [24,41]
      'ls_restart_decay_compound_perturb':    4  [22,52]
               'ls_restart_decay_perturb':    6  [13,50]
                     'ls_restart_perturb':    3  [18,32]
                                  'no_lp':    2    [1,2]
                          'probing_no_lp':    2  [30,39]
                          'quick_restart':    2   [8,19]
                    'quick_restart_no_lp':    1    [5,5]
                            'rins_lp_lns':    3   [9,27]
                            'rnd_cst_lns':    1  [28,28]

Objective bounds                 Num
                   'bool_core':   41
              'initial_domain':    1
                      'max_lp':    3
  'objective_lb_search_max_lp':   14
   'objective_lb_search_no_lp':    6
              'probing_max_lp':    1

Solution repositories    Added  Queried  Synchro
  'feasible solutions':    289      358      154
   'fj solution hints':      0        0        0
        'lp solutions':     10        7       10
                'pump':    160        1

Improving bounds shared            Num  Sym
                        'core':      2    0
                  'default_lp':     69    0
                       'fixed':     72    0
              'lb_tree_search':      3    0
                      'max_lp':    543    0
                       'no_lp':     86    0
         'objective_lb_search':      5    0
  'objective_lb_search_max_lp':  1'033    0
                     'probing':     23    0
              'probing_max_lp':    145    0
               'probing_no_lp':    423    0
                'pseudo_costs':     85    0
               'quick_restart':     56    0
         'quick_restart_no_lp':     64    0
               'reduced_costs':     22    0

CpSolverResponse summary:
status: OPTIMAL
objective: 93432
best_bound: 93432
integers: 0
booleans: 0
conflicts: 0
branches: 0
propagations: 0
integer_propagations: 0
restarts: 0
lp_iterations: 0
walltime: 0.216989
usertime: 0.216989
deterministic_time: 11.6323
gap_integral: 72.2394
solution_fingerprint: 0x2f664fd3456e534d

