
Starting CP-SAT solver v9.14.6206
Parameters: max_time_in_seconds: 300 log_search_progress: true num_search_workers: 104 relative_gap_limit: 0.005

Initial optimization model '': (model_fingerprint: 0x709a487462adeb9c)
#Variables: 536 (#ints: 54 in objective) (456 primary variables)
  - 80 in [0,50301]
  - 56 in [34560,50301]
  - 400 in [36000,50301]
#kInterval: 230 (#fixed: 2)
#kLinMax: 80 (#expressions: 160)
#kLinear1: 26
#kLinear2: 202
#kNoOverlap: 10 (#intervals: 230, #fixed_intervals: 2)

Starting presolve at 0.00s
  8.47e-05s  0.00e+00d  [DetectDominanceRelations] 
  2.12e-03s  0.00e+00d  [PresolveToFixPoint] #num_loops=10 #num_dual_strengthening=1 
  2.39e-06s  0.00e+00d  [ExtractEncodingFromLinear] 
  1.19e-05s  0.00e+00d  [DetectDuplicateColumns] 
  7.13e-05s  0.00e+00d  [DetectDuplicateConstraints] 
[Symmetry] Graph for symmetry has 1'291 nodes and 1'239 arcs.
[Symmetry] Symmetry computation done. time: 0.00011774 dtime: 0.00013965
  7.30e-05s  0.00e+00d  [DetectDuplicateConstraintsWithDifferentEnforcements] 
  6.11e-04s  4.27e-06d  [Probe] #new_bounds=11 
  2.25e-06s  0.00e+00d  [MaxClique] 
  7.17e-05s  0.00e+00d  [DetectDominanceRelations] 
  4.45e-04s  0.00e+00d  [PresolveToFixPoint] #num_loops=2 #num_dual_strengthening=1 
  3.39e-05s  0.00e+00d  [ProcessAtMostOneAndLinear] 
  6.56e-05s  0.00e+00d  [DetectDuplicateConstraints] 
  6.34e-05s  0.00e+00d  [DetectDuplicateConstraintsWithDifferentEnforcements] 
  2.86e-05s  1.37e-06d  [DetectDominatedLinearConstraints] #relevant_constraints=228 
  3.08e-05s  0.00e+00d  [DetectDifferentVariables] 
  2.39e-06s  0.00e+00d  [ProcessSetPPC] 
  2.54e-06s  0.00e+00d  [FindAlmostIdenticalLinearConstraints] 
  1.21e-05s  0.00e+00d  [FindBigAtMostOneAndLinearOverlap] 
  1.90e-05s  8.44e-06d  [FindBigVerticalLinearOverlap] 
  1.90e-06s  0.00e+00d  [FindBigHorizontalLinearOverlap] 
  1.62e-06s  0.00e+00d  [MergeClauses] 
  6.54e-05s  0.00e+00d  [DetectDominanceRelations] 
  3.81e-04s  0.00e+00d  [PresolveToFixPoint] #num_loops=1 #num_dual_strengthening=1 
  6.80e-05s  0.00e+00d  [DetectDominanceRelations] 
  3.79e-04s  0.00e+00d  [PresolveToFixPoint] #num_loops=1 #num_dual_strengthening=1 
  1.08e-05s  0.00e+00d  [DetectDuplicateColumns] 
  6.35e-05s  0.00e+00d  [DetectDuplicateConstraints] 
[Symmetry] Graph for symmetry has 1'289 nodes and 1'237 arcs.
[Symmetry] Symmetry computation done. time: 8.181e-05 dtime: 0.00013949
  6.64e-05s  0.00e+00d  [DetectDuplicateConstraintsWithDifferentEnforcements] 
  5.10e-04s  2.36e-06d  [Probe] 
  1.70e-06s  0.00e+00d  [MaxClique] 
  6.79e-05s  0.00e+00d  [DetectDominanceRelations] 
  4.15e-04s  0.00e+00d  [PresolveToFixPoint] #num_loops=1 #num_dual_strengthening=1 
  2.82e-05s  0.00e+00d  [ProcessAtMostOneAndLinear] 
  6.45e-05s  0.00e+00d  [DetectDuplicateConstraints] 
  6.35e-05s  0.00e+00d  [DetectDuplicateConstraintsWithDifferentEnforcements] 
  2.78e-05s  1.37e-06d  [DetectDominatedLinearConstraints] #relevant_constraints=228 
  3.00e-05s  0.00e+00d  [DetectDifferentVariables] 
  2.24e-06s  0.00e+00d  [ProcessSetPPC] 
  2.58e-06s  0.00e+00d  [FindAlmostIdenticalLinearConstraints] 
  1.19e-05s  0.00e+00d  [FindBigAtMostOneAndLinearOverlap] 
  1.67e-05s  8.44e-06d  [FindBigVerticalLinearOverlap] 
  1.79e-06s  0.00e+00d  [FindBigHorizontalLinearOverlap] 
  1.46e-06s  0.00e+00d  [MergeClauses] 
  6.79e-05s  0.00e+00d  [DetectDominanceRelations] 
  3.80e-04s  0.00e+00d  [PresolveToFixPoint] #num_loops=1 #num_dual_strengthening=1 
  1.49e-05s  0.00e+00d  [ExpandObjective] 

Presolve summary:
  - 237 affine relations were detected.
  - rule 'TODO dual: only one blocking constraint?' was applied 420 times.
  - rule 'TODO dual: only one unspecified blocking constraint?' was applied 156 times.
  - rule 'affine: new relation' was applied 237 times.
  - rule 'intervals: removed unused interval' was applied 2 times.
  - rule 'lin_max: converted abs to equality' was applied 9 times.
  - rule 'lin_max: propagate domain from x to abs(x)' was applied 49 times.
  - rule 'lin_max: rewrite with precedences' was applied 26 times.
  - rule 'lin_max: target domain reduced' was applied 52 times.
  - rule 'lin_max: unused affine target' was applied 26 times.
  - rule 'linear1: x in domain' was applied 19 times.
  - rule 'linear: always true' was applied 33 times.
  - rule 'linear: reduced variable domains' was applied 1'199 times.
  - rule 'linear: remapped using affine relations' was applied 500 times.
  - rule 'no_overlap: split into disjoint components' was applied 2 times.
  - rule 'presolve: 0 unused variables removed.' was applied 1 time.
  - rule 'presolve: iteration' was applied 2 times.

Presolved optimization model '': (model_fingerprint: 0x9a401162527e807a)
#Variables: 273 (#ints: 54 in objective) (228 primary variables)
  - 239 different domains in [0,50280] with a largest complexity of 1.
#kInterval: 228
#kLinMax: 19 (#expressions: 38)
#kLinear2: 228
#kNoOverlap: 10 (#intervals: 228)
[Symmetry] Graph for symmetry has 1'026 nodes and 1'237 arcs.
[Symmetry] Symmetry computation done. time: 8.0025e-05 dtime: 0.00012371

Preloading model.
#Bound   0.01s best:inf   next:[349,725588] initial_domain
#Model   0.01s var:273/273 constraints:485/485

Starting search at 0.01s with 104 workers.
18 full problem subsolvers: [core, default_lp, fixed, lb_tree_search, max_lp, no_lp, objective_lb_search, objective_lb_search_max_lp, objective_lb_search_no_lp, objective_shaving_max_lp, objective_shaving_no_lp, probing, probing_max_lp, probing_no_lp, pseudo_costs, quick_restart, quick_restart_no_lp, reduced_costs]
86 first solution subsolvers: [fj(25), fj_lin(12), fs_random(12), fs_random_no_lp(13), fs_random_quick_restart(12), fs_random_quick_restart_no_lp(12)]
45 interleaved subsolvers: [feasibility_pump, graph_arc_lns, graph_cst_lns, graph_dec_lns, graph_var_lns, lb_relax_lns, ls(19), ls_lin(10), rins/rens, rnd_cst_lns, rnd_var_lns, scheduling_intervals_lns, scheduling_precedences_lns, scheduling_resource_windows_lns, scheduling_time_window_lns, variables_shaving, variables_shaving_max_lp, variables_shaving_no_lp]
3 helper subsolvers: [neighborhood_helper, synchronization_agent, update_gap_integral]

#1       0.02s best:18577 next:[349,18576] quick_restart_no_lp
#2       0.02s best:349   next:[]         core
#Done    0.02s core

Task timing                                  n [     min,      max]      avg      dev     time         n [     min,      max]      avg      dev    dtime
                             'core':         1 [  7.93ms,   7.93ms]   7.93ms   0.00ns   7.93ms         1 [511.79us, 511.79us] 511.79us   0.00ns 511.79us
                       'default_lp':         1 [  8.53ms,   8.53ms]   8.53ms   0.00ns   8.53ms         1 [324.58us, 324.58us] 324.58us   0.00ns 324.58us
                 'feasibility_pump':         0 [  0.00ns,   0.00ns]   0.00ns   0.00ns   0.00ns         0 [  0.00ns,   0.00ns]   0.00ns   0.00ns   0.00ns
                            'fixed':         1 [  8.30ms,   8.30ms]   8.30ms   0.00ns   8.30ms         1 [492.03us, 492.03us] 492.03us   0.00ns 492.03us
                               'fj':         0 [  0.00ns,   0.00ns]   0.00ns   0.00ns   0.00ns         0 [  0.00ns,   0.00ns]   0.00ns   0.00ns   0.00ns
                               'fj':         0 [  0.00ns,   0.00ns]   0.00ns   0.00ns   0.00ns         0 [  0.00ns,   0.00ns]   0.00ns   0.00ns   0.00ns
                               'fj':         0 [  0.00ns,   0.00ns]   0.00ns   0.00ns   0.00ns         0 [  0.00ns,   0.00ns]   0.00ns   0.00ns   0.00ns
                               'fj':         0 [  0.00ns,   0.00ns]   0.00ns   0.00ns   0.00ns         0 [  0.00ns,   0.00ns]   0.00ns   0.00ns   0.00ns
                               'fj':         0 [  0.00ns,   0.00ns]   0.00ns   0.00ns   0.00ns         0 [  0.00ns,   0.00ns]   0.00ns   0.00ns   0.00ns
                               'fj':         0 [  0.00ns,   0.00ns]   0.00ns   0.00ns   0.00ns         0 [  0.00ns,   0.00ns]   0.00ns   0.00ns   0.00ns
                               'fj':         0 [  0.00ns,   0.00ns]   0.00ns   0.00ns   0.00ns         0 [  0.00ns,   0.00ns]   0.00ns   0.00ns   0.00ns
                               'fj':         0 [  0.00ns,   0.00ns]   0.00ns   0.00ns   0.00ns         0 [  0.00ns,   0.00ns]   0.00ns   0.00ns   0.00ns
                               'fj':         0 [  0.00ns,   0.00ns]   0.00ns   0.00ns   0.00ns         0 [  0.00ns,   0.00ns]   0.00ns   0.00ns   0.00ns
                               'fj':         0 [  0.00ns,   0.00ns]   0.00ns   0.00ns   0.00ns         0 [  0.00ns,   0.00ns]   0.00ns   0.00ns   0.00ns
                               'fj':         0 [  0.00ns,   0.00ns]   0.00ns   0.00ns   0.00ns         0 [  0.00ns,   0.00ns]   0.00ns   0.00ns   0.00ns
                               'fj':         0 [  0.00ns,   0.00ns]   0.00ns   0.00ns   0.00ns         0 [  0.00ns,   0.00ns]   0.00ns   0.00ns   0.00ns
                               'fj':         0 [  0.00ns,   0.00ns]   0.00ns   0.00ns   0.00ns         0 [  0.00ns,   0.00ns]   0.00ns   0.00ns   0.00ns
                               'fj':         0 [  0.00ns,   0.00ns]   0.00ns   0.00ns   0.00ns         0 [  0.00ns,   0.00ns]   0.00ns   0.00ns   0.00ns
                               'fj':         0 [  0.00ns,   0.00ns]   0.00ns   0.00ns   0.00ns         0 [  0.00ns,   0.00ns]   0.00ns   0.00ns   0.00ns
                               'fj':         0 [  0.00ns,   0.00ns]   0.00ns   0.00ns   0.00ns         0 [  0.00ns,   0.00ns]   0.00ns   0.00ns   0.00ns
                               'fj':         0 [  0.00ns,   0.00ns]   0.00ns   0.00ns   0.00ns         0 [  0.00ns,   0.00ns]   0.00ns   0.00ns   0.00ns
                               'fj':         0 [  0.00ns,   0.00ns]   0.00ns   0.00ns   0.00ns         0 [  0.00ns,   0.00ns]   0.00ns   0.00ns   0.00ns
                               'fj':         0 [  0.00ns,   0.00ns]   0.00ns   0.00ns   0.00ns         0 [  0.00ns,   0.00ns]   0.00ns   0.00ns   0.00ns
                               'fj':         0 [  0.00ns,   0.00ns]   0.00ns   0.00ns   0.00ns         0 [  0.00ns,   0.00ns]   0.00ns   0.00ns   0.00ns
                               'fj':         0 [  0.00ns,   0.00ns]   0.00ns   0.00ns   0.00ns         0 [  0.00ns,   0.00ns]   0.00ns   0.00ns   0.00ns
                               'fj':         0 [  0.00ns,   0.00ns]   0.00ns   0.00ns   0.00ns         0 [  0.00ns,   0.00ns]   0.00ns   0.00ns   0.00ns
                               'fj':         0 [  0.00ns,   0.00ns]   0.00ns   0.00ns   0.00ns         0 [  0.00ns,   0.00ns]   0.00ns   0.00ns   0.00ns
                               'fj':         0 [  0.00ns,   0.00ns]   0.00ns   0.00ns   0.00ns         0 [  0.00ns,   0.00ns]   0.00ns   0.00ns   0.00ns
                               'fj':         0 [  0.00ns,   0.00ns]   0.00ns   0.00ns   0.00ns         0 [  0.00ns,   0.00ns]   0.00ns   0.00ns   0.00ns
                           'fj_lin':         0 [  0.00ns,   0.00ns]   0.00ns   0.00ns   0.00ns         0 [  0.00ns,   0.00ns]   0.00ns   0.00ns   0.00ns
                           'fj_lin':         0 [  0.00ns,   0.00ns]   0.00ns   0.00ns   0.00ns         0 [  0.00ns,   0.00ns]   0.00ns   0.00ns   0.00ns
                           'fj_lin':         0 [  0.00ns,   0.00ns]   0.00ns   0.00ns   0.00ns         0 [  0.00ns,   0.00ns]   0.00ns   0.00ns   0.00ns
                           'fj_lin':         0 [  0.00ns,   0.00ns]   0.00ns   0.00ns   0.00ns         0 [  0.00ns,   0.00ns]   0.00ns   0.00ns   0.00ns
                           'fj_lin':         0 [  0.00ns,   0.00ns]   0.00ns   0.00ns   0.00ns         0 [  0.00ns,   0.00ns]   0.00ns   0.00ns   0.00ns
                           'fj_lin':         0 [  0.00ns,   0.00ns]   0.00ns   0.00ns   0.00ns         0 [  0.00ns,   0.00ns]   0.00ns   0.00ns   0.00ns
                           'fj_lin':         0 [  0.00ns,   0.00ns]   0.00ns   0.00ns   0.00ns         0 [  0.00ns,   0.00ns]   0.00ns   0.00ns   0.00ns
                           'fj_lin':         0 [  0.00ns,   0.00ns]   0.00ns   0.00ns   0.00ns         0 [  0.00ns,   0.00ns]   0.00ns   0.00ns   0.00ns
                           'fj_lin':         0 [  0.00ns,   0.00ns]   0.00ns   0.00ns   0.00ns         0 [  0.00ns,   0.00ns]   0.00ns   0.00ns   0.00ns
                           'fj_lin':         0 [  0.00ns,   0.00ns]   0.00ns   0.00ns   0.00ns         0 [  0.00ns,   0.00ns]   0.00ns   0.00ns   0.00ns
                           'fj_lin':         0 [  0.00ns,   0.00ns]   0.00ns   0.00ns   0.00ns         0 [  0.00ns,   0.00ns]   0.00ns   0.00ns   0.00ns
                           'fj_lin':         0 [  0.00ns,   0.00ns]   0.00ns   0.00ns   0.00ns         0 [  0.00ns,   0.00ns]   0.00ns   0.00ns   0.00ns
                        'fs_random':         0 [  0.00ns,   0.00ns]   0.00ns   0.00ns   0.00ns         0 [  0.00ns,   0.00ns]   0.00ns   0.00ns   0.00ns
                        'fs_random':         0 [  0.00ns,   0.00ns]   0.00ns   0.00ns   0.00ns         0 [  0.00ns,   0.00ns]   0.00ns   0.00ns   0.00ns
                        'fs_random':         0 [  0.00ns,   0.00ns]   0.00ns   0.00ns   0.00ns         0 [  0.00ns,   0.00ns]   0.00ns   0.00ns   0.00ns
                        'fs_random':         0 [  0.00ns,   0.00ns]   0.00ns   0.00ns   0.00ns         0 [  0.00ns,   0.00ns]   0.00ns   0.00ns   0.00ns
                        'fs_random':         0 [  0.00ns,   0.00ns]   0.00ns   0.00ns   0.00ns         0 [  0.00ns,   0.00ns]   0.00ns   0.00ns   0.00ns
                        'fs_random':         0 [  0.00ns,   0.00ns]   0.00ns   0.00ns   0.00ns         0 [  0.00ns,   0.00ns]   0.00ns   0.00ns   0.00ns
                        'fs_random':         0 [  0.00ns,   0.00ns]   0.00ns   0.00ns   0.00ns         0 [  0.00ns,   0.00ns]   0.00ns   0.00ns   0.00ns
                        'fs_random':         0 [  0.00ns,   0.00ns]   0.00ns   0.00ns   0.00ns         0 [  0.00ns,   0.00ns]   0.00ns   0.00ns   0.00ns
                        'fs_random':         0 [  0.00ns,   0.00ns]   0.00ns   0.00ns   0.00ns         0 [  0.00ns,   0.00ns]   0.00ns   0.00ns   0.00ns
                        'fs_random':         1 [  2.55ms,   2.55ms]   2.55ms   0.00ns   2.55ms         0 [  0.00ns,   0.00ns]   0.00ns   0.00ns   0.00ns
                        'fs_random':         1 [  3.11ms,   3.11ms]   3.11ms   0.00ns   3.11ms         1 [ 50.85us,  50.85us]  50.85us   0.00ns  50.85us
                        'fs_random':         1 [227.75us, 227.75us] 227.75us   0.00ns 227.75us         0 [  0.00ns,   0.00ns]   0.00ns   0.00ns   0.00ns
                  'fs_random_no_lp':         0 [  0.00ns,   0.00ns]   0.00ns   0.00ns   0.00ns         0 [  0.00ns,   0.00ns]   0.00ns   0.00ns   0.00ns
                  'fs_random_no_lp':         0 [  0.00ns,   0.00ns]   0.00ns   0.00ns   0.00ns         0 [  0.00ns,   0.00ns]   0.00ns   0.00ns   0.00ns
                  'fs_random_no_lp':         0 [  0.00ns,   0.00ns]   0.00ns   0.00ns   0.00ns         0 [  0.00ns,   0.00ns]   0.00ns   0.00ns   0.00ns
                  'fs_random_no_lp':         0 [  0.00ns,   0.00ns]   0.00ns   0.00ns   0.00ns         0 [  0.00ns,   0.00ns]   0.00ns   0.00ns   0.00ns
                  'fs_random_no_lp':         0 [  0.00ns,   0.00ns]   0.00ns   0.00ns   0.00ns         0 [  0.00ns,   0.00ns]   0.00ns   0.00ns   0.00ns
                  'fs_random_no_lp':         0 [  0.00ns,   0.00ns]   0.00ns   0.00ns   0.00ns         0 [  0.00ns,   0.00ns]   0.00ns   0.00ns   0.00ns
                  'fs_random_no_lp':         0 [  0.00ns,   0.00ns]   0.00ns   0.00ns   0.00ns         0 [  0.00ns,   0.00ns]   0.00ns   0.00ns   0.00ns
                  'fs_random_no_lp':         0 [  0.00ns,   0.00ns]   0.00ns   0.00ns   0.00ns         0 [  0.00ns,   0.00ns]   0.00ns   0.00ns   0.00ns
                  'fs_random_no_lp':         0 [  0.00ns,   0.00ns]   0.00ns   0.00ns   0.00ns         0 [  0.00ns,   0.00ns]   0.00ns   0.00ns   0.00ns
                  'fs_random_no_lp':         0 [  0.00ns,   0.00ns]   0.00ns   0.00ns   0.00ns         0 [  0.00ns,   0.00ns]   0.00ns   0.00ns   0.00ns
                  'fs_random_no_lp':         1 [  1.13ms,   1.13ms]   1.13ms   0.00ns   1.13ms         0 [  0.00ns,   0.00ns]   0.00ns   0.00ns   0.00ns
                  'fs_random_no_lp':         1 [  2.03ms,   2.03ms]   2.03ms   0.00ns   2.03ms         0 [  0.00ns,   0.00ns]   0.00ns   0.00ns   0.00ns
                  'fs_random_no_lp':         1 [  3.32ms,   3.32ms]   3.32ms   0.00ns   3.32ms         1 [223.89us, 223.89us] 223.89us   0.00ns 223.89us
          'fs_random_quick_restart':         0 [  0.00ns,   0.00ns]   0.00ns   0.00ns   0.00ns         0 [  0.00ns,   0.00ns]   0.00ns   0.00ns   0.00ns
          'fs_random_quick_restart':         0 [  0.00ns,   0.00ns]   0.00ns   0.00ns   0.00ns         0 [  0.00ns,   0.00ns]   0.00ns   0.00ns   0.00ns
          'fs_random_quick_restart':         0 [  0.00ns,   0.00ns]   0.00ns   0.00ns   0.00ns         0 [  0.00ns,   0.00ns]   0.00ns   0.00ns   0.00ns
          'fs_random_quick_restart':         0 [  0.00ns,   0.00ns]   0.00ns   0.00ns   0.00ns         0 [  0.00ns,   0.00ns]   0.00ns   0.00ns   0.00ns
          'fs_random_quick_restart':         0 [  0.00ns,   0.00ns]   0.00ns   0.00ns   0.00ns         0 [  0.00ns,   0.00ns]   0.00ns   0.00ns   0.00ns
          'fs_random_quick_restart':         0 [  0.00ns,   0.00ns]   0.00ns   0.00ns   0.00ns         0 [  0.00ns,   0.00ns]   0.00ns   0.00ns   0.00ns
          'fs_random_quick_restart':         0 [  0.00ns,   0.00ns]   0.00ns   0.00ns   0.00ns         0 [  0.00ns,   0.00ns]   0.00ns   0.00ns   0.00ns
          'fs_random_quick_restart':         0 [  0.00ns,   0.00ns]   0.00ns   0.00ns   0.00ns         0 [  0.00ns,   0.00ns]   0.00ns   0.00ns   0.00ns
          'fs_random_quick_restart':         0 [  0.00ns,   0.00ns]   0.00ns   0.00ns   0.00ns         0 [  0.00ns,   0.00ns]   0.00ns   0.00ns   0.00ns
          'fs_random_quick_restart':         0 [  0.00ns,   0.00ns]   0.00ns   0.00ns   0.00ns         0 [  0.00ns,   0.00ns]   0.00ns   0.00ns   0.00ns
          'fs_random_quick_restart':         1 [  2.22ms,   2.22ms]   2.22ms   0.00ns   2.22ms         0 [  0.00ns,   0.00ns]   0.00ns   0.00ns   0.00ns
          'fs_random_quick_restart':         1 [  2.70ms,   2.70ms]   2.70ms   0.00ns   2.70ms         1 [ 19.73us,  19.73us]  19.73us   0.00ns  19.73us
    'fs_random_quick_restart_no_lp':         0 [  0.00ns,   0.00ns]   0.00ns   0.00ns   0.00ns         0 [  0.00ns,   0.00ns]   0.00ns   0.00ns   0.00ns
    'fs_random_quick_restart_no_lp':         0 [  0.00ns,   0.00ns]   0.00ns   0.00ns   0.00ns         0 [  0.00ns,   0.00ns]   0.00ns   0.00ns   0.00ns
    'fs_random_quick_restart_no_lp':         0 [  0.00ns,   0.00ns]   0.00ns   0.00ns   0.00ns         0 [  0.00ns,   0.00ns]   0.00ns   0.00ns   0.00ns
    'fs_random_quick_restart_no_lp':         0 [  0.00ns,   0.00ns]   0.00ns   0.00ns   0.00ns         0 [  0.00ns,   0.00ns]   0.00ns   0.00ns   0.00ns
    'fs_random_quick_restart_no_lp':         0 [  0.00ns,   0.00ns]   0.00ns   0.00ns   0.00ns         0 [  0.00ns,   0.00ns]   0.00ns   0.00ns   0.00ns
    'fs_random_quick_restart_no_lp':         0 [  0.00ns,   0.00ns]   0.00ns   0.00ns   0.00ns         0 [  0.00ns,   0.00ns]   0.00ns   0.00ns   0.00ns
    'fs_random_quick_restart_no_lp':         0 [  0.00ns,   0.00ns]   0.00ns   0.00ns   0.00ns         0 [  0.00ns,   0.00ns]   0.00ns   0.00ns   0.00ns
    'fs_random_quick_restart_no_lp':         0 [  0.00ns,   0.00ns]   0.00ns   0.00ns   0.00ns         0 [  0.00ns,   0.00ns]   0.00ns   0.00ns   0.00ns
    'fs_random_quick_restart_no_lp':         0 [  0.00ns,   0.00ns]   0.00ns   0.00ns   0.00ns         0 [  0.00ns,   0.00ns]   0.00ns   0.00ns   0.00ns
    'fs_random_quick_restart_no_lp':         1 [  1.70ms,   1.70ms]   1.70ms   0.00ns   1.70ms         0 [  0.00ns,   0.00ns]   0.00ns   0.00ns   0.00ns
    'fs_random_quick_restart_no_lp':         1 [  2.35ms,   2.35ms]   2.35ms   0.00ns   2.35ms         0 [  0.00ns,   0.00ns]   0.00ns   0.00ns   0.00ns
    'fs_random_quick_restart_no_lp':         1 [  2.94ms,   2.94ms]   2.94ms   0.00ns   2.94ms         1 [211.08us, 211.08us] 211.08us   0.00ns 211.08us
                    'graph_arc_lns':         0 [  0.00ns,   0.00ns]   0.00ns   0.00ns   0.00ns         0 [  0.00ns,   0.00ns]   0.00ns   0.00ns   0.00ns
                    'graph_cst_lns':         0 [  0.00ns,   0.00ns]   0.00ns   0.00ns   0.00ns         0 [  0.00ns,   0.00ns]   0.00ns   0.00ns   0.00ns
                    'graph_dec_lns':         0 [  0.00ns,   0.00ns]   0.00ns   0.00ns   0.00ns         0 [  0.00ns,   0.00ns]   0.00ns   0.00ns   0.00ns
                    'graph_var_lns':         0 [  0.00ns,   0.00ns]   0.00ns   0.00ns   0.00ns         0 [  0.00ns,   0.00ns]   0.00ns   0.00ns   0.00ns
                     'lb_relax_lns':         0 [  0.00ns,   0.00ns]   0.00ns   0.00ns   0.00ns         0 [  0.00ns,   0.00ns]   0.00ns   0.00ns   0.00ns
                   'lb_tree_search':         1 [ 11.99ms,  11.99ms]  11.99ms   0.00ns  11.99ms         0 [  0.00ns,   0.00ns]   0.00ns   0.00ns   0.00ns
                               'ls':         0 [  0.00ns,   0.00ns]   0.00ns   0.00ns   0.00ns         0 [  0.00ns,   0.00ns]   0.00ns   0.00ns   0.00ns
                               'ls':         0 [  0.00ns,   0.00ns]   0.00ns   0.00ns   0.00ns         0 [  0.00ns,   0.00ns]   0.00ns   0.00ns   0.00ns
                               'ls':         0 [  0.00ns,   0.00ns]   0.00ns   0.00ns   0.00ns         0 [  0.00ns,   0.00ns]   0.00ns   0.00ns   0.00ns
                               'ls':         0 [  0.00ns,   0.00ns]   0.00ns   0.00ns   0.00ns         0 [  0.00ns,   0.00ns]   0.00ns   0.00ns   0.00ns
                               'ls':         0 [  0.00ns,   0.00ns]   0.00ns   0.00ns   0.00ns         0 [  0.00ns,   0.00ns]   0.00ns   0.00ns   0.00ns
                               'ls':         0 [  0.00ns,   0.00ns]   0.00ns   0.00ns   0.00ns         0 [  0.00ns,   0.00ns]   0.00ns   0.00ns   0.00ns
                               'ls':         0 [  0.00ns,   0.00ns]   0.00ns   0.00ns   0.00ns         0 [  0.00ns,   0.00ns]   0.00ns   0.00ns   0.00ns
                               'ls':         0 [  0.00ns,   0.00ns]   0.00ns   0.00ns   0.00ns         0 [  0.00ns,   0.00ns]   0.00ns   0.00ns   0.00ns
                               'ls':         0 [  0.00ns,   0.00ns]   0.00ns   0.00ns   0.00ns         0 [  0.00ns,   0.00ns]   0.00ns   0.00ns   0.00ns
                               'ls':         0 [  0.00ns,   0.00ns]   0.00ns   0.00ns   0.00ns         0 [  0.00ns,   0.00ns]   0.00ns   0.00ns   0.00ns
                               'ls':         0 [  0.00ns,   0.00ns]   0.00ns   0.00ns   0.00ns         0 [  0.00ns,   0.00ns]   0.00ns   0.00ns   0.00ns
                               'ls':         0 [  0.00ns,   0.00ns]   0.00ns   0.00ns   0.00ns         0 [  0.00ns,   0.00ns]   0.00ns   0.00ns   0.00ns
                               'ls':         0 [  0.00ns,   0.00ns]   0.00ns   0.00ns   0.00ns         0 [  0.00ns,   0.00ns]   0.00ns   0.00ns   0.00ns
                               'ls':         0 [  0.00ns,   0.00ns]   0.00ns   0.00ns   0.00ns         0 [  0.00ns,   0.00ns]   0.00ns   0.00ns   0.00ns
                               'ls':         0 [  0.00ns,   0.00ns]   0.00ns   0.00ns   0.00ns         0 [  0.00ns,   0.00ns]   0.00ns   0.00ns   0.00ns
                               'ls':         0 [  0.00ns,   0.00ns]   0.00ns   0.00ns   0.00ns         0 [  0.00ns,   0.00ns]   0.00ns   0.00ns   0.00ns
                               'ls':         0 [  0.00ns,   0.00ns]   0.00ns   0.00ns   0.00ns         0 [  0.00ns,   0.00ns]   0.00ns   0.00ns   0.00ns
                               'ls':         0 [  0.00ns,   0.00ns]   0.00ns   0.00ns   0.00ns         0 [  0.00ns,   0.00ns]   0.00ns   0.00ns   0.00ns
                               'ls':         0 [  0.00ns,   0.00ns]   0.00ns   0.00ns   0.00ns         0 [  0.00ns,   0.00ns]   0.00ns   0.00ns   0.00ns
                           'ls_lin':         0 [  0.00ns,   0.00ns]   0.00ns   0.00ns   0.00ns         0 [  0.00ns,   0.00ns]   0.00ns   0.00ns   0.00ns
                           'ls_lin':         0 [  0.00ns,   0.00ns]   0.00ns   0.00ns   0.00ns         0 [  0.00ns,   0.00ns]   0.00ns   0.00ns   0.00ns
                           'ls_lin':         0 [  0.00ns,   0.00ns]   0.00ns   0.00ns   0.00ns         0 [  0.00ns,   0.00ns]   0.00ns   0.00ns   0.00ns
                           'ls_lin':         0 [  0.00ns,   0.00ns]   0.00ns   0.00ns   0.00ns         0 [  0.00ns,   0.00ns]   0.00ns   0.00ns   0.00ns
                           'ls_lin':         0 [  0.00ns,   0.00ns]   0.00ns   0.00ns   0.00ns         0 [  0.00ns,   0.00ns]   0.00ns   0.00ns   0.00ns
                           'ls_lin':         0 [  0.00ns,   0.00ns]   0.00ns   0.00ns   0.00ns         0 [  0.00ns,   0.00ns]   0.00ns   0.00ns   0.00ns
                           'ls_lin':         0 [  0.00ns,   0.00ns]   0.00ns   0.00ns   0.00ns         0 [  0.00ns,   0.00ns]   0.00ns   0.00ns   0.00ns
                           'ls_lin':         0 [  0.00ns,   0.00ns]   0.00ns   0.00ns   0.00ns         0 [  0.00ns,   0.00ns]   0.00ns   0.00ns   0.00ns
                           'ls_lin':         0 [  0.00ns,   0.00ns]   0.00ns   0.00ns   0.00ns         0 [  0.00ns,   0.00ns]   0.00ns   0.00ns   0.00ns
                           'ls_lin':         0 [  0.00ns,   0.00ns]   0.00ns   0.00ns   0.00ns         0 [  0.00ns,   0.00ns]   0.00ns   0.00ns   0.00ns
                           'max_lp':         1 [  8.15ms,   8.15ms]   8.15ms   0.00ns   8.15ms         0 [  0.00ns,   0.00ns]   0.00ns   0.00ns   0.00ns
                            'no_lp':         1 [  7.80ms,   7.80ms]   7.80ms   0.00ns   7.80ms         1 [465.08us, 465.08us] 465.08us   0.00ns 465.08us
              'objective_lb_search':         1 [  6.53ms,   6.53ms]   6.53ms   0.00ns   6.53ms         1 [947.30us, 947.30us] 947.30us   0.00ns 947.30us
       'objective_lb_search_max_lp':         1 [  6.17ms,   6.17ms]   6.17ms   0.00ns   6.17ms         0 [  0.00ns,   0.00ns]   0.00ns   0.00ns   0.00ns
        'objective_lb_search_no_lp':         1 [  5.39ms,   5.39ms]   5.39ms   0.00ns   5.39ms         1 [907.36us, 907.36us] 907.36us   0.00ns 907.36us
         'objective_shaving_max_lp':         1 [ 11.38ms,  11.38ms]  11.38ms   0.00ns  11.38ms         1 [ 72.45us,  72.45us]  72.45us   0.00ns  72.45us
          'objective_shaving_no_lp':         1 [ 11.35ms,  11.35ms]  11.35ms   0.00ns  11.35ms         1 [ 47.46us,  47.46us]  47.46us   0.00ns  47.46us
                          'probing':         1 [ 11.70ms,  11.70ms]  11.70ms   0.00ns  11.70ms         0 [  0.00ns,   0.00ns]   0.00ns   0.00ns   0.00ns
                   'probing_max_lp':         1 [  6.27ms,   6.27ms]   6.27ms   0.00ns   6.27ms         0 [  0.00ns,   0.00ns]   0.00ns   0.00ns   0.00ns
                    'probing_no_lp':         1 [ 10.89ms,  10.89ms]  10.89ms   0.00ns  10.89ms         0 [  0.00ns,   0.00ns]   0.00ns   0.00ns   0.00ns
                     'pseudo_costs':         1 [ 12.26ms,  12.26ms]  12.26ms   0.00ns  12.26ms         1 [ 71.97us,  71.97us]  71.97us   0.00ns  71.97us
                    'quick_restart':         1 [  7.53ms,   7.53ms]   7.53ms   0.00ns   7.53ms         1 [259.24us, 259.24us] 259.24us   0.00ns 259.24us
              'quick_restart_no_lp':         1 [  7.26ms,   7.26ms]   7.26ms   0.00ns   7.26ms         1 [640.60us, 640.60us] 640.60us   0.00ns 640.60us
                    'reduced_costs':         1 [  7.65ms,   7.65ms]   7.65ms   0.00ns   7.65ms         0 [  0.00ns,   0.00ns]   0.00ns   0.00ns   0.00ns
                        'rins/rens':         0 [  0.00ns,   0.00ns]   0.00ns   0.00ns   0.00ns         0 [  0.00ns,   0.00ns]   0.00ns   0.00ns   0.00ns
                      'rnd_cst_lns':         0 [  0.00ns,   0.00ns]   0.00ns   0.00ns   0.00ns         0 [  0.00ns,   0.00ns]   0.00ns   0.00ns   0.00ns
                      'rnd_var_lns':         0 [  0.00ns,   0.00ns]   0.00ns   0.00ns   0.00ns         0 [  0.00ns,   0.00ns]   0.00ns   0.00ns   0.00ns
         'scheduling_intervals_lns':         0 [  0.00ns,   0.00ns]   0.00ns   0.00ns   0.00ns         0 [  0.00ns,   0.00ns]   0.00ns   0.00ns   0.00ns
       'scheduling_precedences_lns':         0 [  0.00ns,   0.00ns]   0.00ns   0.00ns   0.00ns         0 [  0.00ns,   0.00ns]   0.00ns   0.00ns   0.00ns
  'scheduling_resource_windows_lns':         0 [  0.00ns,   0.00ns]   0.00ns   0.00ns   0.00ns         0 [  0.00ns,   0.00ns]   0.00ns   0.00ns   0.00ns
       'scheduling_time_window_lns':         0 [  0.00ns,   0.00ns]   0.00ns   0.00ns   0.00ns         0 [  0.00ns,   0.00ns]   0.00ns   0.00ns   0.00ns
                'variables_shaving':         0 [  0.00ns,   0.00ns]   0.00ns   0.00ns   0.00ns         0 [  0.00ns,   0.00ns]   0.00ns   0.00ns   0.00ns
         'variables_shaving_max_lp':         0 [  0.00ns,   0.00ns]   0.00ns   0.00ns   0.00ns         0 [  0.00ns,   0.00ns]   0.00ns   0.00ns   0.00ns
          'variables_shaving_no_lp':         0 [  0.00ns,   0.00ns]   0.00ns   0.00ns   0.00ns         0 [  0.00ns,   0.00ns]   0.00ns   0.00ns   0.00ns

Search stats                        Bools  Conflicts  Branches  Restarts  BoolPropag  IntegerPropag
                           'core':    235          0       225         2          64          3'556
                     'default_lp':    109          0       109         0           0          2'186
                          'fixed':    172          0       171         0           0          3'258
                      'fs_random':      0          0         0         0           0              0
                      'fs_random':      0          0         0         0           0              0
                      'fs_random':      0          0         0         0           0              0
                      'fs_random':      0          0         0         0           0              0
                      'fs_random':      0          0         0         0           0              0
                      'fs_random':      0          0         0         0           0              0
                      'fs_random':      0          0         0         0           0              0
                      'fs_random':      0          0         0         0           0              0
                      'fs_random':      0          0         0         0           0              0
                      'fs_random':      0          0         0         0           0              0
                      'fs_random':      0          0         0         0           0              0
                      'fs_random':     16          0        16         0           0            278
                'fs_random_no_lp':      0          0         0         0           0              0
                'fs_random_no_lp':      0          0         0         0           0              0
                'fs_random_no_lp':      0          0         0         0           0              0
                'fs_random_no_lp':      0          0         0         0           0              0
                'fs_random_no_lp':      0          0         0         0           0              0
                'fs_random_no_lp':      0          0         0         0           0              0
                'fs_random_no_lp':      0          0         0         0           0              0
                'fs_random_no_lp':      0          0         0         0           0              0
                'fs_random_no_lp':      0          0         0         0           0              0
                'fs_random_no_lp':      0          0         0         0           0              0
                'fs_random_no_lp':      0          0         0         0           0              0
                'fs_random_no_lp':      0          0         0         0           0              0
                'fs_random_no_lp':     77          0        77         0           0          1'594
        'fs_random_quick_restart':      0          0         0         0           0              0
        'fs_random_quick_restart':      0          0         0         0           0              0
        'fs_random_quick_restart':      0          0         0         0           0              0
        'fs_random_quick_restart':      0          0         0         0           0              0
        'fs_random_quick_restart':      0          0         0         0           0              0
        'fs_random_quick_restart':      0          0         0         0           0              0
        'fs_random_quick_restart':      0          0         0         0           0              0
        'fs_random_quick_restart':      0          0         0         0           0              0
        'fs_random_quick_restart':      0          0         0         0           0              0
        'fs_random_quick_restart':      0          0         0         0           0              0
        'fs_random_quick_restart':      0          0         0         0           0              0
        'fs_random_quick_restart':      4          0         4         0           0             91
  'fs_random_quick_restart_no_lp':      0          0         0         0           0              0
  'fs_random_quick_restart_no_lp':      0          0         0         0           0              0
  'fs_random_quick_restart_no_lp':      0          0         0         0           0              0
  'fs_random_quick_restart_no_lp':      0          0         0         0           0              0
  'fs_random_quick_restart_no_lp':      0          0         0         0           0              0
  'fs_random_quick_restart_no_lp':      0          0         0         0           0              0
  'fs_random_quick_restart_no_lp':      0          0         0         0           0              0
  'fs_random_quick_restart_no_lp':      0          0         0         0           0              0
  'fs_random_quick_restart_no_lp':      0          0         0         0           0              0
  'fs_random_quick_restart_no_lp':      0          0         0         0           0              0
  'fs_random_quick_restart_no_lp':      0          0         0         0           0              0
  'fs_random_quick_restart_no_lp':     60          0        60         0           0          1'503
                 'lb_tree_search':  2'497          0         0         0           0              0
                         'max_lp':      0          0         0         0           0              0
                          'no_lp':    173          0       173         0           0          3'252
            'objective_lb_search':     62         41        84         0          41          8'205
     'objective_lb_search_max_lp':  2'497          0         0         0           0              0
      'objective_lb_search_no_lp':     87          0        87         0           0          7'654
                        'probing':  2'497          0         0         0           0              0
                 'probing_max_lp':  2'497          0         0         0           0              0
                  'probing_no_lp':  2'497          0         0         0           0              0
                   'pseudo_costs':      0          0         0         0           0              0
                  'quick_restart':     75          0        75         0           0          1'770
            'quick_restart_no_lp':    256          0       294         1          38          4'317
                  'reduced_costs':  2'497          0         0         0           0              0

SAT stats                           ClassicMinim  LitRemoved  LitLearned  LitForgotten  Subsumed  MClauses  MDecisions  MLitTrue  MSubsumed  MLitRemoved  MReused
                           'core':             0           0           0             0         0         0           0         0          0            0        0
                     'default_lp':             0           0           0             0         0         0           0         0          0            0        0
                          'fixed':             0           0           0             0         0         0           0         0          0            0        0
                      'fs_random':             0           0           0             0         0         0           0         0          0            0        0
                      'fs_random':             0           0           0             0         0         0           0         0          0            0        0
                      'fs_random':             0           0           0             0         0         0           0         0          0            0        0
                      'fs_random':             0           0           0             0         0         0           0         0          0            0        0
                      'fs_random':             0           0           0             0         0         0           0         0          0            0        0
                      'fs_random':             0           0           0             0         0         0           0         0          0            0        0
                      'fs_random':             0           0           0             0         0         0           0         0          0            0        0
                      'fs_random':             0           0           0             0         0         0           0         0          0            0        0
                      'fs_random':             0           0           0             0         0         0           0         0          0            0        0
                      'fs_random':             0           0           0             0         0         0           0         0          0            0        0
                      'fs_random':             0           0           0             0         0         0           0         0          0            0        0
                      'fs_random':             0           0           0             0         0         0           0         0          0            0        0
                'fs_random_no_lp':             0           0           0             0         0         0           0         0          0            0        0
                'fs_random_no_lp':             0           0           0             0         0         0           0         0          0            0        0
                'fs_random_no_lp':             0           0           0             0         0         0           0         0          0            0        0
                'fs_random_no_lp':             0           0           0             0         0         0           0         0          0            0        0
                'fs_random_no_lp':             0           0           0             0         0         0           0         0          0            0        0
                'fs_random_no_lp':             0           0           0             0         0         0           0         0          0            0        0
                'fs_random_no_lp':             0           0           0             0         0         0           0         0          0            0        0
                'fs_random_no_lp':             0           0           0             0         0         0           0         0          0            0        0
                'fs_random_no_lp':             0           0           0             0         0         0           0         0          0            0        0
                'fs_random_no_lp':             0           0           0             0         0         0           0         0          0            0        0
                'fs_random_no_lp':             0           0           0             0         0         0           0         0          0            0        0
                'fs_random_no_lp':             0           0           0             0         0         0           0         0          0            0        0
                'fs_random_no_lp':             0           0           0             0         0         0           0         0          0            0        0
        'fs_random_quick_restart':             0           0           0             0         0         0           0         0          0            0        0
        'fs_random_quick_restart':             0           0           0             0         0         0           0         0          0            0        0
        'fs_random_quick_restart':             0           0           0             0         0         0           0         0          0            0        0
        'fs_random_quick_restart':             0           0           0             0         0         0           0         0          0            0        0
        'fs_random_quick_restart':             0           0           0             0         0         0           0         0          0            0        0
        'fs_random_quick_restart':             0           0           0             0         0         0           0         0          0            0        0
        'fs_random_quick_restart':             0           0           0             0         0         0           0         0          0            0        0
        'fs_random_quick_restart':             0           0           0             0         0         0           0         0          0            0        0
        'fs_random_quick_restart':             0           0           0             0         0         0           0         0          0            0        0
        'fs_random_quick_restart':             0           0           0             0         0         0           0         0          0            0        0
        'fs_random_quick_restart':             0           0           0             0         0         0           0         0          0            0        0
        'fs_random_quick_restart':             0           0           0             0         0         0           0         0          0            0        0
  'fs_random_quick_restart_no_lp':             0           0           0             0         0         0           0         0          0            0        0
  'fs_random_quick_restart_no_lp':             0           0           0             0         0         0           0         0          0            0        0
  'fs_random_quick_restart_no_lp':             0           0           0             0         0         0           0         0          0            0        0
  'fs_random_quick_restart_no_lp':             0           0           0             0         0         0           0         0          0            0        0
  'fs_random_quick_restart_no_lp':             0           0           0             0         0         0           0         0          0            0        0
  'fs_random_quick_restart_no_lp':             0           0           0             0         0         0           0         0          0            0        0
  'fs_random_quick_restart_no_lp':             0           0           0             0         0         0           0         0          0            0        0
  'fs_random_quick_restart_no_lp':             0           0           0             0         0         0           0         0          0            0        0
  'fs_random_quick_restart_no_lp':             0           0           0             0         0         0           0         0          0            0        0
  'fs_random_quick_restart_no_lp':             0           0           0             0         0         0           0         0          0            0        0
  'fs_random_quick_restart_no_lp':             0           0           0             0         0         0           0         0          0            0        0
  'fs_random_quick_restart_no_lp':             0           0           0             0         0         0           0         0          0            0        0
                 'lb_tree_search':             0           0           0             0         0         0           0         0          0            0        0
                         'max_lp':             0           0           0             0         0         0           0         0          0            0        0
                          'no_lp':             0           0           0             0         0         0           0         0          0            0        0
            'objective_lb_search':            36          36          82             0         0         0           0         0          0            0        0
     'objective_lb_search_max_lp':             0           0           0             0         0         0           0         0          0            0        0
      'objective_lb_search_no_lp':             0           0           0             0         0         0           0         0          0            0        0
                        'probing':             0           0           0             0         0         0           0         0          0            0        0
                 'probing_max_lp':             0           0           0             0         0         0           0         0          0            0        0
                  'probing_no_lp':             0           0           0             0         0         0           0         0          0            0        0
                   'pseudo_costs':             0           0           0             0         0         0           0         0          0            0        0
                  'quick_restart':             0           0           0             0         0         0           0         0          0            0        0
            'quick_restart_no_lp':             0           0           0             0         0         0           0         0          0            0        0
                  'reduced_costs':             0           0           0             0         0         0           0         0          0            0        0

Lp stats                      Component  Iterations  AddedCuts  OPTIMAL  DUAL_F.  DUAL_U.
               'default_lp':         26          25          0      345        0        0
                    'fixed':         26          25          0      522        0        0
                'fs_random':         26          31          0      132        0        0
  'fs_random_quick_restart':         26          19          0      117        0        0
                   'max_lp':          1          19        131        1        0        0
      'objective_lb_search':         26          19          0      201        0        0
             'pseudo_costs':          1          54        236        5        0        0
            'quick_restart':         26          25          0      294        0        0

Lp dimension                  Final dimension of first component
               'default_lp':        3 rows, 8 columns, 6 entries
                    'fixed':        3 rows, 8 columns, 6 entries
                'fs_random':        3 rows, 8 columns, 6 entries
  'fs_random_quick_restart':        3 rows, 8 columns, 6 entries
                   'max_lp':  292 rows, 273 columns, 721 entries
      'objective_lb_search':        3 rows, 8 columns, 6 entries
             'pseudo_costs':   74 rows, 273 columns, 548 entries
            'quick_restart':        3 rows, 8 columns, 6 entries

Lp debug                      CutPropag  CutEqPropag  Adjust  Overflow  Bad  BadScaling
               'default_lp':          0            0       0         0    0           0
                    'fixed':          0            0       0         0    0           0
                'fs_random':          0            0       0         0    0           0
  'fs_random_quick_restart':          0            0       0         0    0           0
                   'max_lp':          0            0       0         0    0           0
      'objective_lb_search':          0            0       0         0    0           0
             'pseudo_costs':          0            0       0         0   90           0
            'quick_restart':          0            0       0         0    0           0

Lp pool                       Constraints  Updates  Simplif  Merged  Shortened  Split  Strenghtened  Cuts/Call
               'default_lp':          285        0        0       0          0      0             0        0/0
                    'fixed':          285        0        0       0          0      0             0        0/0
                'fs_random':          285        0        0       0          0      0             0        0/0
  'fs_random_quick_restart':          285        0        0       0          0      0             0        0/0
                   'max_lp':          416        0        0       0          0      0             0    131/169
      'objective_lb_search':          285        0        0       0          0      0             0        0/0
             'pseudo_costs':          521        0        0       0          0      0             0    236/346
            'quick_restart':          285        0        0       0          0      0             0        0/0

Lp Cut                                                max_lp  pseudo_costs
                                               CG_R:       -             1
                                            MIR_1_K:       -             1
                                            MIR_1_R:       -             9
                  NoOverlapCompletionTimeExhaustive:       1             3
           NoOverlapCompletionTimeExhaustive_lifted:       1             8
  NoOverlapCompletionTimeExhaustive_lifted_weighted:      22            35
         NoOverlapCompletionTimeExhaustive_weighted:       7            12
                    NoOverlapCompletionTimeQueyrane:      15            31
             NoOverlapCompletionTimeQueyrane_lifted:      35            66
                        NoOverlapDisjunctionOnStart:      50            70

LNS stats                             Improv/Calls  Closed  Difficulty  TimeLimit
                    'graph_arc_lns':           0/0      0%    5.00e-01       0.10
                    'graph_cst_lns':           0/0      0%    5.00e-01       0.10
                    'graph_dec_lns':           0/0      0%    5.00e-01       0.10
                    'graph_var_lns':           0/0      0%    5.00e-01       0.10
                     'lb_relax_lns':           0/0      0%    5.00e-01       0.50
                        'rins/rens':           0/0      0%    5.00e-01       0.10
                      'rnd_cst_lns':           0/0      0%    5.00e-01       0.10
                      'rnd_var_lns':           0/0      0%    5.00e-01       0.10
         'scheduling_intervals_lns':           0/0      0%    5.00e-01       0.10
       'scheduling_precedences_lns':           0/0      0%    5.00e-01       0.10
  'scheduling_resource_windows_lns':           0/0      0%    5.00e-01       0.10
       'scheduling_time_window_lns':           0/0      0%    5.00e-01       0.10

Solutions (2)             Num   Rank
                 'core':    1  [2,2]
  'quick_restart_no_lp':    1  [1,1]

Objective bounds     Num
  'initial_domain':    1

Solution repositories    Added  Queried  Synchro
  'feasible solutions':      2        0        2
   'fj solution hints':      0        0        0
        'lp solutions':      0        0        0
                'pump':      0        0

CpSolverResponse summary:
status: OPTIMAL
objective: 349
best_bound: 349
integers: 274
booleans: 77
conflicts: 0
branches: 77
propagations: 0
integer_propagations: 1594
restarts: 0
lp_iterations: 0
walltime: 0.0307343
usertime: 0.0307344
deterministic_time: 0.00527166
gap_integral: 0.0514409
solution_fingerprint: 0x8679ddf83835b6b0

