
Starting CP-SAT solver v9.14.6206
Parameters: max_time_in_seconds: 300 log_search_progress: true num_search_workers: 104 relative_gap_limit: 0.005

Initial optimization model '': (model_fingerprint: 0x6916e3ae18bea8f7)
#Variables: 396 (#ints: 46 in objective) (328 primary variables)
  - 68 in [0,51091]
  - 48 in [38880,51091]
  - 280 in [40320,51091]
#kInterval: 169 (#fixed: 5)
#kLinMax: 68 (#expressions: 136)
#kLinear1: 22
#kLinear2: 142
#kNoOverlap: 10 (#intervals: 169, #fixed_intervals: 5)

Starting presolve at 0.00s
  6.87e-05s  0.00e+00d  [DetectDominanceRelations] 
  1.53e-03s  0.00e+00d  [PresolveToFixPoint] #num_loops=10 #num_dual_strengthening=1 
  2.74e-06s  0.00e+00d  [ExtractEncodingFromLinear] 
  1.21e-05s  0.00e+00d  [DetectDuplicateColumns] 
  6.45e-05s  0.00e+00d  [DetectDuplicateConstraints] 
[Symmetry] Graph for symmetry has 953 nodes and 903 arcs.
[Symmetry] Symmetry computation done. time: 7.8142e-05 dtime: 9.094e-05
  5.51e-05s  0.00e+00d  [DetectDuplicateConstraintsWithDifferentEnforcements] 
  5.48e-04s  3.83e-06d  [Probe] #new_bounds=13 
  3.28e-06s  0.00e+00d  [MaxClique] 
  5.55e-05s  0.00e+00d  [DetectDominanceRelations] 
  3.66e-04s  0.00e+00d  [PresolveToFixPoint] #num_loops=2 #num_dual_strengthening=1 
  2.22e-05s  0.00e+00d  [ProcessAtMostOneAndLinear] 
  4.98e-05s  0.00e+00d  [DetectDuplicateConstraints] 
  4.69e-05s  0.00e+00d  [DetectDuplicateConstraintsWithDifferentEnforcements] 
  2.37e-05s  9.78e-07d  [DetectDominatedLinearConstraints] #relevant_constraints=163 
  2.49e-05s  0.00e+00d  [DetectDifferentVariables] 
  2.31e-06s  0.00e+00d  [ProcessSetPPC] 
  3.55e-06s  0.00e+00d  [FindAlmostIdenticalLinearConstraints] 
  9.16e-06s  0.00e+00d  [FindBigAtMostOneAndLinearOverlap] 
  1.47e-05s  6.09e-06d  [FindBigVerticalLinearOverlap] 
  2.14e-06s  0.00e+00d  [FindBigHorizontalLinearOverlap] 
  2.09e-06s  0.00e+00d  [MergeClauses] 
  4.93e-05s  0.00e+00d  [DetectDominanceRelations] 
  2.79e-04s  0.00e+00d  [PresolveToFixPoint] #num_loops=1 #num_dual_strengthening=1 
  4.98e-05s  0.00e+00d  [DetectDominanceRelations] 
  2.79e-04s  0.00e+00d  [PresolveToFixPoint] #num_loops=1 #num_dual_strengthening=1 
  9.32e-06s  0.00e+00d  [DetectDuplicateColumns] 
  4.71e-05s  0.00e+00d  [DetectDuplicateConstraints] 
[Symmetry] Graph for symmetry has 948 nodes and 901 arcs.
[Symmetry] Symmetry computation done. time: 6.1293e-05 dtime: 9.06e-05
  4.96e-05s  0.00e+00d  [DetectDuplicateConstraintsWithDifferentEnforcements] 
  3.69e-04s  2.05e-06d  [Probe] 
  1.54e-06s  0.00e+00d  [MaxClique] 
  5.91e-05s  0.00e+00d  [DetectDominanceRelations] 
  3.14e-04s  0.00e+00d  [PresolveToFixPoint] #num_loops=1 #num_dual_strengthening=1 
  2.08e-05s  0.00e+00d  [ProcessAtMostOneAndLinear] 
  4.77e-05s  0.00e+00d  [DetectDuplicateConstraints] 
  4.69e-05s  0.00e+00d  [DetectDuplicateConstraintsWithDifferentEnforcements] 
  1.95e-05s  9.78e-07d  [DetectDominatedLinearConstraints] #relevant_constraints=163 
  2.24e-05s  0.00e+00d  [DetectDifferentVariables] 
  1.82e-06s  0.00e+00d  [ProcessSetPPC] 
  1.98e-06s  0.00e+00d  [FindAlmostIdenticalLinearConstraints] 
  8.62e-06s  0.00e+00d  [FindBigAtMostOneAndLinearOverlap] 
  1.30e-05s  6.09e-06d  [FindBigVerticalLinearOverlap] 
  1.42e-06s  0.00e+00d  [FindBigHorizontalLinearOverlap] 
  1.41e-06s  0.00e+00d  [MergeClauses] 
  4.79e-05s  0.00e+00d  [DetectDominanceRelations] 
  2.73e-04s  0.00e+00d  [PresolveToFixPoint] #num_loops=1 #num_dual_strengthening=1 
  1.26e-05s  0.00e+00d  [ExpandObjective] 

Presolve summary:
  - 173 affine relations were detected.
  - rule 'TODO dual: only one blocking constraint?' was applied 330 times.
  - rule 'TODO dual: only one unspecified blocking constraint?' was applied 126 times.
  - rule 'affine: new relation' was applied 173 times.
  - rule 'intervals: removed unused interval' was applied 5 times.
  - rule 'lin_max: converted abs to equality' was applied 8 times.
  - rule 'lin_max: converted to equality' was applied 2 times.
  - rule 'lin_max: propagate domain from x to abs(x)' was applied 32 times.
  - rule 'lin_max: removed exprs' was applied 2 times.
  - rule 'lin_max: rewrite with precedences' was applied 21 times.
  - rule 'lin_max: target domain reduced' was applied 44 times.
  - rule 'lin_max: unused affine target' was applied 21 times.
  - rule 'linear1: x in domain' was applied 16 times.
  - rule 'linear: always true' was applied 28 times.
  - rule 'linear: fixed or dup variables' was applied 1 time.
  - rule 'linear: reduced variable domains' was applied 828 times.
  - rule 'linear: remapped using affine relations' was applied 366 times.
  - rule 'no_overlap: split into disjoint components' was applied 5 times.
  - rule 'presolve: 1 unused variables removed.' was applied 1 time.
  - rule 'presolve: iteration' was applied 2 times.

Presolved optimization model '': (model_fingerprint: 0xc492522582e82c7e)
#Variables: 201 (#ints: 45 in objective) (164 primary variables)
  - 189 different domains in [0,51070] with a largest complexity of 1.
#kInterval: 164
#kLinMax: 16 (#expressions: 32)
#kLinear2: 163
#kNoOverlap: 10 (#intervals: 164)
[Symmetry] Graph for symmetry has 753 nodes and 901 arcs.
[Symmetry] Symmetry computation done. time: 5.3381e-05 dtime: 7.89e-05

Preloading model.
#Bound   0.01s best:inf   next:[708,465573] initial_domain
#Model   0.01s var:201/201 constraints:353/353

Starting search at 0.01s with 104 workers.
18 full problem subsolvers: [core, default_lp, fixed, lb_tree_search, max_lp, no_lp, objective_lb_search, objective_lb_search_max_lp, objective_lb_search_no_lp, objective_shaving_max_lp, objective_shaving_no_lp, probing, probing_max_lp, probing_no_lp, pseudo_costs, quick_restart, quick_restart_no_lp, reduced_costs]
86 first solution subsolvers: [fj(25), fj_lin(12), fs_random(12), fs_random_no_lp(13), fs_random_quick_restart(12), fs_random_quick_restart_no_lp(12)]
45 interleaved subsolvers: [feasibility_pump, graph_arc_lns, graph_cst_lns, graph_dec_lns, graph_var_lns, lb_relax_lns, ls(19), ls_lin(10), rins/rens, rnd_cst_lns, rnd_var_lns, scheduling_intervals_lns, scheduling_precedences_lns, scheduling_resource_windows_lns, scheduling_time_window_lns, variables_shaving, variables_shaving_max_lp, variables_shaving_no_lp]
3 helper subsolvers: [neighborhood_helper, synchronization_agent, update_gap_integral]

#1       0.02s best:5681  next:[708,5680] no_lp
#Bound   0.02s best:5681  next:[710,5680] objective_lb_search
#2       0.02s best:3274  next:[710,3273] core
#Bound   0.02s best:3274  next:[741,3273] objective_lb_search
#Bound   0.02s best:3274  next:[744,3273] objective_lb_search
#Bound   0.02s best:3274  next:[776,3273] objective_lb_search
#3       0.02s best:2453  next:[776,2452] fixed
#Bound   0.02s best:2453  next:[899,2452] objective_lb_search
#4       0.02s best:2431  next:[899,2430] ls_restart_decay_compound_perturb(batch:1 lin{mvs:0 evals:62} gen{mvs:21 evals:294} comp{mvs:13 btracks:4} #w_updates:0 #perturb:0)
#5       0.02s best:2363  next:[899,2362] ls_restart_perturb(batch:1 lin{mvs:10 evals:196} gen{mvs:17 evals:301} #w_updates:8 #perturb:0)
#Bound   0.02s best:2363  next:[1335,2362] max_lp
#Bound   0.03s best:2363  next:[1357,2362] max_lp
#6       0.04s best:2300  next:[1357,2299] ls_restart_perturb(batch:1 lin{mvs:6 evals:234} gen{mvs:38 evals:509} #w_updates:13 #perturb:0)
#7       0.04s best:2299  next:[1357,2298] ls_restart_decay_perturb(batch:1 lin{mvs:6 evals:525} gen{mvs:163 evals:2'230} #w_updates:76 #perturb:0) [combined with: ls_restart_perturb(b...]
#Bound   0.04s best:2299  next:[1559,2298] max_lp
#8       0.04s best:2297  next:[1559,2296] ls_lin_restart_decay(batch:1 lin{mvs:6 evals:293} gen{mvs:121 evals:1'145} #w_updates:68 #perturb:0) [combined with: ls_restart_decay_per...]
#9       0.04s best:2278  next:[1559,2277] ls_restart(batch:1 lin{mvs:7 evals:442} gen{mvs:227 evals:2'362} #w_updates:168 #perturb:0) [combined with: ls_lin_restart_decay...]
#10      0.05s best:2277  next:[1559,2276] ls_restart_decay_compound_perturb(batch:1 lin{mvs:0 evals:5} gen{mvs:2 evals:25} comp{mvs:2 btracks:0} #w_updates:0 #perturb:0)
#11      0.05s best:2276  next:[1559,2275] ls_restart_decay_perturb(batch:1 lin{mvs:6 evals:204} gen{mvs:30 evals:372} #w_updates:12 #perturb:0)
#12      0.05s best:2275  next:[1559,2274] ls_restart_decay_perturb(batch:1 lin{mvs:6 evals:204} gen{mvs:30 evals:372} #w_updates:12 #perturb:0) [combined with: ls_restart_decay_com...]
#13      0.05s best:2274  next:[1559,2273] ls_restart(batch:1 lin{mvs:6 evals:316} gen{mvs:63 evals:788} #w_updates:25 #perturb:0)
#14      0.06s best:2261  next:[1559,2260] quick_restart
#15      0.06s best:2247  next:[1559,2246] ls_restart_compound_perturb(batch:1 lin{mvs:0 evals:46} gen{mvs:23 evals:200} comp{mvs:3 btracks:10} #w_updates:0 #perturb:0)
#16      0.06s best:2244  next:[1559,2243] graph_dec_lns (d=7.07e-01 s=70 t=0.10 p=1.00 stall=1 h=base) [combined with: ls_restart_compound_...]
#17      0.07s best:2243  next:[1559,2242] ls_restart_decay(batch:1 lin{mvs:7 evals:641} gen{mvs:180 evals:2'266} #w_updates:48 #perturb:0)
#18      0.08s best:2175  next:[1559,2174] rnd_var_lns (d=8.14e-01 s=124 t=0.10 p=1.00 stall=2 h=base)
#19      0.08s best:2174  next:[1559,2173] quick_restart_no_lp
#20      0.09s best:2173  next:[1559,2172] ls_restart_decay_compound(batch:1 lin{mvs:0 evals:139} gen{mvs:87 evals:687} comp{mvs:9 btracks:39} #w_updates:0 #perturb:0)
#21      0.09s best:2171  next:[1559,2170] ls_lin_restart(batch:1 lin{mvs:8 evals:200} gen{mvs:22 evals:343} #w_updates:7 #perturb:0)
#22      0.09s best:2167  next:[1559,2166] graph_arc_lns (d=7.07e-01 s=182 t=0.10 p=1.00 stall=0 h=base) [combined with: ls_lin_restart(batch...]
#23      0.09s best:2166  next:[1559,2165] ls_restart_decay_compound(batch:1 lin{mvs:0 evals:81} gen{mvs:50 evals:409} comp{mvs:4 btracks:23} #w_updates:0 #perturb:0) [combined with: graph_arc_lns (d=7.0...]
#24      0.09s best:2163  next:[1559,2162] quick_restart_no_lp
#Bound   0.10s best:2163  next:[1639,2162] max_lp
#25      0.14s best:2152  next:[1639,2151] quick_restart_no_lp
#26      0.14s best:2151  next:[1639,2150] ls_restart_compound_perturb(batch:1 lin{mvs:0 evals:480} gen{mvs:301 evals:3'101} comp{mvs:25 btracks:138} #w_updates:2 #perturb:0)
#27      0.16s best:2136  next:[1639,2135] quick_restart
#28      0.23s best:2132  next:[1639,2131] graph_arc_lns (d=9.56e-01 s=399 t=0.10 p=1.00 stall=0 h=base)
#Bound   0.23s best:2132  next:[1642,2131] probing_max_lp
#29      0.24s best:2064  next:[1642,2063] quick_restart_no_lp
#30      0.24s best:1996  next:[1642,1995] ls_restart_decay(batch:1 lin{mvs:4 evals:102} gen{mvs:10 evals:156} #w_updates:4 #perturb:0)
#Bound   0.25s best:1996  next:[1644,1995] pseudo_costs
#31      0.28s best:1992  next:[1644,1991] quick_restart_no_lp
#32      0.28s best:1979  next:[1644,1978] ls_lin_restart_decay_compound(batch:1 lin{mvs:0 evals:8} gen{mvs:2 evals:35} comp{mvs:2 btracks:0} #w_updates:0 #perturb:0)
#Bound   0.30s best:1979  next:[1649,1978] lb_tree_search
#33      0.31s best:1978  next:[1649,1977] quick_restart_no_lp
#34      0.31s best:1977  next:[1649,1976] ls_restart_compound_perturb(batch:1 lin{mvs:0 evals:3} gen{mvs:2 evals:25} comp{mvs:2 btracks:0} #w_updates:0 #perturb:0)
#Bound   0.32s best:1977  next:[1651,1976] pseudo_costs
#35      0.32s best:1976  next:[1651,1975] ls_lin_restart_decay_perturb(batch:1 lin{mvs:3 evals:391} gen{mvs:176 evals:2'276} #w_updates:82 #perturb:0)
#Bound   0.33s best:1976  next:[1671,1975] objective_lb_search_max_lp
#36      0.33s best:1975  next:[1671,1974] quick_restart_no_lp
#37      0.34s best:1972  next:[1671,1971] ls_restart_decay(batch:1 lin{mvs:3 evals:314} gen{mvs:128 evals:1'699} #w_updates:66 #perturb:0)
#Bound   0.34s best:1972  next:[1686,1971] objective_lb_search_max_lp
#38      0.34s best:1969  next:[1686,1968] quick_restart_no_lp
#Bound   0.35s best:1969  next:[1692,1968] objective_lb_search_max_lp
#Bound   0.40s best:1969  next:[1711,1968] lb_tree_search
#Bound   0.40s best:1969  next:[1723,1968] objective_lb_search_max_lp
#Bound   0.41s best:1969  next:[1725,1968] lb_tree_search
#Bound   0.41s best:1969  next:[1754,1968] objective_lb_search_max_lp
#Done    0.47s probing_no_lp
#Bound   0.47s best:1969  next:[1837,1968] probing_no_lp [skipped_logs=3]

Task timing                                  n [     min,      max]      avg      dev     time         n [     min,      max]      avg      dev    dtime
                             'core':         1 [463.67ms, 463.67ms] 463.67ms   0.00ns 463.67ms         1 [470.49ms, 470.49ms] 470.49ms   0.00ns 470.49ms
                       'default_lp':         1 [469.55ms, 469.55ms] 469.55ms   0.00ns 469.55ms         1 [ 70.79ms,  70.79ms]  70.79ms   0.00ns  70.79ms
                 'feasibility_pump':       201 [ 57.90us,   1.07ms] 103.89us  84.20us  20.88ms       199 [ 29.78us, 523.18us]  32.41us  34.94us   6.45ms
                            'fixed':         1 [469.26ms, 469.26ms] 469.26ms   0.00ns 469.26ms         1 [ 98.77ms,  98.77ms]  98.77ms   0.00ns  98.77ms
                               'fj':         0 [  0.00ns,   0.00ns]   0.00ns   0.00ns   0.00ns         0 [  0.00ns,   0.00ns]   0.00ns   0.00ns   0.00ns
                               'fj':         0 [  0.00ns,   0.00ns]   0.00ns   0.00ns   0.00ns         0 [  0.00ns,   0.00ns]   0.00ns   0.00ns   0.00ns
                               'fj':         0 [  0.00ns,   0.00ns]   0.00ns   0.00ns   0.00ns         0 [  0.00ns,   0.00ns]   0.00ns   0.00ns   0.00ns
                               'fj':         0 [  0.00ns,   0.00ns]   0.00ns   0.00ns   0.00ns         0 [  0.00ns,   0.00ns]   0.00ns   0.00ns   0.00ns
                               'fj':         0 [  0.00ns,   0.00ns]   0.00ns   0.00ns   0.00ns         0 [  0.00ns,   0.00ns]   0.00ns   0.00ns   0.00ns
                               'fj':         0 [  0.00ns,   0.00ns]   0.00ns   0.00ns   0.00ns         0 [  0.00ns,   0.00ns]   0.00ns   0.00ns   0.00ns
                               'fj':         0 [  0.00ns,   0.00ns]   0.00ns   0.00ns   0.00ns         0 [  0.00ns,   0.00ns]   0.00ns   0.00ns   0.00ns
                               'fj':         0 [  0.00ns,   0.00ns]   0.00ns   0.00ns   0.00ns         0 [  0.00ns,   0.00ns]   0.00ns   0.00ns   0.00ns
                               'fj':         0 [  0.00ns,   0.00ns]   0.00ns   0.00ns   0.00ns         0 [  0.00ns,   0.00ns]   0.00ns   0.00ns   0.00ns
                               'fj':         0 [  0.00ns,   0.00ns]   0.00ns   0.00ns   0.00ns         0 [  0.00ns,   0.00ns]   0.00ns   0.00ns   0.00ns
                               'fj':         0 [  0.00ns,   0.00ns]   0.00ns   0.00ns   0.00ns         0 [  0.00ns,   0.00ns]   0.00ns   0.00ns   0.00ns
                               'fj':         0 [  0.00ns,   0.00ns]   0.00ns   0.00ns   0.00ns         0 [  0.00ns,   0.00ns]   0.00ns   0.00ns   0.00ns
                               'fj':         0 [  0.00ns,   0.00ns]   0.00ns   0.00ns   0.00ns         0 [  0.00ns,   0.00ns]   0.00ns   0.00ns   0.00ns
                               'fj':         0 [  0.00ns,   0.00ns]   0.00ns   0.00ns   0.00ns         0 [  0.00ns,   0.00ns]   0.00ns   0.00ns   0.00ns
                               'fj':         0 [  0.00ns,   0.00ns]   0.00ns   0.00ns   0.00ns         0 [  0.00ns,   0.00ns]   0.00ns   0.00ns   0.00ns
                               'fj':         0 [  0.00ns,   0.00ns]   0.00ns   0.00ns   0.00ns         0 [  0.00ns,   0.00ns]   0.00ns   0.00ns   0.00ns
                               'fj':         0 [  0.00ns,   0.00ns]   0.00ns   0.00ns   0.00ns         0 [  0.00ns,   0.00ns]   0.00ns   0.00ns   0.00ns
                               'fj':         0 [  0.00ns,   0.00ns]   0.00ns   0.00ns   0.00ns         0 [  0.00ns,   0.00ns]   0.00ns   0.00ns   0.00ns
                               'fj':         0 [  0.00ns,   0.00ns]   0.00ns   0.00ns   0.00ns         0 [  0.00ns,   0.00ns]   0.00ns   0.00ns   0.00ns
                               'fj':         0 [  0.00ns,   0.00ns]   0.00ns   0.00ns   0.00ns         0 [  0.00ns,   0.00ns]   0.00ns   0.00ns   0.00ns
                               'fj':         0 [  0.00ns,   0.00ns]   0.00ns   0.00ns   0.00ns         0 [  0.00ns,   0.00ns]   0.00ns   0.00ns   0.00ns
                               'fj':         0 [  0.00ns,   0.00ns]   0.00ns   0.00ns   0.00ns         0 [  0.00ns,   0.00ns]   0.00ns   0.00ns   0.00ns
                               'fj':         0 [  0.00ns,   0.00ns]   0.00ns   0.00ns   0.00ns         0 [  0.00ns,   0.00ns]   0.00ns   0.00ns   0.00ns
                               'fj':         0 [  0.00ns,   0.00ns]   0.00ns   0.00ns   0.00ns         0 [  0.00ns,   0.00ns]   0.00ns   0.00ns   0.00ns
                               'fj':         0 [  0.00ns,   0.00ns]   0.00ns   0.00ns   0.00ns         0 [  0.00ns,   0.00ns]   0.00ns   0.00ns   0.00ns
                           'fj_lin':         0 [  0.00ns,   0.00ns]   0.00ns   0.00ns   0.00ns         0 [  0.00ns,   0.00ns]   0.00ns   0.00ns   0.00ns
                           'fj_lin':         0 [  0.00ns,   0.00ns]   0.00ns   0.00ns   0.00ns         0 [  0.00ns,   0.00ns]   0.00ns   0.00ns   0.00ns
                           'fj_lin':         0 [  0.00ns,   0.00ns]   0.00ns   0.00ns   0.00ns         0 [  0.00ns,   0.00ns]   0.00ns   0.00ns   0.00ns
                           'fj_lin':         0 [  0.00ns,   0.00ns]   0.00ns   0.00ns   0.00ns         0 [  0.00ns,   0.00ns]   0.00ns   0.00ns   0.00ns
                           'fj_lin':         0 [  0.00ns,   0.00ns]   0.00ns   0.00ns   0.00ns         0 [  0.00ns,   0.00ns]   0.00ns   0.00ns   0.00ns
                           'fj_lin':         0 [  0.00ns,   0.00ns]   0.00ns   0.00ns   0.00ns         0 [  0.00ns,   0.00ns]   0.00ns   0.00ns   0.00ns
                           'fj_lin':         0 [  0.00ns,   0.00ns]   0.00ns   0.00ns   0.00ns         0 [  0.00ns,   0.00ns]   0.00ns   0.00ns   0.00ns
                           'fj_lin':         0 [  0.00ns,   0.00ns]   0.00ns   0.00ns   0.00ns         0 [  0.00ns,   0.00ns]   0.00ns   0.00ns   0.00ns
                           'fj_lin':         0 [  0.00ns,   0.00ns]   0.00ns   0.00ns   0.00ns         0 [  0.00ns,   0.00ns]   0.00ns   0.00ns   0.00ns
                           'fj_lin':         0 [  0.00ns,   0.00ns]   0.00ns   0.00ns   0.00ns         0 [  0.00ns,   0.00ns]   0.00ns   0.00ns   0.00ns
                           'fj_lin':         0 [  0.00ns,   0.00ns]   0.00ns   0.00ns   0.00ns         0 [  0.00ns,   0.00ns]   0.00ns   0.00ns   0.00ns
                           'fj_lin':         0 [  0.00ns,   0.00ns]   0.00ns   0.00ns   0.00ns         0 [  0.00ns,   0.00ns]   0.00ns   0.00ns   0.00ns
                        'fs_random':         0 [  0.00ns,   0.00ns]   0.00ns   0.00ns   0.00ns         0 [  0.00ns,   0.00ns]   0.00ns   0.00ns   0.00ns
                        'fs_random':         0 [  0.00ns,   0.00ns]   0.00ns   0.00ns   0.00ns         0 [  0.00ns,   0.00ns]   0.00ns   0.00ns   0.00ns
                        'fs_random':         0 [  0.00ns,   0.00ns]   0.00ns   0.00ns   0.00ns         0 [  0.00ns,   0.00ns]   0.00ns   0.00ns   0.00ns
                        'fs_random':         0 [  0.00ns,   0.00ns]   0.00ns   0.00ns   0.00ns         0 [  0.00ns,   0.00ns]   0.00ns   0.00ns   0.00ns
                        'fs_random':         0 [  0.00ns,   0.00ns]   0.00ns   0.00ns   0.00ns         0 [  0.00ns,   0.00ns]   0.00ns   0.00ns   0.00ns
                        'fs_random':         0 [  0.00ns,   0.00ns]   0.00ns   0.00ns   0.00ns         0 [  0.00ns,   0.00ns]   0.00ns   0.00ns   0.00ns
                        'fs_random':         0 [  0.00ns,   0.00ns]   0.00ns   0.00ns   0.00ns         0 [  0.00ns,   0.00ns]   0.00ns   0.00ns   0.00ns
                        'fs_random':         0 [  0.00ns,   0.00ns]   0.00ns   0.00ns   0.00ns         0 [  0.00ns,   0.00ns]   0.00ns   0.00ns   0.00ns
                        'fs_random':         0 [  0.00ns,   0.00ns]   0.00ns   0.00ns   0.00ns         0 [  0.00ns,   0.00ns]   0.00ns   0.00ns   0.00ns
                        'fs_random':         0 [  0.00ns,   0.00ns]   0.00ns   0.00ns   0.00ns         0 [  0.00ns,   0.00ns]   0.00ns   0.00ns   0.00ns
                        'fs_random':         0 [  0.00ns,   0.00ns]   0.00ns   0.00ns   0.00ns         0 [  0.00ns,   0.00ns]   0.00ns   0.00ns   0.00ns
                        'fs_random':         0 [  0.00ns,   0.00ns]   0.00ns   0.00ns   0.00ns         0 [  0.00ns,   0.00ns]   0.00ns   0.00ns   0.00ns
                  'fs_random_no_lp':         0 [  0.00ns,   0.00ns]   0.00ns   0.00ns   0.00ns         0 [  0.00ns,   0.00ns]   0.00ns   0.00ns   0.00ns
                  'fs_random_no_lp':         0 [  0.00ns,   0.00ns]   0.00ns   0.00ns   0.00ns         0 [  0.00ns,   0.00ns]   0.00ns   0.00ns   0.00ns
                  'fs_random_no_lp':         0 [  0.00ns,   0.00ns]   0.00ns   0.00ns   0.00ns         0 [  0.00ns,   0.00ns]   0.00ns   0.00ns   0.00ns
                  'fs_random_no_lp':         0 [  0.00ns,   0.00ns]   0.00ns   0.00ns   0.00ns         0 [  0.00ns,   0.00ns]   0.00ns   0.00ns   0.00ns
                  'fs_random_no_lp':         0 [  0.00ns,   0.00ns]   0.00ns   0.00ns   0.00ns         0 [  0.00ns,   0.00ns]   0.00ns   0.00ns   0.00ns
                  'fs_random_no_lp':         0 [  0.00ns,   0.00ns]   0.00ns   0.00ns   0.00ns         0 [  0.00ns,   0.00ns]   0.00ns   0.00ns   0.00ns
                  'fs_random_no_lp':         0 [  0.00ns,   0.00ns]   0.00ns   0.00ns   0.00ns         0 [  0.00ns,   0.00ns]   0.00ns   0.00ns   0.00ns
                  'fs_random_no_lp':         0 [  0.00ns,   0.00ns]   0.00ns   0.00ns   0.00ns         0 [  0.00ns,   0.00ns]   0.00ns   0.00ns   0.00ns
                  'fs_random_no_lp':         0 [  0.00ns,   0.00ns]   0.00ns   0.00ns   0.00ns         0 [  0.00ns,   0.00ns]   0.00ns   0.00ns   0.00ns
                  'fs_random_no_lp':         0 [  0.00ns,   0.00ns]   0.00ns   0.00ns   0.00ns         0 [  0.00ns,   0.00ns]   0.00ns   0.00ns   0.00ns
                  'fs_random_no_lp':         0 [  0.00ns,   0.00ns]   0.00ns   0.00ns   0.00ns         0 [  0.00ns,   0.00ns]   0.00ns   0.00ns   0.00ns
                  'fs_random_no_lp':         0 [  0.00ns,   0.00ns]   0.00ns   0.00ns   0.00ns         0 [  0.00ns,   0.00ns]   0.00ns   0.00ns   0.00ns
                  'fs_random_no_lp':         0 [  0.00ns,   0.00ns]   0.00ns   0.00ns   0.00ns         0 [  0.00ns,   0.00ns]   0.00ns   0.00ns   0.00ns
          'fs_random_quick_restart':         0 [  0.00ns,   0.00ns]   0.00ns   0.00ns   0.00ns         0 [  0.00ns,   0.00ns]   0.00ns   0.00ns   0.00ns
          'fs_random_quick_restart':         0 [  0.00ns,   0.00ns]   0.00ns   0.00ns   0.00ns         0 [  0.00ns,   0.00ns]   0.00ns   0.00ns   0.00ns
          'fs_random_quick_restart':         0 [  0.00ns,   0.00ns]   0.00ns   0.00ns   0.00ns         0 [  0.00ns,   0.00ns]   0.00ns   0.00ns   0.00ns
          'fs_random_quick_restart':         0 [  0.00ns,   0.00ns]   0.00ns   0.00ns   0.00ns         0 [  0.00ns,   0.00ns]   0.00ns   0.00ns   0.00ns
          'fs_random_quick_restart':         0 [  0.00ns,   0.00ns]   0.00ns   0.00ns   0.00ns         0 [  0.00ns,   0.00ns]   0.00ns   0.00ns   0.00ns
          'fs_random_quick_restart':         0 [  0.00ns,   0.00ns]   0.00ns   0.00ns   0.00ns         0 [  0.00ns,   0.00ns]   0.00ns   0.00ns   0.00ns
          'fs_random_quick_restart':         0 [  0.00ns,   0.00ns]   0.00ns   0.00ns   0.00ns         0 [  0.00ns,   0.00ns]   0.00ns   0.00ns   0.00ns
          'fs_random_quick_restart':         0 [  0.00ns,   0.00ns]   0.00ns   0.00ns   0.00ns         0 [  0.00ns,   0.00ns]   0.00ns   0.00ns   0.00ns
          'fs_random_quick_restart':         0 [  0.00ns,   0.00ns]   0.00ns   0.00ns   0.00ns         0 [  0.00ns,   0.00ns]   0.00ns   0.00ns   0.00ns
          'fs_random_quick_restart':         0 [  0.00ns,   0.00ns]   0.00ns   0.00ns   0.00ns         0 [  0.00ns,   0.00ns]   0.00ns   0.00ns   0.00ns
          'fs_random_quick_restart':         0 [  0.00ns,   0.00ns]   0.00ns   0.00ns   0.00ns         0 [  0.00ns,   0.00ns]   0.00ns   0.00ns   0.00ns
          'fs_random_quick_restart':         0 [  0.00ns,   0.00ns]   0.00ns   0.00ns   0.00ns         0 [  0.00ns,   0.00ns]   0.00ns   0.00ns   0.00ns
    'fs_random_quick_restart_no_lp':         0 [  0.00ns,   0.00ns]   0.00ns   0.00ns   0.00ns         0 [  0.00ns,   0.00ns]   0.00ns   0.00ns   0.00ns
    'fs_random_quick_restart_no_lp':         0 [  0.00ns,   0.00ns]   0.00ns   0.00ns   0.00ns         0 [  0.00ns,   0.00ns]   0.00ns   0.00ns   0.00ns
    'fs_random_quick_restart_no_lp':         0 [  0.00ns,   0.00ns]   0.00ns   0.00ns   0.00ns         0 [  0.00ns,   0.00ns]   0.00ns   0.00ns   0.00ns
    'fs_random_quick_restart_no_lp':         0 [  0.00ns,   0.00ns]   0.00ns   0.00ns   0.00ns         0 [  0.00ns,   0.00ns]   0.00ns   0.00ns   0.00ns
    'fs_random_quick_restart_no_lp':         0 [  0.00ns,   0.00ns]   0.00ns   0.00ns   0.00ns         0 [  0.00ns,   0.00ns]   0.00ns   0.00ns   0.00ns
    'fs_random_quick_restart_no_lp':         0 [  0.00ns,   0.00ns]   0.00ns   0.00ns   0.00ns         0 [  0.00ns,   0.00ns]   0.00ns   0.00ns   0.00ns
    'fs_random_quick_restart_no_lp':         0 [  0.00ns,   0.00ns]   0.00ns   0.00ns   0.00ns         0 [  0.00ns,   0.00ns]   0.00ns   0.00ns   0.00ns
    'fs_random_quick_restart_no_lp':         0 [  0.00ns,   0.00ns]   0.00ns   0.00ns   0.00ns         0 [  0.00ns,   0.00ns]   0.00ns   0.00ns   0.00ns
    'fs_random_quick_restart_no_lp':         0 [  0.00ns,   0.00ns]   0.00ns   0.00ns   0.00ns         0 [  0.00ns,   0.00ns]   0.00ns   0.00ns   0.00ns
    'fs_random_quick_restart_no_lp':         0 [  0.00ns,   0.00ns]   0.00ns   0.00ns   0.00ns         0 [  0.00ns,   0.00ns]   0.00ns   0.00ns   0.00ns
    'fs_random_quick_restart_no_lp':         0 [  0.00ns,   0.00ns]   0.00ns   0.00ns   0.00ns         0 [  0.00ns,   0.00ns]   0.00ns   0.00ns   0.00ns
    'fs_random_quick_restart_no_lp':         0 [  0.00ns,   0.00ns]   0.00ns   0.00ns   0.00ns         0 [  0.00ns,   0.00ns]   0.00ns   0.00ns   0.00ns
                    'graph_arc_lns':        12 [ 20.84ms, 389.15ms]  95.01ms 107.92ms    1.14s        12 [  1.24ms,  80.56ms]  15.31ms  22.02ms 183.75ms
                    'graph_cst_lns':        11 [  5.64ms, 378.04ms] 122.09ms 139.35ms    1.34s        11 [109.98us,  55.44ms]  16.63ms  21.99ms 182.97ms
                    'graph_dec_lns':        11 [  2.96ms, 393.39ms] 142.16ms 165.18ms    1.56s        11 [ 32.01us, 100.00ms]  27.68ms  36.03ms 304.53ms
                    'graph_var_lns':         9 [  5.46ms, 287.01ms] 139.61ms  88.86ms    1.26s         9 [320.66us,  81.55ms]  24.90ms  23.04ms 224.08ms
                     'lb_relax_lns':         5 [269.43us, 464.29ms] 307.81ms 174.87ms    1.54s         4 [ 58.16ms,  92.44ms]  73.85ms  15.05ms 295.39ms
                   'lb_tree_search':         1 [474.24ms, 474.24ms] 474.24ms   0.00ns 474.24ms         1 [ 41.93ms,  41.93ms]  41.93ms   0.00ns  41.93ms
                               'ls':         7 [ 22.70ms,  84.21ms]  62.49ms  19.40ms 437.43ms         7 [ 27.91ms, 100.05ms]  89.73ms  25.24ms 628.14ms
                               'ls':         7 [ 27.76ms,  81.46ms]  63.06ms  16.53ms 441.41ms         7 [ 75.92ms, 100.08ms]  94.10ms   9.56ms 658.71ms
                               'ls':         7 [ 27.84ms,  83.08ms]  65.40ms  20.13ms 457.81ms         7 [ 30.80ms, 100.07ms]  84.25ms  26.05ms 589.74ms
                               'ls':         7 [ 41.66ms,  74.51ms]  62.29ms  11.15ms 436.03ms         7 [ 47.93ms, 100.07ms]  92.59ms  18.23ms 648.12ms
                               'ls':         7 [ 52.13ms,  72.64ms]  62.13ms   5.89ms 434.91ms         7 [ 79.63ms, 100.05ms]  97.12ms   7.14ms 679.81ms
                               'ls':         8 [  1.94ms,  80.74ms]  55.22ms  23.49ms 441.79ms         8 [  2.57ms, 100.11ms]  80.50ms  35.20ms 644.00ms
                               'ls':         8 [ 13.88ms,  73.17ms]  56.38ms  17.20ms 451.05ms         8 [ 25.87ms, 100.08ms]  90.77ms  24.53ms 726.14ms
                               'ls':         8 [205.25us,  79.30ms]  54.80ms  27.26ms 438.41ms         8 [ 89.65us, 100.04ms]  77.56ms  39.24ms 620.46ms
                               'ls':         8 [799.54us,  81.42ms]  53.68ms  33.08ms 429.46ms         8 [  1.25ms, 100.03ms]  69.16ms  41.65ms 553.25ms
                               'ls':         9 [  1.37ms,  77.95ms]  49.30ms  26.83ms 443.74ms         9 [  1.47ms, 100.08ms]  64.52ms  37.78ms 580.69ms
                               'ls':         9 [ 31.72ms,  79.40ms]  48.56ms  14.89ms 437.08ms         9 [ 51.03ms, 100.11ms]  94.60ms  15.40ms 851.39ms
                               'ls':         9 [238.27us,  82.57ms]  47.08ms  32.03ms 423.73ms         9 [ 82.14us, 100.06ms]  65.51ms  43.75ms 589.63ms
                               'ls':        10 [  4.27ms,  73.37ms]  42.81ms  26.24ms 428.13ms        10 [  9.13ms, 100.05ms]  71.97ms  38.64ms 719.72ms
                               'ls':        11 [ 93.99us,  77.31ms]  40.03ms  20.03ms 440.37ms        10 [ 83.42ms, 100.10ms]  96.97ms   6.19ms 969.67ms
                               'ls':        11 [716.66us,  71.55ms]  38.90ms  27.33ms 427.95ms        10 [  2.41ms, 100.15ms]  71.71ms  41.91ms 717.08ms
                               'ls':        13 [ 60.58us,  82.36ms]  33.88ms  25.80ms 440.45ms        12 [560.45us, 100.05ms]  72.97ms  42.03ms 875.68ms
                               'ls':        13 [470.21us,  85.81ms]  33.11ms  26.18ms 430.41ms        13 [647.20us, 100.06ms]  63.13ms  44.52ms 820.71ms
                               'ls':        14 [  2.09ms,  38.05ms]  31.32ms   8.77ms 438.43ms        14 [  6.03ms, 100.07ms]  90.29ms  25.79ms    1.26s
                               'ls':        16 [  1.54ms,  43.60ms]  26.78ms  14.71ms 428.50ms        16 [952.85us, 100.05ms]  71.41ms  42.58ms    1.14s
                           'ls_lin':         7 [ 26.29ms,  82.12ms]  62.65ms  17.47ms 438.53ms         7 [ 30.52ms, 100.09ms]  90.12ms  24.33ms 630.82ms
                           'ls_lin':         8 [ 30.00ms,  70.73ms]  54.12ms  16.79ms 432.93ms         8 [ 55.25ms, 100.06ms]  94.44ms  14.81ms 755.51ms
                           'ls_lin':         9 [  7.69ms,  81.93ms]  48.51ms  28.28ms 436.61ms         9 [  9.53ms, 100.12ms]  67.17ms  37.34ms 604.51ms
                           'ls_lin':         9 [  7.84ms,  71.48ms]  48.61ms  20.02ms 437.52ms         9 [ 12.70ms, 100.10ms]  86.86ms  27.98ms 781.70ms
                           'ls_lin':         9 [ 30.41ms,  71.96ms]  48.26ms  15.69ms 434.30ms         9 [ 66.88ms, 100.07ms]  96.35ms  10.42ms 867.11ms
                           'ls_lin':         9 [114.83us,  91.62ms]  47.25ms  39.16ms 425.25ms         8 [  3.59ms, 100.06ms]  65.03ms  45.22ms 520.26ms
                           'ls_lin':        10 [  3.14ms,  80.22ms]  42.55ms  24.81ms 425.55ms        10 [  5.24ms, 100.10ms]  80.53ms  36.98ms 805.32ms
                           'ls_lin':        11 [  4.03ms,  77.58ms]  39.51ms  17.74ms 434.62ms        11 [  5.51ms, 100.10ms]  91.45ms  27.18ms    1.01s
                           'ls_lin':        14 [224.14us,  39.27ms]  30.93ms   9.58ms 433.03ms        14 [102.72us, 100.07ms]  90.40ms  26.62ms    1.27s
                           'ls_lin':        15 [ 83.94us,  49.08ms]  28.86ms  19.13ms 432.84ms        13 [902.44us, 100.08ms]  76.82ms  38.70ms 998.71ms
                           'max_lp':         1 [464.15ms, 464.15ms] 464.15ms   0.00ns 464.15ms         1 [ 85.39ms,  85.39ms]  85.39ms   0.00ns  85.39ms
                            'no_lp':         1 [467.78ms, 467.78ms] 467.78ms   0.00ns 467.78ms         1 [ 65.59ms,  65.59ms]  65.59ms   0.00ns  65.59ms
              'objective_lb_search':         1 [462.06ms, 462.06ms] 462.06ms   0.00ns 462.06ms         1 [109.01ms, 109.01ms] 109.01ms   0.00ns 109.01ms
       'objective_lb_search_max_lp':         1 [470.28ms, 470.28ms] 470.28ms   0.00ns 470.28ms         1 [ 45.77ms,  45.77ms]  45.77ms   0.00ns  45.77ms
        'objective_lb_search_no_lp':         1 [470.36ms, 470.36ms] 470.36ms   0.00ns 470.36ms         1 [129.15ms, 129.15ms] 129.15ms   0.00ns 129.15ms
         'objective_shaving_max_lp':        50 [737.17us,  15.74ms]   8.39ms   3.72ms 419.73ms        46 [ 17.35us,  63.46us]  46.62us  12.87us   2.14ms
          'objective_shaving_no_lp':        43 [386.54us,  15.39ms]   9.76ms   4.33ms 419.52ms        37 [ 17.35us,  47.99us]  42.51us   9.99us   1.57ms
                          'probing':         1 [462.89ms, 462.89ms] 462.89ms   0.00ns 462.89ms         1 [ 12.48ms,  12.48ms]  12.48ms   0.00ns  12.48ms
                   'probing_max_lp':         1 [473.55ms, 473.55ms] 473.55ms   0.00ns 473.55ms         1 [ 24.66ms,  24.66ms]  24.66ms   0.00ns  24.66ms
                    'probing_no_lp':         1 [459.32ms, 459.32ms] 459.32ms   0.00ns 459.32ms         0 [  0.00ns,   0.00ns]   0.00ns   0.00ns   0.00ns
                     'pseudo_costs':         1 [474.38ms, 474.38ms] 474.38ms   0.00ns 474.38ms         1 [ 71.47ms,  71.47ms]  71.47ms   0.00ns  71.47ms
                    'quick_restart':         1 [470.45ms, 470.45ms] 470.45ms   0.00ns 470.45ms         1 [ 77.83ms,  77.83ms]  77.83ms   0.00ns  77.83ms
              'quick_restart_no_lp':         1 [470.13ms, 470.13ms] 470.13ms   0.00ns 470.13ms         1 [ 68.29ms,  68.29ms]  68.29ms   0.00ns  68.29ms
                    'reduced_costs':         1 [475.00ms, 475.00ms] 475.00ms   0.00ns 475.00ms         1 [ 67.25ms,  67.25ms]  67.25ms   0.00ns  67.25ms
                        'rins/rens':         9 [299.59us, 424.80ms] 184.83ms 201.99ms    1.66s         5 [  1.88ms,  68.15ms]  32.06ms  21.22ms 160.28ms
                      'rnd_cst_lns':        12 [  3.33ms, 356.26ms]  97.86ms 111.98ms    1.17s        12 [ 91.83us,  64.94ms]  14.48ms  20.35ms 173.77ms
                      'rnd_var_lns':        10 [  3.90ms, 397.51ms] 140.26ms 159.82ms    1.40s        10 [ 33.76us,  87.34ms]  20.91ms  28.22ms 209.05ms
         'scheduling_intervals_lns':         4 [420.13ms, 459.88ms] 434.23ms  15.40ms    1.74s         4 [ 22.47ms,  40.04ms]  30.96ms   7.08ms 123.85ms
       'scheduling_precedences_lns':         4 [418.96ms, 465.84ms] 435.20ms  18.21ms    1.74s         4 [ 24.49ms,  39.90ms]  34.52ms   6.30ms 138.07ms
  'scheduling_resource_windows_lns':         4 [417.65ms, 437.85ms] 427.96ms   7.93ms    1.71s         4 [ 61.81ms, 100.08ms]  81.91ms  17.96ms 327.66ms
       'scheduling_time_window_lns':         4 [158.18ms, 466.74ms] 370.84ms 123.75ms    1.48s         4 [ 11.26ms,  67.62ms]  43.54ms  21.20ms 174.17ms
                'variables_shaving':        77 [  5.79ms, 117.76ms]  31.38ms  25.39ms    2.42s        76 [210.05us,  11.61ms]   1.88ms   2.19ms 143.19ms
         'variables_shaving_max_lp':        11 [ 38.37ms, 348.76ms] 106.38ms  89.42ms    1.17s        11 [  4.46ms,  57.19ms]  19.61ms  16.59ms 215.71ms
          'variables_shaving_no_lp':        77 [  4.70ms, 353.18ms]  41.04ms  47.87ms    3.16s        76 [141.78us,  33.03ms]   2.56ms   4.13ms 194.51ms

Search stats                        Bools  Conflicts  Branches  Restarts  BoolPropag  IntegerPropag
                           'core':  1'353        333    16'707     6'338   1'982'297        352'624
                     'default_lp':    847      1'189     3'967       645      93'473        500'906
                          'fixed':  1'171      1'539     6'999       628     143'368        686'674
                      'fs_random':      0          0         0         0           0              0
                      'fs_random':      0          0         0         0           0              0
                      'fs_random':      0          0         0         0           0              0
                      'fs_random':      0          0         0         0           0              0
                      'fs_random':      0          0         0         0           0              0
                      'fs_random':      0          0         0         0           0              0
                      'fs_random':      0          0         0         0           0              0
                      'fs_random':      0          0         0         0           0              0
                      'fs_random':      0          0         0         0           0              0
                      'fs_random':      0          0         0         0           0              0
                      'fs_random':      0          0         0         0           0              0
                      'fs_random':      0          0         0         0           0              0
                'fs_random_no_lp':      0          0         0         0           0              0
                'fs_random_no_lp':      0          0         0         0           0              0
                'fs_random_no_lp':      0          0         0         0           0              0
                'fs_random_no_lp':      0          0         0         0           0              0
                'fs_random_no_lp':      0          0         0         0           0              0
                'fs_random_no_lp':      0          0         0         0           0              0
                'fs_random_no_lp':      0          0         0         0           0              0
                'fs_random_no_lp':      0          0         0         0           0              0
                'fs_random_no_lp':      0          0         0         0           0              0
                'fs_random_no_lp':      0          0         0         0           0              0
                'fs_random_no_lp':      0          0         0         0           0              0
                'fs_random_no_lp':      0          0         0         0           0              0
                'fs_random_no_lp':      0          0         0         0           0              0
        'fs_random_quick_restart':      0          0         0         0           0              0
        'fs_random_quick_restart':      0          0         0         0           0              0
        'fs_random_quick_restart':      0          0         0         0           0              0
        'fs_random_quick_restart':      0          0         0         0           0              0
        'fs_random_quick_restart':      0          0         0         0           0              0
        'fs_random_quick_restart':      0          0         0         0           0              0
        'fs_random_quick_restart':      0          0         0         0           0              0
        'fs_random_quick_restart':      0          0         0         0           0              0
        'fs_random_quick_restart':      0          0         0         0           0              0
        'fs_random_quick_restart':      0          0         0         0           0              0
        'fs_random_quick_restart':      0          0         0         0           0              0
        'fs_random_quick_restart':      0          0         0         0           0              0
  'fs_random_quick_restart_no_lp':      0          0         0         0           0              0
  'fs_random_quick_restart_no_lp':      0          0         0         0           0              0
  'fs_random_quick_restart_no_lp':      0          0         0         0           0              0
  'fs_random_quick_restart_no_lp':      0          0         0         0           0              0
  'fs_random_quick_restart_no_lp':      0          0         0         0           0              0
  'fs_random_quick_restart_no_lp':      0          0         0         0           0              0
  'fs_random_quick_restart_no_lp':      0          0         0         0           0              0
  'fs_random_quick_restart_no_lp':      0          0         0         0           0              0
  'fs_random_quick_restart_no_lp':      0          0         0         0           0              0
  'fs_random_quick_restart_no_lp':      0          0         0         0           0              0
  'fs_random_quick_restart_no_lp':      0          0         0         0           0              0
  'fs_random_quick_restart_no_lp':      0          0         0         0           0              0
                 'lb_tree_search':  1'291         27     5'907     4'252      22'445         54'508
                         'max_lp':    346        287     2'641       384       5'986        178'508
                          'no_lp':    518        961    10'738       888      42'363        417'259
            'objective_lb_search':    721      1'333     5'024       815     207'516        712'519
     'objective_lb_search_max_lp':  1'299         65     5'076     4'157      24'260         65'098
      'objective_lb_search_no_lp':    691      1'529     4'574       626     176'833        966'936
                        'probing':  1'693         32     3'354     3'354      29'172         54'414
                 'probing_max_lp':  1'333         18     2'648     2'648       3'000         23'804
                  'probing_no_lp':  1'745        470     6'784     4'569     115'792        263'491
                   'pseudo_costs':    181        126     5'128       781       7'313        101'605
                  'quick_restart':  1'409        965     7'618       912     125'873        545'682
            'quick_restart_no_lp':  1'024        680    11'893     1'097      71'987        487'170
                  'reduced_costs':  1'448        314     5'875     4'282      55'815        135'145

SAT stats                           ClassicMinim  LitRemoved  LitLearned  LitForgotten  Subsumed  MClauses  MDecisions  MLitTrue  MSubsumed  MLitRemoved  MReused
                           'core':            13          13         112             0         0     4'860       9'260         0        577        1'732        1
                     'default_lp':           917       3'479      10'847             0         4        21          63         0          2           10       18
                          'fixed':           999       1'996      17'049             0        18         0           0         0          0            0        0
                      'fs_random':             0           0           0             0         0         0           0         0          0            0        0
                      'fs_random':             0           0           0             0         0         0           0         0          0            0        0
                      'fs_random':             0           0           0             0         0         0           0         0          0            0        0
                      'fs_random':             0           0           0             0         0         0           0         0          0            0        0
                      'fs_random':             0           0           0             0         0         0           0         0          0            0        0
                      'fs_random':             0           0           0             0         0         0           0         0          0            0        0
                      'fs_random':             0           0           0             0         0         0           0         0          0            0        0
                      'fs_random':             0           0           0             0         0         0           0         0          0            0        0
                      'fs_random':             0           0           0             0         0         0           0         0          0            0        0
                      'fs_random':             0           0           0             0         0         0           0         0          0            0        0
                      'fs_random':             0           0           0             0         0         0           0         0          0            0        0
                      'fs_random':             0           0           0             0         0         0           0         0          0            0        0
                'fs_random_no_lp':             0           0           0             0         0         0           0         0          0            0        0
                'fs_random_no_lp':             0           0           0             0         0         0           0         0          0            0        0
                'fs_random_no_lp':             0           0           0             0         0         0           0         0          0            0        0
                'fs_random_no_lp':             0           0           0             0         0         0           0         0          0            0        0
                'fs_random_no_lp':             0           0           0             0         0         0           0         0          0            0        0
                'fs_random_no_lp':             0           0           0             0         0         0           0         0          0            0        0
                'fs_random_no_lp':             0           0           0             0         0         0           0         0          0            0        0
                'fs_random_no_lp':             0           0           0             0         0         0           0         0          0            0        0
                'fs_random_no_lp':             0           0           0             0         0         0           0         0          0            0        0
                'fs_random_no_lp':             0           0           0             0         0         0           0         0          0            0        0
                'fs_random_no_lp':             0           0           0             0         0         0           0         0          0            0        0
                'fs_random_no_lp':             0           0           0             0         0         0           0         0          0            0        0
                'fs_random_no_lp':             0           0           0             0         0         0           0         0          0            0        0
        'fs_random_quick_restart':             0           0           0             0         0         0           0         0          0            0        0
        'fs_random_quick_restart':             0           0           0             0         0         0           0         0          0            0        0
        'fs_random_quick_restart':             0           0           0             0         0         0           0         0          0            0        0
        'fs_random_quick_restart':             0           0           0             0         0         0           0         0          0            0        0
        'fs_random_quick_restart':             0           0           0             0         0         0           0         0          0            0        0
        'fs_random_quick_restart':             0           0           0             0         0         0           0         0          0            0        0
        'fs_random_quick_restart':             0           0           0             0         0         0           0         0          0            0        0
        'fs_random_quick_restart':             0           0           0             0         0         0           0         0          0            0        0
        'fs_random_quick_restart':             0           0           0             0         0         0           0         0          0            0        0
        'fs_random_quick_restart':             0           0           0             0         0         0           0         0          0            0        0
        'fs_random_quick_restart':             0           0           0             0         0         0           0         0          0            0        0
        'fs_random_quick_restart':             0           0           0             0         0         0           0         0          0            0        0
  'fs_random_quick_restart_no_lp':             0           0           0             0         0         0           0         0          0            0        0
  'fs_random_quick_restart_no_lp':             0           0           0             0         0         0           0         0          0            0        0
  'fs_random_quick_restart_no_lp':             0           0           0             0         0         0           0         0          0            0        0
  'fs_random_quick_restart_no_lp':             0           0           0             0         0         0           0         0          0            0        0
  'fs_random_quick_restart_no_lp':             0           0           0             0         0         0           0         0          0            0        0
  'fs_random_quick_restart_no_lp':             0           0           0             0         0         0           0         0          0            0        0
  'fs_random_quick_restart_no_lp':             0           0           0             0         0         0           0         0          0            0        0
  'fs_random_quick_restart_no_lp':             0           0           0             0         0         0           0         0          0            0        0
  'fs_random_quick_restart_no_lp':             0           0           0             0         0         0           0         0          0            0        0
  'fs_random_quick_restart_no_lp':             0           0           0             0         0         0           0         0          0            0        0
  'fs_random_quick_restart_no_lp':             0           0           0             0         0         0           0         0          0            0        0
  'fs_random_quick_restart_no_lp':             0           0           0             0         0         0           0         0          0            0        0
                 'lb_tree_search':             0           0          54             0         0         0           0         0          0            0        0
                         'max_lp':           247         705       1'789             0         3        15          27         0          0            0       31
                          'no_lp':           929       4'756      25'992             0         5        20          51         0          3           12        9
            'objective_lb_search':         1'180       4'735       6'687             0        15       639       1'964         0        408        1'943       97
     'objective_lb_search_max_lp':            12          21         129             0         3         4           9         0          0            0        1
      'objective_lb_search_no_lp':         1'372       5'155      12'931             0        12         0           0         0          0            0        0
                        'probing':             0           0          32             0         0         0           0         0          0            0        0
                 'probing_max_lp':             0           0          18             0         0         0           0         0          0            0        0
                  'probing_no_lp':           254         714       1'553             0        22         0           0         0          0            0        0
                   'pseudo_costs':            94         234         760             0         7       155         431         0         53          265       88
                  'quick_restart':           414         817       7'441             0        16       187         339         0         50          210      138
            'quick_restart_no_lp':           514       1'503       7'622             0        24       167         272         4         27          121      191
                  'reduced_costs':           143         335       1'515             0         7        17          63         0          4           29        1

Lp stats                         Component  Iterations  AddedCuts  OPTIMAL  DUAL_F.  DUAL_U.
                  'default_lp':         22         243          0   10'261        0        0
                       'fixed':         22         320          0    8'485        0        0
              'lb_tree_search':          1         939        495      244        4        0
                      'max_lp':          1       2'402        628      953        8        0
         'objective_lb_search':         22         224          0    5'260        0        0
  'objective_lb_search_max_lp':          1         901        645      147       17        0
                     'probing':         22         369          0   64'237        0        0
              'probing_max_lp':          1         421        330       83        1        0
                'pseudo_costs':          1       1'459        748      508        9        0
               'quick_restart':         22         693          0   12'898        0        0
               'reduced_costs':          1       1'188        638      521       12        0

Lp dimension                      Final dimension of first component
                  'default_lp':        3 rows, 10 columns, 6 entries
                       'fixed':        3 rows, 10 columns, 6 entries
              'lb_tree_search':  307 rows, 201 columns, 1517 entries
                      'max_lp':  296 rows, 201 columns, 1106 entries
         'objective_lb_search':        3 rows, 10 columns, 6 entries
  'objective_lb_search_max_lp':  508 rows, 201 columns, 2669 entries
                     'probing':        3 rows, 10 columns, 6 entries
              'probing_max_lp':  416 rows, 201 columns, 1900 entries
                'pseudo_costs':   202 rows, 201 columns, 825 entries
               'quick_restart':        3 rows, 10 columns, 6 entries
               'reduced_costs':   231 rows, 201 columns, 747 entries

Lp debug                         CutPropag  CutEqPropag  Adjust  Overflow     Bad  BadScaling
                  'default_lp':          0            0       0         0       0           0
                       'fixed':          0            0       0         0       0           0
              'lb_tree_search':          0            1     245         0  13'521           0
                      'max_lp':          0           17     413         0  11'304           0
         'objective_lb_search':          0            0       0         0       0           0
  'objective_lb_search_max_lp':          0            4     130         0   9'162           0
                     'probing':          0            0       0         0       0           0
              'probing_max_lp':          0           18      81         0  26'144           0
                'pseudo_costs':          0           13     317         0  12'089           0
               'quick_restart':          0            0       0         0       0           0
               'reduced_costs':          0            9     409         0   4'067           0

Lp pool                          Constraints  Updates  Simplif  Merged  Shortened  Split  Strenghtened  Cuts/Call
                  'default_lp':          211        0        3       0          0      0             0        0/0
                       'fixed':          211        0        3       0          0      0             0        0/0
              'lb_tree_search':          699    2'119      152       7          0      0             2  495/3'136
                      'max_lp':          806    1'981       54      33          0      0             0  628/8'117
         'objective_lb_search':          211        0        6       0          0      0             0        0/0
  'objective_lb_search_max_lp':          814    2'553      173      42          0      0             0  645/2'124
                     'probing':          211        0       77       0          0      0             0        0/0
              'probing_max_lp':          541      515        7       0          0      0             0  330/1'361
                'pseudo_costs':          904    3'303      202      55          0      0             0  748/4'553
               'quick_restart':          211        0      348       0          0      0             2        0/0
               'reduced_costs':          805      888       54      44          0      0             0  638/4'744

Lp Cut                                                max_lp  objective_lb_search_max_lp  reduced_costs  pseudo_costs  lb_tree_search  probing_max_lp
                                              CG_FF:       1                           2              1             2               1               2
                                               CG_K:       3                           5              3             2               6               1
                                               CG_R:      20                           7              9            14              21               6
                                            MIR_1_K:       1                           1              1             1               1               -
                                            MIR_1_R:       5                          10              6            10               2               1
                                            MIR_2_K:       2                           1              -             3               2               1
                                            MIR_2_R:       1                           2              -             1               2               1
                                            MIR_3_K:       -                           1              -             -               -               -
                                            MIR_3_R:       -                           1              -             -               3               -
                                            MIR_4_K:       -                           -              -             1               2               -
                                            MIR_4_R:       1                           -              -             -               -               -
                                            MIR_5_K:       -                           1              -             -               1               1
                                            MIR_5_R:       -                           1              1             1               1               -
                                            MIR_6_K:       1                           -              -             -               -               -
                  NoOverlapCompletionTimeExhaustive:      20                          22             19            19              15               7
           NoOverlapCompletionTimeExhaustive_lifted:      28                          27             35            32              23              13
  NoOverlapCompletionTimeExhaustive_lifted_weighted:      61                          58             66            64              45              34
         NoOverlapCompletionTimeExhaustive_weighted:      49                          31             26            49              26              19
                    NoOverlapCompletionTimeQueyrane:      91                          80             87           106              70              51
             NoOverlapCompletionTimeQueyrane_lifted:     173                         227            223           254             149             101
                        NoOverlapDetectedPrecedence:       3                           4              3             2               3               -
                          NoOverlapDisjunctionOnEnd:       -                           1              -             -               -               -
                        NoOverlapDisjunctionOnStart:     143                         138            150           166              95              78
                                        ZERO_HALF_R:      25                          25              8            21              27              14

LNS stats                             Improv/Calls  Closed  Difficulty  TimeLimit
                    'graph_arc_lns':         10/12     83%    9.77e-01       0.10
                    'graph_cst_lns':         10/11     73%    9.46e-01       0.10
                    'graph_dec_lns':          8/11     64%    9.01e-01       0.10
                    'graph_var_lns':           6/9     67%    8.95e-01       0.10
                     'lb_relax_lns':           4/4     25%    2.48e-01       0.50
                        'rins/rens':           5/9     56%    8.01e-01       0.10
                      'rnd_cst_lns':          8/12     83%    9.77e-01       0.10
                      'rnd_var_lns':          7/10     70%    9.26e-01       0.10
         'scheduling_intervals_lns':           4/4      0%    8.55e-02       0.10
       'scheduling_precedences_lns':           4/4      0%    8.55e-02       0.10
  'scheduling_resource_windows_lns':           3/4      0%    8.55e-02       0.10
       'scheduling_time_window_lns':           3/4     25%    2.48e-01       0.10

LS stats                                    Batches  Restarts/Perturbs  LinMoves  GenMoves  CompoundMoves  Bactracks  WeightUpdates  ScoreComputed
                       'ls_decay_perturb':        7                  8        18    17'729            428      6'979          1'230      3'700'803
                         'ls_lin_restart':       17                 16        73    21'892              0          0         13'604      6'479'843
                'ls_lin_restart_compound':       15                 14         0    54'296          1'628     26'309            613     10'094'971
        'ls_lin_restart_compound_perturb':       14                 14         0    35'676          1'150     17'250            350      7'230'655
                   'ls_lin_restart_decay':        8                  8        41    11'932              0          0          1'341      2'034'856
          'ls_lin_restart_decay_compound':       16                 15         0    51'271          1'801     24'718            465      9'979'297
  'ls_lin_restart_decay_compound_perturb':        6                  6         0    17'095            628      8'223            174      3'364'880
           'ls_lin_restart_decay_perturb':       15                 15        70    33'748              0          0          2'715      5'730'595
                 'ls_lin_restart_perturb':       10                 10        62    16'669              0          0         10'525      5'289'305
                             'ls_restart':       26                 26       144    38'674              0          0         21'925     11'446'271
                    'ls_restart_compound':       20                 20         0    52'537          1'602     25'455            567     10'198'030
            'ls_restart_compound_perturb':       20                 20         0    53'061          1'622     25'708            573      9'629'153
                       'ls_restart_decay':       27                 26       158    54'859              0          0          4'289      9'494'339
              'ls_restart_decay_compound':       14                 14         0    39'438          1'321     19'044            355      8'050'236
      'ls_restart_decay_compound_perturb':       23                 23         0    73'515          2'532     35'461            687     14'279'078
               'ls_restart_decay_perturb':       23                 23       125    48'442              0          0          3'904      8'154'809
                     'ls_restart_perturb':       22                 20       119    25'827              0          0         13'930      7'286'878

Solutions (38)                          Num     Rank
                               'core':    1    [2,2]
                              'fixed':    1    [3,3]
                      'graph_arc_lns':    2  [22,28]
                      'graph_dec_lns':    1  [16,16]
                     'ls_lin_restart':    1  [21,21]
               'ls_lin_restart_decay':    1    [8,8]
      'ls_lin_restart_decay_compound':    1  [32,32]
       'ls_lin_restart_decay_perturb':    1  [35,35]
                         'ls_restart':    2   [9,13]
        'ls_restart_compound_perturb':    3  [15,34]
                   'ls_restart_decay':    3  [17,37]
          'ls_restart_decay_compound':    2  [20,23]
  'ls_restart_decay_compound_perturb':    2   [4,10]
           'ls_restart_decay_perturb':    3   [7,12]
                 'ls_restart_perturb':    2    [5,6]
                              'no_lp':    1    [1,1]
                      'quick_restart':    2  [14,27]
                'quick_restart_no_lp':    8  [19,38]
                        'rnd_var_lns':    1  [18,18]

Objective bounds                 Num
              'initial_domain':    1
              'lb_tree_search':    4
                      'max_lp':    4
         'objective_lb_search':    5
  'objective_lb_search_max_lp':    6
              'probing_max_lp':    1
               'probing_no_lp':    1
                'pseudo_costs':    3

Solution repositories    Added  Queried  Synchro
  'feasible solutions':    205      472      124
   'fj solution hints':      0        0        0
        'lp solutions':     10        0       10
                'pump':    200        9

Improving bounds shared            Num  Sym
                       'fixed':    396    0
              'lb_tree_search':    663    0
                      'max_lp':  1'711    0
                       'no_lp':    372    0
         'objective_lb_search':    215    0
  'objective_lb_search_max_lp':    369    0
                     'probing':     11    0
              'probing_max_lp':    187    0
               'probing_no_lp':    331    0
                'pseudo_costs':  1'157    0
               'quick_restart':    611    0
         'quick_restart_no_lp':    217    0
               'reduced_costs':     17    0

CpSolverResponse summary:
status: OPTIMAL
objective: 1969
best_bound: 1969
integers: 0
booleans: 0
conflicts: 0
branches: 0
propagations: 0
integer_propagations: 0
restarts: 0
lp_iterations: 0
walltime: 0.495623
usertime: 0.495623
deterministic_time: 27.0151
gap_integral: 130.962
solution_fingerprint: 0x2fe8d76b2f605724

