
Starting CP-SAT solver v9.14.6206
Parameters: max_time_in_seconds: 300 log_search_progress: true num_search_workers: 104 relative_gap_limit: 0.005

Initial optimization model '': (model_fingerprint: 0x6f35c8b1b426a0f)
#Variables: 460 (#ints: 80 in objective) (380 primary variables)
  - 80 in [0,47123]
  - 60 in [33120,47123]
  - 320 in [34560,47123]
#kInterval: 196 (#fixed: 6)
#kLinMax: 80 (#expressions: 160)
#kLinear1: 25
#kLinear2: 165
#kNoOverlap: 10 (#intervals: 196, #fixed_intervals: 6)

Starting presolve at 0.00s
  7.51e-05s  0.00e+00d  [DetectDominanceRelations] 
  1.81e-03s  0.00e+00d  [PresolveToFixPoint] #num_loops=10 #num_dual_strengthening=1 
  2.46e-06s  0.00e+00d  [ExtractEncodingFromLinear] 
  1.61e-05s  0.00e+00d  [DetectDuplicateColumns] 
  6.84e-05s  0.00e+00d  [DetectDuplicateConstraints] #duplicates=1 
[Symmetry] Graph for symmetry has 1'088 nodes and 1'032 arcs.
[Symmetry] Symmetry computation done. time: 9.3968e-05 dtime: 0.00010356
  6.06e-05s  0.00e+00d  [DetectDuplicateConstraintsWithDifferentEnforcements] 
  5.23e-04s  5.22e-06d  [Probe] #new_bounds=23 
  2.05e-06s  0.00e+00d  [MaxClique] 
  6.75e-05s  0.00e+00d  [DetectDominanceRelations] 
  5.07e-04s  0.00e+00d  [PresolveToFixPoint] #num_loops=3 #num_dual_strengthening=2 
  3.24e-05s  0.00e+00d  [ProcessAtMostOneAndLinear] 
  5.64e-05s  0.00e+00d  [DetectDuplicateConstraints] 
  5.27e-05s  0.00e+00d  [DetectDuplicateConstraintsWithDifferentEnforcements] 
  2.89e-05s  1.27e-06d  [DetectDominatedLinearConstraints] #relevant_constraints=211 
  2.86e-05s  0.00e+00d  [DetectDifferentVariables] 
  2.18e-06s  0.00e+00d  [ProcessSetPPC] 
  4.68e-06s  0.00e+00d  [FindAlmostIdenticalLinearConstraints] 
  1.04e-05s  0.00e+00d  [FindBigAtMostOneAndLinearOverlap] 
  1.63e-05s  7.73e-06d  [FindBigVerticalLinearOverlap] 
  1.93e-06s  0.00e+00d  [FindBigHorizontalLinearOverlap] 
  1.58e-06s  0.00e+00d  [MergeClauses] 
  6.13e-05s  0.00e+00d  [DetectDominanceRelations] 
  3.36e-04s  0.00e+00d  [PresolveToFixPoint] #num_loops=1 #num_dual_strengthening=1 
  5.88e-05s  0.00e+00d  [DetectDominanceRelations] 
  3.36e-04s  0.00e+00d  [PresolveToFixPoint] #num_loops=1 #num_dual_strengthening=1 
  1.05e-05s  0.00e+00d  [DetectDuplicateColumns] 
  5.29e-05s  0.00e+00d  [DetectDuplicateConstraints] 
[Symmetry] Graph for symmetry has 1'083 nodes and 1'028 arcs.
[Symmetry] Symmetry computation done. time: 6.6425e-05 dtime: 0.00010318
  5.74e-05s  0.00e+00d  [DetectDuplicateConstraintsWithDifferentEnforcements] 
  4.07e-04s  2.08e-06d  [Probe] 
  1.69e-06s  0.00e+00d  [MaxClique] 
  7.06e-05s  0.00e+00d  [DetectDominanceRelations] 
  3.82e-04s  0.00e+00d  [PresolveToFixPoint] #num_loops=1 #num_dual_strengthening=1 
  2.80e-05s  0.00e+00d  [ProcessAtMostOneAndLinear] 
  5.50e-05s  0.00e+00d  [DetectDuplicateConstraints] 
  5.22e-05s  0.00e+00d  [DetectDuplicateConstraintsWithDifferentEnforcements] 
  2.31e-05s  1.27e-06d  [DetectDominatedLinearConstraints] #relevant_constraints=211 
  2.73e-05s  0.00e+00d  [DetectDifferentVariables] 
  2.16e-06s  0.00e+00d  [ProcessSetPPC] 
  2.49e-06s  0.00e+00d  [FindAlmostIdenticalLinearConstraints] 
  1.00e-05s  0.00e+00d  [FindBigAtMostOneAndLinearOverlap] 
  1.64e-05s  7.73e-06d  [FindBigVerticalLinearOverlap] 
  1.83e-06s  0.00e+00d  [FindBigHorizontalLinearOverlap] 
  1.40e-06s  0.00e+00d  [MergeClauses] 
  6.15e-05s  0.00e+00d  [DetectDominanceRelations] 
  3.37e-04s  0.00e+00d  [PresolveToFixPoint] #num_loops=1 #num_dual_strengthening=1 
  1.58e-05s  0.00e+00d  [ExpandObjective] 

Presolve summary:
  - 215 affine relations were detected.
  - rule 'TODO dual: only one blocking constraint?' was applied 539 times.
  - rule 'TODO dual: only one unspecified blocking constraint?' was applied 322 times.
  - rule 'affine: new relation' was applied 215 times.
  - rule 'dual: reduced domain' was applied 6 times.
  - rule 'duplicate: remapped duplicate intervals' was applied 1 time.
  - rule 'duplicate: removed constraint' was applied 1 time.
  - rule 'intervals: removed unused interval' was applied 5 times.
  - rule 'lin_max: converted abs to equality' was applied 23 times.
  - rule 'lin_max: converted to equality' was applied 4 times.
  - rule 'lin_max: propagate domain from x to abs(x)' was applied 30 times.
  - rule 'lin_max: removed exprs' was applied 4 times.
  - rule 'lin_max: rewrite with precedences' was applied 46 times.
  - rule 'lin_max: target domain reduced' was applied 50 times.
  - rule 'linear1: x in domain' was applied 19 times.
  - rule 'linear: always true' was applied 54 times.
  - rule 'linear: fixed or dup variables' was applied 2 times.
  - rule 'linear: reduced variable domains' was applied 959 times.
  - rule 'linear: remapped using affine relations' was applied 451 times.
  - rule 'no_overlap: split into disjoint components' was applied 6 times.
  - rule 'objective: variable not used elsewhere' was applied 2 times.
  - rule 'presolve: 2 unused variables removed.' was applied 1 time.
  - rule 'presolve: iteration' was applied 2 times.

Presolved optimization model '': (model_fingerprint: 0x80df7ec3b1ff674d)
#Variables: 243 (#ints: 76 in objective) (190 primary variables)
  - 224 different domains in [0,47102] with a largest complexity of 1.
#kInterval: 190
#kLinMax: 7 (#expressions: 14)
#kLinear2: 211
#kNoOverlap: 10 (#intervals: 190)
[Symmetry] Graph for symmetry has 866 nodes and 1'028 arcs.
[Symmetry] Symmetry computation done. time: 5.5415e-05 dtime: 9.016e-05

Preloading model.
#Bound   0.01s best:inf   next:[21501,2522764] initial_domain
#Model   0.01s var:243/243 constraints:418/418

Starting search at 0.01s with 104 workers.
18 full problem subsolvers: [core, default_lp, fixed, lb_tree_search, max_lp, no_lp, objective_lb_search, objective_lb_search_max_lp, objective_lb_search_no_lp, objective_shaving_max_lp, objective_shaving_no_lp, probing, probing_max_lp, probing_no_lp, pseudo_costs, quick_restart, quick_restart_no_lp, reduced_costs]
86 first solution subsolvers: [fj(25), fj_lin(12), fs_random(12), fs_random_no_lp(13), fs_random_quick_restart(12), fs_random_quick_restart_no_lp(12)]
45 interleaved subsolvers: [feasibility_pump, graph_arc_lns, graph_cst_lns, graph_dec_lns, graph_var_lns, lb_relax_lns, ls(19), ls_lin(10), rins/rens, rnd_cst_lns, rnd_var_lns, scheduling_intervals_lns, scheduling_precedences_lns, scheduling_resource_windows_lns, scheduling_time_window_lns, variables_shaving, variables_shaving_max_lp, variables_shaving_no_lp]
3 helper subsolvers: [neighborhood_helper, synchronization_agent, update_gap_integral]

#Bound   0.01s best:inf   next:[21606,2522764] max_lp
#1       0.02s best:55946 next:[21606,55945] no_lp
#2       0.02s best:55916 next:[21606,55915] quick_restart_no_lp
#Bound   0.02s best:55916 next:[21610,55915] objective_lb_search_no_lp
#3       0.02s best:32801 next:[21610,32800] core
#Bound   0.02s best:32801 next:[21641,32800] objective_lb_search_no_lp
#Bound   0.02s best:32801 next:[21831,32800] objective_lb_search
#Bound   0.02s best:32801 next:[21833,32800] objective_lb_search
#Bound   0.02s best:32801 next:[21871,32800] objective_lb_search
#Bound   0.02s best:32801 next:[21949,32800] objective_lb_search
#Bound   0.02s best:32801 next:[22416,32800] objective_lb_search
#Bound   0.02s best:32801 next:[22510,32800] objective_lb_search
#Bound   0.02s best:32801 next:[23945,32800] max_lp
#Bound   0.03s best:32801 next:[25247,32800] max_lp
#4       0.03s best:32530 next:[25247,32529] rnd_cst_lns (d=5.00e-01 s=23 t=0.10 p=0.00 stall=0 h=base)
#5       0.03s best:31272 next:[25247,31271] ls_restart(batch:1 lin{mvs:16 evals:572} gen{mvs:146 evals:1'413} #w_updates:55 #perturb:0)
#6       0.04s best:31166 next:[25247,31165] ls_restart_decay_perturb(batch:1 lin{mvs:16 evals:645} gen{mvs:185 evals:1'562} #w_updates:36 #perturb:0)
#7       0.04s best:31164 next:[25247,31163] ls_restart_decay_perturb(batch:1 lin{mvs:16 evals:645} gen{mvs:185 evals:1'562} #w_updates:36 #perturb:0) [combined with: ls_restart(batch:1 l...]
#8       0.04s best:30254 next:[25247,30253] ls_restart_compound_perturb(batch:1 lin{mvs:0 evals:1'362} gen{mvs:436 evals:3'129} comp{mvs:20 btracks:208} #w_updates:4 #perturb:0) [combined with: ls_restart_decay_per...]
#9       0.04s best:30248 next:[25247,30247] ls_restart_decay_compound_perturb(batch:1 lin{mvs:0 evals:519} gen{mvs:134 evals:1'132} comp{mvs:14 btracks:60} #w_updates:2 #perturb:0) [combined with: ls_restart_compound_...]
#10      0.05s best:30231 next:[25247,30230] graph_arc_lns (d=5.00e-01 s=75 t=0.10 p=0.00 stall=0 h=base)
#11      0.06s best:30223 next:[25247,30222] ls_lin_restart_compound_perturb(batch:1 lin{mvs:0 evals:129} gen{mvs:35 evals:284} comp{mvs:19 btracks:8} #w_updates:0 #perturb:0)
#12      0.06s best:30159 next:[25247,30158] ls_lin_restart_decay_compound(batch:1 lin{mvs:0 evals:26} gen{mvs:4 evals:68} comp{mvs:4 btracks:0} #w_updates:0 #perturb:0)
#13      0.06s best:28221 next:[25247,28220] ls_restart_perturb(batch:1 lin{mvs:11 evals:1'029} gen{mvs:191 evals:3'126} #w_updates:226 #perturb:0)
#14      0.07s best:27826 next:[25247,27825] graph_cst_lns (d=5.00e-01 s=100 t=0.10 p=0.00 stall=0 h=base) [combined with: ls_restart_perturb(b...]
#15      0.07s best:27819 next:[25247,27818] ls_restart_compound_perturb(batch:1 lin{mvs:0 evals:391} gen{mvs:107 evals:701} comp{mvs:13 btracks:47} #w_updates:0 #perturb:0) [combined with: graph_cst_lns (d=5.0...]
#16      0.08s best:27812 next:[25247,27811] ls_restart_decay_compound(batch:1 lin{mvs:0 evals:360} gen{mvs:87 evals:901} comp{mvs:21 btracks:33} #w_updates:0 #perturb:0)
#17      0.08s best:27811 next:[25247,27810] ls_restart_decay_compound(batch:1 lin{mvs:0 evals:814} gen{mvs:167 evals:2'113} comp{mvs:49 btracks:59} #w_updates:1 #perturb:0)
#18      0.08s best:27448 next:[25247,27447] ls_lin_restart_decay_perturb(batch:1 lin{mvs:7 evals:217} gen{mvs:27 evals:397} #w_updates:2 #perturb:0)
#19      0.08s best:27447 next:[25247,27446] ls_lin_restart_decay_perturb(batch:1 lin{mvs:7 evals:217} gen{mvs:27 evals:397} #w_updates:2 #perturb:0) [combined with: ls_restart_decay_com...]
#20      0.08s best:27434 next:[25247,27433] ls_lin_restart_decay_compound_perturb(batch:1 lin{mvs:0 evals:20} gen{mvs:4 evals:57} comp{mvs:4 btracks:0} #w_updates:0 #perturb:0)
#21      0.08s best:27420 next:[25247,27419] ls_restart_decay_perturb(batch:1 lin{mvs:8 evals:173} gen{mvs:12 evals:169} #w_updates:1 #perturb:0)
#22      0.08s best:27413 next:[25247,27412] ls_lin_restart_decay_perturb(batch:1 lin{mvs:8 evals:411} gen{mvs:61 evals:881} #w_updates:15 #perturb:0)
#23      0.09s best:27406 next:[25247,27405] ls_lin_restart_decay_compound(batch:1 lin{mvs:0 evals:93} gen{mvs:15 evals:232} comp{mvs:11 btracks:2} #w_updates:0 #perturb:0)
#24      0.10s best:27398 next:[25247,27397] ls_lin_restart_decay(batch:1 lin{mvs:9 evals:2'055} gen{mvs:449 evals:6'044} #w_updates:77 #perturb:0) [combined with: ls_lin_restart_decay...]
#25      0.11s best:27234 next:[25247,27233] lb_relax_lns_bool_h (d=5.00e-01 s=189 t=0.50 p=0.00 stall=0 h=base)
#26      0.11s best:27230 next:[25247,27229] lb_relax_lns_bool_h (d=5.00e-01 s=189 t=0.50 p=0.00 stall=0 h=base) [combined with: ls_lin_restart_decay...]
#27      0.11s best:26881 next:[25247,26880] rnd_var_lns (d=7.07e-01 s=167 t=0.10 p=1.00 stall=1 h=base)
#28      0.11s best:26866 next:[25247,26865] rnd_var_lns (d=7.07e-01 s=167 t=0.10 p=1.00 stall=1 h=base) [combined with: lb_relax_lns_bool_h ...]
#29      0.12s best:26865 next:[25247,26864] quick_restart
#Bound   0.15s best:26865 next:[25346,26864] max_lp
#Bound   0.16s best:26865 next:[25400,26864] max_lp
#30      0.16s best:26691 next:[25400,26690] graph_arc_lns (d=8.14e-01 s=295 t=0.10 p=1.00 stall=0 h=base)
#Bound   0.21s best:26691 next:[25407,26690] objective_lb_search
#Bound   0.24s best:26691 next:[25467,26690] objective_lb_search
#Bound   0.26s best:26691 next:[25552,26690] lb_tree_search (nodes=4/4 rc=0 decisions=30 @root=5 restarts=0 lp_iters=[0, 0, 8, 21]) 
#Bound   0.27s best:26691 next:[25561,26690] lb_tree_search (nodes=4/4 rc=0 decisions=31 @root=6 restarts=0 lp_iters=[0, 0, 18, 21]) 
#Bound   0.30s best:26691 next:[25572,26690] lb_tree_search (nodes=14/14 rc=0 decisions=376 @root=8 restarts=0 lp_iters=[0, 0, 29, 169]) 
#Bound   0.33s best:26691 next:[25573,26690] lb_tree_search (nodes=23/23 rc=0 decisions=765 @root=8 restarts=0 lp_iters=[0, 0, 95, 365]) 
#Bound   0.38s best:26691 next:[25960,26690] pseudo_costs
Relative gap limit of 0.005 reached.
#Bound   0.48s best:26691 next:[26639,26690] reduced_costs [skipped_logs=11]

Task timing                                  n [     min,      max]      avg      dev     time         n [     min,      max]      avg      dev    dtime
                             'core':         1 [473.74ms, 473.74ms] 473.74ms   0.00ns 473.74ms         1 [258.82ms, 258.82ms] 258.82ms   0.00ns 258.82ms
                       'default_lp':         1 [470.60ms, 470.60ms] 470.60ms   0.00ns 470.60ms         1 [ 95.22ms,  95.22ms]  95.22ms   0.00ns  95.22ms
                 'feasibility_pump':       121 [ 85.60us,   1.24ms] 132.40us 127.94us  16.02ms       120 [ 34.48us, 396.57us]  37.49us  32.92us   4.50ms
                            'fixed':         1 [470.25ms, 470.25ms] 470.25ms   0.00ns 470.25ms         1 [ 60.81ms,  60.81ms]  60.81ms   0.00ns  60.81ms
                               'fj':         0 [  0.00ns,   0.00ns]   0.00ns   0.00ns   0.00ns         0 [  0.00ns,   0.00ns]   0.00ns   0.00ns   0.00ns
                               'fj':         0 [  0.00ns,   0.00ns]   0.00ns   0.00ns   0.00ns         0 [  0.00ns,   0.00ns]   0.00ns   0.00ns   0.00ns
                               'fj':         0 [  0.00ns,   0.00ns]   0.00ns   0.00ns   0.00ns         0 [  0.00ns,   0.00ns]   0.00ns   0.00ns   0.00ns
                               'fj':         0 [  0.00ns,   0.00ns]   0.00ns   0.00ns   0.00ns         0 [  0.00ns,   0.00ns]   0.00ns   0.00ns   0.00ns
                               'fj':         0 [  0.00ns,   0.00ns]   0.00ns   0.00ns   0.00ns         0 [  0.00ns,   0.00ns]   0.00ns   0.00ns   0.00ns
                               'fj':         0 [  0.00ns,   0.00ns]   0.00ns   0.00ns   0.00ns         0 [  0.00ns,   0.00ns]   0.00ns   0.00ns   0.00ns
                               'fj':         0 [  0.00ns,   0.00ns]   0.00ns   0.00ns   0.00ns         0 [  0.00ns,   0.00ns]   0.00ns   0.00ns   0.00ns
                               'fj':         0 [  0.00ns,   0.00ns]   0.00ns   0.00ns   0.00ns         0 [  0.00ns,   0.00ns]   0.00ns   0.00ns   0.00ns
                               'fj':         0 [  0.00ns,   0.00ns]   0.00ns   0.00ns   0.00ns         0 [  0.00ns,   0.00ns]   0.00ns   0.00ns   0.00ns
                               'fj':         0 [  0.00ns,   0.00ns]   0.00ns   0.00ns   0.00ns         0 [  0.00ns,   0.00ns]   0.00ns   0.00ns   0.00ns
                               'fj':         0 [  0.00ns,   0.00ns]   0.00ns   0.00ns   0.00ns         0 [  0.00ns,   0.00ns]   0.00ns   0.00ns   0.00ns
                               'fj':         0 [  0.00ns,   0.00ns]   0.00ns   0.00ns   0.00ns         0 [  0.00ns,   0.00ns]   0.00ns   0.00ns   0.00ns
                               'fj':         0 [  0.00ns,   0.00ns]   0.00ns   0.00ns   0.00ns         0 [  0.00ns,   0.00ns]   0.00ns   0.00ns   0.00ns
                               'fj':         0 [  0.00ns,   0.00ns]   0.00ns   0.00ns   0.00ns         0 [  0.00ns,   0.00ns]   0.00ns   0.00ns   0.00ns
                               'fj':         0 [  0.00ns,   0.00ns]   0.00ns   0.00ns   0.00ns         0 [  0.00ns,   0.00ns]   0.00ns   0.00ns   0.00ns
                               'fj':         0 [  0.00ns,   0.00ns]   0.00ns   0.00ns   0.00ns         0 [  0.00ns,   0.00ns]   0.00ns   0.00ns   0.00ns
                               'fj':         0 [  0.00ns,   0.00ns]   0.00ns   0.00ns   0.00ns         0 [  0.00ns,   0.00ns]   0.00ns   0.00ns   0.00ns
                               'fj':         0 [  0.00ns,   0.00ns]   0.00ns   0.00ns   0.00ns         0 [  0.00ns,   0.00ns]   0.00ns   0.00ns   0.00ns
                               'fj':         0 [  0.00ns,   0.00ns]   0.00ns   0.00ns   0.00ns         0 [  0.00ns,   0.00ns]   0.00ns   0.00ns   0.00ns
                               'fj':         0 [  0.00ns,   0.00ns]   0.00ns   0.00ns   0.00ns         0 [  0.00ns,   0.00ns]   0.00ns   0.00ns   0.00ns
                               'fj':         0 [  0.00ns,   0.00ns]   0.00ns   0.00ns   0.00ns         0 [  0.00ns,   0.00ns]   0.00ns   0.00ns   0.00ns
                               'fj':         0 [  0.00ns,   0.00ns]   0.00ns   0.00ns   0.00ns         0 [  0.00ns,   0.00ns]   0.00ns   0.00ns   0.00ns
                               'fj':         0 [  0.00ns,   0.00ns]   0.00ns   0.00ns   0.00ns         0 [  0.00ns,   0.00ns]   0.00ns   0.00ns   0.00ns
                               'fj':         0 [  0.00ns,   0.00ns]   0.00ns   0.00ns   0.00ns         0 [  0.00ns,   0.00ns]   0.00ns   0.00ns   0.00ns
                               'fj':         0 [  0.00ns,   0.00ns]   0.00ns   0.00ns   0.00ns         0 [  0.00ns,   0.00ns]   0.00ns   0.00ns   0.00ns
                           'fj_lin':         0 [  0.00ns,   0.00ns]   0.00ns   0.00ns   0.00ns         0 [  0.00ns,   0.00ns]   0.00ns   0.00ns   0.00ns
                           'fj_lin':         0 [  0.00ns,   0.00ns]   0.00ns   0.00ns   0.00ns         0 [  0.00ns,   0.00ns]   0.00ns   0.00ns   0.00ns
                           'fj_lin':         0 [  0.00ns,   0.00ns]   0.00ns   0.00ns   0.00ns         0 [  0.00ns,   0.00ns]   0.00ns   0.00ns   0.00ns
                           'fj_lin':         0 [  0.00ns,   0.00ns]   0.00ns   0.00ns   0.00ns         0 [  0.00ns,   0.00ns]   0.00ns   0.00ns   0.00ns
                           'fj_lin':         0 [  0.00ns,   0.00ns]   0.00ns   0.00ns   0.00ns         0 [  0.00ns,   0.00ns]   0.00ns   0.00ns   0.00ns
                           'fj_lin':         0 [  0.00ns,   0.00ns]   0.00ns   0.00ns   0.00ns         0 [  0.00ns,   0.00ns]   0.00ns   0.00ns   0.00ns
                           'fj_lin':         0 [  0.00ns,   0.00ns]   0.00ns   0.00ns   0.00ns         0 [  0.00ns,   0.00ns]   0.00ns   0.00ns   0.00ns
                           'fj_lin':         0 [  0.00ns,   0.00ns]   0.00ns   0.00ns   0.00ns         0 [  0.00ns,   0.00ns]   0.00ns   0.00ns   0.00ns
                           'fj_lin':         0 [  0.00ns,   0.00ns]   0.00ns   0.00ns   0.00ns         0 [  0.00ns,   0.00ns]   0.00ns   0.00ns   0.00ns
                           'fj_lin':         0 [  0.00ns,   0.00ns]   0.00ns   0.00ns   0.00ns         0 [  0.00ns,   0.00ns]   0.00ns   0.00ns   0.00ns
                           'fj_lin':         0 [  0.00ns,   0.00ns]   0.00ns   0.00ns   0.00ns         0 [  0.00ns,   0.00ns]   0.00ns   0.00ns   0.00ns
                           'fj_lin':         0 [  0.00ns,   0.00ns]   0.00ns   0.00ns   0.00ns         0 [  0.00ns,   0.00ns]   0.00ns   0.00ns   0.00ns
                        'fs_random':         0 [  0.00ns,   0.00ns]   0.00ns   0.00ns   0.00ns         0 [  0.00ns,   0.00ns]   0.00ns   0.00ns   0.00ns
                        'fs_random':         0 [  0.00ns,   0.00ns]   0.00ns   0.00ns   0.00ns         0 [  0.00ns,   0.00ns]   0.00ns   0.00ns   0.00ns
                        'fs_random':         0 [  0.00ns,   0.00ns]   0.00ns   0.00ns   0.00ns         0 [  0.00ns,   0.00ns]   0.00ns   0.00ns   0.00ns
                        'fs_random':         0 [  0.00ns,   0.00ns]   0.00ns   0.00ns   0.00ns         0 [  0.00ns,   0.00ns]   0.00ns   0.00ns   0.00ns
                        'fs_random':         0 [  0.00ns,   0.00ns]   0.00ns   0.00ns   0.00ns         0 [  0.00ns,   0.00ns]   0.00ns   0.00ns   0.00ns
                        'fs_random':         0 [  0.00ns,   0.00ns]   0.00ns   0.00ns   0.00ns         0 [  0.00ns,   0.00ns]   0.00ns   0.00ns   0.00ns
                        'fs_random':         0 [  0.00ns,   0.00ns]   0.00ns   0.00ns   0.00ns         0 [  0.00ns,   0.00ns]   0.00ns   0.00ns   0.00ns
                        'fs_random':         0 [  0.00ns,   0.00ns]   0.00ns   0.00ns   0.00ns         0 [  0.00ns,   0.00ns]   0.00ns   0.00ns   0.00ns
                        'fs_random':         0 [  0.00ns,   0.00ns]   0.00ns   0.00ns   0.00ns         0 [  0.00ns,   0.00ns]   0.00ns   0.00ns   0.00ns
                        'fs_random':         0 [  0.00ns,   0.00ns]   0.00ns   0.00ns   0.00ns         0 [  0.00ns,   0.00ns]   0.00ns   0.00ns   0.00ns
                        'fs_random':         0 [  0.00ns,   0.00ns]   0.00ns   0.00ns   0.00ns         0 [  0.00ns,   0.00ns]   0.00ns   0.00ns   0.00ns
                        'fs_random':         0 [  0.00ns,   0.00ns]   0.00ns   0.00ns   0.00ns         0 [  0.00ns,   0.00ns]   0.00ns   0.00ns   0.00ns
                  'fs_random_no_lp':         0 [  0.00ns,   0.00ns]   0.00ns   0.00ns   0.00ns         0 [  0.00ns,   0.00ns]   0.00ns   0.00ns   0.00ns
                  'fs_random_no_lp':         0 [  0.00ns,   0.00ns]   0.00ns   0.00ns   0.00ns         0 [  0.00ns,   0.00ns]   0.00ns   0.00ns   0.00ns
                  'fs_random_no_lp':         0 [  0.00ns,   0.00ns]   0.00ns   0.00ns   0.00ns         0 [  0.00ns,   0.00ns]   0.00ns   0.00ns   0.00ns
                  'fs_random_no_lp':         0 [  0.00ns,   0.00ns]   0.00ns   0.00ns   0.00ns         0 [  0.00ns,   0.00ns]   0.00ns   0.00ns   0.00ns
                  'fs_random_no_lp':         0 [  0.00ns,   0.00ns]   0.00ns   0.00ns   0.00ns         0 [  0.00ns,   0.00ns]   0.00ns   0.00ns   0.00ns
                  'fs_random_no_lp':         0 [  0.00ns,   0.00ns]   0.00ns   0.00ns   0.00ns         0 [  0.00ns,   0.00ns]   0.00ns   0.00ns   0.00ns
                  'fs_random_no_lp':         0 [  0.00ns,   0.00ns]   0.00ns   0.00ns   0.00ns         0 [  0.00ns,   0.00ns]   0.00ns   0.00ns   0.00ns
                  'fs_random_no_lp':         0 [  0.00ns,   0.00ns]   0.00ns   0.00ns   0.00ns         0 [  0.00ns,   0.00ns]   0.00ns   0.00ns   0.00ns
                  'fs_random_no_lp':         0 [  0.00ns,   0.00ns]   0.00ns   0.00ns   0.00ns         0 [  0.00ns,   0.00ns]   0.00ns   0.00ns   0.00ns
                  'fs_random_no_lp':         0 [  0.00ns,   0.00ns]   0.00ns   0.00ns   0.00ns         0 [  0.00ns,   0.00ns]   0.00ns   0.00ns   0.00ns
                  'fs_random_no_lp':         0 [  0.00ns,   0.00ns]   0.00ns   0.00ns   0.00ns         0 [  0.00ns,   0.00ns]   0.00ns   0.00ns   0.00ns
                  'fs_random_no_lp':         0 [  0.00ns,   0.00ns]   0.00ns   0.00ns   0.00ns         0 [  0.00ns,   0.00ns]   0.00ns   0.00ns   0.00ns
                  'fs_random_no_lp':         1 [950.64us, 950.64us] 950.64us   0.00ns 950.64us         0 [  0.00ns,   0.00ns]   0.00ns   0.00ns   0.00ns
          'fs_random_quick_restart':         0 [  0.00ns,   0.00ns]   0.00ns   0.00ns   0.00ns         0 [  0.00ns,   0.00ns]   0.00ns   0.00ns   0.00ns
          'fs_random_quick_restart':         0 [  0.00ns,   0.00ns]   0.00ns   0.00ns   0.00ns         0 [  0.00ns,   0.00ns]   0.00ns   0.00ns   0.00ns
          'fs_random_quick_restart':         0 [  0.00ns,   0.00ns]   0.00ns   0.00ns   0.00ns         0 [  0.00ns,   0.00ns]   0.00ns   0.00ns   0.00ns
          'fs_random_quick_restart':         0 [  0.00ns,   0.00ns]   0.00ns   0.00ns   0.00ns         0 [  0.00ns,   0.00ns]   0.00ns   0.00ns   0.00ns
          'fs_random_quick_restart':         0 [  0.00ns,   0.00ns]   0.00ns   0.00ns   0.00ns         0 [  0.00ns,   0.00ns]   0.00ns   0.00ns   0.00ns
          'fs_random_quick_restart':         0 [  0.00ns,   0.00ns]   0.00ns   0.00ns   0.00ns         0 [  0.00ns,   0.00ns]   0.00ns   0.00ns   0.00ns
          'fs_random_quick_restart':         0 [  0.00ns,   0.00ns]   0.00ns   0.00ns   0.00ns         0 [  0.00ns,   0.00ns]   0.00ns   0.00ns   0.00ns
          'fs_random_quick_restart':         0 [  0.00ns,   0.00ns]   0.00ns   0.00ns   0.00ns         0 [  0.00ns,   0.00ns]   0.00ns   0.00ns   0.00ns
          'fs_random_quick_restart':         0 [  0.00ns,   0.00ns]   0.00ns   0.00ns   0.00ns         0 [  0.00ns,   0.00ns]   0.00ns   0.00ns   0.00ns
          'fs_random_quick_restart':         0 [  0.00ns,   0.00ns]   0.00ns   0.00ns   0.00ns         0 [  0.00ns,   0.00ns]   0.00ns   0.00ns   0.00ns
          'fs_random_quick_restart':         0 [  0.00ns,   0.00ns]   0.00ns   0.00ns   0.00ns         0 [  0.00ns,   0.00ns]   0.00ns   0.00ns   0.00ns
          'fs_random_quick_restart':         0 [  0.00ns,   0.00ns]   0.00ns   0.00ns   0.00ns         0 [  0.00ns,   0.00ns]   0.00ns   0.00ns   0.00ns
    'fs_random_quick_restart_no_lp':         0 [  0.00ns,   0.00ns]   0.00ns   0.00ns   0.00ns         0 [  0.00ns,   0.00ns]   0.00ns   0.00ns   0.00ns
    'fs_random_quick_restart_no_lp':         0 [  0.00ns,   0.00ns]   0.00ns   0.00ns   0.00ns         0 [  0.00ns,   0.00ns]   0.00ns   0.00ns   0.00ns
    'fs_random_quick_restart_no_lp':         0 [  0.00ns,   0.00ns]   0.00ns   0.00ns   0.00ns         0 [  0.00ns,   0.00ns]   0.00ns   0.00ns   0.00ns
    'fs_random_quick_restart_no_lp':         0 [  0.00ns,   0.00ns]   0.00ns   0.00ns   0.00ns         0 [  0.00ns,   0.00ns]   0.00ns   0.00ns   0.00ns
    'fs_random_quick_restart_no_lp':         0 [  0.00ns,   0.00ns]   0.00ns   0.00ns   0.00ns         0 [  0.00ns,   0.00ns]   0.00ns   0.00ns   0.00ns
    'fs_random_quick_restart_no_lp':         0 [  0.00ns,   0.00ns]   0.00ns   0.00ns   0.00ns         0 [  0.00ns,   0.00ns]   0.00ns   0.00ns   0.00ns
    'fs_random_quick_restart_no_lp':         0 [  0.00ns,   0.00ns]   0.00ns   0.00ns   0.00ns         0 [  0.00ns,   0.00ns]   0.00ns   0.00ns   0.00ns
    'fs_random_quick_restart_no_lp':         0 [  0.00ns,   0.00ns]   0.00ns   0.00ns   0.00ns         0 [  0.00ns,   0.00ns]   0.00ns   0.00ns   0.00ns
    'fs_random_quick_restart_no_lp':         0 [  0.00ns,   0.00ns]   0.00ns   0.00ns   0.00ns         0 [  0.00ns,   0.00ns]   0.00ns   0.00ns   0.00ns
    'fs_random_quick_restart_no_lp':         0 [  0.00ns,   0.00ns]   0.00ns   0.00ns   0.00ns         0 [  0.00ns,   0.00ns]   0.00ns   0.00ns   0.00ns
    'fs_random_quick_restart_no_lp':         0 [  0.00ns,   0.00ns]   0.00ns   0.00ns   0.00ns         0 [  0.00ns,   0.00ns]   0.00ns   0.00ns   0.00ns
    'fs_random_quick_restart_no_lp':         0 [  0.00ns,   0.00ns]   0.00ns   0.00ns   0.00ns         0 [  0.00ns,   0.00ns]   0.00ns   0.00ns   0.00ns
                    'graph_arc_lns':        10 [ 18.43ms, 399.52ms] 125.64ms 131.39ms    1.26s        10 [  1.19ms,  54.72ms]  15.72ms  17.34ms 157.20ms
                    'graph_cst_lns':         9 [  9.70ms, 343.83ms] 144.13ms 115.73ms    1.30s         9 [326.98us,  55.46ms]  19.81ms  16.88ms 178.29ms
                    'graph_dec_lns':         7 [  3.93ms, 390.16ms] 172.06ms 159.30ms    1.20s         7 [ 34.01us,  91.40ms]  31.66ms  32.40ms 221.62ms
                    'graph_var_lns':         8 [ 60.44ms, 388.88ms] 172.83ms 116.53ms    1.38s         8 [  6.25ms,  67.82ms]  26.39ms  17.85ms 211.14ms
                     'lb_relax_lns':         6 [ 13.64ms, 435.06ms] 250.63ms 150.95ms    1.50s         6 [  1.21ms, 115.92ms]  50.32ms  38.91ms 301.92ms
                   'lb_tree_search':         1 [468.60ms, 468.60ms] 468.60ms   0.00ns 468.60ms         1 [ 47.72ms,  47.72ms]  47.72ms   0.00ns  47.72ms
                               'ls':         9 [ 41.00ms,  56.76ms]  50.22ms   4.73ms 451.96ms         9 [ 68.70ms, 100.08ms]  95.68ms   9.85ms 861.14ms
                               'ls':         9 [ 44.81ms,  55.68ms]  49.95ms   3.78ms 449.52ms         9 [ 82.61ms, 100.10ms]  98.13ms   5.48ms 883.15ms
                               'ls':        10 [ 11.12ms,  56.36ms]  45.17ms  12.27ms 451.68ms        10 [ 37.99ms, 100.21ms]  91.62ms  19.09ms 916.23ms
                               'ls':        10 [ 24.79ms,  53.92ms]  45.18ms  10.34ms 451.83ms        10 [ 93.17ms, 100.16ms]  99.39ms   2.07ms 993.88ms
                               'ls':        11 [  1.82ms,  58.58ms]  39.84ms  18.96ms 438.21ms        11 [  6.46ms, 100.15ms]  77.41ms  34.98ms 851.52ms
                               'ls':        11 [  3.66ms,  52.10ms]  40.89ms  14.78ms 449.84ms        11 [  5.04ms, 100.14ms]  87.24ms  29.14ms 959.65ms
                               'ls':        11 [  3.90ms,  55.52ms]  41.19ms  16.40ms 453.09ms        11 [  6.02ms, 100.09ms]  83.16ms  35.84ms 914.77ms
                               'ls':        11 [  8.02ms,  50.23ms]  40.52ms  13.61ms 445.73ms        11 [  9.59ms, 100.11ms]  84.78ms  29.42ms 932.59ms
                               'ls':        11 [  8.99ms,  51.49ms]  40.58ms  13.62ms 446.42ms        11 [ 19.24ms, 100.07ms]  86.13ms  26.07ms 947.40ms
                               'ls':        11 [ 10.58ms,  55.30ms]  39.62ms  14.85ms 435.82ms        11 [ 29.28ms, 100.11ms]  84.43ms  27.01ms 928.68ms
                               'ls':        11 [ 12.39ms,  52.69ms]  40.43ms  14.24ms 444.78ms        11 [ 34.07ms, 100.13ms]  84.87ms  25.28ms 933.52ms
                               'ls':        11 [ 14.46ms,  56.76ms]  40.18ms  13.98ms 442.01ms        11 [ 18.74ms, 100.12ms]  83.48ms  28.95ms 918.27ms
                               'ls':        11 [ 15.07ms,  51.18ms]  41.09ms  12.69ms 451.95ms        11 [ 23.72ms, 100.12ms]  87.99ms  25.94ms 967.87ms
                               'ls':        12 [  3.60ms,  53.76ms]  37.20ms  17.17ms 446.39ms        12 [  5.56ms, 100.18ms]  81.56ms  33.06ms 978.74ms
                               'ls':        12 [292.96us,  58.24ms]  34.60ms  21.41ms 415.25ms        12 [360.54us, 100.07ms]  66.20ms  37.37ms 794.40ms
                               'ls':        12 [443.97us,  54.72ms]  35.27ms  20.70ms 423.22ms        11 [574.18us, 100.09ms]  80.31ms  31.52ms 883.43ms
                               'ls':        13 [100.59us,  56.45ms]  32.04ms  21.30ms 416.57ms        12 [  6.64ms, 100.17ms]  73.72ms  38.60ms 884.66ms
                               'ls':        13 [146.29us,  53.90ms]  33.14ms  18.70ms 430.88ms        12 [  1.38ms, 100.11ms]  79.72ms  34.39ms 956.69ms
                               'ls':        13 [924.97us,  52.90ms]  31.73ms  21.34ms 412.47ms        13 [  2.83ms, 100.18ms]  63.12ms  41.34ms 820.50ms
                           'ls_lin':        10 [  9.55ms,  63.80ms]  45.37ms  16.84ms 453.67ms        10 [  7.59ms, 100.18ms]  90.82ms  27.74ms 908.21ms
                           'ls_lin':        10 [ 23.27ms,  52.10ms]  44.81ms  10.23ms 448.08ms        10 [ 49.17ms, 100.10ms]  90.15ms  19.81ms 901.53ms
                           'ls_lin':        10 [ 25.87ms,  52.79ms]  44.58ms   7.86ms 445.75ms        10 [ 45.10ms, 100.10ms]  94.56ms  16.49ms 945.61ms
                           'ls_lin':        11 [  6.30ms,  56.23ms]  40.04ms  16.18ms 440.39ms        11 [ 16.64ms, 100.11ms]  83.63ms  30.39ms 919.93ms
                           'ls_lin':        11 [  7.34ms,  54.45ms]  40.27ms  14.71ms 442.97ms        11 [ 21.21ms, 100.13ms]  84.05ms  28.37ms 924.56ms
                           'ls_lin':        12 [  5.74ms,  52.54ms]  36.03ms  17.22ms 432.39ms        12 [ 12.27ms, 100.07ms]  77.18ms  34.47ms 926.14ms
                           'ls_lin':        12 [  7.88ms,  53.93ms]  36.25ms  16.80ms 435.00ms        12 [ 22.74ms, 100.17ms]  77.65ms  32.18ms 931.79ms
                           'ls_lin':        13 [160.58us,  50.53ms]  34.13ms  17.92ms 443.75ms        12 [  1.98ms, 100.13ms]  79.83ms  33.04ms 957.95ms
                           'ls_lin':        13 [176.89us,  52.34ms]  31.26ms  20.97ms 406.34ms        12 [657.92us, 100.19ms]  72.36ms  40.67ms 868.37ms
                           'ls_lin':        18 [354.01us,  46.65ms]  24.87ms  11.93ms 447.66ms        18 [495.61us, 100.09ms]  77.97ms  37.83ms    1.40s
                           'max_lp':         1 [470.18ms, 470.18ms] 470.18ms   0.00ns 470.18ms         1 [ 64.65ms,  64.65ms]  64.65ms   0.00ns  64.65ms
                            'no_lp':         1 [477.28ms, 477.28ms] 477.28ms   0.00ns 477.28ms         1 [ 97.86ms,  97.86ms]  97.86ms   0.00ns  97.86ms
              'objective_lb_search':         1 [467.62ms, 467.62ms] 467.62ms   0.00ns 467.62ms         1 [ 99.27ms,  99.27ms]  99.27ms   0.00ns  99.27ms
       'objective_lb_search_max_lp':         1 [476.47ms, 476.47ms] 476.47ms   0.00ns 476.47ms         1 [ 32.13ms,  32.13ms]  32.13ms   0.00ns  32.13ms
        'objective_lb_search_no_lp':         1 [470.05ms, 470.05ms] 470.05ms   0.00ns 470.05ms         1 [ 99.78ms,  99.78ms]  99.78ms   0.00ns  99.78ms
         'objective_shaving_max_lp':        45 [  1.34ms,  13.22ms]   9.18ms   3.20ms 413.26ms        41 [ 39.58us, 105.17us]  94.93us  17.35us   3.89ms
          'objective_shaving_no_lp':        47 [475.82us,  13.00ms]   8.58ms   3.35ms 403.04ms        43 [ 39.58us,  95.14us]  86.03us  18.63us   3.70ms
                          'probing':         1 [477.59ms, 477.59ms] 477.59ms   0.00ns 477.59ms         1 [ 11.09ms,  11.09ms]  11.09ms   0.00ns  11.09ms
                   'probing_max_lp':         1 [477.13ms, 477.13ms] 477.13ms   0.00ns 477.13ms         1 [ 16.08ms,  16.08ms]  16.08ms   0.00ns  16.08ms
                    'probing_no_lp':         1 [476.95ms, 476.95ms] 476.95ms   0.00ns 476.95ms         1 [ 40.85ms,  40.85ms]  40.85ms   0.00ns  40.85ms
                     'pseudo_costs':         1 [467.01ms, 467.01ms] 467.01ms   0.00ns 467.01ms         1 [124.92ms, 124.92ms] 124.92ms   0.00ns 124.92ms
                    'quick_restart':         1 [472.95ms, 472.95ms] 472.95ms   0.00ns 472.95ms         1 [ 67.01ms,  67.01ms]  67.01ms   0.00ns  67.01ms
              'quick_restart_no_lp':         1 [478.99ms, 478.99ms] 478.99ms   0.00ns 478.99ms         1 [ 99.60ms,  99.60ms]  99.60ms   0.00ns  99.60ms
                    'reduced_costs':         1 [479.15ms, 479.15ms] 479.15ms   0.00ns 479.15ms         1 [ 37.34ms,  37.34ms]  37.34ms   0.00ns  37.34ms
                        'rins/rens':         7 [415.91us, 436.32ms] 182.72ms 127.26ms    1.28s         6 [  8.05ms,  69.85ms]  26.53ms  20.46ms 159.16ms
                      'rnd_cst_lns':         8 [  7.82ms, 429.47ms] 170.66ms 147.66ms    1.37s         8 [261.59us,  41.51ms]  19.28ms  15.96ms 154.23ms
                      'rnd_var_lns':        10 [  4.57ms, 246.91ms] 122.44ms  93.89ms    1.22s        10 [ 68.12us,  57.92ms]  19.66ms  21.29ms 196.59ms
         'scheduling_intervals_lns':         4 [365.63ms, 464.53ms] 414.40ms  36.64ms    1.66s         4 [ 26.87ms,  33.36ms]  31.09ms   2.50ms 124.35ms
       'scheduling_precedences_lns':         4 [364.42ms, 460.16ms] 409.52ms  34.53ms    1.64s         4 [ 25.80ms,  46.85ms]  38.41ms   8.10ms 153.62ms
  'scheduling_resource_windows_lns':         4 [364.98ms, 463.15ms] 410.40ms  35.31ms    1.64s         4 [ 72.88ms,  92.41ms]  83.57ms   7.56ms 334.26ms
       'scheduling_time_window_lns':         7 [ 68.05ms, 415.01ms] 195.23ms 137.72ms    1.37s         7 [  6.38ms,  54.19ms]  23.05ms  18.70ms 161.37ms
                'variables_shaving':       107 [  7.00ms,  79.98ms]  19.41ms  16.42ms    2.08s       107 [204.39us,   5.10ms] 755.28us   1.07ms  80.81ms
         'variables_shaving_max_lp':        13 [ 48.41ms, 353.05ms]  94.98ms  83.24ms    1.23s        13 [  5.06ms,  55.93ms]  14.03ms  13.20ms 182.35ms
          'variables_shaving_no_lp':       106 [  6.52ms, 203.97ms]  27.39ms  35.39ms    2.90s       106 [194.49us,  11.98ms]   1.25ms   2.09ms 132.73ms

Search stats                        Bools  Conflicts  Branches  Restarts  BoolPropag  IntegerPropag
                           'core':  2'459        491    19'088     2'033     717'769        274'523
                     'default_lp':  1'024      1'010     8'017     1'104      85'249        711'670
                          'fixed':  1'053      1'299    15'845       451      64'635        411'575
                      'fs_random':      0          0         0         0           0              0
                      'fs_random':      0          0         0         0           0              0
                      'fs_random':      0          0         0         0           0              0
                      'fs_random':      0          0         0         0           0              0
                      'fs_random':      0          0         0         0           0              0
                      'fs_random':      0          0         0         0           0              0
                      'fs_random':      0          0         0         0           0              0
                      'fs_random':      0          0         0         0           0              0
                      'fs_random':      0          0         0         0           0              0
                      'fs_random':      0          0         0         0           0              0
                      'fs_random':      0          0         0         0           0              0
                      'fs_random':      0          0         0         0           0              0
                'fs_random_no_lp':      0          0         0         0           0              0
                'fs_random_no_lp':      0          0         0         0           0              0
                'fs_random_no_lp':      0          0         0         0           0              0
                'fs_random_no_lp':      0          0         0         0           0              0
                'fs_random_no_lp':      0          0         0         0           0              0
                'fs_random_no_lp':      0          0         0         0           0              0
                'fs_random_no_lp':      0          0         0         0           0              0
                'fs_random_no_lp':      0          0         0         0           0              0
                'fs_random_no_lp':      0          0         0         0           0              0
                'fs_random_no_lp':      0          0         0         0           0              0
                'fs_random_no_lp':      0          0         0         0           0              0
                'fs_random_no_lp':      0          0         0         0           0              0
                'fs_random_no_lp':      0          0         0         0           0              0
        'fs_random_quick_restart':      0          0         0         0           0              0
        'fs_random_quick_restart':      0          0         0         0           0              0
        'fs_random_quick_restart':      0          0         0         0           0              0
        'fs_random_quick_restart':      0          0         0         0           0              0
        'fs_random_quick_restart':      0          0         0         0           0              0
        'fs_random_quick_restart':      0          0         0         0           0              0
        'fs_random_quick_restart':      0          0         0         0           0              0
        'fs_random_quick_restart':      0          0         0         0           0              0
        'fs_random_quick_restart':      0          0         0         0           0              0
        'fs_random_quick_restart':      0          0         0         0           0              0
        'fs_random_quick_restart':      0          0         0         0           0              0
        'fs_random_quick_restart':      0          0         0         0           0              0
  'fs_random_quick_restart_no_lp':      0          0         0         0           0              0
  'fs_random_quick_restart_no_lp':      0          0         0         0           0              0
  'fs_random_quick_restart_no_lp':      0          0         0         0           0              0
  'fs_random_quick_restart_no_lp':      0          0         0         0           0              0
  'fs_random_quick_restart_no_lp':      0          0         0         0           0              0
  'fs_random_quick_restart_no_lp':      0          0         0         0           0              0
  'fs_random_quick_restart_no_lp':      0          0         0         0           0              0
  'fs_random_quick_restart_no_lp':      0          0         0         0           0              0
  'fs_random_quick_restart_no_lp':      0          0         0         0           0              0
  'fs_random_quick_restart_no_lp':      0          0         0         0           0              0
  'fs_random_quick_restart_no_lp':      0          0         0         0           0              0
  'fs_random_quick_restart_no_lp':      0          0         0         0           0              0
                 'lb_tree_search':  1'728         47     8'776     5'252      29'402         70'969
                         'max_lp':    461        149     8'651     2'103      10'867        164'575
                          'no_lp':    466      1'315     4'626     1'030      57'566        779'071
            'objective_lb_search':    464      1'120     2'995       200      50'676        816'416
     'objective_lb_search_max_lp':  1'733         49     6'240     5'204      21'625         73'195
      'objective_lb_search_no_lp':    438      1'026     2'101       133      83'018        764'536
                        'probing':  2'050         62     4'038     4'038      23'497         52'337
                 'probing_max_lp':  1'770         16     3'524     3'524       2'276         27'886
                  'probing_no_lp':  2'296        209     9'873     6'150      92'785        190'781
                   'pseudo_costs':    647        430     7'960       654      20'948        421'354
                  'quick_restart':    912        535     8'461     1'221      38'697        516'915
            'quick_restart_no_lp':  1'331        931     9'473     1'289     137'610        730'445
                  'reduced_costs':  1'827         95     6'684     5'211      28'110         96'382

SAT stats                           ClassicMinim  LitRemoved  LitLearned  LitForgotten  Subsumed  MClauses  MDecisions  MLitTrue  MSubsumed  MLitRemoved  MReused
                           'core':           110         237         513             0         0     1'316       1'525         0         37          111    1'084
                     'default_lp':           947       3'557      11'843             0         8         5           6         0          2            8        4
                          'fixed':           763       1'094      22'153             0        23         0           0         0          0            0        0
                      'fs_random':             0           0           0             0         0         0           0         0          0            0        0
                      'fs_random':             0           0           0             0         0         0           0         0          0            0        0
                      'fs_random':             0           0           0             0         0         0           0         0          0            0        0
                      'fs_random':             0           0           0             0         0         0           0         0          0            0        0
                      'fs_random':             0           0           0             0         0         0           0         0          0            0        0
                      'fs_random':             0           0           0             0         0         0           0         0          0            0        0
                      'fs_random':             0           0           0             0         0         0           0         0          0            0        0
                      'fs_random':             0           0           0             0         0         0           0         0          0            0        0
                      'fs_random':             0           0           0             0         0         0           0         0          0            0        0
                      'fs_random':             0           0           0             0         0         0           0         0          0            0        0
                      'fs_random':             0           0           0             0         0         0           0         0          0            0        0
                      'fs_random':             0           0           0             0         0         0           0         0          0            0        0
                'fs_random_no_lp':             0           0           0             0         0         0           0         0          0            0        0
                'fs_random_no_lp':             0           0           0             0         0         0           0         0          0            0        0
                'fs_random_no_lp':             0           0           0             0         0         0           0         0          0            0        0
                'fs_random_no_lp':             0           0           0             0         0         0           0         0          0            0        0
                'fs_random_no_lp':             0           0           0             0         0         0           0         0          0            0        0
                'fs_random_no_lp':             0           0           0             0         0         0           0         0          0            0        0
                'fs_random_no_lp':             0           0           0             0         0         0           0         0          0            0        0
                'fs_random_no_lp':             0           0           0             0         0         0           0         0          0            0        0
                'fs_random_no_lp':             0           0           0             0         0         0           0         0          0            0        0
                'fs_random_no_lp':             0           0           0             0         0         0           0         0          0            0        0
                'fs_random_no_lp':             0           0           0             0         0         0           0         0          0            0        0
                'fs_random_no_lp':             0           0           0             0         0         0           0         0          0            0        0
                'fs_random_no_lp':             0           0           0             0         0         0           0         0          0            0        0
        'fs_random_quick_restart':             0           0           0             0         0         0           0         0          0            0        0
        'fs_random_quick_restart':             0           0           0             0         0         0           0         0          0            0        0
        'fs_random_quick_restart':             0           0           0             0         0         0           0         0          0            0        0
        'fs_random_quick_restart':             0           0           0             0         0         0           0         0          0            0        0
        'fs_random_quick_restart':             0           0           0             0         0         0           0         0          0            0        0
        'fs_random_quick_restart':             0           0           0             0         0         0           0         0          0            0        0
        'fs_random_quick_restart':             0           0           0             0         0         0           0         0          0            0        0
        'fs_random_quick_restart':             0           0           0             0         0         0           0         0          0            0        0
        'fs_random_quick_restart':             0           0           0             0         0         0           0         0          0            0        0
        'fs_random_quick_restart':             0           0           0             0         0         0           0         0          0            0        0
        'fs_random_quick_restart':             0           0           0             0         0         0           0         0          0            0        0
        'fs_random_quick_restart':             0           0           0             0         0         0           0         0          0            0        0
  'fs_random_quick_restart_no_lp':             0           0           0             0         0         0           0         0          0            0        0
  'fs_random_quick_restart_no_lp':             0           0           0             0         0         0           0         0          0            0        0
  'fs_random_quick_restart_no_lp':             0           0           0             0         0         0           0         0          0            0        0
  'fs_random_quick_restart_no_lp':             0           0           0             0         0         0           0         0          0            0        0
  'fs_random_quick_restart_no_lp':             0           0           0             0         0         0           0         0          0            0        0
  'fs_random_quick_restart_no_lp':             0           0           0             0         0         0           0         0          0            0        0
  'fs_random_quick_restart_no_lp':             0           0           0             0         0         0           0         0          0            0        0
  'fs_random_quick_restart_no_lp':             0           0           0             0         0         0           0         0          0            0        0
  'fs_random_quick_restart_no_lp':             0           0           0             0         0         0           0         0          0            0        0
  'fs_random_quick_restart_no_lp':             0           0           0             0         0         0           0         0          0            0        0
  'fs_random_quick_restart_no_lp':             0           0           0             0         0         0           0         0          0            0        0
  'fs_random_quick_restart_no_lp':             0           0           0             0         0         0           0         0          0            0        0
                 'lb_tree_search':             1           1         100             0         0         0           0         0          0            0        0
                         'max_lp':            74         220       2'113             0         3        37          65         0          1            3       43
                          'no_lp':         1'242       6'095      17'687             0        21         1           2         0          1            4        0
            'objective_lb_search':           941       2'586       4'189             0        22       219         415         0         43          211      193
     'objective_lb_search_max_lp':             0           0          53             0         0         0           0         0          0            0        0
      'objective_lb_search_no_lp':           677       2'305       6'886             0         8         0           0         0          0            0        0
                        'probing':             0           0          62             0         0         0           0         0          0            0        0
                 'probing_max_lp':             0           0          16             0         0         0           0         0          0            0        0
                  'probing_no_lp':            52         111         488             0         3         3           5         0          0            0        2
                   'pseudo_costs':           268         536       3'824             0        21       189         476        12         52          331      124
                  'quick_restart':           345         879       4'264             0        30        65         173         0         21          107       66
            'quick_restart_no_lp':           421         971       5'868             0         3       403         254         4         32          191      661
                  'reduced_costs':            42         124         288             0         0         0           0         0          0            0        0

Lp stats                         Component  Iterations  AddedCuts  OPTIMAL  DUAL_F.  DUAL_U.
                  'default_lp':         25         109          0    9'215        0        0
                       'fixed':         25          69          0   15'806        0        0
              'lb_tree_search':          1       1'468        465      463       25        0
                      'max_lp':          1       2'061        753      652       24        0
         'objective_lb_search':         25         219          0   14'460        0        0
  'objective_lb_search_max_lp':          1         588        705       82        0        0
                     'probing':         25         319          0   55'856        0        0
              'probing_max_lp':          1         344        249       86        1        0
                'pseudo_costs':          1       2'855        765    1'725       42        0
               'quick_restart':         25         340          0   13'456        0        0
               'reduced_costs':          1         601        538      172        1        0

Lp dimension                      Final dimension of first component
                  'default_lp':         0 rows, 3 columns, 0 entries
                       'fixed':         0 rows, 3 columns, 0 entries
              'lb_tree_search':   262 rows, 243 columns, 810 entries
                      'max_lp':  311 rows, 243 columns, 1067 entries
         'objective_lb_search':         1 rows, 3 columns, 2 entries
  'objective_lb_search_max_lp':  500 rows, 243 columns, 2471 entries
                     'probing':         0 rows, 3 columns, 0 entries
              'probing_max_lp':  365 rows, 243 columns, 1265 entries
                'pseudo_costs':   100 rows, 243 columns, 228 entries
               'quick_restart':         0 rows, 3 columns, 0 entries
               'reduced_costs':  362 rows, 243 columns, 1614 entries

Lp debug                         CutPropag  CutEqPropag  Adjust  Overflow     Bad  BadScaling
                  'default_lp':          0            0       0         0       0           0
                       'fixed':          0            0       0         0       0           0
              'lb_tree_search':          0            0     484         0  13'524           0
                      'max_lp':          0            5     129         0   9'105           0
         'objective_lb_search':          0            0     334         0       0           0
  'objective_lb_search_max_lp':          0            0      72         0   8'263           0
                     'probing':          0            0       0         0       0           0
              'probing_max_lp':          0            0      81         0  29'748           0
                'pseudo_costs':          0           23     210         0  12'431           0
               'quick_restart':          0            0       0         0       0           0
               'reduced_costs':          0            2     121         0   4'683           0

Lp pool                          Constraints  Updates  Simplif  Merged  Shortened  Split  Strenghtened  Cuts/Call
                  'default_lp':          232        0       13       0          0      0             0        0/0
                       'fixed':          232        0        5       0          0      0             0        0/0
              'lb_tree_search':          688      952      720       9          0      0             6  465/3'132
                      'max_lp':          880    1'646    1'033     105          0      0             2  753/3'185
         'objective_lb_search':          232        0      116       0          0      0             0        0/0
  'objective_lb_search_max_lp':          891    1'709    1'138      46          0      0             6  705/1'327
                     'probing':          232        0      128       0          0      0             0        0/0
              'probing_max_lp':          477       42       75       4          0      0             0    249/780
                'pseudo_costs':          907    1'989      614      90          0      0             4  765/7'891
               'quick_restart':          232        0      237       0          0      0             0        0/0
               'reduced_costs':          734    1'306      605      36          0      0             6  538/1'261

Lp Cut                                                pseudo_costs  max_lp  lb_tree_search  reduced_costs  probing_max_lp  objective_lb_search_max_lp
                                              CG_FF:             -       1               2              -               1                           -
                                               CG_K:             3       3               6              3               1                           6
                                               CG_R:            13      24              15             18               6                          20
                                           MIR_1_FF:             1       -               -              -               -                           -
                                            MIR_1_K:             6       4               3              4               -                           8
                                            MIR_1_R:            13       7               3             13               1                          14
                                            MIR_2_K:             1       1               1              1               -                           1
                                            MIR_2_R:             1       3               1              2               -                           1
                                            MIR_3_K:             -       1               -              -               -                           -
                                            MIR_3_R:             2       1               1              -               1                           1
                                            MIR_4_K:             1       -               1              1               -                           1
                                            MIR_4_R:             -       1               -              -               -                           -
                                            MIR_5_R:             3       3               2              2               -                           -
                                            MIR_6_K:             -       -               1              -               -                           -
                                            MIR_6_R:             -       -               1              -               -                           -
                  NoOverlapCompletionTimeExhaustive:            60      65              30             31              13                          38
           NoOverlapCompletionTimeExhaustive_lifted:            32      32              14             31               8                          50
  NoOverlapCompletionTimeExhaustive_lifted_weighted:            80      58              35             45              26                          65
         NoOverlapCompletionTimeExhaustive_weighted:            89      85              49             46              24                          70
                    NoOverlapCompletionTimeQueyrane:           101     105              66             69              34                          89
             NoOverlapCompletionTimeQueyrane_lifted:           146     149              89            136              58                         183
                        NoOverlapDetectedPrecedence:             5       9              22              1               1                           4
                          NoOverlapDisjunctionOnEnd:            18       6               6              1               -                           -
                        NoOverlapDisjunctionOnStart:           178     185             104            120              73                         144
                                        ZERO_HALF_K:             -       -               1              -               -                           -
                                        ZERO_HALF_R:            12      10              12             14               2                          10

LNS stats                             Improv/Calls  Closed  Difficulty  TimeLimit
                    'graph_arc_lns':          6/10     70%    9.26e-01       0.10
                    'graph_cst_lns':           6/9     67%    8.95e-01       0.10
                    'graph_dec_lns':           5/7     57%    7.75e-01       0.10
                    'graph_var_lns':           4/8     62%    8.49e-01       0.10
                     'lb_relax_lns':           5/6     50%    6.52e-01       0.50
                        'rins/rens':           5/7     57%    7.75e-01       0.10
                      'rnd_cst_lns':           5/8     62%    8.49e-01       0.10
                      'rnd_var_lns':          4/10     70%    9.26e-01       0.10
         'scheduling_intervals_lns':           2/4      0%    8.55e-02       0.10
       'scheduling_precedences_lns':           3/4      0%    8.55e-02       0.10
  'scheduling_resource_windows_lns':           2/4      0%    8.55e-02       0.10
       'scheduling_time_window_lns':           3/7     57%    7.75e-01       0.10

LS stats                                    Batches  Restarts/Perturbs  LinMoves  GenMoves  CompoundMoves  Bactracks  WeightUpdates  ScoreComputed
                      'ls_decay_compound':        9                  5        19    16'918          1'263      6'869            351      2'427'101
                         'ls_lin_restart':       15                 11        99    11'568              0          0         11'036      3'809'771
                'ls_lin_restart_compound':       19                 15         0    29'479          2'277     13'579            264      4'546'628
        'ls_lin_restart_compound_perturb':        9                  8         0    10'049            745      4'644             90      1'459'011
                   'ls_lin_restart_decay':       15                 13       113    19'559              0          0          2'631      3'661'133
          'ls_lin_restart_decay_compound':       20                 13         0    34'019          2'978     15'501            202      4'470'652
  'ls_lin_restart_decay_compound_perturb':       16                 12         0    23'237          1'643     10'772            209      3'395'336
           'ls_lin_restart_decay_perturb':       15                 12       116    14'626              0          0          2'501      2'904'045
                 'ls_lin_restart_perturb':       11                 11        90     7'771              0          0          4'296      2'579'404
                             'ls_restart':       23                 21       157    16'736              0          0         11'837      5'226'984
                    'ls_restart_compound':       25                 22         0    32'085          2'403     14'797            211      5'158'132
            'ls_restart_compound_perturb':       31                 24         0    44'588          3'087     20'724            479      6'471'270
                       'ls_restart_decay':       22                 20       162    28'887              0          0          3'232      5'314'093
              'ls_restart_decay_compound':       27                 18         0    43'407          3'866     19'737            357      5'954'928
      'ls_restart_decay_compound_perturb':       27                 19         0    42'063          3'000     19'490            329      6'808'369
               'ls_restart_decay_perturb':       24                 17       215    32'358              0          0          3'927      5'501'691
                     'ls_restart_perturb':       24                 23       167    17'634              0          0         12'214      5'267'119

Solutions (30)                              Num     Rank
                                   'core':    1    [3,3]
                          'graph_arc_lns':    2  [10,30]
                          'graph_cst_lns':    1  [14,14]
                    'lb_relax_lns_bool_h':    2  [25,26]
        'ls_lin_restart_compound_perturb':    1  [11,11]
                   'ls_lin_restart_decay':    1  [24,24]
          'ls_lin_restart_decay_compound':    2  [12,23]
  'ls_lin_restart_decay_compound_perturb':    1  [20,20]
           'ls_lin_restart_decay_perturb':    3  [18,22]
                             'ls_restart':    1    [5,5]
            'ls_restart_compound_perturb':    2   [8,15]
              'ls_restart_decay_compound':    2  [16,17]
      'ls_restart_decay_compound_perturb':    1    [9,9]
               'ls_restart_decay_perturb':    3   [6,21]
                     'ls_restart_perturb':    1  [13,13]
                                  'no_lp':    1    [1,1]
                          'quick_restart':    1  [29,29]
                    'quick_restart_no_lp':    1    [2,2]
                            'rnd_cst_lns':    1    [4,4]
                            'rnd_var_lns':    2  [27,28]

Objective bounds                 Num
              'initial_domain':    1
              'lb_tree_search':    4
                      'max_lp':    6
         'objective_lb_search':    9
  'objective_lb_search_max_lp':    6
   'objective_lb_search_no_lp':    2
                'pseudo_costs':    2
               'reduced_costs':    3

Solution repositories    Added  Queried  Synchro
  'feasible solutions':    189      437       84
   'fj solution hints':      0        0        0
        'lp solutions':     34        6       32
                'pump':    120        1

Improving bounds shared            Num  Sym
                  'default_lp':    129    0
                       'fixed':      1    0
              'lb_tree_search':    217    0
                      'max_lp':    855    0
                       'no_lp':     61    0
         'objective_lb_search':    318    0
  'objective_lb_search_max_lp':    222    0
   'objective_lb_search_no_lp':    220    0
                     'probing':    155    0
              'probing_max_lp':      6    0
               'probing_no_lp':    202    0
                'pseudo_costs':  2'073    0
               'quick_restart':    100    0
         'quick_restart_no_lp':     67    0
               'reduced_costs':    470    0

CpSolverResponse summary:
status: OPTIMAL
objective: 26691
best_bound: 26639
integers: 0
booleans: 0
conflicts: 0
branches: 0
propagations: 0
integer_propagations: 0
restarts: 0
lp_iterations: 0
walltime: 0.501801
usertime: 0.501801
deterministic_time: 31.0295
gap_integral: 206.801
solution_fingerprint: 0xae9f552f4f32932d

