
Starting CP-SAT solver v9.14.6206
Parameters: max_time_in_seconds: 300 log_search_progress: true num_search_workers: 104 relative_gap_limit: 0.005

Initial optimization model '': (model_fingerprint: 0x9e00edcd9b5ef34)
#Variables: 484 (#ints: 84 in objective) (400 primary variables)
  - 84 in [0,33127]
  - 60 in [18720,33127]
  - 340 in [20160,33127]
#kInterval: 208 (#fixed: 8)
#kLinMax: 84 (#expressions: 168)
#kLinear1: 27
#kLinear2: 173
#kNoOverlap: 10 (#intervals: 208, #fixed_intervals: 8)

Starting presolve at 0.00s
  8.07e-05s  0.00e+00d  [DetectDominanceRelations] 
  1.88e-03s  0.00e+00d  [PresolveToFixPoint] #num_loops=10 #num_dual_strengthening=1 
  2.81e-06s  0.00e+00d  [ExtractEncodingFromLinear] 
  1.56e-05s  0.00e+00d  [DetectDuplicateColumns] 
  7.09e-05s  0.00e+00d  [DetectDuplicateConstraints] 
[Symmetry] Graph for symmetry has 1'157 nodes and 1'106 arcs.
[Symmetry] Symmetry computation done. time: 9.963e-05 dtime: 0.00012534
  6.62e-05s  0.00e+00d  [DetectDuplicateConstraintsWithDifferentEnforcements] 
  5.84e-04s  1.50e-05d  [Probe] #new_bounds=109 
  2.93e-06s  0.00e+00d  [MaxClique] 
  6.92e-05s  0.00e+00d  [DetectDominanceRelations] 
  6.50e-04s  0.00e+00d  [PresolveToFixPoint] #num_loops=3 #num_dual_strengthening=2 
  2.90e-05s  0.00e+00d  [ProcessAtMostOneAndLinear] 
  6.16e-05s  0.00e+00d  [DetectDuplicateConstraints] 
  5.72e-05s  0.00e+00d  [DetectDuplicateConstraintsWithDifferentEnforcements] 
  2.74e-05s  1.34e-06d  [DetectDominatedLinearConstraints] #relevant_constraints=223 
  2.90e-05s  0.00e+00d  [DetectDifferentVariables] 
  2.40e-06s  0.00e+00d  [ProcessSetPPC] 
  2.50e-06s  0.00e+00d  [FindAlmostIdenticalLinearConstraints] 
  1.10e-05s  0.00e+00d  [FindBigAtMostOneAndLinearOverlap] 
  1.70e-05s  8.17e-06d  [FindBigVerticalLinearOverlap] 
  2.17e-06s  0.00e+00d  [FindBigHorizontalLinearOverlap] 
  2.12e-06s  0.00e+00d  [MergeClauses] 
  6.44e-05s  0.00e+00d  [DetectDominanceRelations] 
  3.53e-04s  0.00e+00d  [PresolveToFixPoint] #num_loops=1 #num_dual_strengthening=1 
  6.29e-05s  0.00e+00d  [DetectDominanceRelations] 
  3.58e-04s  0.00e+00d  [PresolveToFixPoint] #num_loops=1 #num_dual_strengthening=1 
  1.13e-05s  0.00e+00d  [DetectDuplicateColumns] 
  5.62e-05s  0.00e+00d  [DetectDuplicateConstraints] 
[Symmetry] Graph for symmetry has 1'143 nodes and 1'088 arcs.
[Symmetry] Symmetry computation done. time: 8.1788e-05 dtime: 0.000124
  6.17e-05s  0.00e+00d  [DetectDuplicateConstraintsWithDifferentEnforcements] 
  4.20e-04s  2.15e-06d  [Probe] 
  1.64e-06s  0.00e+00d  [MaxClique] 
  6.67e-05s  0.00e+00d  [DetectDominanceRelations] 
  3.94e-04s  0.00e+00d  [PresolveToFixPoint] #num_loops=1 #num_dual_strengthening=1 
  2.84e-05s  0.00e+00d  [ProcessAtMostOneAndLinear] 
  5.84e-05s  0.00e+00d  [DetectDuplicateConstraints] 
  5.55e-05s  0.00e+00d  [DetectDuplicateConstraintsWithDifferentEnforcements] 
  2.50e-05s  1.34e-06d  [DetectDominatedLinearConstraints] #relevant_constraints=223 
  2.78e-05s  0.00e+00d  [DetectDifferentVariables] 
  2.11e-06s  0.00e+00d  [ProcessSetPPC] 
  2.49e-06s  0.00e+00d  [FindAlmostIdenticalLinearConstraints] 
  1.08e-05s  0.00e+00d  [FindBigAtMostOneAndLinearOverlap] 
  1.52e-05s  8.17e-06d  [FindBigVerticalLinearOverlap] 
  1.72e-06s  0.00e+00d  [FindBigHorizontalLinearOverlap] 
  1.55e-06s  0.00e+00d  [MergeClauses] 
  6.62e-05s  0.00e+00d  [DetectDominanceRelations] 
  3.58e-04s  0.00e+00d  [PresolveToFixPoint] #num_loops=1 #num_dual_strengthening=1 
  1.65e-05s  0.00e+00d  [ExpandObjective] 

Presolve summary:
  - 224 affine relations were detected.
  - rule 'TODO dual: only one blocking constraint?' was applied 577 times.
  - rule 'TODO dual: only one unspecified blocking constraint?' was applied 352 times.
  - rule 'affine: new relation' was applied 224 times.
  - rule 'dual: fix variable' was applied 1 time.
  - rule 'dual: reduced domain' was applied 15 times.
  - rule 'intervals: removed unused interval' was applied 8 times.
  - rule 'lin_max: converted abs to equality' was applied 22 times.
  - rule 'lin_max: converted to equality' was applied 2 times.
  - rule 'lin_max: propagate domain from x to abs(x)' was applied 30 times.
  - rule 'lin_max: removed exprs' was applied 2 times.
  - rule 'lin_max: rewrite with precedences' was applied 52 times.
  - rule 'lin_max: target domain reduced' was applied 54 times.
  - rule 'linear1: x in domain' was applied 18 times.
  - rule 'linear: always true' was applied 63 times.
  - rule 'linear: fixed or dup variables' was applied 1 time.
  - rule 'linear: reduced variable domains' was applied 1'011 times.
  - rule 'linear: remapped using affine relations' was applied 474 times.
  - rule 'linear: tightened into equality' was applied 1 time.
  - rule 'no_overlap: split into disjoint components' was applied 8 times.
  - rule 'objective: variable not used elsewhere' was applied 2 times.
  - rule 'presolve: 2 unused variables removed.' was applied 1 time.
  - rule 'presolve: iteration' was applied 2 times.

Presolved optimization model '': (model_fingerprint: 0xde6bbbb320ac27ac)
#Variables: 258 (#ints: 80 in objective) (200 primary variables)
  - 221 different domains in [0,33106] with a largest complexity of 1.
#kInterval: 200
#kLinMax: 8 (#expressions: 16)
#kLinear2: 223
#kNoOverlap: 10 (#intervals: 200)
[Symmetry] Graph for symmetry has 917 nodes and 1'088 arcs.
[Symmetry] Symmetry computation done. time: 6.7386e-05 dtime: 0.00011044

Preloading model.
#Bound   0.01s best:inf   next:[22076,2633415] initial_domain
#Model   0.01s var:258/258 constraints:441/441

Starting search at 0.01s with 104 workers.
18 full problem subsolvers: [core, default_lp, fixed, lb_tree_search, max_lp, no_lp, objective_lb_search, objective_lb_search_max_lp, objective_lb_search_no_lp, objective_shaving_max_lp, objective_shaving_no_lp, probing, probing_max_lp, probing_no_lp, pseudo_costs, quick_restart, quick_restart_no_lp, reduced_costs]
86 first solution subsolvers: [fj(25), fj_lin(12), fs_random(12), fs_random_no_lp(13), fs_random_quick_restart(12), fs_random_quick_restart_no_lp(12)]
45 interleaved subsolvers: [feasibility_pump, graph_arc_lns, graph_cst_lns, graph_dec_lns, graph_var_lns, lb_relax_lns, ls(19), ls_lin(10), rins/rens, rnd_cst_lns, rnd_var_lns, scheduling_intervals_lns, scheduling_precedences_lns, scheduling_resource_windows_lns, scheduling_time_window_lns, variables_shaving, variables_shaving_max_lp, variables_shaving_no_lp]
3 helper subsolvers: [neighborhood_helper, synchronization_agent, update_gap_integral]

#Bound   0.01s best:inf   next:[22096,2633415] default_lp
#Bound   0.02s best:inf   next:[22097,2633415] bool_core (num_cores=1 [cover] a=79 d=1 fixed=1/86 clauses=3)
#Bound   0.02s best:inf   next:[22104,2633415] bool_core (num_cores=1 [cover] a=79 d=1 fixed=2/89 clauses=6)
#Bound   0.02s best:inf   next:[22111,2633415] bool_core (num_cores=1 [cover] a=79 d=1 fixed=3/92 clauses=10)
#Bound   0.02s best:inf   next:[22118,2633415] bool_core (num_cores=1 [cover] a=79 d=1 fixed=4/95 clauses=15)
#Bound   0.02s best:inf   next:[22125,2633415] bool_core (num_cores=1 [cover] a=79 d=1 fixed=5/98 clauses=21)
#Bound   0.02s best:inf   next:[22132,2633415] bool_core (num_cores=1 [cover] a=79 d=1 fixed=6/101 clauses=28)
#Bound   0.02s best:inf   next:[22139,2633415] bool_core (num_cores=1 [cover] a=79 d=1 fixed=7/104 clauses=36)
#Bound   0.02s best:inf   next:[22146,2633415] bool_core (num_cores=1 [cover] a=79 d=1 fixed=8/107 clauses=45)
#Bound   0.02s best:inf   next:[22153,2633415] bool_core (num_cores=1 [cover] a=79 d=1 fixed=9/110 clauses=55)
#Bound   0.02s best:inf   next:[22160,2633415] bool_core (num_cores=1 [cover] a=79 d=1 fixed=10/113 clauses=66)
#Bound   0.02s best:inf   next:[22167,2633415] bool_core (num_cores=1 [cover] a=79 d=1 fixed=11/116 clauses=78)
#Bound   0.02s best:inf   next:[22174,2633415] bool_core (num_cores=1 [cover] a=79 d=1 fixed=12/119 clauses=91)
#Bound   0.02s best:inf   next:[22181,2633415] bool_core (num_cores=1 [cover] a=79 d=1 fixed=13/122 clauses=105)
#Bound   0.02s best:inf   next:[22188,2633415] bool_core (num_cores=1 [cover] a=79 d=1 fixed=14/125 clauses=120)
#Bound   0.02s best:inf   next:[22195,2633415] bool_core (num_cores=1 [cover] a=79 d=1 fixed=15/128 clauses=136)
#Bound   0.02s best:inf   next:[22202,2633415] bool_core (num_cores=1 [cover] a=79 d=1 fixed=16/131 clauses=153)
#Bound   0.02s best:inf   next:[22209,2633415] bool_core (num_cores=1 [cover] a=79 d=1 fixed=17/134 clauses=171)
#Bound   0.02s best:inf   next:[22216,2633415] bool_core (num_cores=1 [cover] a=79 d=1 fixed=18/137 clauses=190)
#Bound   0.02s best:inf   next:[22223,2633415] bool_core (num_cores=1 [cover] a=79 d=1 fixed=19/140 clauses=210)
#1       0.02s best:48250 next:[22300,48249] no_lp
#2       0.02s best:48200 next:[22300,48199] fixed
#3       0.02s best:47374 next:[22300,47373] quick_restart_no_lp
#4       0.03s best:43884 next:[23026,43883] fixed
#5       0.03s best:43761 next:[23026,43760] rnd_cst_lns (d=5.00e-01 s=33 t=0.10 p=0.00 stall=0 h=base)
#6       0.03s best:38473 next:[25744,38472] graph_cst_lns (d=5.00e-01 s=36 t=0.10 p=0.00 stall=0 h=base)
#7       0.03s best:38350 next:[25744,38349] graph_cst_lns (d=5.00e-01 s=36 t=0.10 p=0.00 stall=0 h=base) [combined with: rnd_cst_lns (d=5.00e...]
#8       0.04s best:34835 next:[25744,34834] ls_restart_decay_compound_perturb(batch:1 lin{mvs:0 evals:122} gen{mvs:7 evals:101} comp{mvs:7 btracks:0} #w_updates:0 #perturb:0)
#9       0.04s best:33835 next:[25744,33834] ls_restart_compound(batch:1 lin{mvs:0 evals:215} gen{mvs:37 evals:231} comp{mvs:9 btracks:14} #w_updates:0 #perturb:0)
#10      0.04s best:33828 next:[25744,33827] ls_restart_decay_perturb(batch:1 lin{mvs:14 evals:749} gen{mvs:35 evals:411} #w_updates:3 #perturb:0) [combined with: ls_restart_compound(...]
#11      0.04s best:33765 next:[25744,33764] ls_restart_compound_perturb(batch:1 lin{mvs:0 evals:1'312} gen{mvs:97 evals:1'033} comp{mvs:21 btracks:38} #w_updates:1 #perturb:0) [combined with: ls_restart_decay_per...]
#12      0.04s best:33755 next:[25744,33754] ls_restart_decay(batch:1 lin{mvs:14 evals:2'646} gen{mvs:178 evals:2'289} #w_updates:24 #perturb:0) [combined with: ls_restart_compound_...]
#13      0.04s best:33443 next:[25810,33442] ls_restart_decay_compound(batch:1 lin{mvs:0 evals:162} gen{mvs:13 evals:134} comp{mvs:5 btracks:4} #w_updates:0 #perturb:0)
#14      0.04s best:33436 next:[25810,33435] ls_restart_compound(batch:1 lin{mvs:0 evals:494} gen{mvs:30 evals:347} comp{mvs:14 btracks:8} #w_updates:0 #perturb:0)
#15      0.04s best:33433 next:[25810,33432] ls_lin_restart_compound(batch:1 lin{mvs:0 evals:1'711} gen{mvs:118 evals:1'375} comp{mvs:32 btracks:43} #w_updates:1 #perturb:0) [combined with: ls_restart_compound(...]
#16      0.04s best:33228 next:[25810,33227] ls_restart_decay_compound_perturb(batch:1 lin{mvs:0 evals:80} gen{mvs:5 evals:65} comp{mvs:5 btracks:0} #w_updates:0 #perturb:0)
#17      0.04s best:33225 next:[25810,33224] ls_restart_decay_compound_perturb(batch:1 lin{mvs:0 evals:80} gen{mvs:5 evals:65} comp{mvs:5 btracks:0} #w_updates:0 #perturb:0) [combined with: ls_lin_restart_compo...]
#18      0.04s best:33221 next:[25810,33220] ls_restart_decay_compound_perturb(batch:1 lin{mvs:0 evals:43} gen{mvs:3 evals:38} comp{mvs:3 btracks:0} #w_updates:0 #perturb:0) [combined with: ls_restart_decay_com...]
#19      0.05s best:33193 next:[25810,33192] ls_restart_decay_perturb(batch:1 lin{mvs:16 evals:935} gen{mvs:40 evals:512} #w_updates:5 #perturb:0) [combined with: ls_restart_decay_com...]
#20      0.05s best:32493 next:[25810,32492] ls_restart_decay(batch:1 lin{mvs:14 evals:4'302} gen{mvs:322 evals:4'041} #w_updates:76 #perturb:0) [combined with: ls_restart_decay_per...]
#21      0.05s best:32129 next:[25810,32128] ls_restart_decay_compound_perturb(batch:1 lin{mvs:0 evals:107} gen{mvs:7 evals:85} comp{mvs:7 btracks:0} #w_updates:0 #perturb:0)
#22      0.05s best:32038 next:[25810,32037] ls_lin_restart_decay_compound(batch:1 lin{mvs:0 evals:790} gen{mvs:68 evals:560} comp{mvs:6 btracks:31} #w_updates:0 #perturb:0) [combined with: ls_restart_decay_com...]
#23      0.05s best:32031 next:[25810,32030] ls_restart_decay_compound_perturb(batch:1 lin{mvs:0 evals:97} gen{mvs:7 evals:68} comp{mvs:7 btracks:0} #w_updates:0 #perturb:0) [combined with: ls_lin_restart_decay...]
#24      0.05s best:31332 next:[25810,31331] ls_restart_decay_compound_perturb(batch:1 lin{mvs:0 evals:111} gen{mvs:10 evals:90} comp{mvs:10 btracks:0} #w_updates:0 #perturb:0)
#25      0.05s best:31234 next:[25810,31233] ls_restart_decay_compound_perturb(batch:1 lin{mvs:0 evals:111} gen{mvs:10 evals:90} comp{mvs:10 btracks:0} #w_updates:0 #perturb:0) [combined with: ls_restart_decay_com...]
#26      0.05s best:31066 next:[25810,31065] ls_restart_perturb(batch:1 lin{mvs:15 evals:1'188} gen{mvs:62 evals:804} #w_updates:20 #perturb:0) [combined with: ls_restart_decay_com...]
#27      0.05s best:30961 next:[25810,30960] ls_restart_compound(batch:1 lin{mvs:0 evals:153} gen{mvs:16 evals:129} comp{mvs:8 btracks:4} #w_updates:0 #perturb:0)
#28      0.05s best:30954 next:[25810,30953] ls_restart_compound(batch:1 lin{mvs:0 evals:44} gen{mvs:3 evals:38} comp{mvs:3 btracks:0} #w_updates:0 #perturb:0)
#29      0.05s best:30920 next:[25810,30919] ls_restart_decay_compound(batch:1 lin{mvs:0 evals:65} gen{mvs:7 evals:57} comp{mvs:7 btracks:0} #w_updates:0 #perturb:0)
#30      0.05s best:30913 next:[25810,30912] ls_restart_decay_compound(batch:1 lin{mvs:0 evals:65} gen{mvs:7 evals:57} comp{mvs:7 btracks:0} #w_updates:0 #perturb:0) [combined with: ls_restart_compound(...]
#31      0.05s best:30906 next:[25810,30905] ls_lin_restart_compound_perturb(batch:1 lin{mvs:0 evals:44} gen{mvs:3 evals:33} comp{mvs:3 btracks:0} #w_updates:0 #perturb:0)
#32      0.05s best:30905 next:[25810,30904] ls_restart_compound_perturb(batch:1 lin{mvs:0 evals:312} gen{mvs:26 evals:248} comp{mvs:4 btracks:11} #w_updates:0 #perturb:0) [combined with: ls_lin_restart_compo...]
#33      0.05s best:30898 next:[25810,30897] ls_restart_decay_compound_perturb(batch:1 lin{mvs:0 evals:174} gen{mvs:12 evals:136} comp{mvs:12 btracks:0} #w_updates:0 #perturb:0) [combined with: ls_restart_compound_...]
#34      0.05s best:30870 next:[25810,30869] ls_lin_restart_decay_compound_perturb(batch:1 lin{mvs:0 evals:1'045} gen{mvs:88 evals:812} comp{mvs:12 btracks:38} #w_updates:0 #perturb:0) [combined with: ls_restart_decay_com...]
#35      0.05s best:30837 next:[25810,30836] ls_restart_decay_compound(batch:1 lin{mvs:0 evals:69} gen{mvs:4 evals:49} comp{mvs:4 btracks:0} #w_updates:0 #perturb:0)
#36      0.05s best:30789 next:[25810,30788] ls_restart_decay_perturb(batch:1 lin{mvs:13 evals:1'518} gen{mvs:92 evals:1'224} #w_updates:20 #perturb:0) [combined with: ls_restart_decay_com...]
#37      0.05s best:30788 next:[25810,30787] ls_restart_decay_compound_perturb(batch:1 lin{mvs:0 evals:56} gen{mvs:10 evals:65} comp{mvs:4 btracks:3} #w_updates:0 #perturb:0)
#38      0.05s best:30696 next:[25810,30695] ls_restart_decay_compound(batch:1 lin{mvs:0 evals:411} gen{mvs:33 evals:331} comp{mvs:19 btracks:7} #w_updates:0 #perturb:0)
#39      0.06s best:30689 next:[25810,30688] ls_restart(batch:1 lin{mvs:13 evals:1'685} gen{mvs:91 evals:1'281} #w_updates:33 #perturb:0) [combined with: ls_restart_decay_com...]
#40      0.06s best:30593 next:[25810,30592] ls_lin_restart(batch:1 lin{mvs:14 evals:1'622} gen{mvs:101 evals:1'382} #w_updates:45 #perturb:0)
#41      0.06s best:29368 next:[25810,29367] graph_arc_lns (d=5.00e-01 s=131 t=0.10 p=0.00 stall=0 h=base)
#42      0.06s best:29361 next:[25810,29360] ls_lin_restart_compound_perturb(batch:1 lin{mvs:0 evals:2'538} gen{mvs:259 evals:1'893} comp{mvs:19 btracks:120} #w_updates:2 #perturb:0) [combined with: graph_arc_lns (d=5.0...]
#43      0.06s best:29360 next:[25810,29359] ls_lin_restart_compound(batch:1 lin{mvs:0 evals:206} gen{mvs:24 evals:168} comp{mvs:12 btracks:6} #w_updates:0 #perturb:0) [combined with: ls_lin_restart_compo...]
#44      0.06s best:29297 next:[25810,29296] ls_restart(batch:1 lin{mvs:14 evals:1'482} gen{mvs:90 evals:1'109} #w_updates:27 #perturb:0) [combined with: ls_lin_restart_compo...]
#45      0.06s best:29282 next:[25810,29281] ls_restart_decay_compound(batch:1 lin{mvs:0 evals:165} gen{mvs:18 evals:145} comp{mvs:4 btracks:7} #w_updates:0 #perturb:0)
#46      0.06s best:29275 next:[25810,29274] ls_restart_decay_compound(batch:1 lin{mvs:0 evals:544} gen{mvs:81 evals:505} comp{mvs:15 btracks:33} #w_updates:0 #perturb:0)
#47      0.06s best:29237 next:[25810,29236] graph_arc_lns (d=5.00e-01 s=180 t=0.10 p=0.00 stall=0 h=base) [combined with: ls_restart_decay_com...]
#48      0.06s best:29230 next:[25810,29229] ls_restart_compound(batch:1 lin{mvs:0 evals:3'349} gen{mvs:331 evals:2'344} comp{mvs:19 btracks:156} #w_updates:1 #perturb:0) [combined with: graph_arc_lns (d=5.0...]
#49      0.06s best:29035 next:[25810,29034] ls_lin_restart_compound(batch:1 lin{mvs:0 evals:76} gen{mvs:6 evals:72} comp{mvs:6 btracks:0} #w_updates:0 #perturb:0)
#50      0.06s best:29034 next:[25810,29033] ls_restart_decay_compound(batch:1 lin{mvs:0 evals:710} gen{mvs:75 evals:553} comp{mvs:23 btracks:26} #w_updates:0 #perturb:0) [combined with: ls_lin_restart_compo...]
#51      0.07s best:29032 next:[25810,29031] ls_restart_decay_compound(batch:1 lin{mvs:0 evals:48} gen{mvs:4 evals:42} comp{mvs:4 btracks:0} #w_updates:0 #perturb:0)
#52      0.07s best:28938 next:[25810,28937] ls_restart_decay_perturb(batch:1 lin{mvs:7 evals:1'380} gen{mvs:113 evals:1'277} #w_updates:72 #perturb:0)
#53      0.07s best:28927 next:[25810,28926] quick_restart_no_lp
#54      0.07s best:28901 next:[25810,28900] ls_lin_restart_perturb(batch:1 lin{mvs:8 evals:641} gen{mvs:47 evals:480} #w_updates:10 #perturb:0)
#55      0.08s best:28809 next:[25810,28808] ls_lin_restart_compound(batch:1 lin{mvs:0 evals:1'570} gen{mvs:183 evals:1'413} comp{mvs:31 btracks:76} #w_updates:2 #perturb:0) [combined with: ls_lin_restart_pertu...]
#56      0.08s best:28789 next:[25810,28788] ls_lin_restart_decay_compound_perturb(batch:1 lin{mvs:0 evals:39} gen{mvs:2 evals:30} comp{mvs:2 btracks:0} #w_updates:0 #perturb:0)
#57      0.08s best:28741 next:[25810,28740] rnd_cst_lns (d=7.07e-01 s=226 t=0.10 p=1.00 stall=0 h=base) [combined with: ls_lin_restart_decay...]
#58      0.08s best:28626 next:[25810,28625] ls_restart_decay_perturb(batch:1 lin{mvs:9 evals:608} gen{mvs:35 evals:406} #w_updates:7 #perturb:0)
#59      0.08s best:28595 next:[25810,28594] ls_restart_decay_compound(batch:1 lin{mvs:0 evals:2'120} gen{mvs:187 evals:1'503} comp{mvs:15 btracks:86} #w_updates:2 #perturb:0) [combined with: ls_restart_decay_per...]
#60      0.08s best:28591 next:[25810,28590] ls_restart_compound(batch:1 lin{mvs:0 evals:51} gen{mvs:3 evals:41} comp{mvs:3 btracks:0} #w_updates:0 #perturb:0)
#61      0.08s best:28584 next:[25810,28583] ls_restart(batch:1 lin{mvs:9 evals:1'267} gen{mvs:97 evals:1'402} #w_updates:164 #perturb:0) [combined with: ls_restart_compound(...]
#62      0.09s best:28583 next:[25810,28582] ls_restart_decay_compound_perturb(batch:1 lin{mvs:0 evals:2'050} gen{mvs:259 evals:1'795} comp{mvs:23 btracks:118} #w_updates:2 #perturb:0) [combined with: ls_restart(batch:1 l...]
#63      0.09s best:28581 next:[25810,28580] ls_restart_decay_compound_perturb(batch:1 lin{mvs:0 evals:113} gen{mvs:12 evals:111} comp{mvs:4 btracks:4} #w_updates:0 #perturb:0)
#64      0.10s best:28507 next:[25810,28506] ls_lin_restart_compound(batch:1 lin{mvs:0 evals:5'275} gen{mvs:605 evals:4'509} comp{mvs:79 btracks:263} #w_updates:2 #perturb:0)
#65      0.10s best:28504 next:[25810,28503] ls_lin_restart_compound(batch:1 lin{mvs:0 evals:5'275} gen{mvs:605 evals:4'509} comp{mvs:79 btracks:263} #w_updates:2 #perturb:0) [combined with: ls_restart_decay_com...]
#66      0.10s best:28497 next:[25810,28496] ls_lin_restart_compound(batch:1 lin{mvs:0 evals:33} gen{mvs:3 evals:34} comp{mvs:3 btracks:0} #w_updates:0 #perturb:0)
#67      0.23s best:28479 next:[25930,28478] quick_restart
#68      0.24s best:28469 next:[25930,28468] quick_restart
#69      0.24s best:28468 next:[25930,28467] ls_lin_restart_compound(batch:1 lin{mvs:0 evals:923} gen{mvs:117 evals:834} comp{mvs:39 btracks:39} #w_updates:1 #perturb:0)
#70      0.25s best:28463 next:[25930,28462] quick_restart_no_lp
#71      0.28s best:28458 next:[25930,28457] quick_restart
#72      0.31s best:28366 next:[25930,28365] quick_restart
#73      0.32s best:28365 next:[25930,28364] quick_restart_no_lp
#74      0.32s best:28030 next:[25930,28029] graph_dec_lns (d=8.14e-01 s=411 t=0.10 p=1.00 stall=0 h=base)
#75      0.32s best:28014 next:[25930,28013] graph_dec_lns (d=8.14e-01 s=411 t=0.10 p=1.00 stall=0 h=base) [combined with: quick_restart_no_lp...]
#76      0.33s best:27996 next:[25930,27995] ls_lin_restart_decay_compound_perturb(batch:1 lin{mvs:0 evals:134} gen{mvs:25 evals:172} comp{mvs:5 btracks:10} #w_updates:0 #perturb:0)
#77      0.33s best:27995 next:[25930,27994] ls_restart_decay_compound(batch:1 lin{mvs:0 evals:29} gen{mvs:4 evals:40} comp{mvs:4 btracks:0} #w_updates:0 #perturb:0)
#78      0.33s best:27987 next:[25930,27986] ls_lin_restart_compound(batch:1 lin{mvs:0 evals:24} gen{mvs:2 evals:22} comp{mvs:2 btracks:0} #w_updates:0 #perturb:0)
#79      0.33s best:27986 next:[25930,27985] ls_restart_decay_compound(batch:1 lin{mvs:0 evals:408} gen{mvs:53 evals:438} comp{mvs:21 btracks:16} #w_updates:0 #perturb:0)
#80      0.34s best:27985 next:[25930,27984] ls_lin_restart_decay(batch:1 lin{mvs:6 evals:892} gen{mvs:90 evals:988} #w_updates:35 #perturb:0) [combined with: ls_restart_decay_com...]
#81      0.34s best:27984 next:[25930,27983] ls_restart_decay_compound_perturb(batch:1 lin{mvs:0 evals:504} gen{mvs:78 evals:583} comp{mvs:20 btracks:29} #w_updates:0 #perturb:0) [combined with: ls_lin_restart_decay...]
#82      0.34s best:27981 next:[25930,27980] ls_restart_decay_compound_perturb(batch:1 lin{mvs:0 evals:91} gen{mvs:14 evals:107} comp{mvs:4 btracks:5} #w_updates:0 #perturb:0)
#83      0.34s best:27980 next:[25930,27979] ls_lin_restart(batch:1 lin{mvs:6 evals:3'033} gen{mvs:432 evals:5'107} #w_updates:224 #perturb:0)
#84      0.35s best:27977 next:[25930,27976] quick_restart_no_lp
#85      0.36s best:27975 next:[25930,27974] quick_restart_no_lp
#86      0.39s best:27960 next:[25930,27959] quick_restart_no_lp
#87      0.39s best:27947 next:[25930,27946] ls_lin_restart_decay_compound(batch:1 lin{mvs:0 evals:90} gen{mvs:12 evals:107} comp{mvs:8 btracks:2} #w_updates:0 #perturb:0)
#88      0.41s best:27918 next:[25946,27917] quick_restart_no_lp
#89      0.41s best:27915 next:[25946,27914] quick_restart_no_lp
#90      0.45s best:27911 next:[25980,27910] ls_restart_decay_perturb(batch:1 lin{mvs:6 evals:3'819} gen{mvs:606 evals:6'319} #w_updates:120 #perturb:0)
#91      0.45s best:27905 next:[25980,27904] quick_restart
#92      0.45s best:27898 next:[25980,27897] ls_restart(batch:1 lin{mvs:5 evals:266} gen{mvs:24 evals:277} #w_updates:8 #perturb:0)
#93      0.45s best:27885 next:[26081,27884] ls_lin_restart_compound(batch:1 lin{mvs:0 evals:217} gen{mvs:41 evals:309} comp{mvs:21 btracks:10} #w_updates:0 #perturb:0)
#94      0.46s best:27884 next:[26081,27883] ls_lin_restart_decay_compound(batch:1 lin{mvs:0 evals:231} gen{mvs:45 evals:330} comp{mvs:23 btracks:11} #w_updates:0 #perturb:0)
#95      0.46s best:27840 next:[26081,27839] ls_lin_restart_compound_perturb(batch:1 lin{mvs:0 evals:98} gen{mvs:22 evals:143} comp{mvs:4 btracks:9} #w_updates:0 #perturb:0)
#96      0.46s best:27839 next:[26081,27838] ls_lin_restart_decay_compound_perturb(batch:1 lin{mvs:0 evals:14} gen{mvs:2 evals:16} comp{mvs:2 btracks:0} #w_updates:0 #perturb:0)
#97      0.48s best:27838 next:[26109,27837] ls_lin_restart_compound_perturb(batch:1 lin{mvs:0 evals:1'223} gen{mvs:171 evals:1'457} comp{mvs:69 btracks:51} #w_updates:1 #perturb:0)
#98      0.48s best:27827 next:[26109,27826] quick_restart_no_lp
#99      0.48s best:27825 next:[26109,27824] ls_restart_decay_compound(batch:1 lin{mvs:0 evals:78} gen{mvs:10 evals:117} comp{mvs:10 btracks:0} #w_updates:0 #perturb:0)
#100     0.48s best:27813 next:[26109,27812] ls_restart_decay_compound(batch:1 lin{mvs:0 evals:78} gen{mvs:10 evals:117} comp{mvs:10 btracks:0} #w_updates:0 #perturb:0) [combined with: quick_restart_no_lp...]
#101     0.57s best:27802 next:[26681,27801] quick_restart
#102     0.58s best:27801 next:[26690,27800] quick_restart
#103     0.59s best:27800 next:[26690,27799] ls_restart_decay_perturb(batch:1 lin{mvs:4 evals:1'928} gen{mvs:289 evals:3'042} #w_updates:118 #perturb:0) [combined with: quick_restart...]
#104     0.59s best:27799 next:[26690,27798] ls_restart_decay(batch:1 lin{mvs:4 evals:259} gen{mvs:28 evals:310} #w_updates:8 #perturb:0)
#105     0.62s best:27798 next:[26695,27797] ls_restart_decay(batch:1 lin{mvs:4 evals:1'388} gen{mvs:197 evals:2'171} #w_updates:100 #perturb:0)
#106     0.62s best:27793 next:[26695,27792] quick_restart_no_lp
#107     0.62s best:27475 next:[26695,27474] graph_cst_lns (d=8.76e-01 s=820 t=0.10 p=1.00 stall=0 h=base)
#108     0.62s best:27472 next:[26701,27471] ls_restart_compound_perturb(batch:1 lin{mvs:0 evals:19} gen{mvs:2 evals:27} comp{mvs:2 btracks:0} #w_updates:0 #perturb:0)
#109     0.62s best:27471 next:[26701,27470] ls_restart_decay_compound(batch:1 lin{mvs:0 evals:163} gen{mvs:26 evals:255} comp{mvs:10 btracks:8} #w_updates:0 #perturb:0)
#110     0.62s best:27463 next:[26701,27462] ls_restart_decay(batch:1 lin{mvs:5 evals:680} gen{mvs:125 evals:1'381} #w_updates:72 #perturb:0)
#111     0.63s best:27462 next:[26701,27461] ls_restart_perturb(batch:1 lin{mvs:3 evals:969} gen{mvs:142 evals:1'634} #w_updates:79 #perturb:0)
#112     0.63s best:27444 next:[26701,27443] ls_restart_perturb(batch:1 lin{mvs:3 evals:318} gen{mvs:44 evals:471} #w_updates:19 #perturb:0)
#113     0.64s best:27414 next:[26701,27413] quick_restart_no_lp
#114     0.64s best:27407 next:[26701,27406] quick_restart_no_lp
#115     0.66s best:27400 next:[26706,27399] quick_restart
#116     0.66s best:27375 next:[26722,27374] ls_lin_restart_decay(batch:1 lin{mvs:3 evals:1'366} gen{mvs:245 evals:2'621} #w_updates:103 #perturb:0)
#117     0.66s best:27368 next:[26722,27367] ls_lin_restart_decay(batch:1 lin{mvs:3 evals:1'366} gen{mvs:245 evals:2'621} #w_updates:103 #perturb:0) [combined with: quick_restart...]
#118     0.67s best:27347 next:[26722,27346] quick_restart
#119     0.68s best:27346 next:[26722,27345] ls_lin_restart(batch:1 lin{mvs:5 evals:78} gen{mvs:3 evals:32} #w_updates:0 #perturb:0)
#120     0.69s best:27277 next:[26722,27276] ls_lin_restart_decay_perturb(batch:1 lin{mvs:4 evals:1'263} gen{mvs:243 evals:2'702} #w_updates:88 #perturb:0)
#121     0.69s best:27276 next:[26722,27275] ls_lin_restart_compound_perturb(batch:1 lin{mvs:0 evals:44} gen{mvs:12 evals:75} comp{mvs:4 btracks:4} #w_updates:0 #perturb:0)
#122     0.69s best:27260 next:[26722,27259] ls_lin_restart_decay_compound(batch:1 lin{mvs:0 evals:18} gen{mvs:3 evals:33} comp{mvs:3 btracks:0} #w_updates:0 #perturb:0)
#123     0.69s best:27252 next:[26722,27251] ls_lin_restart_decay_perturb(batch:1 lin{mvs:5 evals:270} gen{mvs:42 evals:375} #w_updates:15 #perturb:0)
#124     0.69s best:27250 next:[26722,27249] ls_lin_restart_decay_perturb(batch:1 lin{mvs:4 evals:178} gen{mvs:28 evals:241} #w_updates:10 #perturb:0)
#125     0.69s best:27249 next:[26722,27248] ls_lin_restart_decay_perturb(batch:1 lin{mvs:4 evals:289} gen{mvs:48 evals:439} #w_updates:20 #perturb:0)
#126     0.70s best:27248 next:[26722,27247] quick_restart
#127     0.71s best:27247 next:[26761,27246] quick_restart
#128     0.74s best:27246 next:[27066,27245] probing_no_lp
#129     0.74s best:27244 next:[27066,27243] ls_restart_compound(batch:1 lin{mvs:0 evals:11} gen{mvs:2 evals:5} comp{mvs:2 btracks:0} #w_updates:0 #perturb:0)
#130     0.74s best:27243 next:[27069,27242] ls_lin_restart_perturb(batch:1 lin{mvs:4 evals:184} gen{mvs:52 evals:273} #w_updates:57 #perturb:0)
#131     0.74s best:27242 next:[27069,27241] ls_lin_restart(batch:1 lin{mvs:3 evals:63} gen{mvs:16 evals:48} #w_updates:10 #perturb:0)
Relative gap limit of 0.005 reached.
#Bound   0.74s best:27242 next:[27115,27241] objective_lb_search [skipped_logs=36]

Task timing                                  n [     min,      max]      avg      dev     time         n [     min,      max]      avg      dev    dtime
                             'core':         1 [745.07ms, 745.07ms] 745.07ms   0.00ns 745.07ms         1 [   1.06s,    1.06s]    1.06s   0.00ns    1.06s
                       'default_lp':         1 [729.66ms, 729.66ms] 729.66ms   0.00ns 729.66ms         0 [  0.00ns,   0.00ns]   0.00ns   0.00ns   0.00ns
                 'feasibility_pump':       130 [ 75.33us,   1.03ms] 125.96us 113.54us  16.37ms       129 [ 36.33us, 425.38us]  39.35us  34.12us   5.08ms
                            'fixed':         1 [733.99ms, 733.99ms] 733.99ms   0.00ns 733.99ms         1 [178.13ms, 178.13ms] 178.13ms   0.00ns 178.13ms
                               'fj':         0 [  0.00ns,   0.00ns]   0.00ns   0.00ns   0.00ns         0 [  0.00ns,   0.00ns]   0.00ns   0.00ns   0.00ns
                               'fj':         0 [  0.00ns,   0.00ns]   0.00ns   0.00ns   0.00ns         0 [  0.00ns,   0.00ns]   0.00ns   0.00ns   0.00ns
                               'fj':         0 [  0.00ns,   0.00ns]   0.00ns   0.00ns   0.00ns         0 [  0.00ns,   0.00ns]   0.00ns   0.00ns   0.00ns
                               'fj':         0 [  0.00ns,   0.00ns]   0.00ns   0.00ns   0.00ns         0 [  0.00ns,   0.00ns]   0.00ns   0.00ns   0.00ns
                               'fj':         0 [  0.00ns,   0.00ns]   0.00ns   0.00ns   0.00ns         0 [  0.00ns,   0.00ns]   0.00ns   0.00ns   0.00ns
                               'fj':         0 [  0.00ns,   0.00ns]   0.00ns   0.00ns   0.00ns         0 [  0.00ns,   0.00ns]   0.00ns   0.00ns   0.00ns
                               'fj':         0 [  0.00ns,   0.00ns]   0.00ns   0.00ns   0.00ns         0 [  0.00ns,   0.00ns]   0.00ns   0.00ns   0.00ns
                               'fj':         0 [  0.00ns,   0.00ns]   0.00ns   0.00ns   0.00ns         0 [  0.00ns,   0.00ns]   0.00ns   0.00ns   0.00ns
                               'fj':         0 [  0.00ns,   0.00ns]   0.00ns   0.00ns   0.00ns         0 [  0.00ns,   0.00ns]   0.00ns   0.00ns   0.00ns
                               'fj':         0 [  0.00ns,   0.00ns]   0.00ns   0.00ns   0.00ns         0 [  0.00ns,   0.00ns]   0.00ns   0.00ns   0.00ns
                               'fj':         0 [  0.00ns,   0.00ns]   0.00ns   0.00ns   0.00ns         0 [  0.00ns,   0.00ns]   0.00ns   0.00ns   0.00ns
                               'fj':         0 [  0.00ns,   0.00ns]   0.00ns   0.00ns   0.00ns         0 [  0.00ns,   0.00ns]   0.00ns   0.00ns   0.00ns
                               'fj':         0 [  0.00ns,   0.00ns]   0.00ns   0.00ns   0.00ns         0 [  0.00ns,   0.00ns]   0.00ns   0.00ns   0.00ns
                               'fj':         0 [  0.00ns,   0.00ns]   0.00ns   0.00ns   0.00ns         0 [  0.00ns,   0.00ns]   0.00ns   0.00ns   0.00ns
                               'fj':         0 [  0.00ns,   0.00ns]   0.00ns   0.00ns   0.00ns         0 [  0.00ns,   0.00ns]   0.00ns   0.00ns   0.00ns
                               'fj':         0 [  0.00ns,   0.00ns]   0.00ns   0.00ns   0.00ns         0 [  0.00ns,   0.00ns]   0.00ns   0.00ns   0.00ns
                               'fj':         0 [  0.00ns,   0.00ns]   0.00ns   0.00ns   0.00ns         0 [  0.00ns,   0.00ns]   0.00ns   0.00ns   0.00ns
                               'fj':         0 [  0.00ns,   0.00ns]   0.00ns   0.00ns   0.00ns         0 [  0.00ns,   0.00ns]   0.00ns   0.00ns   0.00ns
                               'fj':         0 [  0.00ns,   0.00ns]   0.00ns   0.00ns   0.00ns         0 [  0.00ns,   0.00ns]   0.00ns   0.00ns   0.00ns
                               'fj':         0 [  0.00ns,   0.00ns]   0.00ns   0.00ns   0.00ns         0 [  0.00ns,   0.00ns]   0.00ns   0.00ns   0.00ns
                               'fj':         0 [  0.00ns,   0.00ns]   0.00ns   0.00ns   0.00ns         0 [  0.00ns,   0.00ns]   0.00ns   0.00ns   0.00ns
                               'fj':         0 [  0.00ns,   0.00ns]   0.00ns   0.00ns   0.00ns         0 [  0.00ns,   0.00ns]   0.00ns   0.00ns   0.00ns
                               'fj':         0 [  0.00ns,   0.00ns]   0.00ns   0.00ns   0.00ns         0 [  0.00ns,   0.00ns]   0.00ns   0.00ns   0.00ns
                               'fj':         0 [  0.00ns,   0.00ns]   0.00ns   0.00ns   0.00ns         0 [  0.00ns,   0.00ns]   0.00ns   0.00ns   0.00ns
                               'fj':         0 [  0.00ns,   0.00ns]   0.00ns   0.00ns   0.00ns         0 [  0.00ns,   0.00ns]   0.00ns   0.00ns   0.00ns
                           'fj_lin':         0 [  0.00ns,   0.00ns]   0.00ns   0.00ns   0.00ns         0 [  0.00ns,   0.00ns]   0.00ns   0.00ns   0.00ns
                           'fj_lin':         0 [  0.00ns,   0.00ns]   0.00ns   0.00ns   0.00ns         0 [  0.00ns,   0.00ns]   0.00ns   0.00ns   0.00ns
                           'fj_lin':         0 [  0.00ns,   0.00ns]   0.00ns   0.00ns   0.00ns         0 [  0.00ns,   0.00ns]   0.00ns   0.00ns   0.00ns
                           'fj_lin':         0 [  0.00ns,   0.00ns]   0.00ns   0.00ns   0.00ns         0 [  0.00ns,   0.00ns]   0.00ns   0.00ns   0.00ns
                           'fj_lin':         0 [  0.00ns,   0.00ns]   0.00ns   0.00ns   0.00ns         0 [  0.00ns,   0.00ns]   0.00ns   0.00ns   0.00ns
                           'fj_lin':         0 [  0.00ns,   0.00ns]   0.00ns   0.00ns   0.00ns         0 [  0.00ns,   0.00ns]   0.00ns   0.00ns   0.00ns
                           'fj_lin':         0 [  0.00ns,   0.00ns]   0.00ns   0.00ns   0.00ns         0 [  0.00ns,   0.00ns]   0.00ns   0.00ns   0.00ns
                           'fj_lin':         0 [  0.00ns,   0.00ns]   0.00ns   0.00ns   0.00ns         0 [  0.00ns,   0.00ns]   0.00ns   0.00ns   0.00ns
                           'fj_lin':         0 [  0.00ns,   0.00ns]   0.00ns   0.00ns   0.00ns         0 [  0.00ns,   0.00ns]   0.00ns   0.00ns   0.00ns
                           'fj_lin':         0 [  0.00ns,   0.00ns]   0.00ns   0.00ns   0.00ns         0 [  0.00ns,   0.00ns]   0.00ns   0.00ns   0.00ns
                           'fj_lin':         0 [  0.00ns,   0.00ns]   0.00ns   0.00ns   0.00ns         0 [  0.00ns,   0.00ns]   0.00ns   0.00ns   0.00ns
                           'fj_lin':         0 [  0.00ns,   0.00ns]   0.00ns   0.00ns   0.00ns         0 [  0.00ns,   0.00ns]   0.00ns   0.00ns   0.00ns
                        'fs_random':         0 [  0.00ns,   0.00ns]   0.00ns   0.00ns   0.00ns         0 [  0.00ns,   0.00ns]   0.00ns   0.00ns   0.00ns
                        'fs_random':         0 [  0.00ns,   0.00ns]   0.00ns   0.00ns   0.00ns         0 [  0.00ns,   0.00ns]   0.00ns   0.00ns   0.00ns
                        'fs_random':         0 [  0.00ns,   0.00ns]   0.00ns   0.00ns   0.00ns         0 [  0.00ns,   0.00ns]   0.00ns   0.00ns   0.00ns
                        'fs_random':         0 [  0.00ns,   0.00ns]   0.00ns   0.00ns   0.00ns         0 [  0.00ns,   0.00ns]   0.00ns   0.00ns   0.00ns
                        'fs_random':         0 [  0.00ns,   0.00ns]   0.00ns   0.00ns   0.00ns         0 [  0.00ns,   0.00ns]   0.00ns   0.00ns   0.00ns
                        'fs_random':         0 [  0.00ns,   0.00ns]   0.00ns   0.00ns   0.00ns         0 [  0.00ns,   0.00ns]   0.00ns   0.00ns   0.00ns
                        'fs_random':         0 [  0.00ns,   0.00ns]   0.00ns   0.00ns   0.00ns         0 [  0.00ns,   0.00ns]   0.00ns   0.00ns   0.00ns
                        'fs_random':         0 [  0.00ns,   0.00ns]   0.00ns   0.00ns   0.00ns         0 [  0.00ns,   0.00ns]   0.00ns   0.00ns   0.00ns
                        'fs_random':         0 [  0.00ns,   0.00ns]   0.00ns   0.00ns   0.00ns         0 [  0.00ns,   0.00ns]   0.00ns   0.00ns   0.00ns
                        'fs_random':         1 [  2.50ms,   2.50ms]   2.50ms   0.00ns   2.50ms         1 [  1.16us,   1.16us]   1.16us   0.00ns   1.16us
                        'fs_random':         1 [  3.01ms,   3.01ms]   3.01ms   0.00ns   3.01ms         1 [  5.63us,   5.63us]   5.63us   0.00ns   5.63us
                        'fs_random':         1 [699.14us, 699.14us] 699.14us   0.00ns 699.14us         0 [  0.00ns,   0.00ns]   0.00ns   0.00ns   0.00ns
                  'fs_random_no_lp':         0 [  0.00ns,   0.00ns]   0.00ns   0.00ns   0.00ns         0 [  0.00ns,   0.00ns]   0.00ns   0.00ns   0.00ns
                  'fs_random_no_lp':         0 [  0.00ns,   0.00ns]   0.00ns   0.00ns   0.00ns         0 [  0.00ns,   0.00ns]   0.00ns   0.00ns   0.00ns
                  'fs_random_no_lp':         0 [  0.00ns,   0.00ns]   0.00ns   0.00ns   0.00ns         0 [  0.00ns,   0.00ns]   0.00ns   0.00ns   0.00ns
                  'fs_random_no_lp':         0 [  0.00ns,   0.00ns]   0.00ns   0.00ns   0.00ns         0 [  0.00ns,   0.00ns]   0.00ns   0.00ns   0.00ns
                  'fs_random_no_lp':         0 [  0.00ns,   0.00ns]   0.00ns   0.00ns   0.00ns         0 [  0.00ns,   0.00ns]   0.00ns   0.00ns   0.00ns
                  'fs_random_no_lp':         0 [  0.00ns,   0.00ns]   0.00ns   0.00ns   0.00ns         0 [  0.00ns,   0.00ns]   0.00ns   0.00ns   0.00ns
                  'fs_random_no_lp':         0 [  0.00ns,   0.00ns]   0.00ns   0.00ns   0.00ns         0 [  0.00ns,   0.00ns]   0.00ns   0.00ns   0.00ns
                  'fs_random_no_lp':         0 [  0.00ns,   0.00ns]   0.00ns   0.00ns   0.00ns         0 [  0.00ns,   0.00ns]   0.00ns   0.00ns   0.00ns
                  'fs_random_no_lp':         0 [  0.00ns,   0.00ns]   0.00ns   0.00ns   0.00ns         0 [  0.00ns,   0.00ns]   0.00ns   0.00ns   0.00ns
                  'fs_random_no_lp':         0 [  0.00ns,   0.00ns]   0.00ns   0.00ns   0.00ns         0 [  0.00ns,   0.00ns]   0.00ns   0.00ns   0.00ns
                  'fs_random_no_lp':         1 [  2.58ms,   2.58ms]   2.58ms   0.00ns   2.58ms         1 [ 97.33us,  97.33us]  97.33us   0.00ns  97.33us
                  'fs_random_no_lp':         1 [  3.18ms,   3.18ms]   3.18ms   0.00ns   3.18ms         1 [218.87us, 218.87us] 218.87us   0.00ns 218.87us
                  'fs_random_no_lp':         1 [911.49us, 911.49us] 911.49us   0.00ns 911.49us         0 [  0.00ns,   0.00ns]   0.00ns   0.00ns   0.00ns
          'fs_random_quick_restart':         0 [  0.00ns,   0.00ns]   0.00ns   0.00ns   0.00ns         0 [  0.00ns,   0.00ns]   0.00ns   0.00ns   0.00ns
          'fs_random_quick_restart':         0 [  0.00ns,   0.00ns]   0.00ns   0.00ns   0.00ns         0 [  0.00ns,   0.00ns]   0.00ns   0.00ns   0.00ns
          'fs_random_quick_restart':         0 [  0.00ns,   0.00ns]   0.00ns   0.00ns   0.00ns         0 [  0.00ns,   0.00ns]   0.00ns   0.00ns   0.00ns
          'fs_random_quick_restart':         0 [  0.00ns,   0.00ns]   0.00ns   0.00ns   0.00ns         0 [  0.00ns,   0.00ns]   0.00ns   0.00ns   0.00ns
          'fs_random_quick_restart':         0 [  0.00ns,   0.00ns]   0.00ns   0.00ns   0.00ns         0 [  0.00ns,   0.00ns]   0.00ns   0.00ns   0.00ns
          'fs_random_quick_restart':         0 [  0.00ns,   0.00ns]   0.00ns   0.00ns   0.00ns         0 [  0.00ns,   0.00ns]   0.00ns   0.00ns   0.00ns
          'fs_random_quick_restart':         0 [  0.00ns,   0.00ns]   0.00ns   0.00ns   0.00ns         0 [  0.00ns,   0.00ns]   0.00ns   0.00ns   0.00ns
          'fs_random_quick_restart':         0 [  0.00ns,   0.00ns]   0.00ns   0.00ns   0.00ns         0 [  0.00ns,   0.00ns]   0.00ns   0.00ns   0.00ns
          'fs_random_quick_restart':         0 [  0.00ns,   0.00ns]   0.00ns   0.00ns   0.00ns         0 [  0.00ns,   0.00ns]   0.00ns   0.00ns   0.00ns
          'fs_random_quick_restart':         0 [  0.00ns,   0.00ns]   0.00ns   0.00ns   0.00ns         0 [  0.00ns,   0.00ns]   0.00ns   0.00ns   0.00ns
          'fs_random_quick_restart':         1 [  2.19ms,   2.19ms]   2.19ms   0.00ns   2.19ms         1 [  4.05us,   4.05us]   4.05us   0.00ns   4.05us
          'fs_random_quick_restart':         1 [  2.74ms,   2.74ms]   2.74ms   0.00ns   2.74ms         1 [ 25.43us,  25.43us]  25.43us   0.00ns  25.43us
    'fs_random_quick_restart_no_lp':         0 [  0.00ns,   0.00ns]   0.00ns   0.00ns   0.00ns         0 [  0.00ns,   0.00ns]   0.00ns   0.00ns   0.00ns
    'fs_random_quick_restart_no_lp':         0 [  0.00ns,   0.00ns]   0.00ns   0.00ns   0.00ns         0 [  0.00ns,   0.00ns]   0.00ns   0.00ns   0.00ns
    'fs_random_quick_restart_no_lp':         0 [  0.00ns,   0.00ns]   0.00ns   0.00ns   0.00ns         0 [  0.00ns,   0.00ns]   0.00ns   0.00ns   0.00ns
    'fs_random_quick_restart_no_lp':         0 [  0.00ns,   0.00ns]   0.00ns   0.00ns   0.00ns         0 [  0.00ns,   0.00ns]   0.00ns   0.00ns   0.00ns
    'fs_random_quick_restart_no_lp':         0 [  0.00ns,   0.00ns]   0.00ns   0.00ns   0.00ns         0 [  0.00ns,   0.00ns]   0.00ns   0.00ns   0.00ns
    'fs_random_quick_restart_no_lp':         0 [  0.00ns,   0.00ns]   0.00ns   0.00ns   0.00ns         0 [  0.00ns,   0.00ns]   0.00ns   0.00ns   0.00ns
    'fs_random_quick_restart_no_lp':         0 [  0.00ns,   0.00ns]   0.00ns   0.00ns   0.00ns         0 [  0.00ns,   0.00ns]   0.00ns   0.00ns   0.00ns
    'fs_random_quick_restart_no_lp':         0 [  0.00ns,   0.00ns]   0.00ns   0.00ns   0.00ns         0 [  0.00ns,   0.00ns]   0.00ns   0.00ns   0.00ns
    'fs_random_quick_restart_no_lp':         0 [  0.00ns,   0.00ns]   0.00ns   0.00ns   0.00ns         0 [  0.00ns,   0.00ns]   0.00ns   0.00ns   0.00ns
    'fs_random_quick_restart_no_lp':         1 [  2.33ms,   2.33ms]   2.33ms   0.00ns   2.33ms         1 [143.36us, 143.36us] 143.36us   0.00ns 143.36us
    'fs_random_quick_restart_no_lp':         1 [  2.93ms,   2.93ms]   2.93ms   0.00ns   2.93ms         1 [124.44us, 124.44us] 124.44us   0.00ns 124.44us
    'fs_random_quick_restart_no_lp':         1 [174.72us, 174.72us] 174.72us   0.00ns 174.72us         0 [  0.00ns,   0.00ns]   0.00ns   0.00ns   0.00ns
                    'graph_arc_lns':         9 [  7.19ms, 694.57ms] 241.34ms 267.62ms    2.17s         9 [185.96us, 100.01ms]  38.27ms  38.22ms 344.43ms
                    'graph_cst_lns':         9 [  5.60ms, 505.42ms] 261.49ms 136.46ms    2.35s         9 [363.22us,  57.59ms]  27.45ms  16.76ms 247.09ms
                    'graph_dec_lns':         9 [  3.96ms, 508.59ms] 238.93ms 177.27ms    2.15s         9 [ 37.90us, 100.05ms]  35.13ms  34.29ms 316.16ms
                    'graph_var_lns':         8 [ 47.76ms, 589.20ms] 273.52ms 178.52ms    2.19s         8 [  4.28ms,  93.32ms]  40.75ms  24.65ms 325.99ms
                     'lb_relax_lns':         4 [700.72ms, 730.13ms] 710.71ms  11.47ms    2.84s         4 [119.78ms, 402.54ms] 229.63ms 105.00ms 918.53ms
                   'lb_tree_search':         1 [744.23ms, 744.23ms] 744.23ms   0.00ns 744.23ms         1 [ 55.07ms,  55.07ms]  55.07ms   0.00ns  55.07ms
                               'ls':        16 [192.60us,  56.91ms]  44.01ms  19.36ms 704.21ms        15 [  6.30ms, 100.12ms]  85.77ms  29.74ms    1.29s
                               'ls':        16 [722.84us,  54.23ms]  44.53ms  15.61ms 712.42ms        16 [  1.04ms, 100.14ms]  84.92ms  32.07ms    1.36s
                               'ls':        17 [349.09us,  52.40ms]  41.00ms  18.84ms 696.99ms        17 [535.15us, 100.12ms]  81.04ms  37.50ms    1.38s
                               'ls':        17 [509.71us,  69.40ms]  41.15ms  26.87ms 699.55ms        16 [907.43us, 100.12ms]  71.79ms  42.11ms    1.15s
                               'ls':        18 [209.43us,  67.27ms]  38.88ms  24.06ms 699.91ms        17 [369.31us, 100.14ms]  76.71ms  39.01ms    1.30s
                               'ls':        18 [484.94us,  56.60ms]  39.13ms  22.13ms 704.33ms        17 [643.78us, 100.12ms]  76.11ms  38.19ms    1.29s
                               'ls':        18 [572.51us,  57.04ms]  39.35ms  22.36ms 708.28ms        18 [  1.02ms, 100.17ms]  72.75ms  40.80ms    1.31s
                               'ls':        20 [325.37us,  57.21ms]  35.53ms  21.61ms 710.66ms        20 [306.90us, 100.13ms]  71.86ms  43.15ms    1.44s
                               'ls':        20 [336.13us,  57.14ms]  34.99ms  19.65ms 699.75ms        20 [399.58us, 100.19ms]  75.56ms  38.96ms    1.51s
                               'ls':        20 [668.39us,  52.34ms]  35.38ms  19.17ms 707.51ms        20 [  1.34ms, 100.26ms]  70.61ms  37.62ms    1.41s
                               'ls':        21 [221.27us,  57.80ms]  33.29ms  23.76ms 699.10ms        21 [  9.65us, 100.09ms]  62.16ms  44.36ms    1.31s
                               'ls':        21 [387.25us,  56.37ms]  33.57ms  23.87ms 705.01ms        21 [708.99us, 100.19ms]  61.57ms  43.62ms    1.29s
                               'ls':        22 [959.08us,  53.37ms]  32.00ms  19.94ms 703.90ms        22 [  2.60ms, 100.22ms]  73.46ms  41.22ms    1.62s
                               'ls':        23 [103.88us,  59.64ms]  30.06ms  19.90ms 691.28ms        21 [321.24us, 100.10ms]  75.49ms  38.21ms    1.59s
                               'ls':        23 [150.20us,  55.75ms]  30.68ms  20.98ms 705.75ms        22 [387.29us, 100.14ms]  72.88ms  40.47ms    1.60s
                               'ls':        23 [282.21us,  56.96ms]  30.62ms  22.95ms 704.15ms        23 [226.68us, 100.10ms]  63.24ms  43.52ms    1.45s
                               'ls':        25 [118.66us,  53.59ms]  27.89ms  21.17ms 697.24ms        23 [659.55us, 100.12ms]  70.32ms  43.55ms    1.62s
                               'ls':        27 [264.14us,  59.07ms]  25.94ms  25.76ms 700.35ms        27 [371.33us, 100.13ms]  46.74ms  46.32ms    1.26s
                               'ls':        27 [347.50us,  54.91ms]  25.23ms  16.94ms 681.14ms        27 [514.73us, 100.18ms]  72.62ms  42.78ms    1.96s
                           'ls_lin':        17 [  2.86ms,  56.61ms]  41.75ms  20.98ms 709.76ms        17 [  4.53ms, 100.11ms]  75.54ms  38.67ms    1.28s
                           'ls_lin':        17 [548.35us,  60.96ms]  41.45ms  22.47ms 704.72ms        17 [677.86us, 100.13ms]  75.11ms  39.18ms    1.28s
                           'ls_lin':        22 [155.67us,  59.90ms]  32.12ms  26.90ms 706.68ms        22 [  6.12us, 100.15ms]  56.19ms  48.15ms    1.24s
                           'ls_lin':        24 [ 87.23us,  55.03ms]  29.10ms  15.27ms 698.51ms        23 [  5.03ms, 100.18ms]  88.82ms  29.32ms    2.04s
                           'ls_lin':        27 [560.75us,  32.07ms]  25.56ms   9.53ms 690.05ms        26 [  4.14ms, 100.22ms]  87.41ms  29.94ms    2.27s
                           'ls_lin':        28 [144.56us,  55.45ms]  25.22ms  13.41ms 706.29ms        27 [  2.81ms, 100.16ms]  78.66ms  36.69ms    2.12s
                           'ls_lin':        30 [131.54us,  59.21ms]  22.77ms  18.74ms 683.19ms        29 [237.75us, 100.16ms]  62.56ms  45.42ms    1.81s
                           'ls_lin':        30 [139.69us,  53.18ms]  22.72ms  14.78ms 681.47ms        29 [323.66us, 100.18ms]  74.67ms  41.31ms    2.17s
                           'ls_lin':        31 [109.03us,  30.16ms]  22.04ms  11.40ms 683.22ms        30 [287.90us, 100.15ms]  77.83ms  37.72ms    2.33s
                           'ls_lin':        32 [223.47us,  50.40ms]  21.72ms  13.60ms 694.90ms        32 [268.01us, 100.20ms]  69.14ms  43.06ms    2.21s
                           'max_lp':         1 [733.42ms, 733.42ms] 733.42ms   0.00ns 733.42ms         1 [112.88ms, 112.88ms] 112.88ms   0.00ns 112.88ms
                            'no_lp':         1 [744.21ms, 744.21ms] 744.21ms   0.00ns 744.21ms         1 [150.90ms, 150.90ms] 150.90ms   0.00ns 150.90ms
              'objective_lb_search':         1 [727.66ms, 727.66ms] 727.66ms   0.00ns 727.66ms         1 [218.89ms, 218.89ms] 218.89ms   0.00ns 218.89ms
       'objective_lb_search_max_lp':         1 [735.54ms, 735.54ms] 735.54ms   0.00ns 735.54ms         1 [ 58.92ms,  58.92ms]  58.92ms   0.00ns  58.92ms
        'objective_lb_search_no_lp':         1 [726.67ms, 726.67ms] 726.67ms   0.00ns 726.67ms         0 [  0.00ns,   0.00ns]   0.00ns   0.00ns   0.00ns
         'objective_shaving_max_lp':        62 [928.56us,  16.03ms]  10.82ms   4.15ms 671.07ms        57 [  2.89us, 158.12us] 107.77us  23.64us   6.14ms
          'objective_shaving_no_lp':        84 [799.86us,  14.25ms]   8.03ms   2.91ms 674.91ms        78 [ 43.43us, 104.23us]  98.50us  16.47us   7.68ms
                          'probing':         1 [737.91ms, 737.91ms] 737.91ms   0.00ns 737.91ms         1 [ 17.05ms,  17.05ms]  17.05ms   0.00ns  17.05ms
                   'probing_max_lp':         1 [745.37ms, 745.37ms] 745.37ms   0.00ns 745.37ms         1 [ 32.97ms,  32.97ms]  32.97ms   0.00ns  32.97ms
                    'probing_no_lp':         1 [730.99ms, 730.99ms] 730.99ms   0.00ns 730.99ms         1 [128.59ms, 128.59ms] 128.59ms   0.00ns 128.59ms
                     'pseudo_costs':         1 [739.08ms, 739.08ms] 739.08ms   0.00ns 739.08ms         1 [120.84ms, 120.84ms] 120.84ms   0.00ns 120.84ms
                    'quick_restart':         1 [739.15ms, 739.15ms] 739.15ms   0.00ns 739.15ms         1 [102.95ms, 102.95ms] 102.95ms   0.00ns 102.95ms
              'quick_restart_no_lp':         1 [728.28ms, 728.28ms] 728.28ms   0.00ns 728.28ms         1 [119.19ms, 119.19ms] 119.19ms   0.00ns 119.19ms
                    'reduced_costs':         1 [732.20ms, 732.20ms] 732.20ms   0.00ns 732.20ms         1 [ 85.31ms,  85.31ms]  85.31ms   0.00ns  85.31ms
                        'rins/rens':         8 [ 14.00ms, 686.01ms] 266.18ms 296.97ms    2.13s         8 [  1.09ms, 100.04ms]  28.65ms  35.38ms 229.19ms
                      'rnd_cst_lns':        11 [  3.72ms, 494.27ms] 189.07ms 189.28ms    2.08s        11 [133.44us, 100.02ms]  33.86ms  41.65ms 372.46ms
                      'rnd_var_lns':         8 [ 13.35ms, 687.48ms] 279.75ms 271.65ms    2.24s         8 [927.09us,  99.33ms]  37.54ms  36.37ms 300.34ms
         'scheduling_intervals_lns':         4 [700.40ms, 726.63ms] 709.89ms  10.03ms    2.84s         4 [ 55.61ms,  90.22ms]  69.21ms  13.07ms 276.84ms
       'scheduling_precedences_lns':         5 [279.93ms, 702.77ms] 536.93ms 162.10ms    2.68s         5 [ 32.93ms, 100.08ms]  72.57ms  25.32ms 362.87ms
  'scheduling_resource_windows_lns':         7 [121.16ms, 580.75ms] 332.63ms 136.76ms    2.33s         7 [ 12.96ms, 100.18ms]  79.06ms  33.98ms 553.42ms
       'scheduling_time_window_lns':         6 [213.31ms, 719.85ms] 429.43ms 159.04ms    2.58s         6 [ 23.60ms, 100.05ms]  73.94ms  30.09ms 443.66ms
                'variables_shaving':       131 [  7.58ms, 196.21ms]  28.71ms  34.10ms    3.76s       131 [265.53us,  17.80ms]   2.02ms   3.36ms 264.73ms
         'variables_shaving_max_lp':        31 [ 11.49ms, 515.86ms]  84.62ms 119.65ms    2.62s        30 [  7.01us,  85.09ms]  11.84ms  19.39ms 355.23ms
          'variables_shaving_no_lp':       130 [  6.02ms, 639.43ms]  42.02ms  77.24ms    5.46s       130 [251.73us,  52.82ms]   3.02ms   6.75ms 392.22ms

Search stats                        Bools  Conflicts  Branches  Restarts  BoolPropag  IntegerPropag
                           'core':  1'706        483    24'623     7'593   2'737'244        442'389
                     'default_lp':    817      1'335     5'965     1'123     121'148        680'962
                          'fixed':    869      1'857     4'517       501     172'645      1'441'957
                      'fs_random':      0          0         0         0           0              0
                      'fs_random':      0          0         0         0           0              0
                      'fs_random':      0          0         0         0           0              0
                      'fs_random':      0          0         0         0           0              0
                      'fs_random':      0          0         0         0           0              0
                      'fs_random':      0          0         0         0           0              0
                      'fs_random':      0          0         0         0           0              0
                      'fs_random':      0          0         0         0           0              0
                      'fs_random':      0          0         0         0           0              0
                      'fs_random':      0          0         0         0           0              0
                      'fs_random':      0          0         0         0           0              0
                      'fs_random':      0          0         0         0           0              2
                'fs_random_no_lp':      0          0         0         0           0              0
                'fs_random_no_lp':      0          0         0         0           0              0
                'fs_random_no_lp':      0          0         0         0           0              0
                'fs_random_no_lp':      0          0         0         0           0              0
                'fs_random_no_lp':      0          0         0         0           0              0
                'fs_random_no_lp':      0          0         0         0           0              0
                'fs_random_no_lp':      0          0         0         0           0              0
                'fs_random_no_lp':      0          0         0         0           0              0
                'fs_random_no_lp':      0          0         0         0           0              0
                'fs_random_no_lp':      0          0         0         0           0              0
                'fs_random_no_lp':      0          0         0         0           0              0
                'fs_random_no_lp':     40          0        40         0           0            660
                'fs_random_no_lp':     97          0        97         0           0          1'467
        'fs_random_quick_restart':      0          0         0         0           0              0
        'fs_random_quick_restart':      0          0         0         0           0              0
        'fs_random_quick_restart':      0          0         0         0           0              0
        'fs_random_quick_restart':      0          0         0         0           0              0
        'fs_random_quick_restart':      0          0         0         0           0              0
        'fs_random_quick_restart':      0          0         0         0           0              0
        'fs_random_quick_restart':      0          0         0         0           0              0
        'fs_random_quick_restart':      0          0         0         0           0              0
        'fs_random_quick_restart':      0          0         0         0           0              0
        'fs_random_quick_restart':      0          0         0         0           0              0
        'fs_random_quick_restart':      0          0         0         0           0              2
        'fs_random_quick_restart':      6          0         6         0           0            109
  'fs_random_quick_restart_no_lp':      0          0         0         0           0              0
  'fs_random_quick_restart_no_lp':      0          0         0         0           0              0
  'fs_random_quick_restart_no_lp':      0          0         0         0           0              0
  'fs_random_quick_restart_no_lp':      0          0         0         0           0              0
  'fs_random_quick_restart_no_lp':      0          0         0         0           0              0
  'fs_random_quick_restart_no_lp':      0          0         0         0           0              0
  'fs_random_quick_restart_no_lp':      0          0         0         0           0              0
  'fs_random_quick_restart_no_lp':      0          0         0         0           0              0
  'fs_random_quick_restart_no_lp':      0          0         0         0           0              0
  'fs_random_quick_restart_no_lp':      0          0         0         0           0              0
  'fs_random_quick_restart_no_lp':     48          0        48         0           0            872
  'fs_random_quick_restart_no_lp':     61          0        61         0           0            968
                 'lb_tree_search':  1'923         72     8'481     5'854      31'176         82'604
                         'max_lp':    478        363     8'013     1'134      18'569        396'352
                          'no_lp':    876      2'762     4'918       501     407'947        874'082
            'objective_lb_search':    371      2'321     5'457       395     163'272      1'725'960
     'objective_lb_search_max_lp':  1'945        109     7'323     5'798      50'056        101'383
      'objective_lb_search_no_lp':    626      1'468     5'486       715     112'367        928'932
                        'probing':  2'325         24     4'626     4'626      39'193         71'602
                 'probing_max_lp':  1'965         21     3'909     3'909       2'768         31'413
                  'probing_no_lp':  2'672        849    11'484     6'965     294'045        582'472
                   'pseudo_costs':    600        298     6'748     1'400      24'690        265'053
                  'quick_restart':  1'217        653    11'765     1'461      83'983        779'863
            'quick_restart_no_lp':  1'298        880    14'252     1'523     130'777        899'828
                  'reduced_costs':  2'050        148     7'963     5'780      49'392        158'649

SAT stats                           ClassicMinim  LitRemoved  LitLearned  LitForgotten  Subsumed  MClauses  MDecisions  MLitTrue  MSubsumed  MLitRemoved  MReused
                           'core':            61          64       2'493             0         0     6'878      12'850         0         81          243      859
                     'default_lp':         1'170       4'162      26'446             0         9         0           0         0          0            0        0
                          'fixed':         1'552       3'457      19'230             0        11         0           0         0          0            0        0
                      'fs_random':             0           0           0             0         0         0           0         0          0            0        0
                      'fs_random':             0           0           0             0         0         0           0         0          0            0        0
                      'fs_random':             0           0           0             0         0         0           0         0          0            0        0
                      'fs_random':             0           0           0             0         0         0           0         0          0            0        0
                      'fs_random':             0           0           0             0         0         0           0         0          0            0        0
                      'fs_random':             0           0           0             0         0         0           0         0          0            0        0
                      'fs_random':             0           0           0             0         0         0           0         0          0            0        0
                      'fs_random':             0           0           0             0         0         0           0         0          0            0        0
                      'fs_random':             0           0           0             0         0         0           0         0          0            0        0
                      'fs_random':             0           0           0             0         0         0           0         0          0            0        0
                      'fs_random':             0           0           0             0         0         0           0         0          0            0        0
                      'fs_random':             0           0           0             0         0         0           0         0          0            0        0
                'fs_random_no_lp':             0           0           0             0         0         0           0         0          0            0        0
                'fs_random_no_lp':             0           0           0             0         0         0           0         0          0            0        0
                'fs_random_no_lp':             0           0           0             0         0         0           0         0          0            0        0
                'fs_random_no_lp':             0           0           0             0         0         0           0         0          0            0        0
                'fs_random_no_lp':             0           0           0             0         0         0           0         0          0            0        0
                'fs_random_no_lp':             0           0           0             0         0         0           0         0          0            0        0
                'fs_random_no_lp':             0           0           0             0         0         0           0         0          0            0        0
                'fs_random_no_lp':             0           0           0             0         0         0           0         0          0            0        0
                'fs_random_no_lp':             0           0           0             0         0         0           0         0          0            0        0
                'fs_random_no_lp':             0           0           0             0         0         0           0         0          0            0        0
                'fs_random_no_lp':             0           0           0             0         0         0           0         0          0            0        0
                'fs_random_no_lp':             0           0           0             0         0         0           0         0          0            0        0
                'fs_random_no_lp':             0           0           0             0         0         0           0         0          0            0        0
        'fs_random_quick_restart':             0           0           0             0         0         0           0         0          0            0        0
        'fs_random_quick_restart':             0           0           0             0         0         0           0         0          0            0        0
        'fs_random_quick_restart':             0           0           0             0         0         0           0         0          0            0        0
        'fs_random_quick_restart':             0           0           0             0         0         0           0         0          0            0        0
        'fs_random_quick_restart':             0           0           0             0         0         0           0         0          0            0        0
        'fs_random_quick_restart':             0           0           0             0         0         0           0         0          0            0        0
        'fs_random_quick_restart':             0           0           0             0         0         0           0         0          0            0        0
        'fs_random_quick_restart':             0           0           0             0         0         0           0         0          0            0        0
        'fs_random_quick_restart':             0           0           0             0         0         0           0         0          0            0        0
        'fs_random_quick_restart':             0           0           0             0         0         0           0         0          0            0        0
        'fs_random_quick_restart':             0           0           0             0         0         0           0         0          0            0        0
        'fs_random_quick_restart':             0           0           0             0         0         0           0         0          0            0        0
  'fs_random_quick_restart_no_lp':             0           0           0             0         0         0           0         0          0            0        0
  'fs_random_quick_restart_no_lp':             0           0           0             0         0         0           0         0          0            0        0
  'fs_random_quick_restart_no_lp':             0           0           0             0         0         0           0         0          0            0        0
  'fs_random_quick_restart_no_lp':             0           0           0             0         0         0           0         0          0            0        0
  'fs_random_quick_restart_no_lp':             0           0           0             0         0         0           0         0          0            0        0
  'fs_random_quick_restart_no_lp':             0           0           0             0         0         0           0         0          0            0        0
  'fs_random_quick_restart_no_lp':             0           0           0             0         0         0           0         0          0            0        0
  'fs_random_quick_restart_no_lp':             0           0           0             0         0         0           0         0          0            0        0
  'fs_random_quick_restart_no_lp':             0           0           0             0         0         0           0         0          0            0        0
  'fs_random_quick_restart_no_lp':             0           0           0             0         0         0           0         0          0            0        0
  'fs_random_quick_restart_no_lp':             0           0           0             0         0         0           0         0          0            0        0
  'fs_random_quick_restart_no_lp':             0           0           0             0         0         0           0         0          0            0        0
                 'lb_tree_search':             0           0         156             0         0         0           0         0          0            0        0
                         'max_lp':           300         764       5'436             0        28       255         393         0         10           52      311
                          'no_lp':         2'595      14'989      51'751             0         6         0           0         0          0            0        0
            'objective_lb_search':         1'806       5'906      14'462             0        47       351       1'287         0        144        1'004      179
     'objective_lb_search_max_lp':             5           9         160             0         4         0           0         0          0            0        0
      'objective_lb_search_no_lp':         1'353       6'193       8'410             0         4        39           8         0          0            0       70
                        'probing':             0           0          24             0         0         0           0         0          0            0        0
                 'probing_max_lp':             0           0          21             0         0         0           0         0          0            0        0
                  'probing_no_lp':           445       1'288       4'021             0        69         0           0         0          0            0        0
                   'pseudo_costs':           291       1'195       5'627             0         0         0           0         0          0            0        0
                  'quick_restart':           467       2'116       8'122             0        22       137         339         3         67          308       46
            'quick_restart_no_lp':           722       2'345      10'074             0        15       296         581         0         72          327      261
                  'reduced_costs':            39          91         629             0         0         0           0         0          0            0        0

Lp stats                         Component  Iterations  AddedCuts  OPTIMAL  DUAL_F.  DUAL_U.
                  'default_lp':         27         115          0   21'181        0        0
                       'fixed':         27         183          0    6'468        0        0
                   'fs_random':         27          25          0       61        0        0
                   'fs_random':         27          26          0      109        0        0
     'fs_random_quick_restart':         27          26          0       91        0        0
     'fs_random_quick_restart':         27          27          0      173        0        0
              'lb_tree_search':          1         964        425      264        5        0
                      'max_lp':          1       2'495        829    1'015       27        0
         'objective_lb_search':         27         310          0   21'220        0        0
  'objective_lb_search_max_lp':          1       1'159        683      196       13        0
                     'probing':         27         552          0   89'324        0        0
              'probing_max_lp':          1         486        292      183        1        0
                'pseudo_costs':          1       4'188      1'125    1'221       58        0
               'quick_restart':         27       1'044          0   25'087        0        0
               'reduced_costs':          1       1'810        794      578       33        0

Lp dimension                      Final dimension of first component
                  'default_lp':         1 rows, 9 columns, 2 entries
                       'fixed':         1 rows, 9 columns, 2 entries
                   'fs_random':         2 rows, 9 columns, 4 entries
                   'fs_random':         2 rows, 9 columns, 4 entries
     'fs_random_quick_restart':         2 rows, 9 columns, 4 entries
     'fs_random_quick_restart':         2 rows, 9 columns, 4 entries
              'lb_tree_search':  254 rows, 258 columns, 1021 entries
                      'max_lp':  346 rows, 258 columns, 1323 entries
         'objective_lb_search':         1 rows, 9 columns, 2 entries
  'objective_lb_search_max_lp':  458 rows, 258 columns, 2186 entries
                     'probing':         1 rows, 9 columns, 2 entries
              'probing_max_lp':   194 rows, 258 columns, 530 entries
                'pseudo_costs':  337 rows, 258 columns, 1219 entries
               'quick_restart':         1 rows, 9 columns, 2 entries
               'reduced_costs':   177 rows, 258 columns, 444 entries

Lp debug                         CutPropag  CutEqPropag  Adjust  Overflow     Bad  BadScaling
                  'default_lp':          0            0       0         0       0           0
                       'fixed':          0            0       0         0       0           0
                   'fs_random':          0            0       0         0       0           0
                   'fs_random':          0            0       0         0       0           0
     'fs_random_quick_restart':          0            0       0         0       0           0
     'fs_random_quick_restart':          0            0       0         0       0           0
              'lb_tree_search':          0            3     265         0  17'410           0
                      'max_lp':          0           10     313         0  11'444           0
         'objective_lb_search':          0            0     610         0       0           0
  'objective_lb_search_max_lp':          0            0     188         0  15'276           0
                     'probing':          0            0       0         0       0           0
              'probing_max_lp':          0            0     180         0  84'286           0
                'pseudo_costs':          0            0   1'076         0  10'939           0
               'quick_restart':          0            0       0         0       0           0
               'reduced_costs':          0            0     207         0  10'257           0

Lp pool                          Constraints  Updates  Simplif  Merged  Shortened  Split  Strenghtened    Cuts/Call
                  'default_lp':          247        0        7       0          0      0             0          0/0
                       'fixed':          247        0        0       0          0      0             0          0/0
                   'fs_random':          247        0        0       0          0      0             0          0/0
                   'fs_random':          247        0        0       0          0      0             0          0/0
     'fs_random_quick_restart':          247        0        0       0          0      0             0          0/0
     'fs_random_quick_restart':          247        0        0       0          0      0             0          0/0
              'lb_tree_search':          668    2'353      280       4          0      0             2    425/1'804
                      'max_lp':          989    1'729      478      87          0      0             1    829/4'877
         'objective_lb_search':          247        0      101       0          0      0             0          0/0
  'objective_lb_search_max_lp':          878    2'464      601      52          0      9            19    683/1'633
                     'probing':          247        0       26       0          0      0             0          0/0
              'probing_max_lp':          539      280       14       0          0      0             0    292/1'605
                'pseudo_costs':        1'205    2'192      152     167          0      0             4  1'125/6'136
               'quick_restart':          247        0      292       0          0      0             3          0/0
               'reduced_costs':          964    1'136       61      77          0      0             0    794/3'495

Lp Cut                                                max_lp  reduced_costs  objective_lb_search_max_lp  pseudo_costs  lb_tree_search  probing_max_lp
                                              CG_FF:       1              -                           -             -               1               -
                                               CG_K:      10              3                           4             3               2               -
                                               CG_R:      12             18                          14            16               6               3
                                            MIR_1_K:       3             12                           6             5               3               -
                                            MIR_1_R:       6             15                          17            19               2               1
                                           MIR_2_FF:       -              -                           -             2               -               -
                                            MIR_2_K:       3              -                           3             4               2               -
                                            MIR_2_R:       3              1                           -             1               -               -
                                            MIR_3_K:       4              -                           1             -               1               -
                                            MIR_3_R:       2              -                           -             -               -               -
                                            MIR_4_K:       -              1                           -             -               -               -
                                            MIR_4_R:       1              -                           -             -               -               -
                                            MIR_5_K:       -              -                           -             -               1               -
                                            MIR_5_R:       -              -                           -             -               -               1
                  NoOverlapCompletionTimeExhaustive:      37             20                          29            45              23               8
           NoOverlapCompletionTimeExhaustive_lifted:      23             38                          25            36               8               7
  NoOverlapCompletionTimeExhaustive_lifted_weighted:     104             93                          90           160              46              42
         NoOverlapCompletionTimeExhaustive_weighted:      97             52                          36            75              34              20
                    NoOverlapCompletionTimeQueyrane:     125            112                          98           172              79              54
             NoOverlapCompletionTimeQueyrane_lifted:     183            229                         167           290              98              77
                        NoOverlapDetectedPrecedence:       2              -                           7             1               5               -
                          NoOverlapDisjunctionOnEnd:       7              -                           -             3               -               -
                        NoOverlapDisjunctionOnStart:     196            185                         168           280              93              78
                                        ZERO_HALF_R:      10             15                          18            13              21               1

LNS stats                             Improv/Calls  Closed  Difficulty  TimeLimit
                    'graph_arc_lns':           8/9     56%    8.01e-01       0.10
                    'graph_cst_lns':           8/9     67%    8.95e-01       0.10
                    'graph_dec_lns':           6/9     67%    8.95e-01       0.10
                    'graph_var_lns':           7/8     62%    8.49e-01       0.10
                     'lb_relax_lns':           4/4      0%    8.55e-02       0.50
                        'rins/rens':           6/8     50%    7.00e-01       0.10
                      'rnd_cst_lns':          9/11     55%    8.08e-01       0.10
                      'rnd_var_lns':           7/8     62%    8.49e-01       0.10
         'scheduling_intervals_lns':           3/4      0%    8.55e-02       0.10
       'scheduling_precedences_lns':           5/5      0%    6.07e-02       0.10
  'scheduling_resource_windows_lns':           6/7      0%    3.26e-02       0.10
       'scheduling_time_window_lns':           6/6      0%    4.41e-02       0.10

LS stats                                    Batches  Restarts/Perturbs  LinMoves  GenMoves  CompoundMoves  Bactracks  WeightUpdates  ScoreComputed
                       'ls_decay_perturb':       14                 12       106    18'644          1'443      3'950          1'192      3'563'221
                         'ls_lin_restart':       28                 26       188    20'575              0          0          6'569      5'738'364
                'ls_lin_restart_compound':       28                 28         0    22'432          3'440      9'481            144      4'203'125
        'ls_lin_restart_compound_perturb':       40                 38         0    53'773          7'368     23'161            363      9'497'390
                   'ls_lin_restart_decay':       33                 32       215    36'847              0          0          2'669      6'754'060
          'ls_lin_restart_decay_compound':       25                 25         0    23'147          3'255      9'928            161      3'935'240
  'ls_lin_restart_decay_compound_perturb':       35                 31         0    36'446          5'046     15'670            256      6'365'876
           'ls_lin_restart_decay_perturb':       36                 36       239    42'958              0          0          2'958      7'671'749
                 'ls_lin_restart_perturb':       33                 32       257    28'092              0          0         10'186      7'889'829
                             'ls_restart':       46                 46       294    34'371              0          0         10'994      9'238'889
                    'ls_restart_compound':       48                 48         0    55'306          7'558     23'829            395      9'650'825
            'ls_restart_compound_perturb':       53                 52         0    56'401          8'092     24'111            394     10'000'886
                       'ls_restart_decay':       49                 46       386    59'037              0          0          4'461     10'463'633
              'ls_restart_decay_compound':       45                 45         0    36'584          6'072     15'224            208      6'548'465
      'ls_restart_decay_compound_perturb':       44                 44         0    38'297          6'155     16'029            237      6'935'189
               'ls_restart_decay_perturb':       49                 48       364    55'352              0          0          3'981      9'653'344
                     'ls_restart_perturb':       44                 43       361    33'731              0          0         11'087      9'295'392

Solutions (131)                             Num       Rank
                                  'fixed':    2      [2,4]
                          'graph_arc_lns':    2    [41,47]
                          'graph_cst_lns':    3    [6,107]
                          'graph_dec_lns':    2    [74,75]
                         'ls_lin_restart':    4   [40,131]
                'ls_lin_restart_compound':   10    [15,93]
        'ls_lin_restart_compound_perturb':    5   [31,121]
                   'ls_lin_restart_decay':    3   [80,117]
          'ls_lin_restart_decay_compound':    4   [22,122]
  'ls_lin_restart_decay_compound_perturb':    4    [34,96]
           'ls_lin_restart_decay_perturb':    4  [120,125]
                 'ls_lin_restart_perturb':    2   [54,130]
                             'ls_restart':    4    [39,92]
                    'ls_restart_compound':    7    [9,129]
            'ls_restart_compound_perturb':    3   [11,108]
                       'ls_restart_decay':    5   [12,110]
              'ls_restart_decay_compound':   15   [13,109]
      'ls_restart_decay_compound_perturb':   14     [8,82]
               'ls_restart_decay_perturb':    7   [10,103]
                     'ls_restart_perturb':    3   [26,112]
                                  'no_lp':    1      [1,1]
                          'probing_no_lp':    1  [128,128]
                          'quick_restart':   11   [67,127]
                    'quick_restart_no_lp':   13    [3,114]
                            'rnd_cst_lns':    2     [5,57]

Objective bounds                 Num
                   'bool_core':   30
                  'default_lp':    1
              'initial_domain':    1
                      'max_lp':    3
         'objective_lb_search':    3
  'objective_lb_search_max_lp':   17
    'objective_shaving_max_lp':    1
               'probing_no_lp':    1
               'quick_restart':    1

Solution repositories    Added  Queried  Synchro
  'feasible solutions':    496      815      307
   'fj solution hints':      0        0        0
        'lp solutions':     26        1       25
                'pump':    129        7

Improving bounds shared            Num  Sym
                        'core':      1    0
                  'default_lp':    236    0
                       'fixed':    309    0
              'lb_tree_search':    232    0
                      'max_lp':    888    0
                       'no_lp':     38    0
         'objective_lb_search':    898    0
  'objective_lb_search_max_lp':  2'533    0
   'objective_lb_search_no_lp':     45    0
                     'probing':     56    0
              'probing_max_lp':      3    0
               'probing_no_lp':    889    0
                'pseudo_costs':  1'497    0
               'quick_restart':  1'095    0
         'quick_restart_no_lp':    331    0
               'reduced_costs':    237    0

CpSolverResponse summary:
status: OPTIMAL
objective: 27242
best_bound: 27115
integers: 259
booleans: 97
conflicts: 0
branches: 97
propagations: 0
integer_propagations: 1467
restarts: 0
lp_iterations: 0
walltime: 0.768165
usertime: 0.768166
deterministic_time: 54.064
gap_integral: 382.741
solution_fingerprint: 0x3eebbddc71ce12c2

