
Starting CP-SAT solver v9.14.6206
Parameters: max_time_in_seconds: 300 log_search_progress: true num_search_workers: 104 relative_gap_limit: 0.005

Initial optimization model '': (model_fingerprint: 0xbda69000ff7c777b)
#Variables: 510 (#ints: 86 in objective) (424 primary variables)
  - 86 in [0,30858]
  - 64 in [15840,30858]
  - 360 in [17280,30858]
#kInterval: 216 (#fixed: 4)
#kLinMax: 86 (#expressions: 172)
#kLinear1: 27
#kLinear2: 185
#kNoOverlap: 10 (#intervals: 216, #fixed_intervals: 4)

Starting presolve at 0.00s
  8.21e-05s  0.00e+00d  [DetectDominanceRelations] 
  2.03e-03s  0.00e+00d  [PresolveToFixPoint] #num_loops=10 #num_dual_strengthening=1 
  2.56e-06s  0.00e+00d  [ExtractEncodingFromLinear] 
  1.52e-05s  0.00e+00d  [DetectDuplicateColumns] 
  7.57e-05s  0.00e+00d  [DetectDuplicateConstraints] 
[Symmetry] Graph for symmetry has 1'250 nodes and 1'217 arcs.
[Symmetry] Symmetry computation done. time: 0.000100982 dtime: 0.00012022
  7.49e-05s  0.00e+00d  [DetectDuplicateConstraintsWithDifferentEnforcements] 
  6.28e-04s  5.06e-06d  [Probe] #new_bounds=18 
  2.72e-06s  0.00e+00d  [MaxClique] 
  7.12e-05s  0.00e+00d  [DetectDominanceRelations] 
  5.70e-04s  0.00e+00d  [PresolveToFixPoint] #num_loops=3 #num_dual_strengthening=2 
  3.00e-05s  0.00e+00d  [ProcessAtMostOneAndLinear] 
  6.54e-05s  0.00e+00d  [DetectDuplicateConstraints] 
  6.10e-05s  0.00e+00d  [DetectDuplicateConstraintsWithDifferentEnforcements] 
  3.02e-05s  1.41e-06d  [DetectDominatedLinearConstraints] #relevant_constraints=235 
  3.21e-05s  0.00e+00d  [DetectDifferentVariables] 
  2.49e-06s  0.00e+00d  [ProcessSetPPC] 
  2.61e-06s  0.00e+00d  [FindAlmostIdenticalLinearConstraints] 
  1.14e-05s  0.00e+00d  [FindBigAtMostOneAndLinearOverlap] 
  1.99e-05s  8.69e-06d  [FindBigVerticalLinearOverlap] 
  1.93e-06s  0.00e+00d  [FindBigHorizontalLinearOverlap] 
  1.67e-06s  0.00e+00d  [MergeClauses] 
  6.75e-05s  0.00e+00d  [DetectDominanceRelations] 
  3.80e-04s  0.00e+00d  [PresolveToFixPoint] #num_loops=1 #num_dual_strengthening=1 
  6.48e-05s  0.00e+00d  [DetectDominanceRelations] 
  3.77e-04s  0.00e+00d  [PresolveToFixPoint] #num_loops=1 #num_dual_strengthening=1 
  1.11e-05s  0.00e+00d  [DetectDuplicateColumns] 
  6.23e-05s  0.00e+00d  [DetectDuplicateConstraints] 
[Symmetry] Graph for symmetry has 1'232 nodes and 1'193 arcs.
[Symmetry] Symmetry computation done. time: 7.4553e-05 dtime: 0.00011802
  6.57e-05s  0.00e+00d  [DetectDuplicateConstraintsWithDifferentEnforcements] 
  4.78e-04s  2.36e-06d  [Probe] 
  1.73e-06s  0.00e+00d  [MaxClique] 
  6.90e-05s  0.00e+00d  [DetectDominanceRelations] 
  3.95e-04s  0.00e+00d  [PresolveToFixPoint] #num_loops=1 #num_dual_strengthening=1 
  2.84e-05s  0.00e+00d  [ProcessAtMostOneAndLinear] 
  6.23e-05s  0.00e+00d  [DetectDuplicateConstraints] 
  6.17e-05s  0.00e+00d  [DetectDuplicateConstraintsWithDifferentEnforcements] 
  2.78e-05s  1.41e-06d  [DetectDominatedLinearConstraints] #relevant_constraints=235 
  2.92e-05s  0.00e+00d  [DetectDifferentVariables] 
  2.25e-06s  0.00e+00d  [ProcessSetPPC] 
  2.47e-06s  0.00e+00d  [FindAlmostIdenticalLinearConstraints] 
  1.09e-05s  0.00e+00d  [FindBigAtMostOneAndLinearOverlap] 
  1.86e-05s  8.69e-06d  [FindBigVerticalLinearOverlap] 
  1.87e-06s  0.00e+00d  [FindBigHorizontalLinearOverlap] 
  1.47e-06s  0.00e+00d  [MergeClauses] 
  6.64e-05s  0.00e+00d  [DetectDominanceRelations] 
  3.82e-04s  0.00e+00d  [PresolveToFixPoint] #num_loops=1 #num_dual_strengthening=1 
  1.66e-05s  0.00e+00d  [ExpandObjective] 

Presolve summary:
  - 229 affine relations were detected.
  - rule 'TODO dual: only one blocking constraint?' was applied 632 times.
  - rule 'TODO dual: only one unspecified blocking constraint?' was applied 350 times.
  - rule 'affine: new relation' was applied 229 times.
  - rule 'dual: reduced domain' was applied 4 times.
  - rule 'intervals: removed unused interval' was applied 4 times.
  - rule 'lin_max: converted abs to equality' was applied 15 times.
  - rule 'lin_max: converted to equality' was applied 4 times.
  - rule 'lin_max: propagate domain from x to abs(x)' was applied 47 times.
  - rule 'lin_max: removed exprs' was applied 4 times.
  - rule 'lin_max: rewrite with precedences' was applied 50 times.
  - rule 'lin_max: target domain reduced' was applied 54 times.
  - rule 'linear1: x in domain' was applied 25 times.
  - rule 'linear: always true' was applied 54 times.
  - rule 'linear: fixed or dup variables' was applied 2 times.
  - rule 'linear: reduced variable domains' was applied 1'093 times.
  - rule 'linear: remapped using affine relations' was applied 485 times.
  - rule 'no_overlap: split into disjoint components' was applied 4 times.
  - rule 'objective: variable not used elsewhere' was applied 2 times.
  - rule 'presolve: 2 unused variables removed.' was applied 1 time.
  - rule 'presolve: iteration' was applied 2 times.

Presolved optimization model '': (model_fingerprint: 0x79df740155565f3f)
#Variables: 279 (#ints: 82 in objective) (212 primary variables)
  - 248 different domains in [0,30837] with a largest complexity of 1.
#kInterval: 212
#kLinMax: 17 (#expressions: 34)
#kLinear2: 235
#kNoOverlap: 10 (#intervals: 212)
[Symmetry] Graph for symmetry has 1'001 nodes and 1'193 arcs.
[Symmetry] Symmetry computation done. time: 6.544e-05 dtime: 0.00010416

Preloading model.
#Bound   0.01s best:inf   next:[2119,2691695] initial_domain
#Model   0.01s var:279/279 constraints:474/474

Starting search at 0.01s with 104 workers.
18 full problem subsolvers: [core, default_lp, fixed, lb_tree_search, max_lp, no_lp, objective_lb_search, objective_lb_search_max_lp, objective_lb_search_no_lp, objective_shaving_max_lp, objective_shaving_no_lp, probing, probing_max_lp, probing_no_lp, pseudo_costs, quick_restart, quick_restart_no_lp, reduced_costs]
86 first solution subsolvers: [fj(25), fj_lin(12), fs_random(12), fs_random_no_lp(13), fs_random_quick_restart(12), fs_random_quick_restart_no_lp(12)]
45 interleaved subsolvers: [feasibility_pump, graph_arc_lns, graph_cst_lns, graph_dec_lns, graph_var_lns, lb_relax_lns, ls(19), ls_lin(10), rins/rens, rnd_cst_lns, rnd_var_lns, scheduling_intervals_lns, scheduling_precedences_lns, scheduling_resource_windows_lns, scheduling_time_window_lns, variables_shaving, variables_shaving_max_lp, variables_shaving_no_lp]
3 helper subsolvers: [neighborhood_helper, synchronization_agent, update_gap_integral]

#1       0.02s best:30305 next:[2119,30304] no_lp
#2       0.02s best:27393 next:[2119,27392] default_lp
#3       0.02s best:6994  next:[2119,6993] core
#Bound   0.03s best:6994  next:[2658,6993] max_lp
#4       0.03s best:6438  next:[2658,6437] ls_restart_decay(batch:1 lin{mvs:4 evals:37} gen{mvs:10 evals:63} #w_updates:3 #perturb:0)
#5       0.03s best:6050  next:[2658,6049] ls_restart_compound(batch:1 lin{mvs:0 evals:2} gen{mvs:3 evals:18} comp{mvs:3 btracks:0} #w_updates:0 #perturb:0)
#6       0.03s best:6046  next:[2658,6045] ls_restart_decay(batch:1 lin{mvs:3 evals:29} gen{mvs:13 evals:79} #w_updates:3 #perturb:0)
#7       0.03s best:6042  next:[2658,6041] ls_restart_perturb(batch:1 lin{mvs:5 evals:35} gen{mvs:5 evals:37} #w_updates:1 #perturb:0)
#8       0.03s best:6038  next:[2658,6037] ls_restart_perturb(batch:1 lin{mvs:5 evals:35} gen{mvs:5 evals:37} #w_updates:1 #perturb:0) [combined with: ls_restart_decay(bat...]
#9       0.03s best:6034  next:[2658,6033] ls_restart_decay_compound_perturb(batch:1 lin{mvs:0 evals:8} gen{mvs:12 evals:52} comp{mvs:6 btracks:3} #w_updates:0 #perturb:0) [combined with: ls_restart_perturb(b...]
#10      0.03s best:6026  next:[2658,6025] ls_restart(batch:1 lin{mvs:5 evals:30} gen{mvs:5 evals:34} #w_updates:1 #perturb:0)
#11      0.03s best:6018  next:[2658,6017] ls_lin_restart_perturb(batch:1 lin{mvs:5 evals:31} gen{mvs:7 evals:47} #w_updates:1 #perturb:0)
#12      0.03s best:6014  next:[2658,6013] ls_lin_restart_decay(batch:1 lin{mvs:3 evals:32} gen{mvs:23 evals:129} #w_updates:7 #perturb:0) [combined with: ls_lin_restart_pertu...]
#13      0.03s best:6010  next:[2658,6009] ls_lin_restart_decay_perturb(batch:1 lin{mvs:3 evals:25} gen{mvs:7 evals:36} #w_updates:1 #perturb:0)
#Bound   0.03s best:6010  next:[3200,6009] max_lp
#14      0.03s best:6006  next:[3200,6005] ls_restart_decay_compound_perturb(batch:1 lin{mvs:0 evals:52} gen{mvs:98 evals:400} comp{mvs:16 btracks:41} #w_updates:1 #perturb:0)
#15      0.03s best:6002  next:[3200,6001] ls_restart_compound_perturb(batch:1 lin{mvs:0 evals:1} gen{mvs:2 evals:11} comp{mvs:2 btracks:0} #w_updates:0 #perturb:0)
#16      0.03s best:5998  next:[3200,5997] ls_restart_decay(batch:1 lin{mvs:4 evals:28} gen{mvs:5 evals:37} #w_updates:1 #perturb:0)
#17      0.03s best:5994  next:[3200,5993] ls_restart_decay_compound_perturb(batch:1 lin{mvs:0 evals:8} gen{mvs:8 evals:45} comp{mvs:6 btracks:1} #w_updates:0 #perturb:0)
#18      0.03s best:5990  next:[3200,5989] ls_restart_perturb(batch:1 lin{mvs:4 evals:32} gen{mvs:7 evals:41} #w_updates:1 #perturb:0)
#19      0.04s best:5986  next:[3200,5985] ls_lin_restart(batch:1 lin{mvs:3 evals:29} gen{mvs:9 evals:50} #w_updates:2 #perturb:0)
#20      0.04s best:5982  next:[3200,5981] ls_lin_restart_decay_compound(batch:1 lin{mvs:0 evals:1} gen{mvs:2 evals:12} comp{mvs:2 btracks:0} #w_updates:0 #perturb:0)
#21      0.04s best:5978  next:[3200,5977] ls_restart_decay(batch:1 lin{mvs:4 evals:28} gen{mvs:4 evals:24} #w_updates:1 #perturb:0)
#22      0.04s best:5974  next:[3200,5973] ls_restart_compound_perturb(batch:1 lin{mvs:0 evals:4} gen{mvs:6 evals:30} comp{mvs:4 btracks:1} #w_updates:0 #perturb:0)
#23      0.04s best:5970  next:[3200,5969] ls_restart(batch:1 lin{mvs:5 evals:31} gen{mvs:4 evals:31} #w_updates:1 #perturb:0)
#24      0.04s best:5966  next:[3200,5965] ls_restart(batch:1 lin{mvs:5 evals:31} gen{mvs:4 evals:31} #w_updates:1 #perturb:0) [combined with: ls_restart_compound_...]
#25      0.04s best:5962  next:[3200,5961] ls_restart_decay_compound(batch:1 lin{mvs:0 evals:6} gen{mvs:10 evals:40} comp{mvs:6 btracks:2} #w_updates:0 #perturb:0) [combined with: ls_restart(batch:1 l...]
#26      0.04s best:5958  next:[3200,5957] ls_restart_decay_perturb(batch:1 lin{mvs:3 evals:34} gen{mvs:19 evals:115} #w_updates:8 #perturb:0)
#27      0.04s best:5954  next:[3200,5953] ls_restart(batch:1 lin{mvs:4 evals:33} gen{mvs:8 evals:51} #w_updates:1 #perturb:0)
#Bound   0.04s best:5954  next:[3203,5953] max_lp
#28      0.04s best:5950  next:[3203,5949] ls_lin_restart_decay(batch:1 lin{mvs:3 evals:33} gen{mvs:19 evals:116} #w_updates:8 #perturb:0)
#29      0.04s best:5946  next:[3203,5945] ls_lin_restart_decay(batch:1 lin{mvs:5 evals:33} gen{mvs:9 evals:57} #w_updates:3 #perturb:0)
#30      0.04s best:5942  next:[3203,5941] ls_restart_decay_perturb(batch:1 lin{mvs:5 evals:38} gen{mvs:15 evals:87} #w_updates:6 #perturb:0)
#31      0.04s best:5938  next:[3203,5937] ls_restart(batch:1 lin{mvs:3 evals:37} gen{mvs:21 evals:127} #w_updates:12 #perturb:0)
#32      0.04s best:5934  next:[3203,5933] ls_restart_compound(batch:1 lin{mvs:0 evals:13} gen{mvs:24 evals:84} comp{mvs:8 btracks:8} #w_updates:0 #perturb:0)
#33      0.04s best:5802  next:[3203,5801] graph_cst_lns (d=5.00e-01 s=42 t=0.10 p=0.00 stall=0 h=base) [combined with: ls_restart_compound(...]
#34      0.04s best:5798  next:[3203,5797] ls_lin_restart_perturb(batch:1 lin{mvs:4 evals:37} gen{mvs:12 evals:78} #w_updates:3 #perturb:0) [combined with: graph_cst_lns (d=5.0...]
#35      0.04s best:5794  next:[3203,5793] ls_lin_restart_decay_perturb(batch:1 lin{mvs:5 evals:39} gen{mvs:11 evals:69} #w_updates:4 #perturb:0)
#36      0.05s best:5786  next:[3203,5785] ls_restart(batch:1 lin{mvs:5 evals:32} gen{mvs:4 evals:30} #w_updates:1 #perturb:0)
#37      0.05s best:5782  next:[3203,5781] ls_restart_decay_perturb(batch:1 lin{mvs:3 evals:100} gen{mvs:110 evals:664} #w_updates:62 #perturb:0)
#38      0.05s best:5774  next:[3203,5773] ls_lin_restart_perturb(batch:1 lin{mvs:5 evals:31} gen{mvs:4 evals:32} #w_updates:1 #perturb:0)
#39      0.05s best:5773  next:[3203,5772] ls_lin_restart_decay_perturb(batch:1 lin{mvs:3 evals:147} gen{mvs:169 evals:1'011} #w_updates:97 #perturb:0) [combined with: ls_lin_restart_pertu...]
#40      0.05s best:5770  next:[3203,5769] ls_lin_restart_decay_perturb(batch:1 lin{mvs:3 evals:129} gen{mvs:154 evals:942} #w_updates:84 #perturb:0)
#41      0.05s best:5769  next:[3203,5768] ls_lin_restart_decay_perturb(batch:1 lin{mvs:3 evals:129} gen{mvs:154 evals:942} #w_updates:84 #perturb:0) [combined with: ls_lin_restart_decay...]
#42      0.06s best:5765  next:[3203,5764] ls_restart_decay_perturb(batch:1 lin{mvs:3 evals:291} gen{mvs:185 evals:1'094} #w_updates:98 #perturb:0)
#43      0.06s best:5733  next:[3203,5732] graph_cst_lns (d=5.00e-01 s=153 t=0.10 p=0.00 stall=0 h=base) [combined with: ls_restart_decay_per...]
#44      0.07s best:5296  next:[3203,5295] lb_relax_lns_bool_h (d=5.00e-01 s=154 t=0.50 p=0.00 stall=0 h=base)
#45      0.08s best:5295  next:[3203,5294] quick_restart
#46      0.09s best:5287  next:[3203,5286] ls_restart_decay(batch:1 lin{mvs:10 evals:176} gen{mvs:16 evals:215} #w_updates:4 #perturb:0)
#47      0.09s best:3876  next:[3203,3875] rins_pump_lns (d=5.00e-01 s=152 t=0.10 p=0.00 stall=0 h=base)
#48      0.09s best:3836  next:[3203,3835] rins_pump_lns (d=5.00e-01 s=242 t=0.10 p=0.00 stall=0 h=base)
#49      0.10s best:3832  next:[3203,3831] ls_restart_decay_perturb(batch:1 lin{mvs:3 evals:111} gen{mvs:127 evals:760} #w_updates:69 #perturb:0)
#50      0.10s best:3824  next:[3203,3823] quick_restart
#51      0.11s best:3736  next:[3203,3735] graph_dec_lns (d=7.07e-01 s=231 t=0.10 p=1.00 stall=1 h=base) [combined with: quick_restart...]
#52      0.11s best:3734  next:[3203,3733] ls_restart_decay_perturb(batch:1 lin{mvs:4 evals:264} gen{mvs:138 evals:1'013} #w_updates:98 #perturb:0)
#53      0.12s best:3733  next:[3203,3732] ls_restart_decay(batch:1 lin{mvs:5 evals:274} gen{mvs:175 evals:1'016} #w_updates:91 #perturb:0)
#54      0.12s best:3355  next:[3203,3354] lb_relax_lns_int_h (d=7.07e-01 s=361 t=0.50 p=1.00 stall=0 h=base)
#Bound   0.15s best:3355  next:[3219,3354] lb_tree_search
#Bound   0.15s best:3355  next:[3263,3354] lb_tree_search
#Bound   0.15s best:3355  next:[3303,3354] probing_no_lp
#Bound   0.15s best:3355  next:[3304,3354] quick_restart_no_lp
#Done    0.15s quick_restart
#Done    0.15s probing_no_lp

Task timing                                  n [     min,      max]      avg      dev     time         n [     min,      max]      avg      dev    dtime
                             'core':         1 [144.62ms, 144.62ms] 144.62ms   0.00ns 144.62ms         1 [  9.84ms,   9.84ms]   9.84ms   0.00ns   9.84ms
                       'default_lp':         1 [142.17ms, 142.17ms] 142.17ms   0.00ns 142.17ms         1 [ 23.58ms,  23.58ms]  23.58ms   0.00ns  23.58ms
                 'feasibility_pump':       141 [ 75.26us,   1.28ms] 138.56us 127.51us  19.54ms       139 [ 41.06us, 659.70us]  45.81us  52.37us   6.37ms
                            'fixed':         1 [151.01ms, 151.01ms] 151.01ms   0.00ns 151.01ms         1 [ 25.78ms,  25.78ms]  25.78ms   0.00ns  25.78ms
                               'fj':         0 [  0.00ns,   0.00ns]   0.00ns   0.00ns   0.00ns         0 [  0.00ns,   0.00ns]   0.00ns   0.00ns   0.00ns
                               'fj':         0 [  0.00ns,   0.00ns]   0.00ns   0.00ns   0.00ns         0 [  0.00ns,   0.00ns]   0.00ns   0.00ns   0.00ns
                               'fj':         0 [  0.00ns,   0.00ns]   0.00ns   0.00ns   0.00ns         0 [  0.00ns,   0.00ns]   0.00ns   0.00ns   0.00ns
                               'fj':         0 [  0.00ns,   0.00ns]   0.00ns   0.00ns   0.00ns         0 [  0.00ns,   0.00ns]   0.00ns   0.00ns   0.00ns
                               'fj':         0 [  0.00ns,   0.00ns]   0.00ns   0.00ns   0.00ns         0 [  0.00ns,   0.00ns]   0.00ns   0.00ns   0.00ns
                               'fj':         0 [  0.00ns,   0.00ns]   0.00ns   0.00ns   0.00ns         0 [  0.00ns,   0.00ns]   0.00ns   0.00ns   0.00ns
                               'fj':         0 [  0.00ns,   0.00ns]   0.00ns   0.00ns   0.00ns         0 [  0.00ns,   0.00ns]   0.00ns   0.00ns   0.00ns
                               'fj':         0 [  0.00ns,   0.00ns]   0.00ns   0.00ns   0.00ns         0 [  0.00ns,   0.00ns]   0.00ns   0.00ns   0.00ns
                               'fj':         0 [  0.00ns,   0.00ns]   0.00ns   0.00ns   0.00ns         0 [  0.00ns,   0.00ns]   0.00ns   0.00ns   0.00ns
                               'fj':         0 [  0.00ns,   0.00ns]   0.00ns   0.00ns   0.00ns         0 [  0.00ns,   0.00ns]   0.00ns   0.00ns   0.00ns
                               'fj':         0 [  0.00ns,   0.00ns]   0.00ns   0.00ns   0.00ns         0 [  0.00ns,   0.00ns]   0.00ns   0.00ns   0.00ns
                               'fj':         0 [  0.00ns,   0.00ns]   0.00ns   0.00ns   0.00ns         0 [  0.00ns,   0.00ns]   0.00ns   0.00ns   0.00ns
                               'fj':         0 [  0.00ns,   0.00ns]   0.00ns   0.00ns   0.00ns         0 [  0.00ns,   0.00ns]   0.00ns   0.00ns   0.00ns
                               'fj':         0 [  0.00ns,   0.00ns]   0.00ns   0.00ns   0.00ns         0 [  0.00ns,   0.00ns]   0.00ns   0.00ns   0.00ns
                               'fj':         0 [  0.00ns,   0.00ns]   0.00ns   0.00ns   0.00ns         0 [  0.00ns,   0.00ns]   0.00ns   0.00ns   0.00ns
                               'fj':         0 [  0.00ns,   0.00ns]   0.00ns   0.00ns   0.00ns         0 [  0.00ns,   0.00ns]   0.00ns   0.00ns   0.00ns
                               'fj':         0 [  0.00ns,   0.00ns]   0.00ns   0.00ns   0.00ns         0 [  0.00ns,   0.00ns]   0.00ns   0.00ns   0.00ns
                               'fj':         0 [  0.00ns,   0.00ns]   0.00ns   0.00ns   0.00ns         0 [  0.00ns,   0.00ns]   0.00ns   0.00ns   0.00ns
                               'fj':         0 [  0.00ns,   0.00ns]   0.00ns   0.00ns   0.00ns         0 [  0.00ns,   0.00ns]   0.00ns   0.00ns   0.00ns
                               'fj':         0 [  0.00ns,   0.00ns]   0.00ns   0.00ns   0.00ns         0 [  0.00ns,   0.00ns]   0.00ns   0.00ns   0.00ns
                               'fj':         0 [  0.00ns,   0.00ns]   0.00ns   0.00ns   0.00ns         0 [  0.00ns,   0.00ns]   0.00ns   0.00ns   0.00ns
                               'fj':         0 [  0.00ns,   0.00ns]   0.00ns   0.00ns   0.00ns         0 [  0.00ns,   0.00ns]   0.00ns   0.00ns   0.00ns
                               'fj':         0 [  0.00ns,   0.00ns]   0.00ns   0.00ns   0.00ns         0 [  0.00ns,   0.00ns]   0.00ns   0.00ns   0.00ns
                               'fj':         0 [  0.00ns,   0.00ns]   0.00ns   0.00ns   0.00ns         0 [  0.00ns,   0.00ns]   0.00ns   0.00ns   0.00ns
                               'fj':         0 [  0.00ns,   0.00ns]   0.00ns   0.00ns   0.00ns         0 [  0.00ns,   0.00ns]   0.00ns   0.00ns   0.00ns
                           'fj_lin':         0 [  0.00ns,   0.00ns]   0.00ns   0.00ns   0.00ns         0 [  0.00ns,   0.00ns]   0.00ns   0.00ns   0.00ns
                           'fj_lin':         0 [  0.00ns,   0.00ns]   0.00ns   0.00ns   0.00ns         0 [  0.00ns,   0.00ns]   0.00ns   0.00ns   0.00ns
                           'fj_lin':         0 [  0.00ns,   0.00ns]   0.00ns   0.00ns   0.00ns         0 [  0.00ns,   0.00ns]   0.00ns   0.00ns   0.00ns
                           'fj_lin':         0 [  0.00ns,   0.00ns]   0.00ns   0.00ns   0.00ns         0 [  0.00ns,   0.00ns]   0.00ns   0.00ns   0.00ns
                           'fj_lin':         0 [  0.00ns,   0.00ns]   0.00ns   0.00ns   0.00ns         0 [  0.00ns,   0.00ns]   0.00ns   0.00ns   0.00ns
                           'fj_lin':         0 [  0.00ns,   0.00ns]   0.00ns   0.00ns   0.00ns         0 [  0.00ns,   0.00ns]   0.00ns   0.00ns   0.00ns
                           'fj_lin':         0 [  0.00ns,   0.00ns]   0.00ns   0.00ns   0.00ns         0 [  0.00ns,   0.00ns]   0.00ns   0.00ns   0.00ns
                           'fj_lin':         0 [  0.00ns,   0.00ns]   0.00ns   0.00ns   0.00ns         0 [  0.00ns,   0.00ns]   0.00ns   0.00ns   0.00ns
                           'fj_lin':         0 [  0.00ns,   0.00ns]   0.00ns   0.00ns   0.00ns         0 [  0.00ns,   0.00ns]   0.00ns   0.00ns   0.00ns
                           'fj_lin':         0 [  0.00ns,   0.00ns]   0.00ns   0.00ns   0.00ns         0 [  0.00ns,   0.00ns]   0.00ns   0.00ns   0.00ns
                           'fj_lin':         0 [  0.00ns,   0.00ns]   0.00ns   0.00ns   0.00ns         0 [  0.00ns,   0.00ns]   0.00ns   0.00ns   0.00ns
                           'fj_lin':         0 [  0.00ns,   0.00ns]   0.00ns   0.00ns   0.00ns         0 [  0.00ns,   0.00ns]   0.00ns   0.00ns   0.00ns
                        'fs_random':         0 [  0.00ns,   0.00ns]   0.00ns   0.00ns   0.00ns         0 [  0.00ns,   0.00ns]   0.00ns   0.00ns   0.00ns
                        'fs_random':         0 [  0.00ns,   0.00ns]   0.00ns   0.00ns   0.00ns         0 [  0.00ns,   0.00ns]   0.00ns   0.00ns   0.00ns
                        'fs_random':         0 [  0.00ns,   0.00ns]   0.00ns   0.00ns   0.00ns         0 [  0.00ns,   0.00ns]   0.00ns   0.00ns   0.00ns
                        'fs_random':         0 [  0.00ns,   0.00ns]   0.00ns   0.00ns   0.00ns         0 [  0.00ns,   0.00ns]   0.00ns   0.00ns   0.00ns
                        'fs_random':         0 [  0.00ns,   0.00ns]   0.00ns   0.00ns   0.00ns         0 [  0.00ns,   0.00ns]   0.00ns   0.00ns   0.00ns
                        'fs_random':         0 [  0.00ns,   0.00ns]   0.00ns   0.00ns   0.00ns         0 [  0.00ns,   0.00ns]   0.00ns   0.00ns   0.00ns
                        'fs_random':         0 [  0.00ns,   0.00ns]   0.00ns   0.00ns   0.00ns         0 [  0.00ns,   0.00ns]   0.00ns   0.00ns   0.00ns
                        'fs_random':         0 [  0.00ns,   0.00ns]   0.00ns   0.00ns   0.00ns         0 [  0.00ns,   0.00ns]   0.00ns   0.00ns   0.00ns
                        'fs_random':         1 [  2.44ms,   2.44ms]   2.44ms   0.00ns   2.44ms         1 [  6.35us,   6.35us]   6.35us   0.00ns   6.35us
                        'fs_random':         1 [  3.77ms,   3.77ms]   3.77ms   0.00ns   3.77ms         0 [  0.00ns,   0.00ns]   0.00ns   0.00ns   0.00ns
                        'fs_random':         1 [  4.48ms,   4.48ms]   4.48ms   0.00ns   4.48ms         0 [  0.00ns,   0.00ns]   0.00ns   0.00ns   0.00ns
                        'fs_random':         1 [  5.03ms,   5.03ms]   5.03ms   0.00ns   5.03ms         0 [  0.00ns,   0.00ns]   0.00ns   0.00ns   0.00ns
                  'fs_random_no_lp':         0 [  0.00ns,   0.00ns]   0.00ns   0.00ns   0.00ns         0 [  0.00ns,   0.00ns]   0.00ns   0.00ns   0.00ns
                  'fs_random_no_lp':         0 [  0.00ns,   0.00ns]   0.00ns   0.00ns   0.00ns         0 [  0.00ns,   0.00ns]   0.00ns   0.00ns   0.00ns
                  'fs_random_no_lp':         0 [  0.00ns,   0.00ns]   0.00ns   0.00ns   0.00ns         0 [  0.00ns,   0.00ns]   0.00ns   0.00ns   0.00ns
                  'fs_random_no_lp':         0 [  0.00ns,   0.00ns]   0.00ns   0.00ns   0.00ns         0 [  0.00ns,   0.00ns]   0.00ns   0.00ns   0.00ns
                  'fs_random_no_lp':         0 [  0.00ns,   0.00ns]   0.00ns   0.00ns   0.00ns         0 [  0.00ns,   0.00ns]   0.00ns   0.00ns   0.00ns
                  'fs_random_no_lp':         0 [  0.00ns,   0.00ns]   0.00ns   0.00ns   0.00ns         0 [  0.00ns,   0.00ns]   0.00ns   0.00ns   0.00ns
                  'fs_random_no_lp':         0 [  0.00ns,   0.00ns]   0.00ns   0.00ns   0.00ns         0 [  0.00ns,   0.00ns]   0.00ns   0.00ns   0.00ns
                  'fs_random_no_lp':         0 [  0.00ns,   0.00ns]   0.00ns   0.00ns   0.00ns         0 [  0.00ns,   0.00ns]   0.00ns   0.00ns   0.00ns
                  'fs_random_no_lp':         1 [  1.44ms,   1.44ms]   1.44ms   0.00ns   1.44ms         1 [ 40.37us,  40.37us]  40.37us   0.00ns  40.37us
                  'fs_random_no_lp':         1 [  2.04ms,   2.04ms]   2.04ms   0.00ns   2.04ms         1 [124.26us, 124.26us] 124.26us   0.00ns 124.26us
                  'fs_random_no_lp':         1 [  2.60ms,   2.60ms]   2.60ms   0.00ns   2.60ms         1 [163.10us, 163.10us] 163.10us   0.00ns 163.10us
                  'fs_random_no_lp':         1 [  3.20ms,   3.20ms]   3.20ms   0.00ns   3.20ms         0 [  0.00ns,   0.00ns]   0.00ns   0.00ns   0.00ns
                  'fs_random_no_lp':         1 [925.91us, 925.91us] 925.91us   0.00ns 925.91us         1 [ 10.14us,  10.14us]  10.14us   0.00ns  10.14us
          'fs_random_quick_restart':         0 [  0.00ns,   0.00ns]   0.00ns   0.00ns   0.00ns         0 [  0.00ns,   0.00ns]   0.00ns   0.00ns   0.00ns
          'fs_random_quick_restart':         0 [  0.00ns,   0.00ns]   0.00ns   0.00ns   0.00ns         0 [  0.00ns,   0.00ns]   0.00ns   0.00ns   0.00ns
          'fs_random_quick_restart':         0 [  0.00ns,   0.00ns]   0.00ns   0.00ns   0.00ns         0 [  0.00ns,   0.00ns]   0.00ns   0.00ns   0.00ns
          'fs_random_quick_restart':         0 [  0.00ns,   0.00ns]   0.00ns   0.00ns   0.00ns         0 [  0.00ns,   0.00ns]   0.00ns   0.00ns   0.00ns
          'fs_random_quick_restart':         0 [  0.00ns,   0.00ns]   0.00ns   0.00ns   0.00ns         0 [  0.00ns,   0.00ns]   0.00ns   0.00ns   0.00ns
          'fs_random_quick_restart':         0 [  0.00ns,   0.00ns]   0.00ns   0.00ns   0.00ns         0 [  0.00ns,   0.00ns]   0.00ns   0.00ns   0.00ns
          'fs_random_quick_restart':         0 [  0.00ns,   0.00ns]   0.00ns   0.00ns   0.00ns         0 [  0.00ns,   0.00ns]   0.00ns   0.00ns   0.00ns
          'fs_random_quick_restart':         0 [  0.00ns,   0.00ns]   0.00ns   0.00ns   0.00ns         0 [  0.00ns,   0.00ns]   0.00ns   0.00ns   0.00ns
          'fs_random_quick_restart':         1 [  2.18ms,   2.18ms]   2.18ms   0.00ns   2.18ms         1 [  6.01us,   6.01us]   6.01us   0.00ns   6.01us
          'fs_random_quick_restart':         1 [  3.44ms,   3.44ms]   3.44ms   0.00ns   3.44ms         0 [  0.00ns,   0.00ns]   0.00ns   0.00ns   0.00ns
          'fs_random_quick_restart':         1 [  4.20ms,   4.20ms]   4.20ms   0.00ns   4.20ms         0 [  0.00ns,   0.00ns]   0.00ns   0.00ns   0.00ns
          'fs_random_quick_restart':         1 [  4.72ms,   4.72ms]   4.72ms   0.00ns   4.72ms         0 [  0.00ns,   0.00ns]   0.00ns   0.00ns   0.00ns
    'fs_random_quick_restart_no_lp':         0 [  0.00ns,   0.00ns]   0.00ns   0.00ns   0.00ns         0 [  0.00ns,   0.00ns]   0.00ns   0.00ns   0.00ns
    'fs_random_quick_restart_no_lp':         0 [  0.00ns,   0.00ns]   0.00ns   0.00ns   0.00ns         0 [  0.00ns,   0.00ns]   0.00ns   0.00ns   0.00ns
    'fs_random_quick_restart_no_lp':         0 [  0.00ns,   0.00ns]   0.00ns   0.00ns   0.00ns         0 [  0.00ns,   0.00ns]   0.00ns   0.00ns   0.00ns
    'fs_random_quick_restart_no_lp':         0 [  0.00ns,   0.00ns]   0.00ns   0.00ns   0.00ns         0 [  0.00ns,   0.00ns]   0.00ns   0.00ns   0.00ns
    'fs_random_quick_restart_no_lp':         0 [  0.00ns,   0.00ns]   0.00ns   0.00ns   0.00ns         0 [  0.00ns,   0.00ns]   0.00ns   0.00ns   0.00ns
    'fs_random_quick_restart_no_lp':         0 [  0.00ns,   0.00ns]   0.00ns   0.00ns   0.00ns         0 [  0.00ns,   0.00ns]   0.00ns   0.00ns   0.00ns
    'fs_random_quick_restart_no_lp':         0 [  0.00ns,   0.00ns]   0.00ns   0.00ns   0.00ns         0 [  0.00ns,   0.00ns]   0.00ns   0.00ns   0.00ns
    'fs_random_quick_restart_no_lp':         0 [  0.00ns,   0.00ns]   0.00ns   0.00ns   0.00ns         0 [  0.00ns,   0.00ns]   0.00ns   0.00ns   0.00ns
    'fs_random_quick_restart_no_lp':         1 [  1.17ms,   1.17ms]   1.17ms   0.00ns   1.17ms         1 [ 45.37us,  45.37us]  45.37us   0.00ns  45.37us
    'fs_random_quick_restart_no_lp':         1 [  1.75ms,   1.75ms]   1.75ms   0.00ns   1.75ms         1 [ 69.84us,  69.84us]  69.84us   0.00ns  69.84us
    'fs_random_quick_restart_no_lp':         1 [  2.35ms,   2.35ms]   2.35ms   0.00ns   2.35ms         1 [164.23us, 164.23us] 164.23us   0.00ns 164.23us
    'fs_random_quick_restart_no_lp':         1 [  3.62ms,   3.62ms]   3.62ms   0.00ns   3.62ms         0 [  0.00ns,   0.00ns]   0.00ns   0.00ns   0.00ns
                    'graph_arc_lns':         7 [  7.50ms, 127.28ms]  59.91ms  37.00ms 419.35ms         7 [ 62.61us,   7.50ms]   4.49ms   2.27ms  31.41ms
                    'graph_cst_lns':         8 [ 10.03ms, 115.88ms]  51.32ms  37.99ms 410.59ms         8 [153.40us,   7.65ms]   3.47ms   3.05ms  27.80ms
                    'graph_dec_lns':         8 [  6.30ms, 132.54ms]  50.27ms  39.32ms 402.13ms         8 [ 37.13us,   8.11ms]   3.08ms   2.59ms  24.66ms
                    'graph_var_lns':         6 [  5.32ms, 130.73ms]  77.19ms  47.85ms 463.16ms         6 [ 69.08us,  10.28ms]   4.67ms   3.51ms  28.05ms
                     'lb_relax_lns':         8 [192.12us, 107.67ms]  40.22ms  39.98ms 321.78ms         5 [  1.62ms,   9.77ms]   4.95ms   3.01ms  24.73ms
                   'lb_tree_search':         1 [150.41ms, 150.41ms] 150.41ms   0.00ns 150.41ms         1 [  3.40ms,   3.40ms]   3.40ms   0.00ns   3.40ms
                               'ls':         6 [120.50us,  72.16ms]  19.98ms  28.40ms 119.85ms         5 [287.62us, 100.01ms]  31.77ms  40.01ms 158.84ms
                               'ls':         6 [276.79us,  72.44ms]  19.25ms  27.78ms 115.48ms         6 [226.48us, 100.01ms]  25.22ms  37.45ms 151.35ms
                               'ls':         6 [277.01us,  72.47ms]  20.08ms  28.09ms 120.50ms         6 [261.38us, 100.03ms]  27.82ms  38.52ms 166.90ms
                               'ls':         6 [319.22us,  69.36ms]  19.88ms  27.93ms 119.30ms         6 [177.91us, 100.04ms]  25.55ms  37.96ms 153.32ms
                               'ls':         7 [152.16us,  41.92ms]  16.23ms  18.46ms 113.64ms         5 [177.39us, 100.00ms]  56.11ms  45.78ms 280.57ms
                               'ls':         7 [181.37us,  70.73ms]  16.02ms  25.44ms 112.13ms         6 [469.57us, 100.05ms]  26.67ms  38.05ms 160.00ms
                               'ls':         7 [218.40us,  78.00ms]  16.84ms  26.25ms 117.90ms         6 [269.84us, 100.02ms]  23.78ms  35.15ms 142.66ms
                               'ls':         7 [252.55us,  63.32ms]  16.15ms  22.84ms 113.06ms         6 [262.38us,  99.34ms]  27.51ms  37.34ms 165.05ms
                               'ls':         7 [257.46us,  53.75ms]  15.77ms  23.26ms 110.37ms         7 [ 80.70us, 100.05ms]  27.94ms  43.23ms 195.60ms
                               'ls':         7 [267.53us,  56.98ms]  17.06ms  20.60ms 119.39ms         7 [215.73us, 100.03ms]  33.12ms  42.04ms 231.84ms
                               'ls':         7 [279.77us,  72.86ms]  17.04ms  24.82ms 119.25ms         7 [105.63us, 100.02ms]  22.69ms  33.72ms 158.81ms
                               'ls':         7 [286.64us,  40.99ms]  16.12ms  17.59ms 112.85ms         7 [223.14us, 100.04ms]  35.12ms  40.80ms 245.85ms
                               'ls':         7 [295.43us,  74.85ms]  16.50ms  26.55ms 115.47ms         7 [156.96us, 100.02ms]  22.94ms  36.27ms 160.57ms
                               'ls':         8 [145.39us,  60.69ms]  13.82ms  22.54ms 110.53ms         5 [494.09us, 100.00ms]  35.52ms  40.46ms 177.62ms
                               'ls':         8 [208.84us,  40.16ms]  14.52ms  15.66ms 116.17ms         7 [ 79.30us, 100.02ms]  42.98ms  43.52ms 300.85ms
                               'ls':         8 [314.92us,  51.43ms]  14.65ms  18.11ms 117.21ms         8 [224.43us, 100.02ms]  32.02ms  39.88ms 256.20ms
                               'ls':         9 [370.55us,  39.58ms]  12.19ms  15.11ms 109.69ms         9 [221.87us, 100.01ms]  28.85ms  37.22ms 259.63ms
                               'ls':        10 [119.74us,  73.36ms]  11.54ms  22.07ms 115.41ms         7 [188.88us, 100.01ms]  21.62ms  33.23ms 151.33ms
                               'ls':        11 [143.45us,  33.40ms]  10.58ms  13.12ms 116.38ms        10 [884.60us, 100.02ms]  34.05ms  41.79ms 340.49ms
                           'ls_lin':         5 [126.48us,  65.41ms]  23.20ms  28.30ms 115.99ms         4 [306.03us,  87.35ms]  36.22ms  37.41ms 144.89ms
                           'ls_lin':         5 [194.83us,  73.18ms]  23.69ms  29.99ms 118.45ms         4 [ 68.89us, 100.01ms]  37.00ms  41.23ms 148.02ms
                           'ls_lin':         6 [232.14us,  74.79ms]  18.45ms  27.81ms 110.68ms         6 [ 65.99us, 100.01ms]  33.33ms  46.12ms 199.95ms
                           'ls_lin':         6 [234.91us,  71.24ms]  18.31ms  27.17ms 109.89ms         5 [258.72us, 100.02ms]  29.86ms  39.65ms 149.29ms
                           'ls_lin':         6 [396.08us,  73.48ms]  19.13ms  28.07ms 114.81ms         6 [283.44us, 100.02ms]  27.09ms  39.19ms 162.53ms
                           'ls_lin':         7 [133.76us,  62.04ms]  15.65ms  23.66ms 109.58ms         5 [803.71us, 100.01ms]  34.75ms  40.61ms 173.77ms
                           'ls_lin':         7 [208.25us,  73.19ms]  16.65ms  26.08ms 116.54ms         6 [243.92us, 100.02ms]  26.10ms  36.23ms 156.61ms
                           'ls_lin':         7 [226.84us,  61.14ms]  15.56ms  23.96ms 108.92ms         6 [274.80us, 100.00ms]  32.30ms  45.12ms 193.82ms
                           'ls_lin':         7 [275.02us,  70.37ms]  16.33ms  25.35ms 114.34ms         7 [ 80.70us, 100.04ms]  22.69ms  35.72ms 158.82ms
                           'ls_lin':         9 [167.47us,  61.86ms]  12.93ms  19.85ms 116.41ms         8 [187.21us, 100.01ms]  22.67ms  33.96ms 181.35ms
                           'max_lp':         1 [141.30ms, 141.30ms] 141.30ms   0.00ns 141.30ms         1 [ 23.27ms,  23.27ms]  23.27ms   0.00ns  23.27ms
                            'no_lp':         1 [140.77ms, 140.77ms] 140.77ms   0.00ns 140.77ms         1 [ 22.64ms,  22.64ms]  22.64ms   0.00ns  22.64ms
              'objective_lb_search':         1 [139.70ms, 139.70ms] 139.70ms   0.00ns 139.70ms         1 [ 26.75ms,  26.75ms]  26.75ms   0.00ns  26.75ms
       'objective_lb_search_max_lp':         1 [149.00ms, 149.00ms] 149.00ms   0.00ns 149.00ms         1 [  4.64ms,   4.64ms]   4.64ms   0.00ns   4.64ms
        'objective_lb_search_no_lp':         1 [146.23ms, 146.23ms] 146.23ms   0.00ns 146.23ms         1 [ 19.90ms,  19.90ms]  19.90ms   0.00ns  19.90ms
         'objective_shaving_max_lp':        14 [422.65us,  20.08ms]   9.87ms   7.40ms 138.23ms         8 [ 45.26us, 210.43us] 155.44us  58.87us   1.24ms
          'objective_shaving_no_lp':        14 [  1.02ms,  20.84ms]   9.69ms   4.91ms 135.61ms        11 [ 45.26us, 109.23us]  98.84us  21.04us   1.09ms
                          'probing':         1 [145.05ms, 145.05ms] 145.05ms   0.00ns 145.05ms         1 [  3.87ms,   3.87ms]   3.87ms   0.00ns   3.87ms
                   'probing_max_lp':         1 [149.41ms, 149.41ms] 149.41ms   0.00ns 149.41ms         1 [  3.13ms,   3.13ms]   3.13ms   0.00ns   3.13ms
                    'probing_no_lp':         1 [139.30ms, 139.30ms] 139.30ms   0.00ns 139.30ms         1 [953.09us, 953.09us] 953.09us   0.00ns 953.09us
                     'pseudo_costs':         1 [143.19ms, 143.19ms] 143.19ms   0.00ns 143.19ms         1 [ 17.59ms,  17.59ms]  17.59ms   0.00ns  17.59ms
                    'quick_restart':         1 [139.32ms, 139.32ms] 139.32ms   0.00ns 139.32ms         1 [ 26.91ms,  26.91ms]  26.91ms   0.00ns  26.91ms
              'quick_restart_no_lp':         1 [139.92ms, 139.92ms] 139.92ms   0.00ns 139.92ms         1 [ 37.16ms,  37.16ms]  37.16ms   0.00ns  37.16ms
                    'reduced_costs':         1 [150.37ms, 150.37ms] 150.37ms   0.00ns 150.37ms         0 [  0.00ns,   0.00ns]   0.00ns   0.00ns   0.00ns
                        'rins/rens':         6 [ 40.64ms, 103.18ms]  66.90ms  20.51ms 401.41ms         6 [  2.20ms,   7.62ms]   4.57ms   1.63ms  27.42ms
                      'rnd_cst_lns':         8 [  5.17ms, 128.51ms]  50.86ms  39.54ms 406.87ms         8 [ 62.68us,  10.30ms]   3.74ms   3.48ms  29.94ms
                      'rnd_var_lns':         8 [  4.35ms, 128.73ms]  56.93ms  44.49ms 455.46ms         8 [ 45.74us,  10.82ms]   4.60ms   3.91ms  36.76ms
         'scheduling_intervals_lns':         4 [106.68ms, 133.08ms] 118.29ms  10.86ms 473.17ms         4 [  2.38ms,   8.07ms]   4.99ms   2.15ms  19.95ms
       'scheduling_precedences_lns':         4 [104.72ms, 138.88ms] 119.89ms  12.81ms 479.54ms         4 [  2.99ms,   6.41ms]   4.19ms   1.31ms  16.76ms
  'scheduling_resource_windows_lns':         4 [106.01ms, 135.80ms] 119.30ms  11.56ms 477.19ms         4 [  8.83ms,  21.10ms]  12.58ms   4.95ms  50.33ms
       'scheduling_time_window_lns':         4 [104.06ms, 134.59ms] 118.34ms  11.68ms 473.36ms         4 [  4.23ms,  10.78ms]   7.61ms   2.66ms  30.44ms
                'variables_shaving':        31 [  8.70ms,  58.79ms]  18.62ms  10.29ms 577.34ms        29 [  7.49us,   3.66ms] 535.74us 812.96us  15.54ms
         'variables_shaving_max_lp':         5 [ 56.92ms, 108.24ms]  74.51ms  17.79ms 372.56ms         5 [  5.28ms,  16.03ms]   9.95ms   3.46ms  49.73ms
          'variables_shaving_no_lp':        33 [  6.48ms,  55.61ms]  16.83ms  11.78ms 555.36ms        33 [259.01us,   2.17ms] 520.17us 525.25us  17.17ms

Search stats                        Bools  Conflicts  Branches  Restarts  BoolPropag  IntegerPropag
                           'core':    738        168     4'427     1'033      19'046         55'305
                     'default_lp':    654        226     1'793       527       9'254        185'144
                          'fixed':    820        172     2'129       523      10'705        212'613
                      'fs_random':      0          0         0         0           0              0
                      'fs_random':      0          0         0         0           0              0
                      'fs_random':      0          0         0         0           0              0
                      'fs_random':      0          0         0         0           0              0
                      'fs_random':      0          0         0         0           0              0
                      'fs_random':      0          0         0         0           0              0
                      'fs_random':      0          0         0         0           0              0
                      'fs_random':      0          0         0         0           0              0
                      'fs_random':      0          0         0         0           0              0
                      'fs_random':      0          0         0         0           0              0
                      'fs_random':      0          0         0         0           0              0
                      'fs_random':      0          0         0         0           0              0
                'fs_random_no_lp':      0          0         0         0           0              0
                'fs_random_no_lp':      0          0         0         0           0              0
                'fs_random_no_lp':      0          0         0         0           0              0
                'fs_random_no_lp':      0          0         0         0           0              0
                'fs_random_no_lp':      0          0         0         0           0              0
                'fs_random_no_lp':      0          0         0         0           0              0
                'fs_random_no_lp':      0          0         0         0           0              0
                'fs_random_no_lp':      0          0         0         0           0              0
                'fs_random_no_lp':      0          0         0         0           0              0
                'fs_random_no_lp':     18          0        18         0           0            253
                'fs_random_no_lp':      4          0         4         0           0             62
                'fs_random_no_lp':     54          0        54         0           0            840
                'fs_random_no_lp':     66          0        66         0           0          1'042
        'fs_random_quick_restart':      0          0         0         0           0              0
        'fs_random_quick_restart':      0          0         0         0           0              0
        'fs_random_quick_restart':      0          0         0         0           0              0
        'fs_random_quick_restart':      0          0         0         0           0              0
        'fs_random_quick_restart':      0          0         0         0           0              0
        'fs_random_quick_restart':      0          0         0         0           0              0
        'fs_random_quick_restart':      0          0         0         0           0              0
        'fs_random_quick_restart':      0          0         0         0           0              0
        'fs_random_quick_restart':      0          0         0         0           0              0
        'fs_random_quick_restart':      0          0         0         0           0              0
        'fs_random_quick_restart':      0          0         0         0           0              0
        'fs_random_quick_restart':      0          0         0         0           0              0
  'fs_random_quick_restart_no_lp':      0          0         0         0           0              0
  'fs_random_quick_restart_no_lp':      0          0         0         0           0              0
  'fs_random_quick_restart_no_lp':      0          0         0         0           0              0
  'fs_random_quick_restart_no_lp':      0          0         0         0           0              0
  'fs_random_quick_restart_no_lp':      0          0         0         0           0              0
  'fs_random_quick_restart_no_lp':      0          0         0         0           0              0
  'fs_random_quick_restart_no_lp':      0          0         0         0           0              0
  'fs_random_quick_restart_no_lp':      0          0         0         0           0              0
  'fs_random_quick_restart_no_lp':      0          0         0         0           0              0
  'fs_random_quick_restart_no_lp':      2          0         2         0           0            387
  'fs_random_quick_restart_no_lp':     25          0        25         0           0            430
  'fs_random_quick_restart_no_lp':     55          0        55         0           0          1'120
                 'lb_tree_search':  2'154          0     7'342     7'342         939         30'889
                         'max_lp':    270         38     1'279       583         999         35'190
                          'no_lp':    435        310     2'469       517       8'440        173'685
            'objective_lb_search':    341        253     1'588       332       5'439        225'605
     'objective_lb_search_max_lp':  2'155          0     4'308     4'308         763         30'935
      'objective_lb_search_no_lp':    410        273     1'475       413       5'683        165'550
                        'probing':  2'236         51     4'421     4'421       6'266         44'835
                 'probing_max_lp':  2'156          0     4'312     4'312          45         29'814
                  'probing_no_lp':  2'159          4     4'315     4'315       1'105         35'006
                   'pseudo_costs':     99         22       136         0          55          7'906
                  'quick_restart':  1'104        186     2'882       552      16'177        214'353
            'quick_restart_no_lp':    995        258     3'508       575      40'858        291'304
                  'reduced_costs':  2'154          0     4'292     4'292           0         29'629

SAT stats                           ClassicMinim  LitRemoved  LitLearned  LitForgotten  Subsumed  MClauses  MDecisions  MLitTrue  MSubsumed  MLitRemoved  MReused
                           'core':             2          10          73             0         0         0           0         0          0            0        0
                     'default_lp':           134         358       4'559             0         0         0           0         0          0            0        0
                          'fixed':           136         224         779             0         6         0           0         0          0            0        0
                      'fs_random':             0           0           0             0         0         0           0         0          0            0        0
                      'fs_random':             0           0           0             0         0         0           0         0          0            0        0
                      'fs_random':             0           0           0             0         0         0           0         0          0            0        0
                      'fs_random':             0           0           0             0         0         0           0         0          0            0        0
                      'fs_random':             0           0           0             0         0         0           0         0          0            0        0
                      'fs_random':             0           0           0             0         0         0           0         0          0            0        0
                      'fs_random':             0           0           0             0         0         0           0         0          0            0        0
                      'fs_random':             0           0           0             0         0         0           0         0          0            0        0
                      'fs_random':             0           0           0             0         0         0           0         0          0            0        0
                      'fs_random':             0           0           0             0         0         0           0         0          0            0        0
                      'fs_random':             0           0           0             0         0         0           0         0          0            0        0
                      'fs_random':             0           0           0             0         0         0           0         0          0            0        0
                'fs_random_no_lp':             0           0           0             0         0         0           0         0          0            0        0
                'fs_random_no_lp':             0           0           0             0         0         0           0         0          0            0        0
                'fs_random_no_lp':             0           0           0             0         0         0           0         0          0            0        0
                'fs_random_no_lp':             0           0           0             0         0         0           0         0          0            0        0
                'fs_random_no_lp':             0           0           0             0         0         0           0         0          0            0        0
                'fs_random_no_lp':             0           0           0             0         0         0           0         0          0            0        0
                'fs_random_no_lp':             0           0           0             0         0         0           0         0          0            0        0
                'fs_random_no_lp':             0           0           0             0         0         0           0         0          0            0        0
                'fs_random_no_lp':             0           0           0             0         0         0           0         0          0            0        0
                'fs_random_no_lp':             0           0           0             0         0         0           0         0          0            0        0
                'fs_random_no_lp':             0           0           0             0         0         0           0         0          0            0        0
                'fs_random_no_lp':             0           0           0             0         0         0           0         0          0            0        0
                'fs_random_no_lp':             0           0           0             0         0         0           0         0          0            0        0
        'fs_random_quick_restart':             0           0           0             0         0         0           0         0          0            0        0
        'fs_random_quick_restart':             0           0           0             0         0         0           0         0          0            0        0
        'fs_random_quick_restart':             0           0           0             0         0         0           0         0          0            0        0
        'fs_random_quick_restart':             0           0           0             0         0         0           0         0          0            0        0
        'fs_random_quick_restart':             0           0           0             0         0         0           0         0          0            0        0
        'fs_random_quick_restart':             0           0           0             0         0         0           0         0          0            0        0
        'fs_random_quick_restart':             0           0           0             0         0         0           0         0          0            0        0
        'fs_random_quick_restart':             0           0           0             0         0         0           0         0          0            0        0
        'fs_random_quick_restart':             0           0           0             0         0         0           0         0          0            0        0
        'fs_random_quick_restart':             0           0           0             0         0         0           0         0          0            0        0
        'fs_random_quick_restart':             0           0           0             0         0         0           0         0          0            0        0
        'fs_random_quick_restart':             0           0           0             0         0         0           0         0          0            0        0
  'fs_random_quick_restart_no_lp':             0           0           0             0         0         0           0         0          0            0        0
  'fs_random_quick_restart_no_lp':             0           0           0             0         0         0           0         0          0            0        0
  'fs_random_quick_restart_no_lp':             0           0           0             0         0         0           0         0          0            0        0
  'fs_random_quick_restart_no_lp':             0           0           0             0         0         0           0         0          0            0        0
  'fs_random_quick_restart_no_lp':             0           0           0             0         0         0           0         0          0            0        0
  'fs_random_quick_restart_no_lp':             0           0           0             0         0         0           0         0          0            0        0
  'fs_random_quick_restart_no_lp':             0           0           0             0         0         0           0         0          0            0        0
  'fs_random_quick_restart_no_lp':             0           0           0             0         0         0           0         0          0            0        0
  'fs_random_quick_restart_no_lp':             0           0           0             0         0         0           0         0          0            0        0
  'fs_random_quick_restart_no_lp':             0           0           0             0         0         0           0         0          0            0        0
  'fs_random_quick_restart_no_lp':             0           0           0             0         0         0           0         0          0            0        0
  'fs_random_quick_restart_no_lp':             0           0           0             0         0         0           0         0          0            0        0
                 'lb_tree_search':             0           0           0             0         0         0           0         0          0            0        0
                         'max_lp':             3           3         260             0         0        16          25         0          5           20       22
                          'no_lp':           296       1'067      10'415             0         0         0           0         0          0            0        0
            'objective_lb_search':           170         308       1'326             0         8        94         173         0         14           71      159
     'objective_lb_search_max_lp':             0           0           0             0         0         0           0         0          0            0        0
      'objective_lb_search_no_lp':           198         646       3'088             0         2         0           0         0          0            0        0
                        'probing':             0           0          51             0         0         0           0         0          0            0        0
                 'probing_max_lp':             0           0           0             0         0         0           0         0          0            0        0
                  'probing_no_lp':             0           0           3             0         0         0           0         0          0            0        0
                   'pseudo_costs':             1           1         218             0         0         0           0         0          0            0        0
                  'quick_restart':            73         170       1'050             0         6         0           0         0          0            0        0
            'quick_restart_no_lp':           205         272       1'241             0         0         0           0         0          0            0        0
                  'reduced_costs':             0           0           0             0         0         0           0         0          0            0        0

Lp stats                         Component  Iterations  AddedCuts  OPTIMAL  DUAL_F.  DUAL_U.
                  'default_lp':         27         120          0    4'549        0        0
                       'fixed':         27         102          0    1'837        0        0
                   'fs_random':         27           0          0        0        0        0
                   'fs_random':         27          30          0       43        0        0
                   'fs_random':         27          35          0      118        0        0
     'fs_random_quick_restart':         27          17          0       17        0        0
     'fs_random_quick_restart':         27          35          0      113        0        0
              'lb_tree_search':          1         287        379       11        0        0
                      'max_lp':          1         916        563      190        8        0
         'objective_lb_search':         27          59          0    1'429        0        0
  'objective_lb_search_max_lp':          1         321        608       15        0        0
                     'probing':         27          47          0    6'834        0        0
              'probing_max_lp':          1         260        301       15        0        0
                'pseudo_costs':          1         636        651       94        1        0
               'quick_restart':         27         194          0    4'228        0        0
               'reduced_costs':          1           0          0        0        0        0

Lp dimension                      Final dimension of first component
                  'default_lp':         3 rows, 8 columns, 6 entries
                       'fixed':         3 rows, 8 columns, 6 entries
                   'fs_random':         0 rows, 8 columns, 0 entries
                   'fs_random':         3 rows, 8 columns, 6 entries
                   'fs_random':         3 rows, 8 columns, 6 entries
     'fs_random_quick_restart':         3 rows, 8 columns, 6 entries
     'fs_random_quick_restart':         3 rows, 8 columns, 6 entries
              'lb_tree_search':  368 rows, 279 columns, 1322 entries
                      'max_lp':  348 rows, 279 columns, 1460 entries
         'objective_lb_search':         3 rows, 8 columns, 6 entries
  'objective_lb_search_max_lp':  352 rows, 279 columns, 1655 entries
                     'probing':         2 rows, 8 columns, 4 entries
              'probing_max_lp':  472 rows, 279 columns, 1709 entries
                'pseudo_costs':  473 rows, 279 columns, 2216 entries
               'quick_restart':         3 rows, 8 columns, 6 entries
               'reduced_costs':       0 rows, 279 columns, 0 entries

Lp debug                         CutPropag  CutEqPropag  Adjust  Overflow    Bad  BadScaling
                  'default_lp':          0            0       0         0      0           0
                       'fixed':          0            0       0         0      0           0
                   'fs_random':          0            0       0         0      0           0
                   'fs_random':          0            0       0         0      0           0
                   'fs_random':          0            0       0         0      0           0
     'fs_random_quick_restart':          0            0       0         0      0           0
     'fs_random_quick_restart':          0            0       0         0      0           0
              'lb_tree_search':          0            7       4         0  1'940           0
                      'max_lp':          0            9      60         0  3'049           0
         'objective_lb_search':          0            0       0         0      0           0
  'objective_lb_search_max_lp':          0            9       2         0  1'203           0
                     'probing':          0            0       0         0      0           0
              'probing_max_lp':          0            0      10         0  2'889           0
                'pseudo_costs':          0            9      46         0  2'365           0
               'quick_restart':          0            0       0         0      0           0
               'reduced_costs':          0            0       0         0      0           0

Lp pool                          Constraints  Updates  Simplif  Merged  Shortened  Split  Strenghtened  Cuts/Call
                  'default_lp':          286        0        5       0          0      0             0        0/0
                       'fixed':          286        0        2       0          0      0             0        0/0
                   'fs_random':          286        0        0       0          0      0             0        0/0
                   'fs_random':          286        0        0       0          0      0             0        0/0
                   'fs_random':          286        0        0       0          0      0             0        0/0
     'fs_random_quick_restart':          286        0        0       0          0      0             0        0/0
     'fs_random_quick_restart':          286        0        0       0          0      0             0        0/0
              'lb_tree_search':          663      454      148       2          0      0             1    379/611
                      'max_lp':          783      677       60      66          0      0             0  563/2'035
         'objective_lb_search':          286        0        3       0          0      0             0        0/0
  'objective_lb_search_max_lp':          811      470       51      83          0      0             3    608/977
                     'probing':          286        0       16       0          0      0             0        0/0
              'probing_max_lp':          587        4        0       0          0      0             0    301/571
                'pseudo_costs':          831      888        4     106          0      0             0  651/1'676
               'quick_restart':          286        0       75       0          0      0             0        0/0
               'reduced_costs':          286        0        0       0          0      0             0        0/0

Lp Cut                                                max_lp  pseudo_costs  lb_tree_search  probing_max_lp  objective_lb_search_max_lp
                                              CG_FF:       -             2               1               -                           -
                                               CG_K:       2             4               2               2                           1
                                               CG_R:      10             8               4               3                           7
                                           MIR_1_FF:       -             -               1               -                           -
                                            MIR_1_K:       -             3               1               -                           4
                                            MIR_1_R:       4             2               -               -                          11
                                            MIR_2_K:       2             2               -               1                           -
                                            MIR_2_R:       6             3               1               5                           1
                                            MIR_3_K:       1             -               1               -                           -
                                            MIR_3_R:       2             2               -               -                           -
                                            MIR_4_K:       1             1               1               1                           -
                                            MIR_4_R:       1             1               1               1                           -
                                            MIR_5_K:       -             -               -               -                           1
                                            MIR_5_R:       -             -               -               -                           1
                                            MIR_6_K:       1             -               -               -                           -
                                            MIR_6_R:       1             -               -               -                           -
                  NoOverlapCompletionTimeExhaustive:      16            30               8              12                          21
           NoOverlapCompletionTimeExhaustive_lifted:      30            39              16              16                          40
  NoOverlapCompletionTimeExhaustive_lifted_weighted:      65            62              40              32                          60
         NoOverlapCompletionTimeExhaustive_weighted:      38            30              29              18                          30
                    NoOverlapCompletionTimeQueyrane:      81            94              54              40                          84
             NoOverlapCompletionTimeQueyrane_lifted:     145           172             100              84                         173
                        NoOverlapDetectedPrecedence:       -             -               6               -                           2
                        NoOverlapDisjunctionOnStart:     157           188             112              82                         168
                                        ZERO_HALF_R:       -             8               1               4                           4

LNS stats                             Improv/Calls  Closed  Difficulty  TimeLimit
                    'graph_arc_lns':           5/7     57%    7.75e-01       0.10
                    'graph_cst_lns':           7/8     62%    8.49e-01       0.10
                    'graph_dec_lns':           6/8     62%    8.49e-01       0.10
                    'graph_var_lns':           5/6     33%    3.14e-01       0.10
                     'lb_relax_lns':           4/5     60%    7.48e-01       0.50
                        'rins/rens':           4/6     67%    8.34e-01       0.10
                      'rnd_cst_lns':           6/8     75%    9.20e-01       0.10
                      'rnd_var_lns':           5/8     50%    7.00e-01       0.10
         'scheduling_intervals_lns':           4/4      0%    8.55e-02       0.10
       'scheduling_precedences_lns':           4/4      0%    8.55e-02       0.10
  'scheduling_resource_windows_lns':           4/4      0%    8.55e-02       0.10
       'scheduling_time_window_lns':           4/4      0%    8.55e-02       0.10

LS stats                                    Batches  Restarts/Perturbs  LinMoves  GenMoves  CompoundMoves  Bactracks  WeightUpdates  ScoreComputed
                                    'ls_':        3                  4        11     3'619              0          0          3'222        616'606
                         'ls_lin_restart':        8                  8        16     5'038              0          0          4'976        881'621
                'ls_lin_restart_compound':        9                  9         0    19'097            962      9'064            296      1'647'661
        'ls_lin_restart_compound_perturb':        8                  8         0    10'569            531      5'018            155        876'167
                   'ls_lin_restart_decay':        7                  7        24     1'591              0          0            222        194'293
          'ls_lin_restart_decay_compound':       14                 14         0    24'444          1'374     11'528            375      2'108'606
  'ls_lin_restart_decay_compound_perturb':        5                  5         0     7'419            436      3'491            112        612'405
           'ls_lin_restart_decay_perturb':        8                  8        26     1'791              0          0            650        246'048
                 'ls_lin_restart_perturb':        6                  6        23        70              0          0             23         11'098
                             'ls_restart':       18                 18        59    10'244              0          0          8'455      1'754'915
                    'ls_restart_compound':       15                 15         0    20'543          1'006      9'762            306      1'705'588
            'ls_restart_compound_perturb':       22                 22         0    40'515          1'892     19'303            599      3'475'585
                       'ls_restart_decay':       19                 19        54     2'892              0          0            520        373'481
              'ls_restart_decay_compound':       21                 21         0    50'518          2'789     23'855            754      4'224'181
      'ls_restart_decay_compound_perturb':       12                 12         0    11'794            692      5'550            173      1'039'726
               'ls_restart_decay_perturb':       14                 14        45     2'270              0          0            724        293'512
                     'ls_restart_perturb':       17                 17        49     8'917              0          0          8'779      1'561'799

Solutions (54)                          Num     Rank
                               'core':    1    [3,3]
                         'default_lp':    1    [2,2]
                      'graph_cst_lns':    2  [33,43]
                      'graph_dec_lns':    1  [51,51]
                'lb_relax_lns_bool_h':    1  [44,44]
                 'lb_relax_lns_int_h':    1  [54,54]
                     'ls_lin_restart':    1  [19,19]
               'ls_lin_restart_decay':    3  [12,29]
      'ls_lin_restart_decay_compound':    1  [20,20]
       'ls_lin_restart_decay_perturb':    5  [13,41]
             'ls_lin_restart_perturb':    3  [11,38]
                         'ls_restart':    6  [10,36]
                'ls_restart_compound':    2   [5,32]
        'ls_restart_compound_perturb':    2  [15,22]
                   'ls_restart_decay':    6   [4,53]
          'ls_restart_decay_compound':    1  [25,25]
  'ls_restart_decay_compound_perturb':    3   [9,17]
           'ls_restart_decay_perturb':    6  [26,52]
                 'ls_restart_perturb':    3   [7,18]
                              'no_lp':    1    [1,1]
                      'quick_restart':    2  [45,50]
                      'rins_pump_lns':    2  [47,48]

Objective bounds          Num
       'initial_domain':    1
       'lb_tree_search':    2
               'max_lp':    3
        'probing_no_lp':    1
  'quick_restart_no_lp':    1

Solution repositories    Added  Queried  Synchro
  'feasible solutions':    383      362      185
   'fj solution hints':      0        0        0
        'lp solutions':      3        2        3
                'pump':    140        4

Improving bounds shared           Num  Sym
                 'default_lp':    536    0
                      'fixed':    256    0
             'lb_tree_search':    278    0
                     'max_lp':    548    0
                      'no_lp':    501    0
  'objective_lb_search_no_lp':    245    0
                    'probing':    258    0
              'probing_no_lp':    281    0
              'quick_restart':    536    0
        'quick_restart_no_lp':  1'436    0

CpSolverResponse summary:
status: OPTIMAL
objective: 3355
best_bound: 3355
integers: 280
booleans: 66
conflicts: 0
branches: 66
propagations: 0
integer_propagations: 1042
restarts: 0
lp_iterations: 0
walltime: 0.174364
usertime: 0.174364
deterministic_time: 6.21598
gap_integral: 26.4898
solution_fingerprint: 0xed8ccdc7d378e0e3

