
Starting CP-SAT solver v9.14.6206
Parameters: max_time_in_seconds: 300 log_search_progress: true num_search_workers: 104 relative_gap_limit: 0.005

Initial optimization model '': (model_fingerprint: 0x25a09524e2dd76fe)
#Variables: 512 (#ints: 76 in objective) (436 primary variables)
  - 76 in [0,24102]
  - 36 in [8640,24102]
  - 400 in [10080,24102]
#kInterval: 220 (#fixed: 2)
#kLinMax: 76 (#expressions: 152)
#kLinear1: 29
#kLinear2: 189
#kNoOverlap: 10 (#intervals: 220, #fixed_intervals: 2)

Starting presolve at 0.00s
  8.46e-05s  0.00e+00d  [DetectDominanceRelations] 
  2.05e-03s  0.00e+00d  [PresolveToFixPoint] #num_loops=10 #num_dual_strengthening=1 
  2.55e-06s  0.00e+00d  [ExtractEncodingFromLinear] 
  1.54e-05s  0.00e+00d  [DetectDuplicateColumns] 
  7.16e-05s  0.00e+00d  [DetectDuplicateConstraints] 
[Symmetry] Graph for symmetry has 1'267 nodes and 1'244 arcs.
[Symmetry] Symmetry computation done. time: 0.000129018 dtime: 0.00013731
  9.17e-05s  0.00e+00d  [DetectDuplicateConstraintsWithDifferentEnforcements] 
  6.65e-04s  4.21e-06d  [Probe] #new_bounds=11 
  2.42e-06s  0.00e+00d  [MaxClique] 
  7.67e-05s  0.00e+00d  [DetectDominanceRelations] 
  5.72e-04s  0.00e+00d  [PresolveToFixPoint] #num_loops=3 #num_dual_strengthening=2 
  3.18e-05s  0.00e+00d  [ProcessAtMostOneAndLinear] 
  6.71e-05s  0.00e+00d  [DetectDuplicateConstraints] 
  6.29e-05s  0.00e+00d  [DetectDuplicateConstraintsWithDifferentEnforcements] 
  3.24e-05s  1.48e-06d  [DetectDominatedLinearConstraints] #relevant_constraints=247 
  3.28e-05s  0.00e+00d  [DetectDifferentVariables] 
  2.40e-06s  0.00e+00d  [ProcessSetPPC] 
  2.52e-06s  0.00e+00d  [FindAlmostIdenticalLinearConstraints] 
  1.13e-05s  0.00e+00d  [FindBigAtMostOneAndLinearOverlap] 
  2.05e-05s  9.05e-06d  [FindBigVerticalLinearOverlap] 
  1.98e-06s  0.00e+00d  [FindBigHorizontalLinearOverlap] 
  1.68e-06s  0.00e+00d  [MergeClauses] 
  6.99e-05s  0.00e+00d  [DetectDominanceRelations] 
  4.14e-04s  0.00e+00d  [PresolveToFixPoint] #num_loops=1 #num_dual_strengthening=1 
  6.50e-05s  0.00e+00d  [DetectDominanceRelations] 
  3.91e-04s  0.00e+00d  [PresolveToFixPoint] #num_loops=1 #num_dual_strengthening=1 
  1.19e-05s  0.00e+00d  [DetectDuplicateColumns] 
  6.49e-05s  0.00e+00d  [DetectDuplicateConstraints] 
[Symmetry] Graph for symmetry has 1'265 nodes and 1'242 arcs.
[Symmetry] Symmetry computation done. time: 8.1921e-05 dtime: 0.00013715
  6.66e-05s  0.00e+00d  [DetectDuplicateConstraintsWithDifferentEnforcements] 
  4.83e-04s  2.40e-06d  [Probe] 
  1.86e-06s  0.00e+00d  [MaxClique] 
  6.98e-05s  0.00e+00d  [DetectDominanceRelations] 
  4.36e-04s  0.00e+00d  [PresolveToFixPoint] #num_loops=1 #num_dual_strengthening=1 
  3.21e-05s  0.00e+00d  [ProcessAtMostOneAndLinear] 
  6.20e-05s  0.00e+00d  [DetectDuplicateConstraints] 
  6.55e-05s  0.00e+00d  [DetectDuplicateConstraintsWithDifferentEnforcements] 
  2.83e-05s  1.48e-06d  [DetectDominatedLinearConstraints] #relevant_constraints=247 
  3.11e-05s  0.00e+00d  [DetectDifferentVariables] 
  2.10e-06s  0.00e+00d  [ProcessSetPPC] 
  2.56e-06s  0.00e+00d  [FindAlmostIdenticalLinearConstraints] 
  1.14e-05s  0.00e+00d  [FindBigAtMostOneAndLinearOverlap] 
  1.64e-05s  9.05e-06d  [FindBigVerticalLinearOverlap] 
  1.87e-06s  0.00e+00d  [FindBigHorizontalLinearOverlap] 
  1.62e-06s  0.00e+00d  [MergeClauses] 
  6.86e-05s  0.00e+00d  [DetectDominanceRelations] 
  3.98e-04s  0.00e+00d  [PresolveToFixPoint] #num_loops=1 #num_dual_strengthening=1 
  1.70e-05s  0.00e+00d  [ExpandObjective] 

Presolve summary:
  - 219 affine relations were detected.
  - rule 'TODO dual: only one blocking constraint?' was applied 672 times.
  - rule 'TODO dual: only one unspecified blocking constraint?' was applied 406 times.
  - rule 'affine: new relation' was applied 219 times.
  - rule 'dual: reduced domain' was applied 4 times.
  - rule 'intervals: removed unused interval' was applied 2 times.
  - rule 'lin_max: converted abs to equality' was applied 1 time.
  - rule 'lin_max: propagate domain from x to abs(x)' was applied 24 times.
  - rule 'lin_max: rewrite with precedences' was applied 58 times.
  - rule 'lin_max: target domain reduced' was applied 58 times.
  - rule 'linear1: x in domain' was applied 23 times.
  - rule 'linear: always true' was applied 64 times.
  - rule 'linear: reduced variable domains' was applied 1'133 times.
  - rule 'linear: remapped using affine relations' was applied 467 times.
  - rule 'no_overlap: split into disjoint components' was applied 2 times.
  - rule 'presolve: 0 unused variables removed.' was applied 1 time.
  - rule 'presolve: iteration' was applied 2 times.

Presolved optimization model '': (model_fingerprint: 0x5aa5d0e035128298)
#Variables: 293 (#ints: 76 in objective) (218 primary variables)
  - 252 different domains in [0,24081] with a largest complexity of 1.
#kInterval: 218
#kLinMax: 17 (#expressions: 34)
#kLinear2: 247
#kNoOverlap: 10 (#intervals: 218)
[Symmetry] Graph for symmetry has 1'046 nodes and 1'242 arcs.
[Symmetry] Symmetry computation done. time: 7.2668e-05 dtime: 0.00012401

Preloading model.
#Bound   0.01s best:inf   next:[44,2110612] initial_domain
#Model   0.01s var:293/293 constraints:492/492

Starting search at 0.01s with 104 workers.
18 full problem subsolvers: [core, default_lp, fixed, lb_tree_search, max_lp, no_lp, objective_lb_search, objective_lb_search_max_lp, objective_lb_search_no_lp, objective_shaving_max_lp, objective_shaving_no_lp, probing, probing_max_lp, probing_no_lp, pseudo_costs, quick_restart, quick_restart_no_lp, reduced_costs]
86 first solution subsolvers: [fj(25), fj_lin(12), fs_random(12), fs_random_no_lp(13), fs_random_quick_restart(12), fs_random_quick_restart_no_lp(12)]
45 interleaved subsolvers: [feasibility_pump, graph_arc_lns, graph_cst_lns, graph_dec_lns, graph_var_lns, lb_relax_lns, ls(19), ls_lin(10), rins/rens, rnd_cst_lns, rnd_var_lns, scheduling_intervals_lns, scheduling_precedences_lns, scheduling_resource_windows_lns, scheduling_time_window_lns, variables_shaving, variables_shaving_max_lp, variables_shaving_no_lp]
3 helper subsolvers: [neighborhood_helper, synchronization_agent, update_gap_integral]

#1       0.02s best:29306 next:[44,29305] no_lp
#2       0.02s best:29186 next:[44,29185] default_lp
#3       0.02s best:4340  next:[44,4339]  core
#4       0.03s best:4338  next:[44,4337]  ls_restart_decay(batch:1 lin{mvs:13 evals:62} gen{mvs:8 evals:54} #w_updates:26 #perturb:0)
#5       0.03s best:4332  next:[44,4331]  ls_restart(batch:1 lin{mvs:3 evals:13} #w_updates:0 #perturb:0)
#6       0.03s best:4326  next:[44,4325]  ls_restart_perturb(batch:1 lin{mvs:3 evals:13} #w_updates:0 #perturb:0)
#7       0.03s best:4320  next:[44,4319]  ls_restart(batch:1 lin{mvs:3 evals:13} #w_updates:0 #perturb:0)
#8       0.03s best:4314  next:[44,4313]  ls_lin_restart_perturb(batch:1 lin{mvs:3 evals:13} #w_updates:0 #perturb:0)
#9       0.03s best:4308  next:[44,4307]  ls_lin_restart_perturb(batch:1 lin{mvs:3 evals:13} #w_updates:0 #perturb:0)
#10      0.03s best:4302  next:[44,4301]  ls_restart_decay(batch:1 lin{mvs:3 evals:13} #w_updates:0 #perturb:0)
#11      0.03s best:4264  next:[44,4263]  ls_lin_restart_decay_perturb(batch:1 lin{mvs:4 evals:362} gen{mvs:169 evals:360} #w_updates:47 #perturb:0)
#12      0.03s best:4204  next:[44,4203]  ls_restart_compound(batch:1 lin{mvs:0 evals:46} gen{mvs:15 evals:7} comp{mvs:5 btracks:5} #w_updates:0 #perturb:0)
#13      0.03s best:4198  next:[44,4197]  ls_restart_perturb(batch:1 lin{mvs:3 evals:15} #w_updates:0 #perturb:0)
#Bound   0.03s best:4198  next:[45,4197]  objective_shaving_max_lp (vars=293 csts=493)
#14      0.03s best:4168  next:[45,4167]  ls_lin_restart_decay(batch:1 lin{mvs:4 evals:34} gen{mvs:8 evals:14} #w_updates:4 #perturb:0)
#15      0.03s best:4165  next:[45,4164]  ls_lin_restart_decay_compound_perturb(batch:1 lin{mvs:0 evals:36} gen{mvs:10 evals:5} comp{mvs:4 btracks:3} #w_updates:0 #perturb:0)
#16      0.03s best:4159  next:[45,4158]  ls_restart_perturb(batch:1 lin{mvs:7 evals:39} #w_updates:2 #perturb:0)
#17      0.03s best:4153  next:[45,4152]  ls_perturb(batch:1 lin{mvs:5 evals:27} #w_updates:1 #perturb:1)
#18      0.03s best:4147  next:[45,4146]  ls_lin_restart(batch:1 lin{mvs:3 evals:16} #w_updates:0 #perturb:0)
#19      0.04s best:4141  next:[45,4140]  ls_lin_restart_decay_perturb(batch:1 lin{mvs:4 evals:503} gen{mvs:137 evals:204} #w_updates:76 #perturb:0)
#Bound   0.04s best:4141  next:[46,4140]  objective_shaving_max_lp (vars=199 csts=397)
#Bound   0.04s best:4141  next:[51,4140]  objective_lb_search
#20      0.04s best:3910  next:[51,3909]  default_lp
#21      0.05s best:3117  next:[51,3116]  rnd_cst_lns (d=7.07e-01 s=77 t=0.10 p=1.00 stall=1 h=base)
#Bound   0.05s best:3117  next:[52,3116]  objective_shaving_max_lp (vars=291 csts=500)
#Bound   0.06s best:3117  next:[56,3116]  objective_shaving_max_lp (vars=291 csts=481)
#Bound   0.06s best:3117  next:[70,3116]  objective_lb_search
#22      0.06s best:3111  next:[70,3110]  ls_restart_decay(batch:1 lin{mvs:3 evals:19} gen{mvs:1 evals:2} #w_updates:0 #perturb:0)
#23      0.07s best:3096  next:[70,3095]  ls_restart(batch:1 lin{mvs:3 evals:2'210} gen{mvs:402 evals:446} #w_updates:244 #perturb:0)
#24      0.07s best:2502  next:[70,2501]  graph_arc_lns (d=7.07e-01 s=196 t=0.10 p=1.00 stall=1 h=base)
#25      0.08s best:2390  next:[70,2389]  ls_restart_compound(batch:1 lin{mvs:0 evals:8} gen{mvs:2 evals:0} comp{mvs:2 btracks:0} #w_updates:0 #perturb:0)
#26      0.08s best:2386  next:[70,2385]  ls_restart_perturb(batch:1 lin{mvs:3 evals:16} gen{mvs:2 evals:4} #w_updates:1 #perturb:0)
#27      0.08s best:2383  next:[70,2382]  ls_restart_decay_perturb(batch:1 lin{mvs:3 evals:13} gen{mvs:1 evals:1} #w_updates:1 #perturb:0)
#28      0.08s best:2380  next:[70,2379]  ls_restart_decay_compound(batch:1 lin{mvs:0 evals:25} gen{mvs:10 evals:4} comp{mvs:4 btracks:3} #w_updates:0 #perturb:0)
#29      0.08s best:2376  next:[70,2375]  ls_restart_decay_perturb(batch:1 lin{mvs:3 evals:18} gen{mvs:2 evals:5} #w_updates:1 #perturb:0)
#30      0.08s best:2372  next:[70,2371]  ls_restart_perturb(batch:1 lin{mvs:3 evals:21} gen{mvs:2 evals:4} #w_updates:1 #perturb:0)
#Bound   0.08s best:2372  next:[71,2371]  objective_shaving_no_lp (vars=292 csts=484)
#31      0.08s best:2369  next:[71,2368]  ls_restart_perturb(batch:1 lin{mvs:3 evals:16} #w_updates:1 #perturb:0)
#32      0.08s best:2366  next:[71,2365]  ls_restart_decay_compound_perturb(batch:1 lin{mvs:0 evals:8} gen{mvs:2 evals:1} comp{mvs:2 btracks:0} #w_updates:0 #perturb:0)
#33      0.08s best:2363  next:[71,2362]  ls_restart(batch:1 lin{mvs:3 evals:14} #w_updates:1 #perturb:0)
#34      0.08s best:2360  next:[71,2359]  ls_restart_decay_perturb(batch:1 lin{mvs:2 evals:10} #w_updates:0 #perturb:0)
#35      0.08s best:2350  next:[71,2349]  ls_restart_perturb(batch:1 lin{mvs:5 evals:1'444} gen{mvs:299 evals:401} #w_updates:211 #perturb:0)
#36      0.08s best:2338  next:[71,2337]  ls_restart_perturb(batch:1 lin{mvs:5 evals:1'444} gen{mvs:299 evals:401} #w_updates:211 #perturb:0) [combined with: ls_restart_decay_per...]
#37      0.08s best:2334  next:[71,2333]  ls_restart_perturb(batch:1 lin{mvs:3 evals:20} gen{mvs:2 evals:5} #w_updates:1 #perturb:0)
#38      0.08s best:2330  next:[71,2329]  ls_restart_decay_perturb(batch:1 lin{mvs:3 evals:22} gen{mvs:2 evals:5} #w_updates:1 #perturb:0)
#39      0.08s best:2326  next:[71,2325]  ls_lin_restart_decay_perturb(batch:1 lin{mvs:3 evals:21} gen{mvs:2 evals:5} #w_updates:1 #perturb:0)
#40      0.08s best:2322  next:[71,2321]  ls_lin_restart_decay_perturb(batch:1 lin{mvs:5 evals:32} gen{mvs:2 evals:5} #w_updates:2 #perturb:0)
#41      0.08s best:2319  next:[71,2318]  ls_lin_restart(batch:1 lin{mvs:3 evals:15} #w_updates:1 #perturb:0)
#42      0.09s best:2316  next:[71,2315]  ls_lin_restart(batch:1 lin{mvs:2 evals:10} #w_updates:0 #perturb:0)
#43      0.09s best:2313  next:[71,2312]  ls_lin_restart_perturb(batch:1 lin{mvs:3 evals:14} #w_updates:1 #perturb:0)
#44      0.09s best:2310  next:[71,2309]  ls_lin_restart(batch:1 lin{mvs:2 evals:10} #w_updates:0 #perturb:0)
#45      0.09s best:2308  next:[71,2307]  ls_lin_restart(batch:1 lin{mvs:5 evals:27} #w_updates:1 #perturb:0)
#46      0.09s best:2307  next:[71,2306]  ls_lin_restart_decay(batch:1 lin{mvs:3 evals:642} gen{mvs:143 evals:172} #w_updates:81 #perturb:0)
#47      0.09s best:899   next:[71,898]   core
#48      0.09s best:897   next:[71,896]   ls_restart_decay(batch:1 lin{mvs:3 evals:14} gen{mvs:1 evals:1} #w_updates:0 #perturb:0)
#49      0.09s best:853   next:[71,852]   ls_restart(batch:1 lin{mvs:3 evals:26} gen{mvs:6 evals:113} #w_updates:54 #perturb:0)
#50      0.09s best:851   next:[71,850]   ls_restart(batch:1 lin{mvs:3 evals:26} gen{mvs:6 evals:113} #w_updates:54 #perturb:0) [combined with: ls_restart_decay(bat...]
#51      0.09s best:849   next:[71,848]   ls_restart_decay_perturb(batch:1 lin{mvs:3 evals:14} #w_updates:0 #perturb:0)
#52      0.09s best:847   next:[71,846]   ls_restart_perturb(batch:1 lin{mvs:3 evals:13} #w_updates:0 #perturb:0)
#53      0.09s best:829   next:[71,828]   ls_restart_decay_compound_perturb(batch:1 lin{mvs:0 evals:11} gen{mvs:3 evals:1} comp{mvs:3 btracks:0} #w_updates:0 #perturb:0)
#54      0.09s best:828   next:[71,827]   ls_restart_compound_perturb(batch:1 lin{mvs:0 evals:35} gen{mvs:24 evals:15} comp{mvs:6 btracks:9} #w_updates:0 #perturb:0)
#55      0.09s best:741   next:[71,740]   ls_restart_compound(batch:1 lin{mvs:0 evals:10} gen{mvs:2 evals:0} comp{mvs:2 btracks:0} #w_updates:0 #perturb:0)
#56      0.09s best:739   next:[71,738]   ls_restart_decay_perturb(batch:1 lin{mvs:3 evals:13} #w_updates:0 #perturb:0)
#57      0.09s best:738   next:[71,737]   ls_restart_compound(batch:1 lin{mvs:0 evals:41} gen{mvs:22 evals:10} comp{mvs:4 btracks:9} #w_updates:0 #perturb:0) [combined with: ls_restart_decay_per...]
#58      0.09s best:736   next:[71,735]   ls_restart(batch:1 lin{mvs:3 evals:14} #w_updates:0 #perturb:0)
#59      0.09s best:735   next:[71,734]   ls_restart_decay_compound_perturb(batch:1 lin{mvs:0 evals:27} gen{mvs:10 evals:5} comp{mvs:4 btracks:3} #w_updates:0 #perturb:0)
#60      0.10s best:733   next:[71,732]   ls_restart_decay_perturb(batch:1 lin{mvs:3 evals:13} #w_updates:0 #perturb:0)
#61      0.10s best:732   next:[71,731]   ls_restart_compound_perturb(batch:1 lin{mvs:0 evals:25} gen{mvs:10 evals:5} comp{mvs:4 btracks:3} #w_updates:0 #perturb:0) [combined with: ls_restart_decay_per...]
#62      0.10s best:731   next:[71,730]   ls_restart_compound(batch:1 lin{mvs:0 evals:27} gen{mvs:12 evals:7} comp{mvs:6 btracks:3} #w_updates:0 #perturb:0)
#63      0.10s best:730   next:[71,729]   ls_lin_restart(batch:1 lin{mvs:3 evals:13} #w_updates:0 #perturb:0)
#64      0.10s best:729   next:[71,728]   ls_lin_restart(batch:1 lin{mvs:3 evals:13} #w_updates:0 #perturb:0) [combined with: ls_restart_compound(...]
#65      0.10s best:329   next:[71,328]   ls_restart_compound(batch:1 lin{mvs:0 evals:28} gen{mvs:12 evals:3} comp{mvs:4 btracks:4} #w_updates:0 #perturb:0)
#66      0.10s best:327   next:[71,326]   ls_restart_compound(batch:1 lin{mvs:0 evals:28} gen{mvs:12 evals:3} comp{mvs:4 btracks:4} #w_updates:0 #perturb:0) [combined with: ls_lin_restart(batch...]
#67      0.10s best:325   next:[71,324]   ls_restart_decay_perturb(batch:1 lin{mvs:3 evals:13} #w_updates:0 #perturb:0)
#68      0.10s best:324   next:[71,323]   ls_restart_compound_perturb(batch:1 lin{mvs:0 evals:7} gen{mvs:3 evals:2} comp{mvs:3 btracks:0} #w_updates:0 #perturb:0)
#69      0.10s best:323   next:[71,322]   ls_restart_decay(batch:1 lin{mvs:3 evals:26} gen{mvs:6 evals:8} #w_updates:2 #perturb:0)
#Bound   0.10s best:323   next:[75,322]   objective_shaving_max_lp (vars=292 csts=484)
#70      0.10s best:293   next:[75,292]   ls_lin_restart_decay_compound_perturb(batch:1 lin{mvs:0 evals:1'007} gen{mvs:767 evals:658} comp{mvs:21 btracks:373} #w_updates:13 #perturb:0) [combined with: ls_restart_decay(bat...]
#71      0.10s best:291   next:[75,290]   ls_lin_restart(batch:1 lin{mvs:3 evals:15} #w_updates:0 #perturb:0)
#72      0.10s best:290   next:[75,289]   ls_restart_decay_compound(batch:1 lin{mvs:0 evals:169} gen{mvs:134 evals:95} comp{mvs:8 btracks:63} #w_updates:1 #perturb:0) [combined with: ls_lin_restart(batch...]
#73      0.10s best:288   next:[75,287]   ls_restart_decay(batch:1 lin{mvs:3 evals:16} #w_updates:0 #perturb:0)
#74      0.10s best:286   next:[75,285]   ls_lin_restart_decay(batch:1 lin{mvs:3 evals:15} #w_updates:0 #perturb:0) [combined with: ls_restart_decay(bat...]
#75      0.10s best:284   next:[75,283]   ls_restart_perturb(batch:1 lin{mvs:3 evals:15} gen{mvs:1 evals:2} #w_updates:0 #perturb:0)
#76      0.10s best:282   next:[75,281]   ls_lin_restart_perturb(batch:1 lin{mvs:3 evals:15} #w_updates:0 #perturb:0) [combined with: ls_restart_perturb(b...]
#77      0.10s best:280   next:[75,279]   ls_lin_restart_decay_compound_perturb(batch:1 lin{mvs:0 evals:13} gen{mvs:3 evals:1} comp{mvs:3 btracks:0} #w_updates:0 #perturb:0) [combined with: ls_lin_restart_pertu...]
#78      0.10s best:279   next:[75,278]   ls_lin_restart_decay_compound_perturb(batch:1 lin{mvs:0 evals:25} gen{mvs:8 evals:6} comp{mvs:4 btracks:2} #w_updates:0 #perturb:0)
#79      0.10s best:278   next:[75,277]   ls_lin_restart_perturb(batch:1 lin{mvs:3 evals:14} #w_updates:0 #perturb:0)
#80      0.10s best:277   next:[75,276]   ls_lin_restart_perturb(batch:1 lin{mvs:3 evals:14} #w_updates:0 #perturb:0) [combined with: ls_lin_restart_decay...]
#81      0.10s best:276   next:[75,275]   ls_restart_decay_compound(batch:1 lin{mvs:0 evals:9} gen{mvs:3 evals:2} comp{mvs:3 btracks:0} #w_updates:0 #perturb:0) [combined with: ls_lin_restart_pertu...]
#82      0.10s best:272   next:[75,271]   ls_restart_perturb(batch:1 lin{mvs:2 evals:13} #w_updates:0 #perturb:0)
#83      0.10s best:270   next:[75,269]   ls_restart_perturb(batch:1 lin{mvs:3 evals:17} #w_updates:0 #perturb:0)
#84      0.10s best:269   next:[75,268]   ls_lin_restart_decay_compound(batch:1 lin{mvs:0 evals:9} gen{mvs:2 evals:1} comp{mvs:2 btracks:0} #w_updates:0 #perturb:0) [combined with: ls_restart_perturb(b...]
#85      0.10s best:267   next:[75,266]   ls_lin_restart_decay_perturb(batch:1 lin{mvs:3 evals:15} #w_updates:0 #perturb:0)
#86      0.10s best:266   next:[75,265]   ls_lin_restart(batch:1 lin{mvs:3 evals:63} gen{mvs:14 evals:20} #w_updates:7 #perturb:0) [combined with: ls_lin_restart_decay...]
#87      0.10s best:265   next:[75,264]   ls_restart_decay(batch:1 lin{mvs:3 evals:15} #w_updates:0 #perturb:0)
#88      0.10s best:264   next:[75,263]   ls_restart_decay(batch:1 lin{mvs:3 evals:15} #w_updates:0 #perturb:0) [combined with: ls_lin_restart(batch...]
#89      0.10s best:257   next:[75,256]   ls_lin_restart_decay(batch:1 lin{mvs:3 evals:281} gen{mvs:65 evals:112} #w_updates:31 #perturb:0)
#90      0.10s best:255   next:[75,254]   ls_restart_decay(batch:1 lin{mvs:3 evals:400} gen{mvs:80 evals:82} #w_updates:46 #perturb:0)
#91      0.10s best:251   next:[75,250]   ls_restart_decay(batch:1 lin{mvs:3 evals:400} gen{mvs:80 evals:82} #w_updates:46 #perturb:0) [combined with: ls_restart_decay(bat...]
#92      0.11s best:248   next:[75,247]   ls_lin_restart_decay(batch:1 lin{mvs:3 evals:218} gen{mvs:70 evals:114} #w_updates:43 #perturb:0)
#93      0.11s best:247   next:[75,246]   ls_restart_decay_perturb(batch:1 lin{mvs:3 evals:283} gen{mvs:76 evals:152} #w_updates:39 #perturb:0)
#94      0.11s best:245   next:[75,244]   ls_restart_decay_compound_perturb(batch:1 lin{mvs:0 evals:28} gen{mvs:13 evals:7} comp{mvs:7 btracks:3} #w_updates:0 #perturb:0)
#Bound   0.11s best:245   next:[81,244]   objective_shaving_max_lp (vars=292 csts=484)
#95      0.12s best:243   next:[81,242]   ls_restart_perturb(batch:1 lin{mvs:3 evals:22} #w_updates:0 #perturb:0)
#96      0.12s best:238   next:[81,237]   ls_lin_restart_decay_compound_perturb(batch:1 lin{mvs:0 evals:8'403} gen{mvs:4'368 evals:2'954} comp{mvs:158 btracks:2'105} #w_updates:72 #perturb:0) [combined with: ls_restart_perturb(b...]
#97      0.12s best:233   next:[81,232]   ls_lin_restart_decay_perturb(batch:1 lin{mvs:3 evals:46} gen{mvs:9 evals:14} #w_updates:4 #perturb:0)
#98      0.12s best:232   next:[81,231]   ls_lin_restart(batch:1 lin{mvs:3 evals:104} gen{mvs:18 evals:22} #w_updates:9 #perturb:0)
#99      0.12s best:231   next:[81,230]   ls_restart_perturb(batch:1 lin{mvs:3 evals:65} gen{mvs:12 evals:16} #w_updates:6 #perturb:0)
#Bound   0.12s best:231   next:[82,230]   objective_lb_search
#Bound   0.12s best:231   next:[83,230]   objective_lb_search
#Bound   0.12s best:231   next:[84,230]   objective_lb_search
#Bound   0.12s best:231   next:[85,230]   objective_lb_search
#Bound   0.12s best:231   next:[93,230]   objective_lb_search
#Bound   0.12s best:231   next:[96,230]   objective_lb_search
#100     0.13s best:223   next:[96,222]   ls_restart_decay(batch:1 lin{mvs:3 evals:1'175} gen{mvs:403 evals:887} #w_updates:142 #perturb:0)
#101     0.13s best:217   next:[96,216]   ls_restart_decay_compound(batch:1 lin{mvs:0 evals:75} gen{mvs:21 evals:7} comp{mvs:11 btracks:5} #w_updates:0 #perturb:0)
#102     0.13s best:204   next:[96,203]   ls_restart(batch:1 lin{mvs:3 evals:485} gen{mvs:98 evals:193} #w_updates:80 #perturb:0)
#103     0.13s best:202   next:[96,201]   ls_restart(batch:1 lin{mvs:2 evals:122} gen{mvs:25 evals:50} #w_updates:17 #perturb:0)
#104     0.13s best:200   next:[96,199]   ls_restart_decay_compound_perturb(batch:1 lin{mvs:0 evals:430} gen{mvs:155 evals:80} comp{mvs:9 btracks:73} #w_updates:1 #perturb:0)
#105     0.13s best:198   next:[96,197]   ls_restart(batch:1 lin{mvs:3 evals:72} gen{mvs:13 evals:23} #w_updates:8 #perturb:0)
#106     0.13s best:196   next:[96,195]   ls_restart_decay_compound_perturb(batch:1 lin{mvs:0 evals:62} gen{mvs:19 evals:14} comp{mvs:9 btracks:5} #w_updates:0 #perturb:0)
#107     0.13s best:194   next:[96,193]   ls_restart_decay_compound_perturb(batch:1 lin{mvs:0 evals:62} gen{mvs:19 evals:14} comp{mvs:9 btracks:5} #w_updates:0 #perturb:0) [combined with: ls_lin_restart_compo...]
#108     0.13s best:192   next:[96,191]   ls_restart_perturb(batch:1 lin{mvs:3 evals:30} gen{mvs:4 evals:7} #w_updates:2 #perturb:0)
#109     0.13s best:190   next:[96,189]   ls_restart_compound(batch:1 lin{mvs:0 evals:135} gen{mvs:43 evals:18} comp{mvs:7 btracks:18} #w_updates:0 #perturb:0)
#110     0.13s best:173   next:[96,172]   ls_lin_restart_decay(batch:1 lin{mvs:3 evals:715} gen{mvs:187 evals:438} #w_updates:67 #perturb:0)
#111     0.13s best:172   next:[96,171]   ls_lin_restart_compound_perturb(batch:1 lin{mvs:0 evals:443} gen{mvs:176 evals:94} comp{mvs:14 btracks:81} #w_updates:1 #perturb:0)
#112     0.13s best:168   next:[96,167]   ls_lin_restart_compound_perturb(batch:1 lin{mvs:0 evals:443} gen{mvs:176 evals:94} comp{mvs:14 btracks:81} #w_updates:1 #perturb:0) [combined with: ls_restart_compound(...]
#113     0.14s best:166   next:[96,165]   ls_restart_perturb(batch:1 lin{mvs:2 evals:43} gen{mvs:7 evals:12} #w_updates:4 #perturb:0)
#114     0.14s best:164   next:[96,163]   ls_restart_compound_perturb(batch:1 lin{mvs:0 evals:215} gen{mvs:74 evals:47} comp{mvs:8 btracks:33} #w_updates:0 #perturb:0)
#Bound   0.14s best:164   next:[97,163]   objective_shaving_max_lp (vars=292 csts=484)
#Bound   0.14s best:164   next:[99,163]   objective_lb_search
#Bound   0.14s best:164   next:[104,163]  objective_lb_search
#Bound   0.14s best:164   next:[112,163]  objective_lb_search
#115     0.14s best:162   next:[112,161]  ls_restart_decay(batch:1 lin{mvs:3 evals:35} gen{mvs:4 evals:7} #w_updates:2 #perturb:0)
#116     0.14s best:161   next:[112,160]  ls_restart_decay(batch:1 lin{mvs:3 evals:110} gen{mvs:17 evals:26} #w_updates:8 #perturb:0)
#117     0.15s best:160   next:[112,159]  quick_restart
#118     0.16s best:159   next:[112,158]  ls_lin_restart_decay(batch:1 lin{mvs:3 evals:24} gen{mvs:3 evals:7} #w_updates:1 #perturb:0)
#Bound   0.16s best:159   next:[113,158]  objective_shaving_max_lp (vars=292 csts=485)
#119     0.17s best:158   next:[118,157]  ls_lin_restart_compound(batch:1 lin{mvs:0 evals:2'310} gen{mvs:954 evals:551} comp{mvs:50 btracks:452} #w_updates:11 #perturb:0)
#120     0.17s best:157   next:[118,156]  quick_restart
#121     0.17s best:156   next:[118,155]  ls_lin_restart_perturb(batch:1 lin{mvs:3 evals:1'758} gen{mvs:371 evals:701} #w_updates:302 #perturb:0) [combined with: ls_lin_restart_compo...]
#122     0.17s best:155   next:[118,154]  ls_lin_restart_decay(batch:1 lin{mvs:2 evals:33} gen{mvs:7 evals:15} #w_updates:3 #perturb:0)
#123     0.18s best:154   next:[118,153]  ls_restart(batch:1 lin{mvs:2 evals:2'393} gen{mvs:595 evals:1'632} #w_updates:651 #perturb:0)
#124     0.18s best:152   next:[118,151]  ls_restart_decay_compound(batch:1 lin{mvs:0 evals:66} gen{mvs:21 evals:11} comp{mvs:9 btracks:6} #w_updates:0 #perturb:0)
#125     0.18s best:151   next:[118,150]  ls_lin_restart_decay(batch:1 lin{mvs:3 evals:437} gen{mvs:230 evals:670} #w_updates:66 #perturb:0)
#126     0.18s best:147   next:[118,146]  ls_lin_restart_decay(batch:1 lin{mvs:3 evals:437} gen{mvs:230 evals:670} #w_updates:66 #perturb:0) [combined with: ls_restart_decay_com...]
#127     0.18s best:146   next:[118,145]  ls_lin_restart_decay(batch:1 lin{mvs:3 evals:49} gen{mvs:8 evals:9} #w_updates:3 #perturb:0)
#128     0.19s best:145   next:[119,144]  ls_lin_restart_decay_compound(batch:1 lin{mvs:0 evals:1'011} gen{mvs:511 evals:321} comp{mvs:27 btracks:242} #w_updates:9 #perturb:0)
#Done    0.32s quick_restart
#Bound   0.32s best:145   next:[134,144]  pseudo_costs [skipped_logs=10]

Task timing                                  n [     min,      max]      avg      dev     time         n [     min,      max]      avg      dev    dtime
                             'core':         1 [312.28ms, 312.28ms] 312.28ms   0.00ns 312.28ms         1 [ 21.91ms,  21.91ms]  21.91ms   0.00ns  21.91ms
                       'default_lp':         1 [311.68ms, 311.68ms] 311.68ms   0.00ns 311.68ms         1 [ 86.76ms,  86.76ms]  86.76ms   0.00ns  86.76ms
                 'feasibility_pump':       141 [ 80.58us,   1.67ms] 175.42us 155.04us  24.73ms       140 [ 42.95us, 645.29us]  47.25us  50.72us   6.62ms
                            'fixed':         1 [311.60ms, 311.60ms] 311.60ms   0.00ns 311.60ms         1 [ 40.38ms,  40.38ms]  40.38ms   0.00ns  40.38ms
                               'fj':         0 [  0.00ns,   0.00ns]   0.00ns   0.00ns   0.00ns         0 [  0.00ns,   0.00ns]   0.00ns   0.00ns   0.00ns
                               'fj':         0 [  0.00ns,   0.00ns]   0.00ns   0.00ns   0.00ns         0 [  0.00ns,   0.00ns]   0.00ns   0.00ns   0.00ns
                               'fj':         0 [  0.00ns,   0.00ns]   0.00ns   0.00ns   0.00ns         0 [  0.00ns,   0.00ns]   0.00ns   0.00ns   0.00ns
                               'fj':         0 [  0.00ns,   0.00ns]   0.00ns   0.00ns   0.00ns         0 [  0.00ns,   0.00ns]   0.00ns   0.00ns   0.00ns
                               'fj':         0 [  0.00ns,   0.00ns]   0.00ns   0.00ns   0.00ns         0 [  0.00ns,   0.00ns]   0.00ns   0.00ns   0.00ns
                               'fj':         0 [  0.00ns,   0.00ns]   0.00ns   0.00ns   0.00ns         0 [  0.00ns,   0.00ns]   0.00ns   0.00ns   0.00ns
                               'fj':         0 [  0.00ns,   0.00ns]   0.00ns   0.00ns   0.00ns         0 [  0.00ns,   0.00ns]   0.00ns   0.00ns   0.00ns
                               'fj':         0 [  0.00ns,   0.00ns]   0.00ns   0.00ns   0.00ns         0 [  0.00ns,   0.00ns]   0.00ns   0.00ns   0.00ns
                               'fj':         0 [  0.00ns,   0.00ns]   0.00ns   0.00ns   0.00ns         0 [  0.00ns,   0.00ns]   0.00ns   0.00ns   0.00ns
                               'fj':         0 [  0.00ns,   0.00ns]   0.00ns   0.00ns   0.00ns         0 [  0.00ns,   0.00ns]   0.00ns   0.00ns   0.00ns
                               'fj':         0 [  0.00ns,   0.00ns]   0.00ns   0.00ns   0.00ns         0 [  0.00ns,   0.00ns]   0.00ns   0.00ns   0.00ns
                               'fj':         0 [  0.00ns,   0.00ns]   0.00ns   0.00ns   0.00ns         0 [  0.00ns,   0.00ns]   0.00ns   0.00ns   0.00ns
                               'fj':         0 [  0.00ns,   0.00ns]   0.00ns   0.00ns   0.00ns         0 [  0.00ns,   0.00ns]   0.00ns   0.00ns   0.00ns
                               'fj':         0 [  0.00ns,   0.00ns]   0.00ns   0.00ns   0.00ns         0 [  0.00ns,   0.00ns]   0.00ns   0.00ns   0.00ns
                               'fj':         0 [  0.00ns,   0.00ns]   0.00ns   0.00ns   0.00ns         0 [  0.00ns,   0.00ns]   0.00ns   0.00ns   0.00ns
                               'fj':         0 [  0.00ns,   0.00ns]   0.00ns   0.00ns   0.00ns         0 [  0.00ns,   0.00ns]   0.00ns   0.00ns   0.00ns
                               'fj':         0 [  0.00ns,   0.00ns]   0.00ns   0.00ns   0.00ns         0 [  0.00ns,   0.00ns]   0.00ns   0.00ns   0.00ns
                               'fj':         0 [  0.00ns,   0.00ns]   0.00ns   0.00ns   0.00ns         0 [  0.00ns,   0.00ns]   0.00ns   0.00ns   0.00ns
                               'fj':         0 [  0.00ns,   0.00ns]   0.00ns   0.00ns   0.00ns         0 [  0.00ns,   0.00ns]   0.00ns   0.00ns   0.00ns
                               'fj':         0 [  0.00ns,   0.00ns]   0.00ns   0.00ns   0.00ns         0 [  0.00ns,   0.00ns]   0.00ns   0.00ns   0.00ns
                               'fj':         0 [  0.00ns,   0.00ns]   0.00ns   0.00ns   0.00ns         0 [  0.00ns,   0.00ns]   0.00ns   0.00ns   0.00ns
                               'fj':         0 [  0.00ns,   0.00ns]   0.00ns   0.00ns   0.00ns         0 [  0.00ns,   0.00ns]   0.00ns   0.00ns   0.00ns
                               'fj':         0 [  0.00ns,   0.00ns]   0.00ns   0.00ns   0.00ns         0 [  0.00ns,   0.00ns]   0.00ns   0.00ns   0.00ns
                               'fj':         0 [  0.00ns,   0.00ns]   0.00ns   0.00ns   0.00ns         0 [  0.00ns,   0.00ns]   0.00ns   0.00ns   0.00ns
                               'fj':         0 [  0.00ns,   0.00ns]   0.00ns   0.00ns   0.00ns         0 [  0.00ns,   0.00ns]   0.00ns   0.00ns   0.00ns
                           'fj_lin':         0 [  0.00ns,   0.00ns]   0.00ns   0.00ns   0.00ns         0 [  0.00ns,   0.00ns]   0.00ns   0.00ns   0.00ns
                           'fj_lin':         0 [  0.00ns,   0.00ns]   0.00ns   0.00ns   0.00ns         0 [  0.00ns,   0.00ns]   0.00ns   0.00ns   0.00ns
                           'fj_lin':         0 [  0.00ns,   0.00ns]   0.00ns   0.00ns   0.00ns         0 [  0.00ns,   0.00ns]   0.00ns   0.00ns   0.00ns
                           'fj_lin':         0 [  0.00ns,   0.00ns]   0.00ns   0.00ns   0.00ns         0 [  0.00ns,   0.00ns]   0.00ns   0.00ns   0.00ns
                           'fj_lin':         0 [  0.00ns,   0.00ns]   0.00ns   0.00ns   0.00ns         0 [  0.00ns,   0.00ns]   0.00ns   0.00ns   0.00ns
                           'fj_lin':         0 [  0.00ns,   0.00ns]   0.00ns   0.00ns   0.00ns         0 [  0.00ns,   0.00ns]   0.00ns   0.00ns   0.00ns
                           'fj_lin':         0 [  0.00ns,   0.00ns]   0.00ns   0.00ns   0.00ns         0 [  0.00ns,   0.00ns]   0.00ns   0.00ns   0.00ns
                           'fj_lin':         0 [  0.00ns,   0.00ns]   0.00ns   0.00ns   0.00ns         0 [  0.00ns,   0.00ns]   0.00ns   0.00ns   0.00ns
                           'fj_lin':         0 [  0.00ns,   0.00ns]   0.00ns   0.00ns   0.00ns         0 [  0.00ns,   0.00ns]   0.00ns   0.00ns   0.00ns
                           'fj_lin':         0 [  0.00ns,   0.00ns]   0.00ns   0.00ns   0.00ns         0 [  0.00ns,   0.00ns]   0.00ns   0.00ns   0.00ns
                           'fj_lin':         0 [  0.00ns,   0.00ns]   0.00ns   0.00ns   0.00ns         0 [  0.00ns,   0.00ns]   0.00ns   0.00ns   0.00ns
                           'fj_lin':         0 [  0.00ns,   0.00ns]   0.00ns   0.00ns   0.00ns         0 [  0.00ns,   0.00ns]   0.00ns   0.00ns   0.00ns
                        'fs_random':         0 [  0.00ns,   0.00ns]   0.00ns   0.00ns   0.00ns         0 [  0.00ns,   0.00ns]   0.00ns   0.00ns   0.00ns
                        'fs_random':         0 [  0.00ns,   0.00ns]   0.00ns   0.00ns   0.00ns         0 [  0.00ns,   0.00ns]   0.00ns   0.00ns   0.00ns
                        'fs_random':         0 [  0.00ns,   0.00ns]   0.00ns   0.00ns   0.00ns         0 [  0.00ns,   0.00ns]   0.00ns   0.00ns   0.00ns
                        'fs_random':         0 [  0.00ns,   0.00ns]   0.00ns   0.00ns   0.00ns         0 [  0.00ns,   0.00ns]   0.00ns   0.00ns   0.00ns
                        'fs_random':         0 [  0.00ns,   0.00ns]   0.00ns   0.00ns   0.00ns         0 [  0.00ns,   0.00ns]   0.00ns   0.00ns   0.00ns
                        'fs_random':         0 [  0.00ns,   0.00ns]   0.00ns   0.00ns   0.00ns         0 [  0.00ns,   0.00ns]   0.00ns   0.00ns   0.00ns
                        'fs_random':         0 [  0.00ns,   0.00ns]   0.00ns   0.00ns   0.00ns         0 [  0.00ns,   0.00ns]   0.00ns   0.00ns   0.00ns
                        'fs_random':         0 [  0.00ns,   0.00ns]   0.00ns   0.00ns   0.00ns         0 [  0.00ns,   0.00ns]   0.00ns   0.00ns   0.00ns
                        'fs_random':         0 [  0.00ns,   0.00ns]   0.00ns   0.00ns   0.00ns         0 [  0.00ns,   0.00ns]   0.00ns   0.00ns   0.00ns
                        'fs_random':         1 [  1.90ms,   1.90ms]   1.90ms   0.00ns   1.90ms         0 [  0.00ns,   0.00ns]   0.00ns   0.00ns   0.00ns
                        'fs_random':         1 [  2.12ms,   2.12ms]   2.12ms   0.00ns   2.12ms         0 [  0.00ns,   0.00ns]   0.00ns   0.00ns   0.00ns
                        'fs_random':         1 [  2.75ms,   2.75ms]   2.75ms   0.00ns   2.75ms         0 [  0.00ns,   0.00ns]   0.00ns   0.00ns   0.00ns
                  'fs_random_no_lp':         0 [  0.00ns,   0.00ns]   0.00ns   0.00ns   0.00ns         0 [  0.00ns,   0.00ns]   0.00ns   0.00ns   0.00ns
                  'fs_random_no_lp':         0 [  0.00ns,   0.00ns]   0.00ns   0.00ns   0.00ns         0 [  0.00ns,   0.00ns]   0.00ns   0.00ns   0.00ns
                  'fs_random_no_lp':         0 [  0.00ns,   0.00ns]   0.00ns   0.00ns   0.00ns         0 [  0.00ns,   0.00ns]   0.00ns   0.00ns   0.00ns
                  'fs_random_no_lp':         0 [  0.00ns,   0.00ns]   0.00ns   0.00ns   0.00ns         0 [  0.00ns,   0.00ns]   0.00ns   0.00ns   0.00ns
                  'fs_random_no_lp':         0 [  0.00ns,   0.00ns]   0.00ns   0.00ns   0.00ns         0 [  0.00ns,   0.00ns]   0.00ns   0.00ns   0.00ns
                  'fs_random_no_lp':         0 [  0.00ns,   0.00ns]   0.00ns   0.00ns   0.00ns         0 [  0.00ns,   0.00ns]   0.00ns   0.00ns   0.00ns
                  'fs_random_no_lp':         0 [  0.00ns,   0.00ns]   0.00ns   0.00ns   0.00ns         0 [  0.00ns,   0.00ns]   0.00ns   0.00ns   0.00ns
                  'fs_random_no_lp':         0 [  0.00ns,   0.00ns]   0.00ns   0.00ns   0.00ns         0 [  0.00ns,   0.00ns]   0.00ns   0.00ns   0.00ns
                  'fs_random_no_lp':         0 [  0.00ns,   0.00ns]   0.00ns   0.00ns   0.00ns         0 [  0.00ns,   0.00ns]   0.00ns   0.00ns   0.00ns
                  'fs_random_no_lp':         0 [  0.00ns,   0.00ns]   0.00ns   0.00ns   0.00ns         0 [  0.00ns,   0.00ns]   0.00ns   0.00ns   0.00ns
                  'fs_random_no_lp':         1 [  1.22ms,   1.22ms]   1.22ms   0.00ns   1.22ms         1 [  8.38us,   8.38us]   8.38us   0.00ns   8.38us
                  'fs_random_no_lp':         1 [  2.07ms,   2.07ms]   2.07ms   0.00ns   2.07ms         1 [ 68.14us,  68.14us]  68.14us   0.00ns  68.14us
                  'fs_random_no_lp':         1 [  2.26ms,   2.26ms]   2.26ms   0.00ns   2.26ms         0 [  0.00ns,   0.00ns]   0.00ns   0.00ns   0.00ns
          'fs_random_quick_restart':         0 [  0.00ns,   0.00ns]   0.00ns   0.00ns   0.00ns         0 [  0.00ns,   0.00ns]   0.00ns   0.00ns   0.00ns
          'fs_random_quick_restart':         0 [  0.00ns,   0.00ns]   0.00ns   0.00ns   0.00ns         0 [  0.00ns,   0.00ns]   0.00ns   0.00ns   0.00ns
          'fs_random_quick_restart':         0 [  0.00ns,   0.00ns]   0.00ns   0.00ns   0.00ns         0 [  0.00ns,   0.00ns]   0.00ns   0.00ns   0.00ns
          'fs_random_quick_restart':         0 [  0.00ns,   0.00ns]   0.00ns   0.00ns   0.00ns         0 [  0.00ns,   0.00ns]   0.00ns   0.00ns   0.00ns
          'fs_random_quick_restart':         0 [  0.00ns,   0.00ns]   0.00ns   0.00ns   0.00ns         0 [  0.00ns,   0.00ns]   0.00ns   0.00ns   0.00ns
          'fs_random_quick_restart':         0 [  0.00ns,   0.00ns]   0.00ns   0.00ns   0.00ns         0 [  0.00ns,   0.00ns]   0.00ns   0.00ns   0.00ns
          'fs_random_quick_restart':         0 [  0.00ns,   0.00ns]   0.00ns   0.00ns   0.00ns         0 [  0.00ns,   0.00ns]   0.00ns   0.00ns   0.00ns
          'fs_random_quick_restart':         0 [  0.00ns,   0.00ns]   0.00ns   0.00ns   0.00ns         0 [  0.00ns,   0.00ns]   0.00ns   0.00ns   0.00ns
          'fs_random_quick_restart':         0 [  0.00ns,   0.00ns]   0.00ns   0.00ns   0.00ns         0 [  0.00ns,   0.00ns]   0.00ns   0.00ns   0.00ns
          'fs_random_quick_restart':         1 [  1.71ms,   1.71ms]   1.71ms   0.00ns   1.71ms         0 [  0.00ns,   0.00ns]   0.00ns   0.00ns   0.00ns
          'fs_random_quick_restart':         1 [  2.44ms,   2.44ms]   2.44ms   0.00ns   2.44ms         0 [  0.00ns,   0.00ns]   0.00ns   0.00ns   0.00ns
          'fs_random_quick_restart':         1 [  3.17ms,   3.17ms]   3.17ms   0.00ns   3.17ms         0 [  0.00ns,   0.00ns]   0.00ns   0.00ns   0.00ns
    'fs_random_quick_restart_no_lp':         0 [  0.00ns,   0.00ns]   0.00ns   0.00ns   0.00ns         0 [  0.00ns,   0.00ns]   0.00ns   0.00ns   0.00ns
    'fs_random_quick_restart_no_lp':         0 [  0.00ns,   0.00ns]   0.00ns   0.00ns   0.00ns         0 [  0.00ns,   0.00ns]   0.00ns   0.00ns   0.00ns
    'fs_random_quick_restart_no_lp':         0 [  0.00ns,   0.00ns]   0.00ns   0.00ns   0.00ns         0 [  0.00ns,   0.00ns]   0.00ns   0.00ns   0.00ns
    'fs_random_quick_restart_no_lp':         0 [  0.00ns,   0.00ns]   0.00ns   0.00ns   0.00ns         0 [  0.00ns,   0.00ns]   0.00ns   0.00ns   0.00ns
    'fs_random_quick_restart_no_lp':         0 [  0.00ns,   0.00ns]   0.00ns   0.00ns   0.00ns         0 [  0.00ns,   0.00ns]   0.00ns   0.00ns   0.00ns
    'fs_random_quick_restart_no_lp':         0 [  0.00ns,   0.00ns]   0.00ns   0.00ns   0.00ns         0 [  0.00ns,   0.00ns]   0.00ns   0.00ns   0.00ns
    'fs_random_quick_restart_no_lp':         0 [  0.00ns,   0.00ns]   0.00ns   0.00ns   0.00ns         0 [  0.00ns,   0.00ns]   0.00ns   0.00ns   0.00ns
    'fs_random_quick_restart_no_lp':         0 [  0.00ns,   0.00ns]   0.00ns   0.00ns   0.00ns         0 [  0.00ns,   0.00ns]   0.00ns   0.00ns   0.00ns
    'fs_random_quick_restart_no_lp':         0 [  0.00ns,   0.00ns]   0.00ns   0.00ns   0.00ns         0 [  0.00ns,   0.00ns]   0.00ns   0.00ns   0.00ns
    'fs_random_quick_restart_no_lp':         1 [  1.69ms,   1.69ms]   1.69ms   0.00ns   1.69ms         1 [ 33.66us,  33.66us]  33.66us   0.00ns  33.66us
    'fs_random_quick_restart_no_lp':         1 [  2.56ms,   2.56ms]   2.56ms   0.00ns   2.56ms         0 [  0.00ns,   0.00ns]   0.00ns   0.00ns   0.00ns
    'fs_random_quick_restart_no_lp':         1 [280.53us, 280.53us] 280.53us   0.00ns 280.53us         0 [  0.00ns,   0.00ns]   0.00ns   0.00ns   0.00ns
                    'graph_arc_lns':         8 [ 11.42ms, 291.48ms] 138.65ms 115.07ms    1.11s         8 [101.12us,  27.27ms]   8.82ms   9.09ms  70.54ms
                    'graph_cst_lns':         8 [  5.28ms, 291.92ms] 131.69ms 121.95ms    1.05s         8 [105.61us,  19.81ms]   7.49ms   7.49ms  59.96ms
                    'graph_dec_lns':         8 [  3.69ms, 278.38ms] 117.45ms 104.13ms 939.58ms         8 [ 43.28us,  18.26ms]   7.50ms   6.41ms  60.02ms
                    'graph_var_lns':         5 [  4.38ms, 297.70ms] 233.56ms 114.66ms    1.17s         5 [ 84.33us,  42.98ms]  16.40ms  14.20ms  82.00ms
                     'lb_relax_lns':         6 [256.58us, 292.07ms] 153.26ms 106.48ms 919.57ms         5 [  3.38ms,  18.61ms]  11.20ms   5.53ms  56.01ms
                   'lb_tree_search':         1 [315.56ms, 315.56ms] 315.56ms   0.00ns 315.56ms         1 [  9.67ms,   9.67ms]   9.67ms   0.00ns   9.67ms
                               'ls':         7 [  1.02ms,  70.88ms]  42.29ms  26.73ms 296.00ms         7 [476.00us, 100.02ms]  65.13ms  41.62ms 455.91ms
                               'ls':         8 [138.95us,  87.79ms]  36.45ms  33.37ms 291.62ms         7 [  6.70us, 100.11ms]  59.19ms  47.38ms 414.33ms
                               'ls':         8 [210.42us,  81.49ms]  36.43ms  34.88ms 291.47ms         7 [  6.70us, 100.15ms]  53.82ms  45.61ms 376.71ms
                               'ls':         8 [217.45us,  85.49ms]  37.46ms  31.97ms 299.66ms         8 [  6.72us, 100.05ms]  50.43ms  44.47ms 403.44ms
                               'ls':         8 [255.82us,  78.63ms]  37.29ms  27.44ms 298.28ms         8 [ 24.62us, 100.16ms]  59.95ms  43.66ms 479.58ms
                               'ls':         8 [786.00us,  79.27ms]  37.38ms  25.00ms 299.06ms         8 [941.60us, 100.06ms]  51.99ms  38.28ms 415.91ms
                               'ls':         9 [  2.12ms,  63.28ms]  33.14ms  23.62ms 298.30ms         9 [  2.63ms, 100.23ms]  50.20ms  39.47ms 451.81ms
                               'ls':         9 [136.15us,  87.52ms]  33.17ms  28.86ms 298.49ms         8 [  4.61us, 100.02ms]  52.85ms  39.97ms 422.77ms
                               'ls':         9 [169.00us,  85.03ms]  32.66ms  33.29ms 293.90ms         9 [  6.85us, 100.03ms]  46.31ms  48.12ms 416.79ms
                               'ls':         9 [217.73us,  80.94ms]  32.53ms  32.68ms 292.80ms         6 [  9.04ms, 100.13ms]  69.93ms  42.60ms 419.58ms
                               'ls':        11 [158.06us,  89.81ms]  26.56ms  30.25ms 292.18ms        11 [  6.70us, 100.12ms]  35.62ms  41.82ms 391.85ms
                               'ls':        11 [174.22us,  87.41ms]  26.87ms  30.08ms 295.53ms        11 [  6.22us, 100.21ms]  38.64ms  43.34ms 424.99ms
                               'ls':        11 [174.55us,  69.91ms]  27.14ms  28.45ms 298.55ms        10 [107.71us, 100.21ms]  42.26ms  41.90ms 422.60ms
                               'ls':        12 [176.58us,  85.16ms]  24.44ms  31.96ms 293.28ms        10 [  5.46us, 100.05ms]  41.77ms  47.65ms 417.69ms
                               'ls':        12 [207.05us,  93.29ms]  24.79ms  31.86ms 297.45ms        12 [ 53.35us, 100.01ms]  32.94ms  41.88ms 395.29ms
                               'ls':        14 [ 93.11us,  80.62ms]  21.04ms  29.09ms 294.56ms        12 [  5.10us, 100.06ms]  32.43ms  40.83ms 389.16ms
                               'ls':        17 [148.73us,  72.92ms]  17.61ms  26.53ms 299.42ms        15 [  5.62us, 100.02ms]  24.45ms  35.28ms 366.74ms
                               'ls':        21 [191.12us,  69.86ms]  13.72ms  20.41ms 288.10ms        21 [  5.28us, 100.03ms]  24.61ms  36.78ms 516.81ms
                               'ls':        24 [100.60us,  77.93ms]  12.39ms  22.29ms 297.31ms        24 [  6.75us, 100.04ms]  23.40ms  37.97ms 561.70ms
                           'ls_lin':         8 [  1.20ms,  72.37ms]  37.45ms  28.29ms 299.63ms         8 [  1.37ms, 100.03ms]  54.31ms  41.62ms 434.48ms
                           'ls_lin':         8 [199.79us,  78.29ms]  37.37ms  31.01ms 298.97ms         8 [  6.75us, 100.17ms]  54.20ms  46.97ms 433.64ms
                           'ls_lin':         9 [196.12us,  73.95ms]  32.46ms  31.41ms 292.18ms         8 [  6.70us, 100.04ms]  52.76ms  47.38ms 422.05ms
                           'ls_lin':        11 [260.60us,  71.28ms]  26.61ms  28.39ms 292.75ms        11 [ 77.16us, 100.03ms]  40.33ms  45.42ms 443.64ms
                           'ls_lin':        12 [341.23us,  87.58ms]  24.29ms  31.92ms 291.51ms        12 [  6.70us, 100.02ms]  33.16ms  41.66ms 397.96ms
                           'ls_lin':        12 [591.06us,  75.58ms]  24.44ms  26.42ms 293.30ms        12 [308.37us, 100.06ms]  32.91ms  37.26ms 394.87ms
                           'ls_lin':        16 [168.84us,  85.93ms]  18.59ms  27.98ms 297.43ms        15 [  6.75us, 100.02ms]  25.01ms  37.07ms 375.12ms
                           'ls_lin':        16 [240.54us,  86.99ms]  18.40ms  27.32ms 294.36ms        16 [  6.91us, 100.04ms]  24.68ms  37.81ms 394.91ms
                           'ls_lin':        17 [172.60us,  65.91ms]  17.16ms  25.88ms 291.68ms        17 [  5.62us, 100.08ms]  26.11ms  41.50ms 443.79ms
                           'ls_lin':        20 [141.25us,  74.44ms]  14.72ms  23.17ms 294.33ms        20 [  4.55us, 100.07ms]  21.65ms  35.35ms 432.95ms
                           'max_lp':         1 [312.45ms, 312.45ms] 312.45ms   0.00ns 312.45ms         1 [ 48.82ms,  48.82ms]  48.82ms   0.00ns  48.82ms
                            'no_lp':         1 [308.76ms, 308.76ms] 308.76ms   0.00ns 308.76ms         0 [  0.00ns,   0.00ns]   0.00ns   0.00ns   0.00ns
              'objective_lb_search':         1 [311.19ms, 311.19ms] 311.19ms   0.00ns 311.19ms         1 [ 90.30ms,  90.30ms]  90.30ms   0.00ns  90.30ms
       'objective_lb_search_max_lp':         1 [314.50ms, 314.50ms] 314.50ms   0.00ns 314.50ms         1 [ 10.59ms,  10.59ms]  10.59ms   0.00ns  10.59ms
        'objective_lb_search_no_lp':         1 [306.36ms, 306.36ms] 306.36ms   0.00ns 306.36ms         0 [  0.00ns,   0.00ns]   0.00ns   0.00ns   0.00ns
         'objective_shaving_max_lp':        43 [502.47us,  18.54ms]   7.09ms   4.88ms 305.05ms        30 [ 36.43us, 470.37us] 218.95us 113.11us   6.57ms
          'objective_shaving_no_lp':        43 [492.60us,  16.91ms]   6.91ms   5.17ms 297.20ms        28 [  1.01us, 470.37us] 211.09us 121.75us   5.91ms
                          'probing':         1 [316.18ms, 316.18ms] 316.18ms   0.00ns 316.18ms         1 [ 10.73ms,  10.73ms]  10.73ms   0.00ns  10.73ms
                   'probing_max_lp':         1 [309.04ms, 309.04ms] 309.04ms   0.00ns 309.04ms         1 [  4.35ms,   4.35ms]   4.35ms   0.00ns   4.35ms
                    'probing_no_lp':         1 [311.36ms, 311.36ms] 311.36ms   0.00ns 311.36ms         1 [ 15.55ms,  15.55ms]  15.55ms   0.00ns  15.55ms
                     'pseudo_costs':         1 [312.56ms, 312.56ms] 312.56ms   0.00ns 312.56ms         1 [ 50.61ms,  50.61ms]  50.61ms   0.00ns  50.61ms
                    'quick_restart':         1 [308.50ms, 308.50ms] 308.50ms   0.00ns 308.50ms         1 [ 50.52ms,  50.52ms]  50.52ms   0.00ns  50.52ms
              'quick_restart_no_lp':         1 [310.18ms, 310.18ms] 310.18ms   0.00ns 310.18ms         1 [ 36.06ms,  36.06ms]  36.06ms   0.00ns  36.06ms
                    'reduced_costs':         1 [317.03ms, 317.03ms] 317.03ms   0.00ns 317.03ms         1 [ 10.29ms,  10.29ms]  10.29ms   0.00ns  10.29ms
                        'rins/rens':         9 [385.05us, 296.07ms]  90.98ms 116.89ms 818.82ms         4 [  4.90ms,  33.03ms]  18.15ms  11.17ms  72.61ms
                      'rnd_cst_lns':         8 [  4.36ms, 280.54ms] 115.80ms 121.12ms 926.42ms         8 [ 56.59us,  17.10ms]   6.37ms   7.25ms  50.94ms
                      'rnd_var_lns':         9 [  6.04ms, 281.49ms] 100.95ms 101.63ms 908.55ms         9 [ 42.67us,  25.31ms]   9.59ms   9.95ms  86.28ms
         'scheduling_intervals_lns':         4 [289.62ms, 305.13ms] 295.43ms   6.14ms    1.18s         4 [  8.45ms,  19.19ms]  14.27ms   3.90ms  57.09ms
       'scheduling_precedences_lns':         4 [288.25ms, 306.69ms] 295.51ms   7.06ms    1.18s         4 [  8.40ms,  21.02ms]  14.81ms   4.54ms  59.23ms
  'scheduling_resource_windows_lns':         5 [  7.33ms, 307.41ms] 236.38ms 114.87ms    1.18s         4 [ 29.03ms,  98.78ms]  49.94ms  28.35ms 199.74ms
       'scheduling_time_window_lns':         4 [286.85ms, 305.77ms] 295.06ms   6.81ms    1.18s         4 [ 15.06ms,  38.72ms]  27.35ms   9.34ms 109.41ms
                'variables_shaving':        82 [  8.90ms, 152.73ms]  25.39ms  24.16ms    2.08s        82 [252.31us,   9.34ms] 829.50us   1.57ms  68.02ms
         'variables_shaving_max_lp':        12 [ 36.44ms,  87.95ms]  61.23ms  17.30ms 734.78ms        12 [688.85us,  11.76ms]   8.08ms   2.93ms  96.98ms
          'variables_shaving_no_lp':        81 [  7.01ms,  52.20ms]  16.55ms   8.81ms    1.34s        81 [234.32us,   3.68ms] 465.76us 497.89us  37.73ms

Search stats                        Bools  Conflicts  Branches  Restarts  BoolPropag  IntegerPropag
                           'core':    562        124     6'784     1'958      50'280         88'464
                     'default_lp':    784        469     4'775     1'228      32'444        707'378
                          'fixed':    622        370     3'095         1      17'241        330'317
                      'fs_random':      0          0         0         0           0              0
                      'fs_random':      0          0         0         0           0              0
                      'fs_random':      0          0         0         0           0              0
                      'fs_random':      0          0         0         0           0              0
                      'fs_random':      0          0         0         0           0              0
                      'fs_random':      0          0         0         0           0              0
                      'fs_random':      0          0         0         0           0              0
                      'fs_random':      0          0         0         0           0              0
                      'fs_random':      0          0         0         0           0              0
                      'fs_random':      0          0         0         0           0              0
                      'fs_random':      0          0         0         0           0              0
                      'fs_random':      0          0         0         0           0              0
                'fs_random_no_lp':      0          0         0         0           0              0
                'fs_random_no_lp':      0          0         0         0           0              0
                'fs_random_no_lp':      0          0         0         0           0              0
                'fs_random_no_lp':      0          0         0         0           0              0
                'fs_random_no_lp':      0          0         0         0           0              0
                'fs_random_no_lp':      0          0         0         0           0              0
                'fs_random_no_lp':      0          0         0         0           0              0
                'fs_random_no_lp':      0          0         0         0           0              0
                'fs_random_no_lp':      0          0         0         0           0              0
                'fs_random_no_lp':      0          0         0         0           0              0
                'fs_random_no_lp':      0          0         0         0           0              0
                'fs_random_no_lp':     27          0        27         0           0            443
                'fs_random_no_lp':      3          0         3         0           0             51
        'fs_random_quick_restart':      0          0         0         0           0              0
        'fs_random_quick_restart':      0          0         0         0           0              0
        'fs_random_quick_restart':      0          0         0         0           0              0
        'fs_random_quick_restart':      0          0         0         0           0              0
        'fs_random_quick_restart':      0          0         0         0           0              0
        'fs_random_quick_restart':      0          0         0         0           0              0
        'fs_random_quick_restart':      0          0         0         0           0              0
        'fs_random_quick_restart':      0          0         0         0           0              0
        'fs_random_quick_restart':      0          0         0         0           0              0
        'fs_random_quick_restart':      0          0         0         0           0              0
        'fs_random_quick_restart':      0          0         0         0           0              0
        'fs_random_quick_restart':      0          0         0         0           0              0
  'fs_random_quick_restart_no_lp':      0          0         0         0           0              0
  'fs_random_quick_restart_no_lp':      0          0         0         0           0              0
  'fs_random_quick_restart_no_lp':      0          0         0         0           0              0
  'fs_random_quick_restart_no_lp':      0          0         0         0           0              0
  'fs_random_quick_restart_no_lp':      0          0         0         0           0              0
  'fs_random_quick_restart_no_lp':      0          0         0         0           0              0
  'fs_random_quick_restart_no_lp':      0          0         0         0           0              0
  'fs_random_quick_restart_no_lp':      0          0         0         0           0              0
  'fs_random_quick_restart_no_lp':      0          0         0         0           0              0
  'fs_random_quick_restart_no_lp':      0          0         0         0           0              0
  'fs_random_quick_restart_no_lp':      0          0         0         0           0              0
  'fs_random_quick_restart_no_lp':     15          0        15         0           0            217
                 'lb_tree_search':  2'279          2     7'232     7'203       1'349         35'129
                         'max_lp':    387        159     1'107       176       5'224        134'526
                          'no_lp':    522        670     7'846       877      20'048        478'223
            'objective_lb_search':    584        343     5'574       627      26'465        753'522
     'objective_lb_search_max_lp':  2'281          4     4'673     4'589       4'634         39'988
      'objective_lb_search_no_lp':    555        409     6'819       509      12'986        541'310
                        'probing':  2'521        153     4'887     4'887      13'855         75'940
                 'probing_max_lp':  2'281          0     4'562     4'562          63         31'985
                  'probing_no_lp':  2'641        243     5'039     5'039      21'215        116'881
                   'pseudo_costs':    270        176     1'688       345       6'604        169'989
                  'quick_restart':    785        271     4'629       976      14'999        412'845
            'quick_restart_no_lp':    881        171     4'780       553      15'594        293'563
                  'reduced_costs':  2'334         19     4'752     4'593       5'866         41'354

SAT stats                           ClassicMinim  LitRemoved  LitLearned  LitForgotten  Subsumed  MClauses  MDecisions  MLitTrue  MSubsumed  MLitRemoved  MReused
                           'core':            45          91       2'418             0         1     1'340       1'954         0          1           13      792
                     'default_lp':           368       1'208       6'427             0        10         0           0         0          0            0        0
                          'fixed':            35          37       4'033             0         3         0           0         0          0            0        0
                      'fs_random':             0           0           0             0         0         0           0         0          0            0        0
                      'fs_random':             0           0           0             0         0         0           0         0          0            0        0
                      'fs_random':             0           0           0             0         0         0           0         0          0            0        0
                      'fs_random':             0           0           0             0         0         0           0         0          0            0        0
                      'fs_random':             0           0           0             0         0         0           0         0          0            0        0
                      'fs_random':             0           0           0             0         0         0           0         0          0            0        0
                      'fs_random':             0           0           0             0         0         0           0         0          0            0        0
                      'fs_random':             0           0           0             0         0         0           0         0          0            0        0
                      'fs_random':             0           0           0             0         0         0           0         0          0            0        0
                      'fs_random':             0           0           0             0         0         0           0         0          0            0        0
                      'fs_random':             0           0           0             0         0         0           0         0          0            0        0
                      'fs_random':             0           0           0             0         0         0           0         0          0            0        0
                'fs_random_no_lp':             0           0           0             0         0         0           0         0          0            0        0
                'fs_random_no_lp':             0           0           0             0         0         0           0         0          0            0        0
                'fs_random_no_lp':             0           0           0             0         0         0           0         0          0            0        0
                'fs_random_no_lp':             0           0           0             0         0         0           0         0          0            0        0
                'fs_random_no_lp':             0           0           0             0         0         0           0         0          0            0        0
                'fs_random_no_lp':             0           0           0             0         0         0           0         0          0            0        0
                'fs_random_no_lp':             0           0           0             0         0         0           0         0          0            0        0
                'fs_random_no_lp':             0           0           0             0         0         0           0         0          0            0        0
                'fs_random_no_lp':             0           0           0             0         0         0           0         0          0            0        0
                'fs_random_no_lp':             0           0           0             0         0         0           0         0          0            0        0
                'fs_random_no_lp':             0           0           0             0         0         0           0         0          0            0        0
                'fs_random_no_lp':             0           0           0             0         0         0           0         0          0            0        0
                'fs_random_no_lp':             0           0           0             0         0         0           0         0          0            0        0
        'fs_random_quick_restart':             0           0           0             0         0         0           0         0          0            0        0
        'fs_random_quick_restart':             0           0           0             0         0         0           0         0          0            0        0
        'fs_random_quick_restart':             0           0           0             0         0         0           0         0          0            0        0
        'fs_random_quick_restart':             0           0           0             0         0         0           0         0          0            0        0
        'fs_random_quick_restart':             0           0           0             0         0         0           0         0          0            0        0
        'fs_random_quick_restart':             0           0           0             0         0         0           0         0          0            0        0
        'fs_random_quick_restart':             0           0           0             0         0         0           0         0          0            0        0
        'fs_random_quick_restart':             0           0           0             0         0         0           0         0          0            0        0
        'fs_random_quick_restart':             0           0           0             0         0         0           0         0          0            0        0
        'fs_random_quick_restart':             0           0           0             0         0         0           0         0          0            0        0
        'fs_random_quick_restart':             0           0           0             0         0         0           0         0          0            0        0
        'fs_random_quick_restart':             0           0           0             0         0         0           0         0          0            0        0
  'fs_random_quick_restart_no_lp':             0           0           0             0         0         0           0         0          0            0        0
  'fs_random_quick_restart_no_lp':             0           0           0             0         0         0           0         0          0            0        0
  'fs_random_quick_restart_no_lp':             0           0           0             0         0         0           0         0          0            0        0
  'fs_random_quick_restart_no_lp':             0           0           0             0         0         0           0         0          0            0        0
  'fs_random_quick_restart_no_lp':             0           0           0             0         0         0           0         0          0            0        0
  'fs_random_quick_restart_no_lp':             0           0           0             0         0         0           0         0          0            0        0
  'fs_random_quick_restart_no_lp':             0           0           0             0         0         0           0         0          0            0        0
  'fs_random_quick_restart_no_lp':             0           0           0             0         0         0           0         0          0            0        0
  'fs_random_quick_restart_no_lp':             0           0           0             0         0         0           0         0          0            0        0
  'fs_random_quick_restart_no_lp':             0           0           0             0         0         0           0         0          0            0        0
  'fs_random_quick_restart_no_lp':             0           0           0             0         0         0           0         0          0            0        0
  'fs_random_quick_restart_no_lp':             0           0           0             0         0         0           0         0          0            0        0
                 'lb_tree_search':             0           0           3             0         0         0           0         0          0            0        0
                         'max_lp':            96         201       1'657             0         1         0           0         0          0            0        0
                          'no_lp':           556       2'445      18'576             0        11         1           1         0          1            5        0
            'objective_lb_search':           209         384       3'054             0         1        93          18         0          0            0      184
     'objective_lb_search_max_lp':             2           5           6             0         0         0           0         0          0            0        0
      'objective_lb_search_no_lp':           201         748       5'083             0         2         0           0         0          0            0        0
                        'probing':             0           0         153             0         0         0           0         0          0            0        0
                 'probing_max_lp':             0           0           0             0         0         0           0         0          0            0        0
                  'probing_no_lp':             0           0         243             0         0         0           0         0          0            0        0
                   'pseudo_costs':            31          53       1'055             0         1         9           9         0          9           33        0
                  'quick_restart':            86         240       1'853             0         1        23          60         0         10           41        3
            'quick_restart_no_lp':            79         149       2'199             0         1         0           0         0          0            0        0
                  'reduced_costs':            12          12         100             0         1         0           0         0          0            0        0

Lp stats                         Component  Iterations  AddedCuts  OPTIMAL  DUAL_F.  DUAL_U.
                  'default_lp':         29         245          0    5'897        0        0
                       'fixed':         29          56          0    5'357        0        0
                   'fs_random':         29          15          0       14        0        0
     'fs_random_quick_restart':         29           0          0        0        0        0
              'lb_tree_search':          1         458        405       50        1        0
                      'max_lp':          1       2'216        347      737       24        0
         'objective_lb_search':         29          46          0    6'771        0        0
  'objective_lb_search_max_lp':          1         559        586       28       14        0
                     'probing':         29          41          0   30'657        0        0
              'probing_max_lp':          1         260        256       18        0        0
                'pseudo_costs':          1       1'441        968      420       27        0
               'quick_restart':         29         174          0    7'515        0        0
               'reduced_costs':          1         502        555       42       12        0

Lp dimension                      Final dimension of first component
                  'default_lp':         3 rows, 6 columns, 6 entries
                       'fixed':         3 rows, 6 columns, 6 entries
                   'fs_random':         3 rows, 6 columns, 6 entries
     'fs_random_quick_restart':         0 rows, 6 columns, 0 entries
              'lb_tree_search':  503 rows, 293 columns, 1838 entries
                      'max_lp':   192 rows, 293 columns, 465 entries
         'objective_lb_search':         3 rows, 6 columns, 6 entries
  'objective_lb_search_max_lp':  459 rows, 293 columns, 2054 entries
                     'probing':         2 rows, 6 columns, 4 entries
              'probing_max_lp':  438 rows, 293 columns, 1618 entries
                'pseudo_costs':  410 rows, 293 columns, 1473 entries
               'quick_restart':         2 rows, 6 columns, 4 entries
               'reduced_costs':  439 rows, 293 columns, 2043 entries

Lp debug                         CutPropag  CutEqPropag  Adjust  Overflow    Bad  BadScaling
                  'default_lp':          0            0       0         0      0           0
                       'fixed':          0            0       0         0      0           0
                   'fs_random':          0            0       0         0      0           0
     'fs_random_quick_restart':          0            0       0         0      0           0
              'lb_tree_search':          0            0       0         0  3'133           0
                      'max_lp':          0            0       0         0  2'356           0
         'objective_lb_search':          0            0       0         0      0           0
  'objective_lb_search_max_lp':          0            8       2         0  1'997           0
                     'probing':          0            0       0         0      0           0
              'probing_max_lp':          0            0       0         0  7'302           0
                'pseudo_costs':          1           12       5         0  7'200           0
               'quick_restart':          0            0       0         0      0           0
               'reduced_costs':          0            3       0         0  1'294           0

Lp pool                          Constraints  Updates  Simplif  Merged  Shortened  Split  Strenghtened  Cuts/Call
                  'default_lp':          298        0       24       0          0      0             0        0/0
                       'fixed':          298        0        0       0          0      0             0        0/0
                   'fs_random':          298        0        0       0          0      0             0        0/0
     'fs_random_quick_restart':          298        0        0       0          0      0             0        0/0
              'lb_tree_search':          695      536      327       8          0      0             2  405/1'229
                      'max_lp':          634      295       87      11          0      0             1  347/7'465
         'objective_lb_search':          298        0      279       0          0      0             0        0/0
  'objective_lb_search_max_lp':          861      485      361      23          0      0             2  586/1'110
                     'probing':          298        0      768       0          0      0             2        0/0
              'probing_max_lp':          554        0        0       0          0      0             0    256/553
                'pseudo_costs':        1'136    1'289    2'173     130          0      0             2  968/6'559
               'quick_restart':          298        0      740       0          0      0             2        0/0
               'reduced_costs':          834      413      325      19          0      0             2    555/941

Lp Cut                                                max_lp  reduced_costs  pseudo_costs  lb_tree_search  probing_max_lp  objective_lb_search_max_lp
                                               CG_K:       -              -             3               2               -                           2
                                               CG_R:       4             13            29               8               5                          19
                                            MIR_1_K:       -              2             8               1               -                           2
                                            MIR_1_R:       -             12            12               2               -                          15
                                            MIR_2_K:       -              -             2               -               -                           -
                                            MIR_2_R:       -              -             1               1               -                           1
                                            MIR_3_K:       -              -             1               -               -                           -
                                            MIR_4_K:       -              -             1               -               -                           -
                                            MIR_4_R:       1              -             -               -               1                           -
                                            MIR_5_R:       -              -             -               1               -                           -
                  NoOverlapCompletionTimeExhaustive:       9             18            47              26               8                          25
           NoOverlapCompletionTimeExhaustive_lifted:      11             18            30              14               2                          20
  NoOverlapCompletionTimeExhaustive_lifted_weighted:      38             44            88              33              32                          53
         NoOverlapCompletionTimeExhaustive_weighted:      19             35            97              28              14                          39
                    NoOverlapCompletionTimeQueyrane:      49             88           129              46              39                          86
             NoOverlapCompletionTimeQueyrane_lifted:      89            135           181              96              73                         131
                        NoOverlapDetectedPrecedence:       9             26            78              41               -                          30
                          NoOverlapDisjunctionOnEnd:       3             15            29               8               -                          11
                        NoOverlapDisjunctionOnStart:     111            141           222              91              77                         147
                                        ZERO_HALF_R:       4              8            10               7               5                           5

LNS stats                             Improv/Calls  Closed  Difficulty  TimeLimit
                    'graph_arc_lns':           6/8     62%    8.49e-01       0.10
                    'graph_cst_lns':           4/8     62%    8.49e-01       0.10
                    'graph_dec_lns':           6/8     62%    8.49e-01       0.10
                    'graph_var_lns':           4/5     20%    1.76e-01       0.10
                     'lb_relax_lns':           4/5     40%    4.32e-01       0.50
                        'rins/rens':           7/9     67%    8.95e-01       0.10
                      'rnd_cst_lns':           5/8     62%    8.49e-01       0.10
                      'rnd_var_lns':           5/9     67%    8.95e-01       0.10
         'scheduling_intervals_lns':           3/4      0%    8.55e-02       0.10
       'scheduling_precedences_lns':           4/4      0%    8.55e-02       0.10
  'scheduling_resource_windows_lns':           4/4     25%    2.48e-01       0.10
       'scheduling_time_window_lns':           2/4      0%    8.55e-02       0.10

LS stats                                    Batches  Restarts/Perturbs  LinMoves  GenMoves  CompoundMoves  Bactracks  WeightUpdates  ScoreComputed
                       'ls_decay_perturb':        7                  7        33    23'404            554      9'081            822        938'033
                         'ls_lin_restart':       22                 22        71    16'254              0          0          8'842      1'598'621
                'ls_lin_restart_compound':       15                 15         0    63'773          2'193     30'780            914      1'417'542
        'ls_lin_restart_compound_perturb':       13                 13         0    50'854          1'605     24'622            684      1'138'075
                   'ls_lin_restart_decay':       18                 18        58    10'326              0          0          1'407        806'616
          'ls_lin_restart_decay_compound':       10                 10         0    33'858          2'010     15'919            402        762'409
  'ls_lin_restart_decay_compound_perturb':       20                 20         0    69'317          3'894     32'707            807      1'616'794
           'ls_lin_restart_decay_perturb':       19                 19        61    14'190              0          0          1'451      1'173'079
                 'ls_lin_restart_perturb':       12                 12        36    10'111              0          0          6'570        943'182
                             'ls_restart':       22                 22        64    28'491              0          0         20'501      1'981'950
                    'ls_restart_compound':       20                 20         0    57'806          2'000     27'902            865      1'194'124
            'ls_restart_compound_perturb':       28                 28         0   176'191          5'988     85'074          2'593      3'818'719
                       'ls_restart_decay':       22                 22        75    12'297              0          0          1'497        994'995
              'ls_restart_decay_compound':       23                 23         0    98'075          5'452     46'302          1'220      1'946'148
      'ls_restart_decay_compound_perturb':       31                 31         0    94'291          5'471     44'403          1'134      2'200'941
               'ls_restart_decay_perturb':       26                 26        74    34'528              0          0          3'136      2'834'250
                     'ls_restart_perturb':       37                 37       121    34'082              0          0         20'355      2'749'844

Solutions (128)                             Num       Rank
                                   'core':    2     [3,47]
                             'default_lp':    2     [2,20]
                          'graph_arc_lns':    1    [24,24]
                         'ls_lin_restart':   10    [18,98]
                'ls_lin_restart_compound':    1  [119,119]
        'ls_lin_restart_compound_perturb':    2  [111,112]
                   'ls_lin_restart_decay':   11   [14,127]
          'ls_lin_restart_decay_compound':    2   [84,128]
  'ls_lin_restart_decay_compound_perturb':    5    [15,96]
           'ls_lin_restart_decay_perturb':    6    [11,97]
                 'ls_lin_restart_perturb':    7    [8,121]
                             'ls_perturb':    1    [17,17]
                             'ls_restart':   11    [5,123]
                    'ls_restart_compound':    8   [12,109]
            'ls_restart_compound_perturb':    4   [54,114]
                       'ls_restart_decay':   13    [4,116]
              'ls_restart_decay_compound':    5   [28,124]
      'ls_restart_decay_compound_perturb':    7   [32,107]
               'ls_restart_decay_perturb':    9    [27,93]
                     'ls_restart_perturb':   17    [6,113]
                                  'no_lp':    1      [1,1]
                          'quick_restart':    2  [117,120]
                            'rnd_cst_lns':    1    [21,21]

Objective bounds                Num
             'initial_domain':    1
        'objective_lb_search':   12
  'objective_lb_search_no_lp':    2
   'objective_shaving_max_lp':   13
    'objective_shaving_no_lp':    3
               'pseudo_costs':    1

Solution repositories    Added  Queried  Synchro
  'feasible solutions':    475      504      322
   'fj solution hints':      0        0        0
        'lp solutions':     14        1       14
                'pump':    140        8

Improving bounds shared           Num  Sym
                 'default_lp':    876    0
                      'fixed':    264    0
             'lb_tree_search':    271    0
                     'max_lp':     30    0
                      'no_lp':  1'357    0
        'objective_lb_search':    616    0
  'objective_lb_search_no_lp':    349    0
                    'probing':     76    0
              'probing_no_lp':    290    0
               'pseudo_costs':    511    0
              'quick_restart':  7'681    0
        'quick_restart_no_lp':  1'427    0
              'reduced_costs':      9    0

CpSolverResponse summary:
status: OPTIMAL
objective: 145
best_bound: 145
integers: 294
booleans: 27
conflicts: 0
branches: 27
propagations: 0
integer_propagations: 443
restarts: 0
lp_iterations: 0
walltime: 0.345162
usertime: 0.345162
deterministic_time: 13.9894
gap_integral: 47.9981
solution_fingerprint: 0x7658d11dd6bc6526

