
Starting CP-SAT solver v9.14.6206
Parameters: max_time_in_seconds: 300 log_search_progress: true num_search_workers: 104 relative_gap_limit: 0.005

Initial optimization model '': (model_fingerprint: 0x7e1e0d493d5f65e6)
#Variables: 458 (#ints: 82 in objective) (376 primary variables)
  - 82 in [0,46963]
  - 2 in [31680,46963]
  - 54 in [33120,46963]
  - 320 in [34560,46963]
#kInterval: 195 (#fixed: 7)
#kLinMax: 82 (#expressions: 164)
#kLinear1: 27
#kLinear2: 161
#kNoOverlap: 10 (#intervals: 195, #fixed_intervals: 7)

Starting presolve at 0.00s
  7.93e-05s  0.00e+00d  [DetectDominanceRelations] 
  1.85e-03s  0.00e+00d  [PresolveToFixPoint] #num_loops=10 #num_dual_strengthening=1 
  3.08e-06s  0.00e+00d  [ExtractEncodingFromLinear] 
  1.19e-05s  0.00e+00d  [DetectDuplicateColumns] 
  6.83e-05s  0.00e+00d  [DetectDuplicateConstraints] 
[Symmetry] Graph for symmetry has 1'102 nodes and 1'056 arcs.
[Symmetry] Symmetry computation done. time: 8.0112e-05 dtime: 0.00010363
  6.44e-05s  0.00e+00d  [DetectDuplicateConstraintsWithDifferentEnforcements] 
  5.64e-04s  8.05e-06d  [Probe] #new_bounds=45 
  3.32e-06s  0.00e+00d  [MaxClique] 
  6.81e-05s  0.00e+00d  [DetectDominanceRelations] 
  5.39e-04s  0.00e+00d  [PresolveToFixPoint] #num_loops=3 #num_dual_strengthening=2 
  2.69e-05s  0.00e+00d  [ProcessAtMostOneAndLinear] 
  6.41e-05s  0.00e+00d  [DetectDuplicateConstraints] 
  5.74e-05s  0.00e+00d  [DetectDuplicateConstraintsWithDifferentEnforcements] 
  2.65e-05s  1.25e-06d  [DetectDominatedLinearConstraints] #relevant_constraints=209 
  2.88e-05s  0.00e+00d  [DetectDifferentVariables] 
  2.41e-06s  0.00e+00d  [ProcessSetPPC] 
  2.83e-06s  0.00e+00d  [FindAlmostIdenticalLinearConstraints] 
  9.99e-06s  0.00e+00d  [FindBigAtMostOneAndLinearOverlap] 
  1.56e-05s  7.72e-06d  [FindBigVerticalLinearOverlap] 
  2.20e-06s  0.00e+00d  [FindBigHorizontalLinearOverlap] 
  1.94e-06s  0.00e+00d  [MergeClauses] 
  6.16e-05s  0.00e+00d  [DetectDominanceRelations] 
  3.40e-04s  0.00e+00d  [PresolveToFixPoint] #num_loops=1 #num_dual_strengthening=1 
  5.79e-05s  0.00e+00d  [DetectDominanceRelations] 
  3.33e-04s  0.00e+00d  [PresolveToFixPoint] #num_loops=1 #num_dual_strengthening=1 
  9.85e-06s  0.00e+00d  [DetectDuplicateColumns] 
  5.66e-05s  0.00e+00d  [DetectDuplicateConstraints] 
[Symmetry] Graph for symmetry has 1'095 nodes and 1'050 arcs.
[Symmetry] Symmetry computation done. time: 6.6154e-05 dtime: 0.00010302
  6.00e-05s  0.00e+00d  [DetectDuplicateConstraintsWithDifferentEnforcements] 
  4.12e-04s  2.18e-06d  [Probe] 
  1.53e-06s  0.00e+00d  [MaxClique] 
  8.96e-05s  0.00e+00d  [DetectDominanceRelations] 
  4.13e-04s  0.00e+00d  [PresolveToFixPoint] #num_loops=1 #num_dual_strengthening=1 
  2.86e-05s  0.00e+00d  [ProcessAtMostOneAndLinear] 
  6.25e-05s  0.00e+00d  [DetectDuplicateConstraints] 
  5.58e-05s  0.00e+00d  [DetectDuplicateConstraintsWithDifferentEnforcements] 
  2.76e-05s  1.25e-06d  [DetectDominatedLinearConstraints] #relevant_constraints=209 
  2.86e-05s  0.00e+00d  [DetectDifferentVariables] 
  2.24e-06s  0.00e+00d  [ProcessSetPPC] 
  2.56e-06s  0.00e+00d  [FindAlmostIdenticalLinearConstraints] 
  1.02e-05s  0.00e+00d  [FindBigAtMostOneAndLinearOverlap] 
  1.58e-05s  7.72e-06d  [FindBigVerticalLinearOverlap] 
  1.96e-06s  0.00e+00d  [FindBigHorizontalLinearOverlap] 
  1.53e-06s  0.00e+00d  [MergeClauses] 
  6.47e-05s  0.00e+00d  [DetectDominanceRelations] 
  3.58e-04s  0.00e+00d  [PresolveToFixPoint] #num_loops=1 #num_dual_strengthening=1 
  1.71e-05s  0.00e+00d  [ExpandObjective] 

Presolve summary:
  - 206 affine relations were detected.
  - rule 'TODO dual: only one blocking constraint?' was applied 602 times.
  - rule 'TODO dual: only one unspecified blocking constraint?' was applied 336 times.
  - rule 'affine: new relation' was applied 206 times.
  - rule 'dual: reduced domain' was applied 8 times.
  - rule 'intervals: removed unused interval' was applied 7 times.
  - rule 'lin_max: converted abs to equality' was applied 15 times.
  - rule 'lin_max: converted to equality' was applied 6 times.
  - rule 'lin_max: propagate domain from x to abs(x)' was applied 32 times.
  - rule 'lin_max: removed exprs' was applied 6 times.
  - rule 'lin_max: rewrite with precedences' was applied 48 times.
  - rule 'lin_max: target domain reduced' was applied 54 times.
  - rule 'linear1: x in domain' was applied 21 times.
  - rule 'linear: always true' was applied 57 times.
  - rule 'linear: fixed or dup variables' was applied 3 times.
  - rule 'linear: reduced variable domains' was applied 941 times.
  - rule 'linear: remapped using affine relations' was applied 433 times.
  - rule 'no_overlap: split into disjoint components' was applied 7 times.
  - rule 'objective: variable not used elsewhere' was applied 3 times.
  - rule 'presolve: 3 unused variables removed.' was applied 1 time.
  - rule 'presolve: iteration' was applied 2 times.

Presolved optimization model '': (model_fingerprint: 0x3c3fcf9fcd74ad3c)
#Variables: 249 (#ints: 76 in objective) (188 primary variables)
  - 232 different domains in [0,46942] with a largest complexity of 1.
#kInterval: 188
#kLinMax: 13 (#expressions: 26)
#kLinear2: 209
#kNoOverlap: 10 (#intervals: 188)
[Symmetry] Graph for symmetry has 886 nodes and 1'050 arcs.
[Symmetry] Symmetry computation done. time: 5.9751e-05 dtime: 9.048e-05

Preloading model.
#Bound   0.01s best:inf   next:[12596,2294871] initial_domain
#Model   0.01s var:249/249 constraints:420/420

Starting search at 0.01s with 104 workers.
18 full problem subsolvers: [core, default_lp, fixed, lb_tree_search, max_lp, no_lp, objective_lb_search, objective_lb_search_max_lp, objective_lb_search_no_lp, objective_shaving_max_lp, objective_shaving_no_lp, probing, probing_max_lp, probing_no_lp, pseudo_costs, quick_restart, quick_restart_no_lp, reduced_costs]
86 first solution subsolvers: [fj(25), fj_lin(12), fs_random(12), fs_random_no_lp(13), fs_random_quick_restart(12), fs_random_quick_restart_no_lp(12)]
45 interleaved subsolvers: [feasibility_pump, graph_arc_lns, graph_cst_lns, graph_dec_lns, graph_var_lns, lb_relax_lns, ls(19), ls_lin(10), rins/rens, rnd_cst_lns, rnd_var_lns, scheduling_intervals_lns, scheduling_precedences_lns, scheduling_resource_windows_lns, scheduling_time_window_lns, variables_shaving, variables_shaving_max_lp, variables_shaving_no_lp]
3 helper subsolvers: [neighborhood_helper, synchronization_agent, update_gap_integral]

#Bound   0.01s best:inf   next:[12701,2294871] fixed
#1       0.02s best:36310 next:[12701,36309] quick_restart_no_lp
#2       0.02s best:21945 next:[12701,21944] core
#Bound   0.02s best:21945 next:[12703,21944] objective_lb_search
#3       0.02s best:21597 next:[12703,21596] rnd_cst_lns (d=5.00e-01 s=25 t=0.10 p=0.00 stall=0 h=base)
#4       0.02s best:21470 next:[12703,21469] rnd_var_lns (d=5.00e-01 s=24 t=0.10 p=0.00 stall=0 h=base)
#5       0.02s best:21414 next:[12703,21413] rnd_var_lns (d=5.00e-01 s=24 t=0.10 p=0.00 stall=0 h=base) [combined with: rnd_cst_lns (d=5.00e...]
#Bound   0.02s best:21414 next:[13077,21413] pseudo_costs
#6       0.03s best:21393 next:[13077,21392] ls_restart_decay_compound_perturb(batch:1 lin{mvs:0 evals:11} gen{mvs:2 evals:12} comp{mvs:2 btracks:0} #w_updates:0 #perturb:0)
#Bound   0.03s best:21393 next:[16107,21392] max_lp
#7       0.03s best:21055 next:[16107,21054] ls_restart_decay(batch:1 lin{mvs:8 evals:314} gen{mvs:88 evals:724} #w_updates:24 #perturb:0)
#8       0.03s best:20807 next:[16107,20806] ls_restart_perturb(batch:1 lin{mvs:5 evals:89} gen{mvs:7 evals:53} #w_updates:0 #perturb:0)
#9       0.03s best:20803 next:[16107,20802] ls_restart_decay_compound_perturb(batch:1 lin{mvs:0 evals:35} gen{mvs:14 evals:106} comp{mvs:4 btracks:5} #w_updates:0 #perturb:0) [combined with: ls_restart_perturb(b...]
#10      0.03s best:20783 next:[16107,20782] ls_lin_restart_decay_perturb(batch:1 lin{mvs:6 evals:101} gen{mvs:8 evals:72} #w_updates:0 #perturb:0)
#11      0.03s best:20779 next:[16107,20778] ls_lin_restart_decay_compound_perturb(batch:1 lin{mvs:0 evals:112} gen{mvs:46 evals:298} comp{mvs:12 btracks:17} #w_updates:0 #perturb:0) [combined with: ls_lin_restart_decay...]
#12      0.03s best:20446 next:[16107,20445] ls_lin_restart_decay_perturb(batch:1 lin{mvs:6 evals:315} gen{mvs:52 evals:623} #w_updates:30 #perturb:0)
#13      0.03s best:20442 next:[16107,20441] ls_lin_restart_decay_perturb(batch:1 lin{mvs:6 evals:315} gen{mvs:52 evals:623} #w_updates:30 #perturb:0) [combined with: ls_lin_restart_decay...]
#14      0.03s best:20438 next:[16107,20437] ls_restart_perturb(batch:1 lin{mvs:5 evals:101} gen{mvs:9 evals:100} #w_updates:0 #perturb:0)
#15      0.03s best:20435 next:[16107,20434] ls_restart_decay_compound_perturb(batch:1 lin{mvs:0 evals:40} gen{mvs:17 evals:113} comp{mvs:5 btracks:6} #w_updates:0 #perturb:0)
#16      0.03s best:20431 next:[16107,20430] ls_restart_decay_compound_perturb(batch:1 lin{mvs:0 evals:40} gen{mvs:17 evals:113} comp{mvs:5 btracks:6} #w_updates:0 #perturb:0) [combined with: ls_restart_perturb(b...]
#17      0.03s best:20427 next:[16107,20426] ls_restart(batch:1 lin{mvs:5 evals:158} gen{mvs:28 evals:224} #w_updates:8 #perturb:0) [combined with: ls_restart_decay_com...]
#18      0.03s best:20420 next:[16107,20419] ls_restart_decay_compound_perturb(batch:1 lin{mvs:0 evals:23} gen{mvs:7 evals:51} comp{mvs:5 btracks:1} #w_updates:0 #perturb:0)
#19      0.03s best:20416 next:[16107,20415] ls_lin_restart_compound(batch:1 lin{mvs:0 evals:7} gen{mvs:2 evals:16} comp{mvs:2 btracks:0} #w_updates:0 #perturb:0)
#Bound   0.03s best:20416 next:[16155,20415] max_lp
#20      0.03s best:20412 next:[16155,20411] ls_lin_restart(batch:1 lin{mvs:5 evals:382} gen{mvs:122 evals:996} #w_updates:20 #perturb:0)
#21      0.03s best:20385 next:[16155,20384] ls_lin_restart_perturb(batch:1 lin{mvs:5 evals:366} gen{mvs:112 evals:1'116} #w_updates:25 #perturb:0)
#22      0.04s best:19998 next:[16155,19997] ls_lin_restart_perturb(batch:1 lin{mvs:5 evals:367} gen{mvs:107 evals:1'359} #w_updates:123 #perturb:0)
#23      0.04s best:19929 next:[16155,19928] ls_lin_restart_perturb(batch:1 lin{mvs:5 evals:367} gen{mvs:107 evals:1'359} #w_updates:123 #perturb:0) [combined with: ls_lin_restart_pertu...]
#Bound   0.04s best:19929 next:[16270,19928] max_lp
#24      0.05s best:19908 next:[16270,19907] ls_lin_restart_compound_perturb(batch:1 lin{mvs:0 evals:6} gen{mvs:1 evals:15} comp{mvs:1 btracks:0} #w_updates:0 #perturb:0)
#Bound   0.05s best:19908 next:[16272,19907] max_lp
#25      0.05s best:19851 next:[16272,19850] ls_restart_decay(batch:1 lin{mvs:9 evals:185} gen{mvs:19 evals:186} #w_updates:1 #perturb:0)
#26      0.05s best:19707 next:[16272,19706] ls_lin_restart_perturb(batch:1 lin{mvs:8 evals:202} gen{mvs:25 evals:263} #w_updates:8 #perturb:0)
#27      0.05s best:19649 next:[16272,19648] quick_restart_no_lp
#28      0.06s best:19261 next:[16272,19260] ls_lin_restart_compound_perturb(batch:1 lin{mvs:0 evals:1'653} gen{mvs:584 evals:4'404} comp{mvs:34 btracks:275} #w_updates:7 #perturb:0) [combined with: quick_restart_no_lp...]
#29      0.06s best:18339 next:[16272,18338] lb_relax_lns_bool_h (d=5.00e-01 s=30 t=0.50 p=0.00 stall=0 h=base)
#30      0.06s best:18297 next:[16272,18296] ls_restart_decay_compound_perturb(batch:1 lin{mvs:0 evals:118} gen{mvs:43 evals:232} comp{mvs:5 btracks:19} #w_updates:0 #perturb:0)
#31      0.06s best:18230 next:[16272,18229] ls_restart(batch:1 lin{mvs:5 evals:452} gen{mvs:128 evals:1'450} #w_updates:99 #perturb:0)
#32      0.08s best:18210 next:[16272,18209] ls_lin_restart_perturb(batch:1 lin{mvs:4 evals:94} gen{mvs:11 evals:116} #w_updates:0 #perturb:0)
#33      0.08s best:18199 next:[16272,18198] ls_restart_compound(batch:1 lin{mvs:0 evals:1'012} gen{mvs:404 evals:2'446} comp{mvs:28 btracks:188} #w_updates:2 #perturb:0) [combined with: ls_lin_restart_pertu...]
#34      0.08s best:18146 next:[16272,18145] ls_restart_decay_perturb(batch:1 lin{mvs:4 evals:444} gen{mvs:122 evals:1'150} #w_updates:26 #perturb:0)
#35      0.08s best:18135 next:[16272,18134] ls_restart_decay_perturb(batch:1 lin{mvs:4 evals:444} gen{mvs:122 evals:1'150} #w_updates:26 #perturb:0) [combined with: ls_restart_compound(...]
#36      0.08s best:18119 next:[16272,18118] ls_restart_decay_perturb(batch:1 lin{mvs:4 evals:105} gen{mvs:8 evals:106} #w_updates:1 #perturb:0)
#37      0.08s best:18093 next:[16272,18092] ls_lin_restart_decay_perturb(batch:1 lin{mvs:4 evals:538} gen{mvs:139 evals:1'399} #w_updates:67 #perturb:0) [combined with: ls_restart_decay_per...]
#38      0.08s best:18081 next:[16272,18080] ls_decay(batch:2 lin{mvs:4 evals:5'575} gen{mvs:2'202 evals:14'738} comp{mvs:75 btracks:1'058} #w_updates:22 #perturb:2)
#39      0.08s best:17982 next:[16272,17981] ls_restart_decay(batch:1 lin{mvs:4 evals:104} gen{mvs:12 evals:140} #w_updates:1 #perturb:0)
#40      0.09s best:17979 next:[16272,17978] ls_restart_decay_compound_perturb(batch:1 lin{mvs:0 evals:20} gen{mvs:4 evals:44} comp{mvs:4 btracks:0} #w_updates:0 #perturb:0)
#41      0.09s best:17902 next:[16272,17901] ls_decay(batch:3 lin{mvs:8 evals:5'659} gen{mvs:2'208 evals:14'813} comp{mvs:75 btracks:1'058} #w_updates:22 #perturb:3)
#42      0.09s best:17899 next:[16272,17898] ls_decay(batch:3 lin{mvs:8 evals:5'659} gen{mvs:2'208 evals:14'813} comp{mvs:75 btracks:1'058} #w_updates:22 #perturb:3) [combined with: ls_restart_decay_com...]
#43      0.10s best:17887 next:[16272,17886] ls_restart_decay(batch:1 lin{mvs:4 evals:87} gen{mvs:6 evals:79} #w_updates:0 #perturb:0)
#44      0.10s best:17883 next:[16272,17882] ls_lin_restart_compound_perturb(batch:1 lin{mvs:0 evals:7} gen{mvs:2 evals:19} comp{mvs:2 btracks:0} #w_updates:0 #perturb:0)
#45      0.10s best:17879 next:[16272,17878] ls_lin_restart_perturb(batch:1 lin{mvs:4 evals:113} gen{mvs:12 evals:127} #w_updates:2 #perturb:0)
#46      0.10s best:17875 next:[16272,17874] ls_lin_restart_perturb(batch:1 lin{mvs:4 evals:113} gen{mvs:12 evals:127} #w_updates:2 #perturb:0) [combined with: ls_lin_restart_compo...]
#47      0.10s best:17871 next:[16272,17870] ls_restart_perturb(batch:1 lin{mvs:4 evals:80} gen{mvs:6 evals:70} #w_updates:0 #perturb:0)
#48      0.10s best:17837 next:[16272,17836] ls_lin_restart_decay_perturb(batch:1 lin{mvs:4 evals:135} gen{mvs:21 evals:239} #w_updates:6 #perturb:0)
#49      0.10s best:17829 next:[16272,17828] ls_lin_restart_decay(batch:1 lin{mvs:5 evals:100} gen{mvs:11 evals:104} #w_updates:1 #perturb:0)
#50      0.10s best:17773 next:[16272,17772] ls_lin_restart_decay_perturb(batch:1 lin{mvs:4 evals:376} gen{mvs:94 evals:897} #w_updates:22 #perturb:0)
#51      0.11s best:17770 next:[16272,17769] ls_restart_decay_compound(batch:1 lin{mvs:0 evals:2'540} gen{mvs:1'148 evals:7'048} comp{mvs:82 btracks:533} #w_updates:12 #perturb:0) [combined with: ls_lin_restart_decay...]
#52      0.11s best:17769 next:[16272,17768] ls_decay_perturb(batch:6 lin{mvs:16 evals:6'366} gen{mvs:2'398 evals:16'320} comp{mvs:79 btracks:1'106} #w_updates:43 #perturb:6)
#53      0.11s best:17766 next:[16272,17765] ls_decay_perturb(batch:6 lin{mvs:16 evals:6'366} gen{mvs:2'398 evals:16'320} comp{mvs:79 btracks:1'106} #w_updates:43 #perturb:6) [combined with: ls_restart_decay_com...]
#54      0.11s best:16897 next:[16272,16896] ls_restart_decay_perturb(batch:1 lin{mvs:3 evals:56} gen{mvs:2 evals:31} #w_updates:0 #perturb:0)
#55      0.11s best:16893 next:[16272,16892] ls_restart_perturb(batch:1 lin{mvs:2 evals:43} gen{mvs:1 evals:17} #w_updates:0 #perturb:0)
#56      0.11s best:16889 next:[16272,16888] ls_restart_perturb(batch:1 lin{mvs:2 evals:47} gen{mvs:2 evals:33} #w_updates:0 #perturb:0)
#57      0.11s best:16876 next:[16272,16875] ls_lin_restart(batch:1 lin{mvs:4 evals:800} gen{mvs:205 evals:3'246} #w_updates:516 #perturb:0) [combined with: ls_restart_perturb(b...]
#58      0.11s best:16806 next:[16272,16805] quick_restart_no_lp
#59      0.11s best:16797 next:[16272,16796] ls_compound_perturb(batch:7 lin{mvs:16 evals:6'378} gen{mvs:2'400 evals:16'347} comp{mvs:81 btracks:1'106} #w_updates:43 #perturb:7)
#60      0.11s best:16779 next:[16272,16778] ls_lin_restart_decay_perturb(batch:1 lin{mvs:3 evals:235} gen{mvs:49 evals:586} #w_updates:22 #perturb:0) [combined with: ls_compound_perturb(...]
#61      0.12s best:16758 next:[16272,16757] ls_lin_restart_decay(batch:1 lin{mvs:2 evals:604} gen{mvs:151 evals:1'574} #w_updates:68 #perturb:0)
#62      0.12s best:16746 next:[16272,16745] ls_restart_decay_perturb(batch:1 lin{mvs:2 evals:557} gen{mvs:181 evals:1'650} #w_updates:65 #perturb:0) [combined with: ls_lin_restart_decay...]
#63      0.13s best:16745 next:[16272,16744] quick_restart_no_lp
#64      0.13s best:16739 next:[16272,16738] quick_restart_no_lp
#65      0.15s best:16737 next:[16272,16736] quick_restart
#66      0.16s best:16713 next:[16272,16712] graph_dec_lns (d=7.07e-01 s=288 t=0.10 p=1.00 stall=1 h=base)
#67      0.18s best:16707 next:[16272,16706] graph_dec_lns (d=7.07e-01 s=318 t=0.10 p=1.00 stall=1 h=base) [combined with: graph_dec_lns (d=7.0...]
#68      0.18s best:16701 next:[16272,16700] ls_restart_perturb(batch:1 lin{mvs:2 evals:53} gen{mvs:4 evals:43} #w_updates:0 #perturb:0)
#Bound   0.18s best:16701 next:[16290,16700] objective_lb_search_max_lp
#69      0.20s best:16663 next:[16290,16662] ls_restart_decay_perturb(batch:1 lin{mvs:2 evals:957} gen{mvs:243 evals:2'704} #w_updates:79 #perturb:0)
#70      0.21s best:16643 next:[16290,16642] ls_lin_restart_decay_compound_perturb(batch:1 lin{mvs:0 evals:362} gen{mvs:101 evals:707} comp{mvs:9 btracks:46} #w_updates:1 #perturb:0)
#71      0.21s best:16631 next:[16290,16630] ls_lin_restart_compound_perturb(batch:1 lin{mvs:0 evals:17} gen{mvs:3 evals:33} comp{mvs:3 btracks:0} #w_updates:0 #perturb:0)
#72      0.21s best:16628 next:[16290,16627] ls_lin_restart_decay_compound_perturb(batch:1 lin{mvs:0 evals:16} gen{mvs:3 evals:33} comp{mvs:3 btracks:0} #w_updates:0 #perturb:0)
#73      0.21s best:16605 next:[16290,16604] ls_restart_compound(batch:1 lin{mvs:0 evals:584} gen{mvs:163 evals:1'206} comp{mvs:9 btracks:77} #w_updates:2 #perturb:0)
#Bound   0.34s best:16605 next:[16296,16604] objective_lb_search_max_lp
#Bound   0.37s best:16605 next:[16300,16604] objective_lb_search_max_lp
#Bound   0.38s best:16605 next:[16306,16604] lb_tree_search (nodes=5/5 rc=0 decisions=142 @root=4 restarts=0 lp_iters=[0, 0, 29, 167]) 
#Bound   0.39s best:16605 next:[16324,16604] lb_tree_search (nodes=6/6 rc=0 decisions=145 @root=4 restarts=0 lp_iters=[0, 0, 38, 170]) 
#Bound   0.40s best:16605 next:[16326,16604] objective_lb_search_max_lp
#Bound   0.44s best:16605 next:[16335,16604] objective_lb_search_max_lp
#Bound   0.45s best:16605 next:[16340,16604] objective_lb_search_max_lp
#Bound   0.46s best:16605 next:[16350,16604] objective_lb_search_max_lp
#Bound   0.48s best:16605 next:[16351,16604] objective_lb_search_max_lp
#Bound   0.50s best:16605 next:[16372,16604] objective_lb_search_max_lp
#Bound   0.55s best:16605 next:[16373,16604] objective_lb_search_max_lp
#Bound   0.57s best:16605 next:[16389,16604] objective_lb_search_max_lp
#Done    0.89s probing_no_lp
#Done    0.89s core
#Bound   0.87s best:16605 next:[16507,16604] objective_lb_search_max_lp [skipped_logs=8]

Task timing                                  n [     min,      max]      avg      dev     time         n [     min,      max]      avg      dev    dtime
                             'core':         1 [881.70ms, 881.70ms] 881.70ms   0.00ns 881.70ms         1 [   1.21s,    1.21s]    1.21s   0.00ns    1.21s
                       'default_lp':         1 [874.05ms, 874.05ms] 874.05ms   0.00ns 874.05ms         0 [  0.00ns,   0.00ns]   0.00ns   0.00ns   0.00ns
                 'feasibility_pump':       101 [ 95.24us,   1.18ms] 147.84us 133.73us  14.93ms       100 [ 35.90us, 444.44us]  39.99us  40.65us   4.00ms
                            'fixed':         1 [876.41ms, 876.41ms] 876.41ms   0.00ns 876.41ms         1 [156.34ms, 156.34ms] 156.34ms   0.00ns 156.34ms
                               'fj':         0 [  0.00ns,   0.00ns]   0.00ns   0.00ns   0.00ns         0 [  0.00ns,   0.00ns]   0.00ns   0.00ns   0.00ns
                               'fj':         0 [  0.00ns,   0.00ns]   0.00ns   0.00ns   0.00ns         0 [  0.00ns,   0.00ns]   0.00ns   0.00ns   0.00ns
                               'fj':         0 [  0.00ns,   0.00ns]   0.00ns   0.00ns   0.00ns         0 [  0.00ns,   0.00ns]   0.00ns   0.00ns   0.00ns
                               'fj':         0 [  0.00ns,   0.00ns]   0.00ns   0.00ns   0.00ns         0 [  0.00ns,   0.00ns]   0.00ns   0.00ns   0.00ns
                               'fj':         0 [  0.00ns,   0.00ns]   0.00ns   0.00ns   0.00ns         0 [  0.00ns,   0.00ns]   0.00ns   0.00ns   0.00ns
                               'fj':         0 [  0.00ns,   0.00ns]   0.00ns   0.00ns   0.00ns         0 [  0.00ns,   0.00ns]   0.00ns   0.00ns   0.00ns
                               'fj':         0 [  0.00ns,   0.00ns]   0.00ns   0.00ns   0.00ns         0 [  0.00ns,   0.00ns]   0.00ns   0.00ns   0.00ns
                               'fj':         0 [  0.00ns,   0.00ns]   0.00ns   0.00ns   0.00ns         0 [  0.00ns,   0.00ns]   0.00ns   0.00ns   0.00ns
                               'fj':         0 [  0.00ns,   0.00ns]   0.00ns   0.00ns   0.00ns         0 [  0.00ns,   0.00ns]   0.00ns   0.00ns   0.00ns
                               'fj':         0 [  0.00ns,   0.00ns]   0.00ns   0.00ns   0.00ns         0 [  0.00ns,   0.00ns]   0.00ns   0.00ns   0.00ns
                               'fj':         0 [  0.00ns,   0.00ns]   0.00ns   0.00ns   0.00ns         0 [  0.00ns,   0.00ns]   0.00ns   0.00ns   0.00ns
                               'fj':         0 [  0.00ns,   0.00ns]   0.00ns   0.00ns   0.00ns         0 [  0.00ns,   0.00ns]   0.00ns   0.00ns   0.00ns
                               'fj':         0 [  0.00ns,   0.00ns]   0.00ns   0.00ns   0.00ns         0 [  0.00ns,   0.00ns]   0.00ns   0.00ns   0.00ns
                               'fj':         0 [  0.00ns,   0.00ns]   0.00ns   0.00ns   0.00ns         0 [  0.00ns,   0.00ns]   0.00ns   0.00ns   0.00ns
                               'fj':         0 [  0.00ns,   0.00ns]   0.00ns   0.00ns   0.00ns         0 [  0.00ns,   0.00ns]   0.00ns   0.00ns   0.00ns
                               'fj':         0 [  0.00ns,   0.00ns]   0.00ns   0.00ns   0.00ns         0 [  0.00ns,   0.00ns]   0.00ns   0.00ns   0.00ns
                               'fj':         0 [  0.00ns,   0.00ns]   0.00ns   0.00ns   0.00ns         0 [  0.00ns,   0.00ns]   0.00ns   0.00ns   0.00ns
                               'fj':         0 [  0.00ns,   0.00ns]   0.00ns   0.00ns   0.00ns         0 [  0.00ns,   0.00ns]   0.00ns   0.00ns   0.00ns
                               'fj':         0 [  0.00ns,   0.00ns]   0.00ns   0.00ns   0.00ns         0 [  0.00ns,   0.00ns]   0.00ns   0.00ns   0.00ns
                               'fj':         0 [  0.00ns,   0.00ns]   0.00ns   0.00ns   0.00ns         0 [  0.00ns,   0.00ns]   0.00ns   0.00ns   0.00ns
                               'fj':         0 [  0.00ns,   0.00ns]   0.00ns   0.00ns   0.00ns         0 [  0.00ns,   0.00ns]   0.00ns   0.00ns   0.00ns
                               'fj':         0 [  0.00ns,   0.00ns]   0.00ns   0.00ns   0.00ns         0 [  0.00ns,   0.00ns]   0.00ns   0.00ns   0.00ns
                               'fj':         0 [  0.00ns,   0.00ns]   0.00ns   0.00ns   0.00ns         0 [  0.00ns,   0.00ns]   0.00ns   0.00ns   0.00ns
                               'fj':         0 [  0.00ns,   0.00ns]   0.00ns   0.00ns   0.00ns         0 [  0.00ns,   0.00ns]   0.00ns   0.00ns   0.00ns
                               'fj':         0 [  0.00ns,   0.00ns]   0.00ns   0.00ns   0.00ns         0 [  0.00ns,   0.00ns]   0.00ns   0.00ns   0.00ns
                           'fj_lin':         0 [  0.00ns,   0.00ns]   0.00ns   0.00ns   0.00ns         0 [  0.00ns,   0.00ns]   0.00ns   0.00ns   0.00ns
                           'fj_lin':         0 [  0.00ns,   0.00ns]   0.00ns   0.00ns   0.00ns         0 [  0.00ns,   0.00ns]   0.00ns   0.00ns   0.00ns
                           'fj_lin':         0 [  0.00ns,   0.00ns]   0.00ns   0.00ns   0.00ns         0 [  0.00ns,   0.00ns]   0.00ns   0.00ns   0.00ns
                           'fj_lin':         0 [  0.00ns,   0.00ns]   0.00ns   0.00ns   0.00ns         0 [  0.00ns,   0.00ns]   0.00ns   0.00ns   0.00ns
                           'fj_lin':         0 [  0.00ns,   0.00ns]   0.00ns   0.00ns   0.00ns         0 [  0.00ns,   0.00ns]   0.00ns   0.00ns   0.00ns
                           'fj_lin':         0 [  0.00ns,   0.00ns]   0.00ns   0.00ns   0.00ns         0 [  0.00ns,   0.00ns]   0.00ns   0.00ns   0.00ns
                           'fj_lin':         0 [  0.00ns,   0.00ns]   0.00ns   0.00ns   0.00ns         0 [  0.00ns,   0.00ns]   0.00ns   0.00ns   0.00ns
                           'fj_lin':         0 [  0.00ns,   0.00ns]   0.00ns   0.00ns   0.00ns         0 [  0.00ns,   0.00ns]   0.00ns   0.00ns   0.00ns
                           'fj_lin':         0 [  0.00ns,   0.00ns]   0.00ns   0.00ns   0.00ns         0 [  0.00ns,   0.00ns]   0.00ns   0.00ns   0.00ns
                           'fj_lin':         0 [  0.00ns,   0.00ns]   0.00ns   0.00ns   0.00ns         0 [  0.00ns,   0.00ns]   0.00ns   0.00ns   0.00ns
                           'fj_lin':         0 [  0.00ns,   0.00ns]   0.00ns   0.00ns   0.00ns         0 [  0.00ns,   0.00ns]   0.00ns   0.00ns   0.00ns
                           'fj_lin':         0 [  0.00ns,   0.00ns]   0.00ns   0.00ns   0.00ns         0 [  0.00ns,   0.00ns]   0.00ns   0.00ns   0.00ns
                        'fs_random':         0 [  0.00ns,   0.00ns]   0.00ns   0.00ns   0.00ns         0 [  0.00ns,   0.00ns]   0.00ns   0.00ns   0.00ns
                        'fs_random':         0 [  0.00ns,   0.00ns]   0.00ns   0.00ns   0.00ns         0 [  0.00ns,   0.00ns]   0.00ns   0.00ns   0.00ns
                        'fs_random':         0 [  0.00ns,   0.00ns]   0.00ns   0.00ns   0.00ns         0 [  0.00ns,   0.00ns]   0.00ns   0.00ns   0.00ns
                        'fs_random':         0 [  0.00ns,   0.00ns]   0.00ns   0.00ns   0.00ns         0 [  0.00ns,   0.00ns]   0.00ns   0.00ns   0.00ns
                        'fs_random':         0 [  0.00ns,   0.00ns]   0.00ns   0.00ns   0.00ns         0 [  0.00ns,   0.00ns]   0.00ns   0.00ns   0.00ns
                        'fs_random':         0 [  0.00ns,   0.00ns]   0.00ns   0.00ns   0.00ns         0 [  0.00ns,   0.00ns]   0.00ns   0.00ns   0.00ns
                        'fs_random':         0 [  0.00ns,   0.00ns]   0.00ns   0.00ns   0.00ns         0 [  0.00ns,   0.00ns]   0.00ns   0.00ns   0.00ns
                        'fs_random':         0 [  0.00ns,   0.00ns]   0.00ns   0.00ns   0.00ns         0 [  0.00ns,   0.00ns]   0.00ns   0.00ns   0.00ns
                        'fs_random':         0 [  0.00ns,   0.00ns]   0.00ns   0.00ns   0.00ns         0 [  0.00ns,   0.00ns]   0.00ns   0.00ns   0.00ns
                        'fs_random':         0 [  0.00ns,   0.00ns]   0.00ns   0.00ns   0.00ns         0 [  0.00ns,   0.00ns]   0.00ns   0.00ns   0.00ns
                        'fs_random':         0 [  0.00ns,   0.00ns]   0.00ns   0.00ns   0.00ns         0 [  0.00ns,   0.00ns]   0.00ns   0.00ns   0.00ns
                        'fs_random':         1 [  1.09ms,   1.09ms]   1.09ms   0.00ns   1.09ms         0 [  0.00ns,   0.00ns]   0.00ns   0.00ns   0.00ns
                  'fs_random_no_lp':         0 [  0.00ns,   0.00ns]   0.00ns   0.00ns   0.00ns         0 [  0.00ns,   0.00ns]   0.00ns   0.00ns   0.00ns
                  'fs_random_no_lp':         0 [  0.00ns,   0.00ns]   0.00ns   0.00ns   0.00ns         0 [  0.00ns,   0.00ns]   0.00ns   0.00ns   0.00ns
                  'fs_random_no_lp':         0 [  0.00ns,   0.00ns]   0.00ns   0.00ns   0.00ns         0 [  0.00ns,   0.00ns]   0.00ns   0.00ns   0.00ns
                  'fs_random_no_lp':         0 [  0.00ns,   0.00ns]   0.00ns   0.00ns   0.00ns         0 [  0.00ns,   0.00ns]   0.00ns   0.00ns   0.00ns
                  'fs_random_no_lp':         0 [  0.00ns,   0.00ns]   0.00ns   0.00ns   0.00ns         0 [  0.00ns,   0.00ns]   0.00ns   0.00ns   0.00ns
                  'fs_random_no_lp':         0 [  0.00ns,   0.00ns]   0.00ns   0.00ns   0.00ns         0 [  0.00ns,   0.00ns]   0.00ns   0.00ns   0.00ns
                  'fs_random_no_lp':         0 [  0.00ns,   0.00ns]   0.00ns   0.00ns   0.00ns         0 [  0.00ns,   0.00ns]   0.00ns   0.00ns   0.00ns
                  'fs_random_no_lp':         0 [  0.00ns,   0.00ns]   0.00ns   0.00ns   0.00ns         0 [  0.00ns,   0.00ns]   0.00ns   0.00ns   0.00ns
                  'fs_random_no_lp':         0 [  0.00ns,   0.00ns]   0.00ns   0.00ns   0.00ns         0 [  0.00ns,   0.00ns]   0.00ns   0.00ns   0.00ns
                  'fs_random_no_lp':         0 [  0.00ns,   0.00ns]   0.00ns   0.00ns   0.00ns         0 [  0.00ns,   0.00ns]   0.00ns   0.00ns   0.00ns
                  'fs_random_no_lp':         0 [  0.00ns,   0.00ns]   0.00ns   0.00ns   0.00ns         0 [  0.00ns,   0.00ns]   0.00ns   0.00ns   0.00ns
                  'fs_random_no_lp':         0 [  0.00ns,   0.00ns]   0.00ns   0.00ns   0.00ns         0 [  0.00ns,   0.00ns]   0.00ns   0.00ns   0.00ns
                  'fs_random_no_lp':         1 [936.90us, 936.90us] 936.90us   0.00ns 936.90us         1 [ 20.66us,  20.66us]  20.66us   0.00ns  20.66us
          'fs_random_quick_restart':         0 [  0.00ns,   0.00ns]   0.00ns   0.00ns   0.00ns         0 [  0.00ns,   0.00ns]   0.00ns   0.00ns   0.00ns
          'fs_random_quick_restart':         0 [  0.00ns,   0.00ns]   0.00ns   0.00ns   0.00ns         0 [  0.00ns,   0.00ns]   0.00ns   0.00ns   0.00ns
          'fs_random_quick_restart':         0 [  0.00ns,   0.00ns]   0.00ns   0.00ns   0.00ns         0 [  0.00ns,   0.00ns]   0.00ns   0.00ns   0.00ns
          'fs_random_quick_restart':         0 [  0.00ns,   0.00ns]   0.00ns   0.00ns   0.00ns         0 [  0.00ns,   0.00ns]   0.00ns   0.00ns   0.00ns
          'fs_random_quick_restart':         0 [  0.00ns,   0.00ns]   0.00ns   0.00ns   0.00ns         0 [  0.00ns,   0.00ns]   0.00ns   0.00ns   0.00ns
          'fs_random_quick_restart':         0 [  0.00ns,   0.00ns]   0.00ns   0.00ns   0.00ns         0 [  0.00ns,   0.00ns]   0.00ns   0.00ns   0.00ns
          'fs_random_quick_restart':         0 [  0.00ns,   0.00ns]   0.00ns   0.00ns   0.00ns         0 [  0.00ns,   0.00ns]   0.00ns   0.00ns   0.00ns
          'fs_random_quick_restart':         0 [  0.00ns,   0.00ns]   0.00ns   0.00ns   0.00ns         0 [  0.00ns,   0.00ns]   0.00ns   0.00ns   0.00ns
          'fs_random_quick_restart':         0 [  0.00ns,   0.00ns]   0.00ns   0.00ns   0.00ns         0 [  0.00ns,   0.00ns]   0.00ns   0.00ns   0.00ns
          'fs_random_quick_restart':         0 [  0.00ns,   0.00ns]   0.00ns   0.00ns   0.00ns         0 [  0.00ns,   0.00ns]   0.00ns   0.00ns   0.00ns
          'fs_random_quick_restart':         0 [  0.00ns,   0.00ns]   0.00ns   0.00ns   0.00ns         0 [  0.00ns,   0.00ns]   0.00ns   0.00ns   0.00ns
          'fs_random_quick_restart':         0 [  0.00ns,   0.00ns]   0.00ns   0.00ns   0.00ns         0 [  0.00ns,   0.00ns]   0.00ns   0.00ns   0.00ns
    'fs_random_quick_restart_no_lp':         0 [  0.00ns,   0.00ns]   0.00ns   0.00ns   0.00ns         0 [  0.00ns,   0.00ns]   0.00ns   0.00ns   0.00ns
    'fs_random_quick_restart_no_lp':         0 [  0.00ns,   0.00ns]   0.00ns   0.00ns   0.00ns         0 [  0.00ns,   0.00ns]   0.00ns   0.00ns   0.00ns
    'fs_random_quick_restart_no_lp':         0 [  0.00ns,   0.00ns]   0.00ns   0.00ns   0.00ns         0 [  0.00ns,   0.00ns]   0.00ns   0.00ns   0.00ns
    'fs_random_quick_restart_no_lp':         0 [  0.00ns,   0.00ns]   0.00ns   0.00ns   0.00ns         0 [  0.00ns,   0.00ns]   0.00ns   0.00ns   0.00ns
    'fs_random_quick_restart_no_lp':         0 [  0.00ns,   0.00ns]   0.00ns   0.00ns   0.00ns         0 [  0.00ns,   0.00ns]   0.00ns   0.00ns   0.00ns
    'fs_random_quick_restart_no_lp':         0 [  0.00ns,   0.00ns]   0.00ns   0.00ns   0.00ns         0 [  0.00ns,   0.00ns]   0.00ns   0.00ns   0.00ns
    'fs_random_quick_restart_no_lp':         0 [  0.00ns,   0.00ns]   0.00ns   0.00ns   0.00ns         0 [  0.00ns,   0.00ns]   0.00ns   0.00ns   0.00ns
    'fs_random_quick_restart_no_lp':         0 [  0.00ns,   0.00ns]   0.00ns   0.00ns   0.00ns         0 [  0.00ns,   0.00ns]   0.00ns   0.00ns   0.00ns
    'fs_random_quick_restart_no_lp':         0 [  0.00ns,   0.00ns]   0.00ns   0.00ns   0.00ns         0 [  0.00ns,   0.00ns]   0.00ns   0.00ns   0.00ns
    'fs_random_quick_restart_no_lp':         0 [  0.00ns,   0.00ns]   0.00ns   0.00ns   0.00ns         0 [  0.00ns,   0.00ns]   0.00ns   0.00ns   0.00ns
    'fs_random_quick_restart_no_lp':         0 [  0.00ns,   0.00ns]   0.00ns   0.00ns   0.00ns         0 [  0.00ns,   0.00ns]   0.00ns   0.00ns   0.00ns
    'fs_random_quick_restart_no_lp':         1 [ 82.60us,  82.60us]  82.60us   0.00ns  82.60us         0 [  0.00ns,   0.00ns]   0.00ns   0.00ns   0.00ns
                    'graph_arc_lns':        10 [ 12.26ms, 574.41ms] 223.45ms 203.84ms    2.23s        10 [400.38us, 100.02ms]  41.58ms  40.61ms 415.79ms
                    'graph_cst_lns':        10 [  4.17ms, 474.27ms] 236.07ms 177.87ms    2.36s        10 [175.49us, 100.01ms]  42.04ms  37.08ms 420.38ms
                    'graph_dec_lns':        24 [  3.54ms, 353.51ms]  95.87ms 113.95ms    2.30s        24 [ 32.06us, 100.07ms]  22.51ms  36.54ms 540.30ms
                    'graph_var_lns':         9 [  6.72ms, 407.35ms] 240.47ms 122.54ms    2.16s         9 [  1.27ms, 100.02ms]  57.08ms  37.19ms 513.75ms
                     'lb_relax_lns':         5 [ 39.11ms, 841.93ms] 522.09ms 331.54ms    2.61s         5 [ 13.59ms, 351.00ms] 204.20ms 146.25ms    1.02s
                   'lb_tree_search':         1 [874.29ms, 874.29ms] 874.29ms   0.00ns 874.29ms         1 [ 74.43ms,  74.43ms]  74.43ms   0.00ns  74.43ms
                               'ls':        16 [  3.43ms,  72.24ms]  52.19ms  22.84ms 835.05ms        16 [ 11.55ms, 100.07ms]  82.24ms  31.74ms    1.32s
                               'ls':        16 [ 13.19ms,  83.33ms]  53.20ms  21.59ms 851.26ms        16 [ 22.39ms, 100.09ms]  91.16ms  23.61ms    1.46s
                               'ls':        16 [719.14us,  71.48ms]  53.95ms  21.60ms 863.25ms        16 [  1.43ms, 100.09ms]  86.57ms  31.60ms    1.39s
                               'ls':        17 [146.61us,  72.16ms]  49.65ms  27.90ms 844.03ms        16 [ 93.70us, 100.07ms]  81.31ms  38.43ms    1.30s
                               'ls':        17 [277.94us,  74.06ms]  50.60ms  24.27ms 860.19ms        17 [257.62us, 100.06ms]  79.16ms  38.01ms    1.35s
                               'ls':        17 [349.16us,  73.12ms]  49.70ms  25.65ms 844.90ms        17 [445.58us, 100.08ms]  79.97ms  37.19ms    1.36s
                               'ls':        17 [672.88us,  69.29ms]  49.22ms  24.63ms 836.80ms        17 [  1.39ms, 100.08ms]  80.25ms  37.03ms    1.36s
                               'ls':        18 [153.67us,  70.14ms]  46.37ms  28.04ms 834.74ms        17 [  2.08ms, 100.08ms]  74.80ms  40.44ms    1.27s
                               'ls':        18 [268.65us,  73.33ms]  46.02ms  27.92ms 828.28ms        18 [163.17us, 100.07ms]  73.18ms  43.30ms    1.32s
                               'ls':        18 [302.00us,  74.88ms]  46.96ms  21.94ms 845.26ms        18 [211.63us, 100.10ms]  83.25ms  33.45ms    1.50s
                               'ls':        18 [421.40us,  73.26ms]  45.64ms  29.41ms 821.55ms        18 [263.85us, 100.07ms]  69.69ms  44.14ms    1.25s
                               'ls':        19 [206.29us,  72.66ms]  44.23ms  29.45ms 840.45ms        19 [219.35us, 100.06ms]  67.52ms  44.87ms    1.28s
                               'ls':        19 [329.69us,  76.49ms]  44.13ms  29.81ms 838.43ms        19 [427.69us, 100.07ms]  66.66ms  44.84ms    1.27s
                               'ls':        19 [516.58us,  74.22ms]  43.62ms  29.44ms 828.70ms        19 [536.23us, 100.09ms]  70.76ms  43.38ms    1.34s
                               'ls':        20 [267.99us,  76.80ms]  42.46ms  27.92ms 849.11ms        20 [121.02us, 100.07ms]  71.38ms  43.85ms    1.43s
                               'ls':        21 [131.58us,  61.81ms]  39.00ms  24.29ms 818.90ms        19 [129.02us, 100.10ms]  76.31ms  37.57ms    1.45s
                               'ls':        21 [308.17us,  71.87ms]  39.78ms  26.78ms 835.43ms        21 [233.48us, 100.09ms]  66.17ms  44.07ms    1.39s
                               'ls':        24 [236.24us,  78.71ms]  33.10ms  24.86ms 794.40ms        24 [163.25us, 100.05ms]  71.38ms  41.51ms    1.71s
                               'ls':        24 [522.13us,  74.80ms]  34.05ms  17.73ms 817.20ms        24 [899.61us, 100.09ms]  83.93ms  36.02ms    2.01s
                           'ls_lin':        15 [  1.80ms,  72.51ms]  55.49ms  25.55ms 832.41ms        15 [  1.96ms, 100.06ms]  80.47ms  35.12ms    1.21s
                           'ls_lin':        15 [248.13us,  75.22ms]  55.98ms  26.06ms 839.76ms        15 [ 99.42us, 100.06ms]  79.29ms  35.82ms    1.19s
                           'ls_lin':        16 [196.11us,  73.84ms]  50.90ms  26.95ms 814.42ms        16 [105.63us, 100.09ms]  75.52ms  39.34ms    1.21s
                           'ls_lin':        17 [  1.78ms,  71.76ms]  49.50ms  20.94ms 841.51ms        17 [  3.60ms, 100.08ms]  85.64ms  32.12ms    1.46s
                           'ls_lin':        18 [417.36us,  83.97ms]  44.44ms  32.77ms 799.84ms        18 [414.21us, 100.06ms]  64.03ms  45.54ms    1.15s
                           'ls_lin':        18 [678.46us,  73.58ms]  46.85ms  28.37ms 843.36ms        18 [785.77us, 100.07ms]  72.11ms  41.70ms    1.30s
                           'ls_lin':        19 [252.36us,  72.52ms]  44.43ms  27.70ms 844.25ms        19 [135.45us, 100.11ms]  69.62ms  40.94ms    1.32s
                           'ls_lin':        20 [  1.96ms,  64.85ms]  41.78ms  22.57ms 835.53ms        20 [  2.91ms, 100.10ms]  73.47ms  38.39ms    1.47s
                           'ls_lin':        20 [  2.34ms,  71.58ms]  42.07ms  22.02ms 841.39ms        20 [  5.73ms, 100.14ms]  83.76ms  31.94ms    1.68s
                           'ls_lin':        23 [207.00us,  74.86ms]  36.47ms  26.75ms 838.87ms        23 [120.93us, 100.10ms]  62.39ms  45.15ms    1.43s
                           'max_lp':         1 [875.45ms, 875.45ms] 875.45ms   0.00ns 875.45ms         1 [122.91ms, 122.91ms] 122.91ms   0.00ns 122.91ms
                            'no_lp':         1 [875.59ms, 875.59ms] 875.59ms   0.00ns 875.59ms         1 [157.09ms, 157.09ms] 157.09ms   0.00ns 157.09ms
              'objective_lb_search':         1 [885.59ms, 885.59ms] 885.59ms   0.00ns 885.59ms         1 [129.58ms, 129.58ms] 129.58ms   0.00ns 129.58ms
       'objective_lb_search_max_lp':         1 [873.62ms, 873.62ms] 873.62ms   0.00ns 873.62ms         1 [ 63.76ms,  63.76ms]  63.76ms   0.00ns  63.76ms
        'objective_lb_search_no_lp':         1 [885.81ms, 885.81ms] 885.81ms   0.00ns 885.81ms         1 [250.35ms, 250.35ms] 250.35ms   0.00ns 250.35ms
         'objective_shaving_max_lp':        76 [  1.18ms,  14.84ms]   8.72ms   2.70ms 662.82ms        71 [ 38.07us, 120.56us] 102.20us  19.52us   7.26ms
          'objective_shaving_no_lp':        72 [386.62us,  12.76ms]   9.29ms   2.61ms 668.85ms        68 [ 36.68us,  93.52us]  85.03us  12.15us   5.78ms
                          'probing':         1 [887.89ms, 887.89ms] 887.89ms   0.00ns 887.89ms         1 [ 15.01ms,  15.01ms]  15.01ms   0.00ns  15.01ms
                   'probing_max_lp':         1 [888.88ms, 888.88ms] 888.88ms   0.00ns 888.88ms         1 [ 29.33ms,  29.33ms]  29.33ms   0.00ns  29.33ms
                    'probing_no_lp':         1 [870.96ms, 870.96ms] 870.96ms   0.00ns 870.96ms         1 [ 93.31ms,  93.31ms]  93.31ms   0.00ns  93.31ms
                     'pseudo_costs':         1 [874.60ms, 874.60ms] 874.60ms   0.00ns 874.60ms         1 [116.25ms, 116.25ms] 116.25ms   0.00ns 116.25ms
                    'quick_restart':         1 [880.01ms, 880.01ms] 880.01ms   0.00ns 880.01ms         1 [ 94.00ms,  94.00ms]  94.00ms   0.00ns  94.00ms
              'quick_restart_no_lp':         1 [872.71ms, 872.71ms] 872.71ms   0.00ns 872.71ms         0 [  0.00ns,   0.00ns]   0.00ns   0.00ns   0.00ns
                    'reduced_costs':         1 [875.51ms, 875.51ms] 875.51ms   0.00ns 875.51ms         1 [166.15ms, 166.15ms] 166.15ms   0.00ns 166.15ms
                        'rins/rens':        12 [ 74.72us, 639.19ms] 209.95ms 245.96ms    2.52s        10 [924.23us, 100.03ms]  41.79ms  47.55ms 417.93ms
                      'rnd_cst_lns':        11 [  3.82ms, 652.60ms] 194.02ms 227.78ms    2.13s        10 [119.35us, 100.07ms]  34.39ms  42.47ms 343.94ms
                      'rnd_var_lns':        11 [  4.42ms, 375.50ms] 191.82ms 124.54ms    2.11s        11 [ 77.97us, 100.08ms]  47.86ms  41.92ms 526.42ms
         'scheduling_intervals_lns':         4 [687.38ms, 878.44ms] 793.12ms  73.28ms    3.17s         4 [ 39.82ms, 100.04ms]  69.14ms  26.82ms 276.57ms
       'scheduling_precedences_lns':         4 [495.78ms, 878.61ms] 743.32ms 149.16ms    2.97s         4 [ 54.74ms, 100.08ms]  73.52ms  16.51ms 294.10ms
  'scheduling_resource_windows_lns':         7 [ 68.82ms, 548.70ms] 344.80ms 151.63ms    2.41s         7 [  6.93ms, 100.12ms]  78.77ms  35.10ms 551.36ms
       'scheduling_time_window_lns':         5 [139.34ms, 878.13ms] 607.99ms 262.53ms    3.04s         5 [  8.77ms, 100.04ms]  70.13ms  33.10ms 350.67ms
                'variables_shaving':        94 [  9.06ms, 486.49ms]  37.25ms  59.33ms    3.50s        94 [218.57us,  33.52ms]   1.82ms   4.02ms 171.52ms
         'variables_shaving_max_lp':        93 [ 27.83ms, 393.93ms]  92.99ms  76.60ms    8.65s        93 [  5.31ms,  53.11ms]  11.97ms   9.92ms    1.11s
          'variables_shaving_no_lp':        93 [  7.92ms, 340.62ms]  41.68ms  62.80ms    3.88s        93 [206.76us,  16.32ms]   1.97ms   3.54ms 182.89ms

Search stats                        Bools  Conflicts  Branches  Restarts  BoolPropag  IntegerPropag
                           'core':  5'179      1'105    38'137    10'813   3'682'424        579'103
                     'default_lp':    707      1'581     3'448       473     114'493        942'296
                          'fixed':  1'245      2'996    16'547       795     233'849      1'027'565
                      'fs_random':      0          0         0         0           0              0
                      'fs_random':      0          0         0         0           0              0
                      'fs_random':      0          0         0         0           0              0
                      'fs_random':      0          0         0         0           0              0
                      'fs_random':      0          0         0         0           0              0
                      'fs_random':      0          0         0         0           0              0
                      'fs_random':      0          0         0         0           0              0
                      'fs_random':      0          0         0         0           0              0
                      'fs_random':      0          0         0         0           0              0
                      'fs_random':      0          0         0         0           0              0
                      'fs_random':      0          0         0         0           0              0
                      'fs_random':      0          0         0         0           0              0
                'fs_random_no_lp':      0          0         0         0           0              0
                'fs_random_no_lp':      0          0         0         0           0              0
                'fs_random_no_lp':      0          0         0         0           0              0
                'fs_random_no_lp':      0          0         0         0           0              0
                'fs_random_no_lp':      0          0         0         0           0              0
                'fs_random_no_lp':      0          0         0         0           0              0
                'fs_random_no_lp':      0          0         0         0           0              0
                'fs_random_no_lp':      0          0         0         0           0              0
                'fs_random_no_lp':      0          0         0         0           0              0
                'fs_random_no_lp':      0          0         0         0           0              0
                'fs_random_no_lp':      0          0         0         0           0              0
                'fs_random_no_lp':      0          0         0         0           0              0
                'fs_random_no_lp':      8          0         8         0           0            128
        'fs_random_quick_restart':      0          0         0         0           0              0
        'fs_random_quick_restart':      0          0         0         0           0              0
        'fs_random_quick_restart':      0          0         0         0           0              0
        'fs_random_quick_restart':      0          0         0         0           0              0
        'fs_random_quick_restart':      0          0         0         0           0              0
        'fs_random_quick_restart':      0          0         0         0           0              0
        'fs_random_quick_restart':      0          0         0         0           0              0
        'fs_random_quick_restart':      0          0         0         0           0              0
        'fs_random_quick_restart':      0          0         0         0           0              0
        'fs_random_quick_restart':      0          0         0         0           0              0
        'fs_random_quick_restart':      0          0         0         0           0              0
        'fs_random_quick_restart':      0          0         0         0           0              0
  'fs_random_quick_restart_no_lp':      0          0         0         0           0              0
  'fs_random_quick_restart_no_lp':      0          0         0         0           0              0
  'fs_random_quick_restart_no_lp':      0          0         0         0           0              0
  'fs_random_quick_restart_no_lp':      0          0         0         0           0              0
  'fs_random_quick_restart_no_lp':      0          0         0         0           0              0
  'fs_random_quick_restart_no_lp':      0          0         0         0           0              0
  'fs_random_quick_restart_no_lp':      0          0         0         0           0              0
  'fs_random_quick_restart_no_lp':      0          0         0         0           0              0
  'fs_random_quick_restart_no_lp':      0          0         0         0           0              0
  'fs_random_quick_restart_no_lp':      0          0         0         0           0              0
  'fs_random_quick_restart_no_lp':      0          0         0         0           0              0
  'fs_random_quick_restart_no_lp':      0          0         0         0           0              0
                 'lb_tree_search':  1'698         15     9'895     5'108      63'730         98'895
                         'max_lp':    731        720     9'766     1'700      50'833        366'801
                          'no_lp':    615      3'201     4'588       473     259'916        993'695
            'objective_lb_search':    657      1'948     6'495     1'104     164'437        947'472
     'objective_lb_search_max_lp':  1'725         74     7'341     5'007      46'447         90'958
      'objective_lb_search_no_lp':    512      3'401     5'189       598     347'077      1'846'831
                        'probing':  2'140         29     4'251     4'251      25'804         61'348
                 'probing_max_lp':  1'740         15     3'465     3'465       1'290         26'111
                  'probing_no_lp':  2'274      1'636     8'961     5'444     130'964        431'506
                   'pseudo_costs':    841        423    10'456     2'076      39'064        263'166
                  'quick_restart':  1'005      1'028    11'151     1'338      95'491        652'374
            'quick_restart_no_lp':  1'401      1'919    25'884     2'747     244'824      1'061'037
                  'reduced_costs':  1'883      1'451     9'541     5'070     148'386        498'363

SAT stats                           ClassicMinim  LitRemoved  LitLearned  LitForgotten  Subsumed  MClauses  MDecisions  MLitTrue  MSubsumed  MLitRemoved  MReused
                           'core':           383         699       1'463             0         2    16'791      24'204         0      1'531        4'594    8'079
                     'default_lp':         1'496       4'574      20'519             0         0         0           0         0          0            0        0
                          'fixed':         1'725       3'760      35'919             0        25         0           0         0          0            0        0
                      'fs_random':             0           0           0             0         0         0           0         0          0            0        0
                      'fs_random':             0           0           0             0         0         0           0         0          0            0        0
                      'fs_random':             0           0           0             0         0         0           0         0          0            0        0
                      'fs_random':             0           0           0             0         0         0           0         0          0            0        0
                      'fs_random':             0           0           0             0         0         0           0         0          0            0        0
                      'fs_random':             0           0           0             0         0         0           0         0          0            0        0
                      'fs_random':             0           0           0             0         0         0           0         0          0            0        0
                      'fs_random':             0           0           0             0         0         0           0         0          0            0        0
                      'fs_random':             0           0           0             0         0         0           0         0          0            0        0
                      'fs_random':             0           0           0             0         0         0           0         0          0            0        0
                      'fs_random':             0           0           0             0         0         0           0         0          0            0        0
                      'fs_random':             0           0           0             0         0         0           0         0          0            0        0
                'fs_random_no_lp':             0           0           0             0         0         0           0         0          0            0        0
                'fs_random_no_lp':             0           0           0             0         0         0           0         0          0            0        0
                'fs_random_no_lp':             0           0           0             0         0         0           0         0          0            0        0
                'fs_random_no_lp':             0           0           0             0         0         0           0         0          0            0        0
                'fs_random_no_lp':             0           0           0             0         0         0           0         0          0            0        0
                'fs_random_no_lp':             0           0           0             0         0         0           0         0          0            0        0
                'fs_random_no_lp':             0           0           0             0         0         0           0         0          0            0        0
                'fs_random_no_lp':             0           0           0             0         0         0           0         0          0            0        0
                'fs_random_no_lp':             0           0           0             0         0         0           0         0          0            0        0
                'fs_random_no_lp':             0           0           0             0         0         0           0         0          0            0        0
                'fs_random_no_lp':             0           0           0             0         0         0           0         0          0            0        0
                'fs_random_no_lp':             0           0           0             0         0         0           0         0          0            0        0
                'fs_random_no_lp':             0           0           0             0         0         0           0         0          0            0        0
        'fs_random_quick_restart':             0           0           0             0         0         0           0         0          0            0        0
        'fs_random_quick_restart':             0           0           0             0         0         0           0         0          0            0        0
        'fs_random_quick_restart':             0           0           0             0         0         0           0         0          0            0        0
        'fs_random_quick_restart':             0           0           0             0         0         0           0         0          0            0        0
        'fs_random_quick_restart':             0           0           0             0         0         0           0         0          0            0        0
        'fs_random_quick_restart':             0           0           0             0         0         0           0         0          0            0        0
        'fs_random_quick_restart':             0           0           0             0         0         0           0         0          0            0        0
        'fs_random_quick_restart':             0           0           0             0         0         0           0         0          0            0        0
        'fs_random_quick_restart':             0           0           0             0         0         0           0         0          0            0        0
        'fs_random_quick_restart':             0           0           0             0         0         0           0         0          0            0        0
        'fs_random_quick_restart':             0           0           0             0         0         0           0         0          0            0        0
        'fs_random_quick_restart':             0           0           0             0         0         0           0         0          0            0        0
  'fs_random_quick_restart_no_lp':             0           0           0             0         0         0           0         0          0            0        0
  'fs_random_quick_restart_no_lp':             0           0           0             0         0         0           0         0          0            0        0
  'fs_random_quick_restart_no_lp':             0           0           0             0         0         0           0         0          0            0        0
  'fs_random_quick_restart_no_lp':             0           0           0             0         0         0           0         0          0            0        0
  'fs_random_quick_restart_no_lp':             0           0           0             0         0         0           0         0          0            0        0
  'fs_random_quick_restart_no_lp':             0           0           0             0         0         0           0         0          0            0        0
  'fs_random_quick_restart_no_lp':             0           0           0             0         0         0           0         0          0            0        0
  'fs_random_quick_restart_no_lp':             0           0           0             0         0         0           0         0          0            0        0
  'fs_random_quick_restart_no_lp':             0           0           0             0         0         0           0         0          0            0        0
  'fs_random_quick_restart_no_lp':             0           0           0             0         0         0           0         0          0            0        0
  'fs_random_quick_restart_no_lp':             0           0           0             0         0         0           0         0          0            0        0
  'fs_random_quick_restart_no_lp':             0           0           0             0         0         0           0         0          0            0        0
                 'lb_tree_search':             0           0          61             0         1         5          12         0          0            0        0
                         'max_lp':           459       1'763       5'056             0         6       158         432         0         47          249       35
                          'no_lp':         3'132       6'363     100'073             0         0         0           0         0          0            0        0
            'objective_lb_search':         1'844       6'851      12'826             0        11       112           6         0          0            0      218
     'objective_lb_search_max_lp':            31          60         148             0         7         7          17         0          3           13        0
      'objective_lb_search_no_lp':         3'209      18'233      23'297             0         6        46          30         0          1            7      100
                        'probing':             0           0          29             0         0         0           0         0          0            0        0
                 'probing_max_lp':             0           0          15             0         0         0           0         0          0            0        0
                  'probing_no_lp':         1'301       5'110       9'083             0        85         0           0         0          0            0        0
                   'pseudo_costs':           253         555       4'411             0        10       162         356         0         50          223      155
                  'quick_restart':           773       1'714      10'069             0        34       184         428         0         28          169      279
            'quick_restart_no_lp':         1'432       3'985      18'422             0        62       377         788         0        128          580      304
                  'reduced_costs':         1'408       2'958      20'922             0         0         0           0         0          0            0        0

Lp stats                         Component  Iterations  AddedCuts  OPTIMAL  DUAL_F.  DUAL_U.
                  'default_lp':         25         279          0    7'904        1        0
                       'fixed':         25       1'319          0   58'923        0        0
                   'fs_random':         25           0          0        0        0        0
              'lb_tree_search':          1       2'256        549    1'383       50        0
                      'max_lp':          1       3'910        467    1'997       48        0
         'objective_lb_search':         25         193          0   40'772        0        0
  'objective_lb_search_max_lp':          1       1'285        586      311        0        0
                     'probing':         25         634          0   88'901        0        0
              'probing_max_lp':          1         601        292      141        2        0
                'pseudo_costs':          1       5'094        807    1'351      104        0
               'quick_restart':         25       1'388          0   41'879        0        0
               'reduced_costs':          1       1'915        516    2'937        3        0

Lp dimension                     Final dimension of first component
                  'default_lp':        1 rows, 5 columns, 2 entries
                       'fixed':        1 rows, 5 columns, 2 entries
                   'fs_random':        0 rows, 5 columns, 0 entries
              'lb_tree_search':  180 rows, 249 columns, 456 entries
                      'max_lp':  175 rows, 249 columns, 499 entries
         'objective_lb_search':        3 rows, 5 columns, 6 entries
  'objective_lb_search_max_lp':  198 rows, 249 columns, 555 entries
                     'probing':        1 rows, 5 columns, 2 entries
              'probing_max_lp':  249 rows, 249 columns, 914 entries
                'pseudo_costs':  191 rows, 249 columns, 548 entries
               'quick_restart':        1 rows, 5 columns, 2 entries
               'reduced_costs':  154 rows, 249 columns, 369 entries

Lp debug                         CutPropag  CutEqPropag  Adjust  Overflow     Bad  BadScaling
                  'default_lp':          0            0       0         0       0           0
                       'fixed':          0            0       0         0       0           0
                   'fs_random':          0            0       0         0       0           0
              'lb_tree_search':          0            4   1'428         0   8'710           0
                      'max_lp':          0            3     860         0   7'645           0
         'objective_lb_search':          0            0       0         0       0           0
  'objective_lb_search_max_lp':          0            0     296         0  16'883           0
                     'probing':          0            0       0         0       0           0
              'probing_max_lp':          0           15     136         0  40'853           0
                'pseudo_costs':          0           10     368         0   9'326           0
               'quick_restart':          0            0       0         0       0           0
               'reduced_costs':          0            2   2'918         0   6'503           0

Lp pool                          Constraints  Updates  Simplif  Merged  Shortened  Split  Strenghtened   Cuts/Call
                  'default_lp':          248        0        0       0          0      0             0         0/0
                       'fixed':          248        0       10       0          0      0             0         0/0
                   'fs_random':          248        0        0       0          0      0             0         0/0
              'lb_tree_search':          776      969      447      21          0      0             2  549/15'955
                      'max_lp':          692    1'247      457      23          0      0             2  467/11'304
         'objective_lb_search':          248        0       62       0          0      0             0         0/0
  'objective_lb_search_max_lp':          797    1'390    2'842      37          0      0             5   586/2'448
                     'probing':          248        0      152       0          0      0             0         0/0
              'probing_max_lp':          538      474      124       2          0      0             2   292/1'794
                'pseudo_costs':          981    1'411    1'314      74          0      0             4   807/9'426
               'quick_restart':          248        0      805       0          0      0             0         0/0
               'reduced_costs':          721      805      690      43          0      0             9  516/17'160

Lp Cut                                                max_lp  reduced_costs  pseudo_costs  lb_tree_search  objective_lb_search_max_lp  probing_max_lp
                                              CG_FF:       2              2             1               1                           3               1
                                               CG_K:       1              2            14               5                           2               3
                                               CG_R:      16             19            45              13                          23              20
                                            MIR_1_K:       1              2             8               -                           4               -
                                            MIR_1_R:       4             11            19               1                          12               1
                                           MIR_2_FF:       -              -             -               -                           1               -
                                            MIR_2_K:       3              1             1               1                           1               -
                                            MIR_2_R:       2              -             2               1                           4               -
                                           MIR_3_FF:       -              2             2               2                           1               2
                                            MIR_3_K:       3              3             6               3                           2               4
                                            MIR_3_R:       2              3             6               4                           3               3
                                           MIR_4_FF:       -              -             1               1                           -               1
                                            MIR_4_K:       -              1             1               -                           -               -
                                            MIR_4_R:       1              2             1               1                           2               1
                                            MIR_5_K:       -              -             1               -                           -               -
                                            MIR_5_R:       1              -             2               1                           -               -
                                            MIR_6_R:       1              -             -               1                           1               2
                  NoOverlapCompletionTimeExhaustive:      38             35            51              32                          53              18
           NoOverlapCompletionTimeExhaustive_lifted:      17             14            31              20                          23               9
  NoOverlapCompletionTimeExhaustive_lifted_weighted:      63             61            89              66                          63              37
         NoOverlapCompletionTimeExhaustive_weighted:      45             48            69              57                          41              20
                    NoOverlapCompletionTimeQueyrane:      60             63           109              86                          73              33
             NoOverlapCompletionTimeQueyrane_lifted:      96            111           150              97                          93              52
                        NoOverlapDetectedPrecedence:       6              4            11              15                          32               3
                          NoOverlapDisjunctionOnEnd:       -              -             -               3                           1               -
                        NoOverlapDisjunctionOnStart:      94            126           171             132                         136              73
                                        ZERO_HALF_R:      11              6            16               6                          12               9

LNS stats                             Improv/Calls  Closed  Difficulty  TimeLimit
                    'graph_arc_lns':          5/10     60%    8.48e-01       0.10
                    'graph_cst_lns':          5/10     70%    9.26e-01       0.10
                    'graph_dec_lns':          8/24     29%    1.71e-01       0.10
                    'graph_var_lns':           4/9     56%    7.81e-01       0.10
                     'lb_relax_lns':           4/5     40%    4.32e-01       0.50
                        'rins/rens':          3/11     55%    6.95e-01       0.10
                      'rnd_cst_lns':          5/10     80%    9.41e-01       0.10
                      'rnd_var_lns':          6/11     55%    8.03e-01       0.10
         'scheduling_intervals_lns':           2/4      0%    8.55e-02       0.10
       'scheduling_precedences_lns':           3/4      0%    8.55e-02       0.10
  'scheduling_resource_windows_lns':           3/7     14%    6.46e-02       0.10
       'scheduling_time_window_lns':           3/5     20%    1.51e-01       0.10

LS stats                                    Batches  Restarts/Perturbs  LinMoves  GenMoves  CompoundMoves  Bactracks  WeightUpdates  ScoreComputed
                                    'ls_':       21                 11        51    13'426            191      2'204         15'861      4'324'035
                         'ls_lin_restart':       32                 16       137    26'433              0          0         36'740      8'279'495
                'ls_lin_restart_compound':       27                 18         0    60'100          4'408     27'824            492      7'577'426
        'ls_lin_restart_compound_perturb':       17                 16         0    23'520          1'469     11'016            241      3'669'101
                   'ls_lin_restart_decay':       12                 10        89    13'128              0          0          2'002      2'207'360
          'ls_lin_restart_decay_compound':       19                 11         0    49'476          4'315     22'555            338      6'571'299
  'ls_lin_restart_decay_compound_perturb':       25                 21         0    59'441          4'921     27'225            431      7'578'980
           'ls_lin_restart_decay_perturb':       28                 24        97    41'140              0          0          6'540      6'915'097
                 'ls_lin_restart_perturb':       21                 19        75    15'252              0          0         16'323      4'110'141
                             'ls_restart':       46                 35       146    43'726              0          0         62'485     11'980'136
                    'ls_restart_compound':       40                 33         0    77'965          5'213     36'339            680     11'630'937
            'ls_restart_compound_perturb':       50                 31         0   115'818          8'681     53'514          1'094     15'500'203
                       'ls_restart_decay':       38                 28       136    51'682              0          0          7'852      8'938'966
              'ls_restart_decay_compound':       36                 22         0    85'945          7'377     39'242            586     11'216'417
      'ls_restart_decay_compound_perturb':       30                 26         0    63'137          5'879     28'598            430      8'426'885
               'ls_restart_decay_perturb':       39                 30       147    49'675              0          0          8'125      8'734'150
                     'ls_restart_perturb':       55                 39       231    42'064              0          0         60'381     11'993'786

Solutions (73)                              Num     Rank
                                   'core':    1    [2,2]
                          'graph_dec_lns':    2  [66,67]
                    'lb_relax_lns_bool_h':    1  [29,29]
                    'ls_compound_perturb':    1  [59,59]
                               'ls_decay':    3  [38,42]
                       'ls_decay_perturb':    2  [52,53]
                         'ls_lin_restart':    2  [20,57]
                'ls_lin_restart_compound':    1  [19,19]
        'ls_lin_restart_compound_perturb':    4  [24,71]
                   'ls_lin_restart_decay':    2  [49,61]
  'ls_lin_restart_decay_compound_perturb':    3  [11,72]
           'ls_lin_restart_decay_perturb':    7  [10,60]
                 'ls_lin_restart_perturb':    7  [21,46]
                             'ls_restart':    2  [17,31]
                    'ls_restart_compound':    2  [33,73]
                       'ls_restart_decay':    4   [7,43]
              'ls_restart_decay_compound':    1  [51,51]
      'ls_restart_decay_compound_perturb':    7   [6,40]
               'ls_restart_decay_perturb':    6  [34,69]
                     'ls_restart_perturb':    6   [8,68]
                          'quick_restart':    1  [65,65]
                    'quick_restart_no_lp':    5   [1,64]
                            'rnd_cst_lns':    1    [3,3]
                            'rnd_var_lns':    2    [4,5]

Objective bounds                 Num
                       'fixed':    1
              'initial_domain':    1
              'lb_tree_search':    2
                      'max_lp':    4
         'objective_lb_search':    1
  'objective_lb_search_max_lp':   20
                'pseudo_costs':    1

Solution repositories    Added  Queried  Synchro
  'feasible solutions':    334      623      174
   'fj solution hints':      0        0        0
        'lp solutions':     43        6       40
                'pump':    100        6

Improving bounds shared            Num  Sym
                        'core':      1    0
                  'default_lp':    450    0
                       'fixed':      9    0
              'lb_tree_search':    254    0
                      'max_lp':    700    0
                       'no_lp':    246    0
         'objective_lb_search':    470    0
  'objective_lb_search_max_lp':    499    0
   'objective_lb_search_no_lp':    217    0
                     'probing':     19    0
              'probing_max_lp':    249    0
               'probing_no_lp':    122    0
                'pseudo_costs':    500    0
               'quick_restart':  1'653    0
         'quick_restart_no_lp':    330    0
               'reduced_costs':    226    0

CpSolverResponse summary:
status: OPTIMAL
objective: 16605
best_bound: 16605
integers: 250
booleans: 8
conflicts: 0
branches: 8
propagations: 0
integer_propagations: 128
restarts: 0
lp_iterations: 0
walltime: 0.911371
usertime: 0.911371
deterministic_time: 50.0102
gap_integral: 246.986
solution_fingerprint: 0xf0d225dfa47372a8

