
Starting CP-SAT solver v9.14.6206
Parameters: max_time_in_seconds: 300 log_search_progress: true num_search_workers: 104 relative_gap_limit: 0.005

Initial optimization model '': (model_fingerprint: 0x7491f8c212de7b29)
#Variables: 399 (#ints: 73 in objective) (326 primary variables)
  - 73 in [0,50976]
  - 46 in [38880,50976]
  - 280 in [40320,50976]
#kInterval: 165 (#fixed: 2)
#kLinMax: 73 (#expressions: 146)
#kLinear1: 25
#kLinear2: 138
#kNoOverlap: 10 (#intervals: 165, #fixed_intervals: 2)

Starting presolve at 0.00s
  7.29e-05s  0.00e+00d  [DetectDominanceRelations] 
  1.56e-03s  0.00e+00d  [PresolveToFixPoint] #num_loops=10 #num_dual_strengthening=1 
  2.65e-06s  0.00e+00d  [ExtractEncodingFromLinear] 
  1.51e-05s  0.00e+00d  [DetectDuplicateColumns] 
  6.50e-05s  0.00e+00d  [DetectDuplicateConstraints] 
[Symmetry] Graph for symmetry has 978 nodes and 950 arcs.
[Symmetry] Symmetry computation done. time: 7.9144e-05 dtime: 9.226e-05
  5.58e-05s  0.00e+00d  [DetectDuplicateConstraintsWithDifferentEnforcements] 
  5.12e-04s  3.76e-06d  [Probe] #new_bounds=11 
  3.35e-06s  0.00e+00d  [MaxClique] 
  6.08e-05s  0.00e+00d  [DetectDominanceRelations] 
  4.48e-04s  0.00e+00d  [PresolveToFixPoint] #num_loops=3 #num_dual_strengthening=2 
  2.42e-05s  0.00e+00d  [ProcessAtMostOneAndLinear] 
  5.18e-05s  0.00e+00d  [DetectDuplicateConstraints] 
  4.87e-05s  0.00e+00d  [DetectDuplicateConstraintsWithDifferentEnforcements] 
  2.63e-05s  1.12e-06d  [DetectDominatedLinearConstraints] #relevant_constraints=186 
  2.59e-05s  0.00e+00d  [DetectDifferentVariables] 
  2.29e-06s  0.00e+00d  [ProcessSetPPC] 
  2.46e-06s  0.00e+00d  [FindAlmostIdenticalLinearConstraints] 
  8.98e-06s  0.00e+00d  [FindBigAtMostOneAndLinearOverlap] 
  1.58e-05s  6.90e-06d  [FindBigVerticalLinearOverlap] 
  1.90e-06s  0.00e+00d  [FindBigHorizontalLinearOverlap] 
  1.71e-06s  0.00e+00d  [MergeClauses] 
  5.51e-05s  0.00e+00d  [DetectDominanceRelations] 
  3.04e-04s  0.00e+00d  [PresolveToFixPoint] #num_loops=1 #num_dual_strengthening=1 
  5.20e-05s  0.00e+00d  [DetectDominanceRelations] 
  3.03e-04s  0.00e+00d  [PresolveToFixPoint] #num_loops=1 #num_dual_strengthening=1 
  9.64e-06s  0.00e+00d  [DetectDuplicateColumns] 
  5.08e-05s  0.00e+00d  [DetectDuplicateConstraints] 
[Symmetry] Graph for symmetry has 972 nodes and 942 arcs.
[Symmetry] Symmetry computation done. time: 5.5763e-05 dtime: 9.149e-05
  5.13e-05s  0.00e+00d  [DetectDuplicateConstraintsWithDifferentEnforcements] 
  3.83e-04s  2.12e-06d  [Probe] 
  1.47e-06s  0.00e+00d  [MaxClique] 
  5.63e-05s  0.00e+00d  [DetectDominanceRelations] 
  3.39e-04s  0.00e+00d  [PresolveToFixPoint] #num_loops=1 #num_dual_strengthening=1 
  2.33e-05s  0.00e+00d  [ProcessAtMostOneAndLinear] 
  5.05e-05s  0.00e+00d  [DetectDuplicateConstraints] 
  4.72e-05s  0.00e+00d  [DetectDuplicateConstraintsWithDifferentEnforcements] 
  2.28e-05s  1.12e-06d  [DetectDominatedLinearConstraints] #relevant_constraints=186 
  2.52e-05s  0.00e+00d  [DetectDifferentVariables] 
  1.90e-06s  0.00e+00d  [ProcessSetPPC] 
  2.48e-06s  0.00e+00d  [FindAlmostIdenticalLinearConstraints] 
  8.51e-06s  0.00e+00d  [FindBigAtMostOneAndLinearOverlap] 
  1.48e-05s  6.90e-06d  [FindBigVerticalLinearOverlap] 
  1.63e-06s  0.00e+00d  [FindBigHorizontalLinearOverlap] 
  1.32e-06s  0.00e+00d  [MergeClauses] 
  5.36e-05s  0.00e+00d  [DetectDominanceRelations] 
  2.99e-04s  0.00e+00d  [PresolveToFixPoint] #num_loops=1 #num_dual_strengthening=1 
  1.49e-05s  0.00e+00d  [ExpandObjective] 

Presolve summary:
  - 172 affine relations were detected.
  - rule 'TODO dual: only one blocking constraint?' was applied 568 times.
  - rule 'TODO dual: only one unspecified blocking constraint?' was applied 336 times.
  - rule 'affine: new relation' was applied 172 times.
  - rule 'dual: reduced domain' was applied 5 times.
  - rule 'intervals: removed unused interval' was applied 2 times.
  - rule 'lin_max: converted abs to equality' was applied 8 times.
  - rule 'lin_max: converted to equality' was applied 2 times.
  - rule 'lin_max: propagate domain from x to abs(x)' was applied 29 times.
  - rule 'lin_max: removed exprs' was applied 2 times.
  - rule 'lin_max: rewrite with precedences' was applied 48 times.
  - rule 'lin_max: target domain reduced' was applied 50 times.
  - rule 'linear1: x in domain' was applied 19 times.
  - rule 'linear: always true' was applied 55 times.
  - rule 'linear: fixed or dup variables' was applied 1 time.
  - rule 'linear: reduced variable domains' was applied 816 times.
  - rule 'linear: remapped using affine relations' was applied 369 times.
  - rule 'no_overlap: split into disjoint components' was applied 2 times.
  - rule 'objective: variable not used elsewhere' was applied 1 time.
  - rule 'presolve: 1 unused variables removed.' was applied 1 time.
  - rule 'presolve: iteration' was applied 2 times.

Presolved optimization model '': (model_fingerprint: 0x5028048be270a312)
#Variables: 226 (#ints: 71 in objective) (163 primary variables)
  - 208 different domains in [0,50955] with a largest complexity of 1.
#kInterval: 163
#kLinMax: 15 (#expressions: 30)
#kLinear2: 186
#kNoOverlap: 10 (#intervals: 163)
[Symmetry] Graph for symmetry has 799 nodes and 942 arcs.
[Symmetry] Symmetry computation done. time: 5.1826e-05 dtime: 8.111e-05

Preloading model.
#Bound   0.01s best:inf   next:[6588,3613575] initial_domain
#Model   0.01s var:226/226 constraints:374/374

Starting search at 0.01s with 104 workers.
18 full problem subsolvers: [core, default_lp, fixed, lb_tree_search, max_lp, no_lp, objective_lb_search, objective_lb_search_max_lp, objective_lb_search_no_lp, objective_shaving_max_lp, objective_shaving_no_lp, probing, probing_max_lp, probing_no_lp, pseudo_costs, quick_restart, quick_restart_no_lp, reduced_costs]
86 first solution subsolvers: [fj(25), fj_lin(12), fs_random(12), fs_random_no_lp(13), fs_random_quick_restart(12), fs_random_quick_restart_no_lp(12)]
45 interleaved subsolvers: [feasibility_pump, graph_arc_lns, graph_cst_lns, graph_dec_lns, graph_var_lns, lb_relax_lns, ls(19), ls_lin(10), rins/rens, rnd_cst_lns, rnd_var_lns, scheduling_intervals_lns, scheduling_precedences_lns, scheduling_resource_windows_lns, scheduling_time_window_lns, variables_shaving, variables_shaving_max_lp, variables_shaving_no_lp]
3 helper subsolvers: [neighborhood_helper, synchronization_agent, update_gap_integral]

#1       0.01s best:46661 next:[6588,46660] no_lp
#2       0.02s best:14007 next:[6588,14006] core
#Bound   0.02s best:14007 next:[7996,14006] objective_lb_search
#3       0.02s best:13995 next:[7996,13994] ls_restart_decay(batch:1 lin{mvs:3 evals:43} gen{mvs:15 evals:94} #w_updates:7 #perturb:0)
#4       0.02s best:13981 next:[7996,13980] ls_restart_perturb(batch:1 lin{mvs:4 evals:80} gen{mvs:26 evals:205} #w_updates:12 #perturb:0)
#5       0.02s best:13969 next:[7996,13968] ls_restart_perturb(batch:1 lin{mvs:4 evals:80} gen{mvs:26 evals:205} #w_updates:12 #perturb:0) [combined with: ls_restart_decay(bat...]
#6       0.02s best:13943 next:[7996,13942] ls_restart_decay(batch:1 lin{mvs:5 evals:97} gen{mvs:15 evals:126} #w_updates:4 #perturb:0)
#7       0.02s best:13917 next:[7996,13916] ls_restart_decay_perturb(batch:1 lin{mvs:3 evals:70} gen{mvs:17 evals:153} #w_updates:6 #perturb:0)
#Bound   0.02s best:13917 next:[8305,13916] max_lp
#8       0.02s best:13905 next:[8305,13904] ls_restart_perturb(batch:1 lin{mvs:4 evals:89} gen{mvs:24 evals:203} #w_updates:13 #perturb:0)
#9       0.02s best:13893 next:[8305,13892] ls_lin_restart(batch:1 lin{mvs:4 evals:71} gen{mvs:16 evals:139} #w_updates:8 #perturb:0)
#10      0.02s best:13881 next:[8305,13880] ls_lin_restart_decay(batch:1 lin{mvs:3 evals:61} gen{mvs:17 evals:131} #w_updates:8 #perturb:0)
#11      0.02s best:13855 next:[8305,13854] ls_lin_restart_decay_perturb(batch:1 lin{mvs:6 evals:69} gen{mvs:2 evals:24} #w_updates:0 #perturb:0)
#Bound   0.03s best:13855 next:[8478,13854] max_lp
#12      0.03s best:13843 next:[8478,13842] ls_lin_restart_decay_compound_perturb(batch:1 lin{mvs:0 evals:843} gen{mvs:504 evals:2'874} comp{mvs:36 btracks:234} #w_updates:6 #perturb:0) [combined with: ls_lin_restart_decay...]
#Bound   0.03s best:13843 next:[8490,13842] max_lp
#13      0.03s best:13740 next:[8490,13739] rnd_var_lns (d=5.00e-01 s=21 t=0.10 p=0.00 stall=0 h=base)
#14      0.03s best:13576 next:[8490,13575] rnd_var_lns (d=5.00e-01 s=21 t=0.10 p=0.00 stall=0 h=base) [combined with: ls_lin_restart_decay...]
#15      0.04s best:13564 next:[8490,13563] ls_restart_decay_compound(batch:1 lin{mvs:0 evals:3} gen{mvs:2 evals:15} comp{mvs:2 btracks:0} #w_updates:0 #perturb:0)
#16      0.04s best:13538 next:[8490,13537] ls_restart_compound(batch:1 lin{mvs:0 evals:23} gen{mvs:9 evals:77} comp{mvs:9 btracks:0} #w_updates:0 #perturb:0)
#17      0.04s best:13222 next:[8490,13221] ls_restart_decay_perturb(batch:1 lin{mvs:6 evals:155} gen{mvs:42 evals:354} #w_updates:16 #perturb:0)
#18      0.04s best:13207 next:[8490,13206] ls_restart_decay_perturb(batch:1 lin{mvs:6 evals:155} gen{mvs:42 evals:354} #w_updates:16 #perturb:0) [combined with: ls_restart_compound(...]
#19      0.04s best:13201 next:[8490,13200] ls_restart_decay_compound(batch:1 lin{mvs:0 evals:1'020} gen{mvs:616 evals:3'463} comp{mvs:60 btracks:278} #w_updates:6 #perturb:0) [combined with: ls_restart_decay_per...]
#20      0.04s best:13192 next:[8490,13191] ls_restart_decay(batch:1 lin{mvs:3 evals:65} gen{mvs:11 evals:91} #w_updates:4 #perturb:0)
#21      0.04s best:13180 next:[8490,13179] ls_restart_decay(batch:1 lin{mvs:3 evals:65} gen{mvs:11 evals:91} #w_updates:4 #perturb:0) [combined with: ls_restart_decay_com...]
#22      0.04s best:13132 next:[8490,13131] ls_restart_perturb(batch:1 lin{mvs:4 evals:197} gen{mvs:96 evals:588} #w_updates:19 #perturb:0)
#23      0.04s best:13120 next:[8490,13119] ls_restart_perturb(batch:1 lin{mvs:5 evals:64} gen{mvs:9 evals:70} #w_updates:2 #perturb:0)
#24      0.04s best:13108 next:[8490,13107] ls_restart(batch:1 lin{mvs:5 evals:73} gen{mvs:8 evals:68} #w_updates:2 #perturb:0)
#25      0.04s best:12922 next:[8490,12921] ls_restart(batch:1 lin{mvs:4 evals:266} gen{mvs:133 evals:1'025} #w_updates:77 #perturb:0)
#26      0.04s best:12910 next:[8490,12909] ls_restart(batch:1 lin{mvs:4 evals:266} gen{mvs:133 evals:1'025} #w_updates:77 #perturb:0) [combined with: ls_restart(batch:1 l...]
#27      0.04s best:12898 next:[8490,12897] rnd_cst_lns (d=7.07e-01 s=66 t=0.10 p=1.00 stall=1 h=base) [combined with: ls_restart(batch:1 l...]
#28      0.04s best:12886 next:[8490,12885] ls_lin_restart(batch:1 lin{mvs:3 evals:66} gen{mvs:14 evals:128} #w_updates:7 #perturb:0) [combined with: rnd_cst_lns (d=7.07e...]
#29      0.04s best:12874 next:[8490,12873] ls_lin_restart_decay_compound_perturb(batch:1 lin{mvs:0 evals:69} gen{mvs:42 evals:230} comp{mvs:6 btracks:18} #w_updates:0 #perturb:0) [combined with: ls_lin_restart(batch...]
#Bound   0.04s best:12874 next:[8492,12873] max_lp
#30      0.04s best:12873 next:[8492,12872] ls_lin_restart_decay_compound(batch:1 lin{mvs:0 evals:12} gen{mvs:7 evals:46} comp{mvs:7 btracks:0} #w_updates:0 #perturb:0) [combined with: ls_lin_restart_decay...]
#31      0.04s best:12861 next:[8492,12860] ls_restart_perturb(batch:1 lin{mvs:3 evals:61} gen{mvs:12 evals:100} #w_updates:6 #perturb:0)
#32      0.04s best:12858 next:[8492,12857] ls_restart_decay_perturb(batch:1 lin{mvs:3 evals:75} gen{mvs:15 evals:128} #w_updates:5 #perturb:0)
#33      0.04s best:12846 next:[8492,12845] ls_restart_decay_perturb(batch:1 lin{mvs:3 evals:75} gen{mvs:15 evals:128} #w_updates:5 #perturb:0) [combined with: ls_restart_perturb(b...]
#34      0.04s best:12834 next:[8492,12833] ls_restart_decay(batch:1 lin{mvs:3 evals:77} gen{mvs:17 evals:136} #w_updates:8 #perturb:0) [combined with: ls_restart_decay_per...]
#35      0.04s best:12831 next:[8492,12830] ls_restart_perturb(batch:1 lin{mvs:3 evals:60} gen{mvs:9 evals:79} #w_updates:2 #perturb:0)
#36      0.04s best:12819 next:[8492,12818] ls_restart_perturb(batch:1 lin{mvs:3 evals:60} gen{mvs:9 evals:79} #w_updates:2 #perturb:0) [combined with: ls_restart_decay(bat...]
#37      0.04s best:12804 next:[8492,12803] ls_restart_compound(batch:1 lin{mvs:0 evals:6} gen{mvs:3 evals:22} comp{mvs:3 btracks:0} #w_updates:0 #perturb:0)
#38      0.04s best:12792 next:[8492,12791] ls_restart_decay(batch:1 lin{mvs:3 evals:86} gen{mvs:23 evals:177} #w_updates:9 #perturb:0) [combined with: ls_restart_compound(...]
#39      0.04s best:12789 next:[8492,12788] ls_restart_compound(batch:1 lin{mvs:0 evals:61} gen{mvs:39 evals:208} comp{mvs:9 btracks:15} #w_updates:0 #perturb:0)
#40      0.04s best:12780 next:[8492,12779] ls_restart_decay_compound(batch:1 lin{mvs:0 evals:3} gen{mvs:2 evals:14} comp{mvs:2 btracks:0} #w_updates:0 #perturb:0)
#41      0.04s best:12765 next:[8492,12764] ls_restart_decay_compound(batch:1 lin{mvs:0 evals:3} gen{mvs:2 evals:14} comp{mvs:2 btracks:0} #w_updates:0 #perturb:0) [combined with: ls_restart_compound(...]
#42      0.04s best:12753 next:[8492,12752] ls_restart_decay_compound(batch:1 lin{mvs:0 evals:61} gen{mvs:50 evals:212} comp{mvs:6 btracks:22} #w_updates:0 #perturb:0) [combined with: ls_restart_decay_com...]
#43      0.04s best:12738 next:[8492,12737] ls_lin_restart(batch:1 lin{mvs:3 evals:58} gen{mvs:10 evals:78} #w_updates:2 #perturb:0)
#44      0.04s best:12726 next:[8492,12725] ls_lin_restart_decay_perturb(batch:1 lin{mvs:4 evals:56} gen{mvs:6 evals:56} #w_updates:0 #perturb:0)
#45      0.04s best:12723 next:[8492,12722] ls_lin_restart_compound(batch:1 lin{mvs:0 evals:8} gen{mvs:3 evals:24} comp{mvs:3 btracks:0} #w_updates:0 #perturb:0)
#46      0.04s best:12711 next:[8492,12710] ls_lin_restart_compound(batch:1 lin{mvs:0 evals:8} gen{mvs:3 evals:24} comp{mvs:3 btracks:0} #w_updates:0 #perturb:0) [combined with: ls_lin_restart_decay...]
#47      0.04s best:12696 next:[8492,12695] ls_lin_restart_compound(batch:1 lin{mvs:0 evals:7} gen{mvs:3 evals:24} comp{mvs:3 btracks:0} #w_updates:0 #perturb:0)
#48      0.04s best:12684 next:[8492,12683] ls_lin_restart_decay_perturb(batch:1 lin{mvs:3 evals:77} gen{mvs:20 evals:168} #w_updates:9 #perturb:0)
#49      0.04s best:12672 next:[8492,12671] ls_lin_restart_compound_perturb(batch:1 lin{mvs:0 evals:83} gen{mvs:62 evals:284} comp{mvs:8 btracks:27} #w_updates:0 #perturb:0) [combined with: ls_lin_restart_decay...]
#50      0.05s best:12657 next:[8492,12656] ls_restart_decay_compound_perturb(batch:1 lin{mvs:0 evals:8} gen{mvs:3 evals:22} comp{mvs:3 btracks:0} #w_updates:0 #perturb:0)
#51      0.05s best:12645 next:[8492,12644] ls_restart_perturb(batch:1 lin{mvs:3 evals:48} gen{mvs:5 evals:34} #w_updates:0 #perturb:0)
#52      0.05s best:12642 next:[8492,12641] ls_restart_compound_perturb(batch:1 lin{mvs:0 evals:30} gen{mvs:15 evals:84} comp{mvs:7 btracks:4} #w_updates:0 #perturb:0)
#53      0.05s best:12630 next:[8492,12629] ls_restart_compound_perturb(batch:1 lin{mvs:0 evals:30} gen{mvs:15 evals:84} comp{mvs:7 btracks:4} #w_updates:0 #perturb:0) [combined with: ls_restart_perturb(b...]
#54      0.05s best:12618 next:[8492,12617] ls_restart_decay(batch:1 lin{mvs:3 evals:60} gen{mvs:11 evals:83} #w_updates:4 #perturb:0)
#55      0.05s best:12615 next:[8492,12614] ls_restart_decay(batch:1 lin{mvs:3 evals:64} gen{mvs:14 evals:109} #w_updates:5 #perturb:0)
#56      0.05s best:12603 next:[8492,12602] ls_restart_decay(batch:1 lin{mvs:3 evals:64} gen{mvs:14 evals:109} #w_updates:5 #perturb:0) [combined with: ls_restart_decay(bat...]
#57      0.05s best:12591 next:[8492,12590] ls_restart_perturb(batch:1 lin{mvs:5 evals:56} gen{mvs:8 evals:55} #w_updates:2 #perturb:0) [combined with: ls_restart_decay(bat...]
#Bound   0.05s best:12591 next:[8556,12590] objective_lb_search_no_lp
#58      0.05s best:12579 next:[8556,12578] ls_restart(batch:1 lin{mvs:3 evals:48} gen{mvs:5 evals:34} #w_updates:0 #perturb:0)
#59      0.05s best:12576 next:[8556,12575] ls_restart_compound_perturb(batch:1 lin{mvs:0 evals:56} gen{mvs:47 evals:233} comp{mvs:7 btracks:20} #w_updates:0 #perturb:0)
#60      0.05s best:12564 next:[8556,12563] ls_restart_compound_perturb(batch:1 lin{mvs:0 evals:56} gen{mvs:47 evals:233} comp{mvs:7 btracks:20} #w_updates:0 #perturb:0) [combined with: ls_restart(batch:1 l...]
#61      0.05s best:12552 next:[8556,12551] ls_restart_decay(batch:1 lin{mvs:3 evals:57} gen{mvs:12 evals:95} #w_updates:5 #perturb:0) [combined with: ls_restart_compound_...]
#62      0.05s best:12540 next:[8556,12539] ls_restart_decay_perturb(batch:1 lin{mvs:3 evals:48} gen{mvs:7 evals:50} #w_updates:1 #perturb:0) [combined with: ls_restart_decay(bat...]
#63      0.05s best:12012 next:[8556,12011] graph_var_lns (d=5.00e-01 s=23 t=0.10 p=0.00 stall=0 h=base) [combined with: ls_restart_decay_per...]
#64      0.05s best:11779 next:[8556,11778] ls_lin_restart_decay_compound_perturb(batch:1 lin{mvs:0 evals:16} gen{mvs:6 evals:41} comp{mvs:6 btracks:0} #w_updates:0 #perturb:0)
#65      0.05s best:11556 next:[8556,11555] ls_lin_restart_decay_compound(batch:1 lin{mvs:0 evals:28} gen{mvs:16 evals:92} comp{mvs:8 btracks:4} #w_updates:0 #perturb:0)
#66      0.05s best:11323 next:[8556,11322] ls_lin_restart_decay_compound(batch:1 lin{mvs:0 evals:28} gen{mvs:16 evals:92} comp{mvs:8 btracks:4} #w_updates:0 #perturb:0) [combined with: ls_lin_restart_decay...]
#Bound   0.05s best:11323 next:[9005,11322] objective_lb_search_no_lp
#67      0.05s best:11311 next:[9005,11310] ls_lin_restart_perturb(batch:1 lin{mvs:3 evals:54} gen{mvs:11 evals:77} #w_updates:3 #perturb:0)
#68      0.05s best:11309 next:[9005,11308] ls_lin_restart_perturb(batch:1 lin{mvs:6 evals:72} gen{mvs:9 evals:87} #w_updates:1 #perturb:0) [combined with: ls_lin_restart_pertu...]
#69      0.05s best:11297 next:[9005,11296] ls_lin_restart(batch:1 lin{mvs:4 evals:73} gen{mvs:13 evals:105} #w_updates:3 #perturb:0)
#70      0.05s best:11273 next:[9005,11272] ls_restart(batch:1 lin{mvs:6 evals:70} gen{mvs:7 evals:62} #w_updates:1 #perturb:0)
#71      0.05s best:11261 next:[9005,11260] ls_restart(batch:1 lin{mvs:4 evals:66} gen{mvs:9 evals:71} #w_updates:2 #perturb:0) [combined with: ls_restart(batch:1 l...]
#Bound   0.05s best:11261 next:[9068,11260] objective_lb_search_no_lp
#72      0.05s best:11235 next:[9068,11234] ls_restart_decay_perturb(batch:1 lin{mvs:7 evals:89} gen{mvs:10 evals:84} #w_updates:1 #perturb:0)
#73      0.05s best:11223 next:[9068,11222] ls_restart_decay_compound(batch:1 lin{mvs:0 evals:4} gen{mvs:2 evals:14} comp{mvs:2 btracks:0} #w_updates:0 #perturb:0) [combined with: ls_restart_decay_per...]
#74      0.05s best:11211 next:[9068,11210] ls_restart_compound(batch:1 lin{mvs:0 evals:79} gen{mvs:46 evals:279} comp{mvs:12 btracks:17} #w_updates:0 #perturb:0) [combined with: ls_restart_decay_com...]
#75      0.05s best:11198 next:[9068,11197] ls_restart_decay_perturb(batch:1 lin{mvs:4 evals:82} gen{mvs:16 evals:125} #w_updates:5 #perturb:0)
#76      0.05s best:11186 next:[9068,11185] ls_restart_decay_compound_perturb(batch:1 lin{mvs:0 evals:22} gen{mvs:14 evals:78} comp{mvs:4 btracks:5} #w_updates:0 #perturb:0) [combined with: ls_restart_decay_per...]
#77      0.05s best:11185 next:[9068,11184] ls_restart_decay_compound_perturb(batch:1 lin{mvs:0 evals:27} gen{mvs:13 evals:90} comp{mvs:5 btracks:4} #w_updates:0 #perturb:0)
#78      0.05s best:11173 next:[9068,11172] ls_restart_decay_compound_perturb(batch:1 lin{mvs:0 evals:27} gen{mvs:13 evals:90} comp{mvs:5 btracks:4} #w_updates:0 #perturb:0) [combined with: ls_restart_decay_com...]
#79      0.05s best:11161 next:[9068,11160] ls_restart_decay(batch:1 lin{mvs:4 evals:78} gen{mvs:14 evals:109} #w_updates:4 #perturb:0) [combined with: ls_restart_decay_com...]
#80      0.05s best:11149 next:[9068,11148] ls_lin_restart_compound_perturb(batch:1 lin{mvs:0 evals:48} gen{mvs:44 evals:212} comp{mvs:6 btracks:19} #w_updates:0 #perturb:0)
#81      0.05s best:11137 next:[9068,11136] ls_lin_restart(batch:1 lin{mvs:4 evals:50} gen{mvs:11 evals:76} #w_updates:3 #perturb:0) [combined with: ls_lin_restart_compo...]
#Bound   0.05s best:11137 next:[9163,11136] objective_lb_search_no_lp
#82      0.05s best:11125 next:[9163,11124] ls_restart_decay_compound(batch:1 lin{mvs:0 evals:2} gen{mvs:2 evals:14} comp{mvs:2 btracks:0} #w_updates:0 #perturb:0)
#83      0.05s best:11113 next:[9163,11112] ls_lin_restart(batch:1 lin{mvs:4 evals:64} gen{mvs:18 evals:142} #w_updates:6 #perturb:0) [combined with: ls_restart_decay_com...]
#84      0.05s best:11101 next:[9163,11100] ls_restart_decay_perturb(batch:1 lin{mvs:4 evals:72} gen{mvs:22 evals:165} #w_updates:9 #perturb:0) [combined with: ls_lin_restart(batch...]
#85      0.05s best:11099 next:[9163,11098] ls_restart_decay(batch:1 lin{mvs:7 evals:67} gen{mvs:8 evals:66} #w_updates:1 #perturb:0) [combined with: ls_restart_decay_per...]
#86      0.05s best:11087 next:[9163,11086] ls_restart_decay_compound_perturb(batch:1 lin{mvs:0 evals:2} gen{mvs:2 evals:13} comp{mvs:2 btracks:0} #w_updates:0 #perturb:0)
#87      0.05s best:11075 next:[9163,11074] ls_restart_compound(batch:1 lin{mvs:0 evals:2} gen{mvs:2 evals:14} comp{mvs:2 btracks:0} #w_updates:0 #perturb:0)
#88      0.05s best:11063 next:[9163,11062] ls_restart_decay_compound_perturb(batch:1 lin{mvs:0 evals:4} gen{mvs:2 evals:12} comp{mvs:2 btracks:0} #w_updates:0 #perturb:0)
#89      0.05s best:11061 next:[9163,11060] ls_restart_decay_perturb(batch:1 lin{mvs:7 evals:57} gen{mvs:6 evals:55} #w_updates:1 #perturb:0) [combined with: ls_restart_decay_com...]
#90      0.05s best:11049 next:[9163,11048] ls_lin_restart_decay(batch:1 lin{mvs:4 evals:55} gen{mvs:12 evals:84} #w_updates:3 #perturb:0)
#91      0.05s best:11037 next:[9163,11036] ls_lin_restart(batch:1 lin{mvs:4 evals:57} gen{mvs:11 evals:88} #w_updates:2 #perturb:0)
#92      0.06s best:11025 next:[9163,11024] ls_lin_restart_decay_perturb(batch:1 lin{mvs:6 evals:61} gen{mvs:8 evals:71} #w_updates:1 #perturb:0)
#93      0.06s best:11013 next:[9163,11012] ls_lin_restart_decay_perturb(batch:1 lin{mvs:6 evals:61} gen{mvs:8 evals:71} #w_updates:1 #perturb:0) [combined with: ls_lin_restart(batch...]
#94      0.06s best:11001 next:[9163,11000] ls_restart_decay_compound(batch:1 lin{mvs:0 evals:18} gen{mvs:14 evals:77} comp{mvs:6 btracks:4} #w_updates:0 #perturb:0)
#95      0.06s best:10139 next:[9163,10138] quick_restart_no_lp
#96      0.06s best:10005 next:[9163,10004] objective_lb_search_no_lp
#97      0.06s best:9975  next:[9163,9974] ls_restart(batch:1 lin{mvs:3 evals:67} gen{mvs:6 evals:59} #w_updates:1 #perturb:0)
#98      0.06s best:9963  next:[9163,9962] ls_restart_decay(batch:1 lin{mvs:4 evals:72} gen{mvs:6 evals:59} #w_updates:1 #perturb:0) [combined with: ls_restart(batch:1 l...]
#99      0.06s best:9882  next:[9163,9881] ls_lin_restart_decay(batch:1 lin{mvs:4 evals:191} gen{mvs:124 evals:972} #w_updates:98 #perturb:0)
#Bound   0.06s best:9882  next:[9187,9881] objective_lb_search_no_lp
#100     0.06s best:9870  next:[9187,9869] ls_restart_decay_perturb(batch:1 lin{mvs:5 evals:226} gen{mvs:123 evals:951} #w_updates:93 #perturb:0)
#Bound   0.06s best:9870  next:[9406,9869] objective_lb_search_no_lp
#101     0.06s best:9714  next:[9406,9713] ls_lin_restart_decay_perturb(batch:1 lin{mvs:3 evals:304} gen{mvs:183 evals:1'308} #w_updates:93 #perturb:0)
#Bound   0.07s best:9714  next:[9516,9713] objective_lb_search_no_lp
#Bound   0.07s best:9714  next:[9517,9713] objective_lb_search_no_lp
#Bound   0.07s best:9714  next:[9520,9713] objective_lb_search_no_lp
#Bound   0.08s best:9714  next:[9524,9713] objective_lb_search_no_lp
#Bound   0.09s best:9714  next:[9596,9713] objective_lb_search_no_lp
#Bound   0.12s best:9714  next:[9603,9713] objective_lb_search_no_lp
#Bound   0.13s best:9714  next:[9606,9713] objective_lb_search_no_lp
#Bound   0.14s best:9714  next:[9614,9713] objective_lb_search_no_lp
#Bound   0.14s best:9714  next:[9616,9713] objective_lb_search_no_lp
#Done    0.18s lb_tree_search
#Bound   0.18s best:9714  next:[9657,9713] objective_lb_search_no_lp [skipped_logs=3]

Task timing                                  n [     min,      max]      avg      dev     time         n [     min,      max]      avg      dev    dtime
                             'core':         1 [186.06ms, 186.06ms] 186.06ms   0.00ns 186.06ms         1 [ 51.52ms,  51.52ms]  51.52ms   0.00ns  51.52ms
                       'default_lp':         1 [175.13ms, 175.13ms] 175.13ms   0.00ns 175.13ms         1 [ 21.06ms,  21.06ms]  21.06ms   0.00ns  21.06ms
                 'feasibility_pump':       153 [ 59.67us,   1.14ms] 128.05us 111.78us  19.59ms       152 [ 33.09us, 507.24us]  36.21us  38.33us   5.50ms
                            'fixed':         1 [181.62ms, 181.62ms] 181.62ms   0.00ns 181.62ms         1 [ 33.26ms,  33.26ms]  33.26ms   0.00ns  33.26ms
                               'fj':         0 [  0.00ns,   0.00ns]   0.00ns   0.00ns   0.00ns         0 [  0.00ns,   0.00ns]   0.00ns   0.00ns   0.00ns
                               'fj':         0 [  0.00ns,   0.00ns]   0.00ns   0.00ns   0.00ns         0 [  0.00ns,   0.00ns]   0.00ns   0.00ns   0.00ns
                               'fj':         0 [  0.00ns,   0.00ns]   0.00ns   0.00ns   0.00ns         0 [  0.00ns,   0.00ns]   0.00ns   0.00ns   0.00ns
                               'fj':         0 [  0.00ns,   0.00ns]   0.00ns   0.00ns   0.00ns         0 [  0.00ns,   0.00ns]   0.00ns   0.00ns   0.00ns
                               'fj':         0 [  0.00ns,   0.00ns]   0.00ns   0.00ns   0.00ns         0 [  0.00ns,   0.00ns]   0.00ns   0.00ns   0.00ns
                               'fj':         0 [  0.00ns,   0.00ns]   0.00ns   0.00ns   0.00ns         0 [  0.00ns,   0.00ns]   0.00ns   0.00ns   0.00ns
                               'fj':         0 [  0.00ns,   0.00ns]   0.00ns   0.00ns   0.00ns         0 [  0.00ns,   0.00ns]   0.00ns   0.00ns   0.00ns
                               'fj':         0 [  0.00ns,   0.00ns]   0.00ns   0.00ns   0.00ns         0 [  0.00ns,   0.00ns]   0.00ns   0.00ns   0.00ns
                               'fj':         0 [  0.00ns,   0.00ns]   0.00ns   0.00ns   0.00ns         0 [  0.00ns,   0.00ns]   0.00ns   0.00ns   0.00ns
                               'fj':         0 [  0.00ns,   0.00ns]   0.00ns   0.00ns   0.00ns         0 [  0.00ns,   0.00ns]   0.00ns   0.00ns   0.00ns
                               'fj':         0 [  0.00ns,   0.00ns]   0.00ns   0.00ns   0.00ns         0 [  0.00ns,   0.00ns]   0.00ns   0.00ns   0.00ns
                               'fj':         0 [  0.00ns,   0.00ns]   0.00ns   0.00ns   0.00ns         0 [  0.00ns,   0.00ns]   0.00ns   0.00ns   0.00ns
                               'fj':         0 [  0.00ns,   0.00ns]   0.00ns   0.00ns   0.00ns         0 [  0.00ns,   0.00ns]   0.00ns   0.00ns   0.00ns
                               'fj':         0 [  0.00ns,   0.00ns]   0.00ns   0.00ns   0.00ns         0 [  0.00ns,   0.00ns]   0.00ns   0.00ns   0.00ns
                               'fj':         0 [  0.00ns,   0.00ns]   0.00ns   0.00ns   0.00ns         0 [  0.00ns,   0.00ns]   0.00ns   0.00ns   0.00ns
                               'fj':         0 [  0.00ns,   0.00ns]   0.00ns   0.00ns   0.00ns         0 [  0.00ns,   0.00ns]   0.00ns   0.00ns   0.00ns
                               'fj':         0 [  0.00ns,   0.00ns]   0.00ns   0.00ns   0.00ns         0 [  0.00ns,   0.00ns]   0.00ns   0.00ns   0.00ns
                               'fj':         0 [  0.00ns,   0.00ns]   0.00ns   0.00ns   0.00ns         0 [  0.00ns,   0.00ns]   0.00ns   0.00ns   0.00ns
                               'fj':         0 [  0.00ns,   0.00ns]   0.00ns   0.00ns   0.00ns         0 [  0.00ns,   0.00ns]   0.00ns   0.00ns   0.00ns
                               'fj':         0 [  0.00ns,   0.00ns]   0.00ns   0.00ns   0.00ns         0 [  0.00ns,   0.00ns]   0.00ns   0.00ns   0.00ns
                               'fj':         0 [  0.00ns,   0.00ns]   0.00ns   0.00ns   0.00ns         0 [  0.00ns,   0.00ns]   0.00ns   0.00ns   0.00ns
                               'fj':         0 [  0.00ns,   0.00ns]   0.00ns   0.00ns   0.00ns         0 [  0.00ns,   0.00ns]   0.00ns   0.00ns   0.00ns
                               'fj':         0 [  0.00ns,   0.00ns]   0.00ns   0.00ns   0.00ns         0 [  0.00ns,   0.00ns]   0.00ns   0.00ns   0.00ns
                               'fj':         0 [  0.00ns,   0.00ns]   0.00ns   0.00ns   0.00ns         0 [  0.00ns,   0.00ns]   0.00ns   0.00ns   0.00ns
                               'fj':         0 [  0.00ns,   0.00ns]   0.00ns   0.00ns   0.00ns         0 [  0.00ns,   0.00ns]   0.00ns   0.00ns   0.00ns
                           'fj_lin':         0 [  0.00ns,   0.00ns]   0.00ns   0.00ns   0.00ns         0 [  0.00ns,   0.00ns]   0.00ns   0.00ns   0.00ns
                           'fj_lin':         0 [  0.00ns,   0.00ns]   0.00ns   0.00ns   0.00ns         0 [  0.00ns,   0.00ns]   0.00ns   0.00ns   0.00ns
                           'fj_lin':         0 [  0.00ns,   0.00ns]   0.00ns   0.00ns   0.00ns         0 [  0.00ns,   0.00ns]   0.00ns   0.00ns   0.00ns
                           'fj_lin':         0 [  0.00ns,   0.00ns]   0.00ns   0.00ns   0.00ns         0 [  0.00ns,   0.00ns]   0.00ns   0.00ns   0.00ns
                           'fj_lin':         0 [  0.00ns,   0.00ns]   0.00ns   0.00ns   0.00ns         0 [  0.00ns,   0.00ns]   0.00ns   0.00ns   0.00ns
                           'fj_lin':         0 [  0.00ns,   0.00ns]   0.00ns   0.00ns   0.00ns         0 [  0.00ns,   0.00ns]   0.00ns   0.00ns   0.00ns
                           'fj_lin':         0 [  0.00ns,   0.00ns]   0.00ns   0.00ns   0.00ns         0 [  0.00ns,   0.00ns]   0.00ns   0.00ns   0.00ns
                           'fj_lin':         0 [  0.00ns,   0.00ns]   0.00ns   0.00ns   0.00ns         0 [  0.00ns,   0.00ns]   0.00ns   0.00ns   0.00ns
                           'fj_lin':         0 [  0.00ns,   0.00ns]   0.00ns   0.00ns   0.00ns         0 [  0.00ns,   0.00ns]   0.00ns   0.00ns   0.00ns
                           'fj_lin':         0 [  0.00ns,   0.00ns]   0.00ns   0.00ns   0.00ns         0 [  0.00ns,   0.00ns]   0.00ns   0.00ns   0.00ns
                           'fj_lin':         0 [  0.00ns,   0.00ns]   0.00ns   0.00ns   0.00ns         0 [  0.00ns,   0.00ns]   0.00ns   0.00ns   0.00ns
                           'fj_lin':         0 [  0.00ns,   0.00ns]   0.00ns   0.00ns   0.00ns         0 [  0.00ns,   0.00ns]   0.00ns   0.00ns   0.00ns
                        'fs_random':         0 [  0.00ns,   0.00ns]   0.00ns   0.00ns   0.00ns         0 [  0.00ns,   0.00ns]   0.00ns   0.00ns   0.00ns
                        'fs_random':         0 [  0.00ns,   0.00ns]   0.00ns   0.00ns   0.00ns         0 [  0.00ns,   0.00ns]   0.00ns   0.00ns   0.00ns
                        'fs_random':         0 [  0.00ns,   0.00ns]   0.00ns   0.00ns   0.00ns         0 [  0.00ns,   0.00ns]   0.00ns   0.00ns   0.00ns
                        'fs_random':         0 [  0.00ns,   0.00ns]   0.00ns   0.00ns   0.00ns         0 [  0.00ns,   0.00ns]   0.00ns   0.00ns   0.00ns
                        'fs_random':         0 [  0.00ns,   0.00ns]   0.00ns   0.00ns   0.00ns         0 [  0.00ns,   0.00ns]   0.00ns   0.00ns   0.00ns
                        'fs_random':         0 [  0.00ns,   0.00ns]   0.00ns   0.00ns   0.00ns         0 [  0.00ns,   0.00ns]   0.00ns   0.00ns   0.00ns
                        'fs_random':         0 [  0.00ns,   0.00ns]   0.00ns   0.00ns   0.00ns         0 [  0.00ns,   0.00ns]   0.00ns   0.00ns   0.00ns
                        'fs_random':         0 [  0.00ns,   0.00ns]   0.00ns   0.00ns   0.00ns         0 [  0.00ns,   0.00ns]   0.00ns   0.00ns   0.00ns
                        'fs_random':         0 [  0.00ns,   0.00ns]   0.00ns   0.00ns   0.00ns         0 [  0.00ns,   0.00ns]   0.00ns   0.00ns   0.00ns
                        'fs_random':         0 [  0.00ns,   0.00ns]   0.00ns   0.00ns   0.00ns         0 [  0.00ns,   0.00ns]   0.00ns   0.00ns   0.00ns
                        'fs_random':         0 [  0.00ns,   0.00ns]   0.00ns   0.00ns   0.00ns         0 [  0.00ns,   0.00ns]   0.00ns   0.00ns   0.00ns
                        'fs_random':         0 [  0.00ns,   0.00ns]   0.00ns   0.00ns   0.00ns         0 [  0.00ns,   0.00ns]   0.00ns   0.00ns   0.00ns
                  'fs_random_no_lp':         0 [  0.00ns,   0.00ns]   0.00ns   0.00ns   0.00ns         0 [  0.00ns,   0.00ns]   0.00ns   0.00ns   0.00ns
                  'fs_random_no_lp':         0 [  0.00ns,   0.00ns]   0.00ns   0.00ns   0.00ns         0 [  0.00ns,   0.00ns]   0.00ns   0.00ns   0.00ns
                  'fs_random_no_lp':         0 [  0.00ns,   0.00ns]   0.00ns   0.00ns   0.00ns         0 [  0.00ns,   0.00ns]   0.00ns   0.00ns   0.00ns
                  'fs_random_no_lp':         0 [  0.00ns,   0.00ns]   0.00ns   0.00ns   0.00ns         0 [  0.00ns,   0.00ns]   0.00ns   0.00ns   0.00ns
                  'fs_random_no_lp':         0 [  0.00ns,   0.00ns]   0.00ns   0.00ns   0.00ns         0 [  0.00ns,   0.00ns]   0.00ns   0.00ns   0.00ns
                  'fs_random_no_lp':         0 [  0.00ns,   0.00ns]   0.00ns   0.00ns   0.00ns         0 [  0.00ns,   0.00ns]   0.00ns   0.00ns   0.00ns
                  'fs_random_no_lp':         0 [  0.00ns,   0.00ns]   0.00ns   0.00ns   0.00ns         0 [  0.00ns,   0.00ns]   0.00ns   0.00ns   0.00ns
                  'fs_random_no_lp':         0 [  0.00ns,   0.00ns]   0.00ns   0.00ns   0.00ns         0 [  0.00ns,   0.00ns]   0.00ns   0.00ns   0.00ns
                  'fs_random_no_lp':         0 [  0.00ns,   0.00ns]   0.00ns   0.00ns   0.00ns         0 [  0.00ns,   0.00ns]   0.00ns   0.00ns   0.00ns
                  'fs_random_no_lp':         0 [  0.00ns,   0.00ns]   0.00ns   0.00ns   0.00ns         0 [  0.00ns,   0.00ns]   0.00ns   0.00ns   0.00ns
                  'fs_random_no_lp':         0 [  0.00ns,   0.00ns]   0.00ns   0.00ns   0.00ns         0 [  0.00ns,   0.00ns]   0.00ns   0.00ns   0.00ns
                  'fs_random_no_lp':         0 [  0.00ns,   0.00ns]   0.00ns   0.00ns   0.00ns         0 [  0.00ns,   0.00ns]   0.00ns   0.00ns   0.00ns
                  'fs_random_no_lp':         0 [  0.00ns,   0.00ns]   0.00ns   0.00ns   0.00ns         0 [  0.00ns,   0.00ns]   0.00ns   0.00ns   0.00ns
          'fs_random_quick_restart':         0 [  0.00ns,   0.00ns]   0.00ns   0.00ns   0.00ns         0 [  0.00ns,   0.00ns]   0.00ns   0.00ns   0.00ns
          'fs_random_quick_restart':         0 [  0.00ns,   0.00ns]   0.00ns   0.00ns   0.00ns         0 [  0.00ns,   0.00ns]   0.00ns   0.00ns   0.00ns
          'fs_random_quick_restart':         0 [  0.00ns,   0.00ns]   0.00ns   0.00ns   0.00ns         0 [  0.00ns,   0.00ns]   0.00ns   0.00ns   0.00ns
          'fs_random_quick_restart':         0 [  0.00ns,   0.00ns]   0.00ns   0.00ns   0.00ns         0 [  0.00ns,   0.00ns]   0.00ns   0.00ns   0.00ns
          'fs_random_quick_restart':         0 [  0.00ns,   0.00ns]   0.00ns   0.00ns   0.00ns         0 [  0.00ns,   0.00ns]   0.00ns   0.00ns   0.00ns
          'fs_random_quick_restart':         0 [  0.00ns,   0.00ns]   0.00ns   0.00ns   0.00ns         0 [  0.00ns,   0.00ns]   0.00ns   0.00ns   0.00ns
          'fs_random_quick_restart':         0 [  0.00ns,   0.00ns]   0.00ns   0.00ns   0.00ns         0 [  0.00ns,   0.00ns]   0.00ns   0.00ns   0.00ns
          'fs_random_quick_restart':         0 [  0.00ns,   0.00ns]   0.00ns   0.00ns   0.00ns         0 [  0.00ns,   0.00ns]   0.00ns   0.00ns   0.00ns
          'fs_random_quick_restart':         0 [  0.00ns,   0.00ns]   0.00ns   0.00ns   0.00ns         0 [  0.00ns,   0.00ns]   0.00ns   0.00ns   0.00ns
          'fs_random_quick_restart':         0 [  0.00ns,   0.00ns]   0.00ns   0.00ns   0.00ns         0 [  0.00ns,   0.00ns]   0.00ns   0.00ns   0.00ns
          'fs_random_quick_restart':         0 [  0.00ns,   0.00ns]   0.00ns   0.00ns   0.00ns         0 [  0.00ns,   0.00ns]   0.00ns   0.00ns   0.00ns
          'fs_random_quick_restart':         0 [  0.00ns,   0.00ns]   0.00ns   0.00ns   0.00ns         0 [  0.00ns,   0.00ns]   0.00ns   0.00ns   0.00ns
    'fs_random_quick_restart_no_lp':         0 [  0.00ns,   0.00ns]   0.00ns   0.00ns   0.00ns         0 [  0.00ns,   0.00ns]   0.00ns   0.00ns   0.00ns
    'fs_random_quick_restart_no_lp':         0 [  0.00ns,   0.00ns]   0.00ns   0.00ns   0.00ns         0 [  0.00ns,   0.00ns]   0.00ns   0.00ns   0.00ns
    'fs_random_quick_restart_no_lp':         0 [  0.00ns,   0.00ns]   0.00ns   0.00ns   0.00ns         0 [  0.00ns,   0.00ns]   0.00ns   0.00ns   0.00ns
    'fs_random_quick_restart_no_lp':         0 [  0.00ns,   0.00ns]   0.00ns   0.00ns   0.00ns         0 [  0.00ns,   0.00ns]   0.00ns   0.00ns   0.00ns
    'fs_random_quick_restart_no_lp':         0 [  0.00ns,   0.00ns]   0.00ns   0.00ns   0.00ns         0 [  0.00ns,   0.00ns]   0.00ns   0.00ns   0.00ns
    'fs_random_quick_restart_no_lp':         0 [  0.00ns,   0.00ns]   0.00ns   0.00ns   0.00ns         0 [  0.00ns,   0.00ns]   0.00ns   0.00ns   0.00ns
    'fs_random_quick_restart_no_lp':         0 [  0.00ns,   0.00ns]   0.00ns   0.00ns   0.00ns         0 [  0.00ns,   0.00ns]   0.00ns   0.00ns   0.00ns
    'fs_random_quick_restart_no_lp':         0 [  0.00ns,   0.00ns]   0.00ns   0.00ns   0.00ns         0 [  0.00ns,   0.00ns]   0.00ns   0.00ns   0.00ns
    'fs_random_quick_restart_no_lp':         0 [  0.00ns,   0.00ns]   0.00ns   0.00ns   0.00ns         0 [  0.00ns,   0.00ns]   0.00ns   0.00ns   0.00ns
    'fs_random_quick_restart_no_lp':         0 [  0.00ns,   0.00ns]   0.00ns   0.00ns   0.00ns         0 [  0.00ns,   0.00ns]   0.00ns   0.00ns   0.00ns
    'fs_random_quick_restart_no_lp':         0 [  0.00ns,   0.00ns]   0.00ns   0.00ns   0.00ns         0 [  0.00ns,   0.00ns]   0.00ns   0.00ns   0.00ns
    'fs_random_quick_restart_no_lp':         0 [  0.00ns,   0.00ns]   0.00ns   0.00ns   0.00ns         0 [  0.00ns,   0.00ns]   0.00ns   0.00ns   0.00ns
                    'graph_arc_lns':         8 [  3.93ms, 152.09ms]  62.42ms  59.34ms 499.33ms         8 [ 53.93us,  12.37ms]   4.73ms   4.02ms  37.81ms
                    'graph_cst_lns':         8 [  3.50ms, 151.11ms]  63.96ms  59.51ms 511.66ms         7 [ 44.60us,  14.27ms]   5.85ms   5.40ms  40.92ms
                    'graph_dec_lns':         8 [  3.22ms, 152.78ms]  60.74ms  61.40ms 485.95ms         8 [ 26.14us,  13.35ms]   5.59ms   5.66ms  44.76ms
                    'graph_var_lns':         7 [  6.25ms, 146.71ms]  77.59ms  55.57ms 543.16ms         7 [197.68us,  17.00ms]   7.50ms   5.15ms  52.49ms
                     'lb_relax_lns':         7 [220.90us, 174.66ms]  80.95ms  54.52ms 566.68ms         6 [  4.60ms,  13.05ms]   7.33ms   2.99ms  43.97ms
                   'lb_tree_search':         1 [172.02ms, 172.02ms] 172.02ms   0.00ns 172.02ms         1 [ 10.69ms,  10.69ms]  10.69ms   0.00ns  10.69ms
                               'ls':         8 [ 78.17us,  67.64ms]  17.11ms  28.73ms 136.91ms         6 [ 69.09us, 100.02ms]  31.63ms  43.91ms 189.80ms
                               'ls':         8 [115.41us,  67.46ms]  17.47ms  28.76ms 139.77ms         7 [396.01us, 100.09ms]  23.31ms  37.08ms 163.16ms
                               'ls':         8 [144.57us,  65.80ms]  16.62ms  27.84ms 132.98ms         6 [327.92us, 100.02ms]  27.47ms  39.27ms 164.84ms
                               'ls':         8 [160.43us,  64.98ms]  16.98ms  27.10ms 135.85ms         8 [114.08us,  92.40ms]  19.54ms  32.84ms 156.36ms
                               'ls':         8 [286.37us,  69.22ms]  17.53ms  29.19ms 140.28ms         8 [ 46.86us, 100.06ms]  23.61ms  39.32ms 188.86ms
                               'ls':         9 [ 95.20us, 100.88ms]  15.04ms  31.61ms 135.33ms         7 [173.63us, 100.00ms]  19.13ms  33.85ms 133.89ms
                               'ls':         9 [108.97us,  55.74ms]  14.88ms  20.68ms 133.96ms         9 [ 45.09us, 100.04ms]  33.22ms  45.93ms 298.98ms
                               'ls':         9 [129.96us,  65.47ms]  14.69ms  23.95ms 132.17ms         8 [ 50.78us, 100.02ms]  20.49ms  33.59ms 163.92ms
                               'ls':         9 [144.70us,  82.61ms]  14.58ms  27.12ms 131.18ms         7 [ 47.11us,  87.21ms]  19.80ms  31.24ms 138.57ms
                               'ls':         9 [223.45us,  81.16ms]  14.79ms  26.16ms 133.13ms         9 [ 52.04us, 100.02ms]  16.57ms  31.25ms 149.12ms
                               'ls':         9 [348.30us,  93.14ms]  14.88ms  29.13ms 133.94ms         9 [454.87us, 100.03ms]  19.96ms  34.63ms 179.65ms
                               'ls':        10 [ 88.96us,  62.35ms]  13.46ms  20.04ms 134.60ms         8 [ 45.42us, 100.02ms]  30.44ms  41.30ms 243.54ms
                               'ls':        10 [105.80us,  54.99ms]  13.03ms  20.54ms 130.34ms         8 [234.42us, 100.03ms]  33.63ms  42.45ms 269.06ms
                               'ls':        10 [121.42us,  92.57ms]  13.21ms  28.27ms 132.13ms         9 [266.11us, 100.00ms]  15.27ms  31.38ms 137.45ms
                               'ls':        11 [ 83.44us,  92.91ms]  11.83ms  27.36ms 130.12ms         7 [ 68.96us, 100.03ms]  19.79ms  34.83ms 138.52ms
                               'ls':        11 [ 91.10us,  93.14ms]  12.65ms  27.45ms 139.14ms        10 [ 47.12us, 100.02ms]  15.18ms  30.12ms 151.80ms
                               'ls':        11 [ 92.00us,  77.54ms]  12.17ms  25.48ms 133.91ms         9 [113.71us,  81.82ms]  14.51ms  27.73ms 130.58ms
                               'ls':        12 [ 95.05us,  62.00ms]  10.82ms  19.60ms 129.83ms        11 [ 54.94us, 100.01ms]  21.90ms  38.34ms 240.85ms
                               'ls':        13 [ 86.53us,  57.91ms]  10.30ms  18.32ms 133.92ms        11 [254.72us, 100.02ms]  26.09ms  40.91ms 286.94ms
                           'ls_lin':         8 [ 98.62us,  80.65ms]  17.21ms  29.56ms 137.66ms         4 [658.22us, 100.03ms]  36.22ms  40.18ms 144.88ms
                           'ls_lin':         8 [146.05us,  67.92ms]  16.99ms  28.09ms 135.94ms         7 [ 75.51us, 100.02ms]  24.04ms  36.94ms 168.31ms
                           'ls_lin':         8 [150.40us,  69.22ms]  16.21ms  27.40ms 129.70ms         7 [ 75.82us, 100.03ms]  21.88ms  36.24ms 153.15ms
                           'ls_lin':         9 [ 83.06us,  78.54ms]  15.19ms  25.85ms 136.67ms         7 [150.45us, 100.03ms]  22.35ms  33.75ms 156.42ms
                           'ls_lin':         9 [102.32us,  93.82ms]  15.72ms  29.55ms 141.44ms         7 [283.88us,  87.24ms]  21.42ms  30.39ms 149.94ms
                           'ls_lin':         9 [121.03us,  96.05ms]  15.25ms  29.32ms 137.26ms         8 [257.87us, 100.00ms]  19.02ms  31.66ms 152.14ms
                           'ls_lin':         9 [169.29us,  71.85ms]  14.59ms  23.37ms 131.34ms         8 [243.27us, 100.03ms]  32.40ms  43.07ms 259.24ms
                           'ls_lin':        10 [ 76.79us,  96.30ms]  13.44ms  28.94ms 134.38ms         9 [274.35us, 100.00ms]  15.56ms  31.06ms 140.08ms
                           'ls_lin':        11 [105.20us,  33.89ms]  11.91ms  14.03ms 130.96ms        10 [135.66us, 100.04ms]  37.73ms  44.62ms 377.27ms
                           'ls_lin':        11 [222.31us,  42.99ms]  11.91ms  16.60ms 130.99ms        11 [ 30.32us, 100.02ms]  30.04ms  43.19ms 330.49ms
                           'max_lp':         1 [174.34ms, 174.34ms] 174.34ms   0.00ns 174.34ms         1 [ 19.71ms,  19.71ms]  19.71ms   0.00ns  19.71ms
                            'no_lp':         1 [173.18ms, 173.18ms] 173.18ms   0.00ns 173.18ms         0 [  0.00ns,   0.00ns]   0.00ns   0.00ns   0.00ns
              'objective_lb_search':         1 [172.95ms, 172.95ms] 172.95ms   0.00ns 172.95ms         1 [ 28.93ms,  28.93ms]  28.93ms   0.00ns  28.93ms
       'objective_lb_search_max_lp':         1 [180.28ms, 180.28ms] 180.28ms   0.00ns 180.28ms         1 [  7.23ms,   7.23ms]   7.23ms   0.00ns   7.23ms
        'objective_lb_search_no_lp':         1 [177.93ms, 177.93ms] 177.93ms   0.00ns 177.93ms         1 [ 50.40ms,  50.40ms]  50.40ms   0.00ns  50.40ms
         'objective_shaving_max_lp':        30 [316.36us,  12.77ms]   5.09ms   2.70ms 152.57ms        22 [ 34.06us, 125.66us]  75.74us  25.68us   1.67ms
          'objective_shaving_no_lp':        24 [371.90us,  11.89ms]   6.31ms   3.86ms 151.49ms        16 [ 34.06us,  79.74us]  64.51us  20.69us   1.03ms
                          'probing':         1 [173.37ms, 173.37ms] 173.37ms   0.00ns 173.37ms         1 [  3.22ms,   3.22ms]   3.22ms   0.00ns   3.22ms
                   'probing_max_lp':         1 [171.45ms, 171.45ms] 171.45ms   0.00ns 171.45ms         1 [  4.20ms,   4.20ms]   4.20ms   0.00ns   4.20ms
                    'probing_no_lp':         1 [182.07ms, 182.07ms] 182.07ms   0.00ns 182.07ms         1 [  8.86ms,   8.86ms]   8.86ms   0.00ns   8.86ms
                     'pseudo_costs':         1 [174.15ms, 174.15ms] 174.15ms   0.00ns 174.15ms         1 [ 38.04ms,  38.04ms]  38.04ms   0.00ns  38.04ms
                    'quick_restart':         1 [183.50ms, 183.50ms] 183.50ms   0.00ns 183.50ms         1 [ 22.94ms,  22.94ms]  22.94ms   0.00ns  22.94ms
              'quick_restart_no_lp':         1 [172.38ms, 172.38ms] 172.38ms   0.00ns 172.38ms         0 [  0.00ns,   0.00ns]   0.00ns   0.00ns   0.00ns
                    'reduced_costs':         1 [183.54ms, 183.54ms] 183.54ms   0.00ns 183.54ms         1 [  9.12ms,   9.12ms]   9.12ms   0.00ns   9.12ms
                        'rins/rens':        10 [329.89us, 140.01ms]  40.86ms  60.53ms 408.63ms         4 [154.55us,  24.61ms]  10.69ms   8.83ms  42.76ms
                      'rnd_cst_lns':        10 [  3.76ms, 150.33ms]  42.35ms  44.64ms 423.50ms        10 [ 48.24us,   9.36ms]   2.72ms   2.97ms  27.19ms
                      'rnd_var_lns':        11 [  5.89ms, 134.08ms]  40.92ms  38.89ms 450.07ms        11 [ 86.43us,  18.12ms]   4.54ms   5.92ms  49.98ms
         'scheduling_intervals_lns':         5 [ 22.55ms, 176.70ms] 116.02ms  52.35ms 580.10ms         5 [557.39us,  15.19ms]   7.59ms   4.67ms  37.95ms
       'scheduling_precedences_lns':         4 [127.41ms, 177.15ms] 147.25ms  19.19ms 588.99ms         4 [  5.17ms,  12.04ms]   8.48ms   2.44ms  33.93ms
  'scheduling_resource_windows_lns':         5 [ 14.10ms, 177.25ms] 114.66ms  55.81ms 573.32ms         4 [ 17.18ms,  39.43ms]  26.46ms   8.35ms 105.84ms
       'scheduling_time_window_lns':         5 [ 25.61ms, 177.78ms] 102.90ms  61.84ms 514.48ms         5 [375.49us,  20.84ms]   8.33ms   7.27ms  41.63ms
                'variables_shaving':        81 [  5.58ms,  54.76ms]  12.24ms  10.10ms 991.57ms        81 [ 13.18us,   3.70ms] 377.96us 631.32us  30.61ms
         'variables_shaving_max_lp':         6 [ 51.56ms, 136.57ms]  88.23ms  33.76ms 529.39ms         6 [  7.87ms,  30.51ms]  15.76ms   7.55ms  94.56ms
          'variables_shaving_no_lp':        11 [  4.60ms, 137.49ms]  39.89ms  48.94ms 438.76ms        11 [177.99us,   6.64ms]   1.90ms   2.39ms  20.91ms

Search stats                        Bools  Conflicts  Branches  Restarts  BoolPropag  IntegerPropag
                           'core':  1'347        215     7'015     1'292     105'582         74'962
                     'default_lp':    530        261     2'010       420      14'613        159'208
                          'fixed':    669        349     2'181       414      14'345        274'307
                      'fs_random':      0          0         0         0           0              0
                      'fs_random':      0          0         0         0           0              0
                      'fs_random':      0          0         0         0           0              0
                      'fs_random':      0          0         0         0           0              0
                      'fs_random':      0          0         0         0           0              0
                      'fs_random':      0          0         0         0           0              0
                      'fs_random':      0          0         0         0           0              0
                      'fs_random':      0          0         0         0           0              0
                      'fs_random':      0          0         0         0           0              0
                      'fs_random':      0          0         0         0           0              0
                      'fs_random':      0          0         0         0           0              0
                      'fs_random':      0          0         0         0           0              0
                'fs_random_no_lp':      0          0         0         0           0              0
                'fs_random_no_lp':      0          0         0         0           0              0
                'fs_random_no_lp':      0          0         0         0           0              0
                'fs_random_no_lp':      0          0         0         0           0              0
                'fs_random_no_lp':      0          0         0         0           0              0
                'fs_random_no_lp':      0          0         0         0           0              0
                'fs_random_no_lp':      0          0         0         0           0              0
                'fs_random_no_lp':      0          0         0         0           0              0
                'fs_random_no_lp':      0          0         0         0           0              0
                'fs_random_no_lp':      0          0         0         0           0              0
                'fs_random_no_lp':      0          0         0         0           0              0
                'fs_random_no_lp':      0          0         0         0           0              0
                'fs_random_no_lp':      0          0         0         0           0              0
        'fs_random_quick_restart':      0          0         0         0           0              0
        'fs_random_quick_restart':      0          0         0         0           0              0
        'fs_random_quick_restart':      0          0         0         0           0              0
        'fs_random_quick_restart':      0          0         0         0           0              0
        'fs_random_quick_restart':      0          0         0         0           0              0
        'fs_random_quick_restart':      0          0         0         0           0              0
        'fs_random_quick_restart':      0          0         0         0           0              0
        'fs_random_quick_restart':      0          0         0         0           0              0
        'fs_random_quick_restart':      0          0         0         0           0              0
        'fs_random_quick_restart':      0          0         0         0           0              0
        'fs_random_quick_restart':      0          0         0         0           0              0
        'fs_random_quick_restart':      0          0         0         0           0              0
  'fs_random_quick_restart_no_lp':      0          0         0         0           0              0
  'fs_random_quick_restart_no_lp':      0          0         0         0           0              0
  'fs_random_quick_restart_no_lp':      0          0         0         0           0              0
  'fs_random_quick_restart_no_lp':      0          0         0         0           0              0
  'fs_random_quick_restart_no_lp':      0          0         0         0           0              0
  'fs_random_quick_restart_no_lp':      0          0         0         0           0              0
  'fs_random_quick_restart_no_lp':      0          0         0         0           0              0
  'fs_random_quick_restart_no_lp':      0          0         0         0           0              0
  'fs_random_quick_restart_no_lp':      0          0         0         0           0              0
  'fs_random_quick_restart_no_lp':      0          0         0         0           0              0
  'fs_random_quick_restart_no_lp':      0          0         0         0           0              0
  'fs_random_quick_restart_no_lp':      0          0         0         0           0              0
                 'lb_tree_search':  1'263         16     2'592     2'528       1'874         25'422
                         'max_lp':     77         57       501        97       1'963         51'089
                          'no_lp':    463        273     2'910       408      16'073        183'584
            'objective_lb_search':    257        342       886        84       7'474        242'458
     'objective_lb_search_max_lp':  1'265          6     2'740     2'611       3'327         21'963
      'objective_lb_search_no_lp':    304        542     4'189     1'082      15'764        420'818
                        'probing':  1'345         28     2'662     2'662       4'768         28'719
                 'probing_max_lp':  1'265          0     2'530     2'530          33         17'281
                  'probing_no_lp':  1'705         58     3'352     3'352      25'957         58'795
                   'pseudo_costs':     71         82       922       202       4'879         73'163
                  'quick_restart':    608        183     2'902       664      12'352        174'786
            'quick_restart_no_lp':    454        223     4'088       840      10'516        167'436
                  'reduced_costs':  1'265         11     3'114     2'750       6'238         27'937

SAT stats                           ClassicMinim  LitRemoved  LitLearned  LitForgotten  Subsumed  MClauses  MDecisions  MLitTrue  MSubsumed  MLitRemoved  MReused
                           'core':             3           5          98             0         0        69         138         0          0            0        0
                     'default_lp':           139         269       3'492             0         2         0           0         0          0            0        0
                          'fixed':           303         538       1'719             0        13         0           0         0          0            0        0
                      'fs_random':             0           0           0             0         0         0           0         0          0            0        0
                      'fs_random':             0           0           0             0         0         0           0         0          0            0        0
                      'fs_random':             0           0           0             0         0         0           0         0          0            0        0
                      'fs_random':             0           0           0             0         0         0           0         0          0            0        0
                      'fs_random':             0           0           0             0         0         0           0         0          0            0        0
                      'fs_random':             0           0           0             0         0         0           0         0          0            0        0
                      'fs_random':             0           0           0             0         0         0           0         0          0            0        0
                      'fs_random':             0           0           0             0         0         0           0         0          0            0        0
                      'fs_random':             0           0           0             0         0         0           0         0          0            0        0
                      'fs_random':             0           0           0             0         0         0           0         0          0            0        0
                      'fs_random':             0           0           0             0         0         0           0         0          0            0        0
                      'fs_random':             0           0           0             0         0         0           0         0          0            0        0
                'fs_random_no_lp':             0           0           0             0         0         0           0         0          0            0        0
                'fs_random_no_lp':             0           0           0             0         0         0           0         0          0            0        0
                'fs_random_no_lp':             0           0           0             0         0         0           0         0          0            0        0
                'fs_random_no_lp':             0           0           0             0         0         0           0         0          0            0        0
                'fs_random_no_lp':             0           0           0             0         0         0           0         0          0            0        0
                'fs_random_no_lp':             0           0           0             0         0         0           0         0          0            0        0
                'fs_random_no_lp':             0           0           0             0         0         0           0         0          0            0        0
                'fs_random_no_lp':             0           0           0             0         0         0           0         0          0            0        0
                'fs_random_no_lp':             0           0           0             0         0         0           0         0          0            0        0
                'fs_random_no_lp':             0           0           0             0         0         0           0         0          0            0        0
                'fs_random_no_lp':             0           0           0             0         0         0           0         0          0            0        0
                'fs_random_no_lp':             0           0           0             0         0         0           0         0          0            0        0
                'fs_random_no_lp':             0           0           0             0         0         0           0         0          0            0        0
        'fs_random_quick_restart':             0           0           0             0         0         0           0         0          0            0        0
        'fs_random_quick_restart':             0           0           0             0         0         0           0         0          0            0        0
        'fs_random_quick_restart':             0           0           0             0         0         0           0         0          0            0        0
        'fs_random_quick_restart':             0           0           0             0         0         0           0         0          0            0        0
        'fs_random_quick_restart':             0           0           0             0         0         0           0         0          0            0        0
        'fs_random_quick_restart':             0           0           0             0         0         0           0         0          0            0        0
        'fs_random_quick_restart':             0           0           0             0         0         0           0         0          0            0        0
        'fs_random_quick_restart':             0           0           0             0         0         0           0         0          0            0        0
        'fs_random_quick_restart':             0           0           0             0         0         0           0         0          0            0        0
        'fs_random_quick_restart':             0           0           0             0         0         0           0         0          0            0        0
        'fs_random_quick_restart':             0           0           0             0         0         0           0         0          0            0        0
        'fs_random_quick_restart':             0           0           0             0         0         0           0         0          0            0        0
  'fs_random_quick_restart_no_lp':             0           0           0             0         0         0           0         0          0            0        0
  'fs_random_quick_restart_no_lp':             0           0           0             0         0         0           0         0          0            0        0
  'fs_random_quick_restart_no_lp':             0           0           0             0         0         0           0         0          0            0        0
  'fs_random_quick_restart_no_lp':             0           0           0             0         0         0           0         0          0            0        0
  'fs_random_quick_restart_no_lp':             0           0           0             0         0         0           0         0          0            0        0
  'fs_random_quick_restart_no_lp':             0           0           0             0         0         0           0         0          0            0        0
  'fs_random_quick_restart_no_lp':             0           0           0             0         0         0           0         0          0            0        0
  'fs_random_quick_restart_no_lp':             0           0           0             0         0         0           0         0          0            0        0
  'fs_random_quick_restart_no_lp':             0           0           0             0         0         0           0         0          0            0        0
  'fs_random_quick_restart_no_lp':             0           0           0             0         0         0           0         0          0            0        0
  'fs_random_quick_restart_no_lp':             0           0           0             0         0         0           0         0          0            0        0
  'fs_random_quick_restart_no_lp':             0           0           0             0         0         0           0         0          0            0        0
                 'lb_tree_search':            13          58         100             0         0         0           0         0          0            0        0
                         'max_lp':            17          17         218             0         4        64         101         0         18           74       64
                          'no_lp':           255         627       2'247             0         6         0           0         0          0            0        0
            'objective_lb_search':           297         779       1'635             0        12       102         163         0         37          150       65
     'objective_lb_search_max_lp':             0           0           6             0         0         0           0         0          0            0        0
      'objective_lb_search_no_lp':           386         975       2'053             0        48        62         176         0         22          110        5
                        'probing':             0           0          28             0         0         0           0         0          0            0        0
                 'probing_max_lp':             0           0           0             0         0         0           0         0          0            0        0
                  'probing_no_lp':             0           0          58             0         0         0           0         0          0            0        0
                   'pseudo_costs':            18          19         321             0        12       196         362         0         50          209      202
                  'quick_restart':           135         251       1'743             0         2         0           0         0          0            0        0
            'quick_restart_no_lp':           135         371       2'019             0        20        67         134         7         40          189        2
                  'reduced_costs':             0           0          11             0         0         0           0         0          0            0        0

Lp stats                         Component  Iterations  AddedCuts  OPTIMAL  DUAL_F.  DUAL_U.
                  'default_lp':         25         106          0    4'000        0        0
                       'fixed':         25         122          0    2'737        0        0
              'lb_tree_search':          1         464        283       91        2        0
                      'max_lp':          1         429        272      208        0        0
         'objective_lb_search':         25         123          0    8'589        0        0
  'objective_lb_search_max_lp':          1         372        551       20        2        0
                     'probing':         25          93          0   13'745        0        0
              'probing_max_lp':          1         228        249       20        0        0
                'pseudo_costs':          1         618        654      212        3        0
               'quick_restart':         25         134          0    4'685        0        0
               'reduced_costs':          1         364        628       21        0        0

Lp dimension                      Final dimension of first component
                  'default_lp':       6 rows, 12 columns, 12 entries
                       'fixed':       6 rows, 12 columns, 12 entries
              'lb_tree_search':  395 rows, 226 columns, 1379 entries
                      'max_lp':   186 rows, 226 columns, 520 entries
         'objective_lb_search':       6 rows, 12 columns, 12 entries
  'objective_lb_search_max_lp':  427 rows, 226 columns, 1876 entries
                     'probing':       5 rows, 12 columns, 10 entries
              'probing_max_lp':  384 rows, 226 columns, 1390 entries
                'pseudo_costs':  504 rows, 226 columns, 2489 entries
               'quick_restart':       6 rows, 12 columns, 12 entries
               'reduced_costs':  444 rows, 226 columns, 2047 entries

Lp debug                         CutPropag  CutEqPropag  Adjust  Overflow    Bad  BadScaling
                  'default_lp':          0            0       0         0      0           0
                       'fixed':          0            0       0         0      0           0
              'lb_tree_search':          0            1      87         0  2'859           0
                      'max_lp':          0            4     160         0  7'159           0
         'objective_lb_search':          0            0       0         0      0           0
  'objective_lb_search_max_lp':          0            2       8         0  1'786           0
                     'probing':          0            0       0         0      0           0
              'probing_max_lp':          0            0      17         0  4'812           0
                'pseudo_costs':          0            0     104         0  6'382           0
               'quick_restart':          0            0       0         0      0           0
               'reduced_costs':          0            9      10         0  1'716           0

Lp pool                          Constraints  Updates  Simplif  Merged  Shortened  Split  Strenghtened  Cuts/Call
                  'default_lp':          231        0       20       0          0      0             0        0/0
                       'fixed':          231        0       23       0          0      0             0        0/0
              'lb_tree_search':          514      379       58       0          0      0             0  283/1'228
                      'max_lp':          503    1'351      204       0          0      0             8  272/1'904
         'objective_lb_search':          231        0       25       0          0      0             0        0/0
  'objective_lb_search_max_lp':          763      253       60      19          0      0             0    551/954
                     'probing':          231        0       90       0          0      0             0        0/0
              'probing_max_lp':          480        4        0       0          0      0             0    249/521
                'pseudo_costs':          835    1'741      315      50          0      0             1  654/2'169
               'quick_restart':          231        0       90       0          0      0             0        0/0
               'reduced_costs':          812      203       74      47          0      0             0  628/1'114

Lp Cut                                                lb_tree_search  max_lp  pseudo_costs  probing_max_lp  reduced_costs  objective_lb_search_max_lp
                                              CG_FF:               -       1             2               -              -                           -
                                               CG_K:               1       2             6               -              -                           4
                                               CG_R:               4       8            16               2             13                           7
                                            MIR_1_K:               1       -             1               -              -                           3
                                            MIR_1_R:               -       -            11               -             13                          17
                                            MIR_2_K:               -       4             4               1              5                           2
                                            MIR_2_R:               -       3             4               -              5                           2
                                            MIR_3_K:               -       2             3               1              -                           -
                                            MIR_3_R:               -       1             2               -              -                           1
                                            MIR_4_K:               -       -             2               1              -                           1
                                            MIR_4_R:               -       -             1               -              1                           1
                                            MIR_5_K:               1       2             -               -              -                           1
                                            MIR_5_R:               1       1             1               1              -                           -
                                            MIR_6_R:               1       1             -               -              -                           -
                  NoOverlapCompletionTimeExhaustive:              13       5            22               6              9                          11
           NoOverlapCompletionTimeExhaustive_lifted:              16      15            32              10             36                          33
  NoOverlapCompletionTimeExhaustive_lifted_weighted:              35      31            68              34             87                          60
         NoOverlapCompletionTimeExhaustive_weighted:              22      22            46              18             41                          38
                    NoOverlapCompletionTimeQueyrane:              37      35            93              34             93                          83
             NoOverlapCompletionTimeQueyrane_lifted:              63      51           153              57            173                         144
                        NoOverlapDetectedPrecedence:               5       3             3               -              1                           4
                        NoOverlapDisjunctionOnStart:              82      82           164              79            144                         132
                                        ZERO_HALF_R:               1       3            20               5              7                           7

LNS stats                             Improv/Calls  Closed  Difficulty  TimeLimit
                    'graph_arc_lns':           3/8     62%    8.49e-01       0.10
                    'graph_cst_lns':           3/7     71%    8.87e-01       0.10
                    'graph_dec_lns':           3/8     62%    8.49e-01       0.10
                    'graph_var_lns':           4/7     57%    7.75e-01       0.10
                     'lb_relax_lns':           3/6     33%    3.14e-01       0.50
                        'rins/rens':          6/10     70%    9.26e-01       0.10
                      'rnd_cst_lns':          5/10     70%    9.26e-01       0.10
                      'rnd_var_lns':          6/11     73%    9.46e-01       0.10
         'scheduling_intervals_lns':           3/5     20%    1.76e-01       0.10
       'scheduling_precedences_lns':           3/4      0%    8.55e-02       0.10
  'scheduling_resource_windows_lns':           3/4     25%    2.48e-01       0.10
       'scheduling_time_window_lns':           3/5     40%    4.32e-01       0.10

LS stats                                    Batches  Restarts/Perturbs  LinMoves  GenMoves  CompoundMoves  Bactracks  WeightUpdates  ScoreComputed
                      'ls_decay_compound':        3                  4         5     8'869            498      4'173            128        806'851
                         'ls_lin_restart':       14                 14        45     7'842              0          0          7'539      1'419'154
                'ls_lin_restart_compound':       11                 10         0    16'232            930      7'650            230      1'418'497
        'ls_lin_restart_compound_perturb':       10                 10         0    18'931            968      8'981            404      1'435'824
                   'ls_lin_restart_decay':       12                 12        34     4'585              0          0          1'305        560'383
          'ls_lin_restart_decay_compound':       13                 13         0    13'475            903      6'286            158      1'108'833
  'ls_lin_restart_decay_compound_perturb':       10                 10         0    15'423            930      7'242            182      1'278'317
           'ls_lin_restart_decay_perturb':       13                 13        50    17'460              0          0          3'862      2'067'325
                 'ls_lin_restart_perturb':        9                  9        30     5'973              0          0          6'348      1'017'039
                             'ls_restart':       23                 23        61    15'059              0          0         18'450      2'547'980
                    'ls_restart_compound':       23                 23         0    36'408          1'998     17'201            531      3'344'559
            'ls_restart_compound_perturb':       23                 23         0    22'640          1'346     10'647            346      1'808'817
                       'ls_restart_decay':       29                 29        99    13'617              0          0          3'917      1'569'999
              'ls_restart_decay_compound':       23                 23         0    46'288          2'944     21'663            521      4'043'268
      'ls_restart_decay_compound_perturb':       16                 16         0    15'960            957      7'499            198      1'332'693
               'ls_restart_decay_perturb':       27                 27       101    18'426              0          0          2'319      1'939'132
                     'ls_restart_perturb':       15                 15        55     6'526              0          0          4'676      1'109'557

Solutions (101)                             Num      Rank
                                   'core':    1     [2,2]
                          'graph_var_lns':    1   [63,63]
                         'ls_lin_restart':    7    [9,91]
                'ls_lin_restart_compound':    3   [45,47]
        'ls_lin_restart_compound_perturb':    2   [49,80]
                   'ls_lin_restart_decay':    3   [10,99]
          'ls_lin_restart_decay_compound':    3   [30,66]
  'ls_lin_restart_decay_compound_perturb':    3   [12,64]
           'ls_lin_restart_decay_perturb':    6  [11,101]
                 'ls_lin_restart_perturb':    2   [67,68]
                             'ls_restart':    7   [24,97]
                    'ls_restart_compound':    5   [16,87]
            'ls_restart_compound_perturb':    4   [52,60]
                       'ls_restart_decay':   13    [3,98]
              'ls_restart_decay_compound':    8   [15,94]
      'ls_restart_decay_compound_perturb':    6   [50,88]
               'ls_restart_decay_perturb':   11   [7,100]
                     'ls_restart_perturb':   10    [4,57]
                                  'no_lp':    1     [1,1]
              'objective_lb_search_no_lp':    1   [96,96]
                    'quick_restart_no_lp':    1   [95,95]
                            'rnd_cst_lns':    1   [27,27]
                            'rnd_var_lns':    2   [13,14]

Objective bounds                Num
             'initial_domain':    1
                     'max_lp':    4
        'objective_lb_search':    1
  'objective_lb_search_no_lp':   19

Solution repositories    Added  Queried  Synchro
  'feasible solutions':    499      452      250
   'fj solution hints':      0        0        0
        'lp solutions':      2        0        2
                'pump':    152       10

Improving bounds shared            Num  Sym
                  'default_lp':    203    0
                       'fixed':    233    0
              'lb_tree_search':      2    0
                      'max_lp':    946    0
                       'no_lp':    241    0
         'objective_lb_search':    404    0
  'objective_lb_search_max_lp':    189    0
   'objective_lb_search_no_lp':  1'299    0
                     'probing':      8    0
               'probing_no_lp':    122    0
                'pseudo_costs':    563    0
               'quick_restart':    443    0
         'quick_restart_no_lp':    650    0
               'reduced_costs':     10    0

CpSolverResponse summary:
status: OPTIMAL
objective: 9714
best_bound: 9714
integers: 0
booleans: 0
conflicts: 0
branches: 0
propagations: 0
integer_propagations: 0
restarts: 0
lp_iterations: 0
walltime: 0.205161
usertime: 0.205161
deterministic_time: 6.58052
gap_integral: 21.5721
solution_fingerprint: 0xbd0eafb4508fae23

