
Starting CP-SAT solver v9.14.6206
Parameters: max_time_in_seconds: 300 log_search_progress: true num_search_workers: 104 relative_gap_limit: 0.005

Initial optimization model '': (model_fingerprint: 0xccf94631fa4cb865)
#Variables: 412 (#ints: 88 in objective) (324 primary variables)
  - 88 in [0,19279]
  - 84 in [7200,19279]
  - 240 in [8640,19279]
#kInterval: 167 (#fixed: 5)
#kLinMax: 88 (#expressions: 176)
#kLinear1: 23
#kLinear2: 139
#kNoOverlap: 10 (#intervals: 167, #fixed_intervals: 5)

Starting presolve at 0.00s
  6.90e-05s  0.00e+00d  [DetectDominanceRelations] 
  1.57e-03s  0.00e+00d  [PresolveToFixPoint] #num_loops=10 #num_dual_strengthening=1 
  2.35e-06s  0.00e+00d  [ExtractEncodingFromLinear] 
  1.20e-05s  0.00e+00d  [DetectDuplicateColumns] 
  6.51e-05s  0.00e+00d  [DetectDuplicateConstraints] 
[Symmetry] Graph for symmetry has 1'012 nodes and 981 arcs.
[Symmetry] Symmetry computation done. time: 8.0446e-05 dtime: 9.771e-05
  6.06e-05s  0.00e+00d  [DetectDuplicateConstraintsWithDifferentEnforcements] 
  5.11e-04s  6.47e-06d  [Probe] #new_bounds=33 
  2.60e-06s  0.00e+00d  [MaxClique] 
  6.12e-05s  0.00e+00d  [DetectDominanceRelations] 
  4.61e-04s  0.00e+00d  [PresolveToFixPoint] #num_loops=3 #num_dual_strengthening=2 
  2.30e-05s  0.00e+00d  [ProcessAtMostOneAndLinear] 
  5.64e-05s  0.00e+00d  [DetectDuplicateConstraints] 
  5.32e-05s  0.00e+00d  [DetectDuplicateConstraintsWithDifferentEnforcements] 
  2.36e-05s  1.09e-06d  [DetectDominatedLinearConstraints] #relevant_constraints=181 
  2.49e-05s  0.00e+00d  [DetectDifferentVariables] 
  2.41e-06s  0.00e+00d  [ProcessSetPPC] 
  2.60e-06s  0.00e+00d  [FindAlmostIdenticalLinearConstraints] 
  9.44e-06s  0.00e+00d  [FindBigAtMostOneAndLinearOverlap] 
  1.56e-05s  6.91e-06d  [FindBigVerticalLinearOverlap] 
  1.96e-06s  0.00e+00d  [FindBigHorizontalLinearOverlap] 
  1.70e-06s  0.00e+00d  [MergeClauses] 
  5.65e-05s  0.00e+00d  [DetectDominanceRelations] 
  3.11e-04s  0.00e+00d  [PresolveToFixPoint] #num_loops=1 #num_dual_strengthening=1 
  5.39e-05s  0.00e+00d  [DetectDominanceRelations] 
  3.04e-04s  0.00e+00d  [PresolveToFixPoint] #num_loops=1 #num_dual_strengthening=1 
  1.10e-05s  0.00e+00d  [DetectDuplicateColumns] 
  5.40e-05s  0.00e+00d  [DetectDuplicateConstraints] 
[Symmetry] Graph for symmetry has 1'007 nodes and 978 arcs.
[Symmetry] Symmetry computation done. time: 6.6925e-05 dtime: 9.735e-05
  5.71e-05s  0.00e+00d  [DetectDuplicateConstraintsWithDifferentEnforcements] 
  3.99e-04s  2.28e-06d  [Probe] 
  1.57e-06s  0.00e+00d  [MaxClique] 
  5.97e-05s  0.00e+00d  [DetectDominanceRelations] 
  3.48e-04s  0.00e+00d  [PresolveToFixPoint] #num_loops=1 #num_dual_strengthening=1 
  2.28e-05s  0.00e+00d  [ProcessAtMostOneAndLinear] 
  5.61e-05s  0.00e+00d  [DetectDuplicateConstraints] 
  5.30e-05s  0.00e+00d  [DetectDuplicateConstraintsWithDifferentEnforcements] 
  2.16e-05s  1.09e-06d  [DetectDominatedLinearConstraints] #relevant_constraints=181 
  2.34e-05s  0.00e+00d  [DetectDifferentVariables] 
  1.89e-06s  0.00e+00d  [ProcessSetPPC] 
  2.24e-06s  0.00e+00d  [FindAlmostIdenticalLinearConstraints] 
  9.03e-06s  0.00e+00d  [FindBigAtMostOneAndLinearOverlap] 
  1.55e-05s  6.91e-06d  [FindBigVerticalLinearOverlap] 
  1.76e-06s  0.00e+00d  [FindBigHorizontalLinearOverlap] 
  1.23e-06s  0.00e+00d  [MergeClauses] 
  5.69e-05s  0.00e+00d  [DetectDominanceRelations] 
  3.16e-04s  0.00e+00d  [PresolveToFixPoint] #num_loops=1 #num_dual_strengthening=1 
  1.65e-05s  0.00e+00d  [ExpandObjective] 

Presolve summary:
  - 181 affine relations were detected.
  - rule 'TODO dual: only one blocking constraint?' was applied 595 times.
  - rule 'TODO dual: only one unspecified blocking constraint?' was applied 294 times.
  - rule 'affine: new relation' was applied 181 times.
  - rule 'dual: reduced domain' was applied 4 times.
  - rule 'intervals: removed unused interval' was applied 5 times.
  - rule 'lin_max: converted abs to equality' was applied 17 times.
  - rule 'lin_max: converted to equality' was applied 4 times.
  - rule 'lin_max: propagate domain from x to abs(x)' was applied 64 times.
  - rule 'lin_max: removed exprs' was applied 4 times.
  - rule 'lin_max: rewrite with precedences' was applied 42 times.
  - rule 'lin_max: target domain reduced' was applied 46 times.
  - rule 'linear1: x in domain' was applied 20 times.
  - rule 'linear: always true' was applied 47 times.
  - rule 'linear: fixed or dup variables' was applied 2 times.
  - rule 'linear: reduced variable domains' was applied 783 times.
  - rule 'linear: remapped using affine relations' was applied 381 times.
  - rule 'no_overlap: split into disjoint components' was applied 5 times.
  - rule 'objective: variable not used elsewhere' was applied 2 times.
  - rule 'presolve: 2 unused variables removed.' was applied 1 time.
  - rule 'presolve: iteration' was applied 2 times.

Presolved optimization model '': (model_fingerprint: 0xa1d8ad483cd8e78d)
#Variables: 229 (#ints: 84 in objective) (162 primary variables)
  - 197 different domains in [0,19258] with a largest complexity of 1.
#kInterval: 162
#kLinMax: 25 (#expressions: 50)
#kLinear2: 181
#kNoOverlap: 10 (#intervals: 162)
[Symmetry] Graph for symmetry has 824 nodes and 978 arcs.
[Symmetry] Symmetry computation done. time: 5.7125e-05 dtime: 8.637e-05

Preloading model.
#Bound   0.01s best:inf   next:[22317,5882723] initial_domain
#Model   0.01s var:229/229 constraints:378/378

Starting search at 0.01s with 104 workers.
18 full problem subsolvers: [core, default_lp, fixed, lb_tree_search, max_lp, no_lp, objective_lb_search, objective_lb_search_max_lp, objective_lb_search_no_lp, objective_shaving_max_lp, objective_shaving_no_lp, probing, probing_max_lp, probing_no_lp, pseudo_costs, quick_restart, quick_restart_no_lp, reduced_costs]
86 first solution subsolvers: [fj(25), fj_lin(12), fs_random(12), fs_random_no_lp(13), fs_random_quick_restart(12), fs_random_quick_restart_no_lp(12)]
45 interleaved subsolvers: [feasibility_pump, graph_arc_lns, graph_cst_lns, graph_dec_lns, graph_var_lns, lb_relax_lns, ls(19), ls_lin(10), rins/rens, rnd_cst_lns, rnd_var_lns, scheduling_intervals_lns, scheduling_precedences_lns, scheduling_resource_windows_lns, scheduling_time_window_lns, variables_shaving, variables_shaving_max_lp, variables_shaving_no_lp]
3 helper subsolvers: [neighborhood_helper, synchronization_agent, update_gap_integral]

#1       0.01s best:137945 next:[22317,137944] no_lp
#Bound   0.02s best:137945 next:[23018,137944] objective_lb_search
#2       0.02s best:54540 next:[23018,54539] core
#Bound   0.02s best:54540 next:[23053,54539] objective_lb_search
#Bound   0.02s best:54540 next:[23068,54539] objective_lb_search
#Bound   0.02s best:54540 next:[23072,54539] objective_lb_search
#Bound   0.02s best:54540 next:[23124,54539] objective_lb_search
#Bound   0.02s best:54540 next:[23146,54539] objective_lb_search
#3       0.02s best:51174 next:[23146,51173] no_lp
#Bound   0.02s best:51174 next:[23672,51173] max_lp
#4       0.02s best:51040 next:[23672,51039] objective_lb_search_no_lp
#5       0.02s best:50896 next:[23672,50895] graph_dec_lns (d=5.00e-01 s=27 t=0.10 p=0.00 stall=0 h=base)
#6       0.02s best:50416 next:[23672,50415] graph_cst_lns (d=5.00e-01 s=26 t=0.10 p=0.00 stall=0 h=base)
#Bound   0.02s best:50416 next:[24003,50415] pseudo_costs
#7       0.02s best:50403 next:[24003,50402] ls_restart_compound_perturb(batch:1 lin{mvs:0 evals:19} gen{mvs:3 evals:75} comp{mvs:3 btracks:0} #w_updates:0 #perturb:0)
#Bound   0.02s best:50403 next:[28332,50402] max_lp
#8       0.02s best:50392 next:[28332,50391] ls_restart_perturb(batch:1 lin{mvs:21 evals:862} gen{mvs:65 evals:1'436} #w_updates:26 #perturb:0)
#9       0.02s best:50379 next:[28332,50378] ls_restart_perturb(batch:1 lin{mvs:21 evals:862} gen{mvs:65 evals:1'436} #w_updates:26 #perturb:0) [combined with: ls_restart_compound_...]
#10      0.03s best:49939 next:[28332,49938] ls_lin_restart_decay_compound_perturb(batch:1 lin{mvs:0 evals:141} gen{mvs:24 evals:514} comp{mvs:14 btracks:5} #w_updates:0 #perturb:0)
#11      0.03s best:49926 next:[28332,49925] ls_lin_restart_compound(batch:1 lin{mvs:0 evals:366} gen{mvs:81 evals:1'369} comp{mvs:25 btracks:28} #w_updates:0 #perturb:0) [combined with: ls_lin_restart_decay...]
#12      0.03s best:49913 next:[28332,49912] ls_restart_decay_compound(batch:1 lin{mvs:0 evals:68} gen{mvs:17 evals:276} comp{mvs:7 btracks:5} #w_updates:0 #perturb:0)
#13      0.03s best:49901 next:[28332,49900] ls_restart_compound_perturb(batch:1 lin{mvs:0 evals:91} gen{mvs:20 evals:348} comp{mvs:10 btracks:5} #w_updates:0 #perturb:0) [combined with: ls_restart_decay_com...]
#14      0.03s best:45855 next:[28332,45854] graph_var_lns (d=5.00e-01 s=24 t=0.10 p=0.00 stall=0 h=base)
#Bound   0.03s best:45855 next:[28344,45854] max_lp
#15      0.04s best:43956 next:[28344,43955] no_lp
#16      0.04s best:43143 next:[28344,43142] graph_dec_lns (d=7.07e-01 s=106 t=0.10 p=1.00 stall=0 h=base)
#Bound   0.05s best:43143 next:[28446,43142] max_lp
#17      0.05s best:43131 next:[28446,43130] quick_restart_no_lp
#18      0.05s best:42684 next:[28446,42683] no_lp
#19      0.05s best:42471 next:[28446,42470] graph_dec_lns (d=7.07e-01 s=136 t=0.10 p=1.00 stall=0 h=base)
#20      0.06s best:42468 next:[28446,42467] no_lp
#21      0.06s best:42456 next:[28446,42455] no_lp
#22      0.06s best:42152 next:[28446,42151] ls_restart_decay(batch:1 lin{mvs:21 evals:499} gen{mvs:184 evals:3'461} #w_updates:50 #perturb:0)
#Bound   0.06s best:42152 next:[28449,42151] pseudo_costs
#23      0.07s best:42140 next:[28449,42139] ls_lin_restart_compound(batch:1 lin{mvs:0 evals:117} gen{mvs:116 evals:1'684} comp{mvs:8 btracks:54} #w_updates:1 #perturb:0)
#24      0.07s best:42032 next:[28449,42031] quick_restart_no_lp
#25      0.07s best:42020 next:[28449,42019] ls_restart_decay_compound_perturb(batch:1 lin{mvs:0 evals:14} gen{mvs:13 evals:192} comp{mvs:3 btracks:5} #w_updates:0 #perturb:0)
#26      0.08s best:42008 next:[28449,42007] ls_lin_restart_decay_compound(batch:1 lin{mvs:0 evals:3} gen{mvs:2 evals:34} comp{mvs:2 btracks:0} #w_updates:0 #perturb:0)
#27      0.08s best:42007 next:[28449,42006] ls_lin_restart_decay_compound(batch:1 lin{mvs:0 evals:20} gen{mvs:22 evals:322} comp{mvs:6 btracks:8} #w_updates:0 #perturb:0)
#28      0.08s best:42006 next:[28449,42005] ls_lin_restart_decay_compound(batch:1 lin{mvs:0 evals:7} gen{mvs:4 evals:90} comp{mvs:4 btracks:0} #w_updates:0 #perturb:0)
#29      0.08s best:41983 next:[28449,41982] ls_lin_restart_decay_compound_perturb(batch:1 lin{mvs:0 evals:157} gen{mvs:148 evals:2'271} comp{mvs:12 btracks:68} #w_updates:1 #perturb:0)
#30      0.08s best:41982 next:[28449,41981] ls_lin_restart_decay_compound_perturb(batch:1 lin{mvs:0 evals:157} gen{mvs:148 evals:2'271} comp{mvs:12 btracks:68} #w_updates:1 #perturb:0) [combined with: ls_lin_restart_decay...]
#31      0.09s best:41981 next:[28449,41980] ls_restart_decay_compound(batch:1 lin{mvs:0 evals:20} gen{mvs:20 evals:279} comp{mvs:6 btracks:7} #w_updates:0 #perturb:0)
#32      0.09s best:41970 next:[28449,41969] ls_restart_decay_compound(batch:1 lin{mvs:0 evals:71} gen{mvs:62 evals:1'009} comp{mvs:10 btracks:26} #w_updates:0 #perturb:0)
#33      0.09s best:41969 next:[28449,41968] ls_restart_decay_compound(batch:1 lin{mvs:0 evals:71} gen{mvs:62 evals:1'009} comp{mvs:10 btracks:26} #w_updates:0 #perturb:0) [combined with: ls_restart_decay_com...]
#34      0.09s best:41957 next:[28449,41956] ls_restart_compound(batch:1 lin{mvs:0 evals:18} gen{mvs:14 evals:274} comp{mvs:6 btracks:4} #w_updates:0 #perturb:0)
#35      0.09s best:41945 next:[28449,41944] ls_restart_decay_compound_perturb(batch:1 lin{mvs:0 evals:5} gen{mvs:4 evals:85} comp{mvs:4 btracks:0} #w_updates:0 #perturb:0)
#36      0.09s best:41944 next:[28449,41943] ls_lin_restart_compound_perturb(batch:1 lin{mvs:0 evals:136} gen{mvs:136 evals:2'018} comp{mvs:10 btracks:63} #w_updates:0 #perturb:0) [combined with: ls_restart_decay_com...]
#37      0.10s best:41911 next:[28449,41910] quick_restart_no_lp
#38      0.10s best:41910 next:[28449,41909] ls_restart_decay_compound(batch:1 lin{mvs:0 evals:83} gen{mvs:92 evals:1'168} comp{mvs:6 btracks:43} #w_updates:0 #perturb:0)
#39      0.10s best:41908 next:[28449,41907] ls_lin_restart_compound(batch:1 lin{mvs:0 evals:329} gen{mvs:286 evals:4'651} comp{mvs:26 btracks:130} #w_updates:1 #perturb:0) [combined with: ls_restart_decay_com...]
#40      0.11s best:41896 next:[28449,41895] quick_restart
#41      0.12s best:41886 next:[28449,41885] no_lp
#42      0.12s best:41874 next:[28449,41873] no_lp
#43      0.12s best:41764 next:[28449,41763] quick_restart_no_lp
#44      0.12s best:41716 next:[28449,41715] ls_restart_compound(batch:1 lin{mvs:0 evals:8} gen{mvs:5 evals:113} comp{mvs:5 btracks:0} #w_updates:0 #perturb:0)
#45      0.14s best:40888 next:[28449,40887] ls_lin_restart_compound(batch:1 lin{mvs:0 evals:1'000} gen{mvs:1'042 evals:15'375} comp{mvs:58 btracks:492} #w_updates:12 #perturb:0)
#46      0.14s best:40708 next:[28449,40707] ls_lin_restart_compound(batch:1 lin{mvs:0 evals:1'000} gen{mvs:1'042 evals:15'375} comp{mvs:58 btracks:492} #w_updates:12 #perturb:0) [combined with: ls_restart_compound(...]
#47      0.14s best:40266 next:[28449,40265] rins_pump_lns (d=8.14e-01 s=192 t=0.10 p=1.00 stall=0 h=base)
#Bound   0.14s best:40266 next:[28495,40265] objective_lb_search_max_lp
#48      0.15s best:38994 next:[28495,38993] ls_restart_decay(batch:1 lin{mvs:12 evals:764} gen{mvs:595 evals:9'522} #w_updates:90 #perturb:0)
#49      0.15s best:38982 next:[28495,38981] ls_decay_compound(batch:4 lin{mvs:42 evals:9'763} gen{mvs:3'682 evals:51'933} comp{mvs:45 btracks:573} #w_updates:242 #perturb:4)
#50      0.15s best:38967 next:[28495,38966] ls_restart_compound(batch:1 lin{mvs:0 evals:7} gen{mvs:3 evals:64} comp{mvs:3 btracks:0} #w_updates:0 #perturb:0)
#51      0.15s best:38955 next:[28495,38954] ls_lin_restart_compound(batch:1 lin{mvs:0 evals:4} gen{mvs:2 evals:35} comp{mvs:2 btracks:0} #w_updates:0 #perturb:0)
#52      0.16s best:38943 next:[28495,38942] ls_restart_compound_perturb(batch:1 lin{mvs:0 evals:70} gen{mvs:60 evals:679} comp{mvs:4 btracks:28} #w_updates:0 #perturb:0)
#53      0.16s best:38928 next:[28495,38927] ls_restart_compound(batch:1 lin{mvs:0 evals:8} gen{mvs:3 evals:64} comp{mvs:3 btracks:0} #w_updates:0 #perturb:0)
#54      0.16s best:38916 next:[28495,38915] ls_lin_restart_compound_perturb(batch:1 lin{mvs:0 evals:9} gen{mvs:4 evals:94} comp{mvs:4 btracks:0} #w_updates:0 #perturb:0)
#55      0.16s best:38901 next:[28495,38900] quick_restart
#56      0.16s best:38889 next:[28495,38888] ls_lin_restart_compound_perturb(batch:1 lin{mvs:0 evals:13} gen{mvs:8 evals:141} comp{mvs:4 btracks:2} #w_updates:0 #perturb:0)
#57      0.16s best:38874 next:[28495,38873] ls_lin_restart_decay_compound_perturb(batch:1 lin{mvs:0 evals:80} gen{mvs:55 evals:775} comp{mvs:11 btracks:22} #w_updates:0 #perturb:0)
#58      0.16s best:38862 next:[28495,38861] ls_restart_compound_perturb(batch:1 lin{mvs:0 evals:18} gen{mvs:13 evals:197} comp{mvs:5 btracks:4} #w_updates:0 #perturb:0) [combined with: ls_lin_restart_decay...]
#59      0.16s best:38859 next:[28495,38858] ls_lin_restart_compound_perturb(batch:1 lin{mvs:0 evals:8} gen{mvs:3 evals:64} comp{mvs:3 btracks:0} #w_updates:0 #perturb:0)
#60      0.16s best:38847 next:[28495,38846] ls_lin_restart_compound_perturb(batch:1 lin{mvs:0 evals:8} gen{mvs:3 evals:64} comp{mvs:3 btracks:0} #w_updates:0 #perturb:0) [combined with: ls_restart_compound_...]
#61      0.17s best:38757 next:[28495,38756] ls_lin_restart_decay_perturb(batch:1 lin{mvs:12 evals:361} gen{mvs:97 evals:1'454} #w_updates:18 #perturb:0)
#62      0.17s best:38727 next:[28495,38726] ls_lin_restart_decay_perturb(batch:1 lin{mvs:12 evals:361} gen{mvs:97 evals:1'454} #w_updates:18 #perturb:0) [combined with: ls_lin_restart_compo...]
#63      0.17s best:38715 next:[28495,38714] ls_lin_restart_decay(batch:1 lin{mvs:14 evals:334} gen{mvs:42 evals:749} #w_updates:10 #perturb:0)
#64      0.17s best:38703 next:[28495,38702] ls_lin_restart_decay_compound(batch:1 lin{mvs:0 evals:37} gen{mvs:20 evals:343} comp{mvs:14 btracks:3} #w_updates:0 #perturb:0)
#65      0.17s best:38688 next:[28495,38687] ls_restart_decay_compound(batch:1 lin{mvs:0 evals:88} gen{mvs:53 evals:785} comp{mvs:17 btracks:18} #w_updates:0 #perturb:0)
#66      0.18s best:38583 next:[28495,38582] ls_lin_restart_decay_perturb(batch:1 lin{mvs:15 evals:666} gen{mvs:206 evals:3'745} #w_updates:53 #perturb:0)
#67      0.18s best:38559 next:[28495,38558] ls_lin_restart_decay_compound(batch:1 lin{mvs:0 evals:66} gen{mvs:45 evals:700} comp{mvs:7 btracks:19} #w_updates:0 #perturb:0)
#68      0.18s best:38547 next:[28495,38546] ls_lin_restart_decay_compound(batch:1 lin{mvs:0 evals:24} gen{mvs:20 evals:273} comp{mvs:4 btracks:8} #w_updates:0 #perturb:0)
#69      0.18s best:38332 next:[28495,38331] ls_restart_decay_compound_perturb(batch:1 lin{mvs:0 evals:76} gen{mvs:50 evals:736} comp{mvs:16 btracks:17} #w_updates:0 #perturb:0)
#70      0.18s best:38320 next:[28495,38319] ls_restart_decay_compound_perturb(batch:1 lin{mvs:0 evals:76} gen{mvs:50 evals:736} comp{mvs:16 btracks:17} #w_updates:0 #perturb:0) [combined with: ls_lin_restart_decay...]
#71      0.18s best:38308 next:[28495,38307] ls_restart_compound_perturb(batch:1 lin{mvs:0 evals:58} gen{mvs:37 evals:586} comp{mvs:7 btracks:15} #w_updates:0 #perturb:0)
#72      0.18s best:38284 next:[28495,38283] ls_compound(batch:6 lin{mvs:55 evals:12'047} gen{mvs:4'838 evals:71'212} comp{mvs:50 btracks:573} #w_updates:497 #perturb:6)
#73      0.19s best:37803 next:[28495,37802] ls_perturb(batch:7 lin{mvs:73 evals:12'566} gen{mvs:4'927 evals:72'835} comp{mvs:50 btracks:573} #w_updates:509 #perturb:7)
#74      0.19s best:37743 next:[28495,37742] ls_restart_decay_compound(batch:1 lin{mvs:0 evals:26} gen{mvs:14 evals:235} comp{mvs:4 btracks:5} #w_updates:0 #perturb:0)
#75      0.19s best:37728 next:[28495,37727] ls_restart_decay_compound_perturb(batch:1 lin{mvs:0 evals:7} gen{mvs:3 evals:61} comp{mvs:3 btracks:0} #w_updates:0 #perturb:0)
#76      0.19s best:37560 next:[28495,37559] rnd_cst_lns (d=7.07e-01 s=102 t=0.10 p=1.00 stall=0 h=base) [combined with: ls_restart_decay_com...]
#77      0.19s best:37441 next:[28495,37440] ls_lin_restart_decay_perturb(batch:1 lin{mvs:19 evals:579} gen{mvs:119 evals:2'238} #w_updates:47 #perturb:0)
#78      0.19s best:37368 next:[28495,37367] ls_restart_compound(batch:1 lin{mvs:0 evals:16} gen{mvs:5 evals:105} comp{mvs:5 btracks:0} #w_updates:0 #perturb:0)
#79      0.19s best:37353 next:[28495,37352] ls_restart_decay_compound(batch:1 lin{mvs:0 evals:73} gen{mvs:43 evals:684} comp{mvs:5 btracks:19} #w_updates:0 #perturb:0)
#80      0.20s best:35985 next:[28495,35984] ls_restart_compound(batch:1 lin{mvs:0 evals:24} gen{mvs:15 evals:223} comp{mvs:7 btracks:4} #w_updates:0 #perturb:0)
#81      0.20s best:35973 next:[28495,35972] ls_lin_restart_decay_compound_perturb(batch:1 lin{mvs:0 evals:46} gen{mvs:30 evals:473} comp{mvs:8 btracks:11} #w_updates:0 #perturb:0) [combined with: ls_restart_compound(...]
#82      0.20s best:35913 next:[28495,35912] quick_restart_no_lp
#83      0.20s best:35056 next:[28495,35055] ls_restart_decay(batch:1 lin{mvs:15 evals:400} gen{mvs:49 evals:953} #w_updates:30 #perturb:0)
#84      0.20s best:34984 next:[28495,34983] ls_restart_decay(batch:1 lin{mvs:15 evals:400} gen{mvs:49 evals:953} #w_updates:30 #perturb:0) [combined with: quick_restart_no_lp...]
#85      0.20s best:34972 next:[28495,34971] ls_restart_decay_compound_perturb(batch:1 lin{mvs:0 evals:142} gen{mvs:101 evals:1'401} comp{mvs:9 btracks:46} #w_updates:0 #perturb:0) [combined with: ls_restart_decay(bat...]
#86      0.20s best:34971 next:[28495,34970] ls_restart_compound(batch:1 lin{mvs:0 evals:36} gen{mvs:25 evals:345} comp{mvs:5 btracks:10} #w_updates:0 #perturb:0)
#87      0.20s best:34960 next:[28495,34959] ls_restart_decay_compound(batch:1 lin{mvs:0 evals:112} gen{mvs:66 evals:1'004} comp{mvs:18 btracks:24} #w_updates:0 #perturb:0)
#88      0.20s best:34947 next:[28495,34946] ls_restart_decay_compound(batch:1 lin{mvs:0 evals:112} gen{mvs:66 evals:1'004} comp{mvs:18 btracks:24} #w_updates:0 #perturb:0) [combined with: ls_restart_compound(...]
#89      0.20s best:34431 next:[28495,34430] ls_restart_decay(batch:1 lin{mvs:21 evals:1'299} gen{mvs:615 evals:9'033} #w_updates:96 #perturb:0)
#90      0.21s best:34404 next:[28495,34403] ls_restart_decay_compound(batch:1 lin{mvs:0 evals:58} gen{mvs:53 evals:621} comp{mvs:7 btracks:23} #w_updates:0 #perturb:0)
#91      0.21s best:34392 next:[28495,34391] ls_restart_compound_perturb(batch:1 lin{mvs:0 evals:2} gen{mvs:2 evals:29} comp{mvs:2 btracks:0} #w_updates:0 #perturb:0)
#92      0.21s best:34365 next:[28495,34364] ls_restart_compound(batch:1 lin{mvs:0 evals:45} gen{mvs:41 evals:511} comp{mvs:15 btracks:13} #w_updates:0 #perturb:0) [combined with: ls_restart_compound_...]
#93      0.21s best:34338 next:[28495,34337] ls_lin_restart_compound(batch:1 lin{mvs:0 evals:14} gen{mvs:13 evals:165} comp{mvs:5 btracks:4} #w_updates:0 #perturb:0) [combined with: ls_restart_compound(...]
#94      0.21s best:34311 next:[28495,34310] ls_lin_restart_compound_perturb(batch:1 lin{mvs:0 evals:4} gen{mvs:3 evals:50} comp{mvs:3 btracks:0} #w_updates:0 #perturb:0)
#95      0.21s best:34305 next:[28495,34304] ls_lin_restart_compound(batch:1 lin{mvs:0 evals:53} gen{mvs:49 evals:631} comp{mvs:7 btracks:21} #w_updates:0 #perturb:0)
#96      0.21s best:34251 next:[28495,34250] ls_lin_restart_compound(batch:1 lin{mvs:0 evals:53} gen{mvs:49 evals:631} comp{mvs:7 btracks:21} #w_updates:0 #perturb:0) [combined with: ls_lin_restart_compo...]
#97      0.21s best:34197 next:[28495,34196] ls_lin_restart(batch:1 lin{mvs:8 evals:144} gen{mvs:27 evals:456} #w_updates:6 #perturb:0)
#98      0.21s best:34176 next:[28495,34175] ls_restart_decay(batch:1 lin{mvs:8 evals:188} gen{mvs:110 evals:1'028} #w_updates:34 #perturb:0)
#99      0.22s best:34089 next:[28495,34088] ls_restart_decay(batch:1 lin{mvs:11 evals:189} gen{mvs:29 evals:414} #w_updates:4 #perturb:0)
#100     0.22s best:33948 next:[28495,33947] ls_restart_decay(batch:1 lin{mvs:11 evals:189} gen{mvs:29 evals:414} #w_updates:4 #perturb:0) [combined with: ls_lin_restart(batch...]
#101     0.22s best:33933 next:[28495,33932] ls_restart_compound_perturb(batch:1 lin{mvs:0 evals:75} gen{mvs:49 evals:534} comp{mvs:5 btracks:22} #w_updates:0 #perturb:0)
#102     0.22s best:33765 next:[28495,33764] ls_restart(batch:1 lin{mvs:10 evals:191} gen{mvs:18 evals:265} #w_updates:1 #perturb:0)
#103     0.22s best:33738 next:[28495,33737] ls_restart_decay(batch:1 lin{mvs:9 evals:259} gen{mvs:53 evals:765} #w_updates:13 #perturb:0) [combined with: ls_restart(batch:1 l...]
#104     0.22s best:33726 next:[28495,33725] ls_restart_perturb(batch:1 lin{mvs:8 evals:166} gen{mvs:14 evals:217} #w_updates:1 #perturb:0)
#105     0.22s best:33711 next:[28495,33710] ls_restart_decay_compound_perturb(batch:1 lin{mvs:0 evals:7} gen{mvs:3 evals:46} comp{mvs:3 btracks:0} #w_updates:0 #perturb:0)
#106     0.22s best:33696 next:[28495,33695] ls_restart_compound_perturb(batch:1 lin{mvs:0 evals:20} gen{mvs:15 evals:148} comp{mvs:5 btracks:5} #w_updates:0 #perturb:0)
#107     0.23s best:33681 next:[28495,33680] ls_lin_restart_decay(batch:1 lin{mvs:9 evals:186} gen{mvs:21 evals:312} #w_updates:4 #perturb:0)
#108     0.23s best:33642 next:[28495,33641] ls_restart_decay(batch:1 lin{mvs:9 evals:228} gen{mvs:65 evals:927} #w_updates:18 #perturb:0)
#109     0.23s best:33630 next:[28495,33629] ls_restart(batch:1 lin{mvs:10 evals:269} gen{mvs:67 evals:988} #w_updates:32 #perturb:0)
#110     0.24s best:33608 next:[28495,33607] ls_lin_restart_decay_perturb(batch:1 lin{mvs:8 evals:654} gen{mvs:324 evals:4'887} #w_updates:106 #perturb:0)
#111     0.24s best:33500 next:[28495,33499] graph_cst_lns (d=8.76e-01 s=578 t=0.10 p=1.00 stall=0 h=base) [combined with: ls_lin_restart_decay...]
#112     0.24s best:33488 next:[28495,33487] ls_restart_decay_compound_perturb(batch:1 lin{mvs:0 evals:66} gen{mvs:50 evals:604} comp{mvs:6 btracks:22} #w_updates:0 #perturb:0)
#113     0.25s best:33476 next:[28495,33475] ls_restart_decay_compound(batch:1 lin{mvs:0 evals:40} gen{mvs:22 evals:327} comp{mvs:8 btracks:7} #w_updates:0 #perturb:0)
#114     0.25s best:33464 next:[28495,33463] ls_restart_compound(batch:1 lin{mvs:0 evals:78} gen{mvs:46 evals:688} comp{mvs:20 btracks:13} #w_updates:1 #perturb:0) [combined with: ls_restart_decay_com...]
#115     0.25s best:33458 next:[28495,33457] ls_lin_restart_decay(batch:1 lin{mvs:8 evals:871} gen{mvs:523 evals:6'933} #w_updates:136 #perturb:0) [combined with: ls_restart_compound(...]
#116     0.25s best:33434 next:[28495,33433] ls_lin_restart_compound(batch:1 lin{mvs:0 evals:25} gen{mvs:32 evals:295} comp{mvs:4 btracks:14} #w_updates:0 #perturb:0)
#117     0.25s best:33266 next:[28495,33265] ls_lin_restart_perturb(batch:1 lin{mvs:5 evals:89} gen{mvs:5 evals:106} #w_updates:0 #perturb:0)
#118     0.26s best:33251 next:[28495,33250] ls_lin_restart_compound(batch:1 lin{mvs:0 evals:33} gen{mvs:35 evals:401} comp{mvs:9 btracks:13} #w_updates:0 #perturb:0)
#119     0.26s best:33236 next:[28495,33235] ls_lin_restart_compound(batch:1 lin{mvs:0 evals:28} gen{mvs:33 evals:346} comp{mvs:5 btracks:14} #w_updates:0 #perturb:0)
#120     0.26s best:33221 next:[28495,33220] ls_lin_restart_compound(batch:1 lin{mvs:0 evals:31} gen{mvs:27 evals:378} comp{mvs:9 btracks:9} #w_updates:0 #perturb:0)
#121     0.26s best:33209 next:[28495,33208] ls_lin_restart_decay_compound(batch:1 lin{mvs:0 evals:75} gen{mvs:68 evals:903} comp{mvs:20 btracks:24} #w_updates:0 #perturb:0) [combined with: ls_lin_restart_compo...]
#Bound   0.26s best:33209 next:[28507,33208] objective_lb_search_no_lp
#122     0.27s best:33194 next:[28507,33193] ls_restart_decay_compound_perturb(batch:1 lin{mvs:0 evals:36} gen{mvs:45 evals:439} comp{mvs:5 btracks:20} #w_updates:0 #perturb:0)
#123     0.27s best:33179 next:[28507,33178] ls_restart_compound_perturb(batch:1 lin{mvs:0 evals:5} gen{mvs:3 evals:53} comp{mvs:3 btracks:0} #w_updates:0 #perturb:0)
#124     0.27s best:33167 next:[28507,33166] ls_lin_restart_decay_compound(batch:1 lin{mvs:0 evals:48} gen{mvs:38 evals:540} comp{mvs:14 btracks:12} #w_updates:0 #perturb:0)
#125     0.28s best:33155 next:[28507,33154] ls_lin_restart_compound_perturb(batch:1 lin{mvs:0 evals:120} gen{mvs:126 evals:1'521} comp{mvs:16 btracks:55} #w_updates:1 #perturb:0)
#126     0.28s best:33143 next:[28507,33142] ls_lin_restart_compound(batch:1 lin{mvs:0 evals:73} gen{mvs:76 evals:890} comp{mvs:8 btracks:34} #w_updates:0 #perturb:0)
#127     0.28s best:33134 next:[28507,33133] ls_restart_decay_perturb(batch:1 lin{mvs:4 evals:60} gen{mvs:8 evals:101} #w_updates:4 #perturb:0)
#128     0.28s best:33122 next:[28507,33121] ls_restart_compound_perturb(batch:1 lin{mvs:0 evals:451} gen{mvs:469 evals:5'524} comp{mvs:31 btracks:219} #w_updates:5 #perturb:0) [combined with: ls_restart_decay_per...]
#129     0.28s best:33110 next:[28507,33109] ls_restart_compound(batch:1 lin{mvs:0 evals:22} gen{mvs:16 evals:211} comp{mvs:4 btracks:6} #w_updates:0 #perturb:0)
#130     0.28s best:33107 next:[28507,33106] ls_lin_restart_compound(batch:1 lin{mvs:0 evals:11} gen{mvs:11 evals:139} comp{mvs:3 btracks:4} #w_updates:0 #perturb:0)
#131     0.28s best:33095 next:[28507,33094] ls_lin_restart_compound(batch:1 lin{mvs:0 evals:11} gen{mvs:11 evals:139} comp{mvs:3 btracks:4} #w_updates:0 #perturb:0) [combined with: ls_restart_compound(...]
#132     0.28s best:33092 next:[28507,33091] ls_restart_decay_perturb(batch:1 lin{mvs:5 evals:100} gen{mvs:31 evals:518} #w_updates:57 #perturb:0) [combined with: ls_lin_restart_compo...]
#133     0.28s best:32981 next:[28507,32980] graph_cst_lns (d=9.39e-01 s=659 t=0.10 p=1.00 stall=0 h=base)
#134     0.28s best:32969 next:[28507,32968] ls_restart_compound(batch:1 lin{mvs:0 evals:3} gen{mvs:2 evals:26} comp{mvs:2 btracks:0} #w_updates:0 #perturb:0)
#135     0.28s best:32957 next:[28507,32956] ls_restart_compound(batch:1 lin{mvs:0 evals:3} gen{mvs:2 evals:26} comp{mvs:2 btracks:0} #w_updates:0 #perturb:0) [combined with: graph_cst_lns (d=9.3...]
#Bound   0.29s best:32957 next:[28509,32956] bool_core (num_cores=21 [cover] a=63 d=5 fixed=496/2954 clauses=32'342)
#Bound   0.29s best:32957 next:[28521,32956] bool_core (num_cores=21 [cover] a=63 d=5 fixed=497/2971 clauses=32'901)
#Bound   0.29s best:32957 next:[28533,32956] bool_core (num_cores=21 [cover] a=63 d=5 fixed=498/2988 clauses=33'465)
#Bound   0.29s best:32957 next:[28545,32956] bool_core (num_cores=21 [cover] a=63 d=5 fixed=499/3005 clauses=34'037)
#Bound   0.29s best:32957 next:[28557,32956] bool_core (num_cores=21 [cover] a=63 d=5 fixed=500/3022 clauses=34'618)
#Bound   0.30s best:32957 next:[28569,32956] bool_core (num_cores=21 [cover] a=63 d=5 fixed=501/3039 clauses=35'206)
#136     0.35s best:32894 next:[29509,32893] quick_restart_no_lp
#137     0.35s best:32882 next:[29509,32881] quick_restart_no_lp
#138     0.35s best:32867 next:[29509,32866] ls_lin_restart_decay_compound(batch:1 lin{mvs:0 evals:6} gen{mvs:4 evals:64} comp{mvs:4 btracks:0} #w_updates:0 #perturb:0)
#139     0.36s best:32852 next:[29669,32851] ls_lin_restart(batch:1 lin{mvs:4 evals:159} gen{mvs:68 evals:1'082} #w_updates:36 #perturb:0)
#Bound   0.93s best:32852 next:[31810,32851] objective_lb_search_max_lp [skipped_logs=26]
#Done    1.25s pseudo_costs
#Done    1.25s probing
#Done    1.25s probing_no_lp
#Done    1.25s core
#Bound   1.25s best:32852 next:[32620,32851] pseudo_costs [skipped_logs=6]

Task timing                                  n [     min,      max]      avg      dev     time         n [     min,      max]      avg      dev    dtime
                             'core':         1 [   1.23s,    1.23s]    1.23s   0.00ns    1.23s         1 [   1.62s,    1.62s]    1.62s   0.00ns    1.62s
                       'default_lp':         1 [   1.24s,    1.24s]    1.24s   0.00ns    1.24s         1 [210.15ms, 210.15ms] 210.15ms   0.00ns 210.15ms
                 'feasibility_pump':       117 [ 86.99us,   1.91ms] 154.87us 190.51us  18.12ms       116 [ 35.60us, 827.94us]  42.43us  73.25us   4.92ms
                            'fixed':         1 [   1.24s,    1.24s]    1.24s   0.00ns    1.24s         1 [533.81ms, 533.81ms] 533.81ms   0.00ns 533.81ms
                               'fj':         0 [  0.00ns,   0.00ns]   0.00ns   0.00ns   0.00ns         0 [  0.00ns,   0.00ns]   0.00ns   0.00ns   0.00ns
                               'fj':         0 [  0.00ns,   0.00ns]   0.00ns   0.00ns   0.00ns         0 [  0.00ns,   0.00ns]   0.00ns   0.00ns   0.00ns
                               'fj':         0 [  0.00ns,   0.00ns]   0.00ns   0.00ns   0.00ns         0 [  0.00ns,   0.00ns]   0.00ns   0.00ns   0.00ns
                               'fj':         0 [  0.00ns,   0.00ns]   0.00ns   0.00ns   0.00ns         0 [  0.00ns,   0.00ns]   0.00ns   0.00ns   0.00ns
                               'fj':         0 [  0.00ns,   0.00ns]   0.00ns   0.00ns   0.00ns         0 [  0.00ns,   0.00ns]   0.00ns   0.00ns   0.00ns
                               'fj':         0 [  0.00ns,   0.00ns]   0.00ns   0.00ns   0.00ns         0 [  0.00ns,   0.00ns]   0.00ns   0.00ns   0.00ns
                               'fj':         0 [  0.00ns,   0.00ns]   0.00ns   0.00ns   0.00ns         0 [  0.00ns,   0.00ns]   0.00ns   0.00ns   0.00ns
                               'fj':         0 [  0.00ns,   0.00ns]   0.00ns   0.00ns   0.00ns         0 [  0.00ns,   0.00ns]   0.00ns   0.00ns   0.00ns
                               'fj':         0 [  0.00ns,   0.00ns]   0.00ns   0.00ns   0.00ns         0 [  0.00ns,   0.00ns]   0.00ns   0.00ns   0.00ns
                               'fj':         0 [  0.00ns,   0.00ns]   0.00ns   0.00ns   0.00ns         0 [  0.00ns,   0.00ns]   0.00ns   0.00ns   0.00ns
                               'fj':         0 [  0.00ns,   0.00ns]   0.00ns   0.00ns   0.00ns         0 [  0.00ns,   0.00ns]   0.00ns   0.00ns   0.00ns
                               'fj':         0 [  0.00ns,   0.00ns]   0.00ns   0.00ns   0.00ns         0 [  0.00ns,   0.00ns]   0.00ns   0.00ns   0.00ns
                               'fj':         0 [  0.00ns,   0.00ns]   0.00ns   0.00ns   0.00ns         0 [  0.00ns,   0.00ns]   0.00ns   0.00ns   0.00ns
                               'fj':         0 [  0.00ns,   0.00ns]   0.00ns   0.00ns   0.00ns         0 [  0.00ns,   0.00ns]   0.00ns   0.00ns   0.00ns
                               'fj':         0 [  0.00ns,   0.00ns]   0.00ns   0.00ns   0.00ns         0 [  0.00ns,   0.00ns]   0.00ns   0.00ns   0.00ns
                               'fj':         0 [  0.00ns,   0.00ns]   0.00ns   0.00ns   0.00ns         0 [  0.00ns,   0.00ns]   0.00ns   0.00ns   0.00ns
                               'fj':         0 [  0.00ns,   0.00ns]   0.00ns   0.00ns   0.00ns         0 [  0.00ns,   0.00ns]   0.00ns   0.00ns   0.00ns
                               'fj':         0 [  0.00ns,   0.00ns]   0.00ns   0.00ns   0.00ns         0 [  0.00ns,   0.00ns]   0.00ns   0.00ns   0.00ns
                               'fj':         0 [  0.00ns,   0.00ns]   0.00ns   0.00ns   0.00ns         0 [  0.00ns,   0.00ns]   0.00ns   0.00ns   0.00ns
                               'fj':         0 [  0.00ns,   0.00ns]   0.00ns   0.00ns   0.00ns         0 [  0.00ns,   0.00ns]   0.00ns   0.00ns   0.00ns
                               'fj':         0 [  0.00ns,   0.00ns]   0.00ns   0.00ns   0.00ns         0 [  0.00ns,   0.00ns]   0.00ns   0.00ns   0.00ns
                               'fj':         0 [  0.00ns,   0.00ns]   0.00ns   0.00ns   0.00ns         0 [  0.00ns,   0.00ns]   0.00ns   0.00ns   0.00ns
                               'fj':         0 [  0.00ns,   0.00ns]   0.00ns   0.00ns   0.00ns         0 [  0.00ns,   0.00ns]   0.00ns   0.00ns   0.00ns
                               'fj':         0 [  0.00ns,   0.00ns]   0.00ns   0.00ns   0.00ns         0 [  0.00ns,   0.00ns]   0.00ns   0.00ns   0.00ns
                               'fj':         0 [  0.00ns,   0.00ns]   0.00ns   0.00ns   0.00ns         0 [  0.00ns,   0.00ns]   0.00ns   0.00ns   0.00ns
                           'fj_lin':         0 [  0.00ns,   0.00ns]   0.00ns   0.00ns   0.00ns         0 [  0.00ns,   0.00ns]   0.00ns   0.00ns   0.00ns
                           'fj_lin':         0 [  0.00ns,   0.00ns]   0.00ns   0.00ns   0.00ns         0 [  0.00ns,   0.00ns]   0.00ns   0.00ns   0.00ns
                           'fj_lin':         0 [  0.00ns,   0.00ns]   0.00ns   0.00ns   0.00ns         0 [  0.00ns,   0.00ns]   0.00ns   0.00ns   0.00ns
                           'fj_lin':         0 [  0.00ns,   0.00ns]   0.00ns   0.00ns   0.00ns         0 [  0.00ns,   0.00ns]   0.00ns   0.00ns   0.00ns
                           'fj_lin':         0 [  0.00ns,   0.00ns]   0.00ns   0.00ns   0.00ns         0 [  0.00ns,   0.00ns]   0.00ns   0.00ns   0.00ns
                           'fj_lin':         0 [  0.00ns,   0.00ns]   0.00ns   0.00ns   0.00ns         0 [  0.00ns,   0.00ns]   0.00ns   0.00ns   0.00ns
                           'fj_lin':         0 [  0.00ns,   0.00ns]   0.00ns   0.00ns   0.00ns         0 [  0.00ns,   0.00ns]   0.00ns   0.00ns   0.00ns
                           'fj_lin':         0 [  0.00ns,   0.00ns]   0.00ns   0.00ns   0.00ns         0 [  0.00ns,   0.00ns]   0.00ns   0.00ns   0.00ns
                           'fj_lin':         0 [  0.00ns,   0.00ns]   0.00ns   0.00ns   0.00ns         0 [  0.00ns,   0.00ns]   0.00ns   0.00ns   0.00ns
                           'fj_lin':         0 [  0.00ns,   0.00ns]   0.00ns   0.00ns   0.00ns         0 [  0.00ns,   0.00ns]   0.00ns   0.00ns   0.00ns
                           'fj_lin':         0 [  0.00ns,   0.00ns]   0.00ns   0.00ns   0.00ns         0 [  0.00ns,   0.00ns]   0.00ns   0.00ns   0.00ns
                           'fj_lin':         0 [  0.00ns,   0.00ns]   0.00ns   0.00ns   0.00ns         0 [  0.00ns,   0.00ns]   0.00ns   0.00ns   0.00ns
                        'fs_random':         0 [  0.00ns,   0.00ns]   0.00ns   0.00ns   0.00ns         0 [  0.00ns,   0.00ns]   0.00ns   0.00ns   0.00ns
                        'fs_random':         0 [  0.00ns,   0.00ns]   0.00ns   0.00ns   0.00ns         0 [  0.00ns,   0.00ns]   0.00ns   0.00ns   0.00ns
                        'fs_random':         0 [  0.00ns,   0.00ns]   0.00ns   0.00ns   0.00ns         0 [  0.00ns,   0.00ns]   0.00ns   0.00ns   0.00ns
                        'fs_random':         0 [  0.00ns,   0.00ns]   0.00ns   0.00ns   0.00ns         0 [  0.00ns,   0.00ns]   0.00ns   0.00ns   0.00ns
                        'fs_random':         0 [  0.00ns,   0.00ns]   0.00ns   0.00ns   0.00ns         0 [  0.00ns,   0.00ns]   0.00ns   0.00ns   0.00ns
                        'fs_random':         0 [  0.00ns,   0.00ns]   0.00ns   0.00ns   0.00ns         0 [  0.00ns,   0.00ns]   0.00ns   0.00ns   0.00ns
                        'fs_random':         0 [  0.00ns,   0.00ns]   0.00ns   0.00ns   0.00ns         0 [  0.00ns,   0.00ns]   0.00ns   0.00ns   0.00ns
                        'fs_random':         0 [  0.00ns,   0.00ns]   0.00ns   0.00ns   0.00ns         0 [  0.00ns,   0.00ns]   0.00ns   0.00ns   0.00ns
                        'fs_random':         0 [  0.00ns,   0.00ns]   0.00ns   0.00ns   0.00ns         0 [  0.00ns,   0.00ns]   0.00ns   0.00ns   0.00ns
                        'fs_random':         0 [  0.00ns,   0.00ns]   0.00ns   0.00ns   0.00ns         0 [  0.00ns,   0.00ns]   0.00ns   0.00ns   0.00ns
                        'fs_random':         0 [  0.00ns,   0.00ns]   0.00ns   0.00ns   0.00ns         0 [  0.00ns,   0.00ns]   0.00ns   0.00ns   0.00ns
                        'fs_random':         0 [  0.00ns,   0.00ns]   0.00ns   0.00ns   0.00ns         0 [  0.00ns,   0.00ns]   0.00ns   0.00ns   0.00ns
                  'fs_random_no_lp':         0 [  0.00ns,   0.00ns]   0.00ns   0.00ns   0.00ns         0 [  0.00ns,   0.00ns]   0.00ns   0.00ns   0.00ns
                  'fs_random_no_lp':         0 [  0.00ns,   0.00ns]   0.00ns   0.00ns   0.00ns         0 [  0.00ns,   0.00ns]   0.00ns   0.00ns   0.00ns
                  'fs_random_no_lp':         0 [  0.00ns,   0.00ns]   0.00ns   0.00ns   0.00ns         0 [  0.00ns,   0.00ns]   0.00ns   0.00ns   0.00ns
                  'fs_random_no_lp':         0 [  0.00ns,   0.00ns]   0.00ns   0.00ns   0.00ns         0 [  0.00ns,   0.00ns]   0.00ns   0.00ns   0.00ns
                  'fs_random_no_lp':         0 [  0.00ns,   0.00ns]   0.00ns   0.00ns   0.00ns         0 [  0.00ns,   0.00ns]   0.00ns   0.00ns   0.00ns
                  'fs_random_no_lp':         0 [  0.00ns,   0.00ns]   0.00ns   0.00ns   0.00ns         0 [  0.00ns,   0.00ns]   0.00ns   0.00ns   0.00ns
                  'fs_random_no_lp':         0 [  0.00ns,   0.00ns]   0.00ns   0.00ns   0.00ns         0 [  0.00ns,   0.00ns]   0.00ns   0.00ns   0.00ns
                  'fs_random_no_lp':         0 [  0.00ns,   0.00ns]   0.00ns   0.00ns   0.00ns         0 [  0.00ns,   0.00ns]   0.00ns   0.00ns   0.00ns
                  'fs_random_no_lp':         0 [  0.00ns,   0.00ns]   0.00ns   0.00ns   0.00ns         0 [  0.00ns,   0.00ns]   0.00ns   0.00ns   0.00ns
                  'fs_random_no_lp':         0 [  0.00ns,   0.00ns]   0.00ns   0.00ns   0.00ns         0 [  0.00ns,   0.00ns]   0.00ns   0.00ns   0.00ns
                  'fs_random_no_lp':         0 [  0.00ns,   0.00ns]   0.00ns   0.00ns   0.00ns         0 [  0.00ns,   0.00ns]   0.00ns   0.00ns   0.00ns
                  'fs_random_no_lp':         0 [  0.00ns,   0.00ns]   0.00ns   0.00ns   0.00ns         0 [  0.00ns,   0.00ns]   0.00ns   0.00ns   0.00ns
                  'fs_random_no_lp':         1 [199.98us, 199.98us] 199.98us   0.00ns 199.98us         0 [  0.00ns,   0.00ns]   0.00ns   0.00ns   0.00ns
          'fs_random_quick_restart':         0 [  0.00ns,   0.00ns]   0.00ns   0.00ns   0.00ns         0 [  0.00ns,   0.00ns]   0.00ns   0.00ns   0.00ns
          'fs_random_quick_restart':         0 [  0.00ns,   0.00ns]   0.00ns   0.00ns   0.00ns         0 [  0.00ns,   0.00ns]   0.00ns   0.00ns   0.00ns
          'fs_random_quick_restart':         0 [  0.00ns,   0.00ns]   0.00ns   0.00ns   0.00ns         0 [  0.00ns,   0.00ns]   0.00ns   0.00ns   0.00ns
          'fs_random_quick_restart':         0 [  0.00ns,   0.00ns]   0.00ns   0.00ns   0.00ns         0 [  0.00ns,   0.00ns]   0.00ns   0.00ns   0.00ns
          'fs_random_quick_restart':         0 [  0.00ns,   0.00ns]   0.00ns   0.00ns   0.00ns         0 [  0.00ns,   0.00ns]   0.00ns   0.00ns   0.00ns
          'fs_random_quick_restart':         0 [  0.00ns,   0.00ns]   0.00ns   0.00ns   0.00ns         0 [  0.00ns,   0.00ns]   0.00ns   0.00ns   0.00ns
          'fs_random_quick_restart':         0 [  0.00ns,   0.00ns]   0.00ns   0.00ns   0.00ns         0 [  0.00ns,   0.00ns]   0.00ns   0.00ns   0.00ns
          'fs_random_quick_restart':         0 [  0.00ns,   0.00ns]   0.00ns   0.00ns   0.00ns         0 [  0.00ns,   0.00ns]   0.00ns   0.00ns   0.00ns
          'fs_random_quick_restart':         0 [  0.00ns,   0.00ns]   0.00ns   0.00ns   0.00ns         0 [  0.00ns,   0.00ns]   0.00ns   0.00ns   0.00ns
          'fs_random_quick_restart':         0 [  0.00ns,   0.00ns]   0.00ns   0.00ns   0.00ns         0 [  0.00ns,   0.00ns]   0.00ns   0.00ns   0.00ns
          'fs_random_quick_restart':         0 [  0.00ns,   0.00ns]   0.00ns   0.00ns   0.00ns         0 [  0.00ns,   0.00ns]   0.00ns   0.00ns   0.00ns
          'fs_random_quick_restart':         0 [  0.00ns,   0.00ns]   0.00ns   0.00ns   0.00ns         0 [  0.00ns,   0.00ns]   0.00ns   0.00ns   0.00ns
    'fs_random_quick_restart_no_lp':         0 [  0.00ns,   0.00ns]   0.00ns   0.00ns   0.00ns         0 [  0.00ns,   0.00ns]   0.00ns   0.00ns   0.00ns
    'fs_random_quick_restart_no_lp':         0 [  0.00ns,   0.00ns]   0.00ns   0.00ns   0.00ns         0 [  0.00ns,   0.00ns]   0.00ns   0.00ns   0.00ns
    'fs_random_quick_restart_no_lp':         0 [  0.00ns,   0.00ns]   0.00ns   0.00ns   0.00ns         0 [  0.00ns,   0.00ns]   0.00ns   0.00ns   0.00ns
    'fs_random_quick_restart_no_lp':         0 [  0.00ns,   0.00ns]   0.00ns   0.00ns   0.00ns         0 [  0.00ns,   0.00ns]   0.00ns   0.00ns   0.00ns
    'fs_random_quick_restart_no_lp':         0 [  0.00ns,   0.00ns]   0.00ns   0.00ns   0.00ns         0 [  0.00ns,   0.00ns]   0.00ns   0.00ns   0.00ns
    'fs_random_quick_restart_no_lp':         0 [  0.00ns,   0.00ns]   0.00ns   0.00ns   0.00ns         0 [  0.00ns,   0.00ns]   0.00ns   0.00ns   0.00ns
    'fs_random_quick_restart_no_lp':         0 [  0.00ns,   0.00ns]   0.00ns   0.00ns   0.00ns         0 [  0.00ns,   0.00ns]   0.00ns   0.00ns   0.00ns
    'fs_random_quick_restart_no_lp':         0 [  0.00ns,   0.00ns]   0.00ns   0.00ns   0.00ns         0 [  0.00ns,   0.00ns]   0.00ns   0.00ns   0.00ns
    'fs_random_quick_restart_no_lp':         0 [  0.00ns,   0.00ns]   0.00ns   0.00ns   0.00ns         0 [  0.00ns,   0.00ns]   0.00ns   0.00ns   0.00ns
    'fs_random_quick_restart_no_lp':         0 [  0.00ns,   0.00ns]   0.00ns   0.00ns   0.00ns         0 [  0.00ns,   0.00ns]   0.00ns   0.00ns   0.00ns
    'fs_random_quick_restart_no_lp':         0 [  0.00ns,   0.00ns]   0.00ns   0.00ns   0.00ns         0 [  0.00ns,   0.00ns]   0.00ns   0.00ns   0.00ns
    'fs_random_quick_restart_no_lp':         0 [  0.00ns,   0.00ns]   0.00ns   0.00ns   0.00ns         0 [  0.00ns,   0.00ns]   0.00ns   0.00ns   0.00ns
                    'graph_arc_lns':        35 [  3.15ms, 863.59ms] 143.68ms 168.72ms    5.03s        35 [ 55.65us, 100.08ms]  29.97ms  35.16ms    1.05s
                    'graph_cst_lns':        14 [  3.73ms, 850.83ms] 228.68ms 253.61ms    3.20s        14 [ 86.28us, 100.05ms]  35.45ms  39.70ms 496.28ms
                    'graph_dec_lns':        34 [  2.63ms, 958.18ms] 125.54ms 233.12ms    4.27s        34 [ 55.76us, 100.07ms]  16.85ms  30.78ms 572.94ms
                    'graph_var_lns':        26 [ 14.52ms, 910.06ms] 198.89ms 194.37ms    5.17s        26 [773.65us, 100.07ms]  39.75ms  33.74ms    1.03s
                     'lb_relax_lns':         4 [   1.22s,    1.24s]    1.23s   9.05ms    4.92s         4 [127.45ms, 266.14ms] 188.01ms  56.63ms 752.06ms
                   'lb_tree_search':         1 [   1.23s,    1.23s]    1.23s   0.00ns    1.23s         1 [124.77ms, 124.77ms] 124.77ms   0.00ns 124.77ms
                               'ls':        23 [  1.17ms,  71.35ms]  53.14ms  21.45ms    1.22s        23 [  1.39ms, 100.14ms]  85.17ms  31.71ms    1.96s
                               'ls':        23 [190.56us,  81.13ms]  54.21ms  28.54ms    1.25s        22 [266.69us, 100.24ms]  78.97ms  39.30ms    1.74s
                               'ls':        23 [693.49us,  64.68ms]  53.80ms  16.04ms    1.24s        22 [ 12.93ms, 100.12ms]  94.89ms  18.71ms    2.09s
                               'ls':        25 [130.40us,  77.61ms]  49.82ms  23.07ms    1.25s        24 [  5.67ms, 100.18ms]  88.83ms  29.23ms    2.13s
                               'ls':        26 [442.29us,  79.57ms]  47.68ms  28.23ms    1.24s        26 [573.47us, 100.16ms]  72.66ms  41.81ms    1.89s
                               'ls':        27 [125.56us,  70.00ms]  45.21ms  24.76ms    1.22s        27 [230.28us, 100.19ms]  79.35ms  38.85ms    2.14s
                               'ls':        27 [823.04us,  66.40ms]  45.98ms  24.24ms    1.24s        27 [920.67us, 100.15ms]  74.11ms  40.85ms    2.00s
                               'ls':        28 [  1.65ms,  63.49ms]  43.11ms  16.72ms    1.21s        28 [  2.68ms, 100.23ms]  91.67ms  24.91ms    2.57s
                               'ls':        28 [307.90us,  67.89ms]  43.53ms  19.90ms    1.22s        28 [507.24us, 100.37ms]  86.09ms  30.99ms    2.41s
                               'ls':        30 [ 11.86ms,  72.73ms]  40.23ms  15.01ms    1.21s        30 [ 18.61ms, 100.12ms]  95.82ms  16.48ms    2.87s
                               'ls':        31 [  1.91ms,  74.42ms]  39.50ms  17.95ms    1.22s        31 [  2.60ms, 100.28ms]  87.02ms  30.25ms    2.70s
                               'ls':        31 [  2.40ms,  64.34ms]  38.23ms  17.42ms    1.19s        31 [  3.90ms, 100.18ms]  93.91ms  23.45ms    2.91s
                               'ls':        31 [  2.62ms,  66.05ms]  39.02ms  16.17ms    1.21s        31 [  3.72ms, 100.14ms]  92.18ms  24.89ms    2.86s
                               'ls':        31 [106.30us,  78.82ms]  36.41ms  23.31ms    1.13s        30 [267.42us, 100.17ms]  76.13ms  40.73ms    2.28s
                               'ls':        32 [118.77us,  67.73ms]  33.07ms  21.60ms    1.06s        31 [213.82us, 100.12ms]  77.70ms  38.93ms    2.41s
                               'ls':        32 [214.68us,  56.51ms]  31.19ms  22.00ms 997.94ms        32 [126.72us, 100.16ms]  69.69ms  45.09ms    2.23s
                               'ls':        32 [459.17us,  68.67ms]  32.75ms  21.79ms    1.05s        32 [892.17us, 100.30ms]  71.90ms  42.30ms    2.30s
                               'ls':        32 [616.16us,  67.47ms]  33.64ms  17.92ms    1.08s        32 [  1.38ms, 100.15ms]  82.60ms  35.40ms    2.64s
                               'ls':        35 [ 49.51us,  67.07ms]  26.76ms  17.61ms 936.73ms        34 [141.63us, 100.13ms]  74.35ms  40.60ms    2.53s
                           'ls_lin':        19 [ 19.72ms,  98.56ms]  65.44ms  13.39ms    1.24s        19 [ 29.05ms, 100.21ms]  95.72ms  15.91ms    1.82s
                           'ls_lin':        21 [259.40us,  71.76ms]  58.07ms  18.40ms    1.22s        21 [151.04us, 100.17ms]  90.24ms  28.23ms    1.90s
                           'ls_lin':        24 [293.71us,  75.68ms]  51.65ms  25.22ms    1.24s        24 [427.09us, 100.13ms]  78.90ms  37.77ms    1.89s
                           'ls_lin':        25 [567.60us,  66.55ms]  49.63ms  21.31ms    1.24s        24 [  1.84ms, 100.08ms]  81.28ms  34.52ms    1.95s
                           'ls_lin':        26 [693.10us,  69.55ms]  47.80ms  22.13ms    1.24s        26 [855.99us, 100.20ms]  82.73ms  35.97ms    2.15s
                           'ls_lin':        27 [  1.42ms,  63.21ms]  45.99ms  16.02ms    1.24s        27 [  2.33ms, 100.19ms]  91.30ms  25.97ms    2.47s
                           'ls_lin':        29 [124.83us,  88.42ms]  40.82ms  28.11ms    1.18s        28 [  1.34ms, 100.24ms]  72.87ms  41.41ms    2.04s
                           'ls_lin':        31 [ 79.98us,  65.05ms]  38.19ms  22.05ms    1.18s        30 [273.44us, 100.24ms]  78.21ms  38.82ms    2.35s
                           'ls_lin':        31 [225.74us,  61.38ms]  33.01ms  18.97ms    1.02s        31 [153.02us, 100.17ms]  77.56ms  38.73ms    2.40s
                           'ls_lin':        35 [168.64us,  61.25ms]  27.40ms  23.11ms 958.92ms        34 [249.27us, 100.15ms]  63.14ms  45.76ms    2.15s
                           'max_lp':         1 [   1.27s,    1.27s]    1.27s   0.00ns    1.27s         1 [225.01ms, 225.01ms] 225.01ms   0.00ns 225.01ms
                            'no_lp':         1 [   1.23s,    1.23s]    1.23s   0.00ns    1.23s         1 [376.28ms, 376.28ms] 376.28ms   0.00ns 376.28ms
              'objective_lb_search':         1 [   1.23s,    1.23s]    1.23s   0.00ns    1.23s         1 [284.37ms, 284.37ms] 284.37ms   0.00ns 284.37ms
       'objective_lb_search_max_lp':         1 [   1.23s,    1.23s]    1.23s   0.00ns    1.23s         1 [136.18ms, 136.18ms] 136.18ms   0.00ns 136.18ms
        'objective_lb_search_no_lp':         1 [   1.26s,    1.26s]    1.26s   0.00ns    1.26s         1 [274.79ms, 274.79ms] 274.79ms   0.00ns 274.79ms
         'objective_shaving_max_lp':        79 [  1.37ms,  15.93ms]  10.07ms   3.95ms 795.68ms        75 [ 44.92us, 125.27us] 105.42us  25.17us   7.91ms
          'objective_shaving_no_lp':        77 [793.35us,  16.12ms]  10.12ms   3.96ms 778.89ms        73 [ 44.92us, 101.97us]  91.78us  19.13us   6.70ms
                          'probing':         1 [   1.26s,    1.26s]    1.26s   0.00ns    1.26s         1 [ 66.88ms,  66.88ms]  66.88ms   0.00ns  66.88ms
                   'probing_max_lp':         1 [   1.27s,    1.27s]    1.27s   0.00ns    1.27s         1 [ 40.78ms,  40.78ms]  40.78ms   0.00ns  40.78ms
                    'probing_no_lp':         1 [   1.26s,    1.26s]    1.26s   0.00ns    1.26s         1 [169.53ms, 169.53ms] 169.53ms   0.00ns 169.53ms
                     'pseudo_costs':         1 [   1.23s,    1.23s]    1.23s   0.00ns    1.23s         1 [201.12ms, 201.12ms] 201.12ms   0.00ns 201.12ms
                    'quick_restart':         1 [   1.26s,    1.26s]    1.26s   0.00ns    1.26s         1 [287.96ms, 287.96ms] 287.96ms   0.00ns 287.96ms
              'quick_restart_no_lp':         1 [   1.23s,    1.23s]    1.23s   0.00ns    1.23s         1 [236.61ms, 236.61ms] 236.61ms   0.00ns 236.61ms
                    'reduced_costs':         1 [   1.26s,    1.26s]    1.26s   0.00ns    1.26s         1 [130.94ms, 130.94ms] 130.94ms   0.00ns 130.94ms
                        'rins/rens':        27 [ 48.50us, 829.47ms] 112.36ms 215.64ms    3.03s        14 [  2.62us, 100.06ms]  31.82ms  43.44ms 445.42ms
                      'rnd_cst_lns':        34 [  7.00ms, 597.58ms] 166.45ms 135.52ms    5.66s        34 [257.77us, 100.04ms]  36.57ms  28.31ms    1.24s
                      'rnd_var_lns':        50 [  6.69ms, 954.87ms] 246.85ms 170.51ms   12.34s        50 [122.42us, 100.12ms]  63.71ms  37.30ms    3.19s
         'scheduling_intervals_lns':         5 [387.04ms,    1.04s] 710.50ms 232.92ms    3.55s         5 [100.02ms, 100.21ms] 100.07ms  72.04us 500.35ms
       'scheduling_precedences_lns':         6 [ 34.40ms, 888.56ms] 536.25ms 262.18ms    3.22s         6 [  2.88ms, 100.03ms]  81.73ms  35.56ms 490.37ms
  'scheduling_resource_windows_lns':         9 [ 39.04ms, 593.52ms] 343.33ms 196.06ms    3.09s         9 [  8.32ms, 100.07ms]  74.28ms  35.97ms 668.54ms
       'scheduling_time_window_lns':        10 [ 69.08ms, 579.90ms] 298.94ms 181.82ms    2.99s        10 [ 10.79ms, 100.05ms]  63.96ms  39.02ms 639.57ms
                'variables_shaving':       118 [  5.33ms,  67.87ms]  17.24ms  12.75ms    2.03s       118 [147.68us,   4.08ms] 869.35us 945.09us 102.58ms
         'variables_shaving_max_lp':       117 [ 25.74ms, 531.07ms] 105.38ms 100.62ms   12.33s       117 [  5.29ms, 100.00ms]  18.03ms  17.57ms    2.11s
          'variables_shaving_no_lp':       118 [  4.19ms, 105.13ms]  22.84ms  20.71ms    2.69s       118 [139.18us,   9.49ms]   1.24ms   1.43ms 146.27ms

Search stats                         Bools  Conflicts  Branches  Restarts  BoolPropag  IntegerPropag
                           'core':  10'743      1'305    18'421     2'614   3'113'406        524'233
                     'default_lp':   1'769      2'523    18'759     1'797     309'573      1'440'738
                          'fixed':     886      6'925    14'053       406     526'605      3'945'906
                      'fs_random':       0          0         0         0           0              0
                      'fs_random':       0          0         0         0           0              0
                      'fs_random':       0          0         0         0           0              0
                      'fs_random':       0          0         0         0           0              0
                      'fs_random':       0          0         0         0           0              0
                      'fs_random':       0          0         0         0           0              0
                      'fs_random':       0          0         0         0           0              0
                      'fs_random':       0          0         0         0           0              0
                      'fs_random':       0          0         0         0           0              0
                      'fs_random':       0          0         0         0           0              0
                      'fs_random':       0          0         0         0           0              0
                      'fs_random':       0          0         0         0           0              0
                'fs_random_no_lp':       0          0         0         0           0              0
                'fs_random_no_lp':       0          0         0         0           0              0
                'fs_random_no_lp':       0          0         0         0           0              0
                'fs_random_no_lp':       0          0         0         0           0              0
                'fs_random_no_lp':       0          0         0         0           0              0
                'fs_random_no_lp':       0          0         0         0           0              0
                'fs_random_no_lp':       0          0         0         0           0              0
                'fs_random_no_lp':       0          0         0         0           0              0
                'fs_random_no_lp':       0          0         0         0           0              0
                'fs_random_no_lp':       0          0         0         0           0              0
                'fs_random_no_lp':       0          0         0         0           0              0
                'fs_random_no_lp':       0          0         0         0           0              0
                'fs_random_no_lp':       0          0         0         0           0              0
        'fs_random_quick_restart':       0          0         0         0           0              0
        'fs_random_quick_restart':       0          0         0         0           0              0
        'fs_random_quick_restart':       0          0         0         0           0              0
        'fs_random_quick_restart':       0          0         0         0           0              0
        'fs_random_quick_restart':       0          0         0         0           0              0
        'fs_random_quick_restart':       0          0         0         0           0              0
        'fs_random_quick_restart':       0          0         0         0           0              0
        'fs_random_quick_restart':       0          0         0         0           0              0
        'fs_random_quick_restart':       0          0         0         0           0              0
        'fs_random_quick_restart':       0          0         0         0           0              0
        'fs_random_quick_restart':       0          0         0         0           0              0
        'fs_random_quick_restart':       0          0         0         0           0              0
  'fs_random_quick_restart_no_lp':       0          0         0         0           0              0
  'fs_random_quick_restart_no_lp':       0          0         0         0           0              0
  'fs_random_quick_restart_no_lp':       0          0         0         0           0              0
  'fs_random_quick_restart_no_lp':       0          0         0         0           0              0
  'fs_random_quick_restart_no_lp':       0          0         0         0           0              0
  'fs_random_quick_restart_no_lp':       0          0         0         0           0              0
  'fs_random_quick_restart_no_lp':       0          0         0         0           0              0
  'fs_random_quick_restart_no_lp':       0          0         0         0           0              0
  'fs_random_quick_restart_no_lp':       0          0         0         0           0              0
  'fs_random_quick_restart_no_lp':       0          0         0         0           0              0
  'fs_random_quick_restart_no_lp':       0          0         0         0           0              0
  'fs_random_quick_restart_no_lp':       0          0         0         0           0              0
                 'lb_tree_search':   1'264        108    14'708     5'868      65'879        170'019
                         'max_lp':     418      1'065     7'514     1'455     146'385        991'716
                          'no_lp':     818      4'207    16'005     1'447     517'266      2'757'476
            'objective_lb_search':     521      2'457     7'379       764     209'470      2'229'721
     'objective_lb_search_max_lp':   1'304        423     6'919     4'915      85'029        254'010
      'objective_lb_search_no_lp':     534      2'753    14'753     3'157     230'226      2'115'889
                        'probing':   1'807        448     6'242     4'474      96'354        316'888
                 'probing_max_lp':   1'346         41     2'651     2'651       8'215         32'838
                  'probing_no_lp':   1'884      1'487     9'001     5'210     269'213        852'406
                   'pseudo_costs':     495      1'003    12'677     1'673     121'708        749'285
                  'quick_restart':   1'211      2'276    17'281     2'163     298'012      2'121'393
            'quick_restart_no_lp':   1'540      1'975    24'979     2'510     410'507      1'584'465
                  'reduced_costs':   1'519        790     8'033     5'083     122'709        379'290

SAT stats                           ClassicMinim  LitRemoved  LitLearned  LitForgotten  Subsumed  MClauses  MDecisions  MLitTrue  MSubsumed  MLitRemoved  MReused
                           'core':           492       2'930       2'341             0         5     1'551       2'384         0          0            0      721
                     'default_lp':         1'947       8'935      30'086             0         3       285         413         0         18           82      292
                          'fixed':         5'296      10'581     111'003             0        46         0           0         0          0            0        0
                      'fs_random':             0           0           0             0         0         0           0         0          0            0        0
                      'fs_random':             0           0           0             0         0         0           0         0          0            0        0
                      'fs_random':             0           0           0             0         0         0           0         0          0            0        0
                      'fs_random':             0           0           0             0         0         0           0         0          0            0        0
                      'fs_random':             0           0           0             0         0         0           0         0          0            0        0
                      'fs_random':             0           0           0             0         0         0           0         0          0            0        0
                      'fs_random':             0           0           0             0         0         0           0         0          0            0        0
                      'fs_random':             0           0           0             0         0         0           0         0          0            0        0
                      'fs_random':             0           0           0             0         0         0           0         0          0            0        0
                      'fs_random':             0           0           0             0         0         0           0         0          0            0        0
                      'fs_random':             0           0           0             0         0         0           0         0          0            0        0
                      'fs_random':             0           0           0             0         0         0           0         0          0            0        0
                'fs_random_no_lp':             0           0           0             0         0         0           0         0          0            0        0
                'fs_random_no_lp':             0           0           0             0         0         0           0         0          0            0        0
                'fs_random_no_lp':             0           0           0             0         0         0           0         0          0            0        0
                'fs_random_no_lp':             0           0           0             0         0         0           0         0          0            0        0
                'fs_random_no_lp':             0           0           0             0         0         0           0         0          0            0        0
                'fs_random_no_lp':             0           0           0             0         0         0           0         0          0            0        0
                'fs_random_no_lp':             0           0           0             0         0         0           0         0          0            0        0
                'fs_random_no_lp':             0           0           0             0         0         0           0         0          0            0        0
                'fs_random_no_lp':             0           0           0             0         0         0           0         0          0            0        0
                'fs_random_no_lp':             0           0           0             0         0         0           0         0          0            0        0
                'fs_random_no_lp':             0           0           0             0         0         0           0         0          0            0        0
                'fs_random_no_lp':             0           0           0             0         0         0           0         0          0            0        0
                'fs_random_no_lp':             0           0           0             0         0         0           0         0          0            0        0
        'fs_random_quick_restart':             0           0           0             0         0         0           0         0          0            0        0
        'fs_random_quick_restart':             0           0           0             0         0         0           0         0          0            0        0
        'fs_random_quick_restart':             0           0           0             0         0         0           0         0          0            0        0
        'fs_random_quick_restart':             0           0           0             0         0         0           0         0          0            0        0
        'fs_random_quick_restart':             0           0           0             0         0         0           0         0          0            0        0
        'fs_random_quick_restart':             0           0           0             0         0         0           0         0          0            0        0
        'fs_random_quick_restart':             0           0           0             0         0         0           0         0          0            0        0
        'fs_random_quick_restart':             0           0           0             0         0         0           0         0          0            0        0
        'fs_random_quick_restart':             0           0           0             0         0         0           0         0          0            0        0
        'fs_random_quick_restart':             0           0           0             0         0         0           0         0          0            0        0
        'fs_random_quick_restart':             0           0           0             0         0         0           0         0          0            0        0
        'fs_random_quick_restart':             0           0           0             0         0         0           0         0          0            0        0
  'fs_random_quick_restart_no_lp':             0           0           0             0         0         0           0         0          0            0        0
  'fs_random_quick_restart_no_lp':             0           0           0             0         0         0           0         0          0            0        0
  'fs_random_quick_restart_no_lp':             0           0           0             0         0         0           0         0          0            0        0
  'fs_random_quick_restart_no_lp':             0           0           0             0         0         0           0         0          0            0        0
  'fs_random_quick_restart_no_lp':             0           0           0             0         0         0           0         0          0            0        0
  'fs_random_quick_restart_no_lp':             0           0           0             0         0         0           0         0          0            0        0
  'fs_random_quick_restart_no_lp':             0           0           0             0         0         0           0         0          0            0        0
  'fs_random_quick_restart_no_lp':             0           0           0             0         0         0           0         0          0            0        0
  'fs_random_quick_restart_no_lp':             0           0           0             0         0         0           0         0          0            0        0
  'fs_random_quick_restart_no_lp':             0           0           0             0         0         0           0         0          0            0        0
  'fs_random_quick_restart_no_lp':             0           0           0             0         0         0           0         0          0            0        0
  'fs_random_quick_restart_no_lp':             0           0           0             0         0         0           0         0          0            0        0
                 'lb_tree_search':             2           2         302             0         0        92         177         0          1            5       12
                         'max_lp':           584         976       7'796             0        49       925       2'306         0        225        1'275    1'074
                          'no_lp':         3'922      11'851      53'947             0         4         0           0         0          0            0        0
            'objective_lb_search':         1'553       2'963      18'527             0       146       791       3'219         0        390        2'705      249
     'objective_lb_search_max_lp':           187         536       1'184             0        23        57         144         0         19           80        0
      'objective_lb_search_no_lp':         2'567      11'962      18'962             0        39       818       1'971         4        389        2'276      504
                        'probing':           232       1'119       1'632             0        22         3           9         0          0            0        4
                 'probing_max_lp':             0           0          41             0         0         0           0         0          0            0        0
                  'probing_no_lp':           874       3'482       6'470             0        79         0           0         0          0            0        0
                   'pseudo_costs':           862       2'601       7'794             0        21       433       1'162         0        117          645      219
                  'quick_restart':         1'918       6'456      18'187             0        56       517       1'389         1        184          897      144
            'quick_restart_no_lp':         1'573       4'857      15'837             0        31       321         885         0         89          441      178
                  'reduced_costs':           586       2'489       4'617             0         1       161         383         1        115          677       37

Lp stats                         Component  Iterations  AddedCuts  OPTIMAL  DUAL_F.  DUAL_U.
                  'default_lp':         23         284          0   22'045        0        0
                       'fixed':         23         217          0   15'686        1        0
              'lb_tree_search':          1       4'022        857    1'921       35        0
                      'max_lp':          1       5'391        591    2'604       60        0
         'objective_lb_search':         23         524          0   26'733        0        0
  'objective_lb_search_max_lp':          1       4'485        628      840       62        0
                     'probing':         23       1'087          0  103'933        0        0
              'probing_max_lp':          1         639        201      321        5        0
                'pseudo_costs':          1       5'081        695    2'578       91        0
               'quick_restart':         23       2'848          0   48'060        0        0
               'reduced_costs':          1       2'340        481    1'560       17        0

Lp dimension                      Final dimension of first component
                  'default_lp':         2 rows, 7 columns, 4 entries
                       'fixed':         3 rows, 7 columns, 6 entries
              'lb_tree_search':   142 rows, 229 columns, 313 entries
                      'max_lp':   230 rows, 229 columns, 669 entries
         'objective_lb_search':         1 rows, 7 columns, 2 entries
  'objective_lb_search_max_lp':  336 rows, 229 columns, 1463 entries
                     'probing':         1 rows, 7 columns, 2 entries
              'probing_max_lp':   168 rows, 229 columns, 417 entries
                'pseudo_costs':   263 rows, 229 columns, 920 entries
               'quick_restart':         1 rows, 7 columns, 2 entries
               'reduced_costs':   203 rows, 229 columns, 697 entries

Lp debug                         CutPropag  CutEqPropag  Adjust  Overflow      Bad  BadScaling
                  'default_lp':          0            0       0         0        0           0
                       'fixed':          0            0       0         0        0           0
              'lb_tree_search':          0            7   1'614         0   29'141           0
                      'max_lp':          0            7   1'486         0   24'640           0
         'objective_lb_search':          0            0       0         0        0           0
  'objective_lb_search_max_lp':          0            0     737         0   47'276           0
                     'probing':          0            0       0         0        0           0
              'probing_max_lp':          0           10     315         0  165'610           0
                'pseudo_costs':          0            0   1'555         0   35'453           0
               'quick_restart':          0            0       0         0        0           0
               'reduced_costs':          0            0   1'458         0   27'405           0

Lp pool                          Constraints  Updates  Simplif  Merged  Shortened  Split  Strenghtened   Cuts/Call
                  'default_lp':          256        0       99       0          0      0             0         0/0
                       'fixed':          256        0        0       0          0      0             0         0/0
              'lb_tree_search':          911    2'545    3'741     202          0      0            18  857/38'104
                      'max_lp':          795    3'038    1'534      52          0      3             7  591/30'408
         'objective_lb_search':          256        0      210       0          0      0             4         0/0
  'objective_lb_search_max_lp':          843    3'810    6'056      41          0      4            25   628/9'137
                     'probing':          256        0    1'102       0          0      0             6         0/0
              'probing_max_lp':          457      348        0       0          0      0             0   201/7'211
                'pseudo_costs':          890    4'075    7'099      61          0      1            94  695/29'008
               'quick_restart':          256        0    1'957       0          0      0             7         0/0
               'reduced_costs':          700    2'843    2'484      37          0      0             5  481/16'674

Lp Cut                                                pseudo_costs  lb_tree_search  objective_lb_search_max_lp  reduced_costs  max_lp  probing_max_lp
                                              CG_FF:             5               3                           5              2       3               3
                                               CG_K:             9               7                           7              4       8               2
                                               CG_R:            52              48                          74             43      33              15
                                            MIR_1_K:             5               1                           2              3       3               -
                                            MIR_1_R:             8               2                           1              1       3               1
                                           MIR_2_FF:             1               -                           -              -       -               -
                                            MIR_2_K:             8               3                           4              5       5               1
                                            MIR_2_R:             8               4                           6              9       5               2
                                            MIR_3_K:             2               1                           6              4       3               1
                                            MIR_3_R:             5               3                           6              4       3               2
                                            MIR_4_K:             1               1                           2              1       1               -
                                            MIR_4_R:             2               2                           5              1       1               1
                                            MIR_5_K:             1               1                           3              1       -               -
                                            MIR_5_R:             -               4                           6              2       3               -
                                            MIR_6_K:             3               2                           -              1       -               -
                                            MIR_6_R:             6               4                           2              3       4               2
                  NoOverlapCompletionTimeExhaustive:            49              81                          50             29      41              14
           NoOverlapCompletionTimeExhaustive_lifted:            56              65                          41             43      40              20
  NoOverlapCompletionTimeExhaustive_lifted_weighted:            39              60                          38             37      32              19
         NoOverlapCompletionTimeExhaustive_weighted:            62              81                          53             32      47              13
                    NoOverlapCompletionTimeQueyrane:            72              91                          59             43      75              19
             NoOverlapCompletionTimeQueyrane_lifted:           123             134                          92             84     103              30
                        NoOverlapDetectedPrecedence:            12               6                           8              4       9               -
                        NoOverlapDisjunctionOnStart:           137             228                         120             89     141              53
                                        ZERO_HALF_R:            29              25                          38             36      28               3

LNS stats                             Improv/Calls  Closed  Difficulty  TimeLimit
                    'graph_arc_lns':          9/35     57%    9.56e-01       0.10
                    'graph_cst_lns':         10/14     57%    8.85e-01       0.10
                    'graph_dec_lns':         14/34     53%    9.16e-01       0.10
                    'graph_var_lns':          7/26     62%    9.52e-01       0.10
                     'lb_relax_lns':           3/4      0%    8.55e-02       0.50
                        'rins/rens':          9/16     56%    8.72e-01       0.10
                      'rnd_cst_lns':         16/34     62%    9.84e-01       0.10
                      'rnd_var_lns':          7/50     44%    8.18e-01       0.10
         'scheduling_intervals_lns':           5/5      0%    6.07e-02       0.10
       'scheduling_precedences_lns':           5/6     33%    1.88e-01       0.10
  'scheduling_resource_windows_lns':           5/9     33%    1.20e-01       0.10
       'scheduling_time_window_lns':          6/10     40%    2.60e-01       0.10

LS stats                                    Batches  Restarts/Perturbs  LinMoves  GenMoves  CompoundMoves  Bactracks  WeightUpdates  ScoreComputed
                         'ls_lin_restart':       22                 20       231    21'978              0          0         15'276      8'241'314
                'ls_lin_restart_compound':       41                 29         0    67'980          3'763     32'083            758     12'266'147
        'ls_lin_restart_compound_perturb':       24                 23         0    32'731          1'464     15'618            457      6'789'529
                   'ls_lin_restart_decay':       46                 29       351    82'150              0          0         11'161     19'097'618
          'ls_lin_restart_decay_compound':       30                 22         0    51'246          3'248     23'959            311      8'758'348
  'ls_lin_restart_decay_compound_perturb':       35                 22         0    72'251          4'080     34'047            581     12'414'990
           'ls_lin_restart_decay_perturb':       25                 23       316    30'958              0          0          3'385      8'743'092
                 'ls_lin_restart_perturb':       45                 28       390    42'525              0          0         44'298     15'911'105
                             'ls_perturb':       31                 13       366    29'659            218      1'389         20'187     10'109'432
                             'ls_restart':      105                 62       832   107'571              0          0        107'012     38'475'638
                    'ls_restart_compound':       54                 47         0    77'736          3'362     37'141          1'129     16'325'456
            'ls_restart_compound_perturb':       61                 45         0   106'320          4'787     50'704          1'467     18'216'675
                       'ls_restart_decay':       74                 51       641   120'633              0          0         13'958     30'020'429
              'ls_restart_decay_compound':       48                 33         0    92'248          6'422     42'850            717     14'863'151
      'ls_restart_decay_compound_perturb':       70                 45         0   145'933          9'495     68'149          1'218     24'578'998
               'ls_restart_decay_perturb':       52                 39       385    78'574              0          0          9'039     20'390'731
                     'ls_restart_perturb':       52                 42       460    55'204              0          0         47'521     19'458'672

Solutions (139)                             Num       Rank
                                   'core':    1      [2,2]
                          'graph_cst_lns':    3    [6,133]
                          'graph_dec_lns':    3     [5,19]
                          'graph_var_lns':    1    [14,14]
                            'ls_compound':    1    [72,72]
                      'ls_decay_compound':    1    [49,49]
                         'ls_lin_restart':    2   [97,139]
                'ls_lin_restart_compound':   16   [11,131]
        'ls_lin_restart_compound_perturb':    7   [36,125]
                   'ls_lin_restart_decay':    3   [63,115]
          'ls_lin_restart_decay_compound':    9   [26,138]
  'ls_lin_restart_decay_compound_perturb':    5    [10,81]
           'ls_lin_restart_decay_perturb':    5   [61,110]
                 'ls_lin_restart_perturb':    1  [117,117]
                             'ls_perturb':    1    [73,73]
                             'ls_restart':    2  [102,109]
                    'ls_restart_compound':   12   [34,135]
            'ls_restart_compound_perturb':   10    [7,128]
                       'ls_restart_decay':   10   [22,108]
              'ls_restart_decay_compound':   12   [12,113]
      'ls_restart_decay_compound_perturb':    9   [25,122]
               'ls_restart_decay_perturb':    2  [127,132]
                     'ls_restart_perturb':    3    [8,104]
                                  'no_lp':    8     [1,42]
              'objective_lb_search_no_lp':    1      [4,4]
                          'quick_restart':    2    [40,55]
                    'quick_restart_no_lp':    7   [17,137]
                          'rins_pump_lns':    1    [47,47]
                            'rnd_cst_lns':    1    [76,76]

Objective bounds                 Num
                   'bool_core':   19
              'initial_domain':    1
                      'max_lp':    4
         'objective_lb_search':    6
  'objective_lb_search_max_lp':   20
   'objective_lb_search_no_lp':    1
                'pseudo_costs':    4

Solution repositories    Added  Queried  Synchro
  'feasible solutions':    489    1'101      350
   'fj solution hints':      0        0        0
        'lp solutions':     41        8       40
                'pump':    116       19

Improving bounds shared            Num  Sym
                  'default_lp':     32    0
                       'fixed':    154    0
              'lb_tree_search':    723    0
                      'max_lp':  3'188    0
                       'no_lp':    655    0
         'objective_lb_search':    107    0
  'objective_lb_search_max_lp':  1'544    0
   'objective_lb_search_no_lp':    317    0
                     'probing':    141    0
              'probing_max_lp':      4    0
               'probing_no_lp':    527    0
                'pseudo_costs':  4'298    0
               'quick_restart':    344    0
         'quick_restart_no_lp':    639    0
               'reduced_costs':  1'064    0

CpSolverResponse summary:
status: OPTIMAL
objective: 32852
best_bound: 32852
integers: 229
booleans: 0
conflicts: 0
branches: 0
propagations: 0
integer_propagations: 0
restarts: 0
lp_iterations: 0
walltime: 1.28788
usertime: 1.28788
deterministic_time: 84.1457
gap_integral: 560.95
solution_fingerprint: 0x1f339596f9206a3c

