
Starting CP-SAT solver v9.14.6206
Parameters: max_time_in_seconds: 300 log_search_progress: true num_search_workers: 104 relative_gap_limit: 0.005

Initial optimization model '': (model_fingerprint: 0xc60841784fd98dd5)
#Variables: 483 (#ints: 85 in objective) (398 primary variables)
  - 85 in [0,33110]
  - 58 in [18720,33110]
  - 340 in [20160,33110]
#kInterval: 204 (#fixed: 5)
#kLinMax: 85 (#expressions: 170)
#kLinear1: 28
#kLinear2: 171
#kNoOverlap: 10 (#intervals: 204, #fixed_intervals: 5)

Starting presolve at 0.00s
  7.70e-05s  0.00e+00d  [DetectDominanceRelations] 
  1.87e-03s  0.00e+00d  [PresolveToFixPoint] #num_loops=10 #num_dual_strengthening=1 
  2.76e-06s  0.00e+00d  [ExtractEncodingFromLinear] 
  1.51e-05s  0.00e+00d  [DetectDuplicateColumns] 
  7.07e-05s  0.00e+00d  [DetectDuplicateConstraints] 
[Symmetry] Graph for symmetry has 1'136 nodes and 1'075 arcs.
[Symmetry] Symmetry computation done. time: 8.7511e-05 dtime: 0.00012409
  6.49e-05s  0.00e+00d  [DetectDuplicateConstraintsWithDifferentEnforcements] 
  5.23e-04s  4.81e-06d  [Probe] #new_bounds=20 
  3.05e-06s  0.00e+00d  [MaxClique] 
  6.92e-05s  0.00e+00d  [DetectDominanceRelations] 
  5.02e-04s  0.00e+00d  [PresolveToFixPoint] #num_loops=3 #num_dual_strengthening=2 
  2.78e-05s  0.00e+00d  [ProcessAtMostOneAndLinear] 
  5.98e-05s  0.00e+00d  [DetectDuplicateConstraints] 
  5.60e-05s  0.00e+00d  [DetectDuplicateConstraintsWithDifferentEnforcements] 
  2.76e-05s  1.31e-06d  [DetectDominatedLinearConstraints] #relevant_constraints=219 
  2.97e-05s  0.00e+00d  [DetectDifferentVariables] 
  2.69e-06s  0.00e+00d  [ProcessSetPPC] 
  2.63e-06s  0.00e+00d  [FindAlmostIdenticalLinearConstraints] 
  1.07e-05s  0.00e+00d  [FindBigAtMostOneAndLinearOverlap] 
  1.50e-05s  8.02e-06d  [FindBigVerticalLinearOverlap] 
  2.06e-06s  0.00e+00d  [FindBigHorizontalLinearOverlap] 
  2.12e-06s  0.00e+00d  [MergeClauses] 
  6.30e-05s  0.00e+00d  [DetectDominanceRelations] 
  3.53e-04s  0.00e+00d  [PresolveToFixPoint] #num_loops=1 #num_dual_strengthening=1 
  5.95e-05s  0.00e+00d  [DetectDominanceRelations] 
  3.42e-04s  0.00e+00d  [PresolveToFixPoint] #num_loops=1 #num_dual_strengthening=1 
  1.09e-05s  0.00e+00d  [DetectDuplicateColumns] 
  5.57e-05s  0.00e+00d  [DetectDuplicateConstraints] 
[Symmetry] Graph for symmetry has 1'131 nodes and 1'070 arcs.
[Symmetry] Symmetry computation done. time: 7.4162e-05 dtime: 0.00012369
  5.88e-05s  0.00e+00d  [DetectDuplicateConstraintsWithDifferentEnforcements] 
  4.19e-04s  2.11e-06d  [Probe] 
  1.61e-06s  0.00e+00d  [MaxClique] 
  6.50e-05s  0.00e+00d  [DetectDominanceRelations] 
  3.75e-04s  0.00e+00d  [PresolveToFixPoint] #num_loops=1 #num_dual_strengthening=1 
  2.66e-05s  0.00e+00d  [ProcessAtMostOneAndLinear] 
  5.64e-05s  0.00e+00d  [DetectDuplicateConstraints] 
  5.53e-05s  0.00e+00d  [DetectDuplicateConstraintsWithDifferentEnforcements] 
  2.50e-05s  1.31e-06d  [DetectDominatedLinearConstraints] #relevant_constraints=219 
  2.72e-05s  0.00e+00d  [DetectDifferentVariables] 
  2.14e-06s  0.00e+00d  [ProcessSetPPC] 
  3.61e-06s  0.00e+00d  [FindAlmostIdenticalLinearConstraints] 
  1.08e-05s  0.00e+00d  [FindBigAtMostOneAndLinearOverlap] 
  1.45e-05s  8.02e-06d  [FindBigVerticalLinearOverlap] 
  1.96e-06s  0.00e+00d  [FindBigHorizontalLinearOverlap] 
  1.46e-06s  0.00e+00d  [MergeClauses] 
  6.14e-05s  0.00e+00d  [DetectDominanceRelations] 
  3.49e-04s  0.00e+00d  [PresolveToFixPoint] #num_loops=1 #num_dual_strengthening=1 
  1.57e-05s  0.00e+00d  [ExpandObjective] 

Presolve summary:
  - 225 affine relations were detected.
  - rule 'TODO dual: only one blocking constraint?' was applied 560 times.
  - rule 'TODO dual: only one unspecified blocking constraint?' was applied 336 times.
  - rule 'affine: new relation' was applied 225 times.
  - rule 'dual: reduced domain' was applied 3 times.
  - rule 'intervals: removed unused interval' was applied 5 times.
  - rule 'lin_max: converted abs to equality' was applied 22 times.
  - rule 'lin_max: converted to equality' was applied 8 times.
  - rule 'lin_max: propagate domain from x to abs(x)' was applied 29 times.
  - rule 'lin_max: removed exprs' was applied 8 times.
  - rule 'lin_max: rewrite with precedences' was applied 48 times.
  - rule 'lin_max: target domain reduced' was applied 56 times.
  - rule 'linear1: x in domain' was applied 19 times.
  - rule 'linear: always true' was applied 61 times.
  - rule 'linear: fixed or dup variables' was applied 4 times.
  - rule 'linear: reduced variable domains' was applied 1'003 times.
  - rule 'linear: remapped using affine relations' was applied 470 times.
  - rule 'no_overlap: split into disjoint components' was applied 5 times.
  - rule 'objective: variable not used elsewhere' was applied 4 times.
  - rule 'presolve: 4 unused variables removed.' was applied 1 time.
  - rule 'presolve: iteration' was applied 2 times.

Presolved optimization model '': (model_fingerprint: 0x871d4232cf1b2b7b)
#Variables: 254 (#ints: 77 in objective) (199 primary variables)
  - 215 different domains in [0,33089] with a largest complexity of 1.
#kInterval: 199
#kLinMax: 7 (#expressions: 14)
#kLinear2: 219
#kNoOverlap: 10 (#intervals: 199)
[Symmetry] Graph for symmetry has 902 nodes and 1'070 arcs.
[Symmetry] Symmetry computation done. time: 6.603e-05 dtime: 0.00010995

Preloading model.
#Bound   0.01s best:inf   next:[18135,5439968] initial_domain
#Model   0.01s var:254/254 constraints:435/435

Starting search at 0.01s with 104 workers.
18 full problem subsolvers: [core, default_lp, fixed, lb_tree_search, max_lp, no_lp, objective_lb_search, objective_lb_search_max_lp, objective_lb_search_no_lp, objective_shaving_max_lp, objective_shaving_no_lp, probing, probing_max_lp, probing_no_lp, pseudo_costs, quick_restart, quick_restart_no_lp, reduced_costs]
86 first solution subsolvers: [fj(25), fj_lin(12), fs_random(12), fs_random_no_lp(13), fs_random_quick_restart(12), fs_random_quick_restart_no_lp(12)]
45 interleaved subsolvers: [feasibility_pump, graph_arc_lns, graph_cst_lns, graph_dec_lns, graph_var_lns, lb_relax_lns, ls(19), ls_lin(10), rins/rens, rnd_cst_lns, rnd_var_lns, scheduling_intervals_lns, scheduling_precedences_lns, scheduling_resource_windows_lns, scheduling_time_window_lns, variables_shaving, variables_shaving_max_lp, variables_shaving_no_lp]
3 helper subsolvers: [neighborhood_helper, synchronization_agent, update_gap_integral]

#Bound   0.01s best:inf   next:[18155,5439968] default_lp
#1       0.02s best:132758 next:[18155,132757] no_lp
#2       0.02s best:131730 next:[18155,131729] quick_restart
#Bound   0.02s best:131730 next:[19231,131729] objective_lb_search_no_lp
#Bound   0.02s best:131730 next:[19234,131729] objective_lb_search_no_lp
#3       0.02s best:71546 next:[19234,71545] quick_restart_no_lp
#Bound   0.02s best:71546 next:[20837,71545] max_lp
#4       0.02s best:71545 next:[20837,71544] ls_restart_compound(batch:1 lin{mvs:0 evals:263} gen{mvs:14 evals:232} comp{mvs:14 btracks:0} #w_updates:0 #perturb:0)
#5       0.02s best:70606 next:[20837,70605] fixed
#6       0.03s best:70069 next:[20837,70068] ls_restart_compound_perturb(batch:1 lin{mvs:0 evals:652} gen{mvs:47 evals:602} comp{mvs:9 btracks:19} #w_updates:0 #perturb:0)
#7       0.03s best:69129 next:[20837,69128] ls_restart_compound_perturb(batch:1 lin{mvs:0 evals:652} gen{mvs:47 evals:602} comp{mvs:9 btracks:19} #w_updates:0 #perturb:0) [combined with: fixed...]
#8       0.03s best:69128 next:[20837,69127] ls_restart_decay_compound_perturb(batch:1 lin{mvs:0 evals:1'455} gen{mvs:112 evals:1'279} comp{mvs:24 btracks:44} #w_updates:0 #perturb:0) [combined with: ls_restart_compound_...]
#9       0.03s best:69127 next:[20837,69126] ls_restart_compound(batch:1 lin{mvs:0 evals:164} gen{mvs:14 evals:170} comp{mvs:6 btracks:4} #w_updates:0 #perturb:0) [combined with: ls_restart_decay_com...]
#10      0.03s best:69114 next:[20837,69113] ls_restart_compound_perturb(batch:1 lin{mvs:0 evals:459} gen{mvs:23 evals:432} comp{mvs:17 btracks:3} #w_updates:0 #perturb:0)
#11      0.03s best:69112 next:[20837,69111] ls_restart_compound_perturb(batch:1 lin{mvs:0 evals:459} gen{mvs:23 evals:432} comp{mvs:17 btracks:3} #w_updates:0 #perturb:0) [combined with: ls_restart_compound(...]
#12      0.03s best:68290 next:[20837,68289] ls_restart_perturb(batch:1 lin{mvs:21 evals:1'229} gen{mvs:38 evals:714} #w_updates:50 #perturb:0)
#13      0.03s best:68273 next:[20837,68272] ls_restart_perturb(batch:1 lin{mvs:21 evals:1'229} gen{mvs:38 evals:714} #w_updates:50 #perturb:0) [combined with: ls_restart_compound_...]
#14      0.03s best:67885 next:[20837,67884] ls_lin_restart_compound(batch:1 lin{mvs:0 evals:317} gen{mvs:15 evals:291} comp{mvs:15 btracks:0} #w_updates:0 #perturb:0) [combined with: ls_restart_perturb(b...]
#15      0.03s best:67749 next:[20837,67748] ls_restart_decay(batch:1 lin{mvs:21 evals:2'307} gen{mvs:133 evals:1'816} #w_updates:27 #perturb:0) [combined with: ls_lin_restart_compo...]
#16      0.03s best:67704 next:[20837,67703] ls_restart_decay_perturb(batch:1 lin{mvs:21 evals:1'174} gen{mvs:34 evals:560} #w_updates:25 #perturb:0) [combined with: ls_restart_decay(bat...]
#17      0.03s best:67569 next:[20837,67568] ls_lin_restart_decay_compound_perturb(batch:1 lin{mvs:0 evals:76} gen{mvs:4 evals:63} comp{mvs:4 btracks:0} #w_updates:0 #perturb:0)
#18      0.03s best:67493 next:[20837,67492] ls_lin_restart_decay(batch:1 lin{mvs:14 evals:1'459} gen{mvs:65 evals:896} #w_updates:19 #perturb:0)
#19      0.03s best:67433 next:[20837,67432] ls_lin_restart_decay(batch:1 lin{mvs:14 evals:1'459} gen{mvs:65 evals:896} #w_updates:19 #perturb:0) [combined with: ls_lin_restart_decay...]
#Bound   0.03s best:67433 next:[20849,67432] max_lp
#20      0.03s best:66398 next:[20849,66397] ls_restart_compound_perturb(batch:1 lin{mvs:0 evals:179} gen{mvs:12 evals:141} comp{mvs:8 btracks:2} #w_updates:0 #perturb:0)
#21      0.03s best:66357 next:[20849,66356] ls_restart_compound(batch:1 lin{mvs:0 evals:51} gen{mvs:3 evals:40} comp{mvs:3 btracks:0} #w_updates:0 #perturb:0) [combined with: ls_restart_compound_...]
#22      0.03s best:66309 next:[20849,66308] ls_restart_compound_perturb(batch:1 lin{mvs:0 evals:86} gen{mvs:5 evals:65} comp{mvs:5 btracks:0} #w_updates:0 #perturb:0) [combined with: ls_restart_compound(...]
#23      0.03s best:66210 next:[20849,66209] ls_restart_compound_perturb(batch:1 lin{mvs:0 evals:270} gen{mvs:18 evals:212} comp{mvs:8 btracks:5} #w_updates:0 #perturb:0)
#24      0.03s best:66153 next:[20849,66152] ls_lin_restart_compound(batch:1 lin{mvs:0 evals:45} gen{mvs:3 evals:38} comp{mvs:3 btracks:0} #w_updates:0 #perturb:0) [combined with: ls_restart_compound_...]
#25      0.03s best:65086 next:[20849,65085] ls_restart_compound_perturb(batch:1 lin{mvs:0 evals:270} gen{mvs:18 evals:212} comp{mvs:8 btracks:5} #w_updates:0 #perturb:0) [combined with: ls_restart_compound_...]
#26      0.03s best:65029 next:[20849,65028] ls_lin_restart_decay_compound(batch:1 lin{mvs:0 evals:92} gen{mvs:11 evals:84} comp{mvs:5 btracks:3} #w_updates:0 #perturb:0) [combined with: ls_restart_compound_...]
#27      0.03s best:64851 next:[20849,64850] ls_lin_restart_decay_perturb(batch:1 lin{mvs:13 evals:1'001} gen{mvs:38 evals:522} #w_updates:8 #perturb:0) [combined with: ls_lin_restart_decay...]
#28      0.03s best:64842 next:[20849,64841] ls_restart_compound_perturb(batch:1 lin{mvs:0 evals:47} gen{mvs:3 evals:40} comp{mvs:3 btracks:0} #w_updates:0 #perturb:0) [combined with: ls_lin_restart_decay...]
#29      0.03s best:64727 next:[20849,64726] ls_restart_decay_compound_perturb(batch:1 lin{mvs:0 evals:121} gen{mvs:7 evals:91} comp{mvs:7 btracks:0} #w_updates:0 #perturb:0) [combined with: ls_restart_compound_...]
#30      0.04s best:64708 next:[20849,64707] ls_lin_restart_compound(batch:1 lin{mvs:0 evals:118} gen{mvs:6 evals:85} comp{mvs:6 btracks:0} #w_updates:0 #perturb:0)
#31      0.04s best:64707 next:[20849,64706] ls_restart_decay_compound_perturb(batch:1 lin{mvs:0 evals:502} gen{mvs:50 evals:420} comp{mvs:10 btracks:20} #w_updates:1 #perturb:0) [combined with: ls_lin_restart_compo...]
#32      0.04s best:64701 next:[20849,64700] ls_restart_decay_perturb(batch:1 lin{mvs:17 evals:830} gen{mvs:26 evals:350} #w_updates:5 #perturb:0)
#33      0.04s best:64681 next:[20849,64680] ls_restart_decay_perturb(batch:1 lin{mvs:17 evals:830} gen{mvs:26 evals:350} #w_updates:5 #perturb:0) [combined with: ls_restart_decay_com...]
#34      0.04s best:58393 next:[20849,58392] objective_lb_search
#35      0.04s best:58353 next:[20849,58352] ls_restart(batch:1 lin{mvs:13 evals:1'743} gen{mvs:276 evals:2'602} #w_updates:454 #perturb:0) [combined with: ls_lin_restart_decay...]
#36      0.04s best:57656 next:[20849,57655] ls_lin_restart_compound(batch:1 lin{mvs:0 evals:74} gen{mvs:3 evals:54} comp{mvs:3 btracks:0} #w_updates:0 #perturb:0)
#37      0.04s best:55961 next:[20849,55960] ls_restart_decay_compound(batch:1 lin{mvs:0 evals:210} gen{mvs:11 evals:194} comp{mvs:11 btracks:0} #w_updates:0 #perturb:0)
#38      0.04s best:30687 next:[20849,30686] core
#39      0.04s best:28437 next:[20849,28436] ls_restart_decay(batch:1 lin{mvs:10 evals:74} gen{mvs:9 evals:53} #w_updates:1 #perturb:0)
#40      0.05s best:28295 next:[20849,28294] ls_restart_decay_compound(batch:1 lin{mvs:0 evals:50} gen{mvs:50 evals:176} comp{mvs:10 btracks:20} #w_updates:1 #perturb:0)
#41      0.05s best:28294 next:[20849,28293] ls_lin_restart_compound(batch:1 lin{mvs:0 evals:11} gen{mvs:10 evals:39} comp{mvs:4 btracks:3} #w_updates:0 #perturb:0)
#42      0.05s best:28283 next:[20849,28282] ls_lin_restart_compound(batch:1 lin{mvs:0 evals:7} gen{mvs:3 evals:17} comp{mvs:3 btracks:0} #w_updates:0 #perturb:0)
#43      0.05s best:28272 next:[20849,28271] ls_lin_restart_compound_perturb(batch:1 lin{mvs:0 evals:8} gen{mvs:3 evals:17} comp{mvs:3 btracks:0} #w_updates:0 #perturb:0)
#44      0.05s best:28181 next:[20849,28180] ls_restart(batch:1 lin{mvs:6 evals:71} gen{mvs:11 evals:90} #w_updates:9 #perturb:0)
#45      0.05s best:28158 next:[20849,28157] ls_restart(batch:1 lin{mvs:6 evals:71} gen{mvs:11 evals:90} #w_updates:9 #perturb:0) [combined with: ls_lin_restart_compo...]
#46      0.05s best:28129 next:[20849,28128] ls_restart_compound_perturb(batch:1 lin{mvs:0 evals:8} gen{mvs:4 evals:26} comp{mvs:4 btracks:0} #w_updates:0 #perturb:0)
#47      0.05s best:28118 next:[20849,28117] ls_restart_decay(batch:1 lin{mvs:8 evals:136} gen{mvs:37 evals:267} #w_updates:12 #perturb:0)
#48      0.05s best:27914 next:[20849,27913] ls_lin_restart(batch:1 lin{mvs:10 evals:148} gen{mvs:36 evals:247} #w_updates:10 #perturb:0)
#49      0.05s best:27870 next:[20849,27869] ls_restart_compound_perturb(batch:1 lin{mvs:0 evals:49} gen{mvs:21 evals:111} comp{mvs:9 btracks:6} #w_updates:0 #perturb:0) [combined with: ls_lin_restart(batch...]
#50      0.05s best:27594 next:[20849,27593] ls_restart_decay(batch:1 lin{mvs:8 evals:221} gen{mvs:63 evals:442} #w_updates:18 #perturb:0)
#51      0.05s best:27552 next:[20849,27551] ls_restart_decay(batch:1 lin{mvs:8 evals:221} gen{mvs:63 evals:442} #w_updates:18 #perturb:0) [combined with: ls_restart_compound_...]
#52      0.05s best:27417 next:[20849,27416] ls_restart(batch:1 lin{mvs:8 evals:334} gen{mvs:101 evals:1'037} #w_updates:124 #perturb:0) [combined with: ls_restart_decay(bat...]
#53      0.06s best:27404 next:[20849,27403] ls_lin_restart_compound(batch:1 lin{mvs:0 evals:18} gen{mvs:5 evals:32} comp{mvs:5 btracks:0} #w_updates:0 #perturb:0)
#54      0.06s best:27145 next:[20849,27144] ls_restart_decay_perturb(batch:1 lin{mvs:8 evals:109} gen{mvs:13 evals:92} #w_updates:1 #perturb:0)
#55      0.06s best:27134 next:[20849,27133] ls_restart_decay_perturb(batch:1 lin{mvs:8 evals:109} gen{mvs:13 evals:92} #w_updates:1 #perturb:0) [combined with: ls_lin_restart_compo...]
#56      0.06s best:27119 next:[20849,27118] ls_restart_compound(batch:1 lin{mvs:0 evals:62} gen{mvs:21 evals:99} comp{mvs:9 btracks:6} #w_updates:0 #perturb:0)
#57      0.06s best:26990 next:[20849,26989] rnd_var_lns (d=7.07e-01 s=171 t=0.10 p=1.00 stall=0 h=base) [combined with: ls_restart_compound(...]
#58      0.10s best:26403 next:[20849,26402] lb_relax_lns_int_h (d=5.00e-01 s=125 t=0.50 p=0.00 stall=0 h=base) [combined with: ls_restart_compound(...]
#59      0.12s best:25982 next:[20849,25981] rnd_cst_lns (d=7.07e-01 s=172 t=0.10 p=1.00 stall=1 h=base) [combined with: ls_restart_compound(...]
#60      0.13s best:25907 next:[20849,25906] lb_relax_lns_int_h (d=5.00e-01 s=348 t=0.50 p=1.00 stall=0 h=base)
#61      0.13s best:25799 next:[20849,25798] ls_restart_decay_perturb(batch:1 lin{mvs:7 evals:464} gen{mvs:136 evals:859} #w_updates:68 #perturb:0)
#62      0.14s best:25766 next:[20849,25765] ls_lin_restart_decay_perturb(batch:1 lin{mvs:7 evals:582} gen{mvs:166 evals:1'078} #w_updates:81 #perturb:0)
#63      0.14s best:25764 next:[20849,25763] ls_decay_perturb(batch:8 lin{mvs:45 evals:10'158} gen{mvs:3'735 evals:25'154} comp{mvs:191 btracks:1'220} #w_updates:1'211 #perturb:8)
#64      0.15s best:25661 next:[20849,25660] ls_restart(batch:1 lin{mvs:7 evals:2'594} gen{mvs:831 evals:5'816} #w_updates:594 #perturb:0)
#65      0.15s best:25659 next:[20849,25658] ls_restart(batch:1 lin{mvs:7 evals:2'594} gen{mvs:831 evals:5'816} #w_updates:594 #perturb:0) [combined with: ls_decay_perturb(bat...]
#66      0.16s best:25657 next:[20849,25656] ls_lin_restart_decay_perturb(batch:1 lin{mvs:7 evals:904} gen{mvs:242 evals:1'488} #w_updates:114 #perturb:0)
#67      0.18s best:25655 next:[20849,25654] ls_lin_restart_decay_perturb(batch:1 lin{mvs:7 evals:696} gen{mvs:168 evals:1'083} #w_updates:84 #perturb:0)
#Bound   0.18s best:25655 next:[20893,25654] objective_lb_search_max_lp
#68      0.19s best:25654 next:[20893,25653] quick_restart
#69      0.20s best:25615 next:[20893,25614] quick_restart
#70      0.24s best:25612 next:[20893,25611] ls_restart_decay_compound(batch:1 lin{mvs:0 evals:7'042} gen{mvs:2'220 evals:8'738} comp{mvs:146 btracks:1'037} #w_updates:28 #perturb:0)
#71      0.24s best:25609 next:[20893,25608] ls_restart_decay_compound(batch:1 lin{mvs:0 evals:358} gen{mvs:110 evals:409} comp{mvs:10 btracks:50} #w_updates:1 #perturb:0)
#72      0.24s best:25606 next:[20893,25605] ls_lin_restart_decay(batch:1 lin{mvs:7 evals:941} gen{mvs:188 evals:1'212} #w_updates:93 #perturb:0)
#73      0.25s best:25603 next:[20893,25602] ls_lin_restart_decay(batch:1 lin{mvs:7 evals:138} gen{mvs:19 evals:112} #w_updates:5 #perturb:0)
#74      0.25s best:25564 next:[20893,25563] ls_lin_restart_compound(batch:1 lin{mvs:0 evals:1'045} gen{mvs:317 evals:1'186} comp{mvs:37 btracks:140} #w_updates:4 #perturb:0)
#75      0.25s best:25558 next:[20893,25557] ls_lin_restart_compound(batch:1 lin{mvs:0 evals:1'045} gen{mvs:317 evals:1'186} comp{mvs:37 btracks:140} #w_updates:4 #perturb:0) [combined with: ls_lin_restart_decay...]
#76      0.25s best:25557 next:[20893,25556] ls_restart_decay(batch:1 lin{mvs:7 evals:1'125} gen{mvs:228 evals:1'483} #w_updates:112 #perturb:0) [combined with: quick_restart...]
#77      0.25s best:25536 next:[20893,25535] ls_restart_decay_compound_perturb(batch:1 lin{mvs:0 evals:21} gen{mvs:4 evals:25} comp{mvs:4 btracks:0} #w_updates:0 #perturb:0)
#78      0.25s best:25533 next:[20893,25532] ls_lin_restart_decay_perturb(batch:1 lin{mvs:7 evals:1'015} gen{mvs:212 evals:1'340} #w_updates:104 #perturb:0) [combined with: ls_restart_decay_com...]
#79      0.26s best:25530 next:[20893,25529] ls_restart_decay(batch:1 lin{mvs:7 evals:1'149} gen{mvs:250 evals:1'540} #w_updates:119 #perturb:0) [combined with: ls_lin_restart_decay...]
#80      0.26s best:25527 next:[20893,25526] ls_lin_restart_decay(batch:1 lin{mvs:7 evals:1'145} gen{mvs:233 evals:1'473} #w_updates:111 #perturb:0) [combined with: ls_restart_decay(bat...]
#81      0.26s best:25518 next:[20893,25517] ls_lin_restart_decay_perturb(batch:1 lin{mvs:7 evals:172} gen{mvs:24 evals:159} #w_updates:7 #perturb:0)
#82      0.26s best:25515 next:[20893,25514] ls_compound_perturb(batch:12 lin{mvs:45 evals:35'613} gen{mvs:12'620 evals:59'439} comp{mvs:742 btracks:5'385} #w_updates:1'325 #perturb:12)
#83      0.27s best:25512 next:[20893,25511] ls_lin_restart_decay_compound_perturb(batch:1 lin{mvs:0 evals:802} gen{mvs:263 evals:887} comp{mvs:27 btracks:118} #w_updates:2 #perturb:0)
#84      0.27s best:25509 next:[20893,25508] quick_restart_no_lp
#85      0.27s best:25504 next:[20893,25503] ls_restart_decay(batch:1 lin{mvs:7 evals:967} gen{mvs:205 evals:1'253} #w_updates:104 #perturb:0) [combined with: quick_restart_no_lp...]
#86      0.28s best:25501 next:[20893,25500] ls_lin_restart_decay_compound_perturb(batch:1 lin{mvs:0 evals:3'817} gen{mvs:1'243 evals:4'818} comp{mvs:65 btracks:589} #w_updates:13 #perturb:0) [combined with: ls_restart_decay(bat...]
#87      0.28s best:25498 next:[20893,25497] ls_restart_decay(batch:1 lin{mvs:7 evals:384} gen{mvs:70 evals:438} #w_updates:30 #perturb:0) [combined with: ls_lin_restart_decay...]
#88      0.28s best:25496 next:[20893,25495] ls_restart_decay(batch:1 lin{mvs:7 evals:991} gen{mvs:195 evals:1'263} #w_updates:97 #perturb:0) [combined with: ls_restart_decay(bat...]
#89      0.30s best:25495 next:[20893,25494] ls_restart_decay_perturb(batch:1 lin{mvs:7 evals:1'121} gen{mvs:232 evals:1'475} #w_updates:111 #perturb:0)
#90      0.32s best:25471 next:[20893,25470] ls_restart_decay_perturb(batch:1 lin{mvs:7 evals:1'150} gen{mvs:245 evals:1'572} #w_updates:118 #perturb:0)
#91      0.34s best:25468 next:[20893,25467] ls_restart_decay_compound_perturb(batch:1 lin{mvs:0 evals:6'735} gen{mvs:2'157 evals:8'276} comp{mvs:103 btracks:1'027} #w_updates:23 #perturb:0) [combined with: ls_restart_decay_per...]
#Bound   0.34s best:25468 next:[20895,25467] bool_core (num_cores=10 [cover] a=70 d=3 fixed=219/1256 clauses=6'364)
#92      0.34s best:25450 next:[20895,25449] ls_restart_decay_compound(batch:1 lin{mvs:0 evals:898} gen{mvs:325 evals:1'152} comp{mvs:17 btracks:154} #w_updates:4 #perturb:0)
#93      0.36s best:25420 next:[20895,25419] quick_restart
#Bound   0.36s best:25420 next:[20907,25419] bool_core (num_cores=11 [size:2 mw:12 d:4] a=69 d=4 fixed=220/1263 clauses=6'532)
#Bound   0.36s best:25420 next:[20919,25419] bool_core (num_cores=11 [cover] a=69 d=4 fixed=220/1272 clauses=6'704)
#Bound   0.36s best:25420 next:[20931,25419] bool_core (num_cores=11 [cover] a=69 d=4 fixed=221/1281 clauses=6'880)
#Bound   0.37s best:25420 next:[20943,25419] bool_core (num_cores=11 [cover] a=69 d=4 fixed=222/1290 clauses=7'060)
#Bound   0.37s best:25420 next:[20955,25419] bool_core (num_cores=11 [cover] a=69 d=4 fixed=223/1299 clauses=7'244)
#Bound   0.37s best:25420 next:[20967,25419] bool_core (num_cores=11 [cover] a=69 d=4 fixed=224/1308 clauses=7'432)
#Bound   0.37s best:25420 next:[20979,25419] bool_core (num_cores=11 [cover] a=69 d=4 fixed=225/1317 clauses=7'624)
#Bound   0.37s best:25420 next:[20991,25419] bool_core (num_cores=11 [cover] a=69 d=4 fixed=226/1326 clauses=7'820)
#Bound   0.37s best:25420 next:[21003,25419] bool_core (num_cores=11 [cover] a=69 d=4 fixed=227/1335 clauses=8'020)
#Bound   0.37s best:25420 next:[21015,25419] bool_core (num_cores=11 [cover] a=69 d=4 fixed=228/1344 clauses=8'224)
#Bound   0.37s best:25420 next:[21027,25419] bool_core (num_cores=11 [cover] a=69 d=4 fixed=229/1353 clauses=8'432)
#Bound   0.37s best:25420 next:[21039,25419] bool_core (num_cores=11 [cover] a=69 d=4 fixed=230/1362 clauses=8'644)
#Bound   0.37s best:25420 next:[21051,25419] bool_core (num_cores=11 [cover] a=69 d=4 fixed=231/1371 clauses=8'860)
#94      0.38s best:25419 next:[21171,25418] ls_restart_decay(batch:1 lin{mvs:7 evals:704} gen{mvs:160 evals:1'035} #w_updates:92 #perturb:0)
#95      0.38s best:25407 next:[21171,25406] ls_restart_decay_perturb(batch:1 lin{mvs:7 evals:215} gen{mvs:36 evals:220} #w_updates:12 #perturb:0)
#96      0.40s best:25398 next:[21399,25397] quick_restart
#97      0.42s best:25397 next:[21399,25396] ls_lin_restart_decay(batch:1 lin{mvs:7 evals:907} gen{mvs:179 evals:1'174} #w_updates:89 #perturb:0)
#98      0.44s best:25396 next:[21399,25395] quick_restart
#99      0.45s best:25391 next:[21438,25390] ls_restart_decay_compound(batch:1 lin{mvs:0 evals:9'236} gen{mvs:2'944 evals:11'279} comp{mvs:156 btracks:1'394} #w_updates:34 #perturb:0)
#100     0.49s best:23504 next:[21477,23503] rins_pump_lns (d=7.07e-01 s=170 t=0.10 p=1.00 stall=0 h=base)
#101     0.49s best:23502 next:[21606,23501] ls_restart_decay(batch:1 lin{mvs:1 evals:554} gen{mvs:225 evals:1'476} #w_updates:116 #perturb:0)
#102     0.55s best:23500 next:[21771,23499] ls_restart_decay(batch:1 lin{mvs:1 evals:883} gen{mvs:284 evals:1'661} #w_updates:135 #perturb:0)
#103     0.58s best:23498 next:[21813,23497] quick_restart_no_lp
#104     0.58s best:23497 next:[21813,23496] ls_lin_restart(batch:1 lin{mvs:3 evals:42} gen{mvs:3 evals:21} #w_updates:0 #perturb:0)
#105     0.59s best:23496 next:[21813,23495] ls_decay(batch:24 lin{mvs:133 evals:91'858} gen{mvs:32'783 evals:168'631} comp{mvs:1'292 btracks:10'036} #w_updates:4'422 #perturb:23)
#106     0.63s best:23494 next:[21924,23493] ls_restart_decay_perturb(batch:1 lin{mvs:2 evals:715} gen{mvs:224 evals:1'305} #w_updates:115 #perturb:0)
#107     0.63s best:23478 next:[21924,23477] quick_restart_no_lp
#108     0.64s best:23476 next:[21924,23475] ls_restart_decay_perturb(batch:1 lin{mvs:3 evals:831} gen{mvs:272 evals:1'530} #w_updates:134 #perturb:0)
#109     0.64s best:23474 next:[21924,23473] ls_restart_decay_perturb(batch:1 lin{mvs:1 evals:691} gen{mvs:216 evals:1'283} #w_updates:110 #perturb:0)
#110     0.65s best:23472 next:[21954,23471] ls_lin_restart_decay(batch:1 lin{mvs:2 evals:611} gen{mvs:203 evals:1'152} #w_updates:106 #perturb:0)
#111     0.68s best:23471 next:[22082,23470] ls_restart_decay(batch:1 lin{mvs:3 evals:603} gen{mvs:196 evals:1'101} #w_updates:107 #perturb:0)
#112     0.77s best:23468 next:[22113,23467] scheduling_resource_windows_lns (d=1.10e-01 s=1252 t=0.10 p=0.17 stall=1 h=base)
#113     0.80s best:23467 next:[22113,23466] quick_restart_no_lp
#114     0.81s best:23464 next:[22113,23463] quick_restart_no_lp
#115     0.82s best:23400 next:[22113,23399] max_lp
#116     0.82s best:23242 next:[22113,23241] ls_restart_decay_compound(batch:1 lin{mvs:0 evals:41} gen{mvs:8 evals:74} comp{mvs:8 btracks:0} #w_updates:0 #perturb:0)
#117     0.84s best:23240 next:[22113,23239] ls_restart_decay_perturb(batch:1 lin{mvs:3 evals:1'182} gen{mvs:259 evals:2'544} #w_updates:125 #perturb:0)
#118     0.84s best:23229 next:[22113,23228] ls_restart_decay_perturb(batch:1 lin{mvs:3 evals:1'077} gen{mvs:244 evals:2'351} #w_updates:111 #perturb:0)
#119     0.84s best:23227 next:[22113,23226] ls_restart_decay_perturb(batch:1 lin{mvs:3 evals:1'077} gen{mvs:244 evals:2'351} #w_updates:111 #perturb:0) [combined with: ls_restart_decay_per...]
#120     0.85s best:23214 next:[22113,23213] quick_restart_no_lp
#121     0.85s best:23201 next:[22113,23200] ls_restart_decay(batch:1 lin{mvs:3 evals:1'140} gen{mvs:263 evals:2'504} #w_updates:124 #perturb:0) [combined with: quick_restart_no_lp...]
#122     0.87s best:23189 next:[22113,23188] quick_restart_no_lp
#123     0.88s best:23188 next:[22113,23187] ls_restart_decay_compound_perturb(batch:1 lin{mvs:0 evals:7} gen{mvs:1 evals:14} comp{mvs:1 btracks:0} #w_updates:0 #perturb:0)
#124     0.89s best:23174 next:[22113,23173] quick_restart_no_lp
#125     0.89s best:23173 next:[22113,23172] ls_lin_restart(batch:1 lin{mvs:5 evals:84} gen{mvs:6 evals:48} #w_updates:0 #perturb:0)
#126     0.90s best:23170 next:[22113,23169] ls_decay_perturb(batch:37 lin{mvs:226 evals:150'057} gen{mvs:60'883 evals:309'923} comp{mvs:2'443 btracks:17'423} #w_updates:6'131 #perturb:32)
#127     0.90s best:23167 next:[22113,23166] ls_restart_decay(batch:1 lin{mvs:3 evals:1'254} gen{mvs:292 evals:2'826} #w_updates:137 #perturb:0) [combined with: ls_decay_perturb(bat...]
#128     0.91s best:23157 next:[22113,23156] ls_restart_decay(batch:1 lin{mvs:3 evals:1'019} gen{mvs:228 evals:2'196} #w_updates:111 #perturb:0)
#129     0.91s best:23154 next:[22113,23153] ls_restart_decay(batch:1 lin{mvs:3 evals:1'019} gen{mvs:228 evals:2'196} #w_updates:111 #perturb:0) [combined with: ls_restart_decay(bat...]
#130     0.92s best:22991 next:[22113,22990] ls_restart_decay_perturb(batch:1 lin{mvs:3 evals:1'009} gen{mvs:245 evals:2'228} #w_updates:115 #perturb:0)
#131     0.92s best:22988 next:[22113,22987] ls_restart_decay_perturb(batch:1 lin{mvs:2 evals:308} gen{mvs:53 evals:562} #w_updates:28 #perturb:0)
#132     0.92s best:22979 next:[22113,22978] ls_restart(batch:1 lin{mvs:2 evals:180} gen{mvs:26 evals:278} #w_updates:11 #perturb:0)
#133     0.92s best:22976 next:[22113,22975] ls_restart_compound_perturb(batch:1 lin{mvs:0 evals:10} gen{mvs:2 evals:16} comp{mvs:2 btracks:0} #w_updates:0 #perturb:0)
#134     0.93s best:22973 next:[22113,22972] ls_lin_restart_decay(batch:1 lin{mvs:3 evals:1'315} gen{mvs:283 evals:2'539} #w_updates:125 #perturb:0)
#135     0.93s best:22970 next:[22113,22969] ls_lin_restart_perturb(batch:1 lin{mvs:2 evals:229} gen{mvs:42 evals:397} #w_updates:25 #perturb:0)
#136     0.93s best:22967 next:[22113,22966] ls_lin_restart_compound_perturb(batch:1 lin{mvs:0 evals:566} gen{mvs:128 evals:796} comp{mvs:32 btracks:48} #w_updates:1 #perturb:0)
#137     0.94s best:22964 next:[22113,22963] ls_lin_restart_decay_perturb(batch:1 lin{mvs:4 evals:1'288} gen{mvs:261 evals:2'436} #w_updates:124 #perturb:0)
#138     0.95s best:22958 next:[22113,22957] quick_restart_no_lp
#139     0.96s best:22957 next:[22113,22956] quick_restart_no_lp
#140     0.97s best:22953 next:[22113,22952] ls_lin_restart_decay(batch:1 lin{mvs:2 evals:1'045} gen{mvs:207 evals:1'948} #w_updates:102 #perturb:0)
#141     0.98s best:22942 next:[22113,22941] quick_restart_no_lp
#142     0.99s best:22939 next:[22113,22938] ls_restart(batch:1 lin{mvs:3 evals:597} gen{mvs:82 evals:826} #w_updates:44 #perturb:0)
#Bound   0.75s best:23471 next:[22113,23470] objective_lb_search_max_lp [skipped_logs=224]
#143     1.07s best:22225 next:[22113,22224] probing_no_lp
#144     1.07s best:22149 next:[22113,22148] rins_pump_lns (d=7.21e-01 s=1313 t=0.10 p=0.67 stall=0 h=base)
Relative gap limit of 0.005 reached.

Task timing                                  n [     min,      max]      avg      dev     time         n [     min,      max]      avg      dev    dtime
                             'core':         1 [   1.08s,    1.08s]    1.08s   0.00ns    1.08s         1 [906.99ms, 906.99ms] 906.99ms   0.00ns 906.99ms
                       'default_lp':         1 [   1.06s,    1.06s]    1.06s   0.00ns    1.06s         1 [154.90ms, 154.90ms] 154.90ms   0.00ns 154.90ms
                 'feasibility_pump':       127 [ 66.00us,   1.78ms] 139.67us 186.67us  17.74ms       126 [ 35.53us, 412.64us]  38.52us  33.46us   4.85ms
                            'fixed':         1 [   1.06s,    1.06s]    1.06s   0.00ns    1.06s         1 [244.94ms, 244.94ms] 244.94ms   0.00ns 244.94ms
                               'fj':         0 [  0.00ns,   0.00ns]   0.00ns   0.00ns   0.00ns         0 [  0.00ns,   0.00ns]   0.00ns   0.00ns   0.00ns
                               'fj':         0 [  0.00ns,   0.00ns]   0.00ns   0.00ns   0.00ns         0 [  0.00ns,   0.00ns]   0.00ns   0.00ns   0.00ns
                               'fj':         0 [  0.00ns,   0.00ns]   0.00ns   0.00ns   0.00ns         0 [  0.00ns,   0.00ns]   0.00ns   0.00ns   0.00ns
                               'fj':         0 [  0.00ns,   0.00ns]   0.00ns   0.00ns   0.00ns         0 [  0.00ns,   0.00ns]   0.00ns   0.00ns   0.00ns
                               'fj':         0 [  0.00ns,   0.00ns]   0.00ns   0.00ns   0.00ns         0 [  0.00ns,   0.00ns]   0.00ns   0.00ns   0.00ns
                               'fj':         0 [  0.00ns,   0.00ns]   0.00ns   0.00ns   0.00ns         0 [  0.00ns,   0.00ns]   0.00ns   0.00ns   0.00ns
                               'fj':         0 [  0.00ns,   0.00ns]   0.00ns   0.00ns   0.00ns         0 [  0.00ns,   0.00ns]   0.00ns   0.00ns   0.00ns
                               'fj':         0 [  0.00ns,   0.00ns]   0.00ns   0.00ns   0.00ns         0 [  0.00ns,   0.00ns]   0.00ns   0.00ns   0.00ns
                               'fj':         0 [  0.00ns,   0.00ns]   0.00ns   0.00ns   0.00ns         0 [  0.00ns,   0.00ns]   0.00ns   0.00ns   0.00ns
                               'fj':         0 [  0.00ns,   0.00ns]   0.00ns   0.00ns   0.00ns         0 [  0.00ns,   0.00ns]   0.00ns   0.00ns   0.00ns
                               'fj':         0 [  0.00ns,   0.00ns]   0.00ns   0.00ns   0.00ns         0 [  0.00ns,   0.00ns]   0.00ns   0.00ns   0.00ns
                               'fj':         0 [  0.00ns,   0.00ns]   0.00ns   0.00ns   0.00ns         0 [  0.00ns,   0.00ns]   0.00ns   0.00ns   0.00ns
                               'fj':         0 [  0.00ns,   0.00ns]   0.00ns   0.00ns   0.00ns         0 [  0.00ns,   0.00ns]   0.00ns   0.00ns   0.00ns
                               'fj':         0 [  0.00ns,   0.00ns]   0.00ns   0.00ns   0.00ns         0 [  0.00ns,   0.00ns]   0.00ns   0.00ns   0.00ns
                               'fj':         0 [  0.00ns,   0.00ns]   0.00ns   0.00ns   0.00ns         0 [  0.00ns,   0.00ns]   0.00ns   0.00ns   0.00ns
                               'fj':         0 [  0.00ns,   0.00ns]   0.00ns   0.00ns   0.00ns         0 [  0.00ns,   0.00ns]   0.00ns   0.00ns   0.00ns
                               'fj':         0 [  0.00ns,   0.00ns]   0.00ns   0.00ns   0.00ns         0 [  0.00ns,   0.00ns]   0.00ns   0.00ns   0.00ns
                               'fj':         0 [  0.00ns,   0.00ns]   0.00ns   0.00ns   0.00ns         0 [  0.00ns,   0.00ns]   0.00ns   0.00ns   0.00ns
                               'fj':         0 [  0.00ns,   0.00ns]   0.00ns   0.00ns   0.00ns         0 [  0.00ns,   0.00ns]   0.00ns   0.00ns   0.00ns
                               'fj':         0 [  0.00ns,   0.00ns]   0.00ns   0.00ns   0.00ns         0 [  0.00ns,   0.00ns]   0.00ns   0.00ns   0.00ns
                               'fj':         0 [  0.00ns,   0.00ns]   0.00ns   0.00ns   0.00ns         0 [  0.00ns,   0.00ns]   0.00ns   0.00ns   0.00ns
                               'fj':         0 [  0.00ns,   0.00ns]   0.00ns   0.00ns   0.00ns         0 [  0.00ns,   0.00ns]   0.00ns   0.00ns   0.00ns
                               'fj':         0 [  0.00ns,   0.00ns]   0.00ns   0.00ns   0.00ns         0 [  0.00ns,   0.00ns]   0.00ns   0.00ns   0.00ns
                               'fj':         0 [  0.00ns,   0.00ns]   0.00ns   0.00ns   0.00ns         0 [  0.00ns,   0.00ns]   0.00ns   0.00ns   0.00ns
                               'fj':         0 [  0.00ns,   0.00ns]   0.00ns   0.00ns   0.00ns         0 [  0.00ns,   0.00ns]   0.00ns   0.00ns   0.00ns
                           'fj_lin':         0 [  0.00ns,   0.00ns]   0.00ns   0.00ns   0.00ns         0 [  0.00ns,   0.00ns]   0.00ns   0.00ns   0.00ns
                           'fj_lin':         0 [  0.00ns,   0.00ns]   0.00ns   0.00ns   0.00ns         0 [  0.00ns,   0.00ns]   0.00ns   0.00ns   0.00ns
                           'fj_lin':         0 [  0.00ns,   0.00ns]   0.00ns   0.00ns   0.00ns         0 [  0.00ns,   0.00ns]   0.00ns   0.00ns   0.00ns
                           'fj_lin':         0 [  0.00ns,   0.00ns]   0.00ns   0.00ns   0.00ns         0 [  0.00ns,   0.00ns]   0.00ns   0.00ns   0.00ns
                           'fj_lin':         0 [  0.00ns,   0.00ns]   0.00ns   0.00ns   0.00ns         0 [  0.00ns,   0.00ns]   0.00ns   0.00ns   0.00ns
                           'fj_lin':         0 [  0.00ns,   0.00ns]   0.00ns   0.00ns   0.00ns         0 [  0.00ns,   0.00ns]   0.00ns   0.00ns   0.00ns
                           'fj_lin':         0 [  0.00ns,   0.00ns]   0.00ns   0.00ns   0.00ns         0 [  0.00ns,   0.00ns]   0.00ns   0.00ns   0.00ns
                           'fj_lin':         0 [  0.00ns,   0.00ns]   0.00ns   0.00ns   0.00ns         0 [  0.00ns,   0.00ns]   0.00ns   0.00ns   0.00ns
                           'fj_lin':         0 [  0.00ns,   0.00ns]   0.00ns   0.00ns   0.00ns         0 [  0.00ns,   0.00ns]   0.00ns   0.00ns   0.00ns
                           'fj_lin':         0 [  0.00ns,   0.00ns]   0.00ns   0.00ns   0.00ns         0 [  0.00ns,   0.00ns]   0.00ns   0.00ns   0.00ns
                           'fj_lin':         0 [  0.00ns,   0.00ns]   0.00ns   0.00ns   0.00ns         0 [  0.00ns,   0.00ns]   0.00ns   0.00ns   0.00ns
                           'fj_lin':         0 [  0.00ns,   0.00ns]   0.00ns   0.00ns   0.00ns         0 [  0.00ns,   0.00ns]   0.00ns   0.00ns   0.00ns
                        'fs_random':         0 [  0.00ns,   0.00ns]   0.00ns   0.00ns   0.00ns         0 [  0.00ns,   0.00ns]   0.00ns   0.00ns   0.00ns
                        'fs_random':         0 [  0.00ns,   0.00ns]   0.00ns   0.00ns   0.00ns         0 [  0.00ns,   0.00ns]   0.00ns   0.00ns   0.00ns
                        'fs_random':         0 [  0.00ns,   0.00ns]   0.00ns   0.00ns   0.00ns         0 [  0.00ns,   0.00ns]   0.00ns   0.00ns   0.00ns
                        'fs_random':         0 [  0.00ns,   0.00ns]   0.00ns   0.00ns   0.00ns         0 [  0.00ns,   0.00ns]   0.00ns   0.00ns   0.00ns
                        'fs_random':         0 [  0.00ns,   0.00ns]   0.00ns   0.00ns   0.00ns         0 [  0.00ns,   0.00ns]   0.00ns   0.00ns   0.00ns
                        'fs_random':         0 [  0.00ns,   0.00ns]   0.00ns   0.00ns   0.00ns         0 [  0.00ns,   0.00ns]   0.00ns   0.00ns   0.00ns
                        'fs_random':         0 [  0.00ns,   0.00ns]   0.00ns   0.00ns   0.00ns         0 [  0.00ns,   0.00ns]   0.00ns   0.00ns   0.00ns
                        'fs_random':         0 [  0.00ns,   0.00ns]   0.00ns   0.00ns   0.00ns         0 [  0.00ns,   0.00ns]   0.00ns   0.00ns   0.00ns
                        'fs_random':         0 [  0.00ns,   0.00ns]   0.00ns   0.00ns   0.00ns         0 [  0.00ns,   0.00ns]   0.00ns   0.00ns   0.00ns
                        'fs_random':         0 [  0.00ns,   0.00ns]   0.00ns   0.00ns   0.00ns         0 [  0.00ns,   0.00ns]   0.00ns   0.00ns   0.00ns
                        'fs_random':         0 [  0.00ns,   0.00ns]   0.00ns   0.00ns   0.00ns         0 [  0.00ns,   0.00ns]   0.00ns   0.00ns   0.00ns
                        'fs_random':         0 [  0.00ns,   0.00ns]   0.00ns   0.00ns   0.00ns         0 [  0.00ns,   0.00ns]   0.00ns   0.00ns   0.00ns
                  'fs_random_no_lp':         0 [  0.00ns,   0.00ns]   0.00ns   0.00ns   0.00ns         0 [  0.00ns,   0.00ns]   0.00ns   0.00ns   0.00ns
                  'fs_random_no_lp':         0 [  0.00ns,   0.00ns]   0.00ns   0.00ns   0.00ns         0 [  0.00ns,   0.00ns]   0.00ns   0.00ns   0.00ns
                  'fs_random_no_lp':         0 [  0.00ns,   0.00ns]   0.00ns   0.00ns   0.00ns         0 [  0.00ns,   0.00ns]   0.00ns   0.00ns   0.00ns
                  'fs_random_no_lp':         0 [  0.00ns,   0.00ns]   0.00ns   0.00ns   0.00ns         0 [  0.00ns,   0.00ns]   0.00ns   0.00ns   0.00ns
                  'fs_random_no_lp':         0 [  0.00ns,   0.00ns]   0.00ns   0.00ns   0.00ns         0 [  0.00ns,   0.00ns]   0.00ns   0.00ns   0.00ns
                  'fs_random_no_lp':         0 [  0.00ns,   0.00ns]   0.00ns   0.00ns   0.00ns         0 [  0.00ns,   0.00ns]   0.00ns   0.00ns   0.00ns
                  'fs_random_no_lp':         0 [  0.00ns,   0.00ns]   0.00ns   0.00ns   0.00ns         0 [  0.00ns,   0.00ns]   0.00ns   0.00ns   0.00ns
                  'fs_random_no_lp':         0 [  0.00ns,   0.00ns]   0.00ns   0.00ns   0.00ns         0 [  0.00ns,   0.00ns]   0.00ns   0.00ns   0.00ns
                  'fs_random_no_lp':         0 [  0.00ns,   0.00ns]   0.00ns   0.00ns   0.00ns         0 [  0.00ns,   0.00ns]   0.00ns   0.00ns   0.00ns
                  'fs_random_no_lp':         0 [  0.00ns,   0.00ns]   0.00ns   0.00ns   0.00ns         0 [  0.00ns,   0.00ns]   0.00ns   0.00ns   0.00ns
                  'fs_random_no_lp':         0 [  0.00ns,   0.00ns]   0.00ns   0.00ns   0.00ns         0 [  0.00ns,   0.00ns]   0.00ns   0.00ns   0.00ns
                  'fs_random_no_lp':         0 [  0.00ns,   0.00ns]   0.00ns   0.00ns   0.00ns         0 [  0.00ns,   0.00ns]   0.00ns   0.00ns   0.00ns
                  'fs_random_no_lp':         0 [  0.00ns,   0.00ns]   0.00ns   0.00ns   0.00ns         0 [  0.00ns,   0.00ns]   0.00ns   0.00ns   0.00ns
          'fs_random_quick_restart':         0 [  0.00ns,   0.00ns]   0.00ns   0.00ns   0.00ns         0 [  0.00ns,   0.00ns]   0.00ns   0.00ns   0.00ns
          'fs_random_quick_restart':         0 [  0.00ns,   0.00ns]   0.00ns   0.00ns   0.00ns         0 [  0.00ns,   0.00ns]   0.00ns   0.00ns   0.00ns
          'fs_random_quick_restart':         0 [  0.00ns,   0.00ns]   0.00ns   0.00ns   0.00ns         0 [  0.00ns,   0.00ns]   0.00ns   0.00ns   0.00ns
          'fs_random_quick_restart':         0 [  0.00ns,   0.00ns]   0.00ns   0.00ns   0.00ns         0 [  0.00ns,   0.00ns]   0.00ns   0.00ns   0.00ns
          'fs_random_quick_restart':         0 [  0.00ns,   0.00ns]   0.00ns   0.00ns   0.00ns         0 [  0.00ns,   0.00ns]   0.00ns   0.00ns   0.00ns
          'fs_random_quick_restart':         0 [  0.00ns,   0.00ns]   0.00ns   0.00ns   0.00ns         0 [  0.00ns,   0.00ns]   0.00ns   0.00ns   0.00ns
          'fs_random_quick_restart':         0 [  0.00ns,   0.00ns]   0.00ns   0.00ns   0.00ns         0 [  0.00ns,   0.00ns]   0.00ns   0.00ns   0.00ns
          'fs_random_quick_restart':         0 [  0.00ns,   0.00ns]   0.00ns   0.00ns   0.00ns         0 [  0.00ns,   0.00ns]   0.00ns   0.00ns   0.00ns
          'fs_random_quick_restart':         0 [  0.00ns,   0.00ns]   0.00ns   0.00ns   0.00ns         0 [  0.00ns,   0.00ns]   0.00ns   0.00ns   0.00ns
          'fs_random_quick_restart':         0 [  0.00ns,   0.00ns]   0.00ns   0.00ns   0.00ns         0 [  0.00ns,   0.00ns]   0.00ns   0.00ns   0.00ns
          'fs_random_quick_restart':         0 [  0.00ns,   0.00ns]   0.00ns   0.00ns   0.00ns         0 [  0.00ns,   0.00ns]   0.00ns   0.00ns   0.00ns
          'fs_random_quick_restart':         0 [  0.00ns,   0.00ns]   0.00ns   0.00ns   0.00ns         0 [  0.00ns,   0.00ns]   0.00ns   0.00ns   0.00ns
    'fs_random_quick_restart_no_lp':         0 [  0.00ns,   0.00ns]   0.00ns   0.00ns   0.00ns         0 [  0.00ns,   0.00ns]   0.00ns   0.00ns   0.00ns
    'fs_random_quick_restart_no_lp':         0 [  0.00ns,   0.00ns]   0.00ns   0.00ns   0.00ns         0 [  0.00ns,   0.00ns]   0.00ns   0.00ns   0.00ns
    'fs_random_quick_restart_no_lp':         0 [  0.00ns,   0.00ns]   0.00ns   0.00ns   0.00ns         0 [  0.00ns,   0.00ns]   0.00ns   0.00ns   0.00ns
    'fs_random_quick_restart_no_lp':         0 [  0.00ns,   0.00ns]   0.00ns   0.00ns   0.00ns         0 [  0.00ns,   0.00ns]   0.00ns   0.00ns   0.00ns
    'fs_random_quick_restart_no_lp':         0 [  0.00ns,   0.00ns]   0.00ns   0.00ns   0.00ns         0 [  0.00ns,   0.00ns]   0.00ns   0.00ns   0.00ns
    'fs_random_quick_restart_no_lp':         0 [  0.00ns,   0.00ns]   0.00ns   0.00ns   0.00ns         0 [  0.00ns,   0.00ns]   0.00ns   0.00ns   0.00ns
    'fs_random_quick_restart_no_lp':         0 [  0.00ns,   0.00ns]   0.00ns   0.00ns   0.00ns         0 [  0.00ns,   0.00ns]   0.00ns   0.00ns   0.00ns
    'fs_random_quick_restart_no_lp':         0 [  0.00ns,   0.00ns]   0.00ns   0.00ns   0.00ns         0 [  0.00ns,   0.00ns]   0.00ns   0.00ns   0.00ns
    'fs_random_quick_restart_no_lp':         0 [  0.00ns,   0.00ns]   0.00ns   0.00ns   0.00ns         0 [  0.00ns,   0.00ns]   0.00ns   0.00ns   0.00ns
    'fs_random_quick_restart_no_lp':         0 [  0.00ns,   0.00ns]   0.00ns   0.00ns   0.00ns         0 [  0.00ns,   0.00ns]   0.00ns   0.00ns   0.00ns
    'fs_random_quick_restart_no_lp':         0 [  0.00ns,   0.00ns]   0.00ns   0.00ns   0.00ns         0 [  0.00ns,   0.00ns]   0.00ns   0.00ns   0.00ns
    'fs_random_quick_restart_no_lp':         0 [  0.00ns,   0.00ns]   0.00ns   0.00ns   0.00ns         0 [  0.00ns,   0.00ns]   0.00ns   0.00ns   0.00ns
                    'graph_arc_lns':         9 [ 12.84ms, 634.73ms] 303.93ms 235.14ms    2.74s         9 [653.92us, 100.03ms]  49.90ms  37.57ms 449.12ms
                    'graph_cst_lns':        11 [  7.42ms, 918.01ms] 268.71ms 311.03ms    2.96s        10 [105.47us, 100.04ms]  37.83ms  42.08ms 378.25ms
                    'graph_dec_lns':         8 [  4.52ms,    1.02s] 433.36ms 399.13ms    3.47s         8 [199.73us, 100.06ms]  47.19ms  41.74ms 377.55ms
                    'graph_var_lns':        10 [  4.67ms, 825.51ms] 312.13ms 292.98ms    3.12s        10 [ 57.80us, 100.03ms]  40.63ms  38.65ms 406.33ms
                     'lb_relax_lns':         7 [186.84us,    1.06s] 450.88ms 492.92ms    3.16s         5 [  4.88ms, 112.79ms]  63.21ms  45.18ms 316.04ms
                   'lb_tree_search':         1 [   1.06s,    1.06s]    1.06s   0.00ns    1.06s         1 [ 83.45ms,  83.45ms]  83.45ms   0.00ns  83.45ms
                               'ls':        20 [  8.39ms,  70.15ms]  52.88ms  21.38ms    1.06s        20 [528.91us, 100.13ms]  86.63ms  32.07ms    1.73s
                               'ls':        21 [556.65us,  79.40ms]  50.10ms  27.50ms    1.05s        21 [529.12us, 100.09ms]  76.35ms  39.37ms    1.60s
                               'ls':        22 [  7.37ms,  79.71ms]  48.02ms  25.66ms    1.06s        22 [ 10.80ms, 100.12ms]  78.70ms  36.01ms    1.73s
                               'ls':        23 [  2.91ms,  68.44ms]  45.55ms  23.63ms    1.05s        23 [  4.25ms, 100.27ms]  81.12ms  36.10ms    1.87s
                               'ls':        23 [305.63us,  69.79ms]  44.72ms  27.85ms    1.03s        23 [335.26us, 100.06ms]  70.01ms  42.97ms    1.61s
                               'ls':        24 [147.53us,  70.32ms]  42.90ms  29.69ms    1.03s        22 [445.76us, 100.08ms]  72.03ms  42.69ms    1.58s
                               'ls':        25 [582.05us,  68.97ms]  41.01ms  27.09ms    1.03s        25 [526.40us, 100.08ms]  70.25ms  41.01ms    1.76s
                               'ls':        25 [584.59us,  70.58ms]  41.00ms  28.09ms    1.03s        25 [771.85us, 100.09ms]  64.54ms  44.30ms    1.61s
                               'ls':        25 [805.83us,  69.68ms]  41.46ms  26.61ms    1.04s        24 [  5.80ms, 100.08ms]  67.49ms  39.77ms    1.62s
                               'ls':        26 [228.39us,  68.33ms]  39.84ms  26.40ms    1.04s        26 [122.09us, 100.18ms]  67.16ms  43.53ms    1.75s
                               'ls':        26 [247.38us,  70.06ms]  39.66ms  28.34ms    1.03s        26 [228.15us, 100.12ms]  66.32ms  45.12ms    1.72s
                               'ls':        26 [566.05us,  67.77ms]  39.77ms  20.89ms    1.03s        25 [  5.69ms, 100.14ms]  84.68ms  32.43ms    2.12s
                               'ls':        28 [216.56us,  78.93ms]  37.02ms  29.99ms    1.04s        28 [123.63us, 100.09ms]  55.76ms  44.97ms    1.56s
                               'ls':        28 [862.16us,  69.74ms]  37.50ms  23.05ms    1.05s        28 [  1.08ms, 100.14ms]  73.51ms  42.02ms    2.06s
                               'ls':        33 [125.06us,  51.30ms]  31.12ms  19.64ms    1.03s        29 [208.81us, 100.10ms]  81.38ms  36.29ms    2.36s
                               'ls':        33 [202.07us,  61.94ms]  31.10ms  18.36ms    1.03s        31 [213.85us, 100.10ms]  79.00ms  38.15ms    2.45s
                               'ls':        35 [946.72us,  65.69ms]  29.83ms  16.79ms    1.04s        35 [  2.02ms, 100.13ms]  84.62ms  34.21ms    2.96s
                               'ls':        36 [103.98us,  56.41ms]  28.37ms  15.67ms    1.02s        33 [109.01us, 100.13ms]  83.00ms  35.20ms    2.74s
                               'ls':        44 [140.32us,  50.22ms]  23.12ms  13.46ms    1.02s        43 [512.77us, 100.15ms]  78.54ms  38.12ms    3.38s
                           'ls_lin':        20 [  3.12ms,  68.18ms]  52.63ms  18.91ms    1.05s        20 [  7.62ms, 100.18ms]  88.53ms  28.56ms    1.77s
                           'ls_lin':        21 [  3.55ms,  70.92ms]  49.91ms  20.40ms    1.05s        21 [  9.46ms, 100.09ms]  86.56ms  30.05ms    1.82s
                           'ls_lin':        22 [  2.47ms,  69.50ms]  47.76ms  23.42ms    1.05s        22 [  3.47ms, 100.12ms]  76.24ms  37.80ms    1.68s
                           'ls_lin':        25 [350.83us,  71.76ms]  41.67ms  25.82ms    1.04s        25 [290.37us, 100.09ms]  75.77ms  39.59ms    1.89s
                           'ls_lin':        25 [494.23us,  69.66ms]  41.35ms  29.48ms    1.03s        25 [440.66us, 100.11ms]  63.45ms  45.13ms    1.59s
                           'ls_lin':        27 [736.37us,  70.97ms]  38.63ms  26.43ms    1.04s        27 [853.34us, 100.10ms]  69.62ms  42.52ms    1.88s
                           'ls_lin':        30 [457.06us,  67.58ms]  34.34ms  17.74ms    1.03s        30 [364.61us, 100.12ms]  81.96ms  35.90ms    2.46s
                           'ls_lin':        36 [465.05us,  67.92ms]  28.39ms  22.89ms    1.02s        35 [143.95us, 100.10ms]  71.84ms  42.09ms    2.51s
                           'ls_lin':        37 [210.11us,  68.49ms]  27.55ms  19.67ms    1.02s        37 [159.37us, 100.12ms]  70.12ms  43.39ms    2.59s
                           'ls_lin':        37 [416.31us,  66.62ms]  27.62ms  15.80ms    1.02s        36 [144.00us, 100.08ms]  79.40ms  38.70ms    2.86s
                           'max_lp':         1 [   1.07s,    1.07s]    1.07s   0.00ns    1.07s         1 [128.29ms, 128.29ms] 128.29ms   0.00ns 128.29ms
                            'no_lp':         1 [   1.06s,    1.06s]    1.06s   0.00ns    1.06s         1 [233.75ms, 233.75ms] 233.75ms   0.00ns 233.75ms
              'objective_lb_search':         1 [   1.07s,    1.07s]    1.07s   0.00ns    1.07s         1 [213.21ms, 213.21ms] 213.21ms   0.00ns 213.21ms
       'objective_lb_search_max_lp':         1 [   1.07s,    1.07s]    1.07s   0.00ns    1.07s         1 [104.31ms, 104.31ms] 104.31ms   0.00ns 104.31ms
        'objective_lb_search_no_lp':         1 [   1.06s,    1.06s]    1.06s   0.00ns    1.06s         1 [224.47ms, 224.47ms] 224.47ms   0.00ns 224.47ms
         'objective_shaving_max_lp':        95 [391.33us,  16.90ms]   9.57ms   5.18ms 909.08ms        79 [ 40.63us, 111.73us] 102.09us  17.97us   8.07ms
          'objective_shaving_no_lp':       113 [284.33us,  18.29ms]   7.47ms   4.39ms 843.55ms        95 [ 40.70us,  98.24us]  95.28us   9.96us   9.05ms
                          'probing':         1 [   1.06s,    1.06s]    1.06s   0.00ns    1.06s         1 [ 21.44ms,  21.44ms]  21.44ms   0.00ns  21.44ms
                   'probing_max_lp':         1 [   1.07s,    1.07s]    1.07s   0.00ns    1.07s         1 [ 17.22ms,  17.22ms]  17.22ms   0.00ns  17.22ms
                    'probing_no_lp':         1 [   1.07s,    1.07s]    1.07s   0.00ns    1.07s         1 [217.43ms, 217.43ms] 217.43ms   0.00ns 217.43ms
                     'pseudo_costs':         1 [   1.07s,    1.07s]    1.07s   0.00ns    1.07s         1 [120.10ms, 120.10ms] 120.10ms   0.00ns 120.10ms
                    'quick_restart':         1 [   1.06s,    1.06s]    1.06s   0.00ns    1.06s         0 [  0.00ns,   0.00ns]   0.00ns   0.00ns   0.00ns
              'quick_restart_no_lp':         1 [   1.06s,    1.06s]    1.06s   0.00ns    1.06s         1 [130.94ms, 130.94ms] 130.94ms   0.00ns 130.94ms
                    'reduced_costs':         1 [   1.06s,    1.06s]    1.06s   0.00ns    1.06s         1 [107.58ms, 107.58ms] 107.58ms   0.00ns 107.58ms
                        'rins/rens':        11 [ 51.39us, 905.30ms] 296.92ms 346.46ms    3.27s         7 [408.21us, 100.02ms]  53.65ms  42.05ms 375.52ms
                      'rnd_cst_lns':        11 [  4.48ms, 895.53ms] 277.59ms 321.65ms    3.05s        11 [ 71.81us, 100.00ms]  30.58ms  38.02ms 336.39ms
                      'rnd_var_lns':        10 [  8.99ms,    1.01s] 307.94ms 408.97ms    3.08s        10 [501.48us,  98.03ms]  26.29ms  35.70ms 262.91ms
         'scheduling_intervals_lns':         4 [844.45ms,    1.04s] 979.01ms  78.19ms    3.92s         4 [ 42.25ms, 100.03ms]  66.32ms  21.86ms 265.29ms
       'scheduling_precedences_lns':         4 [   1.02s,    1.06s]    1.03s  17.65ms    4.13s         4 [ 65.68ms,  96.46ms]  84.18ms  11.50ms 336.72ms
  'scheduling_resource_windows_lns':        10 [ 21.86ms, 680.55ms] 299.01ms 198.29ms    2.99s        10 [  1.02ms, 100.22ms]  65.80ms  39.51ms 657.99ms
       'scheduling_time_window_lns':         4 [759.62ms,    1.04s] 944.26ms 111.14ms    3.78s         4 [ 89.38ms, 100.03ms]  96.42ms   4.34ms 385.68ms
                'variables_shaving':       112 [  6.97ms, 251.71ms]  28.39ms  37.45ms    3.18s       112 [267.39us,  15.95ms]   1.34ms   2.48ms 149.54ms
         'variables_shaving_max_lp':       112 [  6.76ms, 417.44ms] 113.56ms 100.63ms   12.72s       112 [ 29.28us,  72.02ms]  16.86ms  13.39ms    1.89s
          'variables_shaving_no_lp':       112 [  5.65ms,    1.05s]  31.90ms  99.19ms    3.57s       112 [242.48us,  48.84ms]   1.47ms   4.78ms 164.75ms

Search stats                        Bools  Conflicts  Branches  Restarts  BoolPropag  IntegerPropag
                           'core':  2'815        599    30'252     6'608   2'126'955        395'559
                     'default_lp':    995      1'668    10'200     1'414     211'855      1'128'132
                          'fixed':  1'898      5'028     9'941       495     839'272        982'873
                      'fs_random':      0          0         0         0           0              0
                      'fs_random':      0          0         0         0           0              0
                      'fs_random':      0          0         0         0           0              0
                      'fs_random':      0          0         0         0           0              0
                      'fs_random':      0          0         0         0           0              0
                      'fs_random':      0          0         0         0           0              0
                      'fs_random':      0          0         0         0           0              0
                      'fs_random':      0          0         0         0           0              0
                      'fs_random':      0          0         0         0           0              0
                      'fs_random':      0          0         0         0           0              0
                      'fs_random':      0          0         0         0           0              0
                      'fs_random':      0          0         0         0           0              0
                'fs_random_no_lp':      0          0         0         0           0              0
                'fs_random_no_lp':      0          0         0         0           0              0
                'fs_random_no_lp':      0          0         0         0           0              0
                'fs_random_no_lp':      0          0         0         0           0              0
                'fs_random_no_lp':      0          0         0         0           0              0
                'fs_random_no_lp':      0          0         0         0           0              0
                'fs_random_no_lp':      0          0         0         0           0              0
                'fs_random_no_lp':      0          0         0         0           0              0
                'fs_random_no_lp':      0          0         0         0           0              0
                'fs_random_no_lp':      0          0         0         0           0              0
                'fs_random_no_lp':      0          0         0         0           0              0
                'fs_random_no_lp':      0          0         0         0           0              0
                'fs_random_no_lp':      0          0         0         0           0              0
        'fs_random_quick_restart':      0          0         0         0           0              0
        'fs_random_quick_restart':      0          0         0         0           0              0
        'fs_random_quick_restart':      0          0         0         0           0              0
        'fs_random_quick_restart':      0          0         0         0           0              0
        'fs_random_quick_restart':      0          0         0         0           0              0
        'fs_random_quick_restart':      0          0         0         0           0              0
        'fs_random_quick_restart':      0          0         0         0           0              0
        'fs_random_quick_restart':      0          0         0         0           0              0
        'fs_random_quick_restart':      0          0         0         0           0              0
        'fs_random_quick_restart':      0          0         0         0           0              0
        'fs_random_quick_restart':      0          0         0         0           0              0
        'fs_random_quick_restart':      0          0         0         0           0              0
  'fs_random_quick_restart_no_lp':      0          0         0         0           0              0
  'fs_random_quick_restart_no_lp':      0          0         0         0           0              0
  'fs_random_quick_restart_no_lp':      0          0         0         0           0              0
  'fs_random_quick_restart_no_lp':      0          0         0         0           0              0
  'fs_random_quick_restart_no_lp':      0          0         0         0           0              0
  'fs_random_quick_restart_no_lp':      0          0         0         0           0              0
  'fs_random_quick_restart_no_lp':      0          0         0         0           0              0
  'fs_random_quick_restart_no_lp':      0          0         0         0           0              0
  'fs_random_quick_restart_no_lp':      0          0         0         0           0              0
  'fs_random_quick_restart_no_lp':      0          0         0         0           0              0
  'fs_random_quick_restart_no_lp':      0          0         0         0           0              0
  'fs_random_quick_restart_no_lp':      0          0         0         0           0              0
                 'lb_tree_search':  1'899         91    13'597     7'248      59'819        140'968
                         'max_lp':    929        424    15'369     2'970      52'825        215'750
                          'no_lp':    862      2'619    15'390     2'616     215'508      1'426'026
            'objective_lb_search':    670      1'520     7'058     1'708     144'022      1'730'812
     'objective_lb_search_max_lp':  1'986        279     8'733     6'092      81'484        242'732
      'objective_lb_search_no_lp':    683      2'271     6'275       412     200'900      1'802'417
                        'probing':  2'407         74     4'740     4'740      49'075         87'301
                 'probing_max_lp':  1'941         20     3'862     3'862       3'623         30'957
                  'probing_no_lp':  2'878      1'235    15'792     7'388     408'293        990'456
                   'pseudo_costs':    985        676    13'871     3'220      68'480        300'446
                  'quick_restart':  2'084      1'840    18'054     2'007     535'963      1'686'139
            'quick_restart_no_lp':  1'651        850    16'079     1'584     165'463        953'842
                  'reduced_costs':  2'094        259     8'802     6'042      91'195        175'139

SAT stats                           ClassicMinim  LitRemoved  LitLearned  LitForgotten  Subsumed  MClauses  MDecisions  MLitTrue  MSubsumed  MLitRemoved  MReused
                           'core':            54          99       2'481             0         1     5'324       9'551         0        384        1'152      733
                     'default_lp':         1'540       5'625      20'547             0         5       167         116         0          0            0      218
                          'fixed':         4'947      34'248     100'723             0         1         0           0         0          0            0        0
                      'fs_random':             0           0           0             0         0         0           0         0          0            0        0
                      'fs_random':             0           0           0             0         0         0           0         0          0            0        0
                      'fs_random':             0           0           0             0         0         0           0         0          0            0        0
                      'fs_random':             0           0           0             0         0         0           0         0          0            0        0
                      'fs_random':             0           0           0             0         0         0           0         0          0            0        0
                      'fs_random':             0           0           0             0         0         0           0         0          0            0        0
                      'fs_random':             0           0           0             0         0         0           0         0          0            0        0
                      'fs_random':             0           0           0             0         0         0           0         0          0            0        0
                      'fs_random':             0           0           0             0         0         0           0         0          0            0        0
                      'fs_random':             0           0           0             0         0         0           0         0          0            0        0
                      'fs_random':             0           0           0             0         0         0           0         0          0            0        0
                      'fs_random':             0           0           0             0         0         0           0         0          0            0        0
                'fs_random_no_lp':             0           0           0             0         0         0           0         0          0            0        0
                'fs_random_no_lp':             0           0           0             0         0         0           0         0          0            0        0
                'fs_random_no_lp':             0           0           0             0         0         0           0         0          0            0        0
                'fs_random_no_lp':             0           0           0             0         0         0           0         0          0            0        0
                'fs_random_no_lp':             0           0           0             0         0         0           0         0          0            0        0
                'fs_random_no_lp':             0           0           0             0         0         0           0         0          0            0        0
                'fs_random_no_lp':             0           0           0             0         0         0           0         0          0            0        0
                'fs_random_no_lp':             0           0           0             0         0         0           0         0          0            0        0
                'fs_random_no_lp':             0           0           0             0         0         0           0         0          0            0        0
                'fs_random_no_lp':             0           0           0             0         0         0           0         0          0            0        0
                'fs_random_no_lp':             0           0           0             0         0         0           0         0          0            0        0
                'fs_random_no_lp':             0           0           0             0         0         0           0         0          0            0        0
                'fs_random_no_lp':             0           0           0             0         0         0           0         0          0            0        0
        'fs_random_quick_restart':             0           0           0             0         0         0           0         0          0            0        0
        'fs_random_quick_restart':             0           0           0             0         0         0           0         0          0            0        0
        'fs_random_quick_restart':             0           0           0             0         0         0           0         0          0            0        0
        'fs_random_quick_restart':             0           0           0             0         0         0           0         0          0            0        0
        'fs_random_quick_restart':             0           0           0             0         0         0           0         0          0            0        0
        'fs_random_quick_restart':             0           0           0             0         0         0           0         0          0            0        0
        'fs_random_quick_restart':             0           0           0             0         0         0           0         0          0            0        0
        'fs_random_quick_restart':             0           0           0             0         0         0           0         0          0            0        0
        'fs_random_quick_restart':             0           0           0             0         0         0           0         0          0            0        0
        'fs_random_quick_restart':             0           0           0             0         0         0           0         0          0            0        0
        'fs_random_quick_restart':             0           0           0             0         0         0           0         0          0            0        0
        'fs_random_quick_restart':             0           0           0             0         0         0           0         0          0            0        0
  'fs_random_quick_restart_no_lp':             0           0           0             0         0         0           0         0          0            0        0
  'fs_random_quick_restart_no_lp':             0           0           0             0         0         0           0         0          0            0        0
  'fs_random_quick_restart_no_lp':             0           0           0             0         0         0           0         0          0            0        0
  'fs_random_quick_restart_no_lp':             0           0           0             0         0         0           0         0          0            0        0
  'fs_random_quick_restart_no_lp':             0           0           0             0         0         0           0         0          0            0        0
  'fs_random_quick_restart_no_lp':             0           0           0             0         0         0           0         0          0            0        0
  'fs_random_quick_restart_no_lp':             0           0           0             0         0         0           0         0          0            0        0
  'fs_random_quick_restart_no_lp':             0           0           0             0         0         0           0         0          0            0        0
  'fs_random_quick_restart_no_lp':             0           0           0             0         0         0           0         0          0            0        0
  'fs_random_quick_restart_no_lp':             0           0           0             0         0         0           0         0          0            0        0
  'fs_random_quick_restart_no_lp':             0           0           0             0         0         0           0         0          0            0        0
  'fs_random_quick_restart_no_lp':             0           0           0             0         0         0           0         0          0            0        0
                 'lb_tree_search':             2           2         238             0         0        78         188         0          1            5       10
                         'max_lp':           356       1'221       9'367             0         3        35          61         0          5           18       25
                          'no_lp':         2'564       7'501      74'921             0         3        69         149         0         13           65       83
            'objective_lb_search':         1'258       5'999       7'929             0        91       713       2'057         0        312        1'600      224
     'objective_lb_search_max_lp':           129       1'394       2'978             0         8         0           0         0          0            0        0
      'objective_lb_search_no_lp':         2'077      11'080      12'760             0        28       377         791         0         75          340      481
                        'probing':             0           0          74             0         0         0           0         0          0            0        0
                 'probing_max_lp':             0           0          20             0         0         0           0         0          0            0        0
                  'probing_no_lp':           429       1'899       6'400             0        39         0           0         0          0            0        0
                   'pseudo_costs':           623       1'520       9'403             0         1        26          24         0          0            0       28
                  'quick_restart':           674       2'171      12'593             0        43       678         788        21         93          496      804
            'quick_restart_no_lp':           625       2'197      11'355             0        43       142         341         0         47          206       58
                  'reduced_costs':           108         896       3'387             0         0        74           4         0          0            0      144

Lp stats                         Component  Iterations  AddedCuts  OPTIMAL  DUAL_F.  DUAL_U.
                  'default_lp':         27         161          0   14'753        0        0
                       'fixed':         27          98          0   56'327        0        0
              'lb_tree_search':          1       2'632        475      933       50        0
                      'max_lp':          1       3'668      1'671    2'152       53        0
         'objective_lb_search':         27          93          0   10'984        0        0
  'objective_lb_search_max_lp':          1       2'495        963      931       48        0
                     'probing':         27         369          0  104'256        0        0
              'probing_max_lp':          1         245        217      125        0        0
                'pseudo_costs':          1       2'740      1'363    1'846       30        0
               'quick_restart':         27         673          0   27'657        0        0
               'reduced_costs':          1       4'349        764    2'015      117        0

Lp dimension                      Final dimension of first component
                  'default_lp':         1 rows, 8 columns, 2 entries
                       'fixed':         2 rows, 8 columns, 4 entries
              'lb_tree_search':   243 rows, 254 columns, 717 entries
                      'max_lp':   270 rows, 254 columns, 909 entries
         'objective_lb_search':         3 rows, 8 columns, 6 entries
  'objective_lb_search_max_lp':   140 rows, 254 columns, 526 entries
                     'probing':         1 rows, 8 columns, 2 entries
              'probing_max_lp':   232 rows, 254 columns, 753 entries
                'pseudo_costs':  293 rows, 254 columns, 1043 entries
               'quick_restart':         1 rows, 8 columns, 2 entries
               'reduced_costs':   203 rows, 254 columns, 570 entries

Lp debug                         CutPropag  CutEqPropag  Adjust  Overflow     Bad  BadScaling
                  'default_lp':          0            0       0         0       0           0
                       'fixed':          0            0       0         0       0           0
              'lb_tree_search':          0            0     977         0  10'747           0
                      'max_lp':          0            6   1'723         0   4'326           0
         'objective_lb_search':          0            0      47         0       0           0
  'objective_lb_search_max_lp':          0            3     414         0   7'837           0
                     'probing':          0            0       0         0       0           0
              'probing_max_lp':          0            4     119         0  31'197           0
                'pseudo_costs':          0            0   1'704         0   2'836           0
               'quick_restart':          0            0       0         0       0           0
               'reduced_costs':          0            3      27         0   2'131           0

Lp pool                          Constraints  Updates  Simplif  Merged  Shortened  Split  Strenghtened     Cuts/Call
                  'default_lp':          240        0       25       0          0      0             0           0/0
                       'fixed':          240        0        1       0          0      0             0           0/0
              'lb_tree_search':          694    1'319      317      21          0      0            11     475/5'483
                      'max_lp':        1'454      561    1'597     457          0      0             4   1'671/9'271
         'objective_lb_search':          240        0       35       0          0      0             0           0/0
  'objective_lb_search_max_lp':        1'088    1'209      425     115          0      0             2     963/6'353
                     'probing':          240        0       90       0          0      0             0           0/0
              'probing_max_lp':          457      424       21       0          0      0             0       217/998
                'pseudo_costs':        1'379      920      563     224          0      0             1  1'363/10'779
               'quick_restart':          240        0      568       0          0      0             0           0/0
               'reduced_costs':          912      193      372      92          0      0             6     764/2'329

Lp Cut                                                reduced_costs  lb_tree_search  max_lp  pseudo_costs  probing_max_lp  objective_lb_search_max_lp
                                              CG_FF:              -               -       -             1               -                           -
                                               CG_K:              3               3       1             6               -                           2
                                               CG_R:             10              14      35            31               1                           9
                                            MIR_1_K:              7               -       3             7               1                           7
                                            MIR_1_R:             13               4      25            22               1                          13
                                            MIR_2_R:              1               4       9             1               -                           2
                                            MIR_4_R:              -               -       1             -               -                           -
                                            MIR_5_R:              -               -       -             1               -                           -
                  NoOverlapCompletionTimeExhaustive:             51              37      58            38               8                          30
           NoOverlapCompletionTimeExhaustive_lifted:             34              11      47            43              10                          47
  NoOverlapCompletionTimeExhaustive_lifted_weighted:             78              51     198           170              21                          96
         NoOverlapCompletionTimeExhaustive_weighted:             82              73     136           124              21                          95
                    NoOverlapCompletionTimeQueyrane:             90              56     219           196              30                         147
             NoOverlapCompletionTimeQueyrane_lifted:            141              78     355           311              49                         245
                        NoOverlapDetectedPrecedence:              3               -       4             4               -                           2
                          NoOverlapDisjunctionOnEnd:             62              11      65            18               -                          14
                        NoOverlapDisjunctionOnStart:            188             126     511           384              74                         247
                                        ZERO_HALF_R:              1               7       4             6               1                           7

LNS stats                             Improv/Calls  Closed  Difficulty  TimeLimit
                    'graph_arc_lns':           7/9     56%    7.85e-01       0.10
                    'graph_cst_lns':          4/10     60%    8.64e-01       0.10
                    'graph_dec_lns':           6/8     50%    7.00e-01       0.10
                    'graph_var_lns':          4/10     60%    8.64e-01       0.10
                     'lb_relax_lns':           5/5     40%    4.32e-01       0.50
                        'rins/rens':           7/9     56%    7.00e-01       0.10
                      'rnd_cst_lns':          5/11     64%    9.04e-01       0.10
                      'rnd_var_lns':          5/10     70%    9.26e-01       0.10
         'scheduling_intervals_lns':           4/4      0%    8.55e-02       0.10
       'scheduling_precedences_lns':           4/4      0%    8.55e-02       0.10
  'scheduling_resource_windows_lns':          7/10     30%    1.16e-01       0.10
       'scheduling_time_window_lns':           4/4      0%    8.55e-02       0.10

LS stats                                    Batches  Restarts/Perturbs  LinMoves  GenMoves  CompoundMoves  Bactracks  WeightUpdates  ScoreComputed
              'ls_decay_compound_perturb':       44                 38       226    76'331          3'604     24'561          6'262      8'851'907
                         'ls_lin_restart':       34                 34       189    37'424              0          0         30'181      7'013'237
                'ls_lin_restart_compound':       45                 43         0    93'038          5'948     43'513          1'187      8'343'480
        'ls_lin_restart_compound_perturb':       28                 28         0    73'249          4'309     34'443            964      6'454'649
                   'ls_lin_restart_decay':       38                 38       184    47'828              0          0          5'202      6'650'124
          'ls_lin_restart_decay_compound':       24                 23         0    56'967          3'355     26'785            644      5'296'423
  'ls_lin_restart_decay_compound_perturb':       39                 39         0    94'605          5'872     44'322          1'060      8'447'803
           'ls_lin_restart_decay_perturb':       43                 43       259    46'203              0          0          6'006      6'521'478
                 'ls_lin_restart_perturb':       29                 29       188    27'834              0          0         29'123      6'543'756
                             'ls_restart':       57                 57       302    65'224              0          0         42'194     11'633'767
                    'ls_restart_compound':       71                 71         0   169'630         10'740     79'391          2'084     15'682'695
            'ls_restart_compound_perturb':       53                 53         0   105'278          6'764     49'219          1'310      9'635'890
                       'ls_restart_decay':       68                 68       372    72'258              0          0          8'837     10'270'751
              'ls_restart_decay_compound':       54                 54         0   118'483          7'574     55'407          1'348     10'549'483
      'ls_restart_decay_compound_perturb':       54                 54         0   122'004          7'260     57'321          1'407     11'083'283
               'ls_restart_decay_perturb':       66                 66       388    72'804              0          0          9'231     10'520'930
                     'ls_restart_perturb':       56                 56       337    70'422              0          0         50'126     12'529'186

Solutions (144)                             Num       Rank
                                   'core':    1    [38,38]
                                  'fixed':    1      [5,5]
                     'lb_relax_lns_int_h':    2    [58,60]
                    'ls_compound_perturb':    1    [82,82]
                               'ls_decay':    1  [105,105]
                       'ls_decay_perturb':    2   [63,126]
                         'ls_lin_restart':    3   [48,125]
                'ls_lin_restart_compound':    9    [14,75]
        'ls_lin_restart_compound_perturb':    2   [43,136]
                   'ls_lin_restart_decay':    9   [18,140]
          'ls_lin_restart_decay_compound':    1    [26,26]
  'ls_lin_restart_decay_compound_perturb':    3    [17,86]
           'ls_lin_restart_decay_perturb':    7   [27,137]
                 'ls_lin_restart_perturb':    1  [135,135]
                             'ls_restart':    8   [35,142]
                    'ls_restart_compound':    4     [4,56]
            'ls_restart_compound_perturb':   12    [6,133]
                       'ls_restart_decay':   18   [15,129]
              'ls_restart_decay_compound':    7   [37,116]
      'ls_restart_decay_compound_perturb':    6    [8,123]
               'ls_restart_decay_perturb':   17   [16,131]
                     'ls_restart_perturb':    2    [12,13]
                                 'max_lp':    1  [115,115]
                                  'no_lp':    1      [1,1]
                    'objective_lb_search':    1    [34,34]
                          'probing_no_lp':    1  [143,143]
                          'quick_restart':    6     [2,98]
                    'quick_restart_no_lp':   12    [3,141]
                          'rins_pump_lns':    2  [100,144]
                            'rnd_cst_lns':    1    [59,59]
                            'rnd_var_lns':    1    [57,57]
        'scheduling_resource_windows_lns':    1  [112,112]

Objective bounds                 Num
                   'bool_core':  234
                  'default_lp':    1
              'initial_domain':    1
                      'max_lp':    2
  'objective_lb_search_max_lp':    6
   'objective_lb_search_no_lp':    2

Solution repositories    Added  Queried  Synchro
  'feasible solutions':    527      998      311
   'fj solution hints':      0        0        0
        'lp solutions':     60        5       60
                'pump':    126        6

Improving bounds shared            Num  Sym
                  'default_lp':    239    0
                       'fixed':    302    0
              'lb_tree_search':  1'261    0
                      'max_lp':  1'562    0
                       'no_lp':     72    0
         'objective_lb_search':     87    0
  'objective_lb_search_max_lp':  1'302    0
   'objective_lb_search_no_lp':    497    0
                     'probing':     93    0
              'probing_max_lp':      1    0
               'probing_no_lp':    922    0
                'pseudo_costs':  1'710    0
               'quick_restart':  1'286    0
         'quick_restart_no_lp':     89    0
               'reduced_costs':    230    0

CpSolverResponse summary:
status: OPTIMAL
objective: 22149
best_bound: 22113
integers: 0
booleans: 0
conflicts: 0
branches: 0
propagations: 0
integer_propagations: 0
restarts: 0
lp_iterations: 0
walltime: 1.0973
usertime: 1.0973
deterministic_time: 68.9455
gap_integral: 499.12
solution_fingerprint: 0xdf7882427d88021

