
Starting CP-SAT solver v9.14.6206
Parameters: max_time_in_seconds: 300 log_search_progress: true num_search_workers: 104 relative_gap_limit: 0.005

Initial optimization model '': (model_fingerprint: 0xf634d583efd595ee)
#Variables: 382 (#ints: 54 in objective) (328 primary variables)
  - 54 in [0,39939]
  - 28 in [27360,39939]
  - 300 in [28800,39939]
#kInterval: 167 (#fixed: 3)
#kLinMax: 54 (#expressions: 108)
#kLinear1: 20
#kLinear2: 144
#kNoOverlap: 10 (#intervals: 167, #fixed_intervals: 3)

Starting presolve at 0.00s
  5.85e-05s  0.00e+00d  [DetectDominanceRelations] 
  1.51e-03s  0.00e+00d  [PresolveToFixPoint] #num_loops=10 #num_dual_strengthening=1 
  2.01e-06s  0.00e+00d  [ExtractEncodingFromLinear] 
  1.11e-05s  0.00e+00d  [DetectDuplicateColumns] 
  5.30e-05s  0.00e+00d  [DetectDuplicateConstraints] 
[Symmetry] Graph for symmetry has 944 nodes and 921 arcs.
[Symmetry] Symmetry computation done. time: 6.7607e-05 dtime: 9.768e-05
  5.10e-05s  0.00e+00d  [DetectDuplicateConstraintsWithDifferentEnforcements] 
  4.14e-04s  7.00e-06d  [Probe] #new_bounds=41 
  1.79e-06s  0.00e+00d  [MaxClique] 
  5.46e-05s  0.00e+00d  [DetectDominanceRelations] 
  4.48e-04s  0.00e+00d  [PresolveToFixPoint] #num_loops=3 #num_dual_strengthening=2 
  2.41e-05s  0.00e+00d  [ProcessAtMostOneAndLinear] 
  4.86e-05s  0.00e+00d  [DetectDuplicateConstraints] 
  5.02e-05s  0.00e+00d  [DetectDuplicateConstraintsWithDifferentEnforcements] 
  2.17e-05s  1.10e-06d  [DetectDominatedLinearConstraints] #relevant_constraints=184 
  2.40e-05s  0.00e+00d  [DetectDifferentVariables] 
  1.81e-06s  0.00e+00d  [ProcessSetPPC] 
  2.03e-06s  0.00e+00d  [FindAlmostIdenticalLinearConstraints] 
  8.48e-06s  0.00e+00d  [FindBigAtMostOneAndLinearOverlap] 
  1.38e-05s  6.72e-06d  [FindBigVerticalLinearOverlap] 
  1.52e-06s  0.00e+00d  [FindBigHorizontalLinearOverlap] 
  1.44e-06s  0.00e+00d  [MergeClauses] 
  5.05e-05s  0.00e+00d  [DetectDominanceRelations] 
  2.91e-04s  0.00e+00d  [PresolveToFixPoint] #num_loops=1 #num_dual_strengthening=1 
  4.77e-05s  0.00e+00d  [DetectDominanceRelations] 
  2.85e-04s  0.00e+00d  [PresolveToFixPoint] #num_loops=1 #num_dual_strengthening=1 
  1.01e-05s  0.00e+00d  [DetectDuplicateColumns] 
  4.73e-05s  0.00e+00d  [DetectDuplicateConstraints] 
[Symmetry] Graph for symmetry has 941 nodes and 919 arcs.
[Symmetry] Symmetry computation done. time: 5.9524e-05 dtime: 9.746e-05
  4.86e-05s  0.00e+00d  [DetectDuplicateConstraintsWithDifferentEnforcements] 
  3.54e-04s  2.04e-06d  [Probe] 
  1.30e-06s  0.00e+00d  [MaxClique] 
  5.38e-05s  0.00e+00d  [DetectDominanceRelations] 
  3.27e-04s  0.00e+00d  [PresolveToFixPoint] #num_loops=1 #num_dual_strengthening=1 
  2.33e-05s  0.00e+00d  [ProcessAtMostOneAndLinear] 
  4.73e-05s  0.00e+00d  [DetectDuplicateConstraints] 
  4.62e-05s  0.00e+00d  [DetectDuplicateConstraintsWithDifferentEnforcements] 
  2.10e-05s  1.10e-06d  [DetectDominatedLinearConstraints] #relevant_constraints=184 
  2.31e-05s  0.00e+00d  [DetectDifferentVariables] 
  1.68e-06s  0.00e+00d  [ProcessSetPPC] 
  1.92e-06s  0.00e+00d  [FindAlmostIdenticalLinearConstraints] 
  8.62e-06s  0.00e+00d  [FindBigAtMostOneAndLinearOverlap] 
  1.37e-05s  6.72e-06d  [FindBigVerticalLinearOverlap] 
  1.49e-06s  0.00e+00d  [FindBigHorizontalLinearOverlap] 
  1.20e-06s  0.00e+00d  [MergeClauses] 
  4.97e-05s  0.00e+00d  [DetectDominanceRelations] 
  2.92e-04s  0.00e+00d  [PresolveToFixPoint] #num_loops=1 #num_dual_strengthening=1 
  1.31e-05s  0.00e+00d  [ExpandObjective] 

Presolve summary:
  - 167 affine relations were detected.
  - rule 'TODO dual: only one blocking constraint?' was applied 476 times.
  - rule 'TODO dual: only one unspecified blocking constraint?' was applied 280 times.
  - rule 'affine: new relation' was applied 167 times.
  - rule 'dual: reduced domain' was applied 5 times.
  - rule 'intervals: removed unused interval' was applied 3 times.
  - rule 'lin_max: converted abs to equality' was applied 3 times.
  - rule 'lin_max: propagate domain from x to abs(x)' was applied 24 times.
  - rule 'lin_max: rewrite with precedences' was applied 40 times.
  - rule 'lin_max: target domain reduced' was applied 40 times.
  - rule 'linear1: x in domain' was applied 13 times.
  - rule 'linear: always true' was applied 47 times.
  - rule 'linear: reduced variable domains' was applied 869 times.
  - rule 'linear: remapped using affine relations' was applied 354 times.
  - rule 'no_overlap: split into disjoint components' was applied 3 times.
  - rule 'presolve: 0 unused variables removed.' was applied 1 time.
  - rule 'presolve: iteration' was applied 2 times.

Presolved optimization model '': (model_fingerprint: 0x6524c049c9cd7660)
#Variables: 215 (#ints: 54 in objective) (164 primary variables)
  - 190 different domains in [0,39918] with a largest complexity of 1.
#kInterval: 164
#kLinMax: 11 (#expressions: 22)
#kLinear2: 184
#kNoOverlap: 10 (#intervals: 164)
[Symmetry] Graph for symmetry has 774 nodes and 919 arcs.
[Symmetry] Symmetry computation done. time: 5.2374e-05 dtime: 8.744e-05

Preloading model.
#Bound   0.01s best:inf   next:[1500,2396753] initial_domain
#Model   0.01s var:215/215 constraints:369/369

Starting search at 0.01s with 104 workers.
18 full problem subsolvers: [core, default_lp, fixed, lb_tree_search, max_lp, no_lp, objective_lb_search, objective_lb_search_max_lp, objective_lb_search_no_lp, objective_shaving_max_lp, objective_shaving_no_lp, probing, probing_max_lp, probing_no_lp, pseudo_costs, quick_restart, quick_restart_no_lp, reduced_costs]
86 first solution subsolvers: [fj(25), fj_lin(12), fs_random(12), fs_random_no_lp(13), fs_random_quick_restart(12), fs_random_quick_restart_no_lp(12)]
45 interleaved subsolvers: [feasibility_pump, graph_arc_lns, graph_cst_lns, graph_dec_lns, graph_var_lns, lb_relax_lns, ls(19), ls_lin(10), rins/rens, rnd_cst_lns, rnd_var_lns, scheduling_intervals_lns, scheduling_precedences_lns, scheduling_resource_windows_lns, scheduling_time_window_lns, variables_shaving, variables_shaving_max_lp, variables_shaving_no_lp]
3 helper subsolvers: [neighborhood_helper, synchronization_agent, update_gap_integral]

#1       0.01s best:50002 next:[1500,50001] no_lp
#Bound   0.01s best:50002 next:[1512,50001] bool_core (num_cores=1 [size:2 mw:12 d:1] a=53 d=1 fixed=0/54 clauses=0)
#Bound   0.01s best:50002 next:[1524,50001] bool_core (num_cores=1 [cover] a=53 d=1 fixed=0/57 clauses=1)
#Bound   0.01s best:50002 next:[1536,50001] bool_core (num_cores=1 [cover] a=53 d=1 fixed=1/60 clauses=3)
#Bound   0.01s best:50002 next:[1548,50001] bool_core (num_cores=1 [cover] a=53 d=1 fixed=2/63 clauses=6)
#Bound   0.01s best:50002 next:[1560,50001] bool_core (num_cores=1 [cover] a=53 d=1 fixed=3/66 clauses=10)
#Bound   0.01s best:50002 next:[1572,50001] bool_core (num_cores=1 [cover] a=53 d=1 fixed=4/69 clauses=15)
#Bound   0.01s best:50002 next:[1584,50001] bool_core (num_cores=1 [cover] a=53 d=1 fixed=5/72 clauses=21)
#Bound   0.01s best:50002 next:[1596,50001] bool_core (num_cores=1 [cover] a=53 d=1 fixed=6/75 clauses=28)
#Bound   0.01s best:50002 next:[1608,50001] bool_core (num_cores=1 [cover] a=53 d=1 fixed=7/78 clauses=36)
#Bound   0.01s best:50002 next:[1620,50001] bool_core (num_cores=1 [cover] a=53 d=1 fixed=8/81 clauses=45)
#Bound   0.01s best:50002 next:[1632,50001] bool_core (num_cores=1 [cover] a=53 d=1 fixed=9/84 clauses=55)
#Bound   0.01s best:50002 next:[1644,50001] bool_core (num_cores=1 [cover] a=53 d=1 fixed=10/87 clauses=66)
#Bound   0.01s best:50002 next:[1656,50001] bool_core (num_cores=1 [cover] a=53 d=1 fixed=11/90 clauses=78)
#Bound   0.01s best:50002 next:[1668,50001] bool_core (num_cores=1 [cover] a=53 d=1 fixed=12/93 clauses=91)
#Bound   0.01s best:50002 next:[1680,50001] bool_core (num_cores=1 [cover] a=53 d=1 fixed=13/96 clauses=105)
#Bound   0.01s best:50002 next:[1692,50001] bool_core (num_cores=1 [cover] a=53 d=1 fixed=14/99 clauses=120)
#Bound   0.01s best:50002 next:[1704,50001] bool_core (num_cores=1 [cover] a=53 d=1 fixed=15/102 clauses=136)
#2       0.02s best:49918 next:[1704,49917] default_lp
#3       0.02s best:28613 next:[1704,28612] no_lp
#Bound   0.02s best:28613 next:[1716,28612] bool_core (num_cores=2 [size:2 mw:12 d:2] a=52 d=2 fixed=16/105 clauses=0)
#Bound   0.02s best:28613 next:[1728,28612] bool_core (num_cores=2 [cover] a=52 d=2 fixed=16/110 clauses=19)
#Bound   0.02s best:28613 next:[1740,28612] bool_core (num_cores=2 [cover] a=52 d=2 fixed=17/115 clauses=40)
#4       0.02s best:6551  next:[1992,6550] objective_lb_search
#5       0.02s best:2471  next:[2112,2470] objective_lb_search_no_lp
#6       0.03s best:2459  next:[2112,2458] ls_restart_perturb(batch:1 lin{mvs:3 evals:53} gen{mvs:52 evals:219} #w_updates:29 #perturb:0)
#7       0.03s best:2447  next:[2112,2446] ls_restart(batch:1 lin{mvs:3 evals:46} gen{mvs:36 evals:149} #w_updates:22 #perturb:0)
#8       0.03s best:2435  next:[2112,2434] ls_restart_compound(batch:1 lin{mvs:0 evals:286} gen{mvs:600 evals:1'196} comp{mvs:36 btracks:282} #w_updates:13 #perturb:0)
#9       0.03s best:2411  next:[2112,2410] ls_lin_restart_decay(batch:1 lin{mvs:3 evals:12} #w_updates:0 #perturb:0)
#10      0.03s best:2410  next:[2203,2409] quick_restart
#11      0.04s best:2409  next:[2389,2408] quick_restart
Relative gap limit of 0.005 reached.
#Bound   0.04s best:2409  next:[2399,2408] objective_lb_search_no_lp [skipped_logs=51]

Task timing                                  n [     min,      max]      avg      dev     time         n [     min,      max]      avg      dev    dtime
                             'core':         1 [ 30.43ms,  30.43ms]  30.43ms   0.00ns  30.43ms         1 [ 16.99ms,  16.99ms]  16.99ms   0.00ns  16.99ms
                       'default_lp':         1 [ 27.57ms,  27.57ms]  27.57ms   0.00ns  27.57ms         0 [  0.00ns,   0.00ns]   0.00ns   0.00ns   0.00ns
                 'feasibility_pump':         1 [725.51us, 725.51us] 725.51us   0.00ns 725.51us         0 [  0.00ns,   0.00ns]   0.00ns   0.00ns   0.00ns
                            'fixed':         1 [ 27.38ms,  27.38ms]  27.38ms   0.00ns  27.38ms         1 [  4.40ms,   4.40ms]   4.40ms   0.00ns   4.40ms
                               'fj':         0 [  0.00ns,   0.00ns]   0.00ns   0.00ns   0.00ns         0 [  0.00ns,   0.00ns]   0.00ns   0.00ns   0.00ns
                               'fj':         0 [  0.00ns,   0.00ns]   0.00ns   0.00ns   0.00ns         0 [  0.00ns,   0.00ns]   0.00ns   0.00ns   0.00ns
                               'fj':         0 [  0.00ns,   0.00ns]   0.00ns   0.00ns   0.00ns         0 [  0.00ns,   0.00ns]   0.00ns   0.00ns   0.00ns
                               'fj':         0 [  0.00ns,   0.00ns]   0.00ns   0.00ns   0.00ns         0 [  0.00ns,   0.00ns]   0.00ns   0.00ns   0.00ns
                               'fj':         0 [  0.00ns,   0.00ns]   0.00ns   0.00ns   0.00ns         0 [  0.00ns,   0.00ns]   0.00ns   0.00ns   0.00ns
                               'fj':         0 [  0.00ns,   0.00ns]   0.00ns   0.00ns   0.00ns         0 [  0.00ns,   0.00ns]   0.00ns   0.00ns   0.00ns
                               'fj':         0 [  0.00ns,   0.00ns]   0.00ns   0.00ns   0.00ns         0 [  0.00ns,   0.00ns]   0.00ns   0.00ns   0.00ns
                               'fj':         0 [  0.00ns,   0.00ns]   0.00ns   0.00ns   0.00ns         0 [  0.00ns,   0.00ns]   0.00ns   0.00ns   0.00ns
                               'fj':         0 [  0.00ns,   0.00ns]   0.00ns   0.00ns   0.00ns         0 [  0.00ns,   0.00ns]   0.00ns   0.00ns   0.00ns
                               'fj':         0 [  0.00ns,   0.00ns]   0.00ns   0.00ns   0.00ns         0 [  0.00ns,   0.00ns]   0.00ns   0.00ns   0.00ns
                               'fj':         0 [  0.00ns,   0.00ns]   0.00ns   0.00ns   0.00ns         0 [  0.00ns,   0.00ns]   0.00ns   0.00ns   0.00ns
                               'fj':         0 [  0.00ns,   0.00ns]   0.00ns   0.00ns   0.00ns         0 [  0.00ns,   0.00ns]   0.00ns   0.00ns   0.00ns
                               'fj':         0 [  0.00ns,   0.00ns]   0.00ns   0.00ns   0.00ns         0 [  0.00ns,   0.00ns]   0.00ns   0.00ns   0.00ns
                               'fj':         0 [  0.00ns,   0.00ns]   0.00ns   0.00ns   0.00ns         0 [  0.00ns,   0.00ns]   0.00ns   0.00ns   0.00ns
                               'fj':         0 [  0.00ns,   0.00ns]   0.00ns   0.00ns   0.00ns         0 [  0.00ns,   0.00ns]   0.00ns   0.00ns   0.00ns
                               'fj':         0 [  0.00ns,   0.00ns]   0.00ns   0.00ns   0.00ns         0 [  0.00ns,   0.00ns]   0.00ns   0.00ns   0.00ns
                               'fj':         0 [  0.00ns,   0.00ns]   0.00ns   0.00ns   0.00ns         0 [  0.00ns,   0.00ns]   0.00ns   0.00ns   0.00ns
                               'fj':         0 [  0.00ns,   0.00ns]   0.00ns   0.00ns   0.00ns         0 [  0.00ns,   0.00ns]   0.00ns   0.00ns   0.00ns
                               'fj':         0 [  0.00ns,   0.00ns]   0.00ns   0.00ns   0.00ns         0 [  0.00ns,   0.00ns]   0.00ns   0.00ns   0.00ns
                               'fj':         0 [  0.00ns,   0.00ns]   0.00ns   0.00ns   0.00ns         0 [  0.00ns,   0.00ns]   0.00ns   0.00ns   0.00ns
                               'fj':         0 [  0.00ns,   0.00ns]   0.00ns   0.00ns   0.00ns         0 [  0.00ns,   0.00ns]   0.00ns   0.00ns   0.00ns
                               'fj':         0 [  0.00ns,   0.00ns]   0.00ns   0.00ns   0.00ns         0 [  0.00ns,   0.00ns]   0.00ns   0.00ns   0.00ns
                               'fj':         0 [  0.00ns,   0.00ns]   0.00ns   0.00ns   0.00ns         0 [  0.00ns,   0.00ns]   0.00ns   0.00ns   0.00ns
                               'fj':         0 [  0.00ns,   0.00ns]   0.00ns   0.00ns   0.00ns         0 [  0.00ns,   0.00ns]   0.00ns   0.00ns   0.00ns
                               'fj':         0 [  0.00ns,   0.00ns]   0.00ns   0.00ns   0.00ns         0 [  0.00ns,   0.00ns]   0.00ns   0.00ns   0.00ns
                           'fj_lin':         0 [  0.00ns,   0.00ns]   0.00ns   0.00ns   0.00ns         0 [  0.00ns,   0.00ns]   0.00ns   0.00ns   0.00ns
                           'fj_lin':         0 [  0.00ns,   0.00ns]   0.00ns   0.00ns   0.00ns         0 [  0.00ns,   0.00ns]   0.00ns   0.00ns   0.00ns
                           'fj_lin':         0 [  0.00ns,   0.00ns]   0.00ns   0.00ns   0.00ns         0 [  0.00ns,   0.00ns]   0.00ns   0.00ns   0.00ns
                           'fj_lin':         0 [  0.00ns,   0.00ns]   0.00ns   0.00ns   0.00ns         0 [  0.00ns,   0.00ns]   0.00ns   0.00ns   0.00ns
                           'fj_lin':         0 [  0.00ns,   0.00ns]   0.00ns   0.00ns   0.00ns         0 [  0.00ns,   0.00ns]   0.00ns   0.00ns   0.00ns
                           'fj_lin':         0 [  0.00ns,   0.00ns]   0.00ns   0.00ns   0.00ns         0 [  0.00ns,   0.00ns]   0.00ns   0.00ns   0.00ns
                           'fj_lin':         0 [  0.00ns,   0.00ns]   0.00ns   0.00ns   0.00ns         0 [  0.00ns,   0.00ns]   0.00ns   0.00ns   0.00ns
                           'fj_lin':         0 [  0.00ns,   0.00ns]   0.00ns   0.00ns   0.00ns         0 [  0.00ns,   0.00ns]   0.00ns   0.00ns   0.00ns
                           'fj_lin':         0 [  0.00ns,   0.00ns]   0.00ns   0.00ns   0.00ns         0 [  0.00ns,   0.00ns]   0.00ns   0.00ns   0.00ns
                           'fj_lin':         0 [  0.00ns,   0.00ns]   0.00ns   0.00ns   0.00ns         0 [  0.00ns,   0.00ns]   0.00ns   0.00ns   0.00ns
                           'fj_lin':         0 [  0.00ns,   0.00ns]   0.00ns   0.00ns   0.00ns         0 [  0.00ns,   0.00ns]   0.00ns   0.00ns   0.00ns
                           'fj_lin':         0 [  0.00ns,   0.00ns]   0.00ns   0.00ns   0.00ns         0 [  0.00ns,   0.00ns]   0.00ns   0.00ns   0.00ns
                        'fs_random':         0 [  0.00ns,   0.00ns]   0.00ns   0.00ns   0.00ns         0 [  0.00ns,   0.00ns]   0.00ns   0.00ns   0.00ns
                        'fs_random':         0 [  0.00ns,   0.00ns]   0.00ns   0.00ns   0.00ns         0 [  0.00ns,   0.00ns]   0.00ns   0.00ns   0.00ns
                        'fs_random':         0 [  0.00ns,   0.00ns]   0.00ns   0.00ns   0.00ns         0 [  0.00ns,   0.00ns]   0.00ns   0.00ns   0.00ns
                        'fs_random':         0 [  0.00ns,   0.00ns]   0.00ns   0.00ns   0.00ns         0 [  0.00ns,   0.00ns]   0.00ns   0.00ns   0.00ns
                        'fs_random':         0 [  0.00ns,   0.00ns]   0.00ns   0.00ns   0.00ns         0 [  0.00ns,   0.00ns]   0.00ns   0.00ns   0.00ns
                        'fs_random':         0 [  0.00ns,   0.00ns]   0.00ns   0.00ns   0.00ns         0 [  0.00ns,   0.00ns]   0.00ns   0.00ns   0.00ns
                        'fs_random':         0 [  0.00ns,   0.00ns]   0.00ns   0.00ns   0.00ns         0 [  0.00ns,   0.00ns]   0.00ns   0.00ns   0.00ns
                        'fs_random':         0 [  0.00ns,   0.00ns]   0.00ns   0.00ns   0.00ns         0 [  0.00ns,   0.00ns]   0.00ns   0.00ns   0.00ns
                        'fs_random':         0 [  0.00ns,   0.00ns]   0.00ns   0.00ns   0.00ns         0 [  0.00ns,   0.00ns]   0.00ns   0.00ns   0.00ns
                        'fs_random':         0 [  0.00ns,   0.00ns]   0.00ns   0.00ns   0.00ns         0 [  0.00ns,   0.00ns]   0.00ns   0.00ns   0.00ns
                        'fs_random':         0 [  0.00ns,   0.00ns]   0.00ns   0.00ns   0.00ns         0 [  0.00ns,   0.00ns]   0.00ns   0.00ns   0.00ns
                        'fs_random':         0 [  0.00ns,   0.00ns]   0.00ns   0.00ns   0.00ns         0 [  0.00ns,   0.00ns]   0.00ns   0.00ns   0.00ns
                  'fs_random_no_lp':         0 [  0.00ns,   0.00ns]   0.00ns   0.00ns   0.00ns         0 [  0.00ns,   0.00ns]   0.00ns   0.00ns   0.00ns
                  'fs_random_no_lp':         0 [  0.00ns,   0.00ns]   0.00ns   0.00ns   0.00ns         0 [  0.00ns,   0.00ns]   0.00ns   0.00ns   0.00ns
                  'fs_random_no_lp':         0 [  0.00ns,   0.00ns]   0.00ns   0.00ns   0.00ns         0 [  0.00ns,   0.00ns]   0.00ns   0.00ns   0.00ns
                  'fs_random_no_lp':         0 [  0.00ns,   0.00ns]   0.00ns   0.00ns   0.00ns         0 [  0.00ns,   0.00ns]   0.00ns   0.00ns   0.00ns
                  'fs_random_no_lp':         0 [  0.00ns,   0.00ns]   0.00ns   0.00ns   0.00ns         0 [  0.00ns,   0.00ns]   0.00ns   0.00ns   0.00ns
                  'fs_random_no_lp':         0 [  0.00ns,   0.00ns]   0.00ns   0.00ns   0.00ns         0 [  0.00ns,   0.00ns]   0.00ns   0.00ns   0.00ns
                  'fs_random_no_lp':         0 [  0.00ns,   0.00ns]   0.00ns   0.00ns   0.00ns         0 [  0.00ns,   0.00ns]   0.00ns   0.00ns   0.00ns
                  'fs_random_no_lp':         0 [  0.00ns,   0.00ns]   0.00ns   0.00ns   0.00ns         0 [  0.00ns,   0.00ns]   0.00ns   0.00ns   0.00ns
                  'fs_random_no_lp':         0 [  0.00ns,   0.00ns]   0.00ns   0.00ns   0.00ns         0 [  0.00ns,   0.00ns]   0.00ns   0.00ns   0.00ns
                  'fs_random_no_lp':         0 [  0.00ns,   0.00ns]   0.00ns   0.00ns   0.00ns         0 [  0.00ns,   0.00ns]   0.00ns   0.00ns   0.00ns
                  'fs_random_no_lp':         0 [  0.00ns,   0.00ns]   0.00ns   0.00ns   0.00ns         0 [  0.00ns,   0.00ns]   0.00ns   0.00ns   0.00ns
                  'fs_random_no_lp':         0 [  0.00ns,   0.00ns]   0.00ns   0.00ns   0.00ns         0 [  0.00ns,   0.00ns]   0.00ns   0.00ns   0.00ns
                  'fs_random_no_lp':         0 [  0.00ns,   0.00ns]   0.00ns   0.00ns   0.00ns         0 [  0.00ns,   0.00ns]   0.00ns   0.00ns   0.00ns
          'fs_random_quick_restart':         0 [  0.00ns,   0.00ns]   0.00ns   0.00ns   0.00ns         0 [  0.00ns,   0.00ns]   0.00ns   0.00ns   0.00ns
          'fs_random_quick_restart':         0 [  0.00ns,   0.00ns]   0.00ns   0.00ns   0.00ns         0 [  0.00ns,   0.00ns]   0.00ns   0.00ns   0.00ns
          'fs_random_quick_restart':         0 [  0.00ns,   0.00ns]   0.00ns   0.00ns   0.00ns         0 [  0.00ns,   0.00ns]   0.00ns   0.00ns   0.00ns
          'fs_random_quick_restart':         0 [  0.00ns,   0.00ns]   0.00ns   0.00ns   0.00ns         0 [  0.00ns,   0.00ns]   0.00ns   0.00ns   0.00ns
          'fs_random_quick_restart':         0 [  0.00ns,   0.00ns]   0.00ns   0.00ns   0.00ns         0 [  0.00ns,   0.00ns]   0.00ns   0.00ns   0.00ns
          'fs_random_quick_restart':         0 [  0.00ns,   0.00ns]   0.00ns   0.00ns   0.00ns         0 [  0.00ns,   0.00ns]   0.00ns   0.00ns   0.00ns
          'fs_random_quick_restart':         0 [  0.00ns,   0.00ns]   0.00ns   0.00ns   0.00ns         0 [  0.00ns,   0.00ns]   0.00ns   0.00ns   0.00ns
          'fs_random_quick_restart':         0 [  0.00ns,   0.00ns]   0.00ns   0.00ns   0.00ns         0 [  0.00ns,   0.00ns]   0.00ns   0.00ns   0.00ns
          'fs_random_quick_restart':         0 [  0.00ns,   0.00ns]   0.00ns   0.00ns   0.00ns         0 [  0.00ns,   0.00ns]   0.00ns   0.00ns   0.00ns
          'fs_random_quick_restart':         0 [  0.00ns,   0.00ns]   0.00ns   0.00ns   0.00ns         0 [  0.00ns,   0.00ns]   0.00ns   0.00ns   0.00ns
          'fs_random_quick_restart':         0 [  0.00ns,   0.00ns]   0.00ns   0.00ns   0.00ns         0 [  0.00ns,   0.00ns]   0.00ns   0.00ns   0.00ns
          'fs_random_quick_restart':         0 [  0.00ns,   0.00ns]   0.00ns   0.00ns   0.00ns         0 [  0.00ns,   0.00ns]   0.00ns   0.00ns   0.00ns
    'fs_random_quick_restart_no_lp':         0 [  0.00ns,   0.00ns]   0.00ns   0.00ns   0.00ns         0 [  0.00ns,   0.00ns]   0.00ns   0.00ns   0.00ns
    'fs_random_quick_restart_no_lp':         0 [  0.00ns,   0.00ns]   0.00ns   0.00ns   0.00ns         0 [  0.00ns,   0.00ns]   0.00ns   0.00ns   0.00ns
    'fs_random_quick_restart_no_lp':         0 [  0.00ns,   0.00ns]   0.00ns   0.00ns   0.00ns         0 [  0.00ns,   0.00ns]   0.00ns   0.00ns   0.00ns
    'fs_random_quick_restart_no_lp':         0 [  0.00ns,   0.00ns]   0.00ns   0.00ns   0.00ns         0 [  0.00ns,   0.00ns]   0.00ns   0.00ns   0.00ns
    'fs_random_quick_restart_no_lp':         0 [  0.00ns,   0.00ns]   0.00ns   0.00ns   0.00ns         0 [  0.00ns,   0.00ns]   0.00ns   0.00ns   0.00ns
    'fs_random_quick_restart_no_lp':         0 [  0.00ns,   0.00ns]   0.00ns   0.00ns   0.00ns         0 [  0.00ns,   0.00ns]   0.00ns   0.00ns   0.00ns
    'fs_random_quick_restart_no_lp':         0 [  0.00ns,   0.00ns]   0.00ns   0.00ns   0.00ns         0 [  0.00ns,   0.00ns]   0.00ns   0.00ns   0.00ns
    'fs_random_quick_restart_no_lp':         0 [  0.00ns,   0.00ns]   0.00ns   0.00ns   0.00ns         0 [  0.00ns,   0.00ns]   0.00ns   0.00ns   0.00ns
    'fs_random_quick_restart_no_lp':         0 [  0.00ns,   0.00ns]   0.00ns   0.00ns   0.00ns         0 [  0.00ns,   0.00ns]   0.00ns   0.00ns   0.00ns
    'fs_random_quick_restart_no_lp':         0 [  0.00ns,   0.00ns]   0.00ns   0.00ns   0.00ns         0 [  0.00ns,   0.00ns]   0.00ns   0.00ns   0.00ns
    'fs_random_quick_restart_no_lp':         0 [  0.00ns,   0.00ns]   0.00ns   0.00ns   0.00ns         0 [  0.00ns,   0.00ns]   0.00ns   0.00ns   0.00ns
    'fs_random_quick_restart_no_lp':         0 [  0.00ns,   0.00ns]   0.00ns   0.00ns   0.00ns         0 [  0.00ns,   0.00ns]   0.00ns   0.00ns   0.00ns
                    'graph_arc_lns':         1 [ 18.37ms,  18.37ms]  18.37ms   0.00ns  18.37ms         1 [  2.89ms,   2.89ms]   2.89ms   0.00ns   2.89ms
                    'graph_cst_lns':         2 [  3.35ms,   4.40ms]   3.88ms 525.84us   7.76ms         1 [ 33.27us,  33.27us]  33.27us   0.00ns  33.27us
                    'graph_dec_lns':         2 [  3.15ms,   4.05ms]   3.60ms 450.95us   7.19ms         1 [ 28.61us,  28.61us]  28.61us   0.00ns  28.61us
                    'graph_var_lns':         2 [  4.46ms,   4.90ms]   4.68ms 220.45us   9.36ms         1 [217.13us, 217.13us] 217.13us   0.00ns 217.13us
                     'lb_relax_lns':         2 [ 77.15us,   9.31ms]   4.69ms   4.62ms   9.39ms         1 [780.51us, 780.51us] 780.51us   0.00ns 780.51us
                   'lb_tree_search':         1 [ 29.50ms,  29.50ms]  29.50ms   0.00ns  29.50ms         0 [  0.00ns,   0.00ns]   0.00ns   0.00ns   0.00ns
                               'ls':         1 [  1.86ms,   1.86ms]   1.86ms   0.00ns   1.86ms         1 [  2.00ms,   2.00ms]   2.00ms   0.00ns   2.00ms
                               'ls':         1 [  2.14ms,   2.14ms]   2.14ms   0.00ns   2.14ms         1 [  3.57ms,   3.57ms]   3.57ms   0.00ns   3.57ms
                               'ls':         1 [  3.11ms,   3.11ms]   3.11ms   0.00ns   3.11ms         1 [  3.20ms,   3.20ms]   3.20ms   0.00ns   3.20ms
                               'ls':         1 [  3.85ms,   3.85ms]   3.85ms   0.00ns   3.85ms         1 [  8.48ms,   8.48ms]   8.48ms   0.00ns   8.48ms
                               'ls':         1 [  5.87ms,   5.87ms]   5.87ms   0.00ns   5.87ms         1 [ 12.22ms,  12.22ms]  12.22ms   0.00ns  12.22ms
                               'ls':         1 [  6.65ms,   6.65ms]   6.65ms   0.00ns   6.65ms         1 [ 13.20ms,  13.20ms]  13.20ms   0.00ns  13.20ms
                               'ls':         1 [  7.16ms,   7.16ms]   7.16ms   0.00ns   7.16ms         1 [ 12.41ms,  12.41ms]  12.41ms   0.00ns  12.41ms
                               'ls':         1 [ 11.96ms,  11.96ms]  11.96ms   0.00ns  11.96ms         1 [ 43.63ms,  43.63ms]  43.63ms   0.00ns  43.63ms
                               'ls':         1 [ 13.00ms,  13.00ms]  13.00ms   0.00ns  13.00ms         1 [ 19.52ms,  19.52ms]  19.52ms   0.00ns  19.52ms
                               'ls':         1 [ 14.49ms,  14.49ms]  14.49ms   0.00ns  14.49ms         1 [ 30.90ms,  30.90ms]  30.90ms   0.00ns  30.90ms
                               'ls':         1 [ 14.80ms,  14.80ms]  14.80ms   0.00ns  14.80ms         1 [ 30.30ms,  30.30ms]  30.30ms   0.00ns  30.30ms
                               'ls':         1 [ 15.06ms,  15.06ms]  15.06ms   0.00ns  15.06ms         1 [ 33.36ms,  33.36ms]  33.36ms   0.00ns  33.36ms
                               'ls':         1 [ 15.56ms,  15.56ms]  15.56ms   0.00ns  15.56ms         1 [ 29.05ms,  29.05ms]  29.05ms   0.00ns  29.05ms
                               'ls':         1 [ 18.57ms,  18.57ms]  18.57ms   0.00ns  18.57ms         1 [ 31.83ms,  31.83ms]  31.83ms   0.00ns  31.83ms
                               'ls':         1 [ 18.92ms,  18.92ms]  18.92ms   0.00ns  18.92ms         1 [ 60.09ms,  60.09ms]  60.09ms   0.00ns  60.09ms
                               'ls':         1 [358.30us, 358.30us] 358.30us   0.00ns 358.30us         0 [  0.00ns,   0.00ns]   0.00ns   0.00ns   0.00ns
                               'ls':         1 [571.30us, 571.30us] 571.30us   0.00ns 571.30us         0 [  0.00ns,   0.00ns]   0.00ns   0.00ns   0.00ns
                               'ls':         1 [725.02us, 725.02us] 725.02us   0.00ns 725.02us         1 [640.86us, 640.86us] 640.86us   0.00ns 640.86us
                               'ls':         1 [852.71us, 852.71us] 852.71us   0.00ns 852.71us         1 [384.05us, 384.05us] 384.05us   0.00ns 384.05us
                           'ls_lin':         1 [  9.25ms,   9.25ms]   9.25ms   0.00ns   9.25ms         1 [ 17.96ms,  17.96ms]  17.96ms   0.00ns  17.96ms
                           'ls_lin':         1 [  9.45ms,   9.45ms]   9.45ms   0.00ns   9.45ms         1 [ 25.51ms,  25.51ms]  25.51ms   0.00ns  25.51ms
                           'ls_lin':         1 [  9.65ms,   9.65ms]   9.65ms   0.00ns   9.65ms         1 [ 17.10ms,  17.10ms]  17.10ms   0.00ns  17.10ms
                           'ls_lin':         1 [ 10.17ms,  10.17ms]  10.17ms   0.00ns  10.17ms         1 [ 23.64ms,  23.64ms]  23.64ms   0.00ns  23.64ms
                           'ls_lin':         1 [ 10.32ms,  10.32ms]  10.32ms   0.00ns  10.32ms         1 [ 34.86ms,  34.86ms]  34.86ms   0.00ns  34.86ms
                           'ls_lin':         1 [ 12.97ms,  12.97ms]  12.97ms   0.00ns  12.97ms         1 [ 20.13ms,  20.13ms]  20.13ms   0.00ns  20.13ms
                           'ls_lin':         1 [479.44us, 479.44us] 479.44us   0.00ns 479.44us         0 [  0.00ns,   0.00ns]   0.00ns   0.00ns   0.00ns
                           'ls_lin':         1 [528.80us, 528.80us] 528.80us   0.00ns 528.80us         1 [  5.72us,   5.72us]   5.72us   0.00ns   5.72us
                           'ls_lin':         1 [686.32us, 686.32us] 686.32us   0.00ns 686.32us         1 [240.80us, 240.80us] 240.80us   0.00ns 240.80us
                           'ls_lin':         1 [714.11us, 714.11us] 714.11us   0.00ns 714.11us         1 [185.94us, 185.94us] 185.94us   0.00ns 185.94us
                           'max_lp':         1 [ 30.52ms,  30.52ms]  30.52ms   0.00ns  30.52ms         1 [  2.44ms,   2.44ms]   2.44ms   0.00ns   2.44ms
                            'no_lp':         1 [ 26.82ms,  26.82ms]  26.82ms   0.00ns  26.82ms         1 [  4.44ms,   4.44ms]   4.44ms   0.00ns   4.44ms
              'objective_lb_search':         1 [ 25.52ms,  25.52ms]  25.52ms   0.00ns  25.52ms         1 [  3.22ms,   3.22ms]   3.22ms   0.00ns   3.22ms
       'objective_lb_search_max_lp':         1 [ 23.18ms,  23.18ms]  23.18ms   0.00ns  23.18ms         0 [  0.00ns,   0.00ns]   0.00ns   0.00ns   0.00ns
        'objective_lb_search_no_lp':         1 [ 19.72ms,  19.72ms]  19.72ms   0.00ns  19.72ms         1 [  5.21ms,   5.21ms]   5.21ms   0.00ns   5.21ms
         'objective_shaving_max_lp':         2 [340.78us,   5.28ms]   2.81ms   2.47ms   5.62ms         1 [ 22.85us,  22.85us]  22.85us   0.00ns  22.85us
          'objective_shaving_no_lp':         2 [  3.68ms,   4.78ms]   4.23ms 550.34us   8.47ms         2 [ 35.12us,  94.82us]  64.97us  29.85us 129.94us
                          'probing':         1 [ 29.63ms,  29.63ms]  29.63ms   0.00ns  29.63ms         0 [  0.00ns,   0.00ns]   0.00ns   0.00ns   0.00ns
                   'probing_max_lp':         1 [ 28.75ms,  28.75ms]  28.75ms   0.00ns  28.75ms         0 [  0.00ns,   0.00ns]   0.00ns   0.00ns   0.00ns
                    'probing_no_lp':         1 [ 20.01ms,  20.01ms]  20.01ms   0.00ns  20.01ms         0 [  0.00ns,   0.00ns]   0.00ns   0.00ns   0.00ns
                     'pseudo_costs':         1 [ 26.04ms,  26.04ms]  26.04ms   0.00ns  26.04ms         0 [  0.00ns,   0.00ns]   0.00ns   0.00ns   0.00ns
                    'quick_restart':         1 [ 26.49ms,  26.49ms]  26.49ms   0.00ns  26.49ms         0 [  0.00ns,   0.00ns]   0.00ns   0.00ns   0.00ns
              'quick_restart_no_lp':         1 [ 26.08ms,  26.08ms]  26.08ms   0.00ns  26.08ms         1 [  4.23ms,   4.23ms]   4.23ms   0.00ns   4.23ms
                    'reduced_costs':         1 [ 30.00ms,  30.00ms]  30.00ms   0.00ns  30.00ms         0 [  0.00ns,   0.00ns]   0.00ns   0.00ns   0.00ns
                        'rins/rens':         0 [  0.00ns,   0.00ns]   0.00ns   0.00ns   0.00ns         0 [  0.00ns,   0.00ns]   0.00ns   0.00ns   0.00ns
                      'rnd_cst_lns':         2 [  4.20ms,   4.25ms]   4.23ms  28.04us   8.45ms         1 [ 90.09us,  90.09us]  90.09us   0.00ns  90.09us
                      'rnd_var_lns':         1 [ 18.76ms,  18.76ms]  18.76ms   0.00ns  18.76ms         1 [  2.71ms,   2.71ms]   2.71ms   0.00ns   2.71ms
         'scheduling_intervals_lns':         1 [ 20.54ms,  20.54ms]  20.54ms   0.00ns  20.54ms         1 [957.38us, 957.38us] 957.38us   0.00ns 957.38us
       'scheduling_precedences_lns':         1 [ 20.16ms,  20.16ms]  20.16ms   0.00ns  20.16ms         1 [876.54us, 876.54us] 876.54us   0.00ns 876.54us
  'scheduling_resource_windows_lns':         1 [ 20.30ms,  20.30ms]  20.30ms   0.00ns  20.30ms         1 [712.80us, 712.80us] 712.80us   0.00ns 712.80us
       'scheduling_time_window_lns':         1 [ 20.41ms,  20.41ms]  20.41ms   0.00ns  20.41ms         1 [752.09us, 752.09us] 752.09us   0.00ns 752.09us
                'variables_shaving':         2 [  4.76ms,   6.91ms]   5.83ms   1.07ms  11.67ms         2 [  5.90us, 370.23us] 188.06us 182.17us 376.12us
         'variables_shaving_max_lp':         1 [ 22.99ms,  22.99ms]  22.99ms   0.00ns  22.99ms         1 [339.74us, 339.74us] 339.74us   0.00ns 339.74us
          'variables_shaving_no_lp':         2 [  4.53ms,   9.78ms]   7.16ms   2.63ms  14.32ms         1 [408.07us, 408.07us] 408.07us   0.00ns 408.07us

Search stats                        Bools  Conflicts  Branches  Restarts  BoolPropag  IntegerPropag
                           'core':    309         83     2'289       792      76'275         27'269
                     'default_lp':    296         56       799       402       1'542         16'457
                          'fixed':    354          0     1'078       391       1'205         31'948
                      'fs_random':      0          0         0         0           0              0
                      'fs_random':      0          0         0         0           0              0
                      'fs_random':      0          0         0         0           0              0
                      'fs_random':      0          0         0         0           0              0
                      'fs_random':      0          0         0         0           0              0
                      'fs_random':      0          0         0         0           0              0
                      'fs_random':      0          0         0         0           0              0
                      'fs_random':      0          0         0         0           0              0
                      'fs_random':      0          0         0         0           0              0
                      'fs_random':      0          0         0         0           0              0
                      'fs_random':      0          0         0         0           0              0
                      'fs_random':      0          0         0         0           0              0
                'fs_random_no_lp':      0          0         0         0           0              0
                'fs_random_no_lp':      0          0         0         0           0              0
                'fs_random_no_lp':      0          0         0         0           0              0
                'fs_random_no_lp':      0          0         0         0           0              0
                'fs_random_no_lp':      0          0         0         0           0              0
                'fs_random_no_lp':      0          0         0         0           0              0
                'fs_random_no_lp':      0          0         0         0           0              0
                'fs_random_no_lp':      0          0         0         0           0              0
                'fs_random_no_lp':      0          0         0         0           0              0
                'fs_random_no_lp':      0          0         0         0           0              0
                'fs_random_no_lp':      0          0         0         0           0              0
                'fs_random_no_lp':      0          0         0         0           0              0
                'fs_random_no_lp':      0          0         0         0           0              0
        'fs_random_quick_restart':      0          0         0         0           0              0
        'fs_random_quick_restart':      0          0         0         0           0              0
        'fs_random_quick_restart':      0          0         0         0           0              0
        'fs_random_quick_restart':      0          0         0         0           0              0
        'fs_random_quick_restart':      0          0         0         0           0              0
        'fs_random_quick_restart':      0          0         0         0           0              0
        'fs_random_quick_restart':      0          0         0         0           0              0
        'fs_random_quick_restart':      0          0         0         0           0              0
        'fs_random_quick_restart':      0          0         0         0           0              0
        'fs_random_quick_restart':      0          0         0         0           0              0
        'fs_random_quick_restart':      0          0         0         0           0              0
        'fs_random_quick_restart':      0          0         0         0           0              0
  'fs_random_quick_restart_no_lp':      0          0         0         0           0              0
  'fs_random_quick_restart_no_lp':      0          0         0         0           0              0
  'fs_random_quick_restart_no_lp':      0          0         0         0           0              0
  'fs_random_quick_restart_no_lp':      0          0         0         0           0              0
  'fs_random_quick_restart_no_lp':      0          0         0         0           0              0
  'fs_random_quick_restart_no_lp':      0          0         0         0           0              0
  'fs_random_quick_restart_no_lp':      0          0         0         0           0              0
  'fs_random_quick_restart_no_lp':      0          0         0         0           0              0
  'fs_random_quick_restart_no_lp':      0          0         0         0           0              0
  'fs_random_quick_restart_no_lp':      0          0         0         0           0              0
  'fs_random_quick_restart_no_lp':      0          0         0         0           0              0
  'fs_random_quick_restart_no_lp':      0          0         0         0           0              0
                 'lb_tree_search':  1'267          0     1'462     1'462           0         10'696
                         'max_lp':      1          0         0         0           0            542
                          'no_lp':    329          3     1'187       405       1'479         33'288
            'objective_lb_search':    189         14       572       305         468         25'078
     'objective_lb_search_max_lp':  1'267          0       846       846           0          6'268
      'objective_lb_search_no_lp':    192         81       586       300         542         44'253
                        'probing':  1'267          0       854       854           0          6'331
                 'probing_max_lp':  1'267          0     1'232     1'232           0          8'965
                  'probing_no_lp':  1'267          0       642       642           0          4'663
                   'pseudo_costs':      1          0         0         0           0            489
                  'quick_restart':    600         11     1'317       407       1'818         19'562
            'quick_restart_no_lp':    271          0     1'096       402         604         32'730
                  'reduced_costs':  1'267          0       898       898           0          6'653

SAT stats                           ClassicMinim  LitRemoved  LitLearned  LitForgotten  Subsumed  MClauses  MDecisions  MLitTrue  MSubsumed  MLitRemoved  MReused
                           'core':             1           1          62             0         0       608       1'118         0         30           90       97
                     'default_lp':             0           0         476             0         0         0           0         0          0            0        0
                          'fixed':             0           0           0             0         0         0           0         0          0            0        0
                      'fs_random':             0           0           0             0         0         0           0         0          0            0        0
                      'fs_random':             0           0           0             0         0         0           0         0          0            0        0
                      'fs_random':             0           0           0             0         0         0           0         0          0            0        0
                      'fs_random':             0           0           0             0         0         0           0         0          0            0        0
                      'fs_random':             0           0           0             0         0         0           0         0          0            0        0
                      'fs_random':             0           0           0             0         0         0           0         0          0            0        0
                      'fs_random':             0           0           0             0         0         0           0         0          0            0        0
                      'fs_random':             0           0           0             0         0         0           0         0          0            0        0
                      'fs_random':             0           0           0             0         0         0           0         0          0            0        0
                      'fs_random':             0           0           0             0         0         0           0         0          0            0        0
                      'fs_random':             0           0           0             0         0         0           0         0          0            0        0
                      'fs_random':             0           0           0             0         0         0           0         0          0            0        0
                'fs_random_no_lp':             0           0           0             0         0         0           0         0          0            0        0
                'fs_random_no_lp':             0           0           0             0         0         0           0         0          0            0        0
                'fs_random_no_lp':             0           0           0             0         0         0           0         0          0            0        0
                'fs_random_no_lp':             0           0           0             0         0         0           0         0          0            0        0
                'fs_random_no_lp':             0           0           0             0         0         0           0         0          0            0        0
                'fs_random_no_lp':             0           0           0             0         0         0           0         0          0            0        0
                'fs_random_no_lp':             0           0           0             0         0         0           0         0          0            0        0
                'fs_random_no_lp':             0           0           0             0         0         0           0         0          0            0        0
                'fs_random_no_lp':             0           0           0             0         0         0           0         0          0            0        0
                'fs_random_no_lp':             0           0           0             0         0         0           0         0          0            0        0
                'fs_random_no_lp':             0           0           0             0         0         0           0         0          0            0        0
                'fs_random_no_lp':             0           0           0             0         0         0           0         0          0            0        0
                'fs_random_no_lp':             0           0           0             0         0         0           0         0          0            0        0
        'fs_random_quick_restart':             0           0           0             0         0         0           0         0          0            0        0
        'fs_random_quick_restart':             0           0           0             0         0         0           0         0          0            0        0
        'fs_random_quick_restart':             0           0           0             0         0         0           0         0          0            0        0
        'fs_random_quick_restart':             0           0           0             0         0         0           0         0          0            0        0
        'fs_random_quick_restart':             0           0           0             0         0         0           0         0          0            0        0
        'fs_random_quick_restart':             0           0           0             0         0         0           0         0          0            0        0
        'fs_random_quick_restart':             0           0           0             0         0         0           0         0          0            0        0
        'fs_random_quick_restart':             0           0           0             0         0         0           0         0          0            0        0
        'fs_random_quick_restart':             0           0           0             0         0         0           0         0          0            0        0
        'fs_random_quick_restart':             0           0           0             0         0         0           0         0          0            0        0
        'fs_random_quick_restart':             0           0           0             0         0         0           0         0          0            0        0
        'fs_random_quick_restart':             0           0           0             0         0         0           0         0          0            0        0
  'fs_random_quick_restart_no_lp':             0           0           0             0         0         0           0         0          0            0        0
  'fs_random_quick_restart_no_lp':             0           0           0             0         0         0           0         0          0            0        0
  'fs_random_quick_restart_no_lp':             0           0           0             0         0         0           0         0          0            0        0
  'fs_random_quick_restart_no_lp':             0           0           0             0         0         0           0         0          0            0        0
  'fs_random_quick_restart_no_lp':             0           0           0             0         0         0           0         0          0            0        0
  'fs_random_quick_restart_no_lp':             0           0           0             0         0         0           0         0          0            0        0
  'fs_random_quick_restart_no_lp':             0           0           0             0         0         0           0         0          0            0        0
  'fs_random_quick_restart_no_lp':             0           0           0             0         0         0           0         0          0            0        0
  'fs_random_quick_restart_no_lp':             0           0           0             0         0         0           0         0          0            0        0
  'fs_random_quick_restart_no_lp':             0           0           0             0         0         0           0         0          0            0        0
  'fs_random_quick_restart_no_lp':             0           0           0             0         0         0           0         0          0            0        0
  'fs_random_quick_restart_no_lp':             0           0           0             0         0         0           0         0          0            0        0
                 'lb_tree_search':             0           0           0             0         0         0           0         0          0            0        0
                         'max_lp':             0           0           0             0         0         0           0         0          0            0        0
                          'no_lp':             2           3          30             0         0         0           0         0          0            0        0
            'objective_lb_search':             0           0          39             0         0         8           7         0          0            0       17
     'objective_lb_search_max_lp':             0           0           0             0         0         0           0         0          0            0        0
      'objective_lb_search_no_lp':            29          31         147             0         0         0           0         0          0            0        0
                        'probing':             0           0           0             0         0         0           0         0          0            0        0
                 'probing_max_lp':             0           0           0             0         0         0           0         0          0            0        0
                  'probing_no_lp':             0           0           0             0         0         0           0         0          0            0        0
                   'pseudo_costs':             0           0           0             0         0         0           0         0          0            0        0
                  'quick_restart':             5          13         144             0         0         0           0         0          0            0        0
            'quick_restart_no_lp':             0           0           0             0         0         0           0         0          0            0        0
                  'reduced_costs':             0           0           0             0         0         0           0         0          0            0        0

Lp stats                         Component  Iterations  AddedCuts  OPTIMAL  DUAL_F.  DUAL_U.
                  'default_lp':         20          41          0      529        0        0
                       'fixed':         20          57          0      616        0        0
              'lb_tree_search':          1           0          0        0        0        0
                      'max_lp':          1         218        265       11        0        0
         'objective_lb_search':         20          37          0      468        0        0
  'objective_lb_search_max_lp':          1           0          0        0        0        0
                     'probing':         20           0          0        0        0        0
              'probing_max_lp':          1           0          0        0        0        0
                'pseudo_costs':          1         219        443       12        0        0
               'quick_restart':         20          84          0    1'141        0        0
               'reduced_costs':          1           0          0        0        0        0

Lp dimension                      Final dimension of first component
                  'default_lp':         2 rows, 5 columns, 4 entries
                       'fixed':         2 rows, 5 columns, 4 entries
              'lb_tree_search':   217 rows, 215 columns, 434 entries
                      'max_lp':  341 rows, 215 columns, 1220 entries
         'objective_lb_search':         2 rows, 5 columns, 4 entries
  'objective_lb_search_max_lp':       0 rows, 215 columns, 0 entries
                     'probing':         0 rows, 5 columns, 0 entries
              'probing_max_lp':   217 rows, 215 columns, 434 entries
                'pseudo_costs':  280 rows, 215 columns, 1306 entries
               'quick_restart':         2 rows, 5 columns, 4 entries
               'reduced_costs':       0 rows, 215 columns, 0 entries

Lp debug                         CutPropag  CutEqPropag  Adjust  Overflow    Bad  BadScaling
                  'default_lp':          0            0       0         0      0           0
                       'fixed':          0            0       0         0      0           0
              'lb_tree_search':          0            0       0         0      0           0
                      'max_lp':          0            2       2         0  2'104           0
         'objective_lb_search':          0            0       0         0      0           0
  'objective_lb_search_max_lp':          0            0       0         0      0           0
                     'probing':          0            0       0         0      0           0
              'probing_max_lp':          0            0       0         0      0           0
                'pseudo_costs':          0           20       0         0    498           0
               'quick_restart':          0            0       0         0      0           0
               'reduced_costs':          0            0       0         0      0           0

Lp pool                          Constraints  Updates  Simplif  Merged  Shortened  Split  Strenghtened  Cuts/Call
                  'default_lp':          217        0        4       0          0      0             0        0/0
                       'fixed':          217        0        0       0          0      0             0        0/0
              'lb_tree_search':          217        0        0       0          0      0             0        0/0
                      'max_lp':          480      375       84       2          0      0             6    265/447
         'objective_lb_search':          217        0       49       0          0      0             0        0/0
  'objective_lb_search_max_lp':          217        0        0       0          0      0             0        0/0
                     'probing':          217        0        0       0          0      0             0        0/0
              'probing_max_lp':          217        0        0       0          0      0             0        0/0
                'pseudo_costs':          647       75       53      13          0      0             2    443/695
               'quick_restart':          217        0       72       0          0      0             0        0/0
               'reduced_costs':          217        0        0       0          0      0             0        0/0

Lp Cut                                                pseudo_costs  max_lp
                                               CG_K:             -       1
                                               CG_R:             6       -
                                            MIR_1_R:             6       -
                                            MIR_2_K:             -       1
                                            MIR_2_R:             -       2
                                            MIR_3_R:             -       1
                                            MIR_6_R:             -       1
                  NoOverlapCompletionTimeExhaustive:            25       7
           NoOverlapCompletionTimeExhaustive_lifted:            15       5
  NoOverlapCompletionTimeExhaustive_lifted_weighted:            55      42
         NoOverlapCompletionTimeExhaustive_weighted:            25      26
                    NoOverlapCompletionTimeQueyrane:            61      43
             NoOverlapCompletionTimeQueyrane_lifted:           112      62
                        NoOverlapDetectedPrecedence:             3       3
                        NoOverlapDisjunctionOnStart:           129      68
                                        ZERO_HALF_R:             6       3

LNS stats                             Improv/Calls  Closed  Difficulty  TimeLimit
                    'graph_arc_lns':           1/1      0%    2.93e-01       0.10
                    'graph_cst_lns':           0/1    100%    7.07e-01       0.10
                    'graph_dec_lns':           1/1    100%    7.07e-01       0.10
                    'graph_var_lns':           1/1    100%    7.07e-01       0.10
                     'lb_relax_lns':           1/1    100%    7.07e-01       0.50
                        'rins/rens':           0/0      0%    5.00e-01       0.10
                      'rnd_cst_lns':           1/1    100%    7.07e-01       0.10
                      'rnd_var_lns':           1/1      0%    2.93e-01       0.10
         'scheduling_intervals_lns':           0/1      0%    2.93e-01       0.10
       'scheduling_precedences_lns':           0/1      0%    2.93e-01       0.10
  'scheduling_resource_windows_lns':           0/1      0%    2.93e-01       0.10
       'scheduling_time_window_lns':           0/1      0%    2.93e-01       0.10

LS stats                                    Batches  Restarts/Perturbs  LinMoves  GenMoves  CompoundMoves  Bactracks  WeightUpdates  ScoreComputed
              'ls_decay_compound_perturb':        1                  2         0       326             24        151              7          9'729
                         'ls_lin_restart':        1                  1         2        23              0          0             15          1'305
                'ls_lin_restart_compound':        2                  2         0     4'078            212      1'933            109        101'935
                   'ls_lin_restart_decay':        2                  2         3         0              0          0              0             26
  'ls_lin_restart_decay_compound_perturb':        1                  1         0     3'289            175      1'557             66         88'576
           'ls_lin_restart_decay_perturb':        2                  2         4     1'559              0          0            219        119'705
                 'ls_lin_restart_perturb':        2                  2         5     1'949              0          0          1'164        180'884
                             'ls_restart':        2                  2         7       594              0          0            363        111'459
                    'ls_restart_compound':        3                  3         0     2'322            110      1'106             31        199'511
            'ls_restart_compound_perturb':        4                  4         0     1'706             80        813             21        132'047
                       'ls_restart_decay':        3                  3        13     2'422              0          0            395        253'641
      'ls_restart_decay_compound_perturb':        1                  1         0     1'600             48        776             15        163'640
               'ls_restart_decay_perturb':        2                  2         6     1'042              0          0            161        107'816
                     'ls_restart_perturb':        3                  3        11     1'638              0          0          1'063        351'881

Solutions (11)                  Num     Rank
                 'default_lp':    1    [2,2]
       'ls_lin_restart_decay':    1    [9,9]
                 'ls_restart':    1    [7,7]
        'ls_restart_compound':    1    [8,8]
         'ls_restart_perturb':    1    [6,6]
                      'no_lp':    2    [1,3]
        'objective_lb_search':    1    [4,4]
  'objective_lb_search_no_lp':    1    [5,5]
              'quick_restart':    2  [10,11]

Objective bounds                Num
                  'bool_core':   51
             'initial_domain':    1
        'objective_lb_search':    2
  'objective_lb_search_no_lp':   19

Solution repositories    Added  Queried  Synchro
  'feasible solutions':     49       59       26
   'fj solution hints':      0        0        0
        'lp solutions':      0        0        0
                'pump':      0        0

Improving bounds shared         Num  Sym
                 'default_lp':   25    0
                      'no_lp':  413    0
        'objective_lb_search':  195    0
  'objective_lb_search_no_lp':  404    0
              'quick_restart':  429    0

CpSolverResponse summary:
status: OPTIMAL
objective: 2409
best_bound: 2399
integers: 0
booleans: 0
conflicts: 0
branches: 0
propagations: 0
integer_propagations: 0
restarts: 0
lp_iterations: 0
walltime: 0.0474602
usertime: 0.0474602
deterministic_time: 0.5267
gap_integral: 1.81846
solution_fingerprint: 0xc82edbc63983d0da

