
Starting CP-SAT solver v9.14.6206
Parameters: max_time_in_seconds: 300 log_search_progress: true num_search_workers: 104 relative_gap_limit: 0.005

Initial optimization model '': (model_fingerprint: 0x83f2318c7b269f9f)
#Variables: 443 (#ints: 65 in objective) (378 primary variables)
  - 65 in [0,36201]
  - 38 in [23040,36201]
  - 340 in [24480,36201]
#kInterval: 191 (#fixed: 2)
#kLinMax: 65 (#expressions: 130)
#kLinear1: 23
#kLinear2: 166
#kNoOverlap: 10 (#intervals: 191, #fixed_intervals: 2)

Starting presolve at 0.00s
  8.07e-05s  0.00e+00d  [DetectDominanceRelations] 
  1.78e-03s  0.00e+00d  [PresolveToFixPoint] #num_loops=10 #num_dual_strengthening=1 
  2.52e-06s  0.00e+00d  [ExtractEncodingFromLinear] 
  1.40e-05s  0.00e+00d  [DetectDuplicateColumns] 
  6.80e-05s  0.00e+00d  [DetectDuplicateConstraints] 
[Symmetry] Graph for symmetry has 1'059 nodes and 1'015 arcs.
[Symmetry] Symmetry computation done. time: 8.8006e-05 dtime: 0.00010904
  5.82e-05s  0.00e+00d  [DetectDuplicateConstraintsWithDifferentEnforcements] 
  5.44e-04s  4.05e-06d  [Probe] #new_bounds=17 
  3.06e-06s  0.00e+00d  [MaxClique] 
  6.32e-05s  0.00e+00d  [DetectDominanceRelations] 
  4.72e-04s  0.00e+00d  [PresolveToFixPoint] #num_loops=3 #num_dual_strengthening=2 
  2.71e-05s  0.00e+00d  [ProcessAtMostOneAndLinear] 
  5.53e-05s  0.00e+00d  [DetectDuplicateConstraints] 
  5.44e-05s  0.00e+00d  [DetectDuplicateConstraintsWithDifferentEnforcements] 
  2.49e-05s  1.26e-06d  [DetectDominatedLinearConstraints] #relevant_constraints=210 
  2.92e-05s  0.00e+00d  [DetectDifferentVariables] 
  2.36e-06s  0.00e+00d  [ProcessSetPPC] 
  3.74e-06s  0.00e+00d  [FindAlmostIdenticalLinearConstraints] 
  9.97e-06s  0.00e+00d  [FindBigAtMostOneAndLinearOverlap] 
  1.61e-05s  7.61e-06d  [FindBigVerticalLinearOverlap] 
  1.88e-06s  0.00e+00d  [FindBigHorizontalLinearOverlap] 
  1.89e-06s  0.00e+00d  [MergeClauses] 
  5.88e-05s  0.00e+00d  [DetectDominanceRelations] 
  3.31e-04s  0.00e+00d  [PresolveToFixPoint] #num_loops=1 #num_dual_strengthening=1 
  5.62e-05s  0.00e+00d  [DetectDominanceRelations] 
  3.29e-04s  0.00e+00d  [PresolveToFixPoint] #num_loops=1 #num_dual_strengthening=1 
  1.16e-05s  0.00e+00d  [DetectDuplicateColumns] 
  5.47e-05s  0.00e+00d  [DetectDuplicateConstraints] 
[Symmetry] Graph for symmetry has 1'057 nodes and 1'013 arcs.
[Symmetry] Symmetry computation done. time: 7.057e-05 dtime: 0.00010894
  6.02e-05s  0.00e+00d  [DetectDuplicateConstraintsWithDifferentEnforcements] 
  4.10e-04s  2.04e-06d  [Probe] 
  1.53e-06s  0.00e+00d  [MaxClique] 
  6.12e-05s  0.00e+00d  [DetectDominanceRelations] 
  3.64e-04s  0.00e+00d  [PresolveToFixPoint] #num_loops=1 #num_dual_strengthening=1 
  2.64e-05s  0.00e+00d  [ProcessAtMostOneAndLinear] 
  5.46e-05s  0.00e+00d  [DetectDuplicateConstraints] 
  5.23e-05s  0.00e+00d  [DetectDuplicateConstraintsWithDifferentEnforcements] 
  2.42e-05s  1.26e-06d  [DetectDominatedLinearConstraints] #relevant_constraints=210 
  2.71e-05s  0.00e+00d  [DetectDifferentVariables] 
  1.94e-06s  0.00e+00d  [ProcessSetPPC] 
  2.17e-06s  0.00e+00d  [FindAlmostIdenticalLinearConstraints] 
  9.80e-06s  0.00e+00d  [FindBigAtMostOneAndLinearOverlap] 
  1.51e-05s  7.61e-06d  [FindBigVerticalLinearOverlap] 
  1.81e-06s  0.00e+00d  [FindBigHorizontalLinearOverlap] 
  1.40e-06s  0.00e+00d  [MergeClauses] 
  5.83e-05s  0.00e+00d  [DetectDominanceRelations] 
  3.27e-04s  0.00e+00d  [PresolveToFixPoint] #num_loops=1 #num_dual_strengthening=1 
  1.62e-05s  0.00e+00d  [ExpandObjective] 

Presolve summary:
  - 204 affine relations were detected.
  - rule 'TODO dual: only one blocking constraint?' was applied 497 times.
  - rule 'TODO dual: only one unspecified blocking constraint?' was applied 308 times.
  - rule 'affine: new relation' was applied 204 times.
  - rule 'dual: reduced domain' was applied 4 times.
  - rule 'intervals: removed unused interval' was applied 2 times.
  - rule 'lin_max: converted abs to equality' was applied 14 times.
  - rule 'lin_max: converted to equality' was applied 2 times.
  - rule 'lin_max: propagate domain from x to abs(x)' was applied 19 times.
  - rule 'lin_max: removed exprs' was applied 2 times.
  - rule 'lin_max: rewrite with precedences' was applied 44 times.
  - rule 'lin_max: target domain reduced' was applied 46 times.
  - rule 'linear1: x in domain' was applied 16 times.
  - rule 'linear: always true' was applied 52 times.
  - rule 'linear: fixed or dup variables' was applied 1 time.
  - rule 'linear: reduced variable domains' was applied 983 times.
  - rule 'linear: remapped using affine relations' was applied 429 times.
  - rule 'no_overlap: split into disjoint components' was applied 2 times.
  - rule 'objective: variable not used elsewhere' was applied 1 time.
  - rule 'presolve: 1 unused variables removed.' was applied 1 time.
  - rule 'presolve: iteration' was applied 2 times.

Presolved optimization model '': (model_fingerprint: 0x19afd2fb5a7a7a7e)
#Variables: 238 (#ints: 63 in objective) (189 primary variables)
  - 207 different domains in [0,36180] with a largest complexity of 1.
#kInterval: 189
#kLinMax: 5 (#expressions: 10)
#kLinear2: 210
#kNoOverlap: 10 (#intervals: 189)
[Symmetry] Graph for symmetry has 852 nodes and 1'013 arcs.
[Symmetry] Symmetry computation done. time: 6.4388e-05 dtime: 9.664e-05

Preloading model.
#Bound   0.01s best:inf   next:[38109,3368077] initial_domain
#Model   0.01s var:238/238 constraints:414/414

Starting search at 0.01s with 104 workers.
18 full problem subsolvers: [core, default_lp, fixed, lb_tree_search, max_lp, no_lp, objective_lb_search, objective_lb_search_max_lp, objective_lb_search_no_lp, objective_shaving_max_lp, objective_shaving_no_lp, probing, probing_max_lp, probing_no_lp, pseudo_costs, quick_restart, quick_restart_no_lp, reduced_costs]
86 first solution subsolvers: [fj(25), fj_lin(12), fs_random(12), fs_random_no_lp(13), fs_random_quick_restart(12), fs_random_quick_restart_no_lp(12)]
45 interleaved subsolvers: [feasibility_pump, graph_arc_lns, graph_cst_lns, graph_dec_lns, graph_var_lns, lb_relax_lns, ls(19), ls_lin(10), rins/rens, rnd_cst_lns, rnd_var_lns, scheduling_intervals_lns, scheduling_precedences_lns, scheduling_resource_windows_lns, scheduling_time_window_lns, variables_shaving, variables_shaving_max_lp, variables_shaving_no_lp]
3 helper subsolvers: [neighborhood_helper, synchronization_agent, update_gap_integral]

#Bound   0.02s best:inf   next:[38138,3368077] objective_lb_search
#1       0.02s best:66783 next:[38138,66782] no_lp
#Bound   0.02s best:66783 next:[38146,66782] objective_lb_search
#2       0.02s best:66159 next:[38146,66158] quick_restart_no_lp
#Bound   0.02s best:66159 next:[38193,66158] objective_lb_search
#Bound   0.02s best:66159 next:[38904,66158] objective_lb_search
#3       0.02s best:65759 next:[38904,65758] fixed
#4       0.02s best:44106 next:[38904,44105] core
#5       0.03s best:43710 next:[38904,43709] ls_restart_perturb(batch:1 lin{mvs:9 evals:58} gen{mvs:25 evals:186} #w_updates:5 #perturb:0)
#Bound   0.03s best:43710 next:[39850,43709] max_lp
#6       0.03s best:43605 next:[39850,43604] graph_arc_lns (d=5.00e-01 s=38 t=0.10 p=0.00 stall=0 h=base) [combined with: ls_restart_perturb(b...]
#7       0.03s best:43593 next:[39850,43592] ls_restart_decay(batch:1 lin{mvs:10 evals:90} gen{mvs:86 evals:526} #w_updates:50 #perturb:0) [combined with: graph_arc_lns (d=5.0...]
#8       0.03s best:43581 next:[39850,43580] ls_restart_perturb(batch:1 lin{mvs:8 evals:60} gen{mvs:30 evals:203} #w_updates:9 #perturb:0)
#9       0.03s best:43569 next:[39850,43568] ls_restart_decay_compound(batch:1 lin{mvs:0 evals:15} gen{mvs:21 evals:109} comp{mvs:13 btracks:4} #w_updates:0 #perturb:0)
#10      0.03s best:43521 next:[39850,43520] ls_lin_restart_decay(batch:1 lin{mvs:9 evals:75} gen{mvs:33 evals:230} #w_updates:6 #perturb:0)
#11      0.04s best:43497 next:[39850,43496] ls_restart(batch:1 lin{mvs:9 evals:75} gen{mvs:37 evals:269} #w_updates:12 #perturb:0)
#12      0.04s best:41649 next:[39850,41648] rnd_cst_lns (d=7.07e-01 s=80 t=0.10 p=1.00 stall=1 h=base)
#Bound   0.06s best:41649 next:[39888,41648] max_lp
#Bound   0.06s best:41649 next:[39890,41648] objective_lb_search
#Bound   0.06s best:41649 next:[39892,41648] objective_lb_search
#Bound   0.06s best:41649 next:[39900,41648] objective_lb_search
#13      0.06s best:41203 next:[39900,41202] ls_lin_restart_decay(batch:1 lin{mvs:4 evals:168} gen{mvs:174 evals:793} #w_updates:84 #perturb:0)
#14      0.06s best:41188 next:[39900,41187] ls_lin_restart(batch:1 lin{mvs:4 evals:727} gen{mvs:262 evals:1'209} #w_updates:155 #perturb:0)
#Bound   0.06s best:41188 next:[39904,41187] objective_shaving_max_lp (vars=238 csts=413)
#15      0.07s best:40600 next:[39904,40599] rins_lp_lns (d=5.00e-01 s=193 t=0.10 p=0.00 stall=0 h=base)
#Bound   0.07s best:40600 next:[39908,40599] objective_lb_search_no_lp
#Bound   0.07s best:40600 next:[40005,40599] objective_lb_search_no_lp
#Bound   0.07s best:40600 next:[40012,40599] objective_lb_search_no_lp
#Bound   0.07s best:40600 next:[40102,40599] objective_shaving_max_lp (vars=238 csts=413)
#16      0.07s best:40575 next:[40102,40574] rins_lp_lns (d=5.00e-01 s=124 t=0.10 p=0.00 stall=0 h=base)
#17      0.08s best:40573 next:[40102,40572] ls_restart_decay_perturb(batch:1 lin{mvs:2 evals:150} gen{mvs:122 evals:510} #w_updates:73 #perturb:0)
#Bound   0.08s best:40573 next:[40104,40572] objective_shaving_no_lp (vars=238 csts=413)
#18      0.08s best:40571 next:[40104,40570] ls_restart_decay_perturb(batch:1 lin{mvs:2 evals:293} gen{mvs:132 evals:525} #w_updates:77 #perturb:0)
#19      0.09s best:40570 next:[40104,40569] quick_restart
#20      0.09s best:40522 next:[40104,40521] rnd_var_lns (d=8.14e-01 s=197 t=0.10 p=1.00 stall=2 h=base)
#21      0.09s best:40510 next:[40104,40509] graph_arc_lns (d=7.07e-01 s=194 t=0.10 p=1.00 stall=0 h=base) [combined with: rnd_var_lns (d=8.14e...]
#22      0.09s best:40509 next:[40104,40508] ls_lin_restart_decay(batch:1 lin{mvs:2 evals:19} gen{mvs:1 evals:5} #w_updates:0 #perturb:0)
#Bound   0.10s best:40509 next:[40108,40508] objective_lb_search_no_lp
#Bound   0.10s best:40509 next:[40149,40508] objective_lb_search_no_lp
#Bound   0.10s best:40509 next:[40153,40508] objective_lb_search_no_lp
#23      0.10s best:40506 next:[40153,40505] ls_lin_restart(batch:1 lin{mvs:2 evals:867} gen{mvs:301 evals:688} #w_updates:207 #perturb:0)
#24      0.10s best:40503 next:[40153,40502] ls_lin_restart_decay_compound(batch:1 lin{mvs:0 evals:40} gen{mvs:18 evals:22} comp{mvs:4 btracks:7} #w_updates:0 #perturb:0)
#25      0.10s best:40497 next:[40153,40496] ls_lin_restart(batch:1 lin{mvs:3 evals:16} gen{mvs:1 evals:3} #w_updates:0 #perturb:0)
#26      0.11s best:40494 next:[40153,40493] ls_lin_restart_decay(batch:1 lin{mvs:2 evals:324} gen{mvs:175 evals:417} #w_updates:106 #perturb:0)
#Bound   0.11s best:40494 next:[40154,40493] objective_shaving_no_lp (vars=238 csts=413)
#27      0.11s best:40491 next:[40154,40490] ls_lin_restart_decay_perturb(batch:1 lin{mvs:4 evals:220} gen{mvs:124 evals:285} #w_updates:73 #perturb:0)
#28      0.11s best:40485 next:[40154,40484] ls_lin_restart_decay(batch:1 lin{mvs:3 evals:25} gen{mvs:81 evals:296} #w_updates:78 #perturb:0)
#29      0.11s best:40482 next:[40154,40481] ls_restart_decay(batch:1 lin{mvs:4 evals:14} #w_updates:2 #perturb:0)
#30      0.11s best:40479 next:[40154,40478] ls_restart_decay_compound(batch:1 lin{mvs:0 evals:14} gen{mvs:11 evals:6} comp{mvs:5 btracks:3} #w_updates:0 #perturb:0)
#31      0.11s best:40473 next:[40154,40472] ls_restart(batch:1 lin{mvs:3 evals:8} #w_updates:0 #perturb:0)
#32      0.11s best:40470 next:[40154,40469] ls_lin_restart_decay(batch:1 lin{mvs:5 evals:227} gen{mvs:155 evals:342} #w_updates:94 #perturb:0)
#33      0.12s best:40467 next:[40154,40466] ls_lin_restart_decay_perturb(batch:1 lin{mvs:3 evals:203} gen{mvs:154 evals:328} #w_updates:71 #perturb:0)
#34      0.12s best:40464 next:[40154,40463] ls_lin_restart_decay_perturb(batch:1 lin{mvs:3 evals:285} gen{mvs:175 evals:359} #w_updates:93 #perturb:0)
#35      0.12s best:40456 next:[40154,40455] ls_lin_restart_decay(batch:1 lin{mvs:5 evals:23} gen{mvs:6 evals:10} #w_updates:3 #perturb:0)
#36      0.12s best:40452 next:[40154,40451] ls_lin_restart(batch:1 lin{mvs:3 evals:15} gen{mvs:2 evals:5} #w_updates:1 #perturb:0)
#37      0.12s best:40446 next:[40154,40445] ls_restart_decay_perturb(batch:1 lin{mvs:3 evals:11} #w_updates:0 #perturb:0)
#38      0.12s best:40444 next:[40154,40443] ls_lin_restart_compound(batch:1 lin{mvs:0 evals:13} gen{mvs:5 evals:2} comp{mvs:5 btracks:0} #w_updates:0 #perturb:0) [combined with: ls_restart_decay_per...]
#39      0.12s best:40441 next:[40154,40440] ls_restart_decay_compound_perturb(batch:1 lin{mvs:0 evals:14} gen{mvs:7 evals:3} comp{mvs:7 btracks:0} #w_updates:0 #perturb:0)
#40      0.12s best:40439 next:[40154,40438] ls_lin_restart(batch:1 lin{mvs:3 evals:18} gen{mvs:3 evals:4} #w_updates:2 #perturb:0)
#41      0.12s best:40436 next:[40154,40435] ls_restart_decay_compound_perturb(batch:1 lin{mvs:0 evals:138} gen{mvs:96 evals:56} comp{mvs:12 btracks:42} #w_updates:1 #perturb:0)
#Bound   0.13s best:40436 next:[40155,40435] objective_shaving_no_lp (vars=200 csts=385)
#42      0.14s best:40412 next:[40155,40411] ls_restart_decay_compound_perturb(batch:1 lin{mvs:0 evals:2'824} gen{mvs:3'618 evals:3'159} comp{mvs:172 btracks:1'723} #w_updates:74 #perturb:0)
#43      0.14s best:40176 next:[40155,40175] objective_lb_search_max_lp
Relative gap limit of 0.005 reached.
Relative gap limit of 0.005 reached.
#Bound   0.14s best:40176 next:[40160,40175] objective_shaving_max_lp (vars=202 csts=369) [skipped_logs=0]

Task timing                                  n [     min,      max]      avg      dev     time         n [     min,      max]      avg      dev    dtime
                             'core':         1 [134.47ms, 134.47ms] 134.47ms   0.00ns 134.47ms         1 [  6.74ms,   6.74ms]   6.74ms   0.00ns   6.74ms
                       'default_lp':         1 [128.75ms, 128.75ms] 128.75ms   0.00ns 128.75ms         0 [  0.00ns,   0.00ns]   0.00ns   0.00ns   0.00ns
                 'feasibility_pump':       141 [ 66.42us,   1.30ms] 134.91us 125.16us  19.02ms       140 [ 33.31us, 375.92us]  35.75us  28.85us   5.01ms
                            'fixed':         1 [136.37ms, 136.37ms] 136.37ms   0.00ns 136.37ms         1 [ 17.48ms,  17.48ms]  17.48ms   0.00ns  17.48ms
                               'fj':         0 [  0.00ns,   0.00ns]   0.00ns   0.00ns   0.00ns         0 [  0.00ns,   0.00ns]   0.00ns   0.00ns   0.00ns
                               'fj':         0 [  0.00ns,   0.00ns]   0.00ns   0.00ns   0.00ns         0 [  0.00ns,   0.00ns]   0.00ns   0.00ns   0.00ns
                               'fj':         0 [  0.00ns,   0.00ns]   0.00ns   0.00ns   0.00ns         0 [  0.00ns,   0.00ns]   0.00ns   0.00ns   0.00ns
                               'fj':         0 [  0.00ns,   0.00ns]   0.00ns   0.00ns   0.00ns         0 [  0.00ns,   0.00ns]   0.00ns   0.00ns   0.00ns
                               'fj':         0 [  0.00ns,   0.00ns]   0.00ns   0.00ns   0.00ns         0 [  0.00ns,   0.00ns]   0.00ns   0.00ns   0.00ns
                               'fj':         0 [  0.00ns,   0.00ns]   0.00ns   0.00ns   0.00ns         0 [  0.00ns,   0.00ns]   0.00ns   0.00ns   0.00ns
                               'fj':         0 [  0.00ns,   0.00ns]   0.00ns   0.00ns   0.00ns         0 [  0.00ns,   0.00ns]   0.00ns   0.00ns   0.00ns
                               'fj':         0 [  0.00ns,   0.00ns]   0.00ns   0.00ns   0.00ns         0 [  0.00ns,   0.00ns]   0.00ns   0.00ns   0.00ns
                               'fj':         0 [  0.00ns,   0.00ns]   0.00ns   0.00ns   0.00ns         0 [  0.00ns,   0.00ns]   0.00ns   0.00ns   0.00ns
                               'fj':         0 [  0.00ns,   0.00ns]   0.00ns   0.00ns   0.00ns         0 [  0.00ns,   0.00ns]   0.00ns   0.00ns   0.00ns
                               'fj':         0 [  0.00ns,   0.00ns]   0.00ns   0.00ns   0.00ns         0 [  0.00ns,   0.00ns]   0.00ns   0.00ns   0.00ns
                               'fj':         0 [  0.00ns,   0.00ns]   0.00ns   0.00ns   0.00ns         0 [  0.00ns,   0.00ns]   0.00ns   0.00ns   0.00ns
                               'fj':         0 [  0.00ns,   0.00ns]   0.00ns   0.00ns   0.00ns         0 [  0.00ns,   0.00ns]   0.00ns   0.00ns   0.00ns
                               'fj':         0 [  0.00ns,   0.00ns]   0.00ns   0.00ns   0.00ns         0 [  0.00ns,   0.00ns]   0.00ns   0.00ns   0.00ns
                               'fj':         0 [  0.00ns,   0.00ns]   0.00ns   0.00ns   0.00ns         0 [  0.00ns,   0.00ns]   0.00ns   0.00ns   0.00ns
                               'fj':         0 [  0.00ns,   0.00ns]   0.00ns   0.00ns   0.00ns         0 [  0.00ns,   0.00ns]   0.00ns   0.00ns   0.00ns
                               'fj':         0 [  0.00ns,   0.00ns]   0.00ns   0.00ns   0.00ns         0 [  0.00ns,   0.00ns]   0.00ns   0.00ns   0.00ns
                               'fj':         0 [  0.00ns,   0.00ns]   0.00ns   0.00ns   0.00ns         0 [  0.00ns,   0.00ns]   0.00ns   0.00ns   0.00ns
                               'fj':         0 [  0.00ns,   0.00ns]   0.00ns   0.00ns   0.00ns         0 [  0.00ns,   0.00ns]   0.00ns   0.00ns   0.00ns
                               'fj':         0 [  0.00ns,   0.00ns]   0.00ns   0.00ns   0.00ns         0 [  0.00ns,   0.00ns]   0.00ns   0.00ns   0.00ns
                               'fj':         0 [  0.00ns,   0.00ns]   0.00ns   0.00ns   0.00ns         0 [  0.00ns,   0.00ns]   0.00ns   0.00ns   0.00ns
                               'fj':         0 [  0.00ns,   0.00ns]   0.00ns   0.00ns   0.00ns         0 [  0.00ns,   0.00ns]   0.00ns   0.00ns   0.00ns
                               'fj':         0 [  0.00ns,   0.00ns]   0.00ns   0.00ns   0.00ns         0 [  0.00ns,   0.00ns]   0.00ns   0.00ns   0.00ns
                               'fj':         0 [  0.00ns,   0.00ns]   0.00ns   0.00ns   0.00ns         0 [  0.00ns,   0.00ns]   0.00ns   0.00ns   0.00ns
                               'fj':         0 [  0.00ns,   0.00ns]   0.00ns   0.00ns   0.00ns         0 [  0.00ns,   0.00ns]   0.00ns   0.00ns   0.00ns
                           'fj_lin':         0 [  0.00ns,   0.00ns]   0.00ns   0.00ns   0.00ns         0 [  0.00ns,   0.00ns]   0.00ns   0.00ns   0.00ns
                           'fj_lin':         0 [  0.00ns,   0.00ns]   0.00ns   0.00ns   0.00ns         0 [  0.00ns,   0.00ns]   0.00ns   0.00ns   0.00ns
                           'fj_lin':         0 [  0.00ns,   0.00ns]   0.00ns   0.00ns   0.00ns         0 [  0.00ns,   0.00ns]   0.00ns   0.00ns   0.00ns
                           'fj_lin':         0 [  0.00ns,   0.00ns]   0.00ns   0.00ns   0.00ns         0 [  0.00ns,   0.00ns]   0.00ns   0.00ns   0.00ns
                           'fj_lin':         0 [  0.00ns,   0.00ns]   0.00ns   0.00ns   0.00ns         0 [  0.00ns,   0.00ns]   0.00ns   0.00ns   0.00ns
                           'fj_lin':         0 [  0.00ns,   0.00ns]   0.00ns   0.00ns   0.00ns         0 [  0.00ns,   0.00ns]   0.00ns   0.00ns   0.00ns
                           'fj_lin':         0 [  0.00ns,   0.00ns]   0.00ns   0.00ns   0.00ns         0 [  0.00ns,   0.00ns]   0.00ns   0.00ns   0.00ns
                           'fj_lin':         0 [  0.00ns,   0.00ns]   0.00ns   0.00ns   0.00ns         0 [  0.00ns,   0.00ns]   0.00ns   0.00ns   0.00ns
                           'fj_lin':         0 [  0.00ns,   0.00ns]   0.00ns   0.00ns   0.00ns         0 [  0.00ns,   0.00ns]   0.00ns   0.00ns   0.00ns
                           'fj_lin':         0 [  0.00ns,   0.00ns]   0.00ns   0.00ns   0.00ns         0 [  0.00ns,   0.00ns]   0.00ns   0.00ns   0.00ns
                           'fj_lin':         0 [  0.00ns,   0.00ns]   0.00ns   0.00ns   0.00ns         0 [  0.00ns,   0.00ns]   0.00ns   0.00ns   0.00ns
                           'fj_lin':         0 [  0.00ns,   0.00ns]   0.00ns   0.00ns   0.00ns         0 [  0.00ns,   0.00ns]   0.00ns   0.00ns   0.00ns
                        'fs_random':         0 [  0.00ns,   0.00ns]   0.00ns   0.00ns   0.00ns         0 [  0.00ns,   0.00ns]   0.00ns   0.00ns   0.00ns
                        'fs_random':         0 [  0.00ns,   0.00ns]   0.00ns   0.00ns   0.00ns         0 [  0.00ns,   0.00ns]   0.00ns   0.00ns   0.00ns
                        'fs_random':         0 [  0.00ns,   0.00ns]   0.00ns   0.00ns   0.00ns         0 [  0.00ns,   0.00ns]   0.00ns   0.00ns   0.00ns
                        'fs_random':         0 [  0.00ns,   0.00ns]   0.00ns   0.00ns   0.00ns         0 [  0.00ns,   0.00ns]   0.00ns   0.00ns   0.00ns
                        'fs_random':         0 [  0.00ns,   0.00ns]   0.00ns   0.00ns   0.00ns         0 [  0.00ns,   0.00ns]   0.00ns   0.00ns   0.00ns
                        'fs_random':         0 [  0.00ns,   0.00ns]   0.00ns   0.00ns   0.00ns         0 [  0.00ns,   0.00ns]   0.00ns   0.00ns   0.00ns
                        'fs_random':         0 [  0.00ns,   0.00ns]   0.00ns   0.00ns   0.00ns         0 [  0.00ns,   0.00ns]   0.00ns   0.00ns   0.00ns
                        'fs_random':         0 [  0.00ns,   0.00ns]   0.00ns   0.00ns   0.00ns         0 [  0.00ns,   0.00ns]   0.00ns   0.00ns   0.00ns
                        'fs_random':         1 [  1.43ms,   1.43ms]   1.43ms   0.00ns   1.43ms         0 [  0.00ns,   0.00ns]   0.00ns   0.00ns   0.00ns
                        'fs_random':         1 [  1.92ms,   1.92ms]   1.92ms   0.00ns   1.92ms         0 [  0.00ns,   0.00ns]   0.00ns   0.00ns   0.00ns
                        'fs_random':         1 [  2.82ms,   2.82ms]   2.82ms   0.00ns   2.82ms         0 [  0.00ns,   0.00ns]   0.00ns   0.00ns   0.00ns
                        'fs_random':         1 [736.40us, 736.40us] 736.40us   0.00ns 736.40us         0 [  0.00ns,   0.00ns]   0.00ns   0.00ns   0.00ns
                  'fs_random_no_lp':         0 [  0.00ns,   0.00ns]   0.00ns   0.00ns   0.00ns         0 [  0.00ns,   0.00ns]   0.00ns   0.00ns   0.00ns
                  'fs_random_no_lp':         0 [  0.00ns,   0.00ns]   0.00ns   0.00ns   0.00ns         0 [  0.00ns,   0.00ns]   0.00ns   0.00ns   0.00ns
                  'fs_random_no_lp':         0 [  0.00ns,   0.00ns]   0.00ns   0.00ns   0.00ns         0 [  0.00ns,   0.00ns]   0.00ns   0.00ns   0.00ns
                  'fs_random_no_lp':         0 [  0.00ns,   0.00ns]   0.00ns   0.00ns   0.00ns         0 [  0.00ns,   0.00ns]   0.00ns   0.00ns   0.00ns
                  'fs_random_no_lp':         0 [  0.00ns,   0.00ns]   0.00ns   0.00ns   0.00ns         0 [  0.00ns,   0.00ns]   0.00ns   0.00ns   0.00ns
                  'fs_random_no_lp':         0 [  0.00ns,   0.00ns]   0.00ns   0.00ns   0.00ns         0 [  0.00ns,   0.00ns]   0.00ns   0.00ns   0.00ns
                  'fs_random_no_lp':         0 [  0.00ns,   0.00ns]   0.00ns   0.00ns   0.00ns         0 [  0.00ns,   0.00ns]   0.00ns   0.00ns   0.00ns
                  'fs_random_no_lp':         0 [  0.00ns,   0.00ns]   0.00ns   0.00ns   0.00ns         0 [  0.00ns,   0.00ns]   0.00ns   0.00ns   0.00ns
                  'fs_random_no_lp':         0 [  0.00ns,   0.00ns]   0.00ns   0.00ns   0.00ns         0 [  0.00ns,   0.00ns]   0.00ns   0.00ns   0.00ns
                  'fs_random_no_lp':         1 [  1.46ms,   1.46ms]   1.46ms   0.00ns   1.46ms         1 [ 30.99us,  30.99us]  30.99us   0.00ns  30.99us
                  'fs_random_no_lp':         1 [  1.96ms,   1.96ms]   1.96ms   0.00ns   1.96ms         1 [ 57.98us,  57.98us]  57.98us   0.00ns  57.98us
                  'fs_random_no_lp':         1 [237.67us, 237.67us] 237.67us   0.00ns 237.67us         0 [  0.00ns,   0.00ns]   0.00ns   0.00ns   0.00ns
                  'fs_random_no_lp':         1 [904.94us, 904.94us] 904.94us   0.00ns 904.94us         1 [ 20.00ns,  20.00ns]  20.00ns   0.00ns  20.00ns
          'fs_random_quick_restart':         0 [  0.00ns,   0.00ns]   0.00ns   0.00ns   0.00ns         0 [  0.00ns,   0.00ns]   0.00ns   0.00ns   0.00ns
          'fs_random_quick_restart':         0 [  0.00ns,   0.00ns]   0.00ns   0.00ns   0.00ns         0 [  0.00ns,   0.00ns]   0.00ns   0.00ns   0.00ns
          'fs_random_quick_restart':         0 [  0.00ns,   0.00ns]   0.00ns   0.00ns   0.00ns         0 [  0.00ns,   0.00ns]   0.00ns   0.00ns   0.00ns
          'fs_random_quick_restart':         0 [  0.00ns,   0.00ns]   0.00ns   0.00ns   0.00ns         0 [  0.00ns,   0.00ns]   0.00ns   0.00ns   0.00ns
          'fs_random_quick_restart':         0 [  0.00ns,   0.00ns]   0.00ns   0.00ns   0.00ns         0 [  0.00ns,   0.00ns]   0.00ns   0.00ns   0.00ns
          'fs_random_quick_restart':         0 [  0.00ns,   0.00ns]   0.00ns   0.00ns   0.00ns         0 [  0.00ns,   0.00ns]   0.00ns   0.00ns   0.00ns
          'fs_random_quick_restart':         0 [  0.00ns,   0.00ns]   0.00ns   0.00ns   0.00ns         0 [  0.00ns,   0.00ns]   0.00ns   0.00ns   0.00ns
          'fs_random_quick_restart':         0 [  0.00ns,   0.00ns]   0.00ns   0.00ns   0.00ns         0 [  0.00ns,   0.00ns]   0.00ns   0.00ns   0.00ns
          'fs_random_quick_restart':         0 [  0.00ns,   0.00ns]   0.00ns   0.00ns   0.00ns         0 [  0.00ns,   0.00ns]   0.00ns   0.00ns   0.00ns
          'fs_random_quick_restart':         1 [  1.67ms,   1.67ms]   1.67ms   0.00ns   1.67ms         0 [  0.00ns,   0.00ns]   0.00ns   0.00ns   0.00ns
          'fs_random_quick_restart':         1 [  3.13ms,   3.13ms]   3.13ms   0.00ns   3.13ms         0 [  0.00ns,   0.00ns]   0.00ns   0.00ns   0.00ns
          'fs_random_quick_restart':         1 [  3.87ms,   3.87ms]   3.87ms   0.00ns   3.87ms         0 [  0.00ns,   0.00ns]   0.00ns   0.00ns   0.00ns
    'fs_random_quick_restart_no_lp':         0 [  0.00ns,   0.00ns]   0.00ns   0.00ns   0.00ns         0 [  0.00ns,   0.00ns]   0.00ns   0.00ns   0.00ns
    'fs_random_quick_restart_no_lp':         0 [  0.00ns,   0.00ns]   0.00ns   0.00ns   0.00ns         0 [  0.00ns,   0.00ns]   0.00ns   0.00ns   0.00ns
    'fs_random_quick_restart_no_lp':         0 [  0.00ns,   0.00ns]   0.00ns   0.00ns   0.00ns         0 [  0.00ns,   0.00ns]   0.00ns   0.00ns   0.00ns
    'fs_random_quick_restart_no_lp':         0 [  0.00ns,   0.00ns]   0.00ns   0.00ns   0.00ns         0 [  0.00ns,   0.00ns]   0.00ns   0.00ns   0.00ns
    'fs_random_quick_restart_no_lp':         0 [  0.00ns,   0.00ns]   0.00ns   0.00ns   0.00ns         0 [  0.00ns,   0.00ns]   0.00ns   0.00ns   0.00ns
    'fs_random_quick_restart_no_lp':         0 [  0.00ns,   0.00ns]   0.00ns   0.00ns   0.00ns         0 [  0.00ns,   0.00ns]   0.00ns   0.00ns   0.00ns
    'fs_random_quick_restart_no_lp':         0 [  0.00ns,   0.00ns]   0.00ns   0.00ns   0.00ns         0 [  0.00ns,   0.00ns]   0.00ns   0.00ns   0.00ns
    'fs_random_quick_restart_no_lp':         0 [  0.00ns,   0.00ns]   0.00ns   0.00ns   0.00ns         0 [  0.00ns,   0.00ns]   0.00ns   0.00ns   0.00ns
    'fs_random_quick_restart_no_lp':         0 [  0.00ns,   0.00ns]   0.00ns   0.00ns   0.00ns         0 [  0.00ns,   0.00ns]   0.00ns   0.00ns   0.00ns
    'fs_random_quick_restart_no_lp':         1 [  1.17ms,   1.17ms]   1.17ms   0.00ns   1.17ms         1 [ 28.36us,  28.36us]  28.36us   0.00ns  28.36us
    'fs_random_quick_restart_no_lp':         1 [  1.69ms,   1.69ms]   1.69ms   0.00ns   1.69ms         1 [ 83.10us,  83.10us]  83.10us   0.00ns  83.10us
    'fs_random_quick_restart_no_lp':         1 [  3.24ms,   3.24ms]   3.24ms   0.00ns   3.24ms         0 [  0.00ns,   0.00ns]   0.00ns   0.00ns   0.00ns
                    'graph_arc_lns':         7 [  6.40ms, 117.78ms]  47.78ms  42.70ms 334.44ms         7 [ 63.57us,  10.33ms]   3.33ms   3.66ms  23.33ms
                    'graph_cst_lns':         7 [  3.16ms, 116.00ms]  55.12ms  42.13ms 385.83ms         7 [ 80.66us,   6.51ms]   3.28ms   2.64ms  22.99ms
                    'graph_dec_lns':         8 [  4.15ms,  95.26ms]  33.29ms  31.98ms 266.32ms         8 [ 32.11us,   9.31ms]   2.93ms   3.74ms  23.44ms
                    'graph_var_lns':         7 [ 19.60ms,  93.33ms]  43.44ms  30.43ms 304.11ms         7 [599.26us,   5.79ms]   2.13ms   1.96ms  14.94ms
                     'lb_relax_lns':         8 [152.79us, 126.00ms]  45.28ms  53.15ms 362.28ms         3 [  8.27ms,   9.00ms]   8.70ms 313.90us  26.09ms
                   'lb_tree_search':         1 [137.08ms, 137.08ms] 137.08ms   0.00ns 137.08ms         1 [  1.10ms,   1.10ms]   1.10ms   0.00ns   1.10ms
                               'ls':         2 [ 47.44ms,  67.01ms]  57.23ms   9.79ms 114.45ms         2 [100.01ms, 100.02ms] 100.01ms   4.68us 200.02ms
                               'ls':         2 [ 54.17ms,  59.71ms]  56.94ms   2.77ms 113.88ms         2 [100.04ms, 100.05ms] 100.04ms   4.71us 200.09ms
                               'ls':         2 [ 55.82ms,  60.14ms]  57.98ms   2.16ms 115.97ms         2 [ 98.07ms, 100.01ms]  99.04ms 967.91us 198.08ms
                               'ls':         3 [  2.43ms,  68.54ms]  39.70ms  27.64ms 119.11ms         3 [  3.42ms,  98.13ms]  62.17ms  41.89ms 186.51ms
                               'ls':         3 [  2.65ms,  56.80ms]  38.31ms  25.23ms 114.94ms         3 [  4.08ms, 100.04ms]  68.05ms  45.24ms 204.15ms
                               'ls':         3 [ 10.01ms,  64.79ms]  40.75ms  22.86ms 122.25ms         3 [ 15.24ms, 100.01ms]  67.96ms  37.57ms 203.89ms
                               'ls':         3 [ 18.03ms,  51.89ms]  38.46ms  14.69ms 115.39ms         3 [ 35.27ms, 100.03ms]  78.44ms  30.53ms 235.32ms
                               'ls':         3 [ 30.55ms,  47.03ms]  38.13ms   6.79ms 114.39ms         3 [ 69.49ms, 100.07ms]  89.85ms  14.40ms 269.56ms
                               'ls':         3 [ 31.78ms,  50.11ms]  38.49ms   8.25ms 115.46ms         3 [ 50.06ms, 100.04ms]  83.36ms  23.55ms 250.09ms
                               'ls':         3 [958.03us,  67.00ms]  36.65ms  27.22ms 109.94ms         3 [  1.12ms, 100.02ms]  67.05ms  46.62ms 201.15ms
                               'ls':         4 [ 12.43ms,  36.43ms]  28.81ms   9.61ms 115.26ms         4 [ 19.58ms, 100.15ms]  68.28ms  33.98ms 273.11ms
                               'ls':         4 [165.37us,  48.86ms]  29.43ms  19.71ms 117.74ms         4 [ 99.02us, 100.00ms]  57.86ms  43.23ms 231.44ms
                               'ls':         5 [  1.12ms,  60.19ms]  22.44ms  25.02ms 112.21ms         5 [  1.46ms, 100.04ms]  32.86ms  38.51ms 164.31ms
                               'ls':         5 [  2.19ms,  32.31ms]  22.70ms  11.52ms 113.49ms         5 [  6.73ms, 100.07ms]  69.59ms  38.84ms 347.96ms
                               'ls':         6 [  1.03ms,  66.25ms]  18.09ms  24.54ms 108.54ms         6 [  1.37ms, 100.03ms]  32.42ms  41.00ms 194.50ms
                               'ls':         6 [476.61us,  55.02ms]  17.97ms  22.16ms 107.80ms         6 [  1.05ms, 100.04ms]  28.59ms  36.87ms 171.51ms
                               'ls':         6 [631.96us,  49.57ms]  18.77ms  17.88ms 112.60ms         6 [869.63us, 100.09ms]  45.13ms  42.36ms 270.80ms
                               'ls':         7 [151.62us,  35.49ms]  15.42ms  13.76ms 107.93ms         7 [  5.54us, 100.00ms]  38.85ms  39.11ms 271.94ms
                               'ls':         8 [167.63us,  52.79ms]  14.13ms  17.88ms 113.08ms         8 [  5.78us,  93.93ms]  23.19ms  31.08ms 185.48ms
                           'ls_lin':         2 [ 56.83ms,  64.06ms]  60.45ms   3.62ms 120.90ms         2 [ 97.76ms, 100.04ms]  98.90ms   1.14ms 197.80ms
                           'ls_lin':         2 [ 58.14ms,  63.05ms]  60.59ms   2.45ms 121.18ms         2 [ 94.14ms, 100.03ms]  97.09ms   2.95ms 194.17ms
                           'ls_lin':         3 [  2.85ms,  62.54ms]  39.01ms  25.95ms 117.03ms         3 [  3.92ms, 100.05ms]  62.00ms  41.72ms 185.99ms
                           'ls_lin':         3 [ 18.83ms,  58.87ms]  37.98ms  16.39ms 113.93ms         3 [ 27.39ms, 100.05ms]  73.67ms  32.83ms 221.02ms
                           'ls_lin':         3 [ 25.78ms,  58.61ms]  38.90ms  14.19ms 116.70ms         3 [ 80.38ms, 100.03ms]  93.47ms   9.26ms 280.42ms
                           'ls_lin':         4 [  2.59ms,  56.59ms]  29.04ms  20.80ms 116.16ms         4 [  4.22ms, 100.05ms]  49.11ms  37.71ms 196.45ms
                           'ls_lin':         4 [  4.45ms,  50.78ms]  27.74ms  16.38ms 110.96ms         4 [ 11.70ms, 100.05ms]  69.11ms  36.16ms 276.42ms
                           'ls_lin':         7 [171.84us,  44.34ms]  16.25ms  16.00ms 113.73ms         7 [ 26.08us, 100.11ms]  33.32ms  35.37ms 233.24ms
                           'ls_lin':         9 [145.01us,  58.18ms]  13.22ms  19.44ms 118.97ms         8 [ 41.55us, 100.09ms]  22.45ms  31.79ms 179.62ms
                           'ls_lin':        16 [116.90us,  44.02ms]   7.09ms  12.30ms 113.43ms        16 [ 15.51us, 100.07ms]  16.06ms  32.10ms 257.01ms
                           'max_lp':         1 [127.98ms, 127.98ms] 127.98ms   0.00ns 127.98ms         0 [  0.00ns,   0.00ns]   0.00ns   0.00ns   0.00ns
                            'no_lp':         1 [127.96ms, 127.96ms] 127.96ms   0.00ns 127.96ms         0 [  0.00ns,   0.00ns]   0.00ns   0.00ns   0.00ns
              'objective_lb_search':         1 [136.38ms, 136.38ms] 136.38ms   0.00ns 136.38ms         1 [ 17.32ms,  17.32ms]  17.32ms   0.00ns  17.32ms
       'objective_lb_search_max_lp':         1 [129.50ms, 129.50ms] 129.50ms   0.00ns 129.50ms         1 [ 12.20ms,  12.20ms]  12.20ms   0.00ns  12.20ms
        'objective_lb_search_no_lp':         1 [134.93ms, 134.93ms] 134.93ms   0.00ns 134.93ms         1 [ 13.41ms,  13.41ms]  13.41ms   0.00ns  13.41ms
         'objective_shaving_max_lp':        14 [817.77us,  15.04ms]   8.86ms   4.74ms 124.06ms        12 [ 29.75us, 210.45us]  91.89us  46.53us   1.10ms
          'objective_shaving_no_lp':        17 [572.02us,   9.78ms]   6.33ms   3.30ms 107.63ms        14 [ 29.75us, 221.85us]  81.65us  44.18us   1.14ms
                          'probing':         1 [136.93ms, 136.93ms] 136.93ms   0.00ns 136.93ms         1 [  3.27ms,   3.27ms]   3.27ms   0.00ns   3.27ms
                   'probing_max_lp':         1 [136.56ms, 136.56ms] 136.56ms   0.00ns 136.56ms         1 [  2.34ms,   2.34ms]   2.34ms   0.00ns   2.34ms
                    'probing_no_lp':         1 [136.57ms, 136.57ms] 136.57ms   0.00ns 136.57ms         1 [  2.98ms,   2.98ms]   2.98ms   0.00ns   2.98ms
                     'pseudo_costs':         1 [131.40ms, 131.40ms] 131.40ms   0.00ns 131.40ms         1 [ 26.78ms,  26.78ms]  26.78ms   0.00ns  26.78ms
                    'quick_restart':         1 [127.74ms, 127.74ms] 127.74ms   0.00ns 127.74ms         1 [ 15.98ms,  15.98ms]  15.98ms   0.00ns  15.98ms
              'quick_restart_no_lp':         1 [127.49ms, 127.49ms] 127.49ms   0.00ns 127.49ms         1 [ 11.79ms,  11.79ms]  11.79ms   0.00ns  11.79ms
                    'reduced_costs':         1 [131.11ms, 131.11ms] 131.11ms   0.00ns 131.11ms         1 [247.40us, 247.40us] 247.40us   0.00ns 247.40us
                        'rins/rens':        10 [ 51.36us,  72.65ms]  26.06ms  25.05ms 260.58ms         7 [304.12us,   4.60ms]   2.32ms   1.45ms  16.24ms
                      'rnd_cst_lns':         9 [  5.41ms,  91.43ms]  36.50ms  35.37ms 328.50ms         9 [ 65.04us,   7.80ms]   2.31ms   2.75ms  20.81ms
                      'rnd_var_lns':         7 [  4.61ms, 111.97ms]  48.95ms  42.53ms 342.66ms         7 [ 35.67us,   7.38ms]   2.88ms   2.82ms  20.19ms
         'scheduling_intervals_lns':         4 [ 84.37ms, 127.68ms] 105.14ms  16.94ms 420.56ms         4 [  1.92ms,   6.09ms]   3.79ms   1.79ms  15.15ms
       'scheduling_precedences_lns':         4 [ 88.55ms, 127.44ms] 106.05ms  16.04ms 424.20ms         4 [  2.39ms,   6.01ms]   4.00ms   1.30ms  15.99ms
  'scheduling_resource_windows_lns':         4 [ 29.96ms, 125.80ms]  91.07ms  37.56ms 364.28ms         4 [  3.16ms,  15.03ms]  10.07ms   4.38ms  40.27ms
       'scheduling_time_window_lns':         4 [ 88.55ms, 126.69ms] 106.27ms  16.06ms 425.06ms         4 [  2.39ms,   8.18ms]   5.21ms   2.38ms  20.82ms
                'variables_shaving':        46 [  6.73ms,  55.84ms]  14.33ms   9.21ms 659.15ms        46 [127.78us,   2.98ms] 504.66us 677.48us  23.21ms
         'variables_shaving_max_lp':         7 [ 27.88ms,  72.53ms]  47.50ms  14.45ms 332.50ms         7 [404.80us,  11.02ms]   7.27ms   3.70ms  50.90ms
          'variables_shaving_no_lp':        45 [  5.44ms,  42.30ms]  11.65ms   7.14ms 524.20ms        45 [200.80us,   1.62ms] 372.01us 343.16us  16.74ms

Search stats                        Bools  Conflicts  Branches  Restarts  BoolPropag  IntegerPropag
                           'core':    287         43     3'438     1'086       1'596         43'967
                     'default_lp':    619        339     1'423       500      11'492        118'040
                          'fixed':    963        120     3'233       472      10'916        129'297
                      'fs_random':      0          0         0         0           0              0
                      'fs_random':      0          0         0         0           0              0
                      'fs_random':      0          0         0         0           0              0
                      'fs_random':      0          0         0         0           0              0
                      'fs_random':      0          0         0         0           0              0
                      'fs_random':      0          0         0         0           0              0
                      'fs_random':      0          0         0         0           0              0
                      'fs_random':      0          0         0         0           0              0
                      'fs_random':      0          0         0         0           0              0
                      'fs_random':      0          0         0         0           0              0
                      'fs_random':      0          0         0         0           0              0
                      'fs_random':      0          0         0         0           0              0
                'fs_random_no_lp':      0          0         0         0           0              0
                'fs_random_no_lp':      0          0         0         0           0              0
                'fs_random_no_lp':      0          0         0         0           0              0
                'fs_random_no_lp':      0          0         0         0           0              0
                'fs_random_no_lp':      0          0         0         0           0              0
                'fs_random_no_lp':      0          0         0         0           0              0
                'fs_random_no_lp':      0          0         0         0           0              0
                'fs_random_no_lp':      0          0         0         0           0              0
                'fs_random_no_lp':      0          0         0         0           0              0
                'fs_random_no_lp':      0          0         0         0           0              0
                'fs_random_no_lp':      1          0         0         0           0              1
                'fs_random_no_lp':     13          0        13         0           0            195
                'fs_random_no_lp':     23          0        23         0           0            389
        'fs_random_quick_restart':      0          0         0         0           0              0
        'fs_random_quick_restart':      0          0         0         0           0              0
        'fs_random_quick_restart':      0          0         0         0           0              0
        'fs_random_quick_restart':      0          0         0         0           0              0
        'fs_random_quick_restart':      0          0         0         0           0              0
        'fs_random_quick_restart':      0          0         0         0           0              0
        'fs_random_quick_restart':      0          0         0         0           0              0
        'fs_random_quick_restart':      0          0         0         0           0              0
        'fs_random_quick_restart':      0          0         0         0           0              0
        'fs_random_quick_restart':      0          0         0         0           0              0
        'fs_random_quick_restart':      0          0         0         0           0              0
        'fs_random_quick_restart':      0          0         0         0           0              0
  'fs_random_quick_restart_no_lp':      0          0         0         0           0              0
  'fs_random_quick_restart_no_lp':      0          0         0         0           0              0
  'fs_random_quick_restart_no_lp':      0          0         0         0           0              0
  'fs_random_quick_restart_no_lp':      0          0         0         0           0              0
  'fs_random_quick_restart_no_lp':      0          0         0         0           0              0
  'fs_random_quick_restart_no_lp':      0          0         0         0           0              0
  'fs_random_quick_restart_no_lp':      0          0         0         0           0              0
  'fs_random_quick_restart_no_lp':      0          0         0         0           0              0
  'fs_random_quick_restart_no_lp':      0          0         0         0           0              0
  'fs_random_quick_restart_no_lp':      0          0         0         0           0              0
  'fs_random_quick_restart_no_lp':     28          0        28         0           0            591
  'fs_random_quick_restart_no_lp':      9          0         9         0           0            197
                 'lb_tree_search':  1'706          0     3'412     3'412           0         23'572
                         'max_lp':    271         23       366        41         258         10'158
                          'no_lp':    385        267     2'084       461       8'286        123'710
            'objective_lb_search':    337        136     1'128       359       3'336        138'408
     'objective_lb_search_max_lp':  1'787          4     3'629     3'413       2'099         29'058
      'objective_lb_search_no_lp':    386        153     3'062       559       2'643         97'162
                        'probing':  1'788         47     3'529     3'529       5'411         36'230
                 'probing_max_lp':  1'708          0     3'416     3'416          55         23'693
                  'probing_no_lp':  1'788         44     3'530     3'530       5'687         38'535
                   'pseudo_costs':    444         39     2'182       536       2'653         52'152
                  'quick_restart':  1'108         68     3'658       471      10'017        116'021
            'quick_restart_no_lp':    948         45     3'034       472       7'049         88'725
                  'reduced_costs':  1'706          0     3'412     3'412           0         23'571

SAT stats                           ClassicMinim  LitRemoved  LitLearned  LitForgotten  Subsumed  MClauses  MDecisions  MLitTrue  MSubsumed  MLitRemoved  MReused
                           'core':            22         131         910             0         0         0           0         0          0            0        0
                     'default_lp':            57          59       2'655             0         1         0           0         0          0            0        0
                          'fixed':            61         122       2'345             0         0         0           0         0          0            0        0
                      'fs_random':             0           0           0             0         0         0           0         0          0            0        0
                      'fs_random':             0           0           0             0         0         0           0         0          0            0        0
                      'fs_random':             0           0           0             0         0         0           0         0          0            0        0
                      'fs_random':             0           0           0             0         0         0           0         0          0            0        0
                      'fs_random':             0           0           0             0         0         0           0         0          0            0        0
                      'fs_random':             0           0           0             0         0         0           0         0          0            0        0
                      'fs_random':             0           0           0             0         0         0           0         0          0            0        0
                      'fs_random':             0           0           0             0         0         0           0         0          0            0        0
                      'fs_random':             0           0           0             0         0         0           0         0          0            0        0
                      'fs_random':             0           0           0             0         0         0           0         0          0            0        0
                      'fs_random':             0           0           0             0         0         0           0         0          0            0        0
                      'fs_random':             0           0           0             0         0         0           0         0          0            0        0
                'fs_random_no_lp':             0           0           0             0         0         0           0         0          0            0        0
                'fs_random_no_lp':             0           0           0             0         0         0           0         0          0            0        0
                'fs_random_no_lp':             0           0           0             0         0         0           0         0          0            0        0
                'fs_random_no_lp':             0           0           0             0         0         0           0         0          0            0        0
                'fs_random_no_lp':             0           0           0             0         0         0           0         0          0            0        0
                'fs_random_no_lp':             0           0           0             0         0         0           0         0          0            0        0
                'fs_random_no_lp':             0           0           0             0         0         0           0         0          0            0        0
                'fs_random_no_lp':             0           0           0             0         0         0           0         0          0            0        0
                'fs_random_no_lp':             0           0           0             0         0         0           0         0          0            0        0
                'fs_random_no_lp':             0           0           0             0         0         0           0         0          0            0        0
                'fs_random_no_lp':             0           0           0             0         0         0           0         0          0            0        0
                'fs_random_no_lp':             0           0           0             0         0         0           0         0          0            0        0
                'fs_random_no_lp':             0           0           0             0         0         0           0         0          0            0        0
        'fs_random_quick_restart':             0           0           0             0         0         0           0         0          0            0        0
        'fs_random_quick_restart':             0           0           0             0         0         0           0         0          0            0        0
        'fs_random_quick_restart':             0           0           0             0         0         0           0         0          0            0        0
        'fs_random_quick_restart':             0           0           0             0         0         0           0         0          0            0        0
        'fs_random_quick_restart':             0           0           0             0         0         0           0         0          0            0        0
        'fs_random_quick_restart':             0           0           0             0         0         0           0         0          0            0        0
        'fs_random_quick_restart':             0           0           0             0         0         0           0         0          0            0        0
        'fs_random_quick_restart':             0           0           0             0         0         0           0         0          0            0        0
        'fs_random_quick_restart':             0           0           0             0         0         0           0         0          0            0        0
        'fs_random_quick_restart':             0           0           0             0         0         0           0         0          0            0        0
        'fs_random_quick_restart':             0           0           0             0         0         0           0         0          0            0        0
        'fs_random_quick_restart':             0           0           0             0         0         0           0         0          0            0        0
  'fs_random_quick_restart_no_lp':             0           0           0             0         0         0           0         0          0            0        0
  'fs_random_quick_restart_no_lp':             0           0           0             0         0         0           0         0          0            0        0
  'fs_random_quick_restart_no_lp':             0           0           0             0         0         0           0         0          0            0        0
  'fs_random_quick_restart_no_lp':             0           0           0             0         0         0           0         0          0            0        0
  'fs_random_quick_restart_no_lp':             0           0           0             0         0         0           0         0          0            0        0
  'fs_random_quick_restart_no_lp':             0           0           0             0         0         0           0         0          0            0        0
  'fs_random_quick_restart_no_lp':             0           0           0             0         0         0           0         0          0            0        0
  'fs_random_quick_restart_no_lp':             0           0           0             0         0         0           0         0          0            0        0
  'fs_random_quick_restart_no_lp':             0           0           0             0         0         0           0         0          0            0        0
  'fs_random_quick_restart_no_lp':             0           0           0             0         0         0           0         0          0            0        0
  'fs_random_quick_restart_no_lp':             0           0           0             0         0         0           0         0          0            0        0
  'fs_random_quick_restart_no_lp':             0           0           0             0         0         0           0         0          0            0        0
                 'lb_tree_search':             0           0           0             0         0         0           0         0          0            0        0
                         'max_lp':             0           0         154             0         0         0           0         0          0            0        0
                          'no_lp':           242       1'275       8'891             0         2         0           0         0          0            0        0
            'objective_lb_search':            96         380       2'904             0         0         0           0         0          0            0        0
     'objective_lb_search_max_lp':             4          31          72             0         0         0           0         0          0            0        0
      'objective_lb_search_no_lp':           128         496       4'801             0         0         0           0         0          0            0        0
                        'probing':             0           0          47             0         0         0           0         0          0            0        0
                 'probing_max_lp':             0           0           0             0         0         0           0         0          0            0        0
                  'probing_no_lp':             0           0          44             0         0         0           0         0          0            0        0
                   'pseudo_costs':            22          51       1'127             0         0         0           0         0          0            0        0
                  'quick_restart':            32          85       1'378             0         2         0           0         0          0            0        0
            'quick_restart_no_lp':            26          77         876             0         0         0           0         0          0            0        0
                  'reduced_costs':             0           0           0             0         0         0           0         0          0            0        0

Lp stats                         Component  Iterations  AddedCuts  OPTIMAL  DUAL_F.  DUAL_U.
                  'default_lp':         23          54          0    3'088        0        0
                       'fixed':         23          54          0    4'243        0        0
                   'fs_random':         23           0          0        0        0        0
                   'fs_random':         23           8          0       17        0        0
     'fs_random_quick_restart':         23           0          0        0        0        0
     'fs_random_quick_restart':         23           0          0        0        1        0
              'lb_tree_search':          1         200        184        5        0        0
                      'max_lp':          1         714        473      196        5        0
         'objective_lb_search':         23          25          0    2'192        0        0
  'objective_lb_search_max_lp':          1         532        402      180       15        0
                     'probing':         23          24          0    9'169        0        0
              'probing_max_lp':          1         236        200       18        0        0
                'pseudo_costs':          1         963        891      381       30        0
               'quick_restart':         23          93          0    4'548        0        0
               'reduced_costs':          1          92        279        7        0        0

Lp dimension                      Final dimension of first component
                  'default_lp':         2 rows, 5 columns, 4 entries
                       'fixed':         2 rows, 5 columns, 4 entries
                   'fs_random':         0 rows, 5 columns, 0 entries
                   'fs_random':         2 rows, 5 columns, 4 entries
     'fs_random_quick_restart':         0 rows, 5 columns, 0 entries
     'fs_random_quick_restart':         0 rows, 5 columns, 0 entries
              'lb_tree_search':  335 rows, 238 columns, 1083 entries
                      'max_lp':  343 rows, 238 columns, 1403 entries
         'objective_lb_search':         2 rows, 5 columns, 4 entries
  'objective_lb_search_max_lp':   111 rows, 238 columns, 271 entries
                     'probing':         1 rows, 5 columns, 2 entries
              'probing_max_lp':  345 rows, 238 columns, 1150 entries
                'pseudo_costs':  177 rows, 238 columns, 1050 entries
               'quick_restart':         2 rows, 5 columns, 4 entries
               'reduced_costs':   133 rows, 238 columns, 725 entries

Lp debug                         CutPropag  CutEqPropag  Adjust  Overflow    Bad  BadScaling
                  'default_lp':          0            0       0         0      0           0
                       'fixed':          0            0       0         0      0           0
                   'fs_random':          0            0       0         0      0           0
                   'fs_random':          0            0       0         0      0           0
     'fs_random_quick_restart':          0            0       0         0      0           0
     'fs_random_quick_restart':          0            0       0         0      0           0
              'lb_tree_search':          0            0       2         0    782           0
                      'max_lp':          0            0      57         0  3'607           0
         'objective_lb_search':          0            0       0         0      0           0
  'objective_lb_search_max_lp':          0            0       0         0    231           0
                     'probing':          0            0       0         0      0           0
              'probing_max_lp':          0            0       2         0  3'996           0
                'pseudo_costs':          0            0       3         0    404           0
               'quick_restart':          0            0       0         0      0           0
               'reduced_costs':          0            0       0         0    130           0

Lp pool                          Constraints  Updates  Simplif  Merged  Shortened  Split  Strenghtened  Cuts/Call
                  'default_lp':          225        0      288       0          0      0             0        0/0
                       'fixed':          225        0       53       0          0      0             0        0/0
                   'fs_random':          225        0        0       0          0      0             0        0/0
                   'fs_random':          225        0        0       0          0      0             0        0/0
     'fs_random_quick_restart':          225        0        0       0          0      0             0        0/0
     'fs_random_quick_restart':          225        0        0       0          0      0             0        0/0
              'lb_tree_search':          409        0        0       0          0      0             0    184/257
                      'max_lp':          672      579      193      26          0      0             2  473/1'114
         'objective_lb_search':          225        0        7       0          0      0             0        0/0
  'objective_lb_search_max_lp':          602       84       54      25          0      0             4    402/744
                     'probing':          225        0       56       0          0      0             0        0/0
              'probing_max_lp':          425        0        0       0          0      0             0    200/345
                'pseudo_costs':          836      118      204     280          0      0             5  891/1'701
               'quick_restart':          225        0       71       0          0      0             0        0/0
               'reduced_costs':          504        0        0       0          0      0             0    279/447

Lp Cut                                                max_lp  reduced_costs  pseudo_costs  objective_lb_search_max_lp  lb_tree_search  probing_max_lp
                                               CG_K:       1              -             1                           1               1               1
                                               CG_R:       9              -            18                           5               1               6
                                            MIR_1_K:       -              -             2                           3               -               -
                                            MIR_1_R:       3              6            21                          11               1               2
                                            MIR_2_R:       -              -             2                           -               -               -
                                            MIR_3_R:       -              -             1                           -               -               -
                                            MIR_4_R:       -              -             -                           -               -               1
                  NoOverlapCompletionTimeExhaustive:      15              2            17                           6               5              11
           NoOverlapCompletionTimeExhaustive_lifted:      29             16            45                          20              14              14
  NoOverlapCompletionTimeExhaustive_lifted_weighted:      65             37           109                          49              25              26
         NoOverlapCompletionTimeExhaustive_weighted:      28             10            28                          20               6              11
                    NoOverlapCompletionTimeQueyrane:      63             43           120                          60              21              26
             NoOverlapCompletionTimeQueyrane_lifted:     107             75           202                          93              38              33
                        NoOverlapDetectedPrecedence:       6              -             8                           1               -               -
                          NoOverlapDisjunctionOnEnd:       1              -             1                           1               -               -
                        NoOverlapDisjunctionOnStart:     140             89           307                         129              71              68
                                        ZERO_HALF_R:       6              1             9                           3               1               1

LNS stats                             Improv/Calls  Closed  Difficulty  TimeLimit
                    'graph_arc_lns':           6/7     57%    7.75e-01       0.10
                    'graph_cst_lns':           4/7     43%    5.29e-01       0.10
                    'graph_dec_lns':           4/8     75%    9.20e-01       0.10
                    'graph_var_lns':           4/7     71%    8.87e-01       0.10
                     'lb_relax_lns':           3/3      0%    1.24e-01       0.50
                        'rins/rens':           5/7     71%    8.87e-01       0.10
                      'rnd_cst_lns':           4/9     67%    8.95e-01       0.10
                      'rnd_var_lns':           4/7     57%    7.75e-01       0.10
         'scheduling_intervals_lns':           3/4      0%    8.55e-02       0.10
       'scheduling_precedences_lns':           3/4      0%    8.55e-02       0.10
  'scheduling_resource_windows_lns':           4/4     25%    2.48e-01       0.10
       'scheduling_time_window_lns':           4/4      0%    8.55e-02       0.10

LS stats                                    Batches  Restarts/Perturbs  LinMoves  GenMoves  CompoundMoves  Bactracks  WeightUpdates  ScoreComputed
              'ls_decay_compound_perturb':        2                  3         0     9'690            316      4'680            124        494'610
                         'ls_lin_restart':        9                  9        31     6'708              0          0          3'919        726'212
                'ls_lin_restart_compound':        5                  5         0    19'390          1'689      8'847            405        824'505
        'ls_lin_restart_compound_perturb':        3                  3         0     6'844            384      3'230            160        233'900
                   'ls_lin_restart_decay':       15                 15        73    15'823              0          0          1'671      1'763'734
          'ls_lin_restart_decay_compound':        4                  4         0    11'295            806      5'244            188        397'614
  'ls_lin_restart_decay_compound_perturb':        2                  2         0     5'860            526      2'667            108        339'657
           'ls_lin_restart_decay_perturb':        9                  9        48     7'718              0          0            970        882'236
                 'ls_lin_restart_perturb':        6                  6        28     2'162              0          0          2'832        402'813
                             'ls_restart':       11                 11        60    11'843              0          0          7'010      1'373'324
                    'ls_restart_compound':       11                 11         0    45'823          2'759     21'522            997      2'070'686
            'ls_restart_compound_perturb':        8                  8         0    25'114          1'417     11'847            464      1'163'601
                       'ls_restart_decay':        7                  7        46     6'667              0          0            615        798'097
              'ls_restart_decay_compound':       11                 11         0    28'480          1'620     13'428            452      1'206'761
      'ls_restart_decay_compound_perturb':        9                  9         0    26'688          1'844     12'421            399      1'044'187
               'ls_restart_decay_perturb':       10                 10        42    13'433              0          0          1'291      1'517'741
                     'ls_restart_perturb':        9                  9        62     4'629              0          0          3'973        857'610

Solutions (43)                          Num     Rank
                               'core':    1    [4,4]
                              'fixed':    1    [3,3]
                      'graph_arc_lns':    2   [6,21]
                     'ls_lin_restart':    5  [14,40]
            'ls_lin_restart_compound':    1  [38,38]
               'ls_lin_restart_decay':    7  [10,35]
      'ls_lin_restart_decay_compound':    1  [24,24]
       'ls_lin_restart_decay_perturb':    3  [27,34]
                         'ls_restart':    2  [11,31]
                   'ls_restart_decay':    2   [7,29]
          'ls_restart_decay_compound':    2   [9,30]
  'ls_restart_decay_compound_perturb':    3  [39,42]
           'ls_restart_decay_perturb':    3  [17,37]
                 'ls_restart_perturb':    2    [5,8]
                              'no_lp':    1    [1,1]
         'objective_lb_search_max_lp':    1  [43,43]
                      'quick_restart':    1  [19,19]
                'quick_restart_no_lp':    1    [2,2]
                        'rins_lp_lns':    2  [15,16]
                        'rnd_cst_lns':    1  [12,12]
                        'rnd_var_lns':    1  [20,20]

Objective bounds                Num
             'initial_domain':    1
                     'max_lp':    2
        'objective_lb_search':    7
  'objective_lb_search_no_lp':    6
   'objective_shaving_max_lp':    3
    'objective_shaving_no_lp':    3

Solution repositories    Added  Queried  Synchro
  'feasible solutions':    190      296      114
   'fj solution hints':      0        0        0
        'lp solutions':     13        6       12
                'pump':    140        4

Improving bounds shared           Num  Sym
                 'default_lp':  2'328    0
                      'fixed':    876    0
                     'max_lp':    205    0
                      'no_lp':    421    0
        'objective_lb_search':    216    0
  'objective_lb_search_no_lp':    649    0
                    'probing':    450    0
              'probing_no_lp':    282    0
               'pseudo_costs':      9    0
              'quick_restart':  2'022    0
        'quick_restart_no_lp':    217    0

CpSolverResponse summary:
status: OPTIMAL
objective: 40176
best_bound: 40160
integers: 239
booleans: 23
conflicts: 0
branches: 23
propagations: 0
integer_propagations: 389
restarts: 0
lp_iterations: 0
walltime: 0.159037
usertime: 0.159037
deterministic_time: 6.97233
gap_integral: 39.778
solution_fingerprint: 0xc3d02b73eeced5a0

