
Starting CP-SAT solver v9.14.6206
Parameters: max_time_in_seconds: 300 log_search_progress: true num_search_workers: 104 relative_gap_limit: 0.005

Initial optimization model '': (model_fingerprint: 0x4c443dbdd007d894)
#Variables: 431 (#ints: 85 in objective) (346 primary variables)
  - 85 in [0,51501]
  - 66 in [38880,51501]
  - 280 in [40320,51501]
#kInterval: 177 (#fixed: 4)
#kLinMax: 85 (#expressions: 170)
#kLinear1: 26
#kLinear2: 147
#kNoOverlap: 10 (#intervals: 177, #fixed_intervals: 4)

Starting presolve at 0.00s
  8.19e-05s  0.00e+00d  [DetectDominanceRelations] 
  1.72e-03s  0.00e+00d  [PresolveToFixPoint] #num_loops=10 #num_dual_strengthening=1 
  3.32e-06s  0.00e+00d  [ExtractEncodingFromLinear] 
  1.57e-05s  0.00e+00d  [DetectDuplicateColumns] 
  7.04e-05s  0.00e+00d  [DetectDuplicateConstraints] 
[Symmetry] Graph for symmetry has 1'035 nodes and 992 arcs.
[Symmetry] Symmetry computation done. time: 8.9852e-05 dtime: 9.832e-05
  6.51e-05s  0.00e+00d  [DetectDuplicateConstraintsWithDifferentEnforcements] 
  6.39e-04s  6.86e-06d  [Probe] #new_bounds=30 
  4.05e-06s  0.00e+00d  [MaxClique] 
  6.44e-05s  0.00e+00d  [DetectDominanceRelations] 
  5.05e-04s  0.00e+00d  [PresolveToFixPoint] #num_loops=3 #num_dual_strengthening=2 
  2.59e-05s  0.00e+00d  [ProcessAtMostOneAndLinear] 
  5.90e-05s  0.00e+00d  [DetectDuplicateConstraints] 
  5.36e-05s  0.00e+00d  [DetectDuplicateConstraintsWithDifferentEnforcements] 
  2.74e-05s  1.15e-06d  [DetectDominatedLinearConstraints] #relevant_constraints=191 
  2.69e-05s  0.00e+00d  [DetectDifferentVariables] 
  2.54e-06s  0.00e+00d  [ProcessSetPPC] 
  3.03e-06s  0.00e+00d  [FindAlmostIdenticalLinearConstraints] 
  9.99e-06s  0.00e+00d  [FindBigAtMostOneAndLinearOverlap] 
  1.86e-05s  7.15e-06d  [FindBigVerticalLinearOverlap] 
  2.27e-06s  0.00e+00d  [FindBigHorizontalLinearOverlap] 
  2.37e-06s  0.00e+00d  [MergeClauses] 
  5.86e-05s  0.00e+00d  [DetectDominanceRelations] 
  3.33e-04s  0.00e+00d  [PresolveToFixPoint] #num_loops=1 #num_dual_strengthening=1 
  5.56e-05s  0.00e+00d  [DetectDominanceRelations] 
  3.13e-04s  0.00e+00d  [PresolveToFixPoint] #num_loops=1 #num_dual_strengthening=1 
  1.20e-05s  0.00e+00d  [DetectDuplicateColumns] 
  5.51e-05s  0.00e+00d  [DetectDuplicateConstraints] 
[Symmetry] Graph for symmetry has 1'031 nodes and 988 arcs.
[Symmetry] Symmetry computation done. time: 6.5019e-05 dtime: 9.8e-05
  5.64e-05s  0.00e+00d  [DetectDuplicateConstraintsWithDifferentEnforcements] 
  4.08e-04s  2.18e-06d  [Probe] 
  1.56e-06s  0.00e+00d  [MaxClique] 
  6.12e-05s  0.00e+00d  [DetectDominanceRelations] 
  3.56e-04s  0.00e+00d  [PresolveToFixPoint] #num_loops=1 #num_dual_strengthening=1 
  2.44e-05s  0.00e+00d  [ProcessAtMostOneAndLinear] 
  5.43e-05s  0.00e+00d  [DetectDuplicateConstraints] 
  5.28e-05s  0.00e+00d  [DetectDuplicateConstraintsWithDifferentEnforcements] 
  2.35e-05s  1.15e-06d  [DetectDominatedLinearConstraints] #relevant_constraints=191 
  2.41e-05s  0.00e+00d  [DetectDifferentVariables] 
  1.91e-06s  0.00e+00d  [ProcessSetPPC] 
  2.21e-06s  0.00e+00d  [FindAlmostIdenticalLinearConstraints] 
  9.27e-06s  0.00e+00d  [FindBigAtMostOneAndLinearOverlap] 
  1.51e-05s  7.15e-06d  [FindBigVerticalLinearOverlap] 
  1.84e-06s  0.00e+00d  [FindBigHorizontalLinearOverlap] 
  1.37e-06s  0.00e+00d  [MergeClauses] 
  5.70e-05s  0.00e+00d  [DetectDominanceRelations] 
  3.22e-04s  0.00e+00d  [PresolveToFixPoint] #num_loops=1 #num_dual_strengthening=1 
  1.71e-05s  0.00e+00d  [ExpandObjective] 

Presolve summary:
  - 193 affine relations were detected.
  - rule 'TODO dual: only one blocking constraint?' was applied 567 times.
  - rule 'TODO dual: only one unspecified blocking constraint?' was applied 308 times.
  - rule 'affine: new relation' was applied 193 times.
  - rule 'dual: reduced domain' was applied 6 times.
  - rule 'intervals: removed unused interval' was applied 4 times.
  - rule 'lin_max: converted abs to equality' was applied 16 times.
  - rule 'lin_max: converted to equality' was applied 8 times.
  - rule 'lin_max: propagate domain from x to abs(x)' was applied 49 times.
  - rule 'lin_max: removed exprs' was applied 8 times.
  - rule 'lin_max: rewrite with precedences' was applied 44 times.
  - rule 'lin_max: target domain reduced' was applied 52 times.
  - rule 'linear1: x in domain' was applied 20 times.
  - rule 'linear: always true' was applied 54 times.
  - rule 'linear: fixed or dup variables' was applied 4 times.
  - rule 'linear: reduced variable domains' was applied 854 times.
  - rule 'linear: remapped using affine relations' was applied 404 times.
  - rule 'no_overlap: split into disjoint components' was applied 4 times.
  - rule 'objective: variable not used elsewhere' was applied 4 times.
  - rule 'presolve: 4 unused variables removed.' was applied 1 time.
  - rule 'presolve: iteration' was applied 2 times.

Presolved optimization model '': (model_fingerprint: 0x6cccc808f699c38a)
#Variables: 234 (#ints: 77 in objective) (173 primary variables)
  - 211 different domains in [0,51480] with a largest complexity of 1.
#kInterval: 173
#kLinMax: 17 (#expressions: 34)
#kLinear2: 191
#kNoOverlap: 10 (#intervals: 173)
[Symmetry] Graph for symmetry has 834 nodes and 988 arcs.
[Symmetry] Symmetry computation done. time: 6.1907e-05 dtime: 8.618e-05

Preloading model.
#Bound   0.01s best:inf   next:[22108,4629598] initial_domain
#Model   0.01s var:234/234 constraints:391/391

Starting search at 0.01s with 104 workers.
18 full problem subsolvers: [core, default_lp, fixed, lb_tree_search, max_lp, no_lp, objective_lb_search, objective_lb_search_max_lp, objective_lb_search_no_lp, objective_shaving_max_lp, objective_shaving_no_lp, probing, probing_max_lp, probing_no_lp, pseudo_costs, quick_restart, quick_restart_no_lp, reduced_costs]
86 first solution subsolvers: [fj(25), fj_lin(12), fs_random(12), fs_random_no_lp(13), fs_random_quick_restart(12), fs_random_quick_restart_no_lp(12)]
45 interleaved subsolvers: [feasibility_pump, graph_arc_lns, graph_cst_lns, graph_dec_lns, graph_var_lns, lb_relax_lns, ls(19), ls_lin(10), rins/rens, rnd_cst_lns, rnd_var_lns, scheduling_intervals_lns, scheduling_precedences_lns, scheduling_resource_windows_lns, scheduling_time_window_lns, variables_shaving, variables_shaving_max_lp, variables_shaving_no_lp]
3 helper subsolvers: [neighborhood_helper, synchronization_agent, update_gap_integral]

#1       0.02s best:113573 next:[22108,113572] no_lp
#Bound   0.02s best:113573 next:[23127,113572] objective_lb_search
#Bound   0.02s best:113573 next:[23243,113572] objective_lb_search
#Bound   0.02s best:113573 next:[23247,113572] objective_lb_search
#2       0.02s best:109337 next:[23247,109336] fixed
#Bound   0.02s best:109337 next:[23250,109336] objective_lb_search
#Bound   0.02s best:109337 next:[23262,109336] objective_lb_search
#Bound   0.02s best:109337 next:[23983,109336] max_lp
#Bound   0.02s best:109337 next:[24323,109336] objective_lb_search_no_lp
#3       0.02s best:76082 next:[24323,76081] fixed
#Bound   0.03s best:76082 next:[26848,76081] max_lp
#4       0.03s best:74938 next:[26848,74937] ls_restart_compound(batch:1 lin{mvs:0 evals:367} gen{mvs:20 evals:467} comp{mvs:20 btracks:0} #w_updates:0 #perturb:0)
#5       0.03s best:73839 next:[26848,73838] ls_restart_compound(batch:1 lin{mvs:0 evals:83} gen{mvs:5 evals:110} comp{mvs:5 btracks:0} #w_updates:0 #perturb:0) [combined with: ls_restart_compound(...]
#6       0.03s best:73482 next:[26848,73481] ls_restart_compound_perturb(batch:1 lin{mvs:0 evals:79} gen{mvs:4 evals:94} comp{mvs:4 btracks:0} #w_updates:0 #perturb:0)
#7       0.03s best:51663 next:[26848,51662] no_lp
#8       0.03s best:51211 next:[26848,51210] ls_restart_decay_compound_perturb(batch:1 lin{mvs:0 evals:47} gen{mvs:20 evals:285} comp{mvs:16 btracks:2} #w_updates:0 #perturb:0)
#9       0.03s best:50992 next:[26848,50991] ls_restart_compound_perturb(batch:1 lin{mvs:0 evals:42} gen{mvs:21 evals:303} comp{mvs:7 btracks:7} #w_updates:0 #perturb:0)
#10      0.03s best:50540 next:[26848,50539] ls_restart_compound_perturb(batch:1 lin{mvs:0 evals:42} gen{mvs:21 evals:303} comp{mvs:7 btracks:7} #w_updates:0 #perturb:0) [combined with: ls_restart_decay_com...]
#11      0.03s best:50369 next:[26848,50368] ls_lin_restart_compound(batch:1 lin{mvs:0 evals:13} gen{mvs:4 evals:83} comp{mvs:4 btracks:0} #w_updates:0 #perturb:0)
#Bound   0.04s best:50369 next:[28732,50368] max_lp
#12      0.04s best:50240 next:[28732,50239] ls_lin_restart_decay_perturb(batch:1 lin{mvs:11 evals:239} gen{mvs:36 evals:561} #w_updates:6 #perturb:0)
#13      0.04s best:48786 next:[28732,48785] ls_lin_restart_compound(batch:1 lin{mvs:0 evals:208} gen{mvs:120 evals:1'275} comp{mvs:18 btracks:51} #w_updates:1 #perturb:0)
#14      0.04s best:48697 next:[28732,48696] ls_lin_restart_decay(batch:1 lin{mvs:12 evals:412} gen{mvs:109 evals:1'614} #w_updates:26 #perturb:0)
#15      0.04s best:46193 next:[28732,46192] ls_restart(batch:1 lin{mvs:13 evals:474} gen{mvs:218 evals:3'089} #w_updates:77 #perturb:0)
#Bound   0.04s best:46193 next:[29062,46192] max_lp
#16      0.04s best:46178 next:[29062,46177] ls_restart_compound(batch:1 lin{mvs:0 evals:85} gen{mvs:35 evals:489} comp{mvs:11 btracks:12} #w_updates:0 #perturb:0) [combined with: ls_restart(batch:1 l...]
#17      0.04s best:45128 next:[29062,45127] ls_restart_compound(batch:1 lin{mvs:0 evals:10} gen{mvs:4 evals:67} comp{mvs:4 btracks:0} #w_updates:0 #perturb:0)
#18      0.04s best:44108 next:[29062,44107] ls_restart_decay_compound_perturb(batch:1 lin{mvs:0 evals:14} gen{mvs:8 evals:115} comp{mvs:8 btracks:0} #w_updates:0 #perturb:0)
#19      0.05s best:42246 next:[29062,42245] ls_lin_restart_perturb(batch:1 lin{mvs:13 evals:904} gen{mvs:346 evals:5'813} #w_updates:494 #perturb:0)
#20      0.05s best:42162 next:[29062,42161] quick_restart
#21      0.05s best:41084 next:[29062,41083] rins_pump_lns (d=5.00e-01 s=78 t=0.10 p=0.00 stall=0 h=base) [combined with: ls_restart_decay_com...]
#22      0.05s best:40643 next:[29062,40642] ls_lin_restart_decay_compound(batch:1 lin{mvs:0 evals:11} gen{mvs:5 evals:67} comp{mvs:5 btracks:0} #w_updates:0 #perturb:0)
#23      0.05s best:37544 next:[29062,37543] graph_dec_lns (d=7.07e-01 s=69 t=0.10 p=1.00 stall=1 h=base)
#24      0.05s best:36529 next:[29062,36528] ls_lin_restart_decay_compound_perturb(batch:1 lin{mvs:0 evals:19} gen{mvs:6 evals:93} comp{mvs:6 btracks:0} #w_updates:0 #perturb:0)
#25      0.06s best:35555 next:[29062,35554] ls_lin_restart_compound(batch:1 lin{mvs:0 evals:16} gen{mvs:5 evals:81} comp{mvs:5 btracks:0} #w_updates:0 #perturb:0)
#26      0.06s best:35543 next:[29062,35542] ls_lin_restart_decay_compound(batch:1 lin{mvs:0 evals:59} gen{mvs:40 evals:432} comp{mvs:8 btracks:16} #w_updates:0 #perturb:0) [combined with: ls_lin_restart_compo...]
#27      0.06s best:35530 next:[29062,35529] ls_restart_compound_perturb(batch:1 lin{mvs:0 evals:94} gen{mvs:39 evals:592} comp{mvs:21 btracks:9} #w_updates:0 #perturb:0) [combined with: ls_lin_restart_decay...]
#28      0.06s best:35484 next:[29062,35483] ls_lin_restart_decay_compound(batch:1 lin{mvs:0 evals:14} gen{mvs:5 evals:87} comp{mvs:5 btracks:0} #w_updates:0 #perturb:0)
#29      0.06s best:35439 next:[29062,35438] ls_lin_restart_compound(batch:1 lin{mvs:0 evals:10} gen{mvs:4 evals:65} comp{mvs:4 btracks:0} #w_updates:0 #perturb:0)
#30      0.07s best:35271 next:[29062,35270] graph_var_lns (d=7.07e-01 s=140 t=0.10 p=1.00 stall=0 h=base)
#31      0.07s best:35218 next:[29062,35217] rnd_cst_lns (d=7.07e-01 s=138 t=0.10 p=1.00 stall=0 h=base)
#32      0.07s best:35127 next:[29062,35126] rnd_cst_lns (d=7.07e-01 s=138 t=0.10 p=1.00 stall=0 h=base) [combined with: graph_var_lns (d=7.0...]
#33      0.07s best:33466 next:[29062,33465] graph_arc_lns (d=7.07e-01 s=86 t=0.10 p=1.00 stall=0 h=base)
#34      0.07s best:33234 next:[29062,33233] ls_lin_restart_compound(batch:1 lin{mvs:0 evals:220} gen{mvs:165 evals:1'955} comp{mvs:23 btracks:71} #w_updates:3 #perturb:0)
#35      0.07s best:33232 next:[29062,33231] ls_restart_decay_perturb(batch:1 lin{mvs:8 evals:357} gen{mvs:178 evals:2'739} #w_updates:81 #perturb:0)
#36      0.08s best:33219 next:[29062,33218] ls_restart_compound_perturb(batch:1 lin{mvs:0 evals:50} gen{mvs:43 evals:452} comp{mvs:11 btracks:16} #w_updates:0 #perturb:0)
#37      0.13s best:32865 next:[29062,32864] lb_relax_lns_bool_h (d=5.00e-01 s=177 t=0.50 p=0.00 stall=0 h=base)
#Bound   0.15s best:32865 next:[29065,32864] objective_lb_search_max_lp
#38      0.18s best:32852 next:[29065,32851] quick_restart
#39      0.20s best:32763 next:[29065,32762] graph_cst_lns (d=8.14e-01 s=250 t=0.10 p=1.00 stall=1 h=base)
#40      0.20s best:32409 next:[29065,32408] graph_cst_lns (d=8.14e-01 s=250 t=0.10 p=1.00 stall=1 h=base) [combined with: lb_relax_lns_bool_h ...]
#41      0.21s best:32397 next:[29065,32396] ls_lin_restart_compound(batch:1 lin{mvs:0 evals:86} gen{mvs:146 evals:1'258} comp{mvs:18 btracks:64} #w_updates:1 #perturb:0)
#42      0.21s best:32385 next:[29065,32384] ls_restart_decay_compound_perturb(batch:1 lin{mvs:0 evals:2} gen{mvs:2 evals:19} comp{mvs:2 btracks:0} #w_updates:0 #perturb:0)
#43      0.21s best:32373 next:[29065,32372] ls_restart_compound_perturb(batch:1 lin{mvs:0 evals:1} gen{mvs:2 evals:21} comp{mvs:2 btracks:0} #w_updates:0 #perturb:0)
#44      0.21s best:32361 next:[29065,32360] ls_restart_compound(batch:1 lin{mvs:0 evals:37} gen{mvs:56 evals:465} comp{mvs:10 btracks:23} #w_updates:0 #perturb:0)
#45      0.21s best:32349 next:[29065,32348] ls_restart_decay_compound_perturb(batch:1 lin{mvs:0 evals:1} gen{mvs:2 evals:20} comp{mvs:2 btracks:0} #w_updates:0 #perturb:0)
#46      0.21s best:32337 next:[29065,32336] ls_lin_restart_decay_perturb(batch:1 lin{mvs:4 evals:53} gen{mvs:24 evals:328} #w_updates:8 #perturb:0)
#47      0.22s best:32325 next:[29065,32324] ls_restart_perturb(batch:1 lin{mvs:4 evals:65} gen{mvs:28 evals:352} #w_updates:12 #perturb:0)
#48      0.22s best:32313 next:[29065,32312] ls_lin_restart_compound(batch:1 lin{mvs:0 evals:2} gen{mvs:2 evals:20} comp{mvs:2 btracks:0} #w_updates:0 #perturb:0)
#49      0.22s best:32301 next:[29065,32300] ls_restart_decay_compound_perturb(batch:1 lin{mvs:0 evals:32} gen{mvs:60 evals:503} comp{mvs:8 btracks:26} #w_updates:0 #perturb:0)
#50      0.23s best:32289 next:[29065,32288] ls_lin_restart_decay(batch:1 lin{mvs:3 evals:55} gen{mvs:23 evals:299} #w_updates:6 #perturb:0)
#51      0.23s best:32277 next:[29065,32276] ls_restart_decay(batch:1 lin{mvs:6 evals:80} gen{mvs:29 evals:360} #w_updates:10 #perturb:0)
#52      0.23s best:32265 next:[29065,32264] ls_restart_decay_compound_perturb(batch:1 lin{mvs:0 evals:67} gen{mvs:124 evals:1'007} comp{mvs:10 btracks:57} #w_updates:1 #perturb:0)
#53      0.24s best:32253 next:[29065,32252] ls_restart_compound(batch:1 lin{mvs:0 evals:90} gen{mvs:186 evals:1'496} comp{mvs:12 btracks:87} #w_updates:2 #perturb:0)
#54      0.24s best:32241 next:[29065,32240] ls_restart_decay(batch:1 lin{mvs:3 evals:66} gen{mvs:36 evals:481} #w_updates:15 #perturb:0)
#55      0.24s best:32229 next:[29065,32228] ls_restart_decay_compound_perturb(batch:1 lin{mvs:0 evals:70} gen{mvs:126 evals:1'068} comp{mvs:10 btracks:58} #w_updates:1 #perturb:0)
#56      0.25s best:32217 next:[29065,32216] ls_restart_decay_perturb(batch:1 lin{mvs:4 evals:73} gen{mvs:33 evals:440} #w_updates:13 #perturb:0)
#57      0.25s best:32205 next:[29065,32204] ls_lin_restart_decay_compound_perturb(batch:1 lin{mvs:0 evals:9} gen{mvs:10 evals:126} comp{mvs:10 btracks:0} #w_updates:0 #perturb:0)
#58      0.25s best:32193 next:[29065,32192] ls_lin_restart(batch:1 lin{mvs:6 evals:62} gen{mvs:17 evals:210} #w_updates:3 #perturb:0)
#59      0.25s best:32181 next:[29065,32180] ls_lin_restart_compound_perturb(batch:1 lin{mvs:0 evals:23} gen{mvs:50 evals:366} comp{mvs:4 btracks:23} #w_updates:0 #perturb:0)
#Bound   0.29s best:32181 next:[29098,32180] objective_lb_search_max_lp
#Bound   0.30s best:32181 next:[29209,32180] objective_lb_search_max_lp
#Bound   0.31s best:32181 next:[30301,32180] objective_lb_search_max_lp
#Bound   0.33s best:32181 next:[30606,32180] objective_lb_search_max_lp
#Bound   0.34s best:32181 next:[30611,32180] objective_lb_search_max_lp
#Bound   0.35s best:32181 next:[30618,32180] objective_lb_search_max_lp
#Bound   0.35s best:32181 next:[30622,32180] objective_lb_search_max_lp
#Bound   0.37s best:32181 next:[31247,32180] objective_lb_search_max_lp
#Bound   0.38s best:32181 next:[31249,32180] objective_lb_search_max_lp
Relative gap limit of 0.005 reached.
#Bound   0.51s best:32181 next:[32031,32180] reduced_costs [skipped_logs=11]

Task timing                                  n [     min,      max]      avg      dev     time         n [     min,      max]      avg      dev    dtime
                             'core':         1 [503.03ms, 503.03ms] 503.03ms   0.00ns 503.03ms         1 [299.14ms, 299.14ms] 299.14ms   0.00ns 299.14ms
                       'default_lp':         1 [500.43ms, 500.43ms] 500.43ms   0.00ns 500.43ms         1 [ 89.41ms,  89.41ms]  89.41ms   0.00ns  89.41ms
                 'feasibility_pump':       141 [ 75.52us,   1.34ms] 136.48us 124.51us  19.24ms       138 [ 34.75us, 783.87us]  40.68us  63.63us   5.61ms
                            'fixed':         1 [496.91ms, 496.91ms] 496.91ms   0.00ns 496.91ms         1 [122.48ms, 122.48ms] 122.48ms   0.00ns 122.48ms
                               'fj':         0 [  0.00ns,   0.00ns]   0.00ns   0.00ns   0.00ns         0 [  0.00ns,   0.00ns]   0.00ns   0.00ns   0.00ns
                               'fj':         0 [  0.00ns,   0.00ns]   0.00ns   0.00ns   0.00ns         0 [  0.00ns,   0.00ns]   0.00ns   0.00ns   0.00ns
                               'fj':         0 [  0.00ns,   0.00ns]   0.00ns   0.00ns   0.00ns         0 [  0.00ns,   0.00ns]   0.00ns   0.00ns   0.00ns
                               'fj':         0 [  0.00ns,   0.00ns]   0.00ns   0.00ns   0.00ns         0 [  0.00ns,   0.00ns]   0.00ns   0.00ns   0.00ns
                               'fj':         0 [  0.00ns,   0.00ns]   0.00ns   0.00ns   0.00ns         0 [  0.00ns,   0.00ns]   0.00ns   0.00ns   0.00ns
                               'fj':         0 [  0.00ns,   0.00ns]   0.00ns   0.00ns   0.00ns         0 [  0.00ns,   0.00ns]   0.00ns   0.00ns   0.00ns
                               'fj':         0 [  0.00ns,   0.00ns]   0.00ns   0.00ns   0.00ns         0 [  0.00ns,   0.00ns]   0.00ns   0.00ns   0.00ns
                               'fj':         0 [  0.00ns,   0.00ns]   0.00ns   0.00ns   0.00ns         0 [  0.00ns,   0.00ns]   0.00ns   0.00ns   0.00ns
                               'fj':         0 [  0.00ns,   0.00ns]   0.00ns   0.00ns   0.00ns         0 [  0.00ns,   0.00ns]   0.00ns   0.00ns   0.00ns
                               'fj':         0 [  0.00ns,   0.00ns]   0.00ns   0.00ns   0.00ns         0 [  0.00ns,   0.00ns]   0.00ns   0.00ns   0.00ns
                               'fj':         0 [  0.00ns,   0.00ns]   0.00ns   0.00ns   0.00ns         0 [  0.00ns,   0.00ns]   0.00ns   0.00ns   0.00ns
                               'fj':         0 [  0.00ns,   0.00ns]   0.00ns   0.00ns   0.00ns         0 [  0.00ns,   0.00ns]   0.00ns   0.00ns   0.00ns
                               'fj':         0 [  0.00ns,   0.00ns]   0.00ns   0.00ns   0.00ns         0 [  0.00ns,   0.00ns]   0.00ns   0.00ns   0.00ns
                               'fj':         0 [  0.00ns,   0.00ns]   0.00ns   0.00ns   0.00ns         0 [  0.00ns,   0.00ns]   0.00ns   0.00ns   0.00ns
                               'fj':         0 [  0.00ns,   0.00ns]   0.00ns   0.00ns   0.00ns         0 [  0.00ns,   0.00ns]   0.00ns   0.00ns   0.00ns
                               'fj':         0 [  0.00ns,   0.00ns]   0.00ns   0.00ns   0.00ns         0 [  0.00ns,   0.00ns]   0.00ns   0.00ns   0.00ns
                               'fj':         0 [  0.00ns,   0.00ns]   0.00ns   0.00ns   0.00ns         0 [  0.00ns,   0.00ns]   0.00ns   0.00ns   0.00ns
                               'fj':         0 [  0.00ns,   0.00ns]   0.00ns   0.00ns   0.00ns         0 [  0.00ns,   0.00ns]   0.00ns   0.00ns   0.00ns
                               'fj':         0 [  0.00ns,   0.00ns]   0.00ns   0.00ns   0.00ns         0 [  0.00ns,   0.00ns]   0.00ns   0.00ns   0.00ns
                               'fj':         0 [  0.00ns,   0.00ns]   0.00ns   0.00ns   0.00ns         0 [  0.00ns,   0.00ns]   0.00ns   0.00ns   0.00ns
                               'fj':         0 [  0.00ns,   0.00ns]   0.00ns   0.00ns   0.00ns         0 [  0.00ns,   0.00ns]   0.00ns   0.00ns   0.00ns
                               'fj':         0 [  0.00ns,   0.00ns]   0.00ns   0.00ns   0.00ns         0 [  0.00ns,   0.00ns]   0.00ns   0.00ns   0.00ns
                               'fj':         0 [  0.00ns,   0.00ns]   0.00ns   0.00ns   0.00ns         0 [  0.00ns,   0.00ns]   0.00ns   0.00ns   0.00ns
                               'fj':         0 [  0.00ns,   0.00ns]   0.00ns   0.00ns   0.00ns         0 [  0.00ns,   0.00ns]   0.00ns   0.00ns   0.00ns
                               'fj':         0 [  0.00ns,   0.00ns]   0.00ns   0.00ns   0.00ns         0 [  0.00ns,   0.00ns]   0.00ns   0.00ns   0.00ns
                           'fj_lin':         0 [  0.00ns,   0.00ns]   0.00ns   0.00ns   0.00ns         0 [  0.00ns,   0.00ns]   0.00ns   0.00ns   0.00ns
                           'fj_lin':         0 [  0.00ns,   0.00ns]   0.00ns   0.00ns   0.00ns         0 [  0.00ns,   0.00ns]   0.00ns   0.00ns   0.00ns
                           'fj_lin':         0 [  0.00ns,   0.00ns]   0.00ns   0.00ns   0.00ns         0 [  0.00ns,   0.00ns]   0.00ns   0.00ns   0.00ns
                           'fj_lin':         0 [  0.00ns,   0.00ns]   0.00ns   0.00ns   0.00ns         0 [  0.00ns,   0.00ns]   0.00ns   0.00ns   0.00ns
                           'fj_lin':         0 [  0.00ns,   0.00ns]   0.00ns   0.00ns   0.00ns         0 [  0.00ns,   0.00ns]   0.00ns   0.00ns   0.00ns
                           'fj_lin':         0 [  0.00ns,   0.00ns]   0.00ns   0.00ns   0.00ns         0 [  0.00ns,   0.00ns]   0.00ns   0.00ns   0.00ns
                           'fj_lin':         0 [  0.00ns,   0.00ns]   0.00ns   0.00ns   0.00ns         0 [  0.00ns,   0.00ns]   0.00ns   0.00ns   0.00ns
                           'fj_lin':         0 [  0.00ns,   0.00ns]   0.00ns   0.00ns   0.00ns         0 [  0.00ns,   0.00ns]   0.00ns   0.00ns   0.00ns
                           'fj_lin':         0 [  0.00ns,   0.00ns]   0.00ns   0.00ns   0.00ns         0 [  0.00ns,   0.00ns]   0.00ns   0.00ns   0.00ns
                           'fj_lin':         0 [  0.00ns,   0.00ns]   0.00ns   0.00ns   0.00ns         0 [  0.00ns,   0.00ns]   0.00ns   0.00ns   0.00ns
                           'fj_lin':         0 [  0.00ns,   0.00ns]   0.00ns   0.00ns   0.00ns         0 [  0.00ns,   0.00ns]   0.00ns   0.00ns   0.00ns
                           'fj_lin':         0 [  0.00ns,   0.00ns]   0.00ns   0.00ns   0.00ns         0 [  0.00ns,   0.00ns]   0.00ns   0.00ns   0.00ns
                        'fs_random':         0 [  0.00ns,   0.00ns]   0.00ns   0.00ns   0.00ns         0 [  0.00ns,   0.00ns]   0.00ns   0.00ns   0.00ns
                        'fs_random':         0 [  0.00ns,   0.00ns]   0.00ns   0.00ns   0.00ns         0 [  0.00ns,   0.00ns]   0.00ns   0.00ns   0.00ns
                        'fs_random':         0 [  0.00ns,   0.00ns]   0.00ns   0.00ns   0.00ns         0 [  0.00ns,   0.00ns]   0.00ns   0.00ns   0.00ns
                        'fs_random':         0 [  0.00ns,   0.00ns]   0.00ns   0.00ns   0.00ns         0 [  0.00ns,   0.00ns]   0.00ns   0.00ns   0.00ns
                        'fs_random':         0 [  0.00ns,   0.00ns]   0.00ns   0.00ns   0.00ns         0 [  0.00ns,   0.00ns]   0.00ns   0.00ns   0.00ns
                        'fs_random':         0 [  0.00ns,   0.00ns]   0.00ns   0.00ns   0.00ns         0 [  0.00ns,   0.00ns]   0.00ns   0.00ns   0.00ns
                        'fs_random':         0 [  0.00ns,   0.00ns]   0.00ns   0.00ns   0.00ns         0 [  0.00ns,   0.00ns]   0.00ns   0.00ns   0.00ns
                        'fs_random':         0 [  0.00ns,   0.00ns]   0.00ns   0.00ns   0.00ns         0 [  0.00ns,   0.00ns]   0.00ns   0.00ns   0.00ns
                        'fs_random':         0 [  0.00ns,   0.00ns]   0.00ns   0.00ns   0.00ns         0 [  0.00ns,   0.00ns]   0.00ns   0.00ns   0.00ns
                        'fs_random':         0 [  0.00ns,   0.00ns]   0.00ns   0.00ns   0.00ns         0 [  0.00ns,   0.00ns]   0.00ns   0.00ns   0.00ns
                        'fs_random':         0 [  0.00ns,   0.00ns]   0.00ns   0.00ns   0.00ns         0 [  0.00ns,   0.00ns]   0.00ns   0.00ns   0.00ns
                        'fs_random':         0 [  0.00ns,   0.00ns]   0.00ns   0.00ns   0.00ns         0 [  0.00ns,   0.00ns]   0.00ns   0.00ns   0.00ns
                  'fs_random_no_lp':         0 [  0.00ns,   0.00ns]   0.00ns   0.00ns   0.00ns         0 [  0.00ns,   0.00ns]   0.00ns   0.00ns   0.00ns
                  'fs_random_no_lp':         0 [  0.00ns,   0.00ns]   0.00ns   0.00ns   0.00ns         0 [  0.00ns,   0.00ns]   0.00ns   0.00ns   0.00ns
                  'fs_random_no_lp':         0 [  0.00ns,   0.00ns]   0.00ns   0.00ns   0.00ns         0 [  0.00ns,   0.00ns]   0.00ns   0.00ns   0.00ns
                  'fs_random_no_lp':         0 [  0.00ns,   0.00ns]   0.00ns   0.00ns   0.00ns         0 [  0.00ns,   0.00ns]   0.00ns   0.00ns   0.00ns
                  'fs_random_no_lp':         0 [  0.00ns,   0.00ns]   0.00ns   0.00ns   0.00ns         0 [  0.00ns,   0.00ns]   0.00ns   0.00ns   0.00ns
                  'fs_random_no_lp':         0 [  0.00ns,   0.00ns]   0.00ns   0.00ns   0.00ns         0 [  0.00ns,   0.00ns]   0.00ns   0.00ns   0.00ns
                  'fs_random_no_lp':         0 [  0.00ns,   0.00ns]   0.00ns   0.00ns   0.00ns         0 [  0.00ns,   0.00ns]   0.00ns   0.00ns   0.00ns
                  'fs_random_no_lp':         0 [  0.00ns,   0.00ns]   0.00ns   0.00ns   0.00ns         0 [  0.00ns,   0.00ns]   0.00ns   0.00ns   0.00ns
                  'fs_random_no_lp':         0 [  0.00ns,   0.00ns]   0.00ns   0.00ns   0.00ns         0 [  0.00ns,   0.00ns]   0.00ns   0.00ns   0.00ns
                  'fs_random_no_lp':         0 [  0.00ns,   0.00ns]   0.00ns   0.00ns   0.00ns         0 [  0.00ns,   0.00ns]   0.00ns   0.00ns   0.00ns
                  'fs_random_no_lp':         0 [  0.00ns,   0.00ns]   0.00ns   0.00ns   0.00ns         0 [  0.00ns,   0.00ns]   0.00ns   0.00ns   0.00ns
                  'fs_random_no_lp':         0 [  0.00ns,   0.00ns]   0.00ns   0.00ns   0.00ns         0 [  0.00ns,   0.00ns]   0.00ns   0.00ns   0.00ns
                  'fs_random_no_lp':         0 [  0.00ns,   0.00ns]   0.00ns   0.00ns   0.00ns         0 [  0.00ns,   0.00ns]   0.00ns   0.00ns   0.00ns
          'fs_random_quick_restart':         0 [  0.00ns,   0.00ns]   0.00ns   0.00ns   0.00ns         0 [  0.00ns,   0.00ns]   0.00ns   0.00ns   0.00ns
          'fs_random_quick_restart':         0 [  0.00ns,   0.00ns]   0.00ns   0.00ns   0.00ns         0 [  0.00ns,   0.00ns]   0.00ns   0.00ns   0.00ns
          'fs_random_quick_restart':         0 [  0.00ns,   0.00ns]   0.00ns   0.00ns   0.00ns         0 [  0.00ns,   0.00ns]   0.00ns   0.00ns   0.00ns
          'fs_random_quick_restart':         0 [  0.00ns,   0.00ns]   0.00ns   0.00ns   0.00ns         0 [  0.00ns,   0.00ns]   0.00ns   0.00ns   0.00ns
          'fs_random_quick_restart':         0 [  0.00ns,   0.00ns]   0.00ns   0.00ns   0.00ns         0 [  0.00ns,   0.00ns]   0.00ns   0.00ns   0.00ns
          'fs_random_quick_restart':         0 [  0.00ns,   0.00ns]   0.00ns   0.00ns   0.00ns         0 [  0.00ns,   0.00ns]   0.00ns   0.00ns   0.00ns
          'fs_random_quick_restart':         0 [  0.00ns,   0.00ns]   0.00ns   0.00ns   0.00ns         0 [  0.00ns,   0.00ns]   0.00ns   0.00ns   0.00ns
          'fs_random_quick_restart':         0 [  0.00ns,   0.00ns]   0.00ns   0.00ns   0.00ns         0 [  0.00ns,   0.00ns]   0.00ns   0.00ns   0.00ns
          'fs_random_quick_restart':         0 [  0.00ns,   0.00ns]   0.00ns   0.00ns   0.00ns         0 [  0.00ns,   0.00ns]   0.00ns   0.00ns   0.00ns
          'fs_random_quick_restart':         0 [  0.00ns,   0.00ns]   0.00ns   0.00ns   0.00ns         0 [  0.00ns,   0.00ns]   0.00ns   0.00ns   0.00ns
          'fs_random_quick_restart':         0 [  0.00ns,   0.00ns]   0.00ns   0.00ns   0.00ns         0 [  0.00ns,   0.00ns]   0.00ns   0.00ns   0.00ns
          'fs_random_quick_restart':         0 [  0.00ns,   0.00ns]   0.00ns   0.00ns   0.00ns         0 [  0.00ns,   0.00ns]   0.00ns   0.00ns   0.00ns
    'fs_random_quick_restart_no_lp':         0 [  0.00ns,   0.00ns]   0.00ns   0.00ns   0.00ns         0 [  0.00ns,   0.00ns]   0.00ns   0.00ns   0.00ns
    'fs_random_quick_restart_no_lp':         0 [  0.00ns,   0.00ns]   0.00ns   0.00ns   0.00ns         0 [  0.00ns,   0.00ns]   0.00ns   0.00ns   0.00ns
    'fs_random_quick_restart_no_lp':         0 [  0.00ns,   0.00ns]   0.00ns   0.00ns   0.00ns         0 [  0.00ns,   0.00ns]   0.00ns   0.00ns   0.00ns
    'fs_random_quick_restart_no_lp':         0 [  0.00ns,   0.00ns]   0.00ns   0.00ns   0.00ns         0 [  0.00ns,   0.00ns]   0.00ns   0.00ns   0.00ns
    'fs_random_quick_restart_no_lp':         0 [  0.00ns,   0.00ns]   0.00ns   0.00ns   0.00ns         0 [  0.00ns,   0.00ns]   0.00ns   0.00ns   0.00ns
    'fs_random_quick_restart_no_lp':         0 [  0.00ns,   0.00ns]   0.00ns   0.00ns   0.00ns         0 [  0.00ns,   0.00ns]   0.00ns   0.00ns   0.00ns
    'fs_random_quick_restart_no_lp':         0 [  0.00ns,   0.00ns]   0.00ns   0.00ns   0.00ns         0 [  0.00ns,   0.00ns]   0.00ns   0.00ns   0.00ns
    'fs_random_quick_restart_no_lp':         0 [  0.00ns,   0.00ns]   0.00ns   0.00ns   0.00ns         0 [  0.00ns,   0.00ns]   0.00ns   0.00ns   0.00ns
    'fs_random_quick_restart_no_lp':         0 [  0.00ns,   0.00ns]   0.00ns   0.00ns   0.00ns         0 [  0.00ns,   0.00ns]   0.00ns   0.00ns   0.00ns
    'fs_random_quick_restart_no_lp':         0 [  0.00ns,   0.00ns]   0.00ns   0.00ns   0.00ns         0 [  0.00ns,   0.00ns]   0.00ns   0.00ns   0.00ns
    'fs_random_quick_restart_no_lp':         0 [  0.00ns,   0.00ns]   0.00ns   0.00ns   0.00ns         0 [  0.00ns,   0.00ns]   0.00ns   0.00ns   0.00ns
    'fs_random_quick_restart_no_lp':         0 [  0.00ns,   0.00ns]   0.00ns   0.00ns   0.00ns         0 [  0.00ns,   0.00ns]   0.00ns   0.00ns   0.00ns
                    'graph_arc_lns':         8 [ 11.92ms, 443.99ms] 164.28ms 175.20ms    1.31s         8 [420.93us,  66.70ms]  22.99ms  25.74ms 183.93ms
                    'graph_cst_lns':         9 [  7.35ms, 270.79ms] 153.79ms  92.44ms    1.38s         9 [253.67us,  43.59ms]  21.19ms  16.04ms 190.71ms
                    'graph_dec_lns':        10 [  3.20ms, 273.25ms] 125.98ms 100.70ms    1.26s        10 [ 36.15us,  59.13ms]  17.69ms  18.07ms 176.91ms
                    'graph_var_lns':         8 [  5.73ms, 438.31ms] 186.68ms 162.64ms    1.49s         8 [177.37us,  71.05ms]  25.46ms  24.58ms 203.70ms
                     'lb_relax_lns':         6 [232.22us, 484.92ms] 237.67ms 189.67ms    1.43s         5 [  8.43ms,  57.84ms]  34.28ms  20.79ms 171.40ms
                   'lb_tree_search':         1 [501.02ms, 501.02ms] 501.02ms   0.00ns 501.02ms         1 [ 67.64ms,  67.64ms]  67.64ms   0.00ns  67.64ms
                               'ls':         8 [ 51.91ms,  65.73ms]  59.82ms   5.38ms 478.53ms         8 [ 61.32ms, 100.14ms]  95.21ms  12.81ms 761.68ms
                               'ls':        10 [  1.44ms,  57.27ms]  46.53ms  17.54ms 465.28ms        10 [  2.66ms, 100.11ms]  83.53ms  33.68ms 835.31ms
                               'ls':        10 [ 10.40ms,  55.93ms]  47.44ms  12.98ms 474.37ms        10 [ 20.35ms, 100.08ms]  89.97ms  23.65ms 899.69ms
                               'ls':        10 [ 16.17ms,  57.18ms]  47.04ms  12.62ms 470.39ms        10 [ 43.41ms, 100.12ms]  87.32ms  20.77ms 873.23ms
                               'ls':        10 [636.26us,  56.78ms]  46.79ms  15.91ms 467.90ms        10 [444.31us, 100.13ms]  84.56ms  32.54ms 845.64ms
                               'ls':        11 [  1.03ms,  54.11ms]  41.19ms  19.44ms 453.05ms        11 [626.56us, 100.09ms]  77.55ms  38.64ms 853.09ms
                               'ls':        11 [588.68us,  56.61ms]  41.20ms  22.26ms 453.16ms        10 [  2.61ms, 100.12ms]  82.39ms  35.57ms 823.86ms
                               'ls':        11 [776.14us,  55.80ms]  41.19ms  19.92ms 453.10ms        11 [  1.11ms, 100.08ms]  77.65ms  38.32ms 854.19ms
                               'ls':        12 [  1.52ms,  55.86ms]  38.81ms  21.06ms 465.67ms        12 [  4.28ms, 100.07ms]  72.40ms  40.00ms 868.75ms
                               'ls':        12 [  1.74ms,  56.15ms]  39.40ms  18.89ms 472.75ms        12 [  2.89ms, 100.11ms]  77.61ms  35.33ms 931.30ms
                               'ls':        12 [718.04us,  62.26ms]  39.67ms  24.49ms 476.06ms        12 [  1.05ms, 100.09ms]  70.88ms  40.76ms 850.58ms
                               'ls':        13 [411.63us,  58.00ms]  34.84ms  25.33ms 452.91ms        12 [  2.35ms, 100.28ms]  68.21ms  44.07ms 818.53ms
                               'ls':        14 [  1.37ms,  56.24ms]  33.54ms  23.16ms 469.55ms        14 [  2.20ms, 100.13ms]  65.12ms  43.17ms 911.74ms
                               'ls':        14 [144.87us,  65.87ms]  33.89ms  27.14ms 474.45ms        13 [104.29us, 100.11ms]  62.91ms  43.66ms 817.85ms
                               'ls':        15 [126.53us,  55.97ms]  30.14ms  24.65ms 452.04ms        14 [  1.14ms, 100.09ms]  59.16ms  46.10ms 828.24ms
                               'ls':        15 [491.54us,  59.29ms]  30.07ms  24.57ms 451.10ms        15 [620.85us, 100.12ms]  57.43ms  46.17ms 861.39ms
                               'ls':        16 [174.46us,  54.27ms]  29.66ms  23.52ms 474.52ms        15 [  1.22ms, 100.10ms]  61.65ms  44.27ms 924.79ms
                               'ls':        17 [809.09us,  57.35ms]  26.69ms  25.37ms 453.74ms        17 [646.65us, 100.09ms]  49.51ms  47.28ms 841.70ms
                               'ls':        19 [186.09us,  61.49ms]  24.73ms  25.75ms 469.90ms        19 [105.44us, 100.05ms]  45.14ms  46.77ms 857.60ms
                           'ls_lin':        11 [410.28us,  60.26ms]  41.30ms  23.16ms 454.26ms        10 [  3.65ms, 100.07ms]  82.81ms  34.78ms 828.06ms
                           'ls_lin':        12 [106.28us,  55.98ms]  39.32ms  21.33ms 471.86ms        11 [382.62us, 100.08ms]  78.35ms  36.63ms 861.84ms
                           'ls_lin':        12 [312.65us,  56.31ms]  38.46ms  22.13ms 461.47ms        12 [462.89us, 100.11ms]  72.00ms  40.80ms 864.01ms
                           'ls_lin':        13 [  1.01ms,  57.74ms]  36.15ms  23.73ms 469.93ms        13 [  1.40ms, 100.10ms]  66.24ms  43.28ms 861.15ms
                           'ls_lin':        13 [294.27us,  58.67ms]  35.26ms  24.53ms 458.40ms        13 [552.29us, 100.08ms]  60.73ms  42.59ms 789.51ms
                           'ls_lin':        13 [399.42us,  62.25ms]  34.65ms  27.04ms 450.48ms        13 [489.24us, 100.12ms]  58.68ms  46.53ms 762.82ms
                           'ls_lin':        13 [480.61us,  61.28ms]  36.66ms  23.74ms 476.55ms        13 [673.93us, 100.16ms]  67.62ms  44.01ms 879.12ms
                           'ls_lin':        13 [884.39us,  60.00ms]  34.66ms  24.91ms 450.58ms        13 [  1.09ms, 100.10ms]  64.38ms  42.95ms 837.00ms
                           'ls_lin':        14 [259.55us,  62.07ms]  32.70ms  26.73ms 457.79ms        14 [298.96us, 100.14ms]  57.00ms  45.88ms 798.02ms
                           'ls_lin':        16 [151.36us,  61.19ms]  28.95ms  26.41ms 463.20ms        15 [112.51us, 100.08ms]  55.79ms  47.35ms 836.85ms
                           'max_lp':         1 [503.45ms, 503.45ms] 503.45ms   0.00ns 503.45ms         1 [ 76.62ms,  76.62ms]  76.62ms   0.00ns  76.62ms
                            'no_lp':         1 [493.11ms, 493.11ms] 493.11ms   0.00ns 493.11ms         0 [  0.00ns,   0.00ns]   0.00ns   0.00ns   0.00ns
              'objective_lb_search':         1 [491.60ms, 491.60ms] 491.60ms   0.00ns 491.60ms         0 [  0.00ns,   0.00ns]   0.00ns   0.00ns   0.00ns
       'objective_lb_search_max_lp':         1 [497.88ms, 497.88ms] 497.88ms   0.00ns 497.88ms         1 [ 52.87ms,  52.87ms]  52.87ms   0.00ns  52.87ms
        'objective_lb_search_no_lp':         1 [491.79ms, 491.79ms] 491.79ms   0.00ns 491.79ms         1 [111.01ms, 111.01ms] 111.01ms   0.00ns 111.01ms
         'objective_shaving_max_lp':        34 [  1.14ms,  15.01ms]  10.47ms   3.86ms 356.07ms        30 [ 36.61us, 111.14us]  95.06us  20.97us   2.85ms
          'objective_shaving_no_lp':        34 [858.27us,  14.36ms]  10.51ms   3.22ms 357.29ms        32 [ 35.84us,  92.41us]  84.34us  16.80us   2.70ms
                          'probing':         1 [502.68ms, 502.68ms] 502.68ms   0.00ns 502.68ms         1 [ 15.03ms,  15.03ms]  15.03ms   0.00ns  15.03ms
                   'probing_max_lp':         1 [494.75ms, 494.75ms] 494.75ms   0.00ns 494.75ms         1 [ 16.60ms,  16.60ms]  16.60ms   0.00ns  16.60ms
                    'probing_no_lp':         1 [498.86ms, 498.86ms] 498.86ms   0.00ns 498.86ms         1 [ 60.14ms,  60.14ms]  60.14ms   0.00ns  60.14ms
                     'pseudo_costs':         1 [492.33ms, 492.33ms] 492.33ms   0.00ns 492.33ms         0 [  0.00ns,   0.00ns]   0.00ns   0.00ns   0.00ns
                    'quick_restart':         1 [492.73ms, 492.73ms] 492.73ms   0.00ns 492.73ms         1 [ 76.27ms,  76.27ms]  76.27ms   0.00ns  76.27ms
              'quick_restart_no_lp':         1 [492.39ms, 492.39ms] 492.39ms   0.00ns 492.39ms         1 [ 94.57ms,  94.57ms]  94.57ms   0.00ns  94.57ms
                    'reduced_costs':         1 [502.36ms, 502.36ms] 502.36ms   0.00ns 502.36ms         1 [ 59.76ms,  59.76ms]  59.76ms   0.00ns  59.76ms
                        'rins/rens':         5 [  8.05ms, 457.80ms] 358.50ms 175.50ms    1.79s         5 [323.40us,  90.31ms]  46.02ms  29.56ms 230.08ms
                      'rnd_cst_lns':         8 [ 10.03ms, 472.10ms] 224.43ms 210.71ms    1.80s         8 [353.01us,  68.16ms]  24.88ms  25.05ms 199.03ms
                      'rnd_var_lns':         8 [  6.32ms, 439.96ms] 185.13ms 194.88ms    1.48s         8 [190.84us,  56.84ms]  21.56ms  23.36ms 172.49ms
         'scheduling_intervals_lns':         4 [437.92ms, 488.25ms] 456.88ms  19.97ms    1.83s         4 [ 30.99ms,  36.04ms]  32.68ms   2.02ms 130.74ms
       'scheduling_precedences_lns':         4 [434.76ms, 486.08ms] 455.26ms  20.13ms    1.82s         4 [ 39.94ms,  58.54ms]  47.37ms   7.48ms 189.49ms
  'scheduling_resource_windows_lns':         4 [390.04ms, 484.66ms] 434.62ms  33.93ms    1.74s         4 [ 93.50ms, 100.09ms]  97.78ms   2.68ms 391.13ms
       'scheduling_time_window_lns':         5 [ 76.63ms, 488.18ms] 303.88ms 185.37ms    1.52s         5 [  4.29ms,  59.55ms]  33.04ms  22.98ms 165.22ms
                'variables_shaving':        88 [  6.31ms, 179.12ms]  26.53ms  37.47ms    2.33s        88 [207.27us,  18.06ms]   1.45ms   3.15ms 127.16ms
         'variables_shaving_max_lp':        33 [ 11.66ms, 266.35ms]  62.01ms  43.46ms    2.05s        33 [ 11.59us,  49.45ms]  10.56ms   8.30ms 348.37ms
          'variables_shaving_no_lp':        88 [  4.75ms, 347.60ms]  31.47ms  59.20ms    2.77s        88 [194.80us,  20.73ms]   1.56ms   3.53ms 137.45ms

Search stats                        Bools  Conflicts  Branches  Restarts  BoolPropag  IntegerPropag
                           'core':    788        154    16'197     5'924     974'266        423'706
                     'default_lp':    634        691     5'344     1'381      80'722        678'494
                          'fixed':  1'036      1'190     5'685       969     144'070        927'854
                      'fs_random':      0          0         0         0           0              0
                      'fs_random':      0          0         0         0           0              0
                      'fs_random':      0          0         0         0           0              0
                      'fs_random':      0          0         0         0           0              0
                      'fs_random':      0          0         0         0           0              0
                      'fs_random':      0          0         0         0           0              0
                      'fs_random':      0          0         0         0           0              0
                      'fs_random':      0          0         0         0           0              0
                      'fs_random':      0          0         0         0           0              0
                      'fs_random':      0          0         0         0           0              0
                      'fs_random':      0          0         0         0           0              0
                      'fs_random':      0          0         0         0           0              0
                'fs_random_no_lp':      0          0         0         0           0              0
                'fs_random_no_lp':      0          0         0         0           0              0
                'fs_random_no_lp':      0          0         0         0           0              0
                'fs_random_no_lp':      0          0         0         0           0              0
                'fs_random_no_lp':      0          0         0         0           0              0
                'fs_random_no_lp':      0          0         0         0           0              0
                'fs_random_no_lp':      0          0         0         0           0              0
                'fs_random_no_lp':      0          0         0         0           0              0
                'fs_random_no_lp':      0          0         0         0           0              0
                'fs_random_no_lp':      0          0         0         0           0              0
                'fs_random_no_lp':      0          0         0         0           0              0
                'fs_random_no_lp':      0          0         0         0           0              0
                'fs_random_no_lp':      0          0         0         0           0              0
        'fs_random_quick_restart':      0          0         0         0           0              0
        'fs_random_quick_restart':      0          0         0         0           0              0
        'fs_random_quick_restart':      0          0         0         0           0              0
        'fs_random_quick_restart':      0          0         0         0           0              0
        'fs_random_quick_restart':      0          0         0         0           0              0
        'fs_random_quick_restart':      0          0         0         0           0              0
        'fs_random_quick_restart':      0          0         0         0           0              0
        'fs_random_quick_restart':      0          0         0         0           0              0
        'fs_random_quick_restart':      0          0         0         0           0              0
        'fs_random_quick_restart':      0          0         0         0           0              0
        'fs_random_quick_restart':      0          0         0         0           0              0
        'fs_random_quick_restart':      0          0         0         0           0              0
  'fs_random_quick_restart_no_lp':      0          0         0         0           0              0
  'fs_random_quick_restart_no_lp':      0          0         0         0           0              0
  'fs_random_quick_restart_no_lp':      0          0         0         0           0              0
  'fs_random_quick_restart_no_lp':      0          0         0         0           0              0
  'fs_random_quick_restart_no_lp':      0          0         0         0           0              0
  'fs_random_quick_restart_no_lp':      0          0         0         0           0              0
  'fs_random_quick_restart_no_lp':      0          0         0         0           0              0
  'fs_random_quick_restart_no_lp':      0          0         0         0           0              0
  'fs_random_quick_restart_no_lp':      0          0         0         0           0              0
  'fs_random_quick_restart_no_lp':      0          0         0         0           0              0
  'fs_random_quick_restart_no_lp':      0          0         0         0           0              0
  'fs_random_quick_restart_no_lp':      0          0         0         0           0              0
                 'lb_tree_search':  1'434         58     7'055     4'171      32'433        145'165
                         'max_lp':    459        327     6'276     1'359      16'855        159'694
                          'no_lp':    738      1'466     4'406       433     138'860        804'927
            'objective_lb_search':    329      1'007     3'714       274      45'424        729'876
     'objective_lb_search_max_lp':  1'456        147     5'453     4'279      38'647        103'962
      'objective_lb_search_no_lp':    545      1'408     4'121       945     125'987        863'676
                        'probing':  1'756         50     3'462     3'462      33'379         66'039
                 'probing_max_lp':  1'476         18     2'934     2'934       3'301         26'726
                  'probing_no_lp':  2'007        464     8'625     5'216     146'052        292'735
                   'pseudo_costs':    534        395     3'795     1'232      16'934        188'896
                  'quick_restart':    850        593     8'872     1'274      58'503        570'694
            'quick_restart_no_lp':  1'341      1'002    14'461     2'485     243'454        569'637
                  'reduced_costs':  1'601        246     5'944     4'244      46'155        140'565

SAT stats                           ClassicMinim  LitRemoved  LitLearned  LitForgotten  Subsumed  MClauses  MDecisions  MLitTrue  MSubsumed  MLitRemoved  MReused
                           'core':             6          25         259             0         0     5'945      10'548         0          0            0    1'342
                     'default_lp':           405       1'427       5'976             0        14       435       1'521         0        193        1'417       75
                          'fixed':           940       2'369       9'515             0         8       192         514         0         79          409       18
                      'fs_random':             0           0           0             0         0         0           0         0          0            0        0
                      'fs_random':             0           0           0             0         0         0           0         0          0            0        0
                      'fs_random':             0           0           0             0         0         0           0         0          0            0        0
                      'fs_random':             0           0           0             0         0         0           0         0          0            0        0
                      'fs_random':             0           0           0             0         0         0           0         0          0            0        0
                      'fs_random':             0           0           0             0         0         0           0         0          0            0        0
                      'fs_random':             0           0           0             0         0         0           0         0          0            0        0
                      'fs_random':             0           0           0             0         0         0           0         0          0            0        0
                      'fs_random':             0           0           0             0         0         0           0         0          0            0        0
                      'fs_random':             0           0           0             0         0         0           0         0          0            0        0
                      'fs_random':             0           0           0             0         0         0           0         0          0            0        0
                      'fs_random':             0           0           0             0         0         0           0         0          0            0        0
                'fs_random_no_lp':             0           0           0             0         0         0           0         0          0            0        0
                'fs_random_no_lp':             0           0           0             0         0         0           0         0          0            0        0
                'fs_random_no_lp':             0           0           0             0         0         0           0         0          0            0        0
                'fs_random_no_lp':             0           0           0             0         0         0           0         0          0            0        0
                'fs_random_no_lp':             0           0           0             0         0         0           0         0          0            0        0
                'fs_random_no_lp':             0           0           0             0         0         0           0         0          0            0        0
                'fs_random_no_lp':             0           0           0             0         0         0           0         0          0            0        0
                'fs_random_no_lp':             0           0           0             0         0         0           0         0          0            0        0
                'fs_random_no_lp':             0           0           0             0         0         0           0         0          0            0        0
                'fs_random_no_lp':             0           0           0             0         0         0           0         0          0            0        0
                'fs_random_no_lp':             0           0           0             0         0         0           0         0          0            0        0
                'fs_random_no_lp':             0           0           0             0         0         0           0         0          0            0        0
                'fs_random_no_lp':             0           0           0             0         0         0           0         0          0            0        0
        'fs_random_quick_restart':             0           0           0             0         0         0           0         0          0            0        0
        'fs_random_quick_restart':             0           0           0             0         0         0           0         0          0            0        0
        'fs_random_quick_restart':             0           0           0             0         0         0           0         0          0            0        0
        'fs_random_quick_restart':             0           0           0             0         0         0           0         0          0            0        0
        'fs_random_quick_restart':             0           0           0             0         0         0           0         0          0            0        0
        'fs_random_quick_restart':             0           0           0             0         0         0           0         0          0            0        0
        'fs_random_quick_restart':             0           0           0             0         0         0           0         0          0            0        0
        'fs_random_quick_restart':             0           0           0             0         0         0           0         0          0            0        0
        'fs_random_quick_restart':             0           0           0             0         0         0           0         0          0            0        0
        'fs_random_quick_restart':             0           0           0             0         0         0           0         0          0            0        0
        'fs_random_quick_restart':             0           0           0             0         0         0           0         0          0            0        0
        'fs_random_quick_restart':             0           0           0             0         0         0           0         0          0            0        0
  'fs_random_quick_restart_no_lp':             0           0           0             0         0         0           0         0          0            0        0
  'fs_random_quick_restart_no_lp':             0           0           0             0         0         0           0         0          0            0        0
  'fs_random_quick_restart_no_lp':             0           0           0             0         0         0           0         0          0            0        0
  'fs_random_quick_restart_no_lp':             0           0           0             0         0         0           0         0          0            0        0
  'fs_random_quick_restart_no_lp':             0           0           0             0         0         0           0         0          0            0        0
  'fs_random_quick_restart_no_lp':             0           0           0             0         0         0           0         0          0            0        0
  'fs_random_quick_restart_no_lp':             0           0           0             0         0         0           0         0          0            0        0
  'fs_random_quick_restart_no_lp':             0           0           0             0         0         0           0         0          0            0        0
  'fs_random_quick_restart_no_lp':             0           0           0             0         0         0           0         0          0            0        0
  'fs_random_quick_restart_no_lp':             0           0           0             0         0         0           0         0          0            0        0
  'fs_random_quick_restart_no_lp':             0           0           0             0         0         0           0         0          0            0        0
  'fs_random_quick_restart_no_lp':             0           0           0             0         0         0           0         0          0            0        0
                 'lb_tree_search':            14          66         329             0         0        50         105         0          0            0        9
                         'max_lp':           184         492       3'708             0         4         0           0         0          0            0        0
                          'no_lp':         1'248       6'219      11'328             0        14         0           0         0          0            0        0
            'objective_lb_search':           673       1'839       5'110             0         8       341         577         0         23          144      329
     'objective_lb_search_max_lp':            49         133         332             0         8         0           0         0          0            0        0
      'objective_lb_search_no_lp':         1'280       9'373       8'327             0        24         0           0         0          0            0        0
                        'probing':             0           0          50             0         0         0           0         0          0            0        0
                 'probing_max_lp':             0           0          18             0         0         0           0         0          0            0        0
                  'probing_no_lp':           223         579       2'205             0        18         2           6         0          0            0        6
                   'pseudo_costs':           123         143       3'810             0         7         0           0         0          0            0        0
                  'quick_restart':           424       1'124       6'390             0        16       218         380         9         49          254      284
            'quick_restart_no_lp':            46         157       4'346             0         2     1'140          27         0          0            0    2'253
                  'reduced_costs':           158         195       1'361             0         0         0           0         0          0            0        0

Lp stats                         Component  Iterations  AddedCuts  OPTIMAL  DUAL_F.  DUAL_U.
                  'default_lp':         25         133          0    5'394        0        0
                       'fixed':         25         218          0    6'163        0        0
              'lb_tree_search':          1       1'812        319      825       36        0
                      'max_lp':          1       2'841        636    1'354       24        0
         'objective_lb_search':         25         207          0    6'066        0        0
  'objective_lb_search_max_lp':          1         841        757      261        0        0
                     'probing':         25         351          0   59'270        0        0
              'probing_max_lp':          1         299        252       97        0        0
                'pseudo_costs':          1       4'073      1'055    1'741       12        0
               'quick_restart':         25         669          0   18'118        0        0
               'reduced_costs':          1         926        659      502        2        0

Lp dimension                      Final dimension of first component
                  'default_lp':         2 rows, 9 columns, 4 entries
                       'fixed':         1 rows, 9 columns, 2 entries
              'lb_tree_search':   179 rows, 234 columns, 542 entries
                      'max_lp':   146 rows, 234 columns, 373 entries
         'objective_lb_search':         2 rows, 9 columns, 4 entries
  'objective_lb_search_max_lp':  375 rows, 234 columns, 2008 entries
                     'probing':         1 rows, 9 columns, 2 entries
              'probing_max_lp':  394 rows, 234 columns, 1542 entries
                'pseudo_costs':   213 rows, 234 columns, 607 entries
               'quick_restart':         1 rows, 9 columns, 2 entries
               'reduced_costs':   202 rows, 234 columns, 642 entries

Lp debug                         CutPropag  CutEqPropag  Adjust  Overflow     Bad  BadScaling
                  'default_lp':          0            0       0         0       0           0
                       'fixed':          0            0       0         0       0           0
              'lb_tree_search':          0            0     847         0   4'536           0
                      'max_lp':          0            7   1'282         0   4'025           0
         'objective_lb_search':          0            0       0         0       0           0
  'objective_lb_search_max_lp':          0           41     204         0   6'173           0
                     'probing':          0            0       0         0       0           0
              'probing_max_lp':          0           35      91         0  22'872           0
                'pseudo_costs':          0           10   1'205         0   4'078           0
               'quick_restart':          0            0       0         0       0           0
               'reduced_costs':          0            9     279         0   4'421           0

Lp pool                          Constraints  Updates  Simplif  Merged  Shortened  Split  Strenghtened     Cuts/Call
                  'default_lp':          242        0      100       0          0      0             0           0/0
                       'fixed':          242        0        3       0          0      0             0           0/0
              'lb_tree_search':          560      384       17       1          0      0             0     319/8'087
                      'max_lp':          841      514      402      37          0      0             0    636/15'646
         'objective_lb_search':          242        0       22       0          0      0             0           0/0
  'objective_lb_search_max_lp':          946      914    2'075      53          0      0            14     757/2'748
                     'probing':          242        0       28       0          0      0             0           0/0
              'probing_max_lp':          494      237        6       0          0      0             0     252/1'610
                'pseudo_costs':        1'183      559    1'836     114          0      0            36  1'055/16'734
               'quick_restart':          242        0      674       0          0      0             2           0/0
               'reduced_costs':          857      929      930      44          0      0             7     659/5'221

Lp Cut                                                pseudo_costs  probing_max_lp  max_lp  reduced_costs  lb_tree_search  objective_lb_search_max_lp
                                              CG_FF:             -               -       -              2               -                           -
                                               CG_K:             8               1       3              4               2                           9
                                               CG_R:            45               3      13             25               6                          23
                                            MIR_1_K:             6               1       1              3               -                           5
                                            MIR_1_R:            19               1       4             17               1                          21
                                            MIR_2_K:             5               1       1              1               -                           2
                                            MIR_2_R:             9               1       1              4               -                           4
                                            MIR_3_K:             2               1       -              1               1                           2
                                            MIR_3_R:             5               1       -              1               1                           1
                                            MIR_4_K:             2               -       -              1               1                           -
                                            MIR_4_R:             1               -       2              -               1                           -
                                            MIR_5_K:             -               1       -              -               -                           -
                                            MIR_5_R:             2               1       1              -               -                           -
                                            MIR_6_K:             1               -       -              -               -                           -
                  NoOverlapCompletionTimeExhaustive:            34               4      20             15              11                          28
           NoOverlapCompletionTimeExhaustive_lifted:            40               7      26             26              15                          27
  NoOverlapCompletionTimeExhaustive_lifted_weighted:           117              27      72             63              29                          80
         NoOverlapCompletionTimeExhaustive_weighted:            96              23      79             63              44                          73
                    NoOverlapCompletionTimeQueyrane:           147              42      98            101              59                         132
             NoOverlapCompletionTimeQueyrane_lifted:           257              58     140            169              70                         180
                        NoOverlapDetectedPrecedence:             8               -       9              6               -                           9
                          NoOverlapDisjunctionOnEnd:            20               -      14              1               -                           -
                        NoOverlapDisjunctionOnStart:           223              71     151            146              72                         147
                                        ZERO_HALF_R:             8               8       1             10               6                          14

LNS stats                             Improv/Calls  Closed  Difficulty  TimeLimit
                    'graph_arc_lns':           5/8     62%    8.49e-01       0.10
                    'graph_cst_lns':           5/9     67%    8.95e-01       0.10
                    'graph_dec_lns':          5/10     70%    9.26e-01       0.10
                    'graph_var_lns':           6/8     75%    9.20e-01       0.10
                     'lb_relax_lns':           4/5     40%    4.32e-01       0.50
                        'rins/rens':           3/5     20%    1.76e-01       0.10
                      'rnd_cst_lns':           7/8     50%    7.00e-01       0.10
                      'rnd_var_lns':           7/8     62%    8.49e-01       0.10
         'scheduling_intervals_lns':           3/4      0%    8.55e-02       0.10
       'scheduling_precedences_lns':           4/4      0%    8.55e-02       0.10
  'scheduling_resource_windows_lns':           4/4      0%    8.55e-02       0.10
       'scheduling_time_window_lns':           4/5     40%    4.32e-01       0.10

LS stats                                    Batches  Restarts/Perturbs  LinMoves  GenMoves  CompoundMoves  Bactracks  WeightUpdates  ScoreComputed
              'ls_decay_compound_perturb':       10                  8        29    17'415            696      5'151          4'824      3'172'539
                         'ls_lin_restart':        8                  8        60     5'348              0          0          3'895      1'976'256
                'ls_lin_restart_compound':       29                 23         0    39'884          2'439     18'698            562      6'667'388
        'ls_lin_restart_compound_perturb':       13                 13         0    17'007            846      8'069            192      3'599'716
                   'ls_lin_restart_decay':       16                 15        81    19'856              0          0          2'133      4'280'292
          'ls_lin_restart_decay_compound':       15                 15         0    17'673          1'066      8'295            193      3'101'026
  'ls_lin_restart_decay_compound_perturb':       15                 14         0    24'098          2'119     10'984            230      3'029'244
           'ls_lin_restart_decay_perturb':       17                 17       104    24'266              0          0          4'753      4'565'005
                 'ls_lin_restart_perturb':       17                 14        65    14'746              0          0         18'471      4'446'358
                             'ls_restart':       31                 28       146    31'722              0          0         38'685     10'374'172
                    'ls_restart_compound':       37                 31         0    48'418          2'595     22'887            613      8'010'201
            'ls_restart_compound_perturb':       37                 34         0    46'191          3'106     21'524            503      7'028'609
                       'ls_restart_decay':       24                 23       209    35'744              0          0          4'788      7'212'027
              'ls_restart_decay_compound':       23                 19         0    35'889          1'934     16'958            360      6'828'011
      'ls_restart_decay_compound_perturb':       33                 31         0    38'960          2'639     18'135            407      6'768'939
               'ls_restart_decay_perturb':       26                 25       152    35'277              0          0          4'891      6'708'972
                     'ls_restart_perturb':       19                 17       155    16'923              0          0         19'870      5'793'921

Solutions (59)                              Num     Rank
                                  'fixed':    2    [2,3]
                          'graph_arc_lns':    1  [33,33]
                          'graph_cst_lns':    2  [39,40]
                          'graph_dec_lns':    1  [23,23]
                          'graph_var_lns':    1  [30,30]
                    'lb_relax_lns_bool_h':    1  [37,37]
                         'ls_lin_restart':    1  [58,58]
                'ls_lin_restart_compound':    7  [11,48]
        'ls_lin_restart_compound_perturb':    1  [59,59]
                   'ls_lin_restart_decay':    2  [14,50]
          'ls_lin_restart_decay_compound':    3  [22,28]
  'ls_lin_restart_decay_compound_perturb':    2  [24,57]
           'ls_lin_restart_decay_perturb':    2  [12,46]
                 'ls_lin_restart_perturb':    1  [19,19]
                             'ls_restart':    1  [15,15]
                    'ls_restart_compound':    6   [4,53]
            'ls_restart_compound_perturb':    6   [6,43]
                       'ls_restart_decay':    2  [51,54]
      'ls_restart_decay_compound_perturb':    7   [8,55]
               'ls_restart_decay_perturb':    2  [35,56]
                     'ls_restart_perturb':    1  [47,47]
                                  'no_lp':    2    [1,7]
                          'quick_restart':    2  [20,38]
                          'rins_pump_lns':    1  [21,21]
                            'rnd_cst_lns':    2  [31,32]

Objective bounds                 Num
              'initial_domain':    1
                      'max_lp':    4
         'objective_lb_search':    5
  'objective_lb_search_max_lp':   20
   'objective_lb_search_no_lp':    1
                'pseudo_costs':    1
               'reduced_costs':    1

Solution repositories    Added  Queried  Synchro
  'feasible solutions':    330      497      179
   'fj solution hints':      0        0        0
        'lp solutions':     25        0       23
                'pump':    140        5

Improving bounds shared            Num  Sym
                  'default_lp':    231    0
                       'fixed':    201    0
              'lb_tree_search':      1    0
                      'max_lp':  1'264    0
                       'no_lp':    100    0
         'objective_lb_search':      2    0
  'objective_lb_search_max_lp':    463    0
   'objective_lb_search_no_lp':    157    0
              'probing_max_lp':    201    0
               'probing_no_lp':    916    0
                'pseudo_costs':    444    0
               'quick_restart':    617    0
         'quick_restart_no_lp':    292    0
               'reduced_costs':    595    0

CpSolverResponse summary:
status: OPTIMAL
objective: 32181
best_bound: 32031
integers: 0
booleans: 0
conflicts: 0
branches: 0
propagations: 0
integer_propagations: 0
restarts: 0
lp_iterations: 0
walltime: 0.528251
usertime: 0.528251
deterministic_time: 28.7481
gap_integral: 208.258
solution_fingerprint: 0xb44f11a7ed136b0c

