
Starting CP-SAT solver v9.14.6206
Parameters: max_time_in_seconds: 300 log_search_progress: true num_search_workers: 104 relative_gap_limit: 0.005

Initial optimization model '': (model_fingerprint: 0xf2703d898b1ef9fe)
#Variables: 493 (#ints: 87 in objective) (406 primary variables)
  - 87 in [0,33280]
  - 66 in [18720,33280]
  - 340 in [20160,33280]
#kInterval: 208 (#fixed: 5)
#kLinMax: 87 (#expressions: 174)
#kLinear1: 27
#kLinear2: 176
#kNoOverlap: 10 (#intervals: 208, #fixed_intervals: 5)

Starting presolve at 0.00s
  8.67e-05s  0.00e+00d  [DetectDominanceRelations] 
  1.97e-03s  0.00e+00d  [PresolveToFixPoint] #num_loops=10 #num_dual_strengthening=1 
  2.72e-06s  0.00e+00d  [ExtractEncodingFromLinear] 
  1.71e-05s  0.00e+00d  [DetectDuplicateColumns] 
  7.13e-05s  0.00e+00d  [DetectDuplicateConstraints] 
[Symmetry] Graph for symmetry has 1'161 nodes and 1'097 arcs.
[Symmetry] Symmetry computation done. time: 0.000102155 dtime: 0.00012579
  6.90e-05s  0.00e+00d  [DetectDuplicateConstraintsWithDifferentEnforcements] 
  5.63e-04s  4.36e-06d  [Probe] #new_bounds=17 
  3.35e-06s  0.00e+00d  [MaxClique] 
  7.19e-05s  0.00e+00d  [DetectDominanceRelations] 
  5.20e-04s  0.00e+00d  [PresolveToFixPoint] #num_loops=3 #num_dual_strengthening=2 
  3.06e-05s  0.00e+00d  [ProcessAtMostOneAndLinear] 
  6.40e-05s  0.00e+00d  [DetectDuplicateConstraints] 
  5.72e-05s  0.00e+00d  [DetectDuplicateConstraintsWithDifferentEnforcements] 
  2.55e-05s  1.34e-06d  [DetectDominatedLinearConstraints] #relevant_constraints=224 
  3.17e-05s  0.00e+00d  [DetectDifferentVariables] 
  2.68e-06s  0.00e+00d  [ProcessSetPPC] 
  2.69e-06s  0.00e+00d  [FindAlmostIdenticalLinearConstraints] 
  1.11e-05s  0.00e+00d  [FindBigAtMostOneAndLinearOverlap] 
  1.67e-05s  8.21e-06d  [FindBigVerticalLinearOverlap] 
  2.24e-06s  0.00e+00d  [FindBigHorizontalLinearOverlap] 
  1.93e-06s  0.00e+00d  [MergeClauses] 
  6.34e-05s  0.00e+00d  [DetectDominanceRelations] 
  3.52e-04s  0.00e+00d  [PresolveToFixPoint] #num_loops=1 #num_dual_strengthening=1 
  6.06e-05s  0.00e+00d  [DetectDominanceRelations] 
  3.49e-04s  0.00e+00d  [PresolveToFixPoint] #num_loops=1 #num_dual_strengthening=1 
  1.69e-05s  0.00e+00d  [DetectDuplicateColumns] 
  5.85e-05s  0.00e+00d  [DetectDuplicateConstraints] 
[Symmetry] Graph for symmetry has 1'156 nodes and 1'094 arcs.
[Symmetry] Symmetry computation done. time: 8.27e-05 dtime: 0.00012543
  6.57e-05s  0.00e+00d  [DetectDuplicateConstraintsWithDifferentEnforcements] 
  4.31e-04s  2.13e-06d  [Probe] 
  1.80e-06s  0.00e+00d  [MaxClique] 
  6.60e-05s  0.00e+00d  [DetectDominanceRelations] 
  4.00e-04s  0.00e+00d  [PresolveToFixPoint] #num_loops=1 #num_dual_strengthening=1 
  2.84e-05s  0.00e+00d  [ProcessAtMostOneAndLinear] 
  6.10e-05s  0.00e+00d  [DetectDuplicateConstraints] 
  5.69e-05s  0.00e+00d  [DetectDuplicateConstraintsWithDifferentEnforcements] 
  2.43e-05s  1.34e-06d  [DetectDominatedLinearConstraints] #relevant_constraints=224 
  2.72e-05s  0.00e+00d  [DetectDifferentVariables] 
  2.25e-06s  0.00e+00d  [ProcessSetPPC] 
  2.54e-06s  0.00e+00d  [FindAlmostIdenticalLinearConstraints] 
  1.09e-05s  0.00e+00d  [FindBigAtMostOneAndLinearOverlap] 
  1.62e-05s  8.21e-06d  [FindBigVerticalLinearOverlap] 
  1.81e-06s  0.00e+00d  [FindBigHorizontalLinearOverlap] 
  1.56e-06s  0.00e+00d  [MergeClauses] 
  6.40e-05s  0.00e+00d  [DetectDominanceRelations] 
  3.57e-04s  0.00e+00d  [PresolveToFixPoint] #num_loops=1 #num_dual_strengthening=1 
  1.80e-05s  0.00e+00d  [ExpandObjective] 

Presolve summary:
  - 232 affine relations were detected.
  - rule 'TODO dual: only one blocking constraint?' was applied 560 times.
  - rule 'TODO dual: only one unspecified blocking constraint?' was applied 336 times.
  - rule 'affine: new relation' was applied 232 times.
  - rule 'dual: reduced domain' was applied 4 times.
  - rule 'intervals: removed unused interval' was applied 5 times.
  - rule 'lin_max: converted abs to equality' was applied 26 times.
  - rule 'lin_max: converted to equality' was applied 6 times.
  - rule 'lin_max: propagate domain from x to abs(x)' was applied 33 times.
  - rule 'lin_max: removed exprs' was applied 6 times.
  - rule 'lin_max: rewrite with precedences' was applied 48 times.
  - rule 'lin_max: target domain reduced' was applied 54 times.
  - rule 'linear1: x in domain' was applied 18 times.
  - rule 'linear: always true' was applied 60 times.
  - rule 'linear: fixed or dup variables' was applied 3 times.
  - rule 'linear: reduced variable domains' was applied 1'027 times.
  - rule 'linear: remapped using affine relations' was applied 485 times.
  - rule 'no_overlap: split into disjoint components' was applied 5 times.
  - rule 'objective: variable not used elsewhere' was applied 3 times.
  - rule 'presolve: 3 unused variables removed.' was applied 1 time.
  - rule 'presolve: iteration' was applied 2 times.

Presolved optimization model '': (model_fingerprint: 0x9024d19e3b6da8c0)
#Variables: 258 (#ints: 81 in objective) (203 primary variables)
  - 219 different domains in [0,33259] with a largest complexity of 1.
#kInterval: 203
#kLinMax: 7 (#expressions: 14)
#kLinear2: 224
#kNoOverlap: 10 (#intervals: 203)
[Symmetry] Graph for symmetry has 921 nodes and 1'094 arcs.
[Symmetry] Symmetry computation done. time: 6.4679e-05 dtime: 0.00011133

Preloading model.
#Bound   0.01s best:inf   next:[47502,5489807] initial_domain
#Model   0.01s var:258/258 constraints:444/444

Starting search at 0.01s with 104 workers.
18 full problem subsolvers: [core, default_lp, fixed, lb_tree_search, max_lp, no_lp, objective_lb_search, objective_lb_search_max_lp, objective_lb_search_no_lp, objective_shaving_max_lp, objective_shaving_no_lp, probing, probing_max_lp, probing_no_lp, pseudo_costs, quick_restart, quick_restart_no_lp, reduced_costs]
86 first solution subsolvers: [fj(25), fj_lin(12), fs_random(12), fs_random_no_lp(13), fs_random_quick_restart(12), fs_random_quick_restart_no_lp(12)]
45 interleaved subsolvers: [feasibility_pump, graph_arc_lns, graph_cst_lns, graph_dec_lns, graph_var_lns, lb_relax_lns, ls(19), ls_lin(10), rins/rens, rnd_cst_lns, rnd_var_lns, scheduling_intervals_lns, scheduling_precedences_lns, scheduling_resource_windows_lns, scheduling_time_window_lns, variables_shaving, variables_shaving_max_lp, variables_shaving_no_lp]
3 helper subsolvers: [neighborhood_helper, synchronization_agent, update_gap_integral]

#Bound   0.02s best:inf   next:[47516,5489807] objective_lb_search
#Bound   0.02s best:inf   next:[47517,5489807] objective_lb_search
#Bound   0.02s best:inf   next:[48085,5489807] objective_lb_search
#1       0.02s best:153872 next:[48085,153871] quick_restart_no_lp
#Bound   0.02s best:153872 next:[48850,153871] objective_lb_search
#2       0.02s best:153300 next:[48850,153299] fixed
#Bound   0.02s best:153300 next:[49077,153299] objective_lb_search_no_lp
#Bound   0.03s best:153300 next:[49078,153299] objective_lb_search_no_lp
#3       0.03s best:97805 next:[49078,97804] fixed
#Bound   0.03s best:97805 next:[53769,97804] max_lp
#4       0.03s best:97802 next:[53769,97801] ls_restart_decay_compound_perturb(batch:1 lin{mvs:0 evals:216} gen{mvs:24 evals:230} comp{mvs:4 btracks:10} #w_updates:0 #perturb:0)
#5       0.03s best:96242 next:[53769,96241] ls_restart_compound(batch:1 lin{mvs:0 evals:453} gen{mvs:30 evals:430} comp{mvs:10 btracks:10} #w_updates:0 #perturb:0)
#6       0.03s best:96239 next:[53769,96238] ls_restart_compound(batch:1 lin{mvs:0 evals:453} gen{mvs:30 evals:430} comp{mvs:10 btracks:10} #w_updates:0 #perturb:0) [combined with: ls_restart_decay_com...]
#7       0.03s best:94140 next:[53769,94139] ls_restart_compound_perturb(batch:1 lin{mvs:0 evals:138} gen{mvs:8 evals:127} comp{mvs:8 btracks:0} #w_updates:0 #perturb:0)
#Bound   0.04s best:94140 next:[54576,94139] max_lp
#8       0.04s best:94087 next:[54576,94086] ls_restart_compound(batch:1 lin{mvs:0 evals:569} gen{mvs:38 evals:525} comp{mvs:22 btracks:8} #w_updates:0 #perturb:0)
#9       0.04s best:94084 next:[54576,94083] ls_restart_compound_perturb(batch:1 lin{mvs:0 evals:2'156} gen{mvs:154 evals:2'027} comp{mvs:28 btracks:63} #w_updates:3 #perturb:0) [combined with: ls_restart_compound(...]
#10      0.04s best:93008 next:[54576,93007] ls_restart_decay(batch:1 lin{mvs:28 evals:4'632} gen{mvs:250 evals:4'419} #w_updates:61 #perturb:0)
#Bound   0.05s best:93008 next:[54588,93007] max_lp
#11      0.05s best:93005 next:[54588,93004] ls_restart_compound_perturb(batch:1 lin{mvs:0 evals:118} gen{mvs:8 evals:122} comp{mvs:4 btracks:2} #w_updates:0 #perturb:0)
#12      0.05s best:92617 next:[54588,92616] quick_restart_no_lp
#13      0.05s best:92615 next:[54588,92614] ls_restart_decay_compound_perturb(batch:1 lin{mvs:0 evals:416} gen{mvs:22 evals:403} comp{mvs:18 btracks:2} #w_updates:0 #perturb:0) [combined with: quick_restart_no_lp...]
#14      0.05s best:91497 next:[54588,91496] ls_lin_restart_compound(batch:1 lin{mvs:0 evals:360} gen{mvs:33 evals:355} comp{mvs:15 btracks:9} #w_updates:0 #perturb:0)
#15      0.05s best:90935 next:[54588,90934] ls_restart_compound_perturb(batch:1 lin{mvs:0 evals:96} gen{mvs:6 evals:92} comp{mvs:6 btracks:0} #w_updates:0 #perturb:0)
#16      0.05s best:90875 next:[54588,90874] ls_restart_decay_compound_perturb(batch:1 lin{mvs:0 evals:49} gen{mvs:3 evals:48} comp{mvs:3 btracks:0} #w_updates:0 #perturb:0) [combined with: ls_restart_compound_...]
#17      0.05s best:90020 next:[54588,90019] ls_restart_compound(batch:1 lin{mvs:0 evals:147} gen{mvs:10 evals:148} comp{mvs:6 btracks:2} #w_updates:0 #perturb:0)
#18      0.05s best:90005 next:[54588,90004] ls_restart_decay_compound(batch:1 lin{mvs:0 evals:631} gen{mvs:43 evals:631} comp{mvs:23 btracks:10} #w_updates:0 #perturb:0) [combined with: ls_restart_compound(...]
#19      0.06s best:90002 next:[54588,90001] ls_lin_restart_compound(batch:1 lin{mvs:0 evals:739} gen{mvs:68 evals:766} comp{mvs:22 btracks:23} #w_updates:1 #perturb:0)
#20      0.06s best:89978 next:[54588,89977] ls_lin_restart_compound(batch:1 lin{mvs:0 evals:42} gen{mvs:2 evals:39} comp{mvs:2 btracks:0} #w_updates:0 #perturb:0)
#21      0.06s best:89975 next:[54588,89974] ls_restart_compound_perturb(batch:1 lin{mvs:0 evals:25} gen{mvs:2 evals:27} comp{mvs:2 btracks:0} #w_updates:0 #perturb:0)
#22      0.06s best:68399 next:[54588,68398] core
#23      0.07s best:68077 next:[54588,68076] ls_lin_restart_decay_compound(batch:1 lin{mvs:0 evals:271} gen{mvs:70 evals:946} comp{mvs:22 btracks:24} #w_updates:0 #perturb:0)
#24      0.07s best:66204 next:[54588,66203] ls_lin_restart_perturb(batch:1 lin{mvs:22 evals:687} gen{mvs:104 evals:1'819} #w_updates:39 #perturb:0)
#25      0.07s best:65882 next:[54588,65881] ls_lin_restart_perturb(batch:1 lin{mvs:22 evals:687} gen{mvs:104 evals:1'819} #w_updates:39 #perturb:0) [combined with: ls_lin_restart_decay...]
#26      0.07s best:65830 next:[54588,65829] ls_restart_compound_perturb(batch:1 lin{mvs:0 evals:32} gen{mvs:17 evals:140} comp{mvs:3 btracks:7} #w_updates:0 #perturb:0)
#27      0.07s best:64234 next:[54588,64233] rins_pump_lns (d=5.00e-01 s=113 t=0.10 p=0.00 stall=0 h=base) [combined with: ls_restart_compound_...]
#28      0.08s best:63730 next:[54588,63729] graph_cst_lns (d=5.00e-01 s=115 t=0.10 p=0.00 stall=0 h=base) [combined with: rins_pump_lns (d=5.0...]
#29      0.08s best:63694 next:[54588,63693] ls_restart_compound(batch:1 lin{mvs:0 evals:32} gen{mvs:5 evals:117} comp{mvs:5 btracks:0} #w_updates:0 #perturb:0)
#30      0.08s best:63681 next:[54588,63680] ls_restart_compound(batch:1 lin{mvs:0 evals:148} gen{mvs:54 evals:578} comp{mvs:18 btracks:18} #w_updates:1 #perturb:0)
#31      0.08s best:63668 next:[54588,63667] ls_lin_restart_decay_compound_perturb(batch:1 lin{mvs:0 evals:148} gen{mvs:43 evals:528} comp{mvs:17 btracks:13} #w_updates:0 #perturb:0)
#32      0.08s best:60522 next:[54588,60521] ls_lin_restart_decay_compound_perturb(batch:1 lin{mvs:0 evals:165} gen{mvs:40 evals:586} comp{mvs:20 btracks:10} #w_updates:0 #perturb:0)
#33      0.09s best:60509 next:[54588,60508] ls_restart_decay_compound(batch:1 lin{mvs:0 evals:237} gen{mvs:65 evals:838} comp{mvs:11 btracks:27} #w_updates:1 #perturb:0)
#34      0.09s best:60496 next:[54588,60495] ls_restart_compound_perturb(batch:1 lin{mvs:0 evals:159} gen{mvs:45 evals:666} comp{mvs:23 btracks:11} #w_updates:1 #perturb:0)
#35      0.09s best:60483 next:[54588,60482] ls_restart_compound_perturb(batch:1 lin{mvs:0 evals:149} gen{mvs:39 evals:529} comp{mvs:17 btracks:11} #w_updates:0 #perturb:0)
#36      0.09s best:60470 next:[54588,60469] ls_restart_compound(batch:1 lin{mvs:0 evals:12} gen{mvs:3 evals:46} comp{mvs:3 btracks:0} #w_updates:0 #perturb:0)
#37      0.09s best:60457 next:[54588,60456] ls_lin_restart_decay_compound_perturb(batch:1 lin{mvs:0 evals:75} gen{mvs:17 evals:272} comp{mvs:17 btracks:0} #w_updates:0 #perturb:0)
#38      0.10s best:60444 next:[54588,60443] ls_lin_restart_compound_perturb(batch:1 lin{mvs:0 evals:38} gen{mvs:9 evals:144} comp{mvs:9 btracks:0} #w_updates:0 #perturb:0)
#39      0.10s best:60200 next:[54588,60199] ls_restart(batch:1 lin{mvs:22 evals:1'068} gen{mvs:271 evals:4'605} #w_updates:382 #perturb:0) [combined with: ls_lin_restart_compo...]
#40      0.10s best:60080 next:[54588,60079] graph_var_lns (d=5.00e-01 s=114 t=0.10 p=0.00 stall=0 h=base) [combined with: ls_restart(batch:1 l...]
#41      0.11s best:58718 next:[54588,58717] rnd_var_lns (d=7.07e-01 s=238 t=0.10 p=1.00 stall=0 h=base)
#42      0.11s best:58685 next:[54588,58684] rnd_var_lns (d=7.07e-01 s=238 t=0.10 p=1.00 stall=0 h=base) [combined with: graph_var_lns (d=5.0...]
#Bound   0.14s best:58685 next:[54594,58684] max_lp
#Bound   0.20s best:58685 next:[54691,58684] lb_tree_search
#Bound   0.22s best:58685 next:[54692,58684] lb_tree_search
#Bound   0.23s best:58685 next:[54695,58684] lb_tree_search
#Bound   0.25s best:58685 next:[54696,58684] lb_tree_search
#Bound   0.40s best:58685 next:[56541,58684] objective_lb_search_max_lp
#43      0.41s best:58598 next:[56541,58597] quick_restart
#44      0.42s best:58585 next:[56541,58584] ls_lin_restart_decay(batch:1 lin{mvs:5 evals:140} gen{mvs:39 evals:457} #w_updates:61 #perturb:0)
#Bound   0.45s best:58585 next:[56786,58584] objective_lb_search_max_lp
#45      0.45s best:58237 next:[56786,58236] quick_restart_no_lp
#46      0.46s best:58222 next:[56786,58221] ls_restart_compound(batch:1 lin{mvs:0 evals:168} gen{mvs:37 evals:661} comp{mvs:13 btracks:12} #w_updates:1 #perturb:0)
#47      0.46s best:58208 next:[56786,58207] ls_restart_decay(batch:1 lin{mvs:5 evals:134} gen{mvs:15 evals:248} #w_updates:3 #perturb:0)
#Bound   0.46s best:58208 next:[56869,58207] objective_lb_search_max_lp
#48      0.47s best:58195 next:[56869,58194] ls_restart(batch:1 lin{mvs:4 evals:367} gen{mvs:106 evals:1'824} #w_updates:71 #perturb:0)
#49      0.47s best:58182 next:[56869,58181] ls_restart_perturb(batch:1 lin{mvs:4 evals:242} gen{mvs:51 evals:807} #w_updates:27 #perturb:0)
#50      0.47s best:58169 next:[56869,58168] ls_restart_decay_compound(batch:1 lin{mvs:0 evals:207} gen{mvs:63 evals:761} comp{mvs:23 btracks:20} #w_updates:0 #perturb:0)
#51      0.48s best:58156 next:[56869,58155] ls_restart_compound(batch:1 lin{mvs:0 evals:220} gen{mvs:68 evals:793} comp{mvs:22 btracks:23} #w_updates:0 #perturb:0)
#Bound   0.48s best:58156 next:[56940,58155] objective_lb_search_max_lp
#52      0.48s best:58143 next:[56940,58142] ls_restart_compound(batch:1 lin{mvs:0 evals:177} gen{mvs:45 evals:637} comp{mvs:21 btracks:12} #w_updates:0 #perturb:0)
#53      0.48s best:58130 next:[56940,58129] ls_restart_compound(batch:1 lin{mvs:0 evals:88} gen{mvs:22 evals:336} comp{mvs:16 btracks:3} #w_updates:0 #perturb:0)
#Bound   0.50s best:58130 next:[56943,58129] objective_lb_search_max_lp
#Bound   0.52s best:58130 next:[57236,58129] objective_lb_search_max_lp
#54      0.59s best:57475 next:[57236,57474] reduced_costs
Relative gap limit of 0.005 reached.
Relative gap limit of 0.005 reached.
#Bound   0.59s best:57475 next:[57237,57474] objective_lb_search_max_lp [skipped_logs=0]

Task timing                                  n [     min,      max]      avg      dev     time         n [     min,      max]      avg      dev    dtime
                             'core':         1 [582.96ms, 582.96ms] 582.96ms   0.00ns 582.96ms         1 [231.01ms, 231.01ms] 231.01ms   0.00ns 231.01ms
                       'default_lp':         1 [579.33ms, 579.33ms] 579.33ms   0.00ns 579.33ms         1 [ 79.81ms,  79.81ms]  79.81ms   0.00ns  79.81ms
                 'feasibility_pump':       141 [ 72.34us,   1.79ms] 134.62us 171.91us  18.98ms       139 [ 36.27us, 457.97us]  39.56us  35.75us   5.50ms
                            'fixed':         1 [581.29ms, 581.29ms] 581.29ms   0.00ns 581.29ms         1 [142.31ms, 142.31ms] 142.31ms   0.00ns 142.31ms
                               'fj':         0 [  0.00ns,   0.00ns]   0.00ns   0.00ns   0.00ns         0 [  0.00ns,   0.00ns]   0.00ns   0.00ns   0.00ns
                               'fj':         0 [  0.00ns,   0.00ns]   0.00ns   0.00ns   0.00ns         0 [  0.00ns,   0.00ns]   0.00ns   0.00ns   0.00ns
                               'fj':         0 [  0.00ns,   0.00ns]   0.00ns   0.00ns   0.00ns         0 [  0.00ns,   0.00ns]   0.00ns   0.00ns   0.00ns
                               'fj':         0 [  0.00ns,   0.00ns]   0.00ns   0.00ns   0.00ns         0 [  0.00ns,   0.00ns]   0.00ns   0.00ns   0.00ns
                               'fj':         0 [  0.00ns,   0.00ns]   0.00ns   0.00ns   0.00ns         0 [  0.00ns,   0.00ns]   0.00ns   0.00ns   0.00ns
                               'fj':         0 [  0.00ns,   0.00ns]   0.00ns   0.00ns   0.00ns         0 [  0.00ns,   0.00ns]   0.00ns   0.00ns   0.00ns
                               'fj':         0 [  0.00ns,   0.00ns]   0.00ns   0.00ns   0.00ns         0 [  0.00ns,   0.00ns]   0.00ns   0.00ns   0.00ns
                               'fj':         0 [  0.00ns,   0.00ns]   0.00ns   0.00ns   0.00ns         0 [  0.00ns,   0.00ns]   0.00ns   0.00ns   0.00ns
                               'fj':         0 [  0.00ns,   0.00ns]   0.00ns   0.00ns   0.00ns         0 [  0.00ns,   0.00ns]   0.00ns   0.00ns   0.00ns
                               'fj':         0 [  0.00ns,   0.00ns]   0.00ns   0.00ns   0.00ns         0 [  0.00ns,   0.00ns]   0.00ns   0.00ns   0.00ns
                               'fj':         0 [  0.00ns,   0.00ns]   0.00ns   0.00ns   0.00ns         0 [  0.00ns,   0.00ns]   0.00ns   0.00ns   0.00ns
                               'fj':         0 [  0.00ns,   0.00ns]   0.00ns   0.00ns   0.00ns         0 [  0.00ns,   0.00ns]   0.00ns   0.00ns   0.00ns
                               'fj':         0 [  0.00ns,   0.00ns]   0.00ns   0.00ns   0.00ns         0 [  0.00ns,   0.00ns]   0.00ns   0.00ns   0.00ns
                               'fj':         0 [  0.00ns,   0.00ns]   0.00ns   0.00ns   0.00ns         0 [  0.00ns,   0.00ns]   0.00ns   0.00ns   0.00ns
                               'fj':         0 [  0.00ns,   0.00ns]   0.00ns   0.00ns   0.00ns         0 [  0.00ns,   0.00ns]   0.00ns   0.00ns   0.00ns
                               'fj':         0 [  0.00ns,   0.00ns]   0.00ns   0.00ns   0.00ns         0 [  0.00ns,   0.00ns]   0.00ns   0.00ns   0.00ns
                               'fj':         0 [  0.00ns,   0.00ns]   0.00ns   0.00ns   0.00ns         0 [  0.00ns,   0.00ns]   0.00ns   0.00ns   0.00ns
                               'fj':         0 [  0.00ns,   0.00ns]   0.00ns   0.00ns   0.00ns         0 [  0.00ns,   0.00ns]   0.00ns   0.00ns   0.00ns
                               'fj':         0 [  0.00ns,   0.00ns]   0.00ns   0.00ns   0.00ns         0 [  0.00ns,   0.00ns]   0.00ns   0.00ns   0.00ns
                               'fj':         0 [  0.00ns,   0.00ns]   0.00ns   0.00ns   0.00ns         0 [  0.00ns,   0.00ns]   0.00ns   0.00ns   0.00ns
                               'fj':         0 [  0.00ns,   0.00ns]   0.00ns   0.00ns   0.00ns         0 [  0.00ns,   0.00ns]   0.00ns   0.00ns   0.00ns
                               'fj':         0 [  0.00ns,   0.00ns]   0.00ns   0.00ns   0.00ns         0 [  0.00ns,   0.00ns]   0.00ns   0.00ns   0.00ns
                               'fj':         0 [  0.00ns,   0.00ns]   0.00ns   0.00ns   0.00ns         0 [  0.00ns,   0.00ns]   0.00ns   0.00ns   0.00ns
                               'fj':         0 [  0.00ns,   0.00ns]   0.00ns   0.00ns   0.00ns         0 [  0.00ns,   0.00ns]   0.00ns   0.00ns   0.00ns
                               'fj':         0 [  0.00ns,   0.00ns]   0.00ns   0.00ns   0.00ns         0 [  0.00ns,   0.00ns]   0.00ns   0.00ns   0.00ns
                           'fj_lin':         0 [  0.00ns,   0.00ns]   0.00ns   0.00ns   0.00ns         0 [  0.00ns,   0.00ns]   0.00ns   0.00ns   0.00ns
                           'fj_lin':         0 [  0.00ns,   0.00ns]   0.00ns   0.00ns   0.00ns         0 [  0.00ns,   0.00ns]   0.00ns   0.00ns   0.00ns
                           'fj_lin':         0 [  0.00ns,   0.00ns]   0.00ns   0.00ns   0.00ns         0 [  0.00ns,   0.00ns]   0.00ns   0.00ns   0.00ns
                           'fj_lin':         0 [  0.00ns,   0.00ns]   0.00ns   0.00ns   0.00ns         0 [  0.00ns,   0.00ns]   0.00ns   0.00ns   0.00ns
                           'fj_lin':         0 [  0.00ns,   0.00ns]   0.00ns   0.00ns   0.00ns         0 [  0.00ns,   0.00ns]   0.00ns   0.00ns   0.00ns
                           'fj_lin':         0 [  0.00ns,   0.00ns]   0.00ns   0.00ns   0.00ns         0 [  0.00ns,   0.00ns]   0.00ns   0.00ns   0.00ns
                           'fj_lin':         0 [  0.00ns,   0.00ns]   0.00ns   0.00ns   0.00ns         0 [  0.00ns,   0.00ns]   0.00ns   0.00ns   0.00ns
                           'fj_lin':         0 [  0.00ns,   0.00ns]   0.00ns   0.00ns   0.00ns         0 [  0.00ns,   0.00ns]   0.00ns   0.00ns   0.00ns
                           'fj_lin':         0 [  0.00ns,   0.00ns]   0.00ns   0.00ns   0.00ns         0 [  0.00ns,   0.00ns]   0.00ns   0.00ns   0.00ns
                           'fj_lin':         0 [  0.00ns,   0.00ns]   0.00ns   0.00ns   0.00ns         0 [  0.00ns,   0.00ns]   0.00ns   0.00ns   0.00ns
                           'fj_lin':         0 [  0.00ns,   0.00ns]   0.00ns   0.00ns   0.00ns         0 [  0.00ns,   0.00ns]   0.00ns   0.00ns   0.00ns
                           'fj_lin':         0 [  0.00ns,   0.00ns]   0.00ns   0.00ns   0.00ns         0 [  0.00ns,   0.00ns]   0.00ns   0.00ns   0.00ns
                        'fs_random':         0 [  0.00ns,   0.00ns]   0.00ns   0.00ns   0.00ns         0 [  0.00ns,   0.00ns]   0.00ns   0.00ns   0.00ns
                        'fs_random':         0 [  0.00ns,   0.00ns]   0.00ns   0.00ns   0.00ns         0 [  0.00ns,   0.00ns]   0.00ns   0.00ns   0.00ns
                        'fs_random':         0 [  0.00ns,   0.00ns]   0.00ns   0.00ns   0.00ns         0 [  0.00ns,   0.00ns]   0.00ns   0.00ns   0.00ns
                        'fs_random':         0 [  0.00ns,   0.00ns]   0.00ns   0.00ns   0.00ns         0 [  0.00ns,   0.00ns]   0.00ns   0.00ns   0.00ns
                        'fs_random':         0 [  0.00ns,   0.00ns]   0.00ns   0.00ns   0.00ns         0 [  0.00ns,   0.00ns]   0.00ns   0.00ns   0.00ns
                        'fs_random':         0 [  0.00ns,   0.00ns]   0.00ns   0.00ns   0.00ns         0 [  0.00ns,   0.00ns]   0.00ns   0.00ns   0.00ns
                        'fs_random':         0 [  0.00ns,   0.00ns]   0.00ns   0.00ns   0.00ns         0 [  0.00ns,   0.00ns]   0.00ns   0.00ns   0.00ns
                        'fs_random':         0 [  0.00ns,   0.00ns]   0.00ns   0.00ns   0.00ns         0 [  0.00ns,   0.00ns]   0.00ns   0.00ns   0.00ns
                        'fs_random':         0 [  0.00ns,   0.00ns]   0.00ns   0.00ns   0.00ns         0 [  0.00ns,   0.00ns]   0.00ns   0.00ns   0.00ns
                        'fs_random':         0 [  0.00ns,   0.00ns]   0.00ns   0.00ns   0.00ns         0 [  0.00ns,   0.00ns]   0.00ns   0.00ns   0.00ns
                        'fs_random':         1 [  1.37ms,   1.37ms]   1.37ms   0.00ns   1.37ms         0 [  0.00ns,   0.00ns]   0.00ns   0.00ns   0.00ns
                        'fs_random':         1 [  3.20ms,   3.20ms]   3.20ms   0.00ns   3.20ms         0 [  0.00ns,   0.00ns]   0.00ns   0.00ns   0.00ns
                  'fs_random_no_lp':         0 [  0.00ns,   0.00ns]   0.00ns   0.00ns   0.00ns         0 [  0.00ns,   0.00ns]   0.00ns   0.00ns   0.00ns
                  'fs_random_no_lp':         0 [  0.00ns,   0.00ns]   0.00ns   0.00ns   0.00ns         0 [  0.00ns,   0.00ns]   0.00ns   0.00ns   0.00ns
                  'fs_random_no_lp':         0 [  0.00ns,   0.00ns]   0.00ns   0.00ns   0.00ns         0 [  0.00ns,   0.00ns]   0.00ns   0.00ns   0.00ns
                  'fs_random_no_lp':         0 [  0.00ns,   0.00ns]   0.00ns   0.00ns   0.00ns         0 [  0.00ns,   0.00ns]   0.00ns   0.00ns   0.00ns
                  'fs_random_no_lp':         0 [  0.00ns,   0.00ns]   0.00ns   0.00ns   0.00ns         0 [  0.00ns,   0.00ns]   0.00ns   0.00ns   0.00ns
                  'fs_random_no_lp':         0 [  0.00ns,   0.00ns]   0.00ns   0.00ns   0.00ns         0 [  0.00ns,   0.00ns]   0.00ns   0.00ns   0.00ns
                  'fs_random_no_lp':         0 [  0.00ns,   0.00ns]   0.00ns   0.00ns   0.00ns         0 [  0.00ns,   0.00ns]   0.00ns   0.00ns   0.00ns
                  'fs_random_no_lp':         0 [  0.00ns,   0.00ns]   0.00ns   0.00ns   0.00ns         0 [  0.00ns,   0.00ns]   0.00ns   0.00ns   0.00ns
                  'fs_random_no_lp':         0 [  0.00ns,   0.00ns]   0.00ns   0.00ns   0.00ns         0 [  0.00ns,   0.00ns]   0.00ns   0.00ns   0.00ns
                  'fs_random_no_lp':         0 [  0.00ns,   0.00ns]   0.00ns   0.00ns   0.00ns         0 [  0.00ns,   0.00ns]   0.00ns   0.00ns   0.00ns
                  'fs_random_no_lp':         0 [  0.00ns,   0.00ns]   0.00ns   0.00ns   0.00ns         0 [  0.00ns,   0.00ns]   0.00ns   0.00ns   0.00ns
                  'fs_random_no_lp':         1 [  1.58ms,   1.58ms]   1.58ms   0.00ns   1.58ms         0 [  0.00ns,   0.00ns]   0.00ns   0.00ns   0.00ns
                  'fs_random_no_lp':         1 [  1.68ms,   1.68ms]   1.68ms   0.00ns   1.68ms         1 [ 61.82us,  61.82us]  61.82us   0.00ns  61.82us
          'fs_random_quick_restart':         0 [  0.00ns,   0.00ns]   0.00ns   0.00ns   0.00ns         0 [  0.00ns,   0.00ns]   0.00ns   0.00ns   0.00ns
          'fs_random_quick_restart':         0 [  0.00ns,   0.00ns]   0.00ns   0.00ns   0.00ns         0 [  0.00ns,   0.00ns]   0.00ns   0.00ns   0.00ns
          'fs_random_quick_restart':         0 [  0.00ns,   0.00ns]   0.00ns   0.00ns   0.00ns         0 [  0.00ns,   0.00ns]   0.00ns   0.00ns   0.00ns
          'fs_random_quick_restart':         0 [  0.00ns,   0.00ns]   0.00ns   0.00ns   0.00ns         0 [  0.00ns,   0.00ns]   0.00ns   0.00ns   0.00ns
          'fs_random_quick_restart':         0 [  0.00ns,   0.00ns]   0.00ns   0.00ns   0.00ns         0 [  0.00ns,   0.00ns]   0.00ns   0.00ns   0.00ns
          'fs_random_quick_restart':         0 [  0.00ns,   0.00ns]   0.00ns   0.00ns   0.00ns         0 [  0.00ns,   0.00ns]   0.00ns   0.00ns   0.00ns
          'fs_random_quick_restart':         0 [  0.00ns,   0.00ns]   0.00ns   0.00ns   0.00ns         0 [  0.00ns,   0.00ns]   0.00ns   0.00ns   0.00ns
          'fs_random_quick_restart':         0 [  0.00ns,   0.00ns]   0.00ns   0.00ns   0.00ns         0 [  0.00ns,   0.00ns]   0.00ns   0.00ns   0.00ns
          'fs_random_quick_restart':         0 [  0.00ns,   0.00ns]   0.00ns   0.00ns   0.00ns         0 [  0.00ns,   0.00ns]   0.00ns   0.00ns   0.00ns
          'fs_random_quick_restart':         0 [  0.00ns,   0.00ns]   0.00ns   0.00ns   0.00ns         0 [  0.00ns,   0.00ns]   0.00ns   0.00ns   0.00ns
          'fs_random_quick_restart':         1 [  1.07ms,   1.07ms]   1.07ms   0.00ns   1.07ms         0 [  0.00ns,   0.00ns]   0.00ns   0.00ns   0.00ns
          'fs_random_quick_restart':         1 [958.21us, 958.21us] 958.21us   0.00ns 958.21us         0 [  0.00ns,   0.00ns]   0.00ns   0.00ns   0.00ns
    'fs_random_quick_restart_no_lp':         0 [  0.00ns,   0.00ns]   0.00ns   0.00ns   0.00ns         0 [  0.00ns,   0.00ns]   0.00ns   0.00ns   0.00ns
    'fs_random_quick_restart_no_lp':         0 [  0.00ns,   0.00ns]   0.00ns   0.00ns   0.00ns         0 [  0.00ns,   0.00ns]   0.00ns   0.00ns   0.00ns
    'fs_random_quick_restart_no_lp':         0 [  0.00ns,   0.00ns]   0.00ns   0.00ns   0.00ns         0 [  0.00ns,   0.00ns]   0.00ns   0.00ns   0.00ns
    'fs_random_quick_restart_no_lp':         0 [  0.00ns,   0.00ns]   0.00ns   0.00ns   0.00ns         0 [  0.00ns,   0.00ns]   0.00ns   0.00ns   0.00ns
    'fs_random_quick_restart_no_lp':         0 [  0.00ns,   0.00ns]   0.00ns   0.00ns   0.00ns         0 [  0.00ns,   0.00ns]   0.00ns   0.00ns   0.00ns
    'fs_random_quick_restart_no_lp':         0 [  0.00ns,   0.00ns]   0.00ns   0.00ns   0.00ns         0 [  0.00ns,   0.00ns]   0.00ns   0.00ns   0.00ns
    'fs_random_quick_restart_no_lp':         0 [  0.00ns,   0.00ns]   0.00ns   0.00ns   0.00ns         0 [  0.00ns,   0.00ns]   0.00ns   0.00ns   0.00ns
    'fs_random_quick_restart_no_lp':         0 [  0.00ns,   0.00ns]   0.00ns   0.00ns   0.00ns         0 [  0.00ns,   0.00ns]   0.00ns   0.00ns   0.00ns
    'fs_random_quick_restart_no_lp':         0 [  0.00ns,   0.00ns]   0.00ns   0.00ns   0.00ns         0 [  0.00ns,   0.00ns]   0.00ns   0.00ns   0.00ns
    'fs_random_quick_restart_no_lp':         0 [  0.00ns,   0.00ns]   0.00ns   0.00ns   0.00ns         0 [  0.00ns,   0.00ns]   0.00ns   0.00ns   0.00ns
    'fs_random_quick_restart_no_lp':         1 [  1.14ms,   1.14ms]   1.14ms   0.00ns   1.14ms         0 [  0.00ns,   0.00ns]   0.00ns   0.00ns   0.00ns
    'fs_random_quick_restart_no_lp':         1 [  2.10ms,   2.10ms]   2.10ms   0.00ns   2.10ms         0 [  0.00ns,   0.00ns]   0.00ns   0.00ns   0.00ns
                    'graph_arc_lns':         8 [ 12.73ms, 379.80ms] 210.51ms 118.88ms    1.68s         8 [704.10us,  48.64ms]  23.22ms  15.55ms 185.75ms
                    'graph_cst_lns':         8 [  9.97ms, 359.69ms] 200.91ms 114.82ms    1.61s         8 [227.48us,  53.35ms]  27.57ms  17.17ms 220.53ms
                    'graph_dec_lns':         8 [  6.26ms, 507.49ms] 218.55ms 180.46ms    1.75s         8 [181.75us,  65.46ms]  26.15ms  23.93ms 209.18ms
                    'graph_var_lns':         7 [  6.49ms, 504.72ms] 246.15ms 221.70ms    1.72s         7 [ 61.44us,  80.49ms]  32.73ms  32.92ms 229.13ms
                     'lb_relax_lns':         7 [213.83us, 571.93ms] 237.85ms 235.75ms    1.66s         6 [  5.20ms, 147.87ms]  58.14ms  58.89ms 348.86ms
                   'lb_tree_search':         1 [578.37ms, 578.37ms] 578.37ms   0.00ns 578.37ms         1 [ 32.16ms,  32.16ms]  32.16ms   0.00ns  32.16ms
                               'ls':        13 [  4.93ms,  50.88ms]  42.36ms  12.11ms 550.69ms        13 [  4.30ms, 100.46ms]  89.98ms  26.56ms    1.17s
                               'ls':        13 [439.41us,  52.03ms]  40.55ms  18.38ms 527.13ms        12 [482.48us, 100.35ms]  87.06ms  30.45ms    1.04s
                               'ls':        13 [448.75us,  50.73ms]  41.45ms  13.12ms 538.89ms        12 [ 97.68ms, 100.19ms]  99.91ms 673.23us    1.20s
                               'ls':        14 [  1.35ms,  48.81ms]  38.53ms  15.61ms 539.47ms        14 [381.11us, 100.16ms]  85.89ms  34.74ms    1.20s
                               'ls':        14 [  2.65ms,  50.83ms]  38.40ms  14.79ms 537.58ms        14 [  3.87ms, 100.33ms]  86.40ms  33.54ms    1.21s
                               'ls':        14 [100.07us,  53.39ms]  40.03ms  19.38ms 560.48ms        13 [  1.13ms, 100.21ms]  85.66ms  33.88ms    1.11s
                               'ls':        14 [147.32us,  50.70ms]  38.18ms  18.16ms 534.59ms        13 [287.82us, 100.18ms]  87.62ms  29.45ms    1.14s
                               'ls':        14 [845.86us,  49.96ms]  38.11ms  17.94ms 533.53ms        14 [  1.45ms, 100.17ms]  80.64ms  37.40ms    1.13s
                               'ls':        15 [  1.69ms,  51.62ms]  37.14ms  17.86ms 557.15ms        15 [  5.64ms, 100.32ms]  80.93ms  36.02ms    1.21s
                               'ls':        16 [  1.16ms,  55.98ms]  33.13ms  20.99ms 530.11ms        16 [  1.37ms, 100.40ms]  71.06ms  43.28ms    1.14s
                               'ls':        16 [  5.03ms,  49.18ms]  34.47ms  18.11ms 551.57ms        16 [ 11.12ms, 100.38ms]  73.80ms  37.70ms    1.18s
                               'ls':        16 [764.19us,  64.28ms]  34.26ms  19.31ms 548.10ms        16 [  1.92ms, 100.37ms]  80.09ms  35.68ms    1.28s
                               'ls':        17 [  1.01ms,  53.22ms]  31.45ms  22.61ms 534.61ms        17 [  1.57ms, 100.22ms]  62.26ms  45.31ms    1.06s
                               'ls':        18 [  3.57ms,  47.95ms]  30.02ms  18.48ms 540.31ms        18 [  6.81ms, 100.20ms]  70.34ms  40.46ms    1.27s
                               'ls':        18 [ 98.14us,  55.02ms]  30.20ms  22.18ms 543.55ms        17 [  1.34ms, 100.14ms]  67.52ms  44.04ms    1.15s
                               'ls':        18 [195.70us,  52.75ms]  29.98ms  19.94ms 539.70ms        17 [  5.25ms, 100.27ms]  70.46ms  40.83ms    1.20s
                               'ls':        19 [385.93us,  50.03ms]  27.97ms  17.22ms 531.48ms        19 [460.38us, 100.15ms]  73.26ms  40.24ms    1.39s
                               'ls':        20 [  2.95ms,  47.94ms]  27.56ms  16.04ms 551.14ms        20 [  5.79ms, 100.19ms]  73.76ms  40.43ms    1.48s
                               'ls':        22 [438.73us,  50.51ms]  23.92ms  17.80ms 526.30ms        22 [886.56us, 100.15ms]  63.80ms  41.63ms    1.40s
                           'ls_lin':        12 [  1.46ms,  52.36ms]  44.03ms  14.36ms 528.40ms        12 [  3.25ms, 100.40ms]  90.66ms  26.75ms    1.09s
                           'ls_lin':        14 [  9.01ms,  50.24ms]  38.49ms  13.99ms 538.89ms        14 [ 16.40ms, 100.17ms]  88.22ms  29.04ms    1.24s
                           'ls_lin':        15 [  2.18ms,  51.08ms]  36.17ms  18.48ms 542.54ms        15 [  3.86ms, 100.18ms]  74.89ms  37.43ms    1.12s
                           'ls_lin':        15 [  2.66ms,  46.95ms]  35.92ms  17.13ms 538.83ms        15 [  6.87ms, 100.18ms]  77.34ms  37.94ms    1.16s
                           'ls_lin':        15 [  9.08ms,  50.45ms]  35.96ms  11.83ms 539.40ms        15 [ 31.59ms, 100.19ms]  90.74ms  21.20ms    1.36s
                           'ls_lin':        15 [704.35us,  46.86ms]  35.46ms  17.24ms 531.89ms        14 [  4.16ms, 100.16ms]  83.90ms  32.61ms    1.17s
                           'ls_lin':        16 [121.05us,  52.94ms]  32.98ms  21.88ms 527.74ms        15 [391.24us, 100.39ms]  71.22ms  41.06ms    1.07s
                           'ls_lin':        17 [120.80us,  51.90ms]  31.49ms  18.99ms 535.35ms        15 [  1.38ms, 100.20ms]  85.38ms  33.27ms    1.28s
                           'ls_lin':        18 [  3.96ms,  51.90ms]  30.09ms  13.91ms 541.60ms        18 [ 11.54ms, 100.17ms]  85.19ms  30.35ms    1.53s
                           'ls_lin':        18 [108.90us,  49.11ms]  29.99ms  19.23ms 539.73ms        16 [  5.08ms, 100.19ms]  79.44ms  35.40ms    1.27s
                           'max_lp':         1 [582.52ms, 582.52ms] 582.52ms   0.00ns 582.52ms         1 [ 84.87ms,  84.87ms]  84.87ms   0.00ns  84.87ms
                            'no_lp':         1 [580.68ms, 580.68ms] 580.68ms   0.00ns 580.68ms         1 [ 77.43ms,  77.43ms]  77.43ms   0.00ns  77.43ms
              'objective_lb_search':         1 [578.14ms, 578.14ms] 578.14ms   0.00ns 578.14ms         1 [ 82.62ms,  82.62ms]  82.62ms   0.00ns  82.62ms
       'objective_lb_search_max_lp':         1 [576.02ms, 576.02ms] 576.02ms   0.00ns 576.02ms         1 [ 48.60ms,  48.60ms]  48.60ms   0.00ns  48.60ms
        'objective_lb_search_no_lp':         1 [572.75ms, 572.75ms] 572.75ms   0.00ns 572.75ms         1 [112.09ms, 112.09ms] 112.09ms   0.00ns 112.09ms
         'objective_shaving_max_lp':        39 [  1.30ms,  15.46ms]  11.29ms   3.37ms 440.47ms        36 [ 44.51us, 120.30us] 114.03us  13.05us   4.11ms
          'objective_shaving_no_lp':        39 [  3.37ms,  13.54ms]  10.70ms   2.49ms 417.32ms        38 [ 62.64us, 107.07us] 105.02us   6.98us   3.99ms
                          'probing':         1 [578.46ms, 578.46ms] 578.46ms   0.00ns 578.46ms         1 [ 15.84ms,  15.84ms]  15.84ms   0.00ns  15.84ms
                   'probing_max_lp':         1 [579.92ms, 579.92ms] 579.92ms   0.00ns 579.92ms         1 [ 20.14ms,  20.14ms]  20.14ms   0.00ns  20.14ms
                    'probing_no_lp':         1 [587.85ms, 587.85ms] 587.85ms   0.00ns 587.85ms         1 [ 98.40ms,  98.40ms]  98.40ms   0.00ns  98.40ms
                     'pseudo_costs':         1 [575.76ms, 575.76ms] 575.76ms   0.00ns 575.76ms         1 [ 84.15ms,  84.15ms]  84.15ms   0.00ns  84.15ms
                    'quick_restart':         1 [577.79ms, 577.79ms] 577.79ms   0.00ns 577.79ms         1 [118.25ms, 118.25ms] 118.25ms   0.00ns 118.25ms
              'quick_restart_no_lp':         1 [580.30ms, 580.30ms] 580.30ms   0.00ns 580.30ms         1 [ 94.90ms,  94.90ms]  94.90ms   0.00ns  94.90ms
                    'reduced_costs':         1 [579.48ms, 579.48ms] 579.48ms   0.00ns 579.48ms         1 [ 69.70ms,  69.70ms]  69.70ms   0.00ns  69.70ms
                        'rins/rens':         8 [ 63.99us, 524.73ms] 251.09ms 250.30ms    2.01s         5 [296.55us, 100.08ms]  65.81ms  35.97ms 329.05ms
                      'rnd_cst_lns':         7 [  9.74ms, 542.70ms] 280.54ms 224.90ms    1.96s         7 [270.42us, 100.00ms]  50.25ms  42.02ms 351.76ms
                      'rnd_var_lns':         9 [  6.30ms, 460.23ms] 167.95ms 137.95ms    1.51s         9 [ 91.63us,  71.36ms]  26.30ms  24.24ms 236.69ms
         'scheduling_intervals_lns':         4 [504.54ms, 568.55ms] 528.47ms  24.31ms    2.11s         4 [ 38.03ms,  50.02ms]  45.98ms   4.76ms 183.93ms
       'scheduling_precedences_lns':         4 [507.36ms, 566.21ms] 527.91ms  23.03ms    2.11s         4 [ 34.31ms,  39.30ms]  36.41ms   2.03ms 145.63ms
  'scheduling_resource_windows_lns':         5 [ 14.09ms, 506.86ms] 379.29ms 183.95ms    1.90s         4 [ 62.26ms, 100.07ms]  90.60ms  16.36ms 362.40ms
       'scheduling_time_window_lns':         4 [484.90ms, 537.86ms] 515.38ms  19.76ms    2.06s         4 [ 37.15ms, 100.07ms]  74.66ms  26.79ms 298.64ms
                'variables_shaving':        92 [  7.25ms, 193.77ms]  22.58ms  25.40ms    2.08s        92 [256.13us,  13.19ms]   1.14ms   1.93ms 105.17ms
         'variables_shaving_max_lp':        39 [  8.21ms, 367.84ms]  80.05ms  68.56ms    3.12s        39 [ 30.16us,  53.39ms]  14.08ms  10.77ms 549.20ms
          'variables_shaving_no_lp':        91 [  6.18ms, 541.74ms]  31.28ms  64.17ms    2.85s        91 [242.03us,  28.96ms]   1.61ms   3.69ms 146.08ms

Search stats                        Bools  Conflicts  Branches  Restarts  BoolPropag  IntegerPropag
                           'core':  1'689        631    18'177     3'644     734'318        346'693
                     'default_lp':    871      1'322     3'821       848      73'484        584'655
                          'fixed':  1'107      2'128     5'329       505     249'535        738'699
                      'fs_random':      0          0         0         0           0              0
                      'fs_random':      0          0         0         0           0              0
                      'fs_random':      0          0         0         0           0              0
                      'fs_random':      0          0         0         0           0              0
                      'fs_random':      0          0         0         0           0              0
                      'fs_random':      0          0         0         0           0              0
                      'fs_random':      0          0         0         0           0              0
                      'fs_random':      0          0         0         0           0              0
                      'fs_random':      0          0         0         0           0              0
                      'fs_random':      0          0         0         0           0              0
                      'fs_random':      0          0         0         0           0              0
                      'fs_random':      0          0         0         0           0              0
                'fs_random_no_lp':      0          0         0         0           0              0
                'fs_random_no_lp':      0          0         0         0           0              0
                'fs_random_no_lp':      0          0         0         0           0              0
                'fs_random_no_lp':      0          0         0         0           0              0
                'fs_random_no_lp':      0          0         0         0           0              0
                'fs_random_no_lp':      0          0         0         0           0              0
                'fs_random_no_lp':      0          0         0         0           0              0
                'fs_random_no_lp':      0          0         0         0           0              0
                'fs_random_no_lp':      0          0         0         0           0              0
                'fs_random_no_lp':      0          0         0         0           0              0
                'fs_random_no_lp':      0          0         0         0           0              0
                'fs_random_no_lp':      0          0         0         0           0              0
                'fs_random_no_lp':     32          0        32         0           0            410
        'fs_random_quick_restart':      0          0         0         0           0              0
        'fs_random_quick_restart':      0          0         0         0           0              0
        'fs_random_quick_restart':      0          0         0         0           0              0
        'fs_random_quick_restart':      0          0         0         0           0              0
        'fs_random_quick_restart':      0          0         0         0           0              0
        'fs_random_quick_restart':      0          0         0         0           0              0
        'fs_random_quick_restart':      0          0         0         0           0              0
        'fs_random_quick_restart':      0          0         0         0           0              0
        'fs_random_quick_restart':      0          0         0         0           0              0
        'fs_random_quick_restart':      0          0         0         0           0              0
        'fs_random_quick_restart':      0          0         0         0           0              0
        'fs_random_quick_restart':      0          0         0         0           0              0
  'fs_random_quick_restart_no_lp':      0          0         0         0           0              0
  'fs_random_quick_restart_no_lp':      0          0         0         0           0              0
  'fs_random_quick_restart_no_lp':      0          0         0         0           0              0
  'fs_random_quick_restart_no_lp':      0          0         0         0           0              0
  'fs_random_quick_restart_no_lp':      0          0         0         0           0              0
  'fs_random_quick_restart_no_lp':      0          0         0         0           0              0
  'fs_random_quick_restart_no_lp':      0          0         0         0           0              0
  'fs_random_quick_restart_no_lp':      0          0         0         0           0              0
  'fs_random_quick_restart_no_lp':      0          0         0         0           0              0
  'fs_random_quick_restart_no_lp':      0          0         0         0           0              0
  'fs_random_quick_restart_no_lp':      0          0         0         0           0              0
  'fs_random_quick_restart_no_lp':      0          0         0         0           0              0
                 'lb_tree_search':  1'983         26    21'137    19'317      30'850         66'874
                         'max_lp':    750        491     8'454     2'483      26'494        330'077
                          'no_lp':    767      1'472     5'636       500      84'825        562'960
            'objective_lb_search':    660      1'116     3'877       894      77'248        648'127
     'objective_lb_search_max_lp':  1'997        143     7'407     5'958      54'390         97'637
      'objective_lb_search_no_lp':    360      1'259     4'842       344      52'458        934'379
                        'probing':  2'305         59     4'551     4'551      38'255         75'920
                 'probing_max_lp':  2'025          8     4'042     4'042       2'720         33'126
                  'probing_no_lp':  2'583        650    11'189     6'952     247'176        441'236
                   'pseudo_costs':    532        207     8'773     2'792      15'589        196'412
                  'quick_restart':  1'203        891    11'224     1'515     109'143        887'247
            'quick_restart_no_lp':  1'124        816    12'655     1'764     104'174        686'539
                  'reduced_costs':  2'163        142     7'924     5'978      53'624        109'165

SAT stats                           ClassicMinim  LitRemoved  LitLearned  LitForgotten  Subsumed  MClauses  MDecisions  MLitTrue  MSubsumed  MLitRemoved  MReused
                           'core':           113         192       6'675             0         1     2'108       4'060         0         83          249      104
                     'default_lp':         1'200       7'109      23'740             0         0         0           0         0          0            0        0
                          'fixed':         1'331       3'399     158'573             0        17         0           0         0          0            0        0
                      'fs_random':             0           0           0             0         0         0           0         0          0            0        0
                      'fs_random':             0           0           0             0         0         0           0         0          0            0        0
                      'fs_random':             0           0           0             0         0         0           0         0          0            0        0
                      'fs_random':             0           0           0             0         0         0           0         0          0            0        0
                      'fs_random':             0           0           0             0         0         0           0         0          0            0        0
                      'fs_random':             0           0           0             0         0         0           0         0          0            0        0
                      'fs_random':             0           0           0             0         0         0           0         0          0            0        0
                      'fs_random':             0           0           0             0         0         0           0         0          0            0        0
                      'fs_random':             0           0           0             0         0         0           0         0          0            0        0
                      'fs_random':             0           0           0             0         0         0           0         0          0            0        0
                      'fs_random':             0           0           0             0         0         0           0         0          0            0        0
                      'fs_random':             0           0           0             0         0         0           0         0          0            0        0
                'fs_random_no_lp':             0           0           0             0         0         0           0         0          0            0        0
                'fs_random_no_lp':             0           0           0             0         0         0           0         0          0            0        0
                'fs_random_no_lp':             0           0           0             0         0         0           0         0          0            0        0
                'fs_random_no_lp':             0           0           0             0         0         0           0         0          0            0        0
                'fs_random_no_lp':             0           0           0             0         0         0           0         0          0            0        0
                'fs_random_no_lp':             0           0           0             0         0         0           0         0          0            0        0
                'fs_random_no_lp':             0           0           0             0         0         0           0         0          0            0        0
                'fs_random_no_lp':             0           0           0             0         0         0           0         0          0            0        0
                'fs_random_no_lp':             0           0           0             0         0         0           0         0          0            0        0
                'fs_random_no_lp':             0           0           0             0         0         0           0         0          0            0        0
                'fs_random_no_lp':             0           0           0             0         0         0           0         0          0            0        0
                'fs_random_no_lp':             0           0           0             0         0         0           0         0          0            0        0
                'fs_random_no_lp':             0           0           0             0         0         0           0         0          0            0        0
        'fs_random_quick_restart':             0           0           0             0         0         0           0         0          0            0        0
        'fs_random_quick_restart':             0           0           0             0         0         0           0         0          0            0        0
        'fs_random_quick_restart':             0           0           0             0         0         0           0         0          0            0        0
        'fs_random_quick_restart':             0           0           0             0         0         0           0         0          0            0        0
        'fs_random_quick_restart':             0           0           0             0         0         0           0         0          0            0        0
        'fs_random_quick_restart':             0           0           0             0         0         0           0         0          0            0        0
        'fs_random_quick_restart':             0           0           0             0         0         0           0         0          0            0        0
        'fs_random_quick_restart':             0           0           0             0         0         0           0         0          0            0        0
        'fs_random_quick_restart':             0           0           0             0         0         0           0         0          0            0        0
        'fs_random_quick_restart':             0           0           0             0         0         0           0         0          0            0        0
        'fs_random_quick_restart':             0           0           0             0         0         0           0         0          0            0        0
        'fs_random_quick_restart':             0           0           0             0         0         0           0         0          0            0        0
  'fs_random_quick_restart_no_lp':             0           0           0             0         0         0           0         0          0            0        0
  'fs_random_quick_restart_no_lp':             0           0           0             0         0         0           0         0          0            0        0
  'fs_random_quick_restart_no_lp':             0           0           0             0         0         0           0         0          0            0        0
  'fs_random_quick_restart_no_lp':             0           0           0             0         0         0           0         0          0            0        0
  'fs_random_quick_restart_no_lp':             0           0           0             0         0         0           0         0          0            0        0
  'fs_random_quick_restart_no_lp':             0           0           0             0         0         0           0         0          0            0        0
  'fs_random_quick_restart_no_lp':             0           0           0             0         0         0           0         0          0            0        0
  'fs_random_quick_restart_no_lp':             0           0           0             0         0         0           0         0          0            0        0
  'fs_random_quick_restart_no_lp':             0           0           0             0         0         0           0         0          0            0        0
  'fs_random_quick_restart_no_lp':             0           0           0             0         0         0           0         0          0            0        0
  'fs_random_quick_restart_no_lp':             0           0           0             0         0         0           0         0          0            0        0
  'fs_random_quick_restart_no_lp':             0           0           0             0         0         0           0         0          0            0        0
                 'lb_tree_search':             0           0          38             0         0        40         100         0          0            0       10
                         'max_lp':           454       1'286       6'887             0         0         0           0         0          0            0        0
                          'no_lp':         1'398      10'338      30'189             0         4         0           0         0          0            0        0
            'objective_lb_search':         1'027       4'565       5'222             0         7       105         135         0          2           25       76
     'objective_lb_search_max_lp':             3          12         157             0         2         1           1         0          1            3        0
      'objective_lb_search_no_lp':         1'132       3'600       6'929             0         8       221         114         0         24          103      435
                        'probing':             0           0          59             0         0         0           0         0          0            0        0
                 'probing_max_lp':             0           0           8             0         0         0           0         0          0            0        0
                  'probing_no_lp':           225         519       1'851             0        34         0           0         0          0            0        0
                   'pseudo_costs':           192         640       2'840             0         3       256         204         0          7           31      477
                  'quick_restart':           576       2'860      13'050             0        13       180         437         0         70          332       47
            'quick_restart_no_lp':           604       1'888      12'374             0         6       143         331         3         51          254       46
                  'reduced_costs':             6          32         337             0         0         0           0         0          0            0        0

Lp stats                         Component  Iterations  AddedCuts  OPTIMAL  DUAL_F.  DUAL_U.
                  'default_lp':         27         265          0   20'806        0        0
                       'fixed':         27         520          0   16'466        0        0
                   'fs_random':         27           0          0        0        0        0
              'lb_tree_search':          1         542        356       74        2        0
                      'max_lp':          1       1'329        844      881        9        0
         'objective_lb_search':         27         140          0    8'846        0        0
  'objective_lb_search_max_lp':          1         782        697      128       11        0
                     'probing':         27         302          0   63'625        0        0
              'probing_max_lp':          1         338        252       68        0        0
                'pseudo_costs':          1       2'186      1'069    1'036       33        0
               'quick_restart':         27         671          0   25'949        0        0
               'reduced_costs':          1       1'199        947      422        4        0

Lp dimension                      Final dimension of first component
                  'default_lp':         2 rows, 9 columns, 4 entries
                       'fixed':         1 rows, 9 columns, 2 entries
                   'fs_random':         0 rows, 9 columns, 0 entries
              'lb_tree_search':  448 rows, 258 columns, 2043 entries
                      'max_lp':   222 rows, 258 columns, 800 entries
         'objective_lb_search':         3 rows, 9 columns, 6 entries
  'objective_lb_search_max_lp':  507 rows, 258 columns, 2612 entries
                     'probing':         1 rows, 9 columns, 2 entries
              'probing_max_lp':  383 rows, 258 columns, 1473 entries
                'pseudo_costs':  290 rows, 258 columns, 1062 entries
               'quick_restart':         1 rows, 9 columns, 2 entries
               'reduced_costs':   126 rows, 258 columns, 303 entries

Lp debug                         CutPropag  CutEqPropag  Adjust  Overflow     Bad  BadScaling
                  'default_lp':          0            0       0         0       0           0
                       'fixed':          0            0       0         0       0           0
                   'fs_random':          0            0       0         0       0           0
              'lb_tree_search':         73            0      72         0  10'318           0
                      'max_lp':          0            9     376         0   7'566           0
         'objective_lb_search':          0            0       0         0       0           0
  'objective_lb_search_max_lp':          0            0     116         0  10'350           0
                     'probing':          0            0       0         0       0           0
              'probing_max_lp':          0            0      38         0  27'012           0
                'pseudo_costs':          0            1     499         0   8'447           0
               'quick_restart':          0            0       0         0       0           0
               'reduced_costs':          0            4     158         0   5'187           0

Lp pool                          Constraints  Updates  Simplif  Merged  Shortened  Split  Strenghtened    Cuts/Call
                  'default_lp':          245        0        4       0          0      0             0          0/0
                       'fixed':          245        0        0       0          0      0             0          0/0
                   'fs_random':          245        0        0       0          0      0             0          0/0
              'lb_tree_search':          597    1'741      181       4          0     70             0      356/762
                      'max_lp':        1'007      910      112      82          0      0             5    844/5'796
         'objective_lb_search':          245        0        6       0          0      0             0          0/0
  'objective_lb_search_max_lp':          891    2'384      462      51          0      0             7    697/1'374
                     'probing':          245        0       25       0          0      0             0          0/0
              'probing_max_lp':          497      221        4       0          0      0             0      252/726
                'pseudo_costs':        1'207    1'373    1'364     107          0      2             3  1'069/4'428
               'quick_restart':          245        0      236       0          0      0             0          0/0
               'reduced_costs':        1'097      755       70      95          0      0             0    947/2'498

Lp Cut                                                pseudo_costs  max_lp  reduced_costs  lb_tree_search  probing_max_lp  objective_lb_search_max_lp
                                              CG_FF:             1       -              4               1               -                           1
                                               CG_K:            19      12             22               8               2                          24
                                               CG_R:            32      25             31               6               7                          11
                                            MIR_1_K:             9       1             12               1               -                           6
                                            MIR_1_R:            25       4             26               -               1                           8
                                            MIR_2_K:             3       4              2               -               -                           -
                                            MIR_2_R:             -       4              2               1               -                           -
                                            MIR_3_K:             2       1              -               -               -                           1
                                            MIR_3_R:             -       1              -               -               -                           2
                                            MIR_4_K:             -       -              1               1               1                           1
                                            MIR_4_R:             -       -              -               1               1                           2
                                            MIR_5_K:             -       1              -               1               -                           2
                                            MIR_5_R:             -       2              -               1               -                           1
                                            MIR_6_K:             3       -              1               -               -                           -
                                            MIR_6_R:             2       -              4               -               -                           -
                  NoOverlapCompletionTimeExhaustive:            39      20             30               4               3                          13
           NoOverlapCompletionTimeExhaustive_lifted:            54      42             43              14              13                          36
  NoOverlapCompletionTimeExhaustive_lifted_weighted:           121      86             97              34              23                          82
         NoOverlapCompletionTimeExhaustive_weighted:           100      80             73              35              26                          47
                    NoOverlapCompletionTimeQueyrane:           154     126            149              66              40                         103
             NoOverlapCompletionTimeQueyrane_lifted:           231     185            212              80              55                         170
                        NoOverlapDetectedPrecedence:             2       -              -               1               -                           4
                          NoOverlapDisjunctionOnEnd:            20       4              -               -               -                           -
                        NoOverlapDisjunctionOnStart:           241     239            216              93              77                         175
                                        ZERO_HALF_R:            11       7             22               8               3                           8

LNS stats                             Improv/Calls  Closed  Difficulty  TimeLimit
                    'graph_arc_lns':           4/8     62%    8.49e-01       0.10
                    'graph_cst_lns':           5/8     62%    8.49e-01       0.10
                    'graph_dec_lns':           7/8     62%    8.49e-01       0.10
                    'graph_var_lns':           3/7     57%    7.75e-01       0.10
                     'lb_relax_lns':           5/6     50%    6.52e-01       0.50
                        'rins/rens':           7/7     43%    5.29e-01       0.10
                      'rnd_cst_lns':           7/7     57%    7.75e-01       0.10
                      'rnd_var_lns':           7/9     67%    8.95e-01       0.10
         'scheduling_intervals_lns':           4/4      0%    8.55e-02       0.10
       'scheduling_precedences_lns':           4/4      0%    8.55e-02       0.10
  'scheduling_resource_windows_lns':           3/4      0%    8.55e-02       0.10
       'scheduling_time_window_lns':           3/4      0%    8.55e-02       0.10

LS stats                                    Batches  Restarts/Perturbs  LinMoves  GenMoves  CompoundMoves  Bactracks  WeightUpdates  ScoreComputed
                      'ls_decay_compound':       12                  5       280    10'430            354      1'907          1'988      3'078'808
                         'ls_lin_restart':       23                 16       183    13'221              0          0         10'912      5'431'075
                'ls_lin_restart_compound':       27                 18         0    20'847          1'701      9'549            246      5'548'418
        'ls_lin_restart_compound_perturb':       19                 16         0    16'772          1'493      7'621            153      4'153'911
                   'ls_lin_restart_decay':       32                 25       431    30'045              0          0          3'442      6'811'559
          'ls_lin_restart_decay_compound':       11                 10         0     6'758            681      3'033             80      1'757'808
  'ls_lin_restart_decay_compound_perturb':       14                 14         0    10'282          1'010      4'628            156      2'376'767
           'ls_lin_restart_decay_perturb':       19                 18       219    19'753              0          0          2'122      4'437'559
                 'ls_lin_restart_perturb':       10                 10       150     5'008              0          0          2'081      2'037'239
                             'ls_restart':       37                 32       413    18'206              0          0          9'365      7'411'874
                    'ls_restart_compound':       43                 35         0    33'278          3'293     14'957            304      7'588'830
            'ls_restart_compound_perturb':       41                 35         0    27'279          2'754     12'234            293      7'308'629
                       'ls_restart_decay':       35                 30       445    31'923              0          0          3'564      7'527'266
              'ls_restart_decay_compound':       34                 30         0    25'193          2'482     11'329            337      5'968'063
      'ls_restart_decay_compound_perturb':       42                 31         0    35'411          3'083     16'130            408      8'986'279
               'ls_restart_decay_perturb':       26                 25       267    20'978              0          0          2'727      5'215'305
                     'ls_restart_perturb':       34                 25       357    19'772              0          0         24'121      8'160'485

Solutions (54)                              Num     Rank
                                   'core':    1  [22,22]
                                  'fixed':    2    [2,3]
                          'graph_cst_lns':    1  [28,28]
                          'graph_var_lns':    1  [40,40]
                'ls_lin_restart_compound':    3  [14,20]
        'ls_lin_restart_compound_perturb':    1  [38,38]
                   'ls_lin_restart_decay':    1  [44,44]
          'ls_lin_restart_decay_compound':    1  [23,23]
  'ls_lin_restart_decay_compound_perturb':    3  [31,37]
                 'ls_lin_restart_perturb':    2  [24,25]
                             'ls_restart':    2  [39,48]
                    'ls_restart_compound':   11   [5,53]
            'ls_restart_compound_perturb':    8   [7,35]
                       'ls_restart_decay':    2  [10,47]
              'ls_restart_decay_compound':    3  [18,50]
      'ls_restart_decay_compound_perturb':    3   [4,16]
                     'ls_restart_perturb':    1  [49,49]
                          'quick_restart':    1  [43,43]
                    'quick_restart_no_lp':    3   [1,45]
                          'reduced_costs':    1  [54,54]
                          'rins_pump_lns':    1  [27,27]
                            'rnd_var_lns':    2  [41,42]

Objective bounds                 Num
              'initial_domain':    1
              'lb_tree_search':    4
                      'max_lp':    4
         'objective_lb_search':    4
  'objective_lb_search_max_lp':    7
   'objective_lb_search_no_lp':    2

Solution repositories    Added  Queried  Synchro
  'feasible solutions':    303      537      170
   'fj solution hints':      0        0        0
        'lp solutions':     22        2       21
                'pump':    140        6

Improving bounds shared            Num  Sym
                        'core':    340    0
                  'default_lp':     12    0
                       'fixed':    176    0
              'lb_tree_search':    154    0
                      'max_lp':    498    0
                       'no_lp':     45    0
         'objective_lb_search':      3    0
  'objective_lb_search_max_lp':  1'556    0
   'objective_lb_search_no_lp':     25    0
                     'probing':    217    0
               'probing_no_lp':    474    0
                'pseudo_costs':    428    0
               'quick_restart':    470    0
         'quick_restart_no_lp':    182    0
               'reduced_costs':      2    0

CpSolverResponse summary:
status: OPTIMAL
objective: 57475
best_bound: 57237
integers: 259
booleans: 32
conflicts: 0
branches: 32
propagations: 0
integer_propagations: 410
restarts: 0
lp_iterations: 0
walltime: 0.614264
usertime: 0.614264
deterministic_time: 40.5648
gap_integral: 309.857
solution_fingerprint: 0xa78583a312f2e727

