
Starting CP-SAT solver v9.14.6206
Parameters: max_time_in_seconds: 300 log_search_progress: true num_search_workers: 104 relative_gap_limit: 0.005

Initial optimization model '': (model_fingerprint: 0x26c1a472ffa3555)
#Variables: 439 (#ints: 74 in objective) (342 primary variables)
  - 97 in [0,34184]
  - 102 in [21600,34184]
  - 240 in [23040,34184]
#kInterval: 175 (#fixed: 4)
#kLinMax: 97 (#expressions: 194)
#kLinear1: 23
#kLinear2: 148
#kNoOverlap: 10 (#intervals: 175, #fixed_intervals: 4)

Starting presolve at 0.00s
  7.00e-05s  0.00e+00d  [DetectDominanceRelations] 
  1.63e-03s  0.00e+00d  [PresolveToFixPoint] #num_loops=10 #num_dual_strengthening=1 
  2.05e-06s  0.00e+00d  [ExtractEncodingFromLinear] 
  1.09e-05s  0.00e+00d  [DetectDuplicateColumns] 
  6.52e-05s  0.00e+00d  [DetectDuplicateConstraints] 
[Symmetry] Graph for symmetry has 1'042 nodes and 983 arcs.
[Symmetry] Symmetry computation done. time: 8.9391e-05 dtime: 9.907e-05
  5.81e-05s  0.00e+00d  [DetectDuplicateConstraintsWithDifferentEnforcements] 
  4.99e-04s  8.01e-06d  [Probe] #new_bounds=40 
  1.85e-06s  0.00e+00d  [MaxClique] 
  5.99e-05s  0.00e+00d  [DetectDominanceRelations] 
  4.25e-04s  0.00e+00d  [PresolveToFixPoint] #num_loops=2 #num_dual_strengthening=1 
  2.26e-05s  0.00e+00d  [ProcessAtMostOneAndLinear] 
  5.46e-05s  0.00e+00d  [DetectDuplicateConstraints] 
  5.16e-05s  0.00e+00d  [DetectDuplicateConstraintsWithDifferentEnforcements] 
  2.16e-05s  1.00e-06d  [DetectDominatedLinearConstraints] #relevant_constraints=167 
  2.35e-05s  0.00e+00d  [DetectDifferentVariables] 
  2.06e-06s  0.00e+00d  [ProcessSetPPC] 
  2.43e-06s  0.00e+00d  [FindAlmostIdenticalLinearConstraints] 
  9.90e-06s  0.00e+00d  [FindBigAtMostOneAndLinearOverlap] 
  1.35e-05s  6.46e-06d  [FindBigVerticalLinearOverlap] 
  1.63e-06s  0.00e+00d  [FindBigHorizontalLinearOverlap] 
  1.52e-06s  0.00e+00d  [MergeClauses] 
  5.70e-05s  0.00e+00d  [DetectDominanceRelations] 
  3.08e-04s  0.00e+00d  [PresolveToFixPoint] #num_loops=1 #num_dual_strengthening=1 
  5.25e-05s  0.00e+00d  [DetectDominanceRelations] 
  3.03e-04s  0.00e+00d  [PresolveToFixPoint] #num_loops=1 #num_dual_strengthening=1 
  9.23e-06s  0.00e+00d  [DetectDuplicateColumns] 
  5.41e-05s  0.00e+00d  [DetectDuplicateConstraints] 
[Symmetry] Graph for symmetry has 1'034 nodes and 973 arcs.
[Symmetry] Symmetry computation done. time: 7.0335e-05 dtime: 9.818e-05
  5.60e-05s  0.00e+00d  [DetectDuplicateConstraintsWithDifferentEnforcements] 
  4.06e-04s  2.23e-06d  [Probe] 
  1.70e-06s  0.00e+00d  [MaxClique] 
  5.81e-05s  0.00e+00d  [DetectDominanceRelations] 
  3.47e-04s  0.00e+00d  [PresolveToFixPoint] #num_loops=1 #num_dual_strengthening=1 
  2.15e-05s  0.00e+00d  [ProcessAtMostOneAndLinear] 
  5.40e-05s  0.00e+00d  [DetectDuplicateConstraints] 
  5.20e-05s  0.00e+00d  [DetectDuplicateConstraintsWithDifferentEnforcements] 
  2.01e-05s  1.00e-06d  [DetectDominatedLinearConstraints] #relevant_constraints=167 
  2.33e-05s  0.00e+00d  [DetectDifferentVariables] 
  1.90e-06s  0.00e+00d  [ProcessSetPPC] 
  2.31e-06s  0.00e+00d  [FindAlmostIdenticalLinearConstraints] 
  9.79e-06s  0.00e+00d  [FindBigAtMostOneAndLinearOverlap] 
  1.30e-05s  6.46e-06d  [FindBigVerticalLinearOverlap] 
  1.61e-06s  0.00e+00d  [FindBigHorizontalLinearOverlap] 
  1.32e-06s  0.00e+00d  [MergeClauses] 
  5.52e-05s  0.00e+00d  [DetectDominanceRelations] 
  3.02e-04s  0.00e+00d  [PresolveToFixPoint] #num_loops=1 #num_dual_strengthening=1 
  1.41e-05s  0.00e+00d  [ExpandObjective] 

Presolve summary:
  - 201 affine relations were detected.
  - rule 'TODO dual: only one blocking constraint?' was applied 385 times.
  - rule 'TODO dual: only one unspecified blocking constraint?' was applied 114 times.
  - rule 'affine: new relation' was applied 201 times.
  - rule 'intervals: removed unused interval' was applied 4 times.
  - rule 'lin_max: converted abs to equality' was applied 26 times.
  - rule 'lin_max: converted to equality' was applied 8 times.
  - rule 'lin_max: propagate domain from x to abs(x)' was applied 83 times.
  - rule 'lin_max: removed exprs' was applied 8 times.
  - rule 'lin_max: rewrite with precedences' was applied 19 times.
  - rule 'lin_max: target domain reduced' was applied 46 times.
  - rule 'lin_max: unused affine target' was applied 19 times.
  - rule 'linear1: x in domain' was applied 19 times.
  - rule 'linear: always true' was applied 27 times.
  - rule 'linear: fixed or dup variables' was applied 4 times.
  - rule 'linear: reduced variable domains' was applied 830 times.
  - rule 'linear: remapped using affine relations' was applied 419 times.
  - rule 'no_overlap: split into disjoint components' was applied 4 times.
  - rule 'presolve: 4 unused variables removed.' was applied 1 time.
  - rule 'presolve: iteration' was applied 2 times.

Presolved optimization model '': (model_fingerprint: 0x50225985873e059b)
#Variables: 215 (#ints: 70 in objective) (171 primary variables)
  - 198 different domains in [0,34163] with a largest complexity of 1.
#kInterval: 171
#kLinMax: 25 (#expressions: 50)
#kLinear2: 167
#kNoOverlap: 10 (#intervals: 171)
[Symmetry] Graph for symmetry has 810 nodes and 973 arcs.
[Symmetry] Symmetry computation done. time: 5.9252e-05 dtime: 8.474e-05

Preloading model.
#Bound   0.01s best:inf   next:[2878,784729] initial_domain
#Model   0.01s var:215/215 constraints:373/373

Starting search at 0.01s with 104 workers.
18 full problem subsolvers: [core, default_lp, fixed, lb_tree_search, max_lp, no_lp, objective_lb_search, objective_lb_search_max_lp, objective_lb_search_no_lp, objective_shaving_max_lp, objective_shaving_no_lp, probing, probing_max_lp, probing_no_lp, pseudo_costs, quick_restart, quick_restart_no_lp, reduced_costs]
86 first solution subsolvers: [fj(25), fj_lin(12), fs_random(12), fs_random_no_lp(13), fs_random_quick_restart(12), fs_random_quick_restart_no_lp(12)]
45 interleaved subsolvers: [feasibility_pump, graph_arc_lns, graph_cst_lns, graph_dec_lns, graph_var_lns, lb_relax_lns, ls(19), ls_lin(10), rins/rens, rnd_cst_lns, rnd_var_lns, scheduling_intervals_lns, scheduling_precedences_lns, scheduling_resource_windows_lns, scheduling_time_window_lns, variables_shaving, variables_shaving_max_lp, variables_shaving_no_lp]
3 helper subsolvers: [neighborhood_helper, synchronization_agent, update_gap_integral]

#1       0.01s best:12266 next:[2878,12265] no_lp
#Bound   0.02s best:12266 next:[2935,12265] objective_lb_search
#Bound   0.02s best:12266 next:[2941,12265] objective_lb_search
#Bound   0.02s best:12266 next:[2947,12265] objective_lb_search
#Bound   0.02s best:12266 next:[2948,12265] objective_lb_search
#Bound   0.02s best:12266 next:[2952,12265] objective_lb_search
#Bound   0.02s best:12266 next:[2958,12265] objective_lb_search
#2       0.02s best:6279  next:[2958,6278] fixed
#Bound   0.02s best:6279  next:[3822,6278] max_lp
#3       0.03s best:6264  next:[3822,6263] graph_cst_lns (d=5.00e-01 s=25 t=0.10 p=0.00 stall=0 h=base)
#Bound   0.03s best:6264  next:[4141,6263] max_lp
#4       0.04s best:6263  next:[4141,6262] ls_restart_compound_perturb(batch:1 lin{mvs:0 evals:33} gen{mvs:32 evals:757} comp{mvs:4 btracks:14} #w_updates:0 #perturb:0)
#Bound   0.04s best:6263  next:[4148,6262] max_lp
#5       0.05s best:6255  next:[4148,6254] fixed
#6       0.05s best:6254  next:[4148,6253] fixed
#7       0.06s best:6253  next:[4148,6252] fixed
#8       0.07s best:6252  next:[4148,6251] fixed
#9       0.07s best:6177  next:[4148,6176] rins_pump_lns (d=5.00e-01 s=81 t=0.10 p=0.00 stall=0 h=base)
#10      0.07s best:6175  next:[4148,6174] rins_pump_lns (d=5.00e-01 s=81 t=0.10 p=0.00 stall=0 h=base) [combined with: fixed...]
#11      0.07s best:6165  next:[4148,6164] graph_arc_lns (d=7.07e-01 s=142 t=0.10 p=1.00 stall=1 h=base) [combined with: rins_pump_lns (d=5.0...]
#12      0.07s best:6115  next:[4148,6114] graph_dec_lns (d=7.07e-01 s=122 t=0.10 p=1.00 stall=1 h=base) [combined with: graph_arc_lns (d=7.0...]
#13      0.08s best:6095  next:[4148,6094] rnd_var_lns (d=7.07e-01 s=96 t=0.10 p=1.00 stall=0 h=base)
#14      0.09s best:6081  next:[4148,6080] rnd_var_lns (d=7.07e-01 s=136 t=0.10 p=1.00 stall=0 h=base)
#15      0.10s best:6078  next:[4148,6077] rnd_cst_lns (d=7.07e-01 s=137 t=0.10 p=1.00 stall=0 h=base) [combined with: rnd_var_lns (d=7.07e...]
#16      0.10s best:6075  next:[4148,6074] ls_lin_restart_compound_perturb(batch:1 lin{mvs:0 evals:6} gen{mvs:3 evals:111} comp{mvs:3 btracks:0} #w_updates:0 #perturb:0)
#17      0.10s best:6039  next:[4148,6038] quick_restart_no_lp
#18      0.11s best:5966  next:[4148,5965] graph_dec_lns (d=7.07e-01 s=71 t=0.10 p=1.00 stall=1 h=base) [combined with: quick_restart_no_lp...]
#19      0.12s best:5951  next:[4148,5950] graph_cst_lns (d=7.07e-01 s=121 t=0.10 p=1.00 stall=0 h=base) [combined with: graph_dec_lns (d=7.0...]
#20      0.12s best:5945  next:[4148,5944] quick_restart
#21      0.13s best:5944  next:[4148,5943] quick_restart
#22      0.14s best:5876  next:[4148,5875] ls_restart_decay_compound(batch:1 lin{mvs:0 evals:277} gen{mvs:261 evals:5'530} comp{mvs:19 btracks:121} #w_updates:2 #perturb:0)
#23      0.14s best:5875  next:[4148,5874] ls_restart_decay_compound(batch:1 lin{mvs:0 evals:277} gen{mvs:261 evals:5'530} comp{mvs:19 btracks:121} #w_updates:2 #perturb:0) [combined with: graph_cst_lns (d=7.0...]
#24      0.14s best:5874  next:[4148,5873] ls_restart_compound(batch:1 lin{mvs:0 evals:70} gen{mvs:42 evals:979} comp{mvs:18 btracks:12} #w_updates:0 #perturb:0)
#25      0.15s best:5873  next:[4148,5872] ls_restart_compound_perturb(batch:1 lin{mvs:0 evals:101} gen{mvs:68 evals:1'433} comp{mvs:8 btracks:30} #w_updates:1 #perturb:0)
#Bound   0.15s best:5873  next:[4173,5872] objective_lb_search_max_lp
#26      0.16s best:5813  next:[4173,5812] ls_restart_decay_compound(batch:1 lin{mvs:0 evals:703} gen{mvs:744 evals:12'837} comp{mvs:12 btracks:366} #w_updates:7 #perturb:0)
#27      0.16s best:5812  next:[4173,5811] ls_restart_compound_perturb(batch:1 lin{mvs:0 evals:50} gen{mvs:44 evals:1'077} comp{mvs:6 btracks:19} #w_updates:0 #perturb:0)
#28      0.17s best:5800  next:[4173,5799] rnd_var_lns (d=7.07e-01 s=66 t=0.10 p=1.00 stall=0 h=base)
#29      0.18s best:5796  next:[4173,5795] fixed
#30      0.19s best:5736  next:[4173,5735] fixed
#31      0.19s best:5734  next:[4173,5733] fixed
#32      0.20s best:5733  next:[4173,5732] quick_restart
#33      0.21s best:5710  next:[4173,5709] fixed
#34      0.22s best:5699  next:[4173,5698] ls_restart_compound(batch:1 lin{mvs:0 evals:11} gen{mvs:5 evals:187} comp{mvs:5 btracks:0} #w_updates:0 #perturb:0)
#35      0.22s best:5650  next:[4173,5649] fixed
#36      0.23s best:5627  next:[4173,5626] quick_restart_no_lp
#37      0.23s best:5626  next:[4173,5625] quick_restart
#38      0.24s best:5625  next:[4173,5624] quick_restart
#39      0.25s best:5624  next:[4173,5623] quick_restart_no_lp
#40      0.26s best:5623  next:[4173,5622] fixed
#41      0.27s best:5622  next:[4173,5621] quick_restart
#42      0.27s best:5621  next:[4173,5620] ls_restart_compound(batch:1 lin{mvs:0 evals:74} gen{mvs:150 evals:2'875} comp{mvs:18 btracks:66} #w_updates:0 #perturb:0) [combined with: quick_restart...]
#43      0.28s best:5620  next:[4173,5619] quick_restart
#44      0.30s best:5573  next:[4173,5572] quick_restart
#45      0.31s best:5572  next:[4173,5571] quick_restart
#Bound   0.32s best:5572  next:[4175,5571] objective_lb_search_max_lp
#46      0.33s best:5571  next:[4175,5570] fixed
#Bound   0.33s best:5571  next:[4181,5570] objective_lb_search_max_lp
#47      0.34s best:5570  next:[4181,5569] fixed
#48      0.34s best:5542  next:[4181,5541] quick_restart_no_lp
#Bound   0.36s best:5542  next:[4273,5541] objective_lb_search_max_lp
#49      0.37s best:5530  next:[4273,5529] quick_restart_no_lp
#50      0.37s best:5469  next:[4273,5468] ls_lin_restart_compound(batch:1 lin{mvs:0 evals:8} gen{mvs:9 evals:288} comp{mvs:9 btracks:0} #w_updates:0 #perturb:0)
#51      0.37s best:5468  next:[4273,5467] ls_restart_decay_compound(batch:1 lin{mvs:0 evals:8} gen{mvs:12 evals:307} comp{mvs:6 btracks:3} #w_updates:0 #perturb:0)
#Bound   0.38s best:5468  next:[4295,5467] objective_lb_search_max_lp
#52      0.39s best:5467  next:[4295,5466] ls_restart_decay_compound_perturb(batch:1 lin{mvs:0 evals:1} gen{mvs:2 evals:47} comp{mvs:2 btracks:0} #w_updates:0 #perturb:0)
#53      0.40s best:5466  next:[4295,5465] ls_lin_restart_compound(batch:1 lin{mvs:0 evals:5} gen{mvs:8 evals:200} comp{mvs:4 btracks:2} #w_updates:0 #perturb:0)
#54      0.40s best:5461  next:[4295,5460] quick_restart_no_lp
#55      0.41s best:5460  next:[4295,5459] quick_restart_no_lp
#56      0.42s best:5452  next:[4295,5451] quick_restart
#57      0.45s best:5451  next:[4295,5450] ls_restart_compound_perturb(batch:1 lin{mvs:0 evals:147} gen{mvs:237 evals:5'796} comp{mvs:21 btracks:108} #w_updates:3 #perturb:0)
#58      0.47s best:5450  next:[4295,5449] quick_restart
#59      0.47s best:5449  next:[4295,5448] ls_restart_decay_compound(batch:1 lin{mvs:0 evals:17} gen{mvs:40 evals:687} comp{mvs:4 btracks:18} #w_updates:0 #perturb:0)
#60      0.48s best:5436  next:[4295,5435] quick_restart
#61      0.48s best:5435  next:[4295,5434] ls_lin_restart_decay_compound_perturb(batch:1 lin{mvs:0 evals:21} gen{mvs:38 evals:797} comp{mvs:8 btracks:15} #w_updates:0 #perturb:0)
#62      0.49s best:5432  next:[4295,5431] quick_restart
#Bound   0.50s best:5432  next:[4299,5431] objective_lb_search_max_lp
#63      0.51s best:5431  next:[4299,5430] quick_restart_no_lp
#64      0.51s best:5430  next:[4299,5429] ls_restart_compound(batch:1 lin{mvs:0 evals:10} gen{mvs:14 evals:426} comp{mvs:8 btracks:3} #w_updates:0 #perturb:0)
#65      0.51s best:5429  next:[4299,5428] ls_lin_restart_decay_compound_perturb(batch:1 lin{mvs:0 evals:15} gen{mvs:24 evals:528} comp{mvs:4 btracks:10} #w_updates:0 #perturb:0)
#66      0.53s best:5428  next:[4299,5427] quick_restart_no_lp
#Bound   0.55s best:5428  next:[4398,5427] objective_lb_search_max_lp
#67      0.61s best:5427  next:[4398,5426] quick_restart
#68      0.66s best:5384  next:[4398,5383] quick_restart
#69      0.67s best:5383  next:[4398,5382] quick_restart
#70      0.68s best:5370  next:[4398,5369] quick_restart
#71      0.69s best:5365  next:[4398,5364] ls_restart_decay_compound(batch:1 lin{mvs:0 evals:11} gen{mvs:19 evals:366} comp{mvs:5 btracks:7} #w_updates:0 #perturb:0)
#72      0.70s best:5364  next:[4398,5363] ls_restart_compound_perturb(batch:1 lin{mvs:0 evals:1} gen{mvs:4 evals:44} comp{mvs:4 btracks:0} #w_updates:0 #perturb:0)
#73      0.71s best:5363  next:[4398,5362] quick_restart_no_lp
#74      0.72s best:5361  next:[4398,5360] quick_restart_no_lp
#75      0.73s best:5360  next:[4398,5359] quick_restart_no_lp
#76      0.73s best:5347  next:[4398,5346] ls_restart_decay_compound(batch:1 lin{mvs:0 evals:5} gen{mvs:3 evals:102} comp{mvs:3 btracks:0} #w_updates:0 #perturb:0)
#77      0.73s best:5346  next:[4398,5345] ls_restart_decay_compound(batch:1 lin{mvs:0 evals:2} gen{mvs:2 evals:43} comp{mvs:2 btracks:0} #w_updates:0 #perturb:0)
#78      0.73s best:5326  next:[4398,5325] ls_restart_perturb(batch:1 lin{mvs:11 evals:249} gen{mvs:54 evals:1'266} #w_updates:11 #perturb:0)
#79      0.73s best:5325  next:[4398,5324] ls_restart_perturb(batch:1 lin{mvs:11 evals:249} gen{mvs:54 evals:1'266} #w_updates:11 #perturb:0) [combined with: ls_restart_decay_com...]
#80      0.74s best:5324  next:[4398,5323] ls_restart_compound(batch:1 lin{mvs:0 evals:255} gen{mvs:204 evals:4'152} comp{mvs:16 btracks:94} #w_updates:2 #perturb:0) [combined with: ls_restart_perturb(b...]
#81      0.75s best:5323  next:[4398,5322] ls_restart_decay_compound(batch:1 lin{mvs:0 evals:382} gen{mvs:338 evals:7'006} comp{mvs:44 btracks:147} #w_updates:3 #perturb:0) [combined with: ls_restart_compound(...]
#Bound   0.76s best:5323  next:[4400,5322] objective_lb_search_max_lp
#82      0.76s best:5322  next:[4400,5321] ls_restart_compound_perturb(batch:1 lin{mvs:0 evals:658} gen{mvs:508 evals:10'601} comp{mvs:48 btracks:230} #w_updates:5 #perturb:0)
#83      0.78s best:5321  next:[4400,5320] ls_restart_decay_compound_perturb(batch:1 lin{mvs:0 evals:507} gen{mvs:408 evals:8'584} comp{mvs:20 btracks:194} #w_updates:5 #perturb:0) [combined with: ls_restart_compound_...]
#84      0.79s best:5320  next:[4400,5319] ls_lin_restart_decay_compound_perturb(batch:1 lin{mvs:0 evals:352} gen{mvs:266 evals:5'853} comp{mvs:22 btracks:122} #w_updates:3 #perturb:0) [combined with: ls_restart_decay_com...]
#85      0.81s best:5319  next:[4400,5318] quick_restart
#86      0.81s best:5318  next:[4400,5317] ls_restart_compound_perturb(batch:1 lin{mvs:0 evals:364} gen{mvs:288 evals:5'936} comp{mvs:30 btracks:129} #w_updates:3 #perturb:0) [combined with: quick_restart...]
#87      0.81s best:5317  next:[4400,5316] ls_restart_compound(batch:1 lin{mvs:0 evals:3} gen{mvs:2 evals:40} comp{mvs:2 btracks:0} #w_updates:0 #perturb:0)
#88      0.81s best:5316  next:[4400,5315] ls_restart_decay_compound_perturb(batch:1 lin{mvs:0 evals:7} gen{mvs:6 evals:157} comp{mvs:6 btracks:0} #w_updates:0 #perturb:0)
#89      0.82s best:5315  next:[4400,5314] ls_lin_restart_decay_compound(batch:1 lin{mvs:0 evals:33} gen{mvs:28 evals:600} comp{mvs:6 btracks:11} #w_updates:0 #perturb:0)
#90      0.83s best:5314  next:[4400,5313] ls_lin_restart_decay_compound(batch:1 lin{mvs:0 evals:441} gen{mvs:372 evals:7'444} comp{mvs:22 btracks:175} #w_updates:3 #perturb:0) [combined with: ls_lin_restart_decay...]
#91      0.84s best:5313  next:[4400,5312] ls_lin_restart_compound(batch:1 lin{mvs:0 evals:2} gen{mvs:2 evals:40} comp{mvs:2 btracks:0} #w_updates:0 #perturb:0)
#92      0.85s best:5312  next:[4400,5311] quick_restart
#93      0.86s best:5302  next:[4400,5301] graph_arc_lns (d=8.01e-01 s=1166 t=0.10 p=0.56 stall=1 h=base)
#94      0.86s best:5269  next:[4400,5268] ls_lin_restart_decay_compound_perturb(batch:1 lin{mvs:0 evals:9} gen{mvs:8 evals:239} comp{mvs:8 btracks:0} #w_updates:0 #perturb:0)
#95      0.87s best:5263  next:[4400,5262] rnd_var_lns (d=8.01e-01 s=1337 t=0.10 p=0.56 stall=0 h=base)
#Bound   0.89s best:5263  next:[4407,5262] objective_lb_search_max_lp
#96      0.90s best:5254  next:[4407,5253] graph_arc_lns (d=7.99e-01 s=1421 t=0.10 p=0.55 stall=0 h=base)
#97      0.90s best:5253  next:[4407,5252] graph_var_lns (d=8.87e-01 s=893 t=0.10 p=0.71 stall=0 h=base)
#98      0.91s best:5252  next:[4407,5251] ls_restart_compound(batch:1 lin{mvs:0 evals:38} gen{mvs:82 evals:1'044} comp{mvs:10 btracks:36} #w_updates:0 #perturb:0)
#99      0.92s best:5184  next:[4407,5183] graph_var_lns (d=8.01e-01 s=1345 t=0.10 p=0.56 stall=0 h=base)
#100     0.93s best:5175  next:[4407,5174] graph_arc_lns (d=7.99e-01 s=1407 t=0.10 p=0.55 stall=0 h=base) [combined with: graph_var_lns (d=8.0...]
#Bound   0.93s best:5175  next:[4420,5174] objective_lb_search_max_lp
#101     0.94s best:5172  next:[4420,5171] quick_restart
#102     0.94s best:5171  next:[4420,5170] quick_restart
#103     0.95s best:5147  next:[4420,5146] graph_arc_lns (d=8.49e-01 s=1046 t=0.10 p=0.62 stall=0 h=base)
#Bound   0.96s best:5147  next:[4423,5146] objective_lb_search_max_lp
#104     1.00s best:5137  next:[4423,5136] graph_arc_lns (d=8.43e-01 s=1434 t=0.10 p=0.58 stall=0 h=base) [combined with: graph_arc_lns (d=8.4...]
#Bound   1.01s best:5137  next:[4426,5136] objective_lb_search_max_lp
#105     1.04s best:5102  next:[4426,5101] rnd_var_lns (d=8.03e-01 s=1527 t=0.10 p=0.55 stall=0 h=base)
#106     1.04s best:5057  next:[4426,5056] rnd_var_lns (d=8.03e-01 s=1517 t=0.10 p=0.55 stall=0 h=base)
#107     1.04s best:5056  next:[4426,5055] rnd_var_lns (d=8.03e-01 s=1517 t=0.10 p=0.55 stall=0 h=base) [combined with: rnd_var_lns (d=8.03e...]
#108     1.10s best:5003  next:[4426,5002] graph_var_lns (d=7.99e-01 s=1485 t=0.10 p=0.55 stall=0 h=base) [combined with: rnd_var_lns (d=8.03e...]
#109     1.24s best:5000  next:[4426,4999] rnd_cst_lns (d=8.92e-01 s=1589 t=0.10 p=0.62 stall=4 h=base)
#Bound   1.68s best:5000  next:[4511,4999] objective_lb_search_max_lp [skipped_logs=2]
#Bound   2.77s best:5000  next:[4550,4999] objective_lb_search_max_lp [skipped_logs=4]
#Bound   3.85s best:5000  next:[4599,4999] objective_lb_search_max_lp [skipped_logs=5]
#Bound   4.70s best:5000  next:[4628,4999] objective_lb_search_max_lp [skipped_logs=3]
#Bound   5.75s best:5000  next:[4655,4999] objective_lb_search_max_lp [skipped_logs=3]
#Bound   6.91s best:5000  next:[4662,4999] objective_lb_search_max_lp [skipped_logs=3]
#Bound   7.63s best:5000  next:[4683,4999] objective_lb_search_max_lp [skipped_logs=2]
#Bound   8.35s best:5000  next:[4699,4999] objective_lb_search_max_lp [skipped_logs=1]
#Bound   9.89s best:5000  next:[4708,4999] objective_lb_search_max_lp [skipped_logs=4]
#Bound  10.61s best:5000  next:[4713,4999] objective_lb_search_max_lp [skipped_logs=2]
#Bound  11.69s best:5000  next:[4728,4999] objective_lb_search_max_lp [skipped_logs=3]
#Bound  12.35s best:5000  next:[4734,4999] objective_lb_search_max_lp [skipped_logs=1]
#Bound  13.98s best:5000  next:[4736,4999] lb_tree_search (nodes=5641/5951 rc=0 decisions=45849 @root=64 restarts=11 lp_iters=[0, 0, 76'073, 14'611])  [skipped_logs=1]
#Bound  14.82s best:5000  next:[4741,4999] objective_lb_search_max_lp [skipped_logs=3]
#Bound  15.88s best:5000  next:[4743,4999] lb_tree_search (nodes=5974/6323 rc=0 decisions=51335 @root=70 restarts=11 lp_iters=[0, 0, 90'932, 14'996])  [skipped_logs=1]
#Bound  16.79s best:5000  next:[4746,4999] lb_tree_search (nodes=6144/6512 rc=0 decisions=54178 @root=73 restarts=11 lp_iters=[0, 0, 98'467, 15'200])  [skipped_logs=2]
#Bound  17.82s best:5000  next:[4749,4999] lb_tree_search (nodes=6291/6682 rc=0 decisions=56991 @root=77 restarts=11 lp_iters=[0, 0, 106'312, 15'412])  [skipped_logs=2]
#Bound  18.75s best:5000  next:[4752,4999] lb_tree_search (nodes=6439/6838 rc=0 decisions=59783 @root=80 restarts=11 lp_iters=[0, 0, 113'790, 15'566])  [skipped_logs=2]
#Bound  19.84s best:5000  next:[4755,4999] lb_tree_search (nodes=6611/7023 rc=0 decisions=62757 @root=84 restarts=11 lp_iters=[0, 0, 121'522, 15'763])  [skipped_logs=2]
#Bound  20.64s best:5000  next:[4757,4999] lb_tree_search (nodes=6987/7417 rc=0 decisions=69885 @root=86 restarts=11 lp_iters=[0, 0, 127'463, 16'353])  [skipped_logs=1]
#Bound  21.79s best:5000  next:[4759,4999] lb_tree_search (nodes=7760/8207 rc=0 decisions=81895 @root=89 restarts=11 lp_iters=[0, 0, 134'511, 17'548])  [skipped_logs=1]
#Bound  22.63s best:5000  next:[4761,4999] lb_tree_search (nodes=7970/8438 rc=0 decisions=85151 @root=91 restarts=11 lp_iters=[0, 0, 140'399, 18'056])  [skipped_logs=1]
#Bound  23.76s best:5000  next:[4763,4999] lb_tree_search (nodes=8241/8724 rc=0 decisions=98345 @root=94 restarts=11 lp_iters=[0, 0, 148'071, 18'965])  [skipped_logs=1]
#Bound  24.90s best:5000  next:[4766,4999] lb_tree_search (nodes=8384/8884 rc=0 decisions=101087 @root=98 restarts=11 lp_iters=[0, 0, 155'602, 19'120])  [skipped_logs=2]
#Bound  25.80s best:5000  next:[4767,4999] lb_tree_search (nodes=8970/9481 rc=0 decisions=111875 @root=100 restarts=11 lp_iters=[0, 0, 160'706, 20'670])  [skipped_logs=0]
#Bound  26.79s best:5000  next:[4771,4999] objective_lb_search_max_lp [skipped_logs=3]
#Bound  27.86s best:5000  next:[4778,4999] objective_lb_search_max_lp [skipped_logs=2]
#Bound  28.18s best:5000  next:[4779,4999] objective_lb_search_max_lp [skipped_logs=0]
#Bound  29.71s best:5000  next:[4786,4999] objective_lb_search_max_lp [skipped_logs=0]
#Bound  30.17s best:5000  next:[4788,4999] objective_lb_search_max_lp [skipped_logs=0]
#Bound  31.64s best:5000  next:[4789,4999] objective_lb_search_max_lp [skipped_logs=0]
#Bound  33.29s best:5000  next:[4790,4999] objective_lb_search_max_lp
#Bound  33.90s best:5000  next:[4791,4999] objective_lb_search_max_lp [skipped_logs=0]
#Bound  34.59s best:5000  next:[4794,4999] objective_lb_search_max_lp [skipped_logs=1]
#Bound  36.59s best:5000  next:[4795,4999] objective_lb_search_max_lp
#Bound  37.64s best:5000  next:[4796,4999] lb_tree_search (nodes=13497/14313 rc=3 decisions=172285 @root=110 restarts=11 lp_iters=[0, 0, 231'943, 26'818]) 
#Bound  38.22s best:5000  next:[4798,4999] objective_lb_search_max_lp
#Bound  39.06s best:5000  next:[4800,4999] objective_lb_search_max_lp
#110    39.35s best:4999  next:[4800,4998] ls_lin_restart_decay_compound(batch:42 lin{mvs:0 evals:28'095} gen{mvs:52'600 evals:743'485} comp{mvs:3'010 btracks:24'794} #w_updates:136 #perturb:0)
#111    39.43s best:4997  next:[4800,4996] rnd_cst_lns (d=8.66e-01 s=45520 t=0.12 p=0.50 stall=522 h=base)
#Bound  39.91s best:4997  next:[4802,4996] objective_lb_search_max_lp [skipped_logs=0]
#Bound  40.77s best:4997  next:[4804,4996] objective_lb_search_max_lp [skipped_logs=1]
#Bound  41.95s best:4997  next:[4809,4996] objective_lb_search_max_lp [skipped_logs=1]
#Bound  43.95s best:4997  next:[4811,4996] objective_lb_search_max_lp
#Bound  48.73s best:4997  next:[4812,4996] objective_lb_search_max_lp
#Bound  49.55s best:4997  next:[4817,4996] objective_lb_search_max_lp
#Bound  50.33s best:4997  next:[4818,4996] objective_lb_search_max_lp
#Bound  51.56s best:4997  next:[4820,4996] objective_lb_search_max_lp
#Bound  52.45s best:4997  next:[4821,4996] objective_lb_search_max_lp
#Bound  52.79s best:4997  next:[4825,4996] objective_lb_search_max_lp
#Bound  54.09s best:4997  next:[4826,4996] objective_lb_search_max_lp
#Bound  55.54s best:4997  next:[4828,4996] objective_lb_search_max_lp
#Bound  58.14s best:4997  next:[4830,4996] objective_lb_search_max_lp
#Bound  58.34s best:4997  next:[4831,4996] objective_lb_search_max_lp
#Bound  58.78s best:4997  next:[4833,4996] objective_lb_search_max_lp
#Bound  60.11s best:4997  next:[4834,4996] objective_lb_search_max_lp
#Bound  61.18s best:4997  next:[4837,4996] objective_lb_search_max_lp
#Bound  66.75s best:4997  next:[4839,4996] objective_lb_search_max_lp
#Bound  66.98s best:4997  next:[4840,4996] objective_lb_search_max_lp
#Bound  71.20s best:4997  next:[4841,4996] lb_tree_search (nodes=14873/15482 rc=55 decisions=330811 @root=131 restarts=12 lp_iters=[0, 0, 376'128, 60'237]) 
#Bound  72.65s best:4997  next:[4842,4996] lb_tree_search (nodes=14820/15636 rc=70 decisions=336397 @root=132 restarts=12 lp_iters=[0, 0, 383'434, 60'328]) 
#Bound  73.26s best:4997  next:[4843,4996] objective_lb_search_max_lp
#Bound  74.28s best:4997  next:[4844,4996] objective_lb_search_max_lp
#Bound  74.71s best:4997  next:[4847,4996] objective_lb_search_max_lp
#Bound  75.12s best:4997  next:[4848,4996] objective_lb_search_max_lp
#Bound  76.96s best:4997  next:[4849,4996] objective_lb_search_max_lp
#Bound  77.42s best:4997  next:[4850,4996] objective_lb_search_max_lp
#Bound  77.72s best:4997  next:[4851,4996] objective_lb_search_max_lp
#Bound  78.91s best:4997  next:[4853,4996] objective_lb_search_max_lp
#Bound  80.21s best:4997  next:[4855,4996] objective_lb_search_max_lp
#Bound  82.34s best:4997  next:[4856,4996] objective_lb_search_max_lp
#Bound  83.73s best:4997  next:[4857,4996] objective_lb_search_max_lp
#Bound  84.06s best:4997  next:[4858,4996] objective_lb_search_max_lp
#Bound  85.45s best:4997  next:[4859,4996] objective_lb_search_max_lp
#Bound  87.15s best:4997  next:[4860,4996] objective_lb_search_max_lp
#Bound  89.20s best:4997  next:[4861,4996] objective_lb_search_max_lp
#Bound  90.27s best:4997  next:[4862,4996] objective_lb_search_max_lp
#Bound  90.98s best:4997  next:[4863,4996] objective_lb_search_max_lp
#Bound  91.40s best:4997  next:[4864,4996] objective_lb_search_max_lp
#Bound  93.07s best:4997  next:[4865,4996] objective_lb_search_max_lp
#Bound  93.89s best:4997  next:[4867,4996] objective_lb_search_max_lp
#Bound  95.40s best:4997  next:[4869,4996] objective_lb_search_max_lp
#Bound  98.02s best:4997  next:[4871,4996] objective_lb_search_max_lp
#Bound  99.34s best:4997  next:[4873,4996] objective_lb_search_max_lp
#Bound 100.67s best:4997  next:[4874,4996] objective_lb_search_max_lp
#Bound 101.88s best:4997  next:[4876,4996] objective_lb_search_max_lp
#Bound 103.93s best:4997  next:[4877,4996] objective_lb_search_max_lp
#Bound 105.80s best:4997  next:[4878,4996] objective_lb_search_max_lp
#Bound 106.26s best:4997  next:[4879,4996] objective_lb_search_max_lp
#Bound 107.29s best:4997  next:[4883,4996] objective_lb_search_max_lp
#Bound 109.93s best:4997  next:[4884,4996] objective_lb_search_max_lp
#Bound 112.12s best:4997  next:[4885,4996] objective_lb_search_max_lp
#Bound 119.49s best:4997  next:[4886,4996] objective_lb_search_max_lp
#Bound 123.20s best:4997  next:[4887,4996] objective_lb_search_max_lp
#Bound 132.02s best:4997  next:[4888,4996] objective_lb_search_max_lp
#Bound 133.73s best:4997  next:[4889,4996] objective_lb_search_max_lp
#Bound 136.55s best:4997  next:[4890,4996] objective_lb_search_max_lp
#Bound 139.66s best:4997  next:[4891,4996] lb_tree_search (nodes=26393/29284 rc=106 decisions=494803 @root=152 restarts=13 lp_iters=[0, 0, 705'577, 125'913]) 
#Bound 140.27s best:4997  next:[4893,4996] objective_lb_search_max_lp
#Bound 145.33s best:4997  next:[4894,4996] lb_tree_search (nodes=26139/29444 rc=106 decisions=505561 @root=154 restarts=13 lp_iters=[0, 0, 737'914, 126'161]) 
#Bound 148.06s best:4997  next:[4895,4996] lb_tree_search (nodes=26084/29498 rc=106 decisions=510901 @root=155 restarts=13 lp_iters=[0, 0, 754'127, 126'202]) 
#Bound 150.70s best:4997  next:[4896,4996] lb_tree_search (nodes=26009/29552 rc=107 decisions=515953 @root=156 restarts=13 lp_iters=[0, 0, 769'911, 126'261]) 
#Bound 151.49s best:4997  next:[4934,4996] objective_lb_search_max_lp
#Bound 177.42s best:4997  next:[4935,4996] lb_tree_search (nodes=11042/11723 rc=110 decisions=559429 @root=161 restarts=14 lp_iters=[0, 0, 873'893, 169'072]) 
#Bound 178.57s best:4997  next:[4936,4996] lb_tree_search (nodes=10653/11737 rc=110 decisions=561475 @root=162 restarts=14 lp_iters=[0, 0, 880'482, 169'098]) 
#Bound 179.69s best:4997  next:[4937,4996] lb_tree_search (nodes=10464/11798 rc=111 decisions=563552 @root=163 restarts=14 lp_iters=[0, 0, 886'751, 169'133]) 
#Bound 180.82s best:4997  next:[4938,4996] lb_tree_search (nodes=10251/11809 rc=111 decisions=565535 @root=164 restarts=14 lp_iters=[0, 0, 893'207, 169'192]) 
#Bound 182.13s best:4997  next:[4939,4996] lb_tree_search (nodes=10241/11992 rc=111 decisions=569244 @root=165 restarts=14 lp_iters=[0, 0, 900'210, 169'629]) 
#Bound 183.15s best:4997  next:[4940,4996] lb_tree_search (nodes=10072/11994 rc=111 decisions=571153 @root=166 restarts=14 lp_iters=[0, 0, 905'614, 169'639]) 
#Bound 184.40s best:4997  next:[4941,4996] lb_tree_search (nodes=9862/12042 rc=111 decisions=573613 @root=167 restarts=14 lp_iters=[0, 0, 912'697, 169'747]) 
#Bound 185.35s best:4997  next:[4942,4996] lb_tree_search (nodes=9687/12048 rc=111 decisions=575249 @root=168 restarts=14 lp_iters=[0, 0, 918'413, 169'809]) 
#Bound 186.57s best:4997  next:[4943,4996] lb_tree_search (nodes=9474/12096 rc=113 decisions=577506 @root=169 restarts=14 lp_iters=[0, 0, 925'440, 169'874]) 
#Bound 187.50s best:4997  next:[4944,4996] lb_tree_search (nodes=9312/12096 rc=113 decisions=579136 @root=170 restarts=14 lp_iters=[0, 0, 930'886, 169'874]) 
#Bound 188.58s best:4997  next:[4945,4996] lb_tree_search (nodes=9102/12144 rc=114 decisions=581041 @root=171 restarts=14 lp_iters=[0, 0, 937'621, 169'933]) 
#Bound 189.68s best:4997  next:[4946,4996] lb_tree_search (nodes=8906/12151 rc=115 decisions=582813 @root=172 restarts=14 lp_iters=[0, 0, 944'621, 169'952]) 
#Bound 190.60s best:4997  next:[4947,4996] lb_tree_search (nodes=8763/12157 rc=115 decisions=584294 @root=173 restarts=14 lp_iters=[0, 0, 950'586, 169'963]) 
#Bound 191.51s best:4997  next:[4948,4996] lb_tree_search (nodes=8617/12162 rc=115 decisions=585725 @root=174 restarts=14 lp_iters=[0, 0, 956'480, 170'055]) 
#Bound 192.41s best:4997  next:[4949,4996] lb_tree_search (nodes=8358/12171 rc=115 decisions=587145 @root=175 restarts=14 lp_iters=[0, 0, 962'451, 170'066]) 
#Bound 193.41s best:4997  next:[4950,4996] lb_tree_search (nodes=8129/12178 rc=115 decisions=588590 @root=176 restarts=14 lp_iters=[0, 0, 969'004, 170'129]) 
#Bound 194.30s best:4997  next:[4951,4996] lb_tree_search (nodes=7982/12179 rc=115 decisions=589961 @root=177 restarts=14 lp_iters=[0, 0, 974'833, 170'129]) 
#Bound 195.19s best:4997  next:[4952,4996] lb_tree_search (nodes=7844/12182 rc=115 decisions=591307 @root=178 restarts=14 lp_iters=[0, 0, 980'439, 170'136]) 
#Bound 196.01s best:4997  next:[4953,4996] lb_tree_search (nodes=7715/12189 rc=116 decisions=592552 @root=179 restarts=14 lp_iters=[0, 0, 985'560, 170'153]) 
#Bound 196.80s best:4997  next:[4954,4996] lb_tree_search (nodes=7568/12190 rc=116 decisions=593784 @root=180 restarts=14 lp_iters=[0, 0, 990'649, 170'197]) 
#Bound 197.62s best:4997  next:[4955,4996] lb_tree_search (nodes=7370/12201 rc=118 decisions=594960 @root=181 restarts=14 lp_iters=[0, 0, 995'790, 170'268]) 
#Bound 198.40s best:4997  next:[4956,4996] lb_tree_search (nodes=7215/12205 rc=118 decisions=596063 @root=182 restarts=14 lp_iters=[0, 0, 1'001'030, 170'272]) 
#Bound 199.18s best:4997  next:[4957,4996] lb_tree_search (nodes=7031/12209 rc=118 decisions=597212 @root=183 restarts=14 lp_iters=[0, 0, 1'006'413, 170'304]) 
#Bound 199.96s best:4997  next:[4958,4996] lb_tree_search (nodes=6848/12209 rc=118 decisions=598287 @root=184 restarts=14 lp_iters=[0, 0, 1'011'986, 170'351]) 
#Bound 200.68s best:4997  next:[4959,4996] lb_tree_search (nodes=6686/12219 rc=118 decisions=599367 @root=185 restarts=14 lp_iters=[0, 0, 1'016'574, 170'385]) 
#Bound 201.49s best:4997  next:[4960,4996] lb_tree_search (nodes=6514/12222 rc=118 decisions=600471 @root=186 restarts=14 lp_iters=[0, 0, 1'021'734, 170'396]) 
#Bound 202.32s best:4997  next:[4961,4996] lb_tree_search (nodes=6406/12270 rc=118 decisions=601678 @root=187 restarts=14 lp_iters=[0, 0, 1'026'664, 170'957]) 
#Bound 203.26s best:4997  next:[4962,4996] lb_tree_search (nodes=6250/12307 rc=118 decisions=603055 @root=188 restarts=14 lp_iters=[0, 0, 1'032'109, 171'482]) 
#Bound 204.17s best:4997  next:[4963,4996] lb_tree_search (nodes=6112/12360 rc=118 decisions=604405 @root=189 restarts=14 lp_iters=[0, 0, 1'037'426, 171'974]) 
#Bound 204.94s best:4997  next:[4964,4996] lb_tree_search (nodes=6033/12406 rc=118 decisions=606155 @root=190 restarts=14 lp_iters=[0, 0, 1'042'241, 172'455]) 
#Bound 205.79s best:4997  next:[4965,4996] lb_tree_search (nodes=5900/12455 rc=119 decisions=607453 @root=191 restarts=14 lp_iters=[0, 0, 1'047'116, 173'023]) 
#Bound 206.63s best:4997  next:[4966,4996] lb_tree_search (nodes=5757/12477 rc=119 decisions=608988 @root=192 restarts=14 lp_iters=[0, 0, 1'051'924, 173'543]) 
#Bound 207.48s best:4997  next:[4967,4996] lb_tree_search (nodes=5594/12499 rc=121 decisions=610217 @root=193 restarts=14 lp_iters=[0, 0, 1'057'467, 173'829]) 
#Bound 208.48s best:4997  next:[4968,4996] lb_tree_search (nodes=5394/12516 rc=121 decisions=611510 @root=194 restarts=14 lp_iters=[0, 0, 1'062'778, 174'334]) 
#Bound 209.28s best:4997  next:[4969,4996] lb_tree_search (nodes=5256/12542 rc=125 decisions=612730 @root=195 restarts=14 lp_iters=[0, 0, 1'067'437, 174'773]) 
#Bound 210.03s best:4997  next:[4970,4996] lb_tree_search (nodes=5106/12557 rc=128 decisions=613858 @root=196 restarts=14 lp_iters=[0, 0, 1'071'753, 175'085]) 
#Bound 210.76s best:4997  next:[4971,4996] lb_tree_search (nodes=4964/12580 rc=128 decisions=614859 @root=197 restarts=14 lp_iters=[0, 0, 1'075'912, 175'450]) 
#Bound 211.63s best:4997  next:[4972,4996] lb_tree_search (nodes=4767/12592 rc=132 decisions=616202 @root=198 restarts=14 lp_iters=[0, 0, 1'081'136, 176'037]) 
#Bound 212.38s best:4997  next:[4973,4996] lb_tree_search (nodes=4632/12625 rc=134 decisions=617793 @root=199 restarts=14 lp_iters=[0, 0, 1'085'381, 176'552]) 
Relative gap limit of 0.005 reached.

Task timing                                  n [     min,      max]      avg      dev     time         n [     min,      max]      avg      dev    dtime
                             'core':         1 [   3.58m,    3.58m]    3.58m   0.00ns    3.58m         1 [   7.07m,    7.07m]    7.07m   0.00ns    7.07m
                       'default_lp':         1 [   3.54m,    3.54m]    3.54m   0.00ns    3.54m         0 [  0.00ns,   0.00ns]   0.00ns   0.00ns   0.00ns
                 'feasibility_pump':      9604 [ 68.07us,   1.11ms] 212.52us  67.83us    2.04s      9603 [ 33.44us, 520.34us]  33.49us   4.97us 321.65ms
                            'fixed':         1 [   3.54m,    3.54m]    3.54m   0.00ns    3.54m         1 [   1.57m,    1.57m]    1.57m   0.00ns    1.57m
                               'fj':         0 [  0.00ns,   0.00ns]   0.00ns   0.00ns   0.00ns         0 [  0.00ns,   0.00ns]   0.00ns   0.00ns   0.00ns
                               'fj':         0 [  0.00ns,   0.00ns]   0.00ns   0.00ns   0.00ns         0 [  0.00ns,   0.00ns]   0.00ns   0.00ns   0.00ns
                               'fj':         0 [  0.00ns,   0.00ns]   0.00ns   0.00ns   0.00ns         0 [  0.00ns,   0.00ns]   0.00ns   0.00ns   0.00ns
                               'fj':         0 [  0.00ns,   0.00ns]   0.00ns   0.00ns   0.00ns         0 [  0.00ns,   0.00ns]   0.00ns   0.00ns   0.00ns
                               'fj':         0 [  0.00ns,   0.00ns]   0.00ns   0.00ns   0.00ns         0 [  0.00ns,   0.00ns]   0.00ns   0.00ns   0.00ns
                               'fj':         0 [  0.00ns,   0.00ns]   0.00ns   0.00ns   0.00ns         0 [  0.00ns,   0.00ns]   0.00ns   0.00ns   0.00ns
                               'fj':         0 [  0.00ns,   0.00ns]   0.00ns   0.00ns   0.00ns         0 [  0.00ns,   0.00ns]   0.00ns   0.00ns   0.00ns
                               'fj':         0 [  0.00ns,   0.00ns]   0.00ns   0.00ns   0.00ns         0 [  0.00ns,   0.00ns]   0.00ns   0.00ns   0.00ns
                               'fj':         0 [  0.00ns,   0.00ns]   0.00ns   0.00ns   0.00ns         0 [  0.00ns,   0.00ns]   0.00ns   0.00ns   0.00ns
                               'fj':         0 [  0.00ns,   0.00ns]   0.00ns   0.00ns   0.00ns         0 [  0.00ns,   0.00ns]   0.00ns   0.00ns   0.00ns
                               'fj':         0 [  0.00ns,   0.00ns]   0.00ns   0.00ns   0.00ns         0 [  0.00ns,   0.00ns]   0.00ns   0.00ns   0.00ns
                               'fj':         0 [  0.00ns,   0.00ns]   0.00ns   0.00ns   0.00ns         0 [  0.00ns,   0.00ns]   0.00ns   0.00ns   0.00ns
                               'fj':         0 [  0.00ns,   0.00ns]   0.00ns   0.00ns   0.00ns         0 [  0.00ns,   0.00ns]   0.00ns   0.00ns   0.00ns
                               'fj':         0 [  0.00ns,   0.00ns]   0.00ns   0.00ns   0.00ns         0 [  0.00ns,   0.00ns]   0.00ns   0.00ns   0.00ns
                               'fj':         0 [  0.00ns,   0.00ns]   0.00ns   0.00ns   0.00ns         0 [  0.00ns,   0.00ns]   0.00ns   0.00ns   0.00ns
                               'fj':         0 [  0.00ns,   0.00ns]   0.00ns   0.00ns   0.00ns         0 [  0.00ns,   0.00ns]   0.00ns   0.00ns   0.00ns
                               'fj':         0 [  0.00ns,   0.00ns]   0.00ns   0.00ns   0.00ns         0 [  0.00ns,   0.00ns]   0.00ns   0.00ns   0.00ns
                               'fj':         0 [  0.00ns,   0.00ns]   0.00ns   0.00ns   0.00ns         0 [  0.00ns,   0.00ns]   0.00ns   0.00ns   0.00ns
                               'fj':         0 [  0.00ns,   0.00ns]   0.00ns   0.00ns   0.00ns         0 [  0.00ns,   0.00ns]   0.00ns   0.00ns   0.00ns
                               'fj':         0 [  0.00ns,   0.00ns]   0.00ns   0.00ns   0.00ns         0 [  0.00ns,   0.00ns]   0.00ns   0.00ns   0.00ns
                               'fj':         0 [  0.00ns,   0.00ns]   0.00ns   0.00ns   0.00ns         0 [  0.00ns,   0.00ns]   0.00ns   0.00ns   0.00ns
                               'fj':         0 [  0.00ns,   0.00ns]   0.00ns   0.00ns   0.00ns         0 [  0.00ns,   0.00ns]   0.00ns   0.00ns   0.00ns
                               'fj':         0 [  0.00ns,   0.00ns]   0.00ns   0.00ns   0.00ns         0 [  0.00ns,   0.00ns]   0.00ns   0.00ns   0.00ns
                               'fj':         0 [  0.00ns,   0.00ns]   0.00ns   0.00ns   0.00ns         0 [  0.00ns,   0.00ns]   0.00ns   0.00ns   0.00ns
                               'fj':         0 [  0.00ns,   0.00ns]   0.00ns   0.00ns   0.00ns         0 [  0.00ns,   0.00ns]   0.00ns   0.00ns   0.00ns
                           'fj_lin':         0 [  0.00ns,   0.00ns]   0.00ns   0.00ns   0.00ns         0 [  0.00ns,   0.00ns]   0.00ns   0.00ns   0.00ns
                           'fj_lin':         0 [  0.00ns,   0.00ns]   0.00ns   0.00ns   0.00ns         0 [  0.00ns,   0.00ns]   0.00ns   0.00ns   0.00ns
                           'fj_lin':         0 [  0.00ns,   0.00ns]   0.00ns   0.00ns   0.00ns         0 [  0.00ns,   0.00ns]   0.00ns   0.00ns   0.00ns
                           'fj_lin':         0 [  0.00ns,   0.00ns]   0.00ns   0.00ns   0.00ns         0 [  0.00ns,   0.00ns]   0.00ns   0.00ns   0.00ns
                           'fj_lin':         0 [  0.00ns,   0.00ns]   0.00ns   0.00ns   0.00ns         0 [  0.00ns,   0.00ns]   0.00ns   0.00ns   0.00ns
                           'fj_lin':         0 [  0.00ns,   0.00ns]   0.00ns   0.00ns   0.00ns         0 [  0.00ns,   0.00ns]   0.00ns   0.00ns   0.00ns
                           'fj_lin':         0 [  0.00ns,   0.00ns]   0.00ns   0.00ns   0.00ns         0 [  0.00ns,   0.00ns]   0.00ns   0.00ns   0.00ns
                           'fj_lin':         0 [  0.00ns,   0.00ns]   0.00ns   0.00ns   0.00ns         0 [  0.00ns,   0.00ns]   0.00ns   0.00ns   0.00ns
                           'fj_lin':         0 [  0.00ns,   0.00ns]   0.00ns   0.00ns   0.00ns         0 [  0.00ns,   0.00ns]   0.00ns   0.00ns   0.00ns
                           'fj_lin':         0 [  0.00ns,   0.00ns]   0.00ns   0.00ns   0.00ns         0 [  0.00ns,   0.00ns]   0.00ns   0.00ns   0.00ns
                           'fj_lin':         0 [  0.00ns,   0.00ns]   0.00ns   0.00ns   0.00ns         0 [  0.00ns,   0.00ns]   0.00ns   0.00ns   0.00ns
                           'fj_lin':         0 [  0.00ns,   0.00ns]   0.00ns   0.00ns   0.00ns         0 [  0.00ns,   0.00ns]   0.00ns   0.00ns   0.00ns
                        'fs_random':         0 [  0.00ns,   0.00ns]   0.00ns   0.00ns   0.00ns         0 [  0.00ns,   0.00ns]   0.00ns   0.00ns   0.00ns
                        'fs_random':         0 [  0.00ns,   0.00ns]   0.00ns   0.00ns   0.00ns         0 [  0.00ns,   0.00ns]   0.00ns   0.00ns   0.00ns
                        'fs_random':         0 [  0.00ns,   0.00ns]   0.00ns   0.00ns   0.00ns         0 [  0.00ns,   0.00ns]   0.00ns   0.00ns   0.00ns
                        'fs_random':         0 [  0.00ns,   0.00ns]   0.00ns   0.00ns   0.00ns         0 [  0.00ns,   0.00ns]   0.00ns   0.00ns   0.00ns
                        'fs_random':         0 [  0.00ns,   0.00ns]   0.00ns   0.00ns   0.00ns         0 [  0.00ns,   0.00ns]   0.00ns   0.00ns   0.00ns
                        'fs_random':         0 [  0.00ns,   0.00ns]   0.00ns   0.00ns   0.00ns         0 [  0.00ns,   0.00ns]   0.00ns   0.00ns   0.00ns
                        'fs_random':         0 [  0.00ns,   0.00ns]   0.00ns   0.00ns   0.00ns         0 [  0.00ns,   0.00ns]   0.00ns   0.00ns   0.00ns
                        'fs_random':         0 [  0.00ns,   0.00ns]   0.00ns   0.00ns   0.00ns         0 [  0.00ns,   0.00ns]   0.00ns   0.00ns   0.00ns
                        'fs_random':         0 [  0.00ns,   0.00ns]   0.00ns   0.00ns   0.00ns         0 [  0.00ns,   0.00ns]   0.00ns   0.00ns   0.00ns
                        'fs_random':         0 [  0.00ns,   0.00ns]   0.00ns   0.00ns   0.00ns         0 [  0.00ns,   0.00ns]   0.00ns   0.00ns   0.00ns
                        'fs_random':         0 [  0.00ns,   0.00ns]   0.00ns   0.00ns   0.00ns         0 [  0.00ns,   0.00ns]   0.00ns   0.00ns   0.00ns
                        'fs_random':         0 [  0.00ns,   0.00ns]   0.00ns   0.00ns   0.00ns         0 [  0.00ns,   0.00ns]   0.00ns   0.00ns   0.00ns
                  'fs_random_no_lp':         0 [  0.00ns,   0.00ns]   0.00ns   0.00ns   0.00ns         0 [  0.00ns,   0.00ns]   0.00ns   0.00ns   0.00ns
                  'fs_random_no_lp':         0 [  0.00ns,   0.00ns]   0.00ns   0.00ns   0.00ns         0 [  0.00ns,   0.00ns]   0.00ns   0.00ns   0.00ns
                  'fs_random_no_lp':         0 [  0.00ns,   0.00ns]   0.00ns   0.00ns   0.00ns         0 [  0.00ns,   0.00ns]   0.00ns   0.00ns   0.00ns
                  'fs_random_no_lp':         0 [  0.00ns,   0.00ns]   0.00ns   0.00ns   0.00ns         0 [  0.00ns,   0.00ns]   0.00ns   0.00ns   0.00ns
                  'fs_random_no_lp':         0 [  0.00ns,   0.00ns]   0.00ns   0.00ns   0.00ns         0 [  0.00ns,   0.00ns]   0.00ns   0.00ns   0.00ns
                  'fs_random_no_lp':         0 [  0.00ns,   0.00ns]   0.00ns   0.00ns   0.00ns         0 [  0.00ns,   0.00ns]   0.00ns   0.00ns   0.00ns
                  'fs_random_no_lp':         0 [  0.00ns,   0.00ns]   0.00ns   0.00ns   0.00ns         0 [  0.00ns,   0.00ns]   0.00ns   0.00ns   0.00ns
                  'fs_random_no_lp':         0 [  0.00ns,   0.00ns]   0.00ns   0.00ns   0.00ns         0 [  0.00ns,   0.00ns]   0.00ns   0.00ns   0.00ns
                  'fs_random_no_lp':         0 [  0.00ns,   0.00ns]   0.00ns   0.00ns   0.00ns         0 [  0.00ns,   0.00ns]   0.00ns   0.00ns   0.00ns
                  'fs_random_no_lp':         0 [  0.00ns,   0.00ns]   0.00ns   0.00ns   0.00ns         0 [  0.00ns,   0.00ns]   0.00ns   0.00ns   0.00ns
                  'fs_random_no_lp':         0 [  0.00ns,   0.00ns]   0.00ns   0.00ns   0.00ns         0 [  0.00ns,   0.00ns]   0.00ns   0.00ns   0.00ns
                  'fs_random_no_lp':         0 [  0.00ns,   0.00ns]   0.00ns   0.00ns   0.00ns         0 [  0.00ns,   0.00ns]   0.00ns   0.00ns   0.00ns
                  'fs_random_no_lp':         0 [  0.00ns,   0.00ns]   0.00ns   0.00ns   0.00ns         0 [  0.00ns,   0.00ns]   0.00ns   0.00ns   0.00ns
          'fs_random_quick_restart':         0 [  0.00ns,   0.00ns]   0.00ns   0.00ns   0.00ns         0 [  0.00ns,   0.00ns]   0.00ns   0.00ns   0.00ns
          'fs_random_quick_restart':         0 [  0.00ns,   0.00ns]   0.00ns   0.00ns   0.00ns         0 [  0.00ns,   0.00ns]   0.00ns   0.00ns   0.00ns
          'fs_random_quick_restart':         0 [  0.00ns,   0.00ns]   0.00ns   0.00ns   0.00ns         0 [  0.00ns,   0.00ns]   0.00ns   0.00ns   0.00ns
          'fs_random_quick_restart':         0 [  0.00ns,   0.00ns]   0.00ns   0.00ns   0.00ns         0 [  0.00ns,   0.00ns]   0.00ns   0.00ns   0.00ns
          'fs_random_quick_restart':         0 [  0.00ns,   0.00ns]   0.00ns   0.00ns   0.00ns         0 [  0.00ns,   0.00ns]   0.00ns   0.00ns   0.00ns
          'fs_random_quick_restart':         0 [  0.00ns,   0.00ns]   0.00ns   0.00ns   0.00ns         0 [  0.00ns,   0.00ns]   0.00ns   0.00ns   0.00ns
          'fs_random_quick_restart':         0 [  0.00ns,   0.00ns]   0.00ns   0.00ns   0.00ns         0 [  0.00ns,   0.00ns]   0.00ns   0.00ns   0.00ns
          'fs_random_quick_restart':         0 [  0.00ns,   0.00ns]   0.00ns   0.00ns   0.00ns         0 [  0.00ns,   0.00ns]   0.00ns   0.00ns   0.00ns
          'fs_random_quick_restart':         0 [  0.00ns,   0.00ns]   0.00ns   0.00ns   0.00ns         0 [  0.00ns,   0.00ns]   0.00ns   0.00ns   0.00ns
          'fs_random_quick_restart':         0 [  0.00ns,   0.00ns]   0.00ns   0.00ns   0.00ns         0 [  0.00ns,   0.00ns]   0.00ns   0.00ns   0.00ns
          'fs_random_quick_restart':         0 [  0.00ns,   0.00ns]   0.00ns   0.00ns   0.00ns         0 [  0.00ns,   0.00ns]   0.00ns   0.00ns   0.00ns
          'fs_random_quick_restart':         0 [  0.00ns,   0.00ns]   0.00ns   0.00ns   0.00ns         0 [  0.00ns,   0.00ns]   0.00ns   0.00ns   0.00ns
    'fs_random_quick_restart_no_lp':         0 [  0.00ns,   0.00ns]   0.00ns   0.00ns   0.00ns         0 [  0.00ns,   0.00ns]   0.00ns   0.00ns   0.00ns
    'fs_random_quick_restart_no_lp':         0 [  0.00ns,   0.00ns]   0.00ns   0.00ns   0.00ns         0 [  0.00ns,   0.00ns]   0.00ns   0.00ns   0.00ns
    'fs_random_quick_restart_no_lp':         0 [  0.00ns,   0.00ns]   0.00ns   0.00ns   0.00ns         0 [  0.00ns,   0.00ns]   0.00ns   0.00ns   0.00ns
    'fs_random_quick_restart_no_lp':         0 [  0.00ns,   0.00ns]   0.00ns   0.00ns   0.00ns         0 [  0.00ns,   0.00ns]   0.00ns   0.00ns   0.00ns
    'fs_random_quick_restart_no_lp':         0 [  0.00ns,   0.00ns]   0.00ns   0.00ns   0.00ns         0 [  0.00ns,   0.00ns]   0.00ns   0.00ns   0.00ns
    'fs_random_quick_restart_no_lp':         0 [  0.00ns,   0.00ns]   0.00ns   0.00ns   0.00ns         0 [  0.00ns,   0.00ns]   0.00ns   0.00ns   0.00ns
    'fs_random_quick_restart_no_lp':         0 [  0.00ns,   0.00ns]   0.00ns   0.00ns   0.00ns         0 [  0.00ns,   0.00ns]   0.00ns   0.00ns   0.00ns
    'fs_random_quick_restart_no_lp':         0 [  0.00ns,   0.00ns]   0.00ns   0.00ns   0.00ns         0 [  0.00ns,   0.00ns]   0.00ns   0.00ns   0.00ns
    'fs_random_quick_restart_no_lp':         0 [  0.00ns,   0.00ns]   0.00ns   0.00ns   0.00ns         0 [  0.00ns,   0.00ns]   0.00ns   0.00ns   0.00ns
    'fs_random_quick_restart_no_lp':         0 [  0.00ns,   0.00ns]   0.00ns   0.00ns   0.00ns         0 [  0.00ns,   0.00ns]   0.00ns   0.00ns   0.00ns
    'fs_random_quick_restart_no_lp':         0 [  0.00ns,   0.00ns]   0.00ns   0.00ns   0.00ns         0 [  0.00ns,   0.00ns]   0.00ns   0.00ns   0.00ns
    'fs_random_quick_restart_no_lp':         0 [  0.00ns,   0.00ns]   0.00ns   0.00ns   0.00ns         0 [  0.00ns,   0.00ns]   0.00ns   0.00ns   0.00ns
                    'graph_arc_lns':      2377 [  1.42ms,    1.32s] 405.76ms 297.20ms   16.07m      2377 [  2.13us, 239.13ms]  96.87ms  75.61ms    3.84m
                    'graph_cst_lns':      2327 [753.70us,    1.33s] 424.15ms 318.42ms   16.45m      2327 [ 10.00ns, 239.11ms]  96.07ms  75.88ms    3.73m
                    'graph_dec_lns':      2437 [  1.70ms,    1.28s] 411.22ms 320.18ms   16.70m      2437 [  3.70us, 248.93ms]  98.01ms  79.76ms    3.98m
                    'graph_var_lns':      2638 [  1.24ms,    1.35s] 367.48ms 305.65ms   16.16m      2638 [  3.92us, 269.32ms]  95.91ms  85.98ms    4.22m
                     'lb_relax_lns':      1280 [145.50us,    3.40s] 778.94ms 919.05ms   16.62m       938 [  1.31ms, 702.01ms] 330.81ms 281.68ms    5.17m
                   'lb_tree_search':         1 [   3.54m,    3.54m]    3.54m   0.00ns    3.54m         1 [  52.01s,   52.01s]   52.01s   0.00ns   52.01s
                               'ls':      4377 [  9.39ms,  91.45ms]  48.36ms   6.64ms    3.53m      4377 [ 19.92ms, 100.86ms] 100.06ms   1.27ms    7.30m
                               'ls':      5200 [ 22.83ms,  84.92ms]  40.67ms   5.36ms    3.52m      5200 [ 40.43ms, 101.37ms] 100.06ms 974.25us    8.67m
                               'ls':      5213 [ 24.07ms,  89.03ms]  40.63ms   5.73ms    3.53m      5213 [ 61.85ms, 100.77ms] 100.07ms 532.49us    8.69m
                               'ls':      5241 [156.20us,  75.32ms]  40.20ms   4.20ms    3.51m      5240 [  1.63ms, 101.28ms] 100.05ms   1.79ms    8.74m
                               'ls':      5251 [466.26us,  76.63ms]  40.25ms   4.64ms    3.52m      5251 [  1.05ms, 101.25ms] 100.03ms   2.06ms    8.75m
                               'ls':      5392 [502.60us,  76.54ms]  39.19ms   4.42ms    3.52m      5392 [597.46us, 100.58ms] 100.03ms   1.98ms    8.99m
                               'ls':      5418 [ 94.09us,  74.81ms]  38.90ms   4.09ms    3.51m      5417 [ 33.80ms, 100.42ms] 100.05ms   1.37ms    9.03m
                               'ls':      5426 [ 10.77ms,  75.67ms]  38.90ms   4.21ms    3.52m      5426 [ 32.79ms, 100.72ms] 100.06ms   1.23ms    9.05m
                               'ls':      5434 [  1.25ms,  75.32ms]  38.84ms   4.35ms    3.52m      5434 [  2.07ms, 101.06ms] 100.04ms   1.91ms    9.06m
                               'ls':      5447 [  1.63ms,  80.12ms]  38.63ms   4.51ms    3.51m      5447 [  2.53ms, 102.63ms]  99.99ms   2.75ms    9.08m
                               'ls':      5455 [240.21us,  76.62ms]  38.55ms   3.61ms    3.50m      5455 [257.84us, 100.98ms] 100.01ms   2.36ms    9.09m
                               'ls':      5465 [ 91.62us,  69.98ms]  38.63ms   4.16ms    3.52m      5464 [279.62us, 101.69ms] 100.02ms   2.25ms    9.11m
                               'ls':      5503 [286.70us,  71.35ms]  38.34ms   4.32ms    3.52m      5502 [247.75us, 101.89ms] 100.01ms   2.45ms    9.17m
                               'ls':      5517 [  1.04ms,  75.70ms]  38.28ms   4.27ms    3.52m      5517 [  2.43ms, 102.78ms] 100.01ms   2.52ms    9.20m
                               'ls':      5526 [  5.19ms,  73.19ms]  38.25ms   5.12ms    3.52m      5526 [  8.40ms, 101.16ms] 100.03ms   1.87ms    9.21m
                               'ls':      5530 [111.16us,  74.51ms]  38.10ms   3.93ms    3.51m      5529 [  1.81ms, 102.27ms] 100.01ms   2.49ms    9.22m
                               'ls':      5535 [172.83us,  75.24ms]  37.99ms   3.86ms    3.50m      5535 [243.83us, 102.41ms] 100.00ms   2.70ms    9.22m
                               'ls':      5548 [  5.68ms,  76.65ms]  38.00ms   3.97ms    3.51m      5548 [  8.93ms, 100.98ms] 100.05ms   1.68ms    9.25m
                               'ls':      5642 [ 15.28ms,  70.97ms]  37.50ms   3.85ms    3.53m      5642 [ 39.35ms, 103.44ms] 100.08ms 813.58us    9.41m
                           'ls_lin':      5146 [280.24us,  88.81ms]  41.12ms   6.24ms    3.53m      5146 [241.28us, 101.92ms] 100.04ms   1.66ms    8.58m
                           'ls_lin':      5266 [564.92us,  83.28ms]  40.17ms   5.70ms    3.53m      5266 [656.47us, 100.72ms] 100.01ms   2.33ms    8.78m
                           'ls_lin':      5369 [  2.91ms,  78.52ms]  39.33ms   3.73ms    3.52m      5369 [  4.46ms, 101.03ms] 100.04ms   1.67ms    8.95m
                           'ls_lin':      5373 [879.49us,  85.42ms]  39.31ms   4.40ms    3.52m      5373 [  1.23ms, 101.24ms] 100.02ms   2.37ms    8.96m
                           'ls_lin':      5425 [543.34us,  74.86ms]  38.98ms   5.28ms    3.52m      5424 [ 16.83ms, 100.75ms] 100.03ms   1.74ms    9.04m
                           'ls_lin':      5436 [ 28.89ms,  79.27ms]  38.85ms   4.51ms    3.52m      5436 [ 49.87ms, 101.88ms] 100.07ms 723.63us    9.07m
                           'ls_lin':      5437 [ 14.07ms,  77.23ms]  38.81ms   4.41ms    3.52m      5437 [ 33.04ms, 100.80ms] 100.05ms   1.38ms    9.07m
                           'ls_lin':      5499 [  1.47ms,  75.31ms]  38.38ms   4.32ms    3.52m      5499 [  2.55ms, 102.75ms] 100.05ms   1.54ms    9.17m
                           'ls_lin':      5520 [  2.94ms,  75.74ms]  38.10ms   3.82ms    3.50m      5520 [  8.39ms, 101.88ms] 100.04ms   1.82ms    9.20m
                           'ls_lin':      5545 [  1.02ms,  73.61ms]  38.01ms   3.62ms    3.51m      5545 [  1.44ms, 101.04ms] 100.04ms   1.93ms    9.25m
                           'max_lp':         1 [   3.54m,    3.54m]    3.54m   0.00ns    3.54m         1 [   1.65m,    1.65m]    1.65m   0.00ns    1.65m
                            'no_lp':         1 [   3.54m,    3.54m]    3.54m   0.00ns    3.54m         0 [  0.00ns,   0.00ns]   0.00ns   0.00ns   0.00ns
              'objective_lb_search':         1 [   3.54m,    3.54m]    3.54m   0.00ns    3.54m         0 [  0.00ns,   0.00ns]   0.00ns   0.00ns   0.00ns
       'objective_lb_search_max_lp':         1 [   3.54m,    3.54m]    3.54m   0.00ns    3.54m         1 [  50.68s,   50.68s]   50.68s   0.00ns   50.68s
        'objective_lb_search_no_lp':         1 [   3.54m,    3.54m]    3.54m   0.00ns    3.54m         1 [   2.00m,    2.00m]    2.00m   0.00ns    2.00m
         'objective_shaving_max_lp':      9566 [373.36us,  39.98ms]  11.96ms   2.73ms    1.91m      9506 [  2.55us, 102.82us]  79.86us  17.28us 759.14ms
          'objective_shaving_no_lp':      9576 [454.18us,  49.51ms]  11.31ms   2.63ms    1.81m      9531 [  1.14us,  81.39us]  65.17us  16.87us 621.18ms
                          'probing':         1 [   3.54m,    3.54m]    3.54m   0.00ns    3.54m         1 [  23.71s,   23.71s]   23.71s   0.00ns   23.71s
                   'probing_max_lp':         1 [   3.54m,    3.54m]    3.54m   0.00ns    3.54m         1 [  14.82s,   14.82s]   14.82s   0.00ns   14.82s
                    'probing_no_lp':         1 [   3.54m,    3.54m]    3.54m   0.00ns    3.54m         0 [  0.00ns,   0.00ns]   0.00ns   0.00ns   0.00ns
                     'pseudo_costs':         1 [   3.54m,    3.54m]    3.54m   0.00ns    3.54m         1 [   1.66m,    1.66m]    1.66m   0.00ns    1.66m
                    'quick_restart':         1 [   3.54m,    3.54m]    3.54m   0.00ns    3.54m         1 [   2.27m,    2.27m]    2.27m   0.00ns    2.27m
              'quick_restart_no_lp':         1 [   3.54m,    3.54m]    3.54m   0.00ns    3.54m         1 [   2.57m,    2.57m]    2.57m   0.00ns    2.57m
                    'reduced_costs':         1 [   3.54m,    3.54m]    3.54m   0.00ns    3.54m         0 [  0.00ns,   0.00ns]   0.00ns   0.00ns   0.00ns
                        'rins/rens':      3710 [ 43.63us,    1.12s] 260.41ms 272.04ms   16.10m      2777 [720.00ns, 126.89ms]  68.22ms  52.04ms    3.16m
                      'rnd_cst_lns':      2305 [  2.20ms,    1.71s] 427.85ms 306.58ms   16.44m      2305 [ 11.29us, 229.96ms]  95.13ms  71.27ms    3.65m
                      'rnd_var_lns':      2450 [  1.16ms,    1.40s] 397.55ms 313.04ms   16.23m      2450 [  1.22us, 248.79ms]  97.20ms  79.45ms    3.97m
         'scheduling_intervals_lns':      2062 [ 16.85ms,    1.81s] 466.84ms 360.49ms   16.04m      2062 [153.40us, 216.63ms]  93.48ms  67.82ms    3.21m
       'scheduling_precedences_lns':      2000 [ 16.83ms,    2.17s] 480.91ms 364.23ms   16.03m      2000 [144.97us, 212.43ms]  94.10ms  66.94ms    3.14m
  'scheduling_resource_windows_lns':      1755 [261.87ms,    1.03s] 548.12ms 151.34ms   16.03m      1755 [100.01ms, 192.31ms] 140.15ms  27.64ms    4.10m
       'scheduling_time_window_lns':      2125 [ 16.55ms,    1.76s] 455.01ms 403.93ms   16.11m      2125 [194.98us, 221.04ms]  88.31ms  74.90ms    3.13m
                'variables_shaving':      9604 [  5.58ms, 180.47ms]   9.77ms   6.45ms    1.56m      9604 [160.68us,  16.19ms] 254.95us 614.65us    2.45s
         'variables_shaving_max_lp':      9604 [ 28.23ms, 745.11ms]  43.15ms  37.37ms    6.91m      9604 [  5.11ms, 101.91ms]   8.39ms   7.87ms    1.34m
          'variables_shaving_no_lp':      9604 [  4.25ms,    1.40s]  10.59ms  46.31ms    1.69m      9604 [150.55us, 100.07ms] 445.21us   3.77ms    4.28s

Search stats                         Bools  Conflicts   Branches   Restarts     BoolPropag  IntegerPropag
                           'core':  29'845     55'770    137'491     15'304    290'104'545     29'605'435
                     'default_lp':   6'432    392'902    963'383     54'394    558'554'513    364'712'548
                          'fixed':   3'333  1'046'726  2'034'671        929    312'238'605    427'972'545
                      'fs_random':       0          0          0          0              0              0
                      'fs_random':       0          0          0          0              0              0
                      'fs_random':       0          0          0          0              0              0
                      'fs_random':       0          0          0          0              0              0
                      'fs_random':       0          0          0          0              0              0
                      'fs_random':       0          0          0          0              0              0
                      'fs_random':       0          0          0          0              0              0
                      'fs_random':       0          0          0          0              0              0
                      'fs_random':       0          0          0          0              0              0
                      'fs_random':       0          0          0          0              0              0
                      'fs_random':       0          0          0          0              0              0
                      'fs_random':       0          0          0          0              0              0
                'fs_random_no_lp':       0          0          0          0              0              0
                'fs_random_no_lp':       0          0          0          0              0              0
                'fs_random_no_lp':       0          0          0          0              0              0
                'fs_random_no_lp':       0          0          0          0              0              0
                'fs_random_no_lp':       0          0          0          0              0              0
                'fs_random_no_lp':       0          0          0          0              0              0
                'fs_random_no_lp':       0          0          0          0              0              0
                'fs_random_no_lp':       0          0          0          0              0              0
                'fs_random_no_lp':       0          0          0          0              0              0
                'fs_random_no_lp':       0          0          0          0              0              0
                'fs_random_no_lp':       0          0          0          0              0              0
                'fs_random_no_lp':       0          0          0          0              0              0
                'fs_random_no_lp':       0          0          0          0              0              0
        'fs_random_quick_restart':       0          0          0          0              0              0
        'fs_random_quick_restart':       0          0          0          0              0              0
        'fs_random_quick_restart':       0          0          0          0              0              0
        'fs_random_quick_restart':       0          0          0          0              0              0
        'fs_random_quick_restart':       0          0          0          0              0              0
        'fs_random_quick_restart':       0          0          0          0              0              0
        'fs_random_quick_restart':       0          0          0          0              0              0
        'fs_random_quick_restart':       0          0          0          0              0              0
        'fs_random_quick_restart':       0          0          0          0              0              0
        'fs_random_quick_restart':       0          0          0          0              0              0
        'fs_random_quick_restart':       0          0          0          0              0              0
        'fs_random_quick_restart':       0          0          0          0              0              0
  'fs_random_quick_restart_no_lp':       0          0          0          0              0              0
  'fs_random_quick_restart_no_lp':       0          0          0          0              0              0
  'fs_random_quick_restart_no_lp':       0          0          0          0              0              0
  'fs_random_quick_restart_no_lp':       0          0          0          0              0              0
  'fs_random_quick_restart_no_lp':       0          0          0          0              0              0
  'fs_random_quick_restart_no_lp':       0          0          0          0              0              0
  'fs_random_quick_restart_no_lp':       0          0          0          0              0              0
  'fs_random_quick_restart_no_lp':       0          0          0          0              0              0
  'fs_random_quick_restart_no_lp':       0          0          0          0              0              0
  'fs_random_quick_restart_no_lp':       0          0          0          0              0              0
  'fs_random_quick_restart_no_lp':       0          0          0          0              0              0
  'fs_random_quick_restart_no_lp':       0          0          0          0              0              0
                 'lb_tree_search':   1'879     33'361    676'344     26'128     20'862'544    113'585'477
                         'max_lp':   5'977    328'189    947'731     53'486    416'069'906    275'202'852
                          'no_lp':   4'920    456'767  1'230'668     87'969    624'451'441    405'056'554
            'objective_lb_search':   6'057    382'752  1'093'614     66'111    559'198'812    365'795'432
     'objective_lb_search_max_lp':   1'862    149'216  1'372'525    387'564     40'458'123    120'682'237
      'objective_lb_search_no_lp':   5'058    465'921  1'448'887    117'286    667'434'855    425'368'551
                        'probing':   8'543     85'000    834'465    531'165     43'665'830     79'312'802
                 'probing_max_lp':   5'677      4'012     71'188     33'274      3'498'390      4'265'481
                  'probing_no_lp':  10'760    167'087  1'931'441  1'419'679     85'155'142    153'545'547
                   'pseudo_costs':   4'237    364'605  1'122'032     68'587    315'933'294    248'297'818
                  'quick_restart':  14'599    431'124  1'907'603    105'303    971'030'400    277'841'223
            'quick_restart_no_lp':  14'281    523'820  2'171'919    135'454  1'097'570'903    332'247'131
                  'reduced_costs':   5'138    219'764    762'171     73'788    177'687'027    103'523'544

SAT stats                           ClassicMinim  LitRemoved  LitLearned  LitForgotten  Subsumed  MClauses  MDecisions  MLitTrue  MSubsumed  MLitRemoved  MReused
                           'core':        52'173     738'719     480'157        22'079       132    19'591      32'429         0        342        1'033    6'474
                     'default_lp':       386'902   4'811'281   4'874'639     2'233'104       481    54'342     314'728         0     33'737      341'532   18'737
                          'fixed':       916'256   2'767'217  21'740'734    21'320'723     2'647         0           0         0          0            0        0
                      'fs_random':             0           0           0             0         0         0           0         0          0            0        0
                      'fs_random':             0           0           0             0         0         0           0         0          0            0        0
                      'fs_random':             0           0           0             0         0         0           0         0          0            0        0
                      'fs_random':             0           0           0             0         0         0           0         0          0            0        0
                      'fs_random':             0           0           0             0         0         0           0         0          0            0        0
                      'fs_random':             0           0           0             0         0         0           0         0          0            0        0
                      'fs_random':             0           0           0             0         0         0           0         0          0            0        0
                      'fs_random':             0           0           0             0         0         0           0         0          0            0        0
                      'fs_random':             0           0           0             0         0         0           0         0          0            0        0
                      'fs_random':             0           0           0             0         0         0           0         0          0            0        0
                      'fs_random':             0           0           0             0         0         0           0         0          0            0        0
                      'fs_random':             0           0           0             0         0         0           0         0          0            0        0
                'fs_random_no_lp':             0           0           0             0         0         0           0         0          0            0        0
                'fs_random_no_lp':             0           0           0             0         0         0           0         0          0            0        0
                'fs_random_no_lp':             0           0           0             0         0         0           0         0          0            0        0
                'fs_random_no_lp':             0           0           0             0         0         0           0         0          0            0        0
                'fs_random_no_lp':             0           0           0             0         0         0           0         0          0            0        0
                'fs_random_no_lp':             0           0           0             0         0         0           0         0          0            0        0
                'fs_random_no_lp':             0           0           0             0         0         0           0         0          0            0        0
                'fs_random_no_lp':             0           0           0             0         0         0           0         0          0            0        0
                'fs_random_no_lp':             0           0           0             0         0         0           0         0          0            0        0
                'fs_random_no_lp':             0           0           0             0         0         0           0         0          0            0        0
                'fs_random_no_lp':             0           0           0             0         0         0           0         0          0            0        0
                'fs_random_no_lp':             0           0           0             0         0         0           0         0          0            0        0
                'fs_random_no_lp':             0           0           0             0         0         0           0         0          0            0        0
        'fs_random_quick_restart':             0           0           0             0         0         0           0         0          0            0        0
        'fs_random_quick_restart':             0           0           0             0         0         0           0         0          0            0        0
        'fs_random_quick_restart':             0           0           0             0         0         0           0         0          0            0        0
        'fs_random_quick_restart':             0           0           0             0         0         0           0         0          0            0        0
        'fs_random_quick_restart':             0           0           0             0         0         0           0         0          0            0        0
        'fs_random_quick_restart':             0           0           0             0         0         0           0         0          0            0        0
        'fs_random_quick_restart':             0           0           0             0         0         0           0         0          0            0        0
        'fs_random_quick_restart':             0           0           0             0         0         0           0         0          0            0        0
        'fs_random_quick_restart':             0           0           0             0         0         0           0         0          0            0        0
        'fs_random_quick_restart':             0           0           0             0         0         0           0         0          0            0        0
        'fs_random_quick_restart':             0           0           0             0         0         0           0         0          0            0        0
        'fs_random_quick_restart':             0           0           0             0         0         0           0         0          0            0        0
  'fs_random_quick_restart_no_lp':             0           0           0             0         0         0           0         0          0            0        0
  'fs_random_quick_restart_no_lp':             0           0           0             0         0         0           0         0          0            0        0
  'fs_random_quick_restart_no_lp':             0           0           0             0         0         0           0         0          0            0        0
  'fs_random_quick_restart_no_lp':             0           0           0             0         0         0           0         0          0            0        0
  'fs_random_quick_restart_no_lp':             0           0           0             0         0         0           0         0          0            0        0
  'fs_random_quick_restart_no_lp':             0           0           0             0         0         0           0         0          0            0        0
  'fs_random_quick_restart_no_lp':             0           0           0             0         0         0           0         0          0            0        0
  'fs_random_quick_restart_no_lp':             0           0           0             0         0         0           0         0          0            0        0
  'fs_random_quick_restart_no_lp':             0           0           0             0         0         0           0         0          0            0        0
  'fs_random_quick_restart_no_lp':             0           0           0             0         0         0           0         0          0            0        0
  'fs_random_quick_restart_no_lp':             0           0           0             0         0         0           0         0          0            0        0
  'fs_random_quick_restart_no_lp':             0           0           0             0         0         0           0         0          0            0        0
                 'lb_tree_search':        23'293      69'942     574'918       361'237       690     3'603       8'647         1         42          241      261
                         'max_lp':       322'644   3'245'210   5'452'430     3'912'510       435    55'921     358'708         0     19'681      221'961   29'986
                          'no_lp':       450'518   5'281'145   4'834'173     2'528'926       744    99'693     421'599         0     52'284      395'632   65'503
            'objective_lb_search':       377'246   4'334'017   4'638'774     1'191'898       445    85'417     354'446         0     25'464      222'572   58'450
     'objective_lb_search_max_lp':       138'838     727'136   1'716'354       267'640     2'795    90'759     362'047         0      5'318       35'730   25'704
      'objective_lb_search_no_lp':       461'116   5'561'159   5'226'968     1'861'565       571   181'614     498'194         0     31'288      233'736  178'939
                        'probing':        70'009     251'022     855'411       304'247     4'270    23'778      85'808         8      3'343       20'524    5'548
                 'probing_max_lp':           146         452       4'692             0         8     1'088       3'309         0         27          132      167
                  'probing_no_lp':       144'950     674'909   1'519'731       573'922     5'712    39'771     169'319       191     11'050       74'147    9'385
                   'pseudo_costs':       362'265   3'632'970   4'507'539     3'061'920       461    74'456     385'649         0     29'887      242'516   40'646
                  'quick_restart':       394'389   2'066'211   2'496'999       681'675     1'193    69'443     177'777       319     39'353      182'561   25'200
            'quick_restart_no_lp':       484'914   2'367'457   2'759'011       635'282     1'628    93'811     227'247       411     53'023      236'907   35'147
                  'reduced_costs':       203'885   1'776'559   4'134'264     3'051'663     1'142    40'798     285'960         0     12'710      150'698   29'065

Lp stats                         Component  Iterations  AddedCuts     OPTIMAL  DUAL_F.  DUAL_U.
                  'default_lp':         22      75'036          0   1'881'413        0        0
                       'fixed':         22      79'711          0   3'703'934        0        0
              'lb_tree_search':          1   1'270'988      2'357     816'715   24'488        1
                      'max_lp':          1     727'296      1'699     766'809   10'452        0
         'objective_lb_search':         22      81'101          0   1'791'144        0        0
  'objective_lb_search_max_lp':          1   1'075'978      2'136     461'069   21'766        1
                     'probing':         22     303'051          0  24'325'570       15        0
              'probing_max_lp':          1     216'845      5'871      65'720    4'193        0
                'pseudo_costs':          1   1'566'571      3'648     978'165   10'155        3
               'quick_restart':         22     280'399          0   2'071'385        0        0
               'reduced_costs':          1     671'707      3'819     535'262    7'431        3

Lp dimension                     Final dimension of first component
                  'default_lp':      6 rows, 14 columns, 12 entries
                       'fixed':      5 rows, 14 columns, 10 entries
              'lb_tree_search':  252 rows, 215 columns, 895 entries
                      'max_lp':  165 rows, 215 columns, 413 entries
         'objective_lb_search':      6 rows, 14 columns, 12 entries
  'objective_lb_search_max_lp':  185 rows, 215 columns, 477 entries
                     'probing':      6 rows, 14 columns, 12 entries
              'probing_max_lp':  193 rows, 215 columns, 588 entries
                'pseudo_costs':  202 rows, 215 columns, 758 entries
               'quick_restart':      6 rows, 14 columns, 12 entries
               'reduced_costs':  149 rows, 215 columns, 466 entries

Lp debug                         CutPropag  CutEqPropag   Adjust  Overflow         Bad  BadScaling
                  'default_lp':          0            0        0         0           0           0
                       'fixed':          0            0        0         0           0           0
              'lb_tree_search':          0            5  537'745         0     124'260           0
                      'max_lp':          0            7  438'997         0      78'065           0
         'objective_lb_search':          0            0        0         0           0           0
  'objective_lb_search_max_lp':          1            0  388'726         0     326'528           0
                     'probing':          0            0        0         0           0           0
              'probing_max_lp':          0          126   69'882         0  18'483'971           0
                'pseudo_costs':          0            5  595'142         0     135'834           0
               'quick_restart':          0            0        0         0           0           0
               'reduced_costs':          0            2  277'372         0     153'592           0

Lp pool                          Constraints  Updates  Simplif  Merged  Shortened  Split  Strenghtened        Cuts/Call
                  'default_lp':          242        0    1'180       0          0      0             2              0/0
                       'fixed':          242        0        0       0          0      0             0              0/0
              'lb_tree_search':        2'551    4'339      131      48          0      0            12  2'357/9'991'853
                      'max_lp':        1'325    3'157   13'835     616          0      0            19  1'699/8'224'109
         'objective_lb_search':          242        0    1'347       0          0      0             4              0/0
  'objective_lb_search_max_lp':        1'749    9'452    7'653     629          0      0            19  2'136/4'435'550
                     'probing':          242        0    5'116       0          0      0             4              0/0
              'probing_max_lp':        4'864   22'430   59'167   1'249          0     73            47  5'871/1'335'472
                'pseudo_costs':        2'316    5'575   18'826   1'574          0      0            52  3'648/8'245'359
               'quick_restart':          242        0    8'206       0          0      0             4              0/0
               'reduced_costs':        2'465    5'576   16'827   1'596          0     27            82  3'819/5'327'551

Lp Cut                                                max_lp  reduced_costs  pseudo_costs  lb_tree_search  probing_max_lp  objective_lb_search_max_lp
                                          AffineMax:       -              2             3               1               -                           -
                                              CG_FF:      13             10            11               8               1                           7
                                               CG_K:      36             42            37              31              13                          26
                                               CG_R:     120            130           145             144             261                         136
                                            MIR_1_K:       8             22            13               8               4                           9
                                            MIR_1_R:      15             39            18              35              31                          29
                                            MIR_2_K:       2              5             5               3               4                           4
                                            MIR_2_R:       6             11            18               7               5                           2
                                           MIR_3_FF:       -              -             -               -               1                           -
                                            MIR_3_K:       4              5             4               3               3                           5
                                            MIR_3_R:      10              4            15               4               4                           2
                                            MIR_4_K:       2              1             1               2               -                           -
                                            MIR_4_R:       5              9            15               5               1                           -
                                            MIR_5_K:       -              1             -               -               -                           -
                                            MIR_5_R:       5              2             8               3               2                           4
                                            MIR_6_K:       2              1             1               1               -                           1
                                            MIR_6_R:      12              1             8               1               -                           7
                  NoOverlapCompletionTimeExhaustive:     124            225           206             123             273                         175
           NoOverlapCompletionTimeExhaustive_lifted:      98            203           180             111             256                         112
  NoOverlapCompletionTimeExhaustive_lifted_weighted:     111            276           337             163             296                          94
         NoOverlapCompletionTimeExhaustive_weighted:     229            406           383             179             373                         223
                    NoOverlapCompletionTimeQueyrane:     192            642           530             449           1'139                         243
             NoOverlapCompletionTimeQueyrane_lifted:     276            878           814             741           2'066                         418
                        NoOverlapDetectedPrecedence:       1              3             2               3              11                           -
                          NoOverlapDisjunctionOnEnd:       -              -             4              15               3                           -
                        NoOverlapDisjunctionOnStart:     358            760           750             196             370                         333
                                        ZERO_HALF_K:       1              -             -               -               -                           -
                                        ZERO_HALF_R:      69            141           140             121             754                         306

LNS stats                             Improv/Calls  Closed  Difficulty  TimeLimit
                    'graph_arc_lns':       30/2377     50%    8.24e-01       0.24
                    'graph_cst_lns':       10/2327     50%    8.56e-01       0.24
                    'graph_dec_lns':       11/2437     50%    7.63e-01       0.25
                    'graph_var_lns':       21/2638     50%    7.22e-01       0.27
                     'lb_relax_lns':         4/938     50%    3.67e-01       0.71
                        'rins/rens':      406/3180     50%    4.21e-01       0.13
                      'rnd_cst_lns':       18/2305     50%    8.43e-01       0.24
                      'rnd_var_lns':       20/2450     50%    8.28e-01       0.25
         'scheduling_intervals_lns':        3/2062     50%    1.12e-01       0.22
       'scheduling_precedences_lns':        2/2000     50%    1.95e-01       0.22
  'scheduling_resource_windows_lns':        5/1755      0%    5.23e-35       0.20
       'scheduling_time_window_lns':        4/2125     50%    2.15e-01       0.23

LS stats                                    Batches  Restarts/Perturbs  LinMoves    GenMoves  CompoundMoves  Bactracks  WeightUpdates  ScoreComputed
                         'ls_lin_restart':    5'967              1'288    49'897   3'745'866              0          0      2'764'117  2'140'706'852
                'ls_lin_restart_compound':    6'604              1'293         0   7'937'988        152'696  3'889'280         40'312  2'770'899'928
        'ls_lin_restart_compound_perturb':    7'148              1'266         0   8'771'106        160'599  4'301'687         41'321  3'009'073'732
                   'ls_lin_restart_decay':    5'289              1'301    55'378   6'489'061              0          0        435'540  2'113'457'375
          'ls_lin_restart_decay_compound':    8'926              1'362         0  11'996'305        609'073  5'689'691         31'943  3'766'060'277
  'ls_lin_restart_decay_compound_perturb':    7'956              1'305         0  10'706'853        542'593  5'078'524         28'623  3'363'150'690
           'ls_lin_restart_decay_perturb':    5'662              1'295    58'806   6'880'305              0          0        463'943  2'269'227'826
                 'ls_lin_restart_perturb':    6'464              1'278    53'888   3'890'112              0          0      3'148'351  2'283'511'359
                             'ls_perturb':    5'182                 75    19'042   5'869'299        152'436  2'008'332        514'212  2'110'408'096
                             'ls_restart':   11'117              2'219    90'612   6'731'080              0          0      5'489'829  3'935'589'156
                    'ls_restart_compound':   12'136              2'184         0  14'941'863        279'891  7'324'954         67'131  5'108'809'677
            'ls_restart_compound_perturb':   11'591              2'192         0  13'841'236        250'825  6'789'494         71'047  4'862'438'834
                       'ls_restart_decay':   10'921              2'145   115'024  13'156'552              0          0        888'492  4'390'305'496
              'ls_restart_decay_compound':   12'030              2'325         0  15'765'946        742'562  7'505'464         48'435  5'060'089'394
      'ls_restart_decay_compound_perturb':   12'774              2'269         0  16'862'647        820'854  8'014'591         49'099  5'401'305'215
               'ls_restart_decay_perturb':   15'157              2'259   163'835  18'061'060              0          0      1'218'707  6'120'124'724
                     'ls_restart_perturb':   11'212              2'219    94'033   6'936'689              0          0      5'143'637  4'004'675'884

Solutions (111)                             Num      Rank
                                  'fixed':   13    [2,47]
                          'graph_arc_lns':    6  [11,104]
                          'graph_cst_lns':    2    [3,19]
                          'graph_dec_lns':    2   [12,18]
                          'graph_var_lns':    3  [97,108]
                'ls_lin_restart_compound':    3   [50,91]
        'ls_lin_restart_compound_perturb':    1   [16,16]
          'ls_lin_restart_decay_compound':    3  [89,110]
  'ls_lin_restart_decay_compound_perturb':    4   [61,94]
                    'ls_restart_compound':    7   [24,98]
            'ls_restart_compound_perturb':    7    [4,86]
              'ls_restart_decay_compound':    9   [22,81]
      'ls_restart_decay_compound_perturb':    3   [52,88]
                     'ls_restart_perturb':    2   [78,79]
                                  'no_lp':    1     [1,1]
                          'quick_restart':   21  [20,102]
                    'quick_restart_no_lp':   12   [17,75]
                          'rins_pump_lns':    2    [9,10]
                            'rnd_cst_lns':    3  [15,111]
                            'rnd_var_lns':    7  [13,107]

Objective bounds                 Num
              'initial_domain':    1
              'lb_tree_search':   77
                      'max_lp':    3
         'objective_lb_search':    6
  'objective_lb_search_max_lp':  135

Solution repositories     Added  Queried  Synchro
  'feasible solutions':  26'283   85'981   15'163
   'fj solution hints':       0        0        0
        'lp solutions':  12'697    1'802   12'205
                'pump':   9'603    1'908

Improving bounds shared            Num  Sym
                  'default_lp':     15    0
                       'fixed':    308    0
              'lb_tree_search':  1'748    0
                      'max_lp':  2'916    0
                       'no_lp':    183    0
         'objective_lb_search':     22    0
  'objective_lb_search_max_lp':  1'732    0
                     'probing':  1'669    0
              'probing_max_lp':  5'823    0
               'probing_no_lp':  6'075    0
                'pseudo_costs':  2'394    0
               'quick_restart':    425    0
         'quick_restart_no_lp':    972    0
               'reduced_costs':    812    0

CpSolverResponse summary:
status: OPTIMAL
objective: 4997
best_bound: 4973
integers: 0
booleans: 0
conflicts: 0
branches: 0
propagations: 0
integer_propagations: 0
restarts: 0
lp_iterations: 0
walltime: 214.647
usertime: 214.647
deterministic_time: 19694.2
gap_integral: 91344.5
solution_fingerprint: 0xba17dc86bf96aaca

