
Starting CP-SAT solver v9.14.6206
Parameters: max_time_in_seconds: 300 log_search_progress: true num_search_workers: 104 relative_gap_limit: 0.005

Initial optimization model '': (model_fingerprint: 0x99a320990261ef07)
#Variables: 471 (#ints: 52 in objective) (394 primary variables)
  - 77 in [0,33011]
  - 54 in [18720,33011]
  - 340 in [20160,33011]
#kInterval: 204 (#fixed: 7)
#kLinMax: 77 (#expressions: 154)
#kLinear1: 25
#kLinear2: 172
#kNoOverlap: 10 (#intervals: 204, #fixed_intervals: 7)

Starting presolve at 0.00s
  7.59e-05s  0.00e+00d  [DetectDominanceRelations] 
  1.81e-03s  0.00e+00d  [PresolveToFixPoint] #num_loops=10 #num_dual_strengthening=1 
  2.76e-06s  0.00e+00d  [ExtractEncodingFromLinear] 
  1.71e-05s  0.00e+00d  [DetectDuplicateColumns] 
  6.73e-05s  0.00e+00d  [DetectDuplicateConstraints] 
[Symmetry] Graph for symmetry has 1'103 nodes and 1'029 arcs.
[Symmetry] Symmetry computation done. time: 8.7015e-05 dtime: 0.00012094
  5.99e-05s  0.00e+00d  [DetectDuplicateConstraintsWithDifferentEnforcements] 
  5.45e-04s  5.11e-06d  [Probe] #new_bounds=25 
  3.41e-06s  0.00e+00d  [MaxClique] 
  6.25e-05s  0.00e+00d  [DetectDominanceRelations] 
  4.32e-04s  0.00e+00d  [PresolveToFixPoint] #num_loops=2 #num_dual_strengthening=1 
  2.67e-05s  0.00e+00d  [ProcessAtMostOneAndLinear] 
  5.44e-05s  0.00e+00d  [DetectDuplicateConstraints] 
  5.39e-05s  0.00e+00d  [DetectDuplicateConstraintsWithDifferentEnforcements] 
  2.59e-05s  1.16e-06d  [DetectDominatedLinearConstraints] #relevant_constraints=194 
  2.74e-05s  0.00e+00d  [DetectDifferentVariables] 
  2.43e-06s  0.00e+00d  [ProcessSetPPC] 
  2.30e-06s  0.00e+00d  [FindAlmostIdenticalLinearConstraints] 
  1.04e-05s  0.00e+00d  [FindBigAtMostOneAndLinearOverlap] 
  1.79e-05s  7.13e-06d  [FindBigVerticalLinearOverlap] 
  2.16e-06s  0.00e+00d  [FindBigHorizontalLinearOverlap] 
  2.08e-06s  0.00e+00d  [MergeClauses] 
  5.75e-05s  0.00e+00d  [DetectDominanceRelations] 
  3.25e-04s  0.00e+00d  [PresolveToFixPoint] #num_loops=1 #num_dual_strengthening=1 
  5.49e-05s  0.00e+00d  [DetectDominanceRelations] 
  3.17e-04s  0.00e+00d  [PresolveToFixPoint] #num_loops=1 #num_dual_strengthening=1 
  1.17e-05s  0.00e+00d  [DetectDuplicateColumns] 
  5.27e-05s  0.00e+00d  [DetectDuplicateConstraints] 
[Symmetry] Graph for symmetry has 1'091 nodes and 1'017 arcs.
[Symmetry] Symmetry computation done. time: 7.3102e-05 dtime: 0.00011982
  5.49e-05s  0.00e+00d  [DetectDuplicateConstraintsWithDifferentEnforcements] 
  4.07e-04s  2.03e-06d  [Probe] 
  1.65e-06s  0.00e+00d  [MaxClique] 
  5.92e-05s  0.00e+00d  [DetectDominanceRelations] 
  3.51e-04s  0.00e+00d  [PresolveToFixPoint] #num_loops=1 #num_dual_strengthening=1 
  2.40e-05s  0.00e+00d  [ProcessAtMostOneAndLinear] 
  5.42e-05s  0.00e+00d  [DetectDuplicateConstraints] 
  5.20e-05s  0.00e+00d  [DetectDuplicateConstraintsWithDifferentEnforcements] 
  2.24e-05s  1.16e-06d  [DetectDominatedLinearConstraints] #relevant_constraints=194 
  2.58e-05s  0.00e+00d  [DetectDifferentVariables] 
  1.87e-06s  0.00e+00d  [ProcessSetPPC] 
  2.14e-06s  0.00e+00d  [FindAlmostIdenticalLinearConstraints] 
  1.06e-05s  0.00e+00d  [FindBigAtMostOneAndLinearOverlap] 
  1.58e-05s  7.13e-06d  [FindBigVerticalLinearOverlap] 
  1.67e-06s  0.00e+00d  [FindBigHorizontalLinearOverlap] 
  1.38e-06s  0.00e+00d  [MergeClauses] 
  5.66e-05s  0.00e+00d  [DetectDominanceRelations] 
  3.18e-04s  0.00e+00d  [PresolveToFixPoint] #num_loops=1 #num_dual_strengthening=1 
  1.38e-05s  0.00e+00d  [ExpandObjective] 

Presolve summary:
  - 219 affine relations were detected.
  - rule 'TODO dual: only one blocking constraint?' was applied 319 times.
  - rule 'TODO dual: only one unspecified blocking constraint?' was applied 133 times.
  - rule 'affine: new relation' was applied 219 times.
  - rule 'intervals: removed unused interval' was applied 7 times.
  - rule 'lin_max: converted abs to equality' was applied 19 times.
  - rule 'lin_max: converted to equality' was applied 4 times.
  - rule 'lin_max: propagate domain from x to abs(x)' was applied 33 times.
  - rule 'lin_max: removed exprs' was applied 4 times.
  - rule 'lin_max: rewrite with precedences' was applied 23 times.
  - rule 'lin_max: target domain reduced' was applied 50 times.
  - rule 'lin_max: unused affine target' was applied 23 times.
  - rule 'linear1: x in domain' was applied 16 times.
  - rule 'linear: always true' was applied 34 times.
  - rule 'linear: fixed or dup variables' was applied 2 times.
  - rule 'linear: reduced variable domains' was applied 1'003 times.
  - rule 'linear: remapped using affine relations' was applied 461 times.
  - rule 'linear: tightened into equality' was applied 1 time.
  - rule 'no_overlap: split into disjoint components' was applied 7 times.
  - rule 'presolve: 2 unused variables removed.' was applied 1 time.
  - rule 'presolve: iteration' was applied 2 times.

Presolved optimization model '': (model_fingerprint: 0xd1bd67b7e6b1e898)
#Variables: 227 (#ints: 49 in objective) (197 primary variables)
  - 195 different domains in [0,32990] with a largest complexity of 1.
#kInterval: 197
#kLinMax: 8 (#expressions: 16)
#kLinear2: 194
#kNoOverlap: 10 (#intervals: 197)
[Symmetry] Graph for symmetry has 847 nodes and 1'017 arcs.
[Symmetry] Symmetry computation done. time: 6.2911e-05 dtime: 0.00010518

Preloading model.
#Bound   0.01s best:inf   next:[2471,634079] initial_domain
#Model   0.01s var:227/227 constraints:409/409

Starting search at 0.01s with 104 workers.
18 full problem subsolvers: [core, default_lp, fixed, lb_tree_search, max_lp, no_lp, objective_lb_search, objective_lb_search_max_lp, objective_lb_search_no_lp, objective_shaving_max_lp, objective_shaving_no_lp, probing, probing_max_lp, probing_no_lp, pseudo_costs, quick_restart, quick_restart_no_lp, reduced_costs]
86 first solution subsolvers: [fj(25), fj_lin(12), fs_random(12), fs_random_no_lp(13), fs_random_quick_restart(12), fs_random_quick_restart_no_lp(12)]
45 interleaved subsolvers: [feasibility_pump, graph_arc_lns, graph_cst_lns, graph_dec_lns, graph_var_lns, lb_relax_lns, ls(19), ls_lin(10), rins/rens, rnd_cst_lns, rnd_var_lns, scheduling_intervals_lns, scheduling_precedences_lns, scheduling_resource_windows_lns, scheduling_time_window_lns, variables_shaving, variables_shaving_max_lp, variables_shaving_no_lp]
3 helper subsolvers: [neighborhood_helper, synchronization_agent, update_gap_integral]

#Bound   0.02s best:inf   next:[2473,634079] bool_core (num_cores=1 [size:2 mw:2 d:1] a=48 d=1 fixed=0/49 clauses=0)
#Bound   0.02s best:inf   next:[2475,634079] bool_core (num_cores=1 [cover] a=48 d=1 fixed=0/52 clauses=1)
#Bound   0.02s best:inf   next:[2477,634079] bool_core (num_cores=1 [cover] a=48 d=1 fixed=1/55 clauses=3)
#Bound   0.02s best:inf   next:[2479,634079] bool_core (num_cores=1 [cover] a=48 d=1 fixed=2/58 clauses=6)
#Bound   0.02s best:inf   next:[2481,634079] bool_core (num_cores=1 [cover] a=48 d=1 fixed=3/61 clauses=10)
#Bound   0.02s best:inf   next:[2483,634079] bool_core (num_cores=1 [cover] a=48 d=1 fixed=4/64 clauses=15)
#Bound   0.02s best:inf   next:[2485,634079] bool_core (num_cores=1 [cover] a=48 d=1 fixed=5/67 clauses=21)
#Bound   0.02s best:inf   next:[2487,634079] bool_core (num_cores=1 [cover] a=48 d=1 fixed=6/70 clauses=28)
#Bound   0.02s best:inf   next:[2489,634079] bool_core (num_cores=1 [cover] a=48 d=1 fixed=7/73 clauses=36)
#Bound   0.02s best:inf   next:[2491,634079] bool_core (num_cores=1 [cover] a=48 d=1 fixed=8/76 clauses=45)
#Bound   0.02s best:inf   next:[2493,634079] bool_core (num_cores=1 [cover] a=48 d=1 fixed=9/79 clauses=55)
#Bound   0.02s best:inf   next:[2495,634079] bool_core (num_cores=1 [cover] a=48 d=1 fixed=10/82 clauses=66)
#Bound   0.02s best:inf   next:[2497,634079] bool_core (num_cores=1 [cover] a=48 d=1 fixed=11/85 clauses=78)
#Bound   0.02s best:inf   next:[2499,634079] bool_core (num_cores=1 [cover] a=48 d=1 fixed=12/88 clauses=91)
#Bound   0.02s best:inf   next:[2501,634079] bool_core (num_cores=1 [cover] a=48 d=1 fixed=13/91 clauses=105)
#Bound   0.02s best:inf   next:[2503,634079] bool_core (num_cores=1 [cover] a=48 d=1 fixed=14/94 clauses=120)
#Bound   0.02s best:inf   next:[2505,634079] bool_core (num_cores=1 [cover] a=48 d=1 fixed=15/97 clauses=136)
#Bound   0.02s best:inf   next:[2507,634079] bool_core (num_cores=1 [cover] a=48 d=1 fixed=16/100 clauses=153)
#Bound   0.02s best:inf   next:[2509,634079] bool_core (num_cores=1 [cover] a=48 d=1 fixed=17/103 clauses=171)
#Bound   0.02s best:inf   next:[2511,634079] bool_core (num_cores=1 [cover] a=48 d=1 fixed=18/106 clauses=190)
#1       0.02s best:16811 next:[2517,16810] no_lp
#2       0.02s best:16718 next:[2519,16717] fixed
#3       0.02s best:4542  next:[2535,4541] objective_lb_search_no_lp
#4       0.03s best:4500  next:[2717,4499] ls_restart_decay(batch:1 lin{mvs:24 evals:597} gen{mvs:104 evals:1'406} #w_updates:19 #perturb:0)
#5       0.03s best:4487  next:[2717,4486] ls_restart_compound_perturb(batch:1 lin{mvs:0 evals:112} gen{mvs:55 evals:715} comp{mvs:11 btracks:22} #w_updates:0 #perturb:0) [combined with: ls_restart_decay(bat...]
#6       0.04s best:4474  next:[2752,4473] rnd_cst_lns (d=7.07e-01 s=70 t=0.10 p=1.00 stall=0 h=base)
#7       0.04s best:4448  next:[2752,4447] rnd_var_lns (d=7.07e-01 s=69 t=0.10 p=1.00 stall=0 h=base)
#8       0.04s best:4440  next:[2752,4439] ls_restart_compound(batch:1 lin{mvs:0 evals:33} gen{mvs:9 evals:165} comp{mvs:9 btracks:0} #w_updates:0 #perturb:0)
#9       0.05s best:4438  next:[2812,4437] ls_compound_perturb(batch:2 lin{mvs:0 evals:317} gen{mvs:174 evals:1'863} comp{mvs:26 btracks:74} #w_updates:0 #perturb:2)
#10      0.05s best:4093  next:[2812,4092] graph_dec_lns (d=7.07e-01 s=71 t=0.10 p=1.00 stall=0 h=base)
#11      0.05s best:4044  next:[2812,4043] graph_dec_lns (d=7.07e-01 s=71 t=0.10 p=1.00 stall=0 h=base) [combined with: ls_compound_perturb(...]
#12      0.06s best:3904  next:[2813,3903] ls_restart_compound(batch:1 lin{mvs:0 evals:38} gen{mvs:16 evals:178} comp{mvs:4 btracks:6} #w_updates:0 #perturb:0)
#13      0.06s best:3897  next:[2813,3896] quick_restart
#14      0.06s best:3889  next:[2813,3888] ls_restart_compound(batch:1 lin{mvs:0 evals:47} gen{mvs:21 evals:215} comp{mvs:3 btracks:9} #w_updates:0 #perturb:0)
#15      0.07s best:3887  next:[2813,3886] ls_restart_decay_compound_perturb(batch:1 lin{mvs:0 evals:13} gen{mvs:4 evals:62} comp{mvs:4 btracks:0} #w_updates:0 #perturb:0)
#16      0.08s best:3885  next:[2813,3884] ls_lin_restart_decay_compound_perturb(batch:1 lin{mvs:0 evals:16} gen{mvs:4 evals:78} comp{mvs:4 btracks:0} #w_updates:0 #perturb:0)
#17      0.08s best:3883  next:[2813,3882] ls_restart_decay_compound_perturb(batch:1 lin{mvs:0 evals:37} gen{mvs:24 evals:264} comp{mvs:6 btracks:9} #w_updates:0 #perturb:0)
#18      0.08s best:3829  next:[2813,3828] ls_restart_compound(batch:1 lin{mvs:0 evals:413} gen{mvs:187 evals:1'868} comp{mvs:17 btracks:85} #w_updates:0 #perturb:0)
#19      0.08s best:3825  next:[2813,3824] ls_restart_compound(batch:1 lin{mvs:0 evals:413} gen{mvs:187 evals:1'868} comp{mvs:17 btracks:85} #w_updates:0 #perturb:0) [combined with: ls_restart_decay_com...]
#20      0.08s best:3811  next:[2813,3810] ls_restart_compound_perturb(batch:1 lin{mvs:0 evals:13} gen{mvs:3 evals:66} comp{mvs:3 btracks:0} #w_updates:0 #perturb:0)
#21      0.08s best:3809  next:[2813,3808] ls_restart_decay_compound(batch:1 lin{mvs:0 evals:15} gen{mvs:4 evals:74} comp{mvs:4 btracks:0} #w_updates:0 #perturb:0)
#22      0.10s best:3715  next:[2813,3714] graph_arc_lns (d=5.00e-01 s=131 t=0.10 p=0.00 stall=0 h=base)
#23      0.10s best:3713  next:[2813,3712] graph_arc_lns (d=5.00e-01 s=131 t=0.10 p=0.00 stall=0 h=base) [combined with: ls_restart_decay_com...]
#24      0.12s best:3711  next:[2813,3710] ls_restart_compound_perturb(batch:1 lin{mvs:0 evals:26} gen{mvs:8 evals:143} comp{mvs:8 btracks:0} #w_updates:0 #perturb:0)
#25      0.12s best:3675  next:[2813,3674] quick_restart_no_lp
#26      0.13s best:3672  next:[2813,3671] graph_dec_lns (d=8.14e-01 s=111 t=0.10 p=1.00 stall=0 h=base)
#27      0.13s best:3670  next:[2813,3669] ls_lin_restart_decay_compound(batch:1 lin{mvs:0 evals:76} gen{mvs:34 evals:405} comp{mvs:14 btracks:10} #w_updates:0 #perturb:0)
#28      0.13s best:3668  next:[2813,3667] ls_lin_restart_decay_compound(batch:1 lin{mvs:0 evals:76} gen{mvs:34 evals:405} comp{mvs:14 btracks:10} #w_updates:0 #perturb:0) [combined with: quick_restart_no_lp...]
#29      0.14s best:3664  next:[2813,3663] ls_restart_compound_perturb(batch:1 lin{mvs:0 evals:102} gen{mvs:64 evals:733} comp{mvs:14 btracks:25} #w_updates:0 #perturb:0)
#30      0.14s best:3658  next:[2813,3657] lb_relax_lns_int_h (d=5.00e-01 s=132 t=0.50 p=0.00 stall=0 h=base) [combined with: ls_restart_compound_...]
#31      0.15s best:3656  next:[2813,3655] quick_restart_no_lp
#32      0.18s best:3655  next:[2813,3654] ls_restart_compound(batch:1 lin{mvs:0 evals:138} gen{mvs:98 evals:1'073} comp{mvs:18 btracks:40} #w_updates:0 #perturb:0)
#33      0.19s best:3654  next:[2813,3653] ls_restart_compound_perturb(batch:1 lin{mvs:0 evals:5} gen{mvs:5 evals:36} comp{mvs:5 btracks:0} #w_updates:0 #perturb:0)
#34      0.21s best:3652  next:[2813,3651] quick_restart
#35      0.22s best:3566  next:[2813,3565] graph_arc_lns (d=8.76e-01 s=342 t=0.10 p=1.00 stall=0 h=base)
#36      0.23s best:3565  next:[2813,3564] ls_lin_restart_decay_compound_perturb(batch:1 lin{mvs:0 evals:33} gen{mvs:28 evals:257} comp{mvs:8 btracks:10} #w_updates:0 #perturb:0)
#37      0.23s best:3564  next:[2813,3563] ls_restart_decay_compound(batch:1 lin{mvs:0 evals:137} gen{mvs:104 evals:889} comp{mvs:12 btracks:46} #w_updates:0 #perturb:0)
#38      0.25s best:3552  next:[2813,3551] ls_restart_decay_perturb(batch:1 lin{mvs:17 evals:441} gen{mvs:124 evals:1'370} #w_updates:32 #perturb:0)
#39      0.26s best:3444  next:[2813,3443] ls_lin_restart_decay(batch:1 lin{mvs:8 evals:228} gen{mvs:95 evals:796} #w_updates:64 #perturb:0)
#40      0.29s best:3443  next:[2959,3442] ls_restart_perturb(batch:1 lin{mvs:6 evals:709} gen{mvs:350 evals:3'911} #w_updates:141 #perturb:0)
#41      0.31s best:3442  next:[2959,3441] ls_restart_decay_compound_perturb(batch:1 lin{mvs:0 evals:3'863} gen{mvs:1'982 evals:13'345} comp{mvs:54 btracks:964} #w_updates:23 #perturb:0)
#42      0.33s best:3440  next:[2959,3439] ls_lin_restart_decay_compound_perturb(batch:1 lin{mvs:0 evals:1'407} gen{mvs:731 evals:4'805} comp{mvs:21 btracks:355} #w_updates:8 #perturb:0)
#43      0.34s best:3438  next:[2974,3437] ls_lin_restart_compound_perturb(batch:1 lin{mvs:0 evals:1'258} gen{mvs:979 evals:4'525} comp{mvs:5 btracks:487} #w_updates:4 #perturb:0)
#44      0.36s best:3436  next:[2974,3435] quick_restart
#45      0.37s best:3434  next:[2974,3433] quick_restart
#46      0.38s best:3433  next:[2974,3432] quick_restart
#47      0.41s best:3423  next:[2974,3422] quick_restart_no_lp
#48      0.43s best:3422  next:[2974,3421] quick_restart_no_lp
#49      0.45s best:3413  next:[2974,3412] quick_restart
#50      0.46s best:3399  next:[2974,3398] quick_restart
#51      0.46s best:3398  next:[2974,3397] ls_restart_compound(batch:1 lin{mvs:0 evals:22} gen{mvs:31 evals:168} comp{mvs:5 btracks:13} #w_updates:0 #perturb:0)
#52      0.52s best:3397  next:[2974,3396] ls_restart_decay_perturb(batch:1 lin{mvs:6 evals:269} gen{mvs:242 evals:2'130} #w_updates:94 #perturb:0)
#53      0.53s best:3394  next:[2974,3393] ls_restart_compound(batch:1 lin{mvs:0 evals:6} gen{mvs:3 evals:29} comp{mvs:3 btracks:0} #w_updates:0 #perturb:0)
#54      0.56s best:3393  next:[2974,3392] ls_restart_decay_perturb(batch:1 lin{mvs:5 evals:500} gen{mvs:380 evals:3'416} #w_updates:81 #perturb:0)
#55      0.57s best:3391  next:[2978,3390] ls_restart_decay_perturb(batch:1 lin{mvs:6 evals:440} gen{mvs:185 evals:1'891} #w_updates:57 #perturb:0)
#56      0.57s best:3379  next:[2978,3378] ls_restart_decay(batch:1 lin{mvs:7 evals:338} gen{mvs:147 evals:1'385} #w_updates:42 #perturb:0)
#57      0.60s best:3376  next:[3052,3375] ls_lin_restart_perturb(batch:1 lin{mvs:5 evals:565} gen{mvs:427 evals:5'515} #w_updates:292 #perturb:0)
#58      0.60s best:3372  next:[3062,3371] rnd_cst_lns (d=8.80e-01 s=893 t=0.10 p=0.80 stall=0 h=base)
#59      0.62s best:3371  next:[3063,3370] ls_restart_decay(batch:1 lin{mvs:4 evals:335} gen{mvs:389 evals:3'469} #w_updates:136 #perturb:0)
#60      0.63s best:3368  next:[3063,3367] ls_restart_perturb(batch:1 lin{mvs:4 evals:264} gen{mvs:217 evals:2'506} #w_updates:190 #perturb:0)
#61      0.66s best:3303  next:[3119,3302] reduced_costs
#Bound   0.98s best:3303  next:[3249,3302] objective_lb_search_max_lp [skipped_logs=31]
#Done    1.05s lb_tree_search
#Done    1.05s core
#Done    1.05s probing_no_lp
#Done    1.05s probing
#Bound   1.05s best:3303  next:[3272,3302] lb_tree_search [skipped_logs=2]

Task timing                                  n [     min,      max]      avg      dev     time         n [     min,      max]      avg      dev    dtime
                             'core':         1 [   1.04s,    1.04s]    1.04s   0.00ns    1.04s         1 [   1.32s,    1.32s]    1.32s   0.00ns    1.32s
                       'default_lp':         1 [   1.04s,    1.04s]    1.04s   0.00ns    1.04s         1 [208.72ms, 208.72ms] 208.72ms   0.00ns 208.72ms
                 'feasibility_pump':       161 [ 67.29us, 981.04us] 113.69us  94.45us  18.30ms       159 [ 31.62us, 402.09us]  34.15us  29.38us   5.43ms
                            'fixed':         1 [   1.04s,    1.04s]    1.04s   0.00ns    1.04s         1 [206.58ms, 206.58ms] 206.58ms   0.00ns 206.58ms
                               'fj':         0 [  0.00ns,   0.00ns]   0.00ns   0.00ns   0.00ns         0 [  0.00ns,   0.00ns]   0.00ns   0.00ns   0.00ns
                               'fj':         0 [  0.00ns,   0.00ns]   0.00ns   0.00ns   0.00ns         0 [  0.00ns,   0.00ns]   0.00ns   0.00ns   0.00ns
                               'fj':         0 [  0.00ns,   0.00ns]   0.00ns   0.00ns   0.00ns         0 [  0.00ns,   0.00ns]   0.00ns   0.00ns   0.00ns
                               'fj':         0 [  0.00ns,   0.00ns]   0.00ns   0.00ns   0.00ns         0 [  0.00ns,   0.00ns]   0.00ns   0.00ns   0.00ns
                               'fj':         0 [  0.00ns,   0.00ns]   0.00ns   0.00ns   0.00ns         0 [  0.00ns,   0.00ns]   0.00ns   0.00ns   0.00ns
                               'fj':         0 [  0.00ns,   0.00ns]   0.00ns   0.00ns   0.00ns         0 [  0.00ns,   0.00ns]   0.00ns   0.00ns   0.00ns
                               'fj':         0 [  0.00ns,   0.00ns]   0.00ns   0.00ns   0.00ns         0 [  0.00ns,   0.00ns]   0.00ns   0.00ns   0.00ns
                               'fj':         0 [  0.00ns,   0.00ns]   0.00ns   0.00ns   0.00ns         0 [  0.00ns,   0.00ns]   0.00ns   0.00ns   0.00ns
                               'fj':         0 [  0.00ns,   0.00ns]   0.00ns   0.00ns   0.00ns         0 [  0.00ns,   0.00ns]   0.00ns   0.00ns   0.00ns
                               'fj':         0 [  0.00ns,   0.00ns]   0.00ns   0.00ns   0.00ns         0 [  0.00ns,   0.00ns]   0.00ns   0.00ns   0.00ns
                               'fj':         0 [  0.00ns,   0.00ns]   0.00ns   0.00ns   0.00ns         0 [  0.00ns,   0.00ns]   0.00ns   0.00ns   0.00ns
                               'fj':         0 [  0.00ns,   0.00ns]   0.00ns   0.00ns   0.00ns         0 [  0.00ns,   0.00ns]   0.00ns   0.00ns   0.00ns
                               'fj':         0 [  0.00ns,   0.00ns]   0.00ns   0.00ns   0.00ns         0 [  0.00ns,   0.00ns]   0.00ns   0.00ns   0.00ns
                               'fj':         0 [  0.00ns,   0.00ns]   0.00ns   0.00ns   0.00ns         0 [  0.00ns,   0.00ns]   0.00ns   0.00ns   0.00ns
                               'fj':         0 [  0.00ns,   0.00ns]   0.00ns   0.00ns   0.00ns         0 [  0.00ns,   0.00ns]   0.00ns   0.00ns   0.00ns
                               'fj':         0 [  0.00ns,   0.00ns]   0.00ns   0.00ns   0.00ns         0 [  0.00ns,   0.00ns]   0.00ns   0.00ns   0.00ns
                               'fj':         0 [  0.00ns,   0.00ns]   0.00ns   0.00ns   0.00ns         0 [  0.00ns,   0.00ns]   0.00ns   0.00ns   0.00ns
                               'fj':         0 [  0.00ns,   0.00ns]   0.00ns   0.00ns   0.00ns         0 [  0.00ns,   0.00ns]   0.00ns   0.00ns   0.00ns
                               'fj':         0 [  0.00ns,   0.00ns]   0.00ns   0.00ns   0.00ns         0 [  0.00ns,   0.00ns]   0.00ns   0.00ns   0.00ns
                               'fj':         0 [  0.00ns,   0.00ns]   0.00ns   0.00ns   0.00ns         0 [  0.00ns,   0.00ns]   0.00ns   0.00ns   0.00ns
                               'fj':         0 [  0.00ns,   0.00ns]   0.00ns   0.00ns   0.00ns         0 [  0.00ns,   0.00ns]   0.00ns   0.00ns   0.00ns
                               'fj':         0 [  0.00ns,   0.00ns]   0.00ns   0.00ns   0.00ns         0 [  0.00ns,   0.00ns]   0.00ns   0.00ns   0.00ns
                               'fj':         0 [  0.00ns,   0.00ns]   0.00ns   0.00ns   0.00ns         0 [  0.00ns,   0.00ns]   0.00ns   0.00ns   0.00ns
                               'fj':         0 [  0.00ns,   0.00ns]   0.00ns   0.00ns   0.00ns         0 [  0.00ns,   0.00ns]   0.00ns   0.00ns   0.00ns
                               'fj':         0 [  0.00ns,   0.00ns]   0.00ns   0.00ns   0.00ns         0 [  0.00ns,   0.00ns]   0.00ns   0.00ns   0.00ns
                           'fj_lin':         0 [  0.00ns,   0.00ns]   0.00ns   0.00ns   0.00ns         0 [  0.00ns,   0.00ns]   0.00ns   0.00ns   0.00ns
                           'fj_lin':         0 [  0.00ns,   0.00ns]   0.00ns   0.00ns   0.00ns         0 [  0.00ns,   0.00ns]   0.00ns   0.00ns   0.00ns
                           'fj_lin':         0 [  0.00ns,   0.00ns]   0.00ns   0.00ns   0.00ns         0 [  0.00ns,   0.00ns]   0.00ns   0.00ns   0.00ns
                           'fj_lin':         0 [  0.00ns,   0.00ns]   0.00ns   0.00ns   0.00ns         0 [  0.00ns,   0.00ns]   0.00ns   0.00ns   0.00ns
                           'fj_lin':         0 [  0.00ns,   0.00ns]   0.00ns   0.00ns   0.00ns         0 [  0.00ns,   0.00ns]   0.00ns   0.00ns   0.00ns
                           'fj_lin':         0 [  0.00ns,   0.00ns]   0.00ns   0.00ns   0.00ns         0 [  0.00ns,   0.00ns]   0.00ns   0.00ns   0.00ns
                           'fj_lin':         0 [  0.00ns,   0.00ns]   0.00ns   0.00ns   0.00ns         0 [  0.00ns,   0.00ns]   0.00ns   0.00ns   0.00ns
                           'fj_lin':         0 [  0.00ns,   0.00ns]   0.00ns   0.00ns   0.00ns         0 [  0.00ns,   0.00ns]   0.00ns   0.00ns   0.00ns
                           'fj_lin':         0 [  0.00ns,   0.00ns]   0.00ns   0.00ns   0.00ns         0 [  0.00ns,   0.00ns]   0.00ns   0.00ns   0.00ns
                           'fj_lin':         0 [  0.00ns,   0.00ns]   0.00ns   0.00ns   0.00ns         0 [  0.00ns,   0.00ns]   0.00ns   0.00ns   0.00ns
                           'fj_lin':         0 [  0.00ns,   0.00ns]   0.00ns   0.00ns   0.00ns         0 [  0.00ns,   0.00ns]   0.00ns   0.00ns   0.00ns
                           'fj_lin':         0 [  0.00ns,   0.00ns]   0.00ns   0.00ns   0.00ns         0 [  0.00ns,   0.00ns]   0.00ns   0.00ns   0.00ns
                        'fs_random':         0 [  0.00ns,   0.00ns]   0.00ns   0.00ns   0.00ns         0 [  0.00ns,   0.00ns]   0.00ns   0.00ns   0.00ns
                        'fs_random':         0 [  0.00ns,   0.00ns]   0.00ns   0.00ns   0.00ns         0 [  0.00ns,   0.00ns]   0.00ns   0.00ns   0.00ns
                        'fs_random':         0 [  0.00ns,   0.00ns]   0.00ns   0.00ns   0.00ns         0 [  0.00ns,   0.00ns]   0.00ns   0.00ns   0.00ns
                        'fs_random':         0 [  0.00ns,   0.00ns]   0.00ns   0.00ns   0.00ns         0 [  0.00ns,   0.00ns]   0.00ns   0.00ns   0.00ns
                        'fs_random':         0 [  0.00ns,   0.00ns]   0.00ns   0.00ns   0.00ns         0 [  0.00ns,   0.00ns]   0.00ns   0.00ns   0.00ns
                        'fs_random':         0 [  0.00ns,   0.00ns]   0.00ns   0.00ns   0.00ns         0 [  0.00ns,   0.00ns]   0.00ns   0.00ns   0.00ns
                        'fs_random':         0 [  0.00ns,   0.00ns]   0.00ns   0.00ns   0.00ns         0 [  0.00ns,   0.00ns]   0.00ns   0.00ns   0.00ns
                        'fs_random':         0 [  0.00ns,   0.00ns]   0.00ns   0.00ns   0.00ns         0 [  0.00ns,   0.00ns]   0.00ns   0.00ns   0.00ns
                        'fs_random':         0 [  0.00ns,   0.00ns]   0.00ns   0.00ns   0.00ns         0 [  0.00ns,   0.00ns]   0.00ns   0.00ns   0.00ns
                        'fs_random':         0 [  0.00ns,   0.00ns]   0.00ns   0.00ns   0.00ns         0 [  0.00ns,   0.00ns]   0.00ns   0.00ns   0.00ns
                        'fs_random':         0 [  0.00ns,   0.00ns]   0.00ns   0.00ns   0.00ns         0 [  0.00ns,   0.00ns]   0.00ns   0.00ns   0.00ns
                        'fs_random':         1 [264.42us, 264.42us] 264.42us   0.00ns 264.42us         0 [  0.00ns,   0.00ns]   0.00ns   0.00ns   0.00ns
                  'fs_random_no_lp':         0 [  0.00ns,   0.00ns]   0.00ns   0.00ns   0.00ns         0 [  0.00ns,   0.00ns]   0.00ns   0.00ns   0.00ns
                  'fs_random_no_lp':         0 [  0.00ns,   0.00ns]   0.00ns   0.00ns   0.00ns         0 [  0.00ns,   0.00ns]   0.00ns   0.00ns   0.00ns
                  'fs_random_no_lp':         0 [  0.00ns,   0.00ns]   0.00ns   0.00ns   0.00ns         0 [  0.00ns,   0.00ns]   0.00ns   0.00ns   0.00ns
                  'fs_random_no_lp':         0 [  0.00ns,   0.00ns]   0.00ns   0.00ns   0.00ns         0 [  0.00ns,   0.00ns]   0.00ns   0.00ns   0.00ns
                  'fs_random_no_lp':         0 [  0.00ns,   0.00ns]   0.00ns   0.00ns   0.00ns         0 [  0.00ns,   0.00ns]   0.00ns   0.00ns   0.00ns
                  'fs_random_no_lp':         0 [  0.00ns,   0.00ns]   0.00ns   0.00ns   0.00ns         0 [  0.00ns,   0.00ns]   0.00ns   0.00ns   0.00ns
                  'fs_random_no_lp':         0 [  0.00ns,   0.00ns]   0.00ns   0.00ns   0.00ns         0 [  0.00ns,   0.00ns]   0.00ns   0.00ns   0.00ns
                  'fs_random_no_lp':         0 [  0.00ns,   0.00ns]   0.00ns   0.00ns   0.00ns         0 [  0.00ns,   0.00ns]   0.00ns   0.00ns   0.00ns
                  'fs_random_no_lp':         0 [  0.00ns,   0.00ns]   0.00ns   0.00ns   0.00ns         0 [  0.00ns,   0.00ns]   0.00ns   0.00ns   0.00ns
                  'fs_random_no_lp':         0 [  0.00ns,   0.00ns]   0.00ns   0.00ns   0.00ns         0 [  0.00ns,   0.00ns]   0.00ns   0.00ns   0.00ns
                  'fs_random_no_lp':         0 [  0.00ns,   0.00ns]   0.00ns   0.00ns   0.00ns         0 [  0.00ns,   0.00ns]   0.00ns   0.00ns   0.00ns
                  'fs_random_no_lp':         0 [  0.00ns,   0.00ns]   0.00ns   0.00ns   0.00ns         0 [  0.00ns,   0.00ns]   0.00ns   0.00ns   0.00ns
                  'fs_random_no_lp':         1 [646.39us, 646.39us] 646.39us   0.00ns 646.39us         0 [  0.00ns,   0.00ns]   0.00ns   0.00ns   0.00ns
          'fs_random_quick_restart':         0 [  0.00ns,   0.00ns]   0.00ns   0.00ns   0.00ns         0 [  0.00ns,   0.00ns]   0.00ns   0.00ns   0.00ns
          'fs_random_quick_restart':         0 [  0.00ns,   0.00ns]   0.00ns   0.00ns   0.00ns         0 [  0.00ns,   0.00ns]   0.00ns   0.00ns   0.00ns
          'fs_random_quick_restart':         0 [  0.00ns,   0.00ns]   0.00ns   0.00ns   0.00ns         0 [  0.00ns,   0.00ns]   0.00ns   0.00ns   0.00ns
          'fs_random_quick_restart':         0 [  0.00ns,   0.00ns]   0.00ns   0.00ns   0.00ns         0 [  0.00ns,   0.00ns]   0.00ns   0.00ns   0.00ns
          'fs_random_quick_restart':         0 [  0.00ns,   0.00ns]   0.00ns   0.00ns   0.00ns         0 [  0.00ns,   0.00ns]   0.00ns   0.00ns   0.00ns
          'fs_random_quick_restart':         0 [  0.00ns,   0.00ns]   0.00ns   0.00ns   0.00ns         0 [  0.00ns,   0.00ns]   0.00ns   0.00ns   0.00ns
          'fs_random_quick_restart':         0 [  0.00ns,   0.00ns]   0.00ns   0.00ns   0.00ns         0 [  0.00ns,   0.00ns]   0.00ns   0.00ns   0.00ns
          'fs_random_quick_restart':         0 [  0.00ns,   0.00ns]   0.00ns   0.00ns   0.00ns         0 [  0.00ns,   0.00ns]   0.00ns   0.00ns   0.00ns
          'fs_random_quick_restart':         0 [  0.00ns,   0.00ns]   0.00ns   0.00ns   0.00ns         0 [  0.00ns,   0.00ns]   0.00ns   0.00ns   0.00ns
          'fs_random_quick_restart':         0 [  0.00ns,   0.00ns]   0.00ns   0.00ns   0.00ns         0 [  0.00ns,   0.00ns]   0.00ns   0.00ns   0.00ns
          'fs_random_quick_restart':         0 [  0.00ns,   0.00ns]   0.00ns   0.00ns   0.00ns         0 [  0.00ns,   0.00ns]   0.00ns   0.00ns   0.00ns
          'fs_random_quick_restart':         0 [  0.00ns,   0.00ns]   0.00ns   0.00ns   0.00ns         0 [  0.00ns,   0.00ns]   0.00ns   0.00ns   0.00ns
    'fs_random_quick_restart_no_lp':         0 [  0.00ns,   0.00ns]   0.00ns   0.00ns   0.00ns         0 [  0.00ns,   0.00ns]   0.00ns   0.00ns   0.00ns
    'fs_random_quick_restart_no_lp':         0 [  0.00ns,   0.00ns]   0.00ns   0.00ns   0.00ns         0 [  0.00ns,   0.00ns]   0.00ns   0.00ns   0.00ns
    'fs_random_quick_restart_no_lp':         0 [  0.00ns,   0.00ns]   0.00ns   0.00ns   0.00ns         0 [  0.00ns,   0.00ns]   0.00ns   0.00ns   0.00ns
    'fs_random_quick_restart_no_lp':         0 [  0.00ns,   0.00ns]   0.00ns   0.00ns   0.00ns         0 [  0.00ns,   0.00ns]   0.00ns   0.00ns   0.00ns
    'fs_random_quick_restart_no_lp':         0 [  0.00ns,   0.00ns]   0.00ns   0.00ns   0.00ns         0 [  0.00ns,   0.00ns]   0.00ns   0.00ns   0.00ns
    'fs_random_quick_restart_no_lp':         0 [  0.00ns,   0.00ns]   0.00ns   0.00ns   0.00ns         0 [  0.00ns,   0.00ns]   0.00ns   0.00ns   0.00ns
    'fs_random_quick_restart_no_lp':         0 [  0.00ns,   0.00ns]   0.00ns   0.00ns   0.00ns         0 [  0.00ns,   0.00ns]   0.00ns   0.00ns   0.00ns
    'fs_random_quick_restart_no_lp':         0 [  0.00ns,   0.00ns]   0.00ns   0.00ns   0.00ns         0 [  0.00ns,   0.00ns]   0.00ns   0.00ns   0.00ns
    'fs_random_quick_restart_no_lp':         0 [  0.00ns,   0.00ns]   0.00ns   0.00ns   0.00ns         0 [  0.00ns,   0.00ns]   0.00ns   0.00ns   0.00ns
    'fs_random_quick_restart_no_lp':         0 [  0.00ns,   0.00ns]   0.00ns   0.00ns   0.00ns         0 [  0.00ns,   0.00ns]   0.00ns   0.00ns   0.00ns
    'fs_random_quick_restart_no_lp':         0 [  0.00ns,   0.00ns]   0.00ns   0.00ns   0.00ns         0 [  0.00ns,   0.00ns]   0.00ns   0.00ns   0.00ns
    'fs_random_quick_restart_no_lp':         1 [109.48us, 109.48us] 109.48us   0.00ns 109.48us         0 [  0.00ns,   0.00ns]   0.00ns   0.00ns   0.00ns
                    'graph_arc_lns':        10 [  5.50ms, 809.12ms] 263.86ms 263.18ms    2.64s        10 [ 71.71us, 100.02ms]  40.46ms  40.78ms 404.63ms
                    'graph_cst_lns':        11 [ 20.41ms, 843.22ms] 269.48ms 295.18ms    2.96s        11 [  1.58ms, 100.13ms]  38.14ms  37.45ms 419.52ms
                    'graph_dec_lns':        43 [  4.96ms, 682.96ms] 106.14ms 163.62ms    4.56s        41 [105.28us, 100.02ms]  16.77ms  27.88ms 687.62ms
                    'graph_var_lns':         9 [  8.21ms, 774.55ms] 307.74ms 250.05ms    2.77s         9 [139.11us, 100.05ms]  47.78ms  39.92ms 430.02ms
                     'lb_relax_lns':         9 [211.69us,    1.04s] 313.60ms 303.45ms    2.82s         7 [ 13.08ms, 297.02ms]  98.02ms  87.40ms 686.15ms
                   'lb_tree_search':         1 [   1.04s,    1.04s]    1.04s   0.00ns    1.04s         1 [100.85ms, 100.85ms] 100.85ms   0.00ns 100.85ms
                               'ls':        19 [873.36us,  72.58ms]  53.23ms  18.41ms    1.01s        19 [  1.57ms, 100.19ms]  89.67ms  28.02ms    1.70s
                               'ls':        20 [144.20us,  66.74ms]  51.27ms  15.49ms    1.03s        19 [ 36.16ms, 100.24ms]  96.71ms  14.27ms    1.84s
                               'ls':        21 [ 26.57ms,  58.40ms]  49.18ms   7.03ms    1.03s        21 [ 43.90ms, 100.15ms]  95.23ms  14.98ms    2.00s
                               'ls':        21 [ 30.69ms,  59.39ms]  48.53ms   6.90ms    1.02s        21 [ 57.35ms, 100.23ms]  98.04ms   9.10ms    2.06s
                               'ls':        22 [  2.99ms,  58.04ms]  44.53ms  15.10ms 979.65ms        22 [  5.87ms, 100.14ms]  87.53ms  29.02ms    1.93s
                               'ls':        22 [  4.21ms,  58.85ms]  46.55ms  12.26ms    1.02s        22 [  7.99ms, 100.20ms]  92.01ms  25.51ms    2.02s
                               'ls':        22 [427.13us,  67.87ms]  46.63ms  17.74ms    1.03s        22 [517.89us, 100.15ms]  86.19ms  31.88ms    1.90s
                               'ls':        23 [  3.18ms,  58.52ms]  44.37ms  16.75ms    1.02s        23 [  9.91ms, 100.20ms]  85.89ms  31.08ms    1.98s
                               'ls':        23 [581.15us,  59.43ms]  43.39ms  17.62ms 998.00ms        23 [  1.36ms, 100.15ms]  84.52ms  32.66ms    1.94s
                               'ls':        23 [805.13us,  60.57ms]  44.24ms  19.07ms    1.02s        23 [  2.20ms, 100.27ms]  82.53ms  34.50ms    1.90s
                               'ls':        24 [  5.94ms,  57.57ms]  42.44ms  15.67ms    1.02s        24 [ 10.87ms, 100.30ms]  83.59ms  32.31ms    2.01s
                               'ls':        25 [  1.75ms,  61.21ms]  40.91ms  18.41ms    1.02s        25 [  3.12ms, 100.12ms]  79.89ms  36.11ms    2.00s
                               'ls':        25 [ 93.40us,  57.84ms]  40.91ms  18.58ms    1.02s        24 [163.20us, 100.13ms]  83.41ms  33.58ms    2.00s
                               'ls':        25 [110.98us,  56.25ms]  38.77ms  18.63ms 969.21ms        24 [913.03us, 100.18ms]  85.53ms  32.73ms    2.05s
                               'ls':        26 [125.83us,  55.65ms]  37.46ms  20.49ms 974.07ms        25 [582.02us, 100.18ms]  77.37ms  37.59ms    1.93s
                               'ls':        27 [  1.34ms,  56.05ms]  37.26ms  13.91ms    1.01s        27 [  2.44ms, 100.21ms]  87.97ms  27.28ms    2.38s
                               'ls':        27 [  2.75ms,  62.27ms]  37.69ms  15.72ms    1.02s        27 [  7.37ms, 100.16ms]  83.83ms  31.24ms    2.26s
                               'ls':        29 [  4.62ms,  57.14ms]  35.13ms  16.07ms    1.02s        29 [  7.89ms, 100.20ms]  90.56ms  27.99ms    2.63s
                               'ls':        30 [267.59us,  56.75ms]  33.75ms  17.98ms    1.01s        30 [319.94us, 100.25ms]  79.68ms  36.25ms    2.39s
                           'ls_lin':        18 [113.51us,  70.07ms]  56.70ms  15.75ms    1.02s        17 [ 63.70ms, 100.12ms]  97.90ms   8.55ms    1.66s
                           'ls_lin':        20 [ 19.60ms,  64.72ms]  51.13ms  10.73ms    1.02s        20 [ 35.89ms, 100.14ms]  94.46ms  16.97ms    1.89s
                           'ls_lin':        21 [ 11.61ms,  58.38ms]  48.62ms   9.53ms    1.02s        21 [ 18.39ms, 100.14ms]  94.52ms  18.54ms    1.99s
                           'ls_lin':        21 [779.00us,  60.67ms]  47.72ms  12.83ms    1.00s        21 [  1.33ms, 100.16ms]  93.59ms  22.08ms    1.97s
                           'ls_lin':        22 [ 11.77ms,  57.38ms]  46.44ms  10.79ms    1.02s        22 [ 38.19ms, 100.14ms]  97.25ms  12.89ms    2.14s
                           'ls_lin':        22 [ 20.68ms,  61.71ms]  46.86ms  12.98ms    1.03s        22 [ 16.36ms, 100.16ms]  95.03ms  18.06ms    2.09s
                           'ls_lin':        23 [ 88.41us,  62.04ms]  42.93ms  20.53ms 987.37ms        22 [  3.06ms, 100.11ms]  79.46ms  34.75ms    1.75s
                           'ls_lin':        23 [371.21us,  58.59ms]  44.53ms  17.23ms    1.02s        23 [614.61us, 100.12ms]  84.09ms  32.95ms    1.93s
                           'ls_lin':        26 [  2.96ms,  65.15ms]  39.24ms  17.31ms    1.02s        26 [  5.09ms, 100.19ms]  87.79ms  28.99ms    2.28s
                           'ls_lin':        29 [  4.40ms,  60.52ms]  35.08ms  14.00ms    1.02s        29 [  9.34ms, 100.33ms]  90.18ms  26.60ms    2.62s
                           'max_lp':         1 [   1.05s,    1.05s]    1.05s   0.00ns    1.05s         1 [284.30ms, 284.30ms] 284.30ms   0.00ns 284.30ms
                            'no_lp':         1 [   1.05s,    1.05s]    1.05s   0.00ns    1.05s         1 [230.80ms, 230.80ms] 230.80ms   0.00ns 230.80ms
              'objective_lb_search':         1 [   1.04s,    1.04s]    1.04s   0.00ns    1.04s         1 [215.85ms, 215.85ms] 215.85ms   0.00ns 215.85ms
       'objective_lb_search_max_lp':         1 [   1.05s,    1.05s]    1.05s   0.00ns    1.05s         1 [103.13ms, 103.13ms] 103.13ms   0.00ns 103.13ms
        'objective_lb_search_no_lp':         1 [   1.05s,    1.05s]    1.05s   0.00ns    1.05s         1 [246.30ms, 246.30ms] 246.30ms   0.00ns 246.30ms
         'objective_shaving_max_lp':        80 [  1.18ms,  15.04ms]  10.15ms   2.58ms 812.11ms        79 [ 20.89us, 134.98us]  59.74us  10.54us   4.72ms
          'objective_shaving_no_lp':        96 [636.88us,  13.23ms]   8.43ms   2.72ms 809.08ms        93 [ 20.89us, 132.75us]  57.16us   9.69us   5.32ms
                          'probing':         1 [   1.04s,    1.04s]    1.04s   0.00ns    1.04s         1 [ 61.01ms,  61.01ms]  61.01ms   0.00ns  61.01ms
                   'probing_max_lp':         1 [   1.05s,    1.05s]    1.05s   0.00ns    1.05s         1 [ 34.17ms,  34.17ms]  34.17ms   0.00ns  34.17ms
                    'probing_no_lp':         1 [   1.05s,    1.05s]    1.05s   0.00ns    1.05s         1 [128.60ms, 128.60ms] 128.60ms   0.00ns 128.60ms
                     'pseudo_costs':         1 [   1.05s,    1.05s]    1.05s   0.00ns    1.05s         1 [207.41ms, 207.41ms] 207.41ms   0.00ns 207.41ms
                    'quick_restart':         1 [   1.05s,    1.05s]    1.05s   0.00ns    1.05s         1 [165.78ms, 165.78ms] 165.78ms   0.00ns 165.78ms
              'quick_restart_no_lp':         1 [   1.04s,    1.04s]    1.04s   0.00ns    1.04s         1 [196.38ms, 196.38ms] 196.38ms   0.00ns 196.38ms
                    'reduced_costs':         1 [   1.04s,    1.04s]    1.04s   0.00ns    1.04s         1 [159.13ms, 159.13ms] 159.13ms   0.00ns 159.13ms
                        'rins/rens':         8 [287.55us, 740.40ms] 383.67ms 261.51ms    3.07s         6 [ 18.30ms, 100.02ms]  56.45ms  31.88ms 338.72ms
                      'rnd_cst_lns':        11 [  6.42ms, 653.26ms] 265.79ms 224.01ms    2.92s        11 [184.64us, 100.03ms]  36.35ms  34.22ms 399.81ms
                      'rnd_var_lns':        12 [  8.32ms, 725.48ms] 227.55ms 220.68ms    2.73s        12 [347.89us, 100.11ms]  35.36ms  39.10ms 424.27ms
         'scheduling_intervals_lns':         4 [935.47ms,    1.04s] 982.87ms  38.66ms    3.93s         4 [ 65.15ms, 100.07ms]  88.16ms  13.61ms 352.65ms
       'scheduling_precedences_lns':         4 [694.67ms, 981.43ms] 906.77ms 122.49ms    3.63s         4 [ 81.76ms, 100.11ms]  93.48ms   7.13ms 373.93ms
  'scheduling_resource_windows_lns':         7 [ 95.59ms, 565.26ms] 413.09ms 149.59ms    2.89s         7 [ 14.85ms, 100.20ms]  77.46ms  32.78ms 542.19ms
       'scheduling_time_window_lns':         4 [649.17ms, 979.41ms] 892.92ms 140.77ms    3.57s         4 [ 74.81ms, 100.09ms]  87.04ms   9.99ms 348.17ms
                'variables_shaving':       100 [ 10.29ms, 564.79ms]  78.69ms 108.83ms    7.87s       100 [273.40us,  55.57ms]   5.72ms   9.82ms 571.92ms
         'variables_shaving_max_lp':         9 [ 55.89ms, 545.90ms] 301.46ms 149.82ms    2.71s         9 [ 10.47ms, 101.15ms]  48.36ms  26.76ms 435.23ms
          'variables_shaving_no_lp':        99 [  6.64ms, 289.76ms]  76.87ms  79.03ms    7.61s        99 [260.70us,  17.62ms]   4.23ms   4.71ms 418.72ms

Search stats                        Bools  Conflicts  Branches  Restarts  BoolPropag  IntegerPropag
                           'core':  2'731        935    22'888     6'184   2'593'342        616'355
                     'default_lp':  1'450      1'982    10'661     1'417     384'055      1'407'999
                          'fixed':  1'756      4'203    11'479       440     382'831      1'057'589
                      'fs_random':      0          0         0         0           0              0
                      'fs_random':      0          0         0         0           0              0
                      'fs_random':      0          0         0         0           0              0
                      'fs_random':      0          0         0         0           0              0
                      'fs_random':      0          0         0         0           0              0
                      'fs_random':      0          0         0         0           0              0
                      'fs_random':      0          0         0         0           0              0
                      'fs_random':      0          0         0         0           0              0
                      'fs_random':      0          0         0         0           0              0
                      'fs_random':      0          0         0         0           0              0
                      'fs_random':      0          0         0         0           0              0
                      'fs_random':      0          0         0         0           0              0
                'fs_random_no_lp':      0          0         0         0           0              0
                'fs_random_no_lp':      0          0         0         0           0              0
                'fs_random_no_lp':      0          0         0         0           0              0
                'fs_random_no_lp':      0          0         0         0           0              0
                'fs_random_no_lp':      0          0         0         0           0              0
                'fs_random_no_lp':      0          0         0         0           0              0
                'fs_random_no_lp':      0          0         0         0           0              0
                'fs_random_no_lp':      0          0         0         0           0              0
                'fs_random_no_lp':      0          0         0         0           0              0
                'fs_random_no_lp':      0          0         0         0           0              0
                'fs_random_no_lp':      0          0         0         0           0              0
                'fs_random_no_lp':      0          0         0         0           0              0
                'fs_random_no_lp':      0          0         0         0           0              0
        'fs_random_quick_restart':      0          0         0         0           0              0
        'fs_random_quick_restart':      0          0         0         0           0              0
        'fs_random_quick_restart':      0          0         0         0           0              0
        'fs_random_quick_restart':      0          0         0         0           0              0
        'fs_random_quick_restart':      0          0         0         0           0              0
        'fs_random_quick_restart':      0          0         0         0           0              0
        'fs_random_quick_restart':      0          0         0         0           0              0
        'fs_random_quick_restart':      0          0         0         0           0              0
        'fs_random_quick_restart':      0          0         0         0           0              0
        'fs_random_quick_restart':      0          0         0         0           0              0
        'fs_random_quick_restart':      0          0         0         0           0              0
        'fs_random_quick_restart':      0          0         0         0           0              0
  'fs_random_quick_restart_no_lp':      0          0         0         0           0              0
  'fs_random_quick_restart_no_lp':      0          0         0         0           0              0
  'fs_random_quick_restart_no_lp':      0          0         0         0           0              0
  'fs_random_quick_restart_no_lp':      0          0         0         0           0              0
  'fs_random_quick_restart_no_lp':      0          0         0         0           0              0
  'fs_random_quick_restart_no_lp':      0          0         0         0           0              0
  'fs_random_quick_restart_no_lp':      0          0         0         0           0              0
  'fs_random_quick_restart_no_lp':      0          0         0         0           0              0
  'fs_random_quick_restart_no_lp':      0          0         0         0           0              0
  'fs_random_quick_restart_no_lp':      0          0         0         0           0              0
  'fs_random_quick_restart_no_lp':      0          0         0         0           0              0
  'fs_random_quick_restart_no_lp':      0          0         0         0           0              0
                 'lb_tree_search':  1'860        108    14'304     7'132      95'035        190'258
                         'max_lp':    534      1'509     6'090       813     129'147      1'507'508
                          'no_lp':    505      2'156     8'340     1'679     190'533      1'687'858
            'objective_lb_search':    675      1'371     8'753     1'893     303'561      1'620'991
     'objective_lb_search_max_lp':  1'892        294     7'435     5'709      95'899        278'184
      'objective_lb_search_no_lp':    498      1'285     8'081     1'818     232'890      1'929'223
                        'probing':  2'315        121     7'058     5'146     159'430        248'316
                 'probing_max_lp':  1'942         30     3'854     3'854      11'722         43'479
                  'probing_no_lp':  2'406        701     9'179     6'341     286'194        573'861
                   'pseudo_costs':    827      1'663     4'973       703     123'182      1'153'054
                  'quick_restart':  1'237      1'077    12'547     1'657     164'913      1'268'215
            'quick_restart_no_lp':  1'714      1'305    14'025     1'365     248'251      1'478'505
                  'reduced_costs':  2'169        862     8'543     5'731     142'055        414'144

SAT stats                           ClassicMinim  LitRemoved  LitLearned  LitForgotten  Subsumed  MClauses  MDecisions  MLitTrue  MSubsumed  MLitRemoved  MReused
                           'core':           427       1'371       5'245             0         3     5'109       9'558       105        146          757      432
                     'default_lp':         1'767       8'882      17'756             0         1       229         311         0         35          153      686
                          'fixed':         4'106      11'538     237'420             0         3         0           0         0          0            0        0
                      'fs_random':             0           0           0             0         0         0           0         0          0            0        0
                      'fs_random':             0           0           0             0         0         0           0         0          0            0        0
                      'fs_random':             0           0           0             0         0         0           0         0          0            0        0
                      'fs_random':             0           0           0             0         0         0           0         0          0            0        0
                      'fs_random':             0           0           0             0         0         0           0         0          0            0        0
                      'fs_random':             0           0           0             0         0         0           0         0          0            0        0
                      'fs_random':             0           0           0             0         0         0           0         0          0            0        0
                      'fs_random':             0           0           0             0         0         0           0         0          0            0        0
                      'fs_random':             0           0           0             0         0         0           0         0          0            0        0
                      'fs_random':             0           0           0             0         0         0           0         0          0            0        0
                      'fs_random':             0           0           0             0         0         0           0         0          0            0        0
                      'fs_random':             0           0           0             0         0         0           0         0          0            0        0
                'fs_random_no_lp':             0           0           0             0         0         0           0         0          0            0        0
                'fs_random_no_lp':             0           0           0             0         0         0           0         0          0            0        0
                'fs_random_no_lp':             0           0           0             0         0         0           0         0          0            0        0
                'fs_random_no_lp':             0           0           0             0         0         0           0         0          0            0        0
                'fs_random_no_lp':             0           0           0             0         0         0           0         0          0            0        0
                'fs_random_no_lp':             0           0           0             0         0         0           0         0          0            0        0
                'fs_random_no_lp':             0           0           0             0         0         0           0         0          0            0        0
                'fs_random_no_lp':             0           0           0             0         0         0           0         0          0            0        0
                'fs_random_no_lp':             0           0           0             0         0         0           0         0          0            0        0
                'fs_random_no_lp':             0           0           0             0         0         0           0         0          0            0        0
                'fs_random_no_lp':             0           0           0             0         0         0           0         0          0            0        0
                'fs_random_no_lp':             0           0           0             0         0         0           0         0          0            0        0
                'fs_random_no_lp':             0           0           0             0         0         0           0         0          0            0        0
        'fs_random_quick_restart':             0           0           0             0         0         0           0         0          0            0        0
        'fs_random_quick_restart':             0           0           0             0         0         0           0         0          0            0        0
        'fs_random_quick_restart':             0           0           0             0         0         0           0         0          0            0        0
        'fs_random_quick_restart':             0           0           0             0         0         0           0         0          0            0        0
        'fs_random_quick_restart':             0           0           0             0         0         0           0         0          0            0        0
        'fs_random_quick_restart':             0           0           0             0         0         0           0         0          0            0        0
        'fs_random_quick_restart':             0           0           0             0         0         0           0         0          0            0        0
        'fs_random_quick_restart':             0           0           0             0         0         0           0         0          0            0        0
        'fs_random_quick_restart':             0           0           0             0         0         0           0         0          0            0        0
        'fs_random_quick_restart':             0           0           0             0         0         0           0         0          0            0        0
        'fs_random_quick_restart':             0           0           0             0         0         0           0         0          0            0        0
        'fs_random_quick_restart':             0           0           0             0         0         0           0         0          0            0        0
  'fs_random_quick_restart_no_lp':             0           0           0             0         0         0           0         0          0            0        0
  'fs_random_quick_restart_no_lp':             0           0           0             0         0         0           0         0          0            0        0
  'fs_random_quick_restart_no_lp':             0           0           0             0         0         0           0         0          0            0        0
  'fs_random_quick_restart_no_lp':             0           0           0             0         0         0           0         0          0            0        0
  'fs_random_quick_restart_no_lp':             0           0           0             0         0         0           0         0          0            0        0
  'fs_random_quick_restart_no_lp':             0           0           0             0         0         0           0         0          0            0        0
  'fs_random_quick_restart_no_lp':             0           0           0             0         0         0           0         0          0            0        0
  'fs_random_quick_restart_no_lp':             0           0           0             0         0         0           0         0          0            0        0
  'fs_random_quick_restart_no_lp':             0           0           0             0         0         0           0         0          0            0        0
  'fs_random_quick_restart_no_lp':             0           0           0             0         0         0           0         0          0            0        0
  'fs_random_quick_restart_no_lp':             0           0           0             0         0         0           0         0          0            0        0
  'fs_random_quick_restart_no_lp':             0           0           0             0         0         0           0         0          0            0        0
                 'lb_tree_search':             7          10         407             0         0        44          92         0          1            4        2
                         'max_lp':         1'051       3'690       9'498             0        49       469       1'434        15        153        1'077      126
                          'no_lp':         1'770       5'243      32'404             0        23       452         953         0        126          533      355
            'objective_lb_search':         1'170       4'537       7'940             0         7       929       3'340         0        374        2'598      355
     'objective_lb_search_max_lp':            95         230         925             0        27        30          84         0         22          109        0
      'objective_lb_search_no_lp':         1'133       3'539      14'475             0         6     1'249       5'091         0        647        5'603      318
                        'probing':             1           1         123             0         0         0           0         0          0            0        0
                 'probing_max_lp':             0           0          30             0         0         0           0         0          0            0        0
                  'probing_no_lp':           277         701       2'638             0        44         0           0         0          0            0        0
                   'pseudo_costs':         1'419       7'176      15'152             0        12       164         363         0        159        1'052        0
                  'quick_restart':           769       2'205      10'124             0        52       283         723         7         74          363      171
            'quick_restart_no_lp':           827       2'638      13'450             0       104       211         734         0         33          175       97
                  'reduced_costs':           587       1'594       6'697             0         0        35          45         1         12           42       44

Lp stats                         Component  Iterations  AddedCuts  OPTIMAL  DUAL_F.  DUAL_U.
                  'default_lp':         25         193          0   11'550        0        0
                       'fixed':         25          41          0   28'444        0        0
              'lb_tree_search':          1       2'577        464    1'456       30        0
                      'max_lp':          1       2'089        448    3'802       11        0
         'objective_lb_search':         25         179          0    5'573        0        0
  'objective_lb_search_max_lp':          1       1'686        556      665       22        0
                     'probing':         25         108          0   88'088        0        0
              'probing_max_lp':          1         548        264      278        1        0
                'pseudo_costs':          1       1'748        698    4'102       30        0
               'quick_restart':         25         631          0   17'010        0        0
               'reduced_costs':          1       2'553      1'076    2'051       58        0

Lp dimension                     Final dimension of first component
                  'default_lp':        1 rows, 5 columns, 2 entries
                       'fixed':        0 rows, 5 columns, 0 entries
              'lb_tree_search':  261 rows, 227 columns, 843 entries
                      'max_lp':  196 rows, 227 columns, 467 entries
         'objective_lb_search':        1 rows, 5 columns, 2 entries
  'objective_lb_search_max_lp':  212 rows, 227 columns, 540 entries
                     'probing':        0 rows, 5 columns, 0 entries
              'probing_max_lp':  180 rows, 227 columns, 451 entries
                'pseudo_costs':  202 rows, 227 columns, 709 entries
               'quick_restart':        0 rows, 5 columns, 0 entries
               'reduced_costs':  175 rows, 227 columns, 431 entries

Lp debug                         CutPropag  CutEqPropag  Adjust  Overflow      Bad  BadScaling
                  'default_lp':          0            0       0         0        0           0
                       'fixed':          0            0       0         0        0           0
              'lb_tree_search':          5            3   1'461         0   11'029           0
                      'max_lp':          0           15   1'460         0   19'215           0
         'objective_lb_search':          0            0       0         0        0           0
  'objective_lb_search_max_lp':          0           10     498         0   25'928           0
                     'probing':          0            0       0         0        0           0
              'probing_max_lp':          0           31     271         0  105'936           0
                'pseudo_costs':          0            0      13         0      380           0
               'quick_restart':          0            0       0         0        0           0
               'reduced_costs':          0           11   1'342         0    3'769           0

Lp pool                          Constraints  Updates  Simplif  Merged  Shortened  Split  Strenghtened    Cuts/Call
                  'default_lp':          218        0        7       0          0      0             0          0/0
                       'fixed':          218        0        0       0          0      0             0          0/0
              'lb_tree_search':          641    1'825      425      41          0      0             0    464/9'711
                      'max_lp':          636    3'158       44      30          0      0             2   448/12'128
         'objective_lb_search':          218        0        4       0          0      0             0          0/0
  'objective_lb_search_max_lp':          725    1'810      726      49          0      0             3    556/2'939
                     'probing':          218        0       10       0          0      0             0          0/0
              'probing_max_lp':          482      467       20       0          0      0            11    264/2'338
                'pseudo_costs':          776       68        6     140          0      0             0   698/14'129
               'quick_restart':          218        0       79       0          0      0             0          0/0
               'reduced_costs':        1'172      557      486     122          0      0             0  1'076/8'188

Lp Cut                                                lb_tree_search  reduced_costs  probing_max_lp  max_lp  pseudo_costs  objective_lb_search_max_lp
                                              CG_FF:               3              2               3       2             -                           7
                                               CG_K:               2              5               8       2             2                           6
                                               CG_R:              11             36              13      16             9                          15
                                            MIR_1_K:               1             11               -       3             4                           3
                                            MIR_1_R:               3             28               -       2            11                          17
                                            MIR_2_K:               2              2               2       4             -                           2
                                            MIR_2_R:               2              -               -       -             1                           2
                                            MIR_3_K:               1              1               1       1             -                           1
                                            MIR_3_R:               1              1               -       1             -                           -
                                            MIR_4_K:               1              -               -       1             -                           -
                                            MIR_4_R:               1              1               -       1             -                           1
                  NoOverlapCompletionTimeExhaustive:              36             25              13      27             6                          13
           NoOverlapCompletionTimeExhaustive_lifted:              21             38              10      17            22                          20
  NoOverlapCompletionTimeExhaustive_lifted_weighted:              55            132              30      51            81                          58
         NoOverlapCompletionTimeExhaustive_weighted:              42             73              26      49            31                          39
                    NoOverlapCompletionTimeQueyrane:              67            146              34      54            98                          71
             NoOverlapCompletionTimeQueyrane_lifted:              75            271              45      75           192                         132
                        NoOverlapDetectedPrecedence:               5              6               -       2             3                           2
                          NoOverlapDisjunctionOnEnd:               1             20               -       -             1                           -
                        NoOverlapDisjunctionOnStart:             124            265              78     127           233                         160
                                        ZERO_HALF_R:              10             13               1      13             4                           7

LNS stats                             Improv/Calls  Closed  Difficulty  TimeLimit
                    'graph_arc_lns':          9/10     70%    9.26e-01       0.10
                    'graph_cst_lns':          8/11     73%    9.40e-01       0.10
                    'graph_dec_lns':         31/41     44%    7.55e-01       0.10
                    'graph_var_lns':           7/9     67%    8.95e-01       0.10
                     'lb_relax_lns':           5/7     71%    8.87e-01       0.50
                        'rins/rens':           7/8     50%    7.00e-01       0.10
                      'rnd_cst_lns':          8/11     73%    9.38e-01       0.10
                      'rnd_var_lns':          9/12     58%    8.71e-01       0.10
         'scheduling_intervals_lns':           2/4      0%    8.55e-02       0.10
       'scheduling_precedences_lns':           3/4      0%    8.55e-02       0.10
  'scheduling_resource_windows_lns':           3/7     14%    6.46e-02       0.10
       'scheduling_time_window_lns':           4/4      0%    8.55e-02       0.10

LS stats                                    Batches  Restarts/Perturbs  LinMoves  GenMoves  CompoundMoves  Bactracks  WeightUpdates  ScoreComputed
                               'ls_decay':       27                 18       303    47'019            528     12'856          1'501      7'319'547
                         'ls_lin_restart':       35                 27       247    34'362              0          0         20'447      9'586'828
                'ls_lin_restart_compound':       28                 26         0    61'770          2'021     29'822            663      9'366'017
        'ls_lin_restart_compound_perturb':       25                 25         0    51'821          1'239     25'256            570      8'670'968
                   'ls_lin_restart_decay':       28                 25       323    42'908              0          0          3'060      7'518'068
          'ls_lin_restart_decay_compound':       40                 29         0    91'192          4'464     43'324            825     14'028'498
  'ls_lin_restart_decay_compound_perturb':       29                 23         0    58'446          3'248     27'567            484      9'122'544
           'ls_lin_restart_decay_perturb':       20                 18       247    30'854              0          0          2'655      5'522'318
                 'ls_lin_restart_perturb':       20                 20       179    20'573              0          0         14'335      5'757'386
                             'ls_restart':       40                 38       333    43'136              0          0         21'517     11'472'857
                    'ls_restart_compound':       54                 48         0    94'273          2'752     45'707          1'130     15'572'669
            'ls_restart_compound_perturb':       46                 44         0    86'847          2'702     42'022            943     13'215'351
                       'ls_restart_decay':       66                 54       802   101'673              0          0          6'374     17'393'930
              'ls_restart_decay_compound':       65                 50         0   137'719          6'945     65'320          1'289     21'088'367
      'ls_restart_decay_compound_perturb':       53                 46         0    95'024          4'075     45'423            943     15'307'432
               'ls_restart_decay_perturb':       49                 48       498    76'228              0          0          5'009     13'164'389
                     'ls_restart_perturb':       54                 45       565    56'122              0          0         33'113     15'597'589

Solutions (61)                              Num     Rank
                                  'fixed':    1    [2,2]
                          'graph_arc_lns':    3  [22,35]
                          'graph_dec_lns':    3  [10,26]
                     'lb_relax_lns_int_h':    1  [30,30]
                    'ls_compound_perturb':    1    [9,9]
        'ls_lin_restart_compound_perturb':    1  [43,43]
                   'ls_lin_restart_decay':    1  [39,39]
          'ls_lin_restart_decay_compound':    2  [27,28]
  'ls_lin_restart_decay_compound_perturb':    3  [16,42]
                 'ls_lin_restart_perturb':    1  [57,57]
                    'ls_restart_compound':    8   [8,53]
            'ls_restart_compound_perturb':    5   [5,33]
                       'ls_restart_decay':    3   [4,59]
              'ls_restart_decay_compound':    2  [21,37]
      'ls_restart_decay_compound_perturb':    3  [15,41]
               'ls_restart_decay_perturb':    4  [38,55]
                     'ls_restart_perturb':    2  [40,60]
                                  'no_lp':    1    [1,1]
              'objective_lb_search_no_lp':    1    [3,3]
                          'quick_restart':    7  [13,50]
                    'quick_restart_no_lp':    4  [25,48]
                          'reduced_costs':    1  [61,61]
                            'rnd_cst_lns':    2   [6,58]
                            'rnd_var_lns':    1    [7,7]

Objective bounds                 Num
                   'bool_core':   32
              'initial_domain':    1
              'lb_tree_search':    2
                      'max_lp':    4
         'objective_lb_search':    2
  'objective_lb_search_max_lp':   14
   'objective_lb_search_no_lp':    1

Solution repositories    Added  Queried  Synchro
  'feasible solutions':    278      853      190
   'fj solution hints':      0        0        0
        'lp solutions':     64        5       61
                'pump':    160        3

Improving bounds shared            Num  Sym
                  'default_lp':      2    0
                       'fixed':     10    0
              'lb_tree_search':  1'541    0
                      'max_lp':  3'394    0
                       'no_lp':    251    0
         'objective_lb_search':    444    0
  'objective_lb_search_max_lp':  1'096    0
   'objective_lb_search_no_lp':    227    0
                     'probing':     44    0
              'probing_max_lp':    222    0
               'probing_no_lp':    441    0
                'pseudo_costs':    221    0
               'quick_restart':    712    0
         'quick_restart_no_lp':     63    0
               'reduced_costs':    232    0

CpSolverResponse summary:
status: OPTIMAL
objective: 3303
best_bound: 3303
integers: 227
booleans: 0
conflicts: 0
branches: 0
propagations: 0
integer_propagations: 0
restarts: 0
lp_iterations: 0
walltime: 1.07445
usertime: 1.07445
deterministic_time: 69.9436
gap_integral: 349.219
solution_fingerprint: 0x87622f7ac52118b2

