
Starting CP-SAT solver v9.14.6206
Parameters: max_time_in_seconds: 300 log_search_progress: true num_search_workers: 104 relative_gap_limit: 0.005

Initial optimization model '': (model_fingerprint: 0xd3dfeef9e9f972ea)
#Variables: 441 (#ints: 67 in objective) (374 primary variables)
  - 67 in [0,36041]
  - 34 in [23040,36041]
  - 340 in [24480,36041]
#kInterval: 192 (#fixed: 5)
#kLinMax: 67 (#expressions: 134)
#kLinear1: 25
#kLinear2: 162
#kNoOverlap: 10 (#intervals: 192, #fixed_intervals: 5)

Starting presolve at 0.00s
  7.68e-05s  0.00e+00d  [DetectDominanceRelations] 
  1.77e-03s  0.00e+00d  [PresolveToFixPoint] #num_loops=10 #num_dual_strengthening=1 
  2.81e-06s  0.00e+00d  [ExtractEncodingFromLinear] 
  1.35e-05s  0.00e+00d  [DetectDuplicateColumns] 
  6.32e-05s  0.00e+00d  [DetectDuplicateConstraints] 
[Symmetry] Graph for symmetry has 1'051 nodes and 1'001 arcs.
[Symmetry] Symmetry computation done. time: 8.7037e-05 dtime: 0.00010774
  5.77e-05s  0.00e+00d  [DetectDuplicateConstraintsWithDifferentEnforcements] 
  5.47e-04s  2.76e-06d  [Probe] #new_bounds=6 
  3.22e-06s  0.00e+00d  [MaxClique] 
  6.33e-05s  0.00e+00d  [DetectDominanceRelations] 
  4.58e-04s  0.00e+00d  [PresolveToFixPoint] #num_loops=3 #num_dual_strengthening=2 
  2.71e-05s  0.00e+00d  [ProcessAtMostOneAndLinear] 
  5.47e-05s  0.00e+00d  [DetectDuplicateConstraints] 
  5.48e-05s  0.00e+00d  [DetectDuplicateConstraintsWithDifferentEnforcements] 
  2.69e-05s  1.24e-06d  [DetectDominatedLinearConstraints] #relevant_constraints=206 
  3.07e-05s  0.00e+00d  [DetectDifferentVariables] 
  2.31e-06s  0.00e+00d  [ProcessSetPPC] 
  2.55e-06s  0.00e+00d  [FindAlmostIdenticalLinearConstraints] 
  9.65e-06s  0.00e+00d  [FindBigAtMostOneAndLinearOverlap] 
  1.66e-05s  7.47e-06d  [FindBigVerticalLinearOverlap] 
  1.95e-06s  0.00e+00d  [FindBigHorizontalLinearOverlap] 
  1.97e-06s  0.00e+00d  [MergeClauses] 
  5.77e-05s  0.00e+00d  [DetectDominanceRelations] 
  3.20e-04s  0.00e+00d  [PresolveToFixPoint] #num_loops=1 #num_dual_strengthening=1 
  5.58e-05s  0.00e+00d  [DetectDominanceRelations] 
  3.20e-04s  0.00e+00d  [PresolveToFixPoint] #num_loops=1 #num_dual_strengthening=1 
  9.93e-06s  0.00e+00d  [DetectDuplicateColumns] 
  5.05e-05s  0.00e+00d  [DetectDuplicateConstraints] 
[Symmetry] Graph for symmetry has 1'046 nodes and 998 arcs.
[Symmetry] Symmetry computation done. time: 7.3032e-05 dtime: 0.00010738
  5.55e-05s  0.00e+00d  [DetectDuplicateConstraintsWithDifferentEnforcements] 
  3.93e-04s  2.02e-06d  [Probe] 
  1.80e-06s  0.00e+00d  [MaxClique] 
  6.06e-05s  0.00e+00d  [DetectDominanceRelations] 
  3.60e-04s  0.00e+00d  [PresolveToFixPoint] #num_loops=1 #num_dual_strengthening=1 
  2.69e-05s  0.00e+00d  [ProcessAtMostOneAndLinear] 
  5.32e-05s  0.00e+00d  [DetectDuplicateConstraints] 
  5.28e-05s  0.00e+00d  [DetectDuplicateConstraintsWithDifferentEnforcements] 
  2.38e-05s  1.24e-06d  [DetectDominatedLinearConstraints] #relevant_constraints=206 
  2.62e-05s  0.00e+00d  [DetectDifferentVariables] 
  1.96e-06s  0.00e+00d  [ProcessSetPPC] 
  2.12e-06s  0.00e+00d  [FindAlmostIdenticalLinearConstraints] 
  9.86e-06s  0.00e+00d  [FindBigAtMostOneAndLinearOverlap] 
  1.64e-05s  7.47e-06d  [FindBigVerticalLinearOverlap] 
  1.81e-06s  0.00e+00d  [FindBigHorizontalLinearOverlap] 
  1.33e-06s  0.00e+00d  [MergeClauses] 
  5.84e-05s  0.00e+00d  [DetectDominanceRelations] 
  3.23e-04s  0.00e+00d  [PresolveToFixPoint] #num_loops=1 #num_dual_strengthening=1 
  1.58e-05s  0.00e+00d  [ExpandObjective] 

Presolve summary:
  - 202 affine relations were detected.
  - rule 'TODO dual: only one blocking constraint?' was applied 504 times.
  - rule 'TODO dual: only one unspecified blocking constraint?' was applied 308 times.
  - rule 'affine: new relation' was applied 202 times.
  - rule 'dual: reduced domain' was applied 2 times.
  - rule 'intervals: removed unused interval' was applied 5 times.
  - rule 'lin_max: converted abs to equality' was applied 12 times.
  - rule 'lin_max: converted to equality' was applied 6 times.
  - rule 'lin_max: propagate domain from x to abs(x)' was applied 17 times.
  - rule 'lin_max: removed exprs' was applied 6 times.
  - rule 'lin_max: rewrite with precedences' was applied 44 times.
  - rule 'lin_max: target domain reduced' was applied 50 times.
  - rule 'linear1: x in domain' was applied 18 times.
  - rule 'linear: always true' was applied 54 times.
  - rule 'linear: fixed or dup variables' was applied 3 times.
  - rule 'linear: reduced variable domains' was applied 970 times.
  - rule 'linear: remapped using affine relations' was applied 423 times.
  - rule 'no_overlap: split into disjoint components' was applied 5 times.
  - rule 'objective: variable not used elsewhere' was applied 3 times.
  - rule 'presolve: 3 unused variables removed.' was applied 1 time.
  - rule 'presolve: iteration' was applied 2 times.

Presolved optimization model '': (model_fingerprint: 0x5d5c098cc2e8589e)
#Variables: 236 (#ints: 61 in objective) (187 primary variables)
  - 208 different domains in [0,36020] with a largest complexity of 1.
#kInterval: 187
#kLinMax: 5 (#expressions: 10)
#kLinear2: 206
#kNoOverlap: 10 (#intervals: 187)
[Symmetry] Graph for symmetry has 841 nodes and 998 arcs.
[Symmetry] Symmetry computation done. time: 6.1622e-05 dtime: 9.508e-05

Preloading model.
#Bound   0.01s best:inf   next:[11176,1433202] initial_domain
#Model   0.01s var:236/236 constraints:408/408

Starting search at 0.01s with 104 workers.
18 full problem subsolvers: [core, default_lp, fixed, lb_tree_search, max_lp, no_lp, objective_lb_search, objective_lb_search_max_lp, objective_lb_search_no_lp, objective_shaving_max_lp, objective_shaving_no_lp, probing, probing_max_lp, probing_no_lp, pseudo_costs, quick_restart, quick_restart_no_lp, reduced_costs]
86 first solution subsolvers: [fj(25), fj_lin(12), fs_random(12), fs_random_no_lp(13), fs_random_quick_restart(12), fs_random_quick_restart_no_lp(12)]
45 interleaved subsolvers: [feasibility_pump, graph_arc_lns, graph_cst_lns, graph_dec_lns, graph_var_lns, lb_relax_lns, ls(19), ls_lin(10), rins/rens, rnd_cst_lns, rnd_var_lns, scheduling_intervals_lns, scheduling_precedences_lns, scheduling_resource_windows_lns, scheduling_time_window_lns, variables_shaving, variables_shaving_max_lp, variables_shaving_no_lp]
3 helper subsolvers: [neighborhood_helper, synchronization_agent, update_gap_integral]

#Bound   0.01s best:inf   next:[11205,1433202] objective_lb_search
#Bound   0.01s best:inf   next:[11213,1433202] objective_lb_search
#Bound   0.02s best:inf   next:[11388,1433202] objective_lb_search
#1       0.02s best:27740 next:[11388,27739] no_lp
#2       0.02s best:27324 next:[11388,27323] default_lp
#3       0.02s best:27322 next:[11388,27321] quick_restart
#4       0.02s best:23515 next:[11388,23514] objective_lb_search_no_lp
#5       0.02s best:23359 next:[11388,23358] ls_restart_decay(batch:1 lin{mvs:4 evals:98} gen{mvs:7 evals:54} #w_updates:2 #perturb:0)
#6       0.02s best:23352 next:[11388,23351] ls_restart_compound_perturb(batch:1 lin{mvs:0 evals:109} gen{mvs:17 evals:87} comp{mvs:9 btracks:4} #w_updates:0 #perturb:0)
#7       0.02s best:23345 next:[11388,23344] ls_restart_perturb(batch:1 lin{mvs:4 evals:183} gen{mvs:20 evals:142} #w_updates:8 #perturb:0)
#8       0.03s best:23338 next:[11388,23337] ls_lin_restart_perturb(batch:1 lin{mvs:4 evals:119} gen{mvs:10 evals:72} #w_updates:3 #perturb:0)
#9       0.03s best:23023 next:[11388,23022] ls_lin_restart_compound(batch:1 lin{mvs:0 evals:112} gen{mvs:41 evals:122} comp{mvs:5 btracks:18} #w_updates:0 #perturb:0)
#10      0.03s best:23016 next:[11388,23015] ls_lin_restart_compound(batch:1 lin{mvs:0 evals:112} gen{mvs:41 evals:122} comp{mvs:5 btracks:18} #w_updates:0 #perturb:0) [combined with: ls_lin_restart_pertu...]
#11      0.03s best:22967 next:[11388,22966] ls_lin_restart_decay(batch:1 lin{mvs:4 evals:294} gen{mvs:51 evals:312} #w_updates:18 #perturb:0) [combined with: ls_lin_restart_compo...]
#12      0.03s best:22953 next:[11388,22952] ls_restart_perturb(batch:1 lin{mvs:7 evals:125} gen{mvs:6 evals:51} #w_updates:2 #perturb:0)
#13      0.03s best:22946 next:[11388,22945] ls_restart_perturb(batch:1 lin{mvs:6 evals:113} gen{mvs:6 evals:54} #w_updates:2 #perturb:0) [combined with: ls_restart_perturb(b...]
#14      0.03s best:13755 next:[11388,13754] core
#15      0.03s best:13433 next:[11388,13432] ls_restart(batch:1 lin{mvs:5 evals:37} gen{mvs:5 evals:21} #w_updates:2 #perturb:0)
#16      0.03s best:13300 next:[11388,13299] ls_restart_decay_compound_perturb(batch:1 lin{mvs:0 evals:15} gen{mvs:6 evals:16} comp{mvs:6 btracks:0} #w_updates:0 #perturb:0)
#17      0.03s best:13216 next:[11388,13215] ls_lin_restart_perturb(batch:1 lin{mvs:2 evals:23} gen{mvs:3 evals:15} #w_updates:0 #perturb:0)
#18      0.03s best:13132 next:[11388,13131] ls_restart_decay_compound_perturb(batch:1 lin{mvs:0 evals:84} gen{mvs:36 evals:92} comp{mvs:12 btracks:12} #w_updates:0 #perturb:0) [combined with: ls_lin_restart_pertu...]
#19      0.03s best:13125 next:[11388,13124] ls_lin_restart_decay_perturb(batch:1 lin{mvs:3 evals:33} gen{mvs:8 evals:34} #w_updates:2 #perturb:0)
#20      0.03s best:12498 next:[11388,12497] ls_restart_decay_perturb(batch:1 lin{mvs:3 evals:29} gen{mvs:9 evals:37} #w_updates:1 #perturb:0)
#Bound   0.03s best:12498 next:[11389,12497] objective_lb_search
#Bound   0.03s best:12498 next:[11390,12497] objective_lb_search_no_lp
#Bound   0.03s best:12498 next:[11439,12497] objective_lb_search
#Bound   0.03s best:12498 next:[11441,12497] objective_lb_search
#Bound   0.03s best:12498 next:[11447,12497] objective_lb_search_no_lp
#Bound   0.03s best:12498 next:[11539,12497] objective_lb_search_no_lp
#Bound   0.03s best:12498 next:[11544,12497] objective_lb_search_no_lp
#Bound   0.03s best:12498 next:[11545,12497] objective_lb_search
#21      0.04s best:12497 next:[11545,12496] ls_restart_decay(batch:1 lin{mvs:4 evals:448} gen{mvs:222 evals:1'031} #w_updates:117 #perturb:0)
#Bound   0.04s best:12497 next:[11546,12496] objective_shaving_max_lp (vars=236 csts=408)
#22      0.05s best:12463 next:[11546,12462] quick_restart
#23      0.05s best:12175 next:[11546,12174] quick_restart
#Bound   0.05s best:12175 next:[11577,12174] objective_shaving_no_lp (vars=236 csts=408)
#Bound   0.05s best:12175 next:[11642,12174] objective_lb_search
#24      0.06s best:12174 next:[11642,12173] ls_restart_decay(batch:1 lin{mvs:3 evals:375} gen{mvs:214 evals:793} #w_updates:119 #perturb:0)
#25      0.07s best:12173 next:[11642,12172] ls_restart_decay_perturb(batch:1 lin{mvs:3 evals:417} gen{mvs:217 evals:833} #w_updates:121 #perturb:0)
#Bound   0.07s best:12173 next:[11645,12172] objective_shaving_no_lp (vars=236 csts=408)
#26      0.08s best:11817 next:[11645,11816] rins_pump_lns (d=5.00e-01 s=95 t=0.10 p=0.00 stall=0 h=base) [combined with: graph_var_lns (d=5.0...]
#Bound   0.08s best:11817 next:[11660,11816] objective_shaving_no_lp (vars=236 csts=408)
#Bound   0.09s best:11817 next:[11663,11816] objective_shaving_max_lp (vars=236 csts=408)
#Bound   0.09s best:11817 next:[11675,11816] max_lp
#27      0.09s best:11779 next:[11675,11778] ls_restart_decay_compound_perturb(batch:1 lin{mvs:0 evals:169} gen{mvs:194 evals:318} comp{mvs:16 btracks:89} #w_updates:4 #perturb:0)
#28      0.10s best:11778 next:[11675,11777] quick_restart
#Bound   0.10s best:11778 next:[11682,11777] objective_shaving_max_lp (vars=236 csts=408)
#29      0.10s best:11707 next:[11682,11706] ls_restart_decay(batch:1 lin{mvs:3 evals:456} gen{mvs:352 evals:879} #w_updates:100 #perturb:0)
Relative gap limit of 0.005 reached.

Task timing                                  n [     min,      max]      avg      dev     time         n [     min,      max]      avg      dev    dtime
                             'core':         1 [ 98.30ms,  98.30ms]  98.30ms   0.00ns  98.30ms         1 [  4.76ms,   4.76ms]   4.76ms   0.00ns   4.76ms
                       'default_lp':         1 [ 92.43ms,  92.43ms]  92.43ms   0.00ns  92.43ms         0 [  0.00ns,   0.00ns]   0.00ns   0.00ns   0.00ns
                 'feasibility_pump':       154 [ 59.68us,   1.52ms] 123.44us 139.95us  19.01ms       153 [ 32.86us, 371.86us]  35.08us  27.32us   5.37ms
                            'fixed':         1 [ 92.30ms,  92.30ms]  92.30ms   0.00ns  92.30ms         1 [ 16.47ms,  16.47ms]  16.47ms   0.00ns  16.47ms
                               'fj':         0 [  0.00ns,   0.00ns]   0.00ns   0.00ns   0.00ns         0 [  0.00ns,   0.00ns]   0.00ns   0.00ns   0.00ns
                               'fj':         0 [  0.00ns,   0.00ns]   0.00ns   0.00ns   0.00ns         0 [  0.00ns,   0.00ns]   0.00ns   0.00ns   0.00ns
                               'fj':         0 [  0.00ns,   0.00ns]   0.00ns   0.00ns   0.00ns         0 [  0.00ns,   0.00ns]   0.00ns   0.00ns   0.00ns
                               'fj':         0 [  0.00ns,   0.00ns]   0.00ns   0.00ns   0.00ns         0 [  0.00ns,   0.00ns]   0.00ns   0.00ns   0.00ns
                               'fj':         0 [  0.00ns,   0.00ns]   0.00ns   0.00ns   0.00ns         0 [  0.00ns,   0.00ns]   0.00ns   0.00ns   0.00ns
                               'fj':         0 [  0.00ns,   0.00ns]   0.00ns   0.00ns   0.00ns         0 [  0.00ns,   0.00ns]   0.00ns   0.00ns   0.00ns
                               'fj':         0 [  0.00ns,   0.00ns]   0.00ns   0.00ns   0.00ns         0 [  0.00ns,   0.00ns]   0.00ns   0.00ns   0.00ns
                               'fj':         0 [  0.00ns,   0.00ns]   0.00ns   0.00ns   0.00ns         0 [  0.00ns,   0.00ns]   0.00ns   0.00ns   0.00ns
                               'fj':         0 [  0.00ns,   0.00ns]   0.00ns   0.00ns   0.00ns         0 [  0.00ns,   0.00ns]   0.00ns   0.00ns   0.00ns
                               'fj':         0 [  0.00ns,   0.00ns]   0.00ns   0.00ns   0.00ns         0 [  0.00ns,   0.00ns]   0.00ns   0.00ns   0.00ns
                               'fj':         0 [  0.00ns,   0.00ns]   0.00ns   0.00ns   0.00ns         0 [  0.00ns,   0.00ns]   0.00ns   0.00ns   0.00ns
                               'fj':         0 [  0.00ns,   0.00ns]   0.00ns   0.00ns   0.00ns         0 [  0.00ns,   0.00ns]   0.00ns   0.00ns   0.00ns
                               'fj':         0 [  0.00ns,   0.00ns]   0.00ns   0.00ns   0.00ns         0 [  0.00ns,   0.00ns]   0.00ns   0.00ns   0.00ns
                               'fj':         0 [  0.00ns,   0.00ns]   0.00ns   0.00ns   0.00ns         0 [  0.00ns,   0.00ns]   0.00ns   0.00ns   0.00ns
                               'fj':         0 [  0.00ns,   0.00ns]   0.00ns   0.00ns   0.00ns         0 [  0.00ns,   0.00ns]   0.00ns   0.00ns   0.00ns
                               'fj':         0 [  0.00ns,   0.00ns]   0.00ns   0.00ns   0.00ns         0 [  0.00ns,   0.00ns]   0.00ns   0.00ns   0.00ns
                               'fj':         0 [  0.00ns,   0.00ns]   0.00ns   0.00ns   0.00ns         0 [  0.00ns,   0.00ns]   0.00ns   0.00ns   0.00ns
                               'fj':         0 [  0.00ns,   0.00ns]   0.00ns   0.00ns   0.00ns         0 [  0.00ns,   0.00ns]   0.00ns   0.00ns   0.00ns
                               'fj':         0 [  0.00ns,   0.00ns]   0.00ns   0.00ns   0.00ns         0 [  0.00ns,   0.00ns]   0.00ns   0.00ns   0.00ns
                               'fj':         0 [  0.00ns,   0.00ns]   0.00ns   0.00ns   0.00ns         0 [  0.00ns,   0.00ns]   0.00ns   0.00ns   0.00ns
                               'fj':         0 [  0.00ns,   0.00ns]   0.00ns   0.00ns   0.00ns         0 [  0.00ns,   0.00ns]   0.00ns   0.00ns   0.00ns
                               'fj':         0 [  0.00ns,   0.00ns]   0.00ns   0.00ns   0.00ns         0 [  0.00ns,   0.00ns]   0.00ns   0.00ns   0.00ns
                               'fj':         0 [  0.00ns,   0.00ns]   0.00ns   0.00ns   0.00ns         0 [  0.00ns,   0.00ns]   0.00ns   0.00ns   0.00ns
                               'fj':         0 [  0.00ns,   0.00ns]   0.00ns   0.00ns   0.00ns         0 [  0.00ns,   0.00ns]   0.00ns   0.00ns   0.00ns
                               'fj':         0 [  0.00ns,   0.00ns]   0.00ns   0.00ns   0.00ns         0 [  0.00ns,   0.00ns]   0.00ns   0.00ns   0.00ns
                           'fj_lin':         0 [  0.00ns,   0.00ns]   0.00ns   0.00ns   0.00ns         0 [  0.00ns,   0.00ns]   0.00ns   0.00ns   0.00ns
                           'fj_lin':         0 [  0.00ns,   0.00ns]   0.00ns   0.00ns   0.00ns         0 [  0.00ns,   0.00ns]   0.00ns   0.00ns   0.00ns
                           'fj_lin':         0 [  0.00ns,   0.00ns]   0.00ns   0.00ns   0.00ns         0 [  0.00ns,   0.00ns]   0.00ns   0.00ns   0.00ns
                           'fj_lin':         0 [  0.00ns,   0.00ns]   0.00ns   0.00ns   0.00ns         0 [  0.00ns,   0.00ns]   0.00ns   0.00ns   0.00ns
                           'fj_lin':         0 [  0.00ns,   0.00ns]   0.00ns   0.00ns   0.00ns         0 [  0.00ns,   0.00ns]   0.00ns   0.00ns   0.00ns
                           'fj_lin':         0 [  0.00ns,   0.00ns]   0.00ns   0.00ns   0.00ns         0 [  0.00ns,   0.00ns]   0.00ns   0.00ns   0.00ns
                           'fj_lin':         0 [  0.00ns,   0.00ns]   0.00ns   0.00ns   0.00ns         0 [  0.00ns,   0.00ns]   0.00ns   0.00ns   0.00ns
                           'fj_lin':         0 [  0.00ns,   0.00ns]   0.00ns   0.00ns   0.00ns         0 [  0.00ns,   0.00ns]   0.00ns   0.00ns   0.00ns
                           'fj_lin':         0 [  0.00ns,   0.00ns]   0.00ns   0.00ns   0.00ns         0 [  0.00ns,   0.00ns]   0.00ns   0.00ns   0.00ns
                           'fj_lin':         0 [  0.00ns,   0.00ns]   0.00ns   0.00ns   0.00ns         0 [  0.00ns,   0.00ns]   0.00ns   0.00ns   0.00ns
                           'fj_lin':         0 [  0.00ns,   0.00ns]   0.00ns   0.00ns   0.00ns         0 [  0.00ns,   0.00ns]   0.00ns   0.00ns   0.00ns
                           'fj_lin':         0 [  0.00ns,   0.00ns]   0.00ns   0.00ns   0.00ns         0 [  0.00ns,   0.00ns]   0.00ns   0.00ns   0.00ns
                        'fs_random':         0 [  0.00ns,   0.00ns]   0.00ns   0.00ns   0.00ns         0 [  0.00ns,   0.00ns]   0.00ns   0.00ns   0.00ns
                        'fs_random':         0 [  0.00ns,   0.00ns]   0.00ns   0.00ns   0.00ns         0 [  0.00ns,   0.00ns]   0.00ns   0.00ns   0.00ns
                        'fs_random':         0 [  0.00ns,   0.00ns]   0.00ns   0.00ns   0.00ns         0 [  0.00ns,   0.00ns]   0.00ns   0.00ns   0.00ns
                        'fs_random':         0 [  0.00ns,   0.00ns]   0.00ns   0.00ns   0.00ns         0 [  0.00ns,   0.00ns]   0.00ns   0.00ns   0.00ns
                        'fs_random':         0 [  0.00ns,   0.00ns]   0.00ns   0.00ns   0.00ns         0 [  0.00ns,   0.00ns]   0.00ns   0.00ns   0.00ns
                        'fs_random':         0 [  0.00ns,   0.00ns]   0.00ns   0.00ns   0.00ns         0 [  0.00ns,   0.00ns]   0.00ns   0.00ns   0.00ns
                        'fs_random':         0 [  0.00ns,   0.00ns]   0.00ns   0.00ns   0.00ns         0 [  0.00ns,   0.00ns]   0.00ns   0.00ns   0.00ns
                        'fs_random':         0 [  0.00ns,   0.00ns]   0.00ns   0.00ns   0.00ns         0 [  0.00ns,   0.00ns]   0.00ns   0.00ns   0.00ns
                        'fs_random':         0 [  0.00ns,   0.00ns]   0.00ns   0.00ns   0.00ns         0 [  0.00ns,   0.00ns]   0.00ns   0.00ns   0.00ns
                        'fs_random':         0 [  0.00ns,   0.00ns]   0.00ns   0.00ns   0.00ns         0 [  0.00ns,   0.00ns]   0.00ns   0.00ns   0.00ns
                        'fs_random':         0 [  0.00ns,   0.00ns]   0.00ns   0.00ns   0.00ns         0 [  0.00ns,   0.00ns]   0.00ns   0.00ns   0.00ns
                        'fs_random':         1 [  1.68ms,   1.68ms]   1.68ms   0.00ns   1.68ms         0 [  0.00ns,   0.00ns]   0.00ns   0.00ns   0.00ns
                  'fs_random_no_lp':         0 [  0.00ns,   0.00ns]   0.00ns   0.00ns   0.00ns         0 [  0.00ns,   0.00ns]   0.00ns   0.00ns   0.00ns
                  'fs_random_no_lp':         0 [  0.00ns,   0.00ns]   0.00ns   0.00ns   0.00ns         0 [  0.00ns,   0.00ns]   0.00ns   0.00ns   0.00ns
                  'fs_random_no_lp':         0 [  0.00ns,   0.00ns]   0.00ns   0.00ns   0.00ns         0 [  0.00ns,   0.00ns]   0.00ns   0.00ns   0.00ns
                  'fs_random_no_lp':         0 [  0.00ns,   0.00ns]   0.00ns   0.00ns   0.00ns         0 [  0.00ns,   0.00ns]   0.00ns   0.00ns   0.00ns
                  'fs_random_no_lp':         0 [  0.00ns,   0.00ns]   0.00ns   0.00ns   0.00ns         0 [  0.00ns,   0.00ns]   0.00ns   0.00ns   0.00ns
                  'fs_random_no_lp':         0 [  0.00ns,   0.00ns]   0.00ns   0.00ns   0.00ns         0 [  0.00ns,   0.00ns]   0.00ns   0.00ns   0.00ns
                  'fs_random_no_lp':         0 [  0.00ns,   0.00ns]   0.00ns   0.00ns   0.00ns         0 [  0.00ns,   0.00ns]   0.00ns   0.00ns   0.00ns
                  'fs_random_no_lp':         0 [  0.00ns,   0.00ns]   0.00ns   0.00ns   0.00ns         0 [  0.00ns,   0.00ns]   0.00ns   0.00ns   0.00ns
                  'fs_random_no_lp':         0 [  0.00ns,   0.00ns]   0.00ns   0.00ns   0.00ns         0 [  0.00ns,   0.00ns]   0.00ns   0.00ns   0.00ns
                  'fs_random_no_lp':         0 [  0.00ns,   0.00ns]   0.00ns   0.00ns   0.00ns         0 [  0.00ns,   0.00ns]   0.00ns   0.00ns   0.00ns
                  'fs_random_no_lp':         0 [  0.00ns,   0.00ns]   0.00ns   0.00ns   0.00ns         0 [  0.00ns,   0.00ns]   0.00ns   0.00ns   0.00ns
                  'fs_random_no_lp':         1 [  1.76ms,   1.76ms]   1.76ms   0.00ns   1.76ms         1 [ 62.74us,  62.74us]  62.74us   0.00ns  62.74us
                  'fs_random_no_lp':         1 [ 96.06us,  96.06us]  96.06us   0.00ns  96.06us         0 [  0.00ns,   0.00ns]   0.00ns   0.00ns   0.00ns
          'fs_random_quick_restart':         0 [  0.00ns,   0.00ns]   0.00ns   0.00ns   0.00ns         0 [  0.00ns,   0.00ns]   0.00ns   0.00ns   0.00ns
          'fs_random_quick_restart':         0 [  0.00ns,   0.00ns]   0.00ns   0.00ns   0.00ns         0 [  0.00ns,   0.00ns]   0.00ns   0.00ns   0.00ns
          'fs_random_quick_restart':         0 [  0.00ns,   0.00ns]   0.00ns   0.00ns   0.00ns         0 [  0.00ns,   0.00ns]   0.00ns   0.00ns   0.00ns
          'fs_random_quick_restart':         0 [  0.00ns,   0.00ns]   0.00ns   0.00ns   0.00ns         0 [  0.00ns,   0.00ns]   0.00ns   0.00ns   0.00ns
          'fs_random_quick_restart':         0 [  0.00ns,   0.00ns]   0.00ns   0.00ns   0.00ns         0 [  0.00ns,   0.00ns]   0.00ns   0.00ns   0.00ns
          'fs_random_quick_restart':         0 [  0.00ns,   0.00ns]   0.00ns   0.00ns   0.00ns         0 [  0.00ns,   0.00ns]   0.00ns   0.00ns   0.00ns
          'fs_random_quick_restart':         0 [  0.00ns,   0.00ns]   0.00ns   0.00ns   0.00ns         0 [  0.00ns,   0.00ns]   0.00ns   0.00ns   0.00ns
          'fs_random_quick_restart':         0 [  0.00ns,   0.00ns]   0.00ns   0.00ns   0.00ns         0 [  0.00ns,   0.00ns]   0.00ns   0.00ns   0.00ns
          'fs_random_quick_restart':         0 [  0.00ns,   0.00ns]   0.00ns   0.00ns   0.00ns         0 [  0.00ns,   0.00ns]   0.00ns   0.00ns   0.00ns
          'fs_random_quick_restart':         0 [  0.00ns,   0.00ns]   0.00ns   0.00ns   0.00ns         0 [  0.00ns,   0.00ns]   0.00ns   0.00ns   0.00ns
          'fs_random_quick_restart':         0 [  0.00ns,   0.00ns]   0.00ns   0.00ns   0.00ns         0 [  0.00ns,   0.00ns]   0.00ns   0.00ns   0.00ns
          'fs_random_quick_restart':         1 [  2.41ms,   2.41ms]   2.41ms   0.00ns   2.41ms         0 [  0.00ns,   0.00ns]   0.00ns   0.00ns   0.00ns
    'fs_random_quick_restart_no_lp':         0 [  0.00ns,   0.00ns]   0.00ns   0.00ns   0.00ns         0 [  0.00ns,   0.00ns]   0.00ns   0.00ns   0.00ns
    'fs_random_quick_restart_no_lp':         0 [  0.00ns,   0.00ns]   0.00ns   0.00ns   0.00ns         0 [  0.00ns,   0.00ns]   0.00ns   0.00ns   0.00ns
    'fs_random_quick_restart_no_lp':         0 [  0.00ns,   0.00ns]   0.00ns   0.00ns   0.00ns         0 [  0.00ns,   0.00ns]   0.00ns   0.00ns   0.00ns
    'fs_random_quick_restart_no_lp':         0 [  0.00ns,   0.00ns]   0.00ns   0.00ns   0.00ns         0 [  0.00ns,   0.00ns]   0.00ns   0.00ns   0.00ns
    'fs_random_quick_restart_no_lp':         0 [  0.00ns,   0.00ns]   0.00ns   0.00ns   0.00ns         0 [  0.00ns,   0.00ns]   0.00ns   0.00ns   0.00ns
    'fs_random_quick_restart_no_lp':         0 [  0.00ns,   0.00ns]   0.00ns   0.00ns   0.00ns         0 [  0.00ns,   0.00ns]   0.00ns   0.00ns   0.00ns
    'fs_random_quick_restart_no_lp':         0 [  0.00ns,   0.00ns]   0.00ns   0.00ns   0.00ns         0 [  0.00ns,   0.00ns]   0.00ns   0.00ns   0.00ns
    'fs_random_quick_restart_no_lp':         0 [  0.00ns,   0.00ns]   0.00ns   0.00ns   0.00ns         0 [  0.00ns,   0.00ns]   0.00ns   0.00ns   0.00ns
    'fs_random_quick_restart_no_lp':         0 [  0.00ns,   0.00ns]   0.00ns   0.00ns   0.00ns         0 [  0.00ns,   0.00ns]   0.00ns   0.00ns   0.00ns
    'fs_random_quick_restart_no_lp':         0 [  0.00ns,   0.00ns]   0.00ns   0.00ns   0.00ns         0 [  0.00ns,   0.00ns]   0.00ns   0.00ns   0.00ns
    'fs_random_quick_restart_no_lp':         0 [  0.00ns,   0.00ns]   0.00ns   0.00ns   0.00ns         0 [  0.00ns,   0.00ns]   0.00ns   0.00ns   0.00ns
    'fs_random_quick_restart_no_lp':         1 [  1.49ms,   1.49ms]   1.49ms   0.00ns   1.49ms         1 [ 73.03us,  73.03us]  73.03us   0.00ns  73.03us
                    'graph_arc_lns':         9 [  6.64ms,  38.08ms]  18.14ms  10.59ms 163.25ms         9 [267.63us,   3.95ms]   1.00ms   1.14ms   9.01ms
                    'graph_cst_lns':         9 [  6.22ms,  41.75ms]  19.59ms  13.56ms 176.34ms         9 [182.47us,   3.56ms]   1.35ms   1.29ms  12.11ms
                    'graph_dec_lns':         8 [  2.43ms,  84.02ms]  25.35ms  24.94ms 202.79ms         8 [ 41.91us,   4.31ms]   1.08ms   1.35ms   8.67ms
                    'graph_var_lns':         9 [  4.32ms,  91.37ms]  27.53ms  30.19ms 247.78ms         9 [ 17.60us,   6.99ms]   1.49ms   2.28ms  13.43ms
                     'lb_relax_lns':         4 [ 39.84ms,  92.82ms]  61.62ms  21.96ms 246.49ms         2 [  4.63ms,  11.59ms]   8.11ms   3.48ms  16.22ms
                   'lb_tree_search':         1 [101.01ms, 101.01ms] 101.01ms   0.00ns 101.01ms         0 [  0.00ns,   0.00ns]   0.00ns   0.00ns   0.00ns
                               'ls':         4 [ 90.97us,  49.21ms]  14.49ms  20.28ms  57.95ms         3 [314.05us,  71.79ms]  28.36ms  31.14ms  85.09ms
                               'ls':         4 [215.73us,  49.96ms]  15.25ms  20.21ms  61.00ms         4 [135.56us,  76.91ms]  24.17ms  30.77ms  96.68ms
                               'ls':         4 [217.77us,  47.62ms]  18.66ms  19.72ms  74.64ms         3 [ 77.66us, 100.04ms]  47.20ms  41.01ms 141.61ms
                               'ls':         4 [275.45us,  49.29ms]  13.91ms  20.53ms  55.63ms         4 [151.52us,  83.12ms]  23.73ms  34.57ms  94.93ms
                               'ls':         4 [289.20us,  46.65ms]  13.29ms  19.37ms  53.15ms         3 [192.86us,  81.42ms]  30.62ms  36.16ms  91.85ms
                               'ls':         4 [350.62us,  50.59ms]  15.35ms  20.54ms  61.41ms         4 [515.88us,  71.59ms]  22.36ms  28.80ms  89.43ms
                               'ls':         4 [387.41us,  56.82ms]  15.33ms  23.98ms  61.31ms         4 [626.14us,  74.09ms]  19.78ms  31.37ms  79.13ms
                               'ls':         4 [438.46us,  59.70ms]  19.36ms  24.16ms  77.44ms         4 [715.33us, 100.03ms]  37.98ms  41.13ms 151.91ms
                               'ls':         4 [503.05us,  60.46ms]  20.45ms  24.19ms  81.81ms         4 [582.44us, 100.01ms]  31.18ms  40.63ms 124.73ms
                               'ls':         4 [538.00us,  40.11ms]  18.17ms  17.80ms  72.70ms         4 [466.10us, 100.02ms]  38.63ms  41.49ms 154.54ms
                               'ls':         5 [  1.51ms,  34.52ms]  15.92ms  12.61ms  79.60ms         5 [958.00us, 100.04ms]  44.68ms  45.39ms 223.41ms
                               'ls':         5 [215.39us,  61.10ms]  15.46ms  23.32ms  77.32ms         4 [245.46us, 100.01ms]  29.69ms  41.06ms 118.74ms
                               'ls':         5 [261.60us,  43.76ms]   9.87ms  16.99ms  49.33ms         4 [123.36us,  72.95ms]  20.09ms  30.59ms  80.34ms
                               'ls':         5 [301.26us,  51.55ms]  13.96ms  19.11ms  69.79ms         5 [311.58us, 100.01ms]  24.06ms  38.10ms 120.31ms
                               'ls':         5 [314.74us,  41.55ms]  12.15ms  15.35ms  60.75ms         5 [158.24us, 100.02ms]  24.54ms  38.02ms 122.70ms
                               'ls':         5 [399.82us,  33.22ms]  12.78ms  12.69ms  63.91ms         5 [509.35us, 100.01ms]  27.17ms  37.19ms 135.86ms
                               'ls':         5 [443.96us,  46.38ms]  13.10ms  17.31ms  65.52ms         5 [456.99us, 100.02ms]  23.60ms  38.34ms 117.98ms
                               'ls':         5 [496.41us,  54.39ms]  12.36ms  21.05ms  61.78ms         5 [322.28us, 100.05ms]  23.12ms  38.56ms 115.61ms
                               'ls':         6 [109.81us,  37.60ms]   8.23ms  13.29ms  49.39ms         5 [327.91us,  66.57ms]  17.38ms  24.84ms  86.88ms
                           'ls_lin':         4 [103.67us,  39.52ms]  19.77ms  19.35ms  79.09ms         3 [447.33us, 100.00ms]  51.26ms  40.67ms 153.78ms
                           'ls_lin':         4 [195.48us,  41.96ms]  19.37ms  18.93ms  77.48ms         4 [102.77us,  98.93ms]  35.57ms  40.39ms 142.29ms
                           'ls_lin':         4 [219.49us,  64.33ms]  19.85ms  26.29ms  79.38ms         3 [ 92.23us, 100.02ms]  36.26ms  45.22ms 108.77ms
                           'ls_lin':         4 [252.45us,  44.00ms]  12.23ms  18.39ms  48.93ms         3 [177.88us,  71.76ms]  26.37ms  32.23ms  79.10ms
                           'ls_lin':         4 [292.25us,  55.20ms]  19.27ms  22.30ms  77.08ms         4 [266.23us, 100.03ms]  37.81ms  41.35ms 151.24ms
                           'ls_lin':         4 [302.78us,  47.37ms]  19.57ms  20.07ms  78.28ms         3 [267.49us, 100.01ms]  56.80ms  41.79ms 170.39ms
                           'ls_lin':         4 [477.48us,  48.25ms]  19.45ms  18.75ms  77.81ms         3 [  9.00ms, 100.02ms]  47.26ms  38.55ms 141.77ms
                           'ls_lin':         4 [784.78us,  45.06ms]  20.10ms  19.44ms  80.41ms         4 [  1.17ms, 100.02ms]  41.80ms  42.23ms 167.20ms
                           'ls_lin':         4 [863.46us,  46.77ms]  19.59ms  19.35ms  78.37ms         4 [717.00us, 100.01ms]  41.38ms  41.71ms 165.54ms
                           'ls_lin':         5 [615.27us,  59.71ms]  15.55ms  22.56ms  77.74ms         5 [579.54us, 100.03ms]  24.15ms  38.36ms 120.76ms
                           'max_lp':         1 [ 94.85ms,  94.85ms]  94.85ms   0.00ns  94.85ms         1 [  5.41ms,   5.41ms]   5.41ms   0.00ns   5.41ms
                            'no_lp':         1 [ 94.14ms,  94.14ms]  94.14ms   0.00ns  94.14ms         1 [ 10.68ms,  10.68ms]  10.68ms   0.00ns  10.68ms
              'objective_lb_search':         1 [ 90.88ms,  90.88ms]  90.88ms   0.00ns  90.88ms         1 [  8.94ms,   8.94ms]   8.94ms   0.00ns   8.94ms
       'objective_lb_search_max_lp':         1 [ 92.81ms,  92.81ms]  92.81ms   0.00ns  92.81ms         1 [ 53.52us,  53.52us]  53.52us   0.00ns  53.52us
        'objective_lb_search_no_lp':         1 [ 90.31ms,  90.31ms]  90.31ms   0.00ns  90.31ms         0 [  0.00ns,   0.00ns]   0.00ns   0.00ns   0.00ns
         'objective_shaving_max_lp':        10 [909.88us,  14.08ms]   7.85ms   3.57ms  78.47ms         8 [  1.84us, 174.89us] 100.62us  49.02us 804.96us
          'objective_shaving_no_lp':         9 [814.23us,  13.52ms]   7.62ms   3.76ms  68.56ms         8 [ 28.16us, 136.11us]  81.83us  45.72us 654.60us
                          'probing':         1 [101.58ms, 101.58ms] 101.58ms   0.00ns 101.58ms         0 [  0.00ns,   0.00ns]   0.00ns   0.00ns   0.00ns
                   'probing_max_lp':         1 [100.99ms, 100.99ms] 100.99ms   0.00ns 100.99ms         0 [  0.00ns,   0.00ns]   0.00ns   0.00ns   0.00ns
                    'probing_no_lp':         1 [ 93.13ms,  93.13ms]  93.13ms   0.00ns  93.13ms         0 [  0.00ns,   0.00ns]   0.00ns   0.00ns   0.00ns
                     'pseudo_costs':         1 [ 99.27ms,  99.27ms]  99.27ms   0.00ns  99.27ms         1 [  9.05ms,   9.05ms]   9.05ms   0.00ns   9.05ms
                    'quick_restart':         1 [ 93.78ms,  93.78ms]  93.78ms   0.00ns  93.78ms         1 [ 16.22ms,  16.22ms]  16.22ms   0.00ns  16.22ms
              'quick_restart_no_lp':         1 [ 97.69ms,  97.69ms]  97.69ms   0.00ns  97.69ms         1 [  8.62ms,   8.62ms]   8.62ms   0.00ns   8.62ms
                    'reduced_costs':         1 [101.66ms, 101.66ms] 101.66ms   0.00ns 101.66ms         0 [  0.00ns,   0.00ns]   0.00ns   0.00ns   0.00ns
                        'rins/rens':         9 [ 64.78us,  53.47ms]  26.68ms  20.61ms 240.11ms         6 [581.64us,   3.24ms]   2.00ms   1.03ms  12.02ms
                      'rnd_cst_lns':         9 [  6.38ms,  63.31ms]  22.49ms  17.19ms 202.44ms         9 [196.93us,   4.28ms]   1.20ms   1.53ms  10.80ms
                      'rnd_var_lns':         9 [  3.61ms,  84.00ms]  23.59ms  23.44ms 212.28ms         9 [ 78.52us,   6.38ms]   1.03ms   1.93ms   9.23ms
         'scheduling_intervals_lns':         4 [ 40.28ms,  93.28ms]  62.45ms  22.28ms 249.80ms         4 [494.05us,   3.21ms]   1.76ms   1.04ms   7.04ms
       'scheduling_precedences_lns':         4 [ 37.85ms,  93.58ms]  59.71ms  22.61ms 238.82ms         4 [486.99us,   3.71ms]   1.68ms   1.33ms   6.74ms
  'scheduling_resource_windows_lns':         4 [ 36.81ms,  92.41ms]  60.26ms  24.02ms 241.02ms         4 [  1.02ms,   8.75ms]   5.10ms   2.74ms  20.39ms
       'scheduling_time_window_lns':         4 [ 40.18ms,  92.50ms]  62.20ms  21.92ms 248.79ms         4 [557.23us,   7.04ms]   2.78ms   2.56ms  11.12ms
                'variables_shaving':        13 [  6.78ms,  27.84ms]  13.13ms   6.20ms 170.74ms        13 [134.62us,   2.09ms] 390.82us 493.08us   5.08ms
         'variables_shaving_max_lp':         6 [ 33.14ms,  60.83ms]  43.31ms   8.96ms 259.86ms         6 [133.96us,   9.23ms]   3.91ms   3.88ms  23.46ms
          'variables_shaving_no_lp':        18 [  5.26ms,  22.84ms]   9.22ms   3.97ms 166.04ms        17 [  6.46us, 613.21us] 264.63us 145.28us   4.50ms

Search stats                        Bools  Conflicts  Branches  Restarts  BoolPropag  IntegerPropag
                           'core':    387         55     2'852       927       2'352         29'299
                     'default_lp':    398        125     1'462       460       6'521        133'865
                          'fixed':  1'234        233     3'306       475      16'333        111'172
                      'fs_random':      0          0         0         0           0              0
                      'fs_random':      0          0         0         0           0              0
                      'fs_random':      0          0         0         0           0              0
                      'fs_random':      0          0         0         0           0              0
                      'fs_random':      0          0         0         0           0              0
                      'fs_random':      0          0         0         0           0              0
                      'fs_random':      0          0         0         0           0              0
                      'fs_random':      0          0         0         0           0              0
                      'fs_random':      0          0         0         0           0              0
                      'fs_random':      0          0         0         0           0              0
                      'fs_random':      0          0         0         0           0              0
                      'fs_random':      0          0         0         0           0              0
                'fs_random_no_lp':      0          0         0         0           0              0
                'fs_random_no_lp':      0          0         0         0           0              0
                'fs_random_no_lp':      0          0         0         0           0              0
                'fs_random_no_lp':      0          0         0         0           0              0
                'fs_random_no_lp':      0          0         0         0           0              0
                'fs_random_no_lp':      0          0         0         0           0              0
                'fs_random_no_lp':      0          0         0         0           0              0
                'fs_random_no_lp':      0          0         0         0           0              0
                'fs_random_no_lp':      0          0         0         0           0              0
                'fs_random_no_lp':      0          0         0         0           0              0
                'fs_random_no_lp':      0          0         0         0           0              0
                'fs_random_no_lp':      0          0         0         0           0              0
                'fs_random_no_lp':     26          0        26         0           0            424
        'fs_random_quick_restart':      0          0         0         0           0              0
        'fs_random_quick_restart':      0          0         0         0           0              0
        'fs_random_quick_restart':      0          0         0         0           0              0
        'fs_random_quick_restart':      0          0         0         0           0              0
        'fs_random_quick_restart':      0          0         0         0           0              0
        'fs_random_quick_restart':      0          0         0         0           0              0
        'fs_random_quick_restart':      0          0         0         0           0              0
        'fs_random_quick_restart':      0          0         0         0           0              0
        'fs_random_quick_restart':      0          0         0         0           0              0
        'fs_random_quick_restart':      0          0         0         0           0              0
        'fs_random_quick_restart':      0          0         0         0           0              0
        'fs_random_quick_restart':      0          0         0         0           0              0
  'fs_random_quick_restart_no_lp':      0          0         0         0           0              0
  'fs_random_quick_restart_no_lp':      0          0         0         0           0              0
  'fs_random_quick_restart_no_lp':      0          0         0         0           0              0
  'fs_random_quick_restart_no_lp':      0          0         0         0           0              0
  'fs_random_quick_restart_no_lp':      0          0         0         0           0              0
  'fs_random_quick_restart_no_lp':      0          0         0         0           0              0
  'fs_random_quick_restart_no_lp':      0          0         0         0           0              0
  'fs_random_quick_restart_no_lp':      0          0         0         0           0              0
  'fs_random_quick_restart_no_lp':      0          0         0         0           0              0
  'fs_random_quick_restart_no_lp':      0          0         0         0           0              0
  'fs_random_quick_restart_no_lp':      0          0         0         0           0              0
  'fs_random_quick_restart_no_lp':     32          0        32         0           0            490
                 'lb_tree_search':  1'668          0     2'698     2'698           0         18'524
                         'max_lp':     12          5        62        37          10          5'950
                          'no_lp':    286        126     1'399       453       2'159         81'433
            'objective_lb_search':    417        154     1'481       470       6'526         62'847
     'objective_lb_search_max_lp':  1'668          0     3'336     3'336           0         22'531
      'objective_lb_search_no_lp':    295        174     2'479       355       3'764         67'272
                        'probing':  1'668          0     2'630     2'630           0         18'008
                 'probing_max_lp':  1'668          0     2'700     2'700           0         18'535
                  'probing_no_lp':  1'668          0     2'698     2'698           0         18'524
                   'pseudo_costs':     15          4        39        17          12          6'060
                  'quick_restart':    606         56     3'260       834       5'073        121'667
            'quick_restart_no_lp':    800         57     2'470       498       5'753         61'494
                  'reduced_costs':  1'668          0     2'670     2'670           0         18'320

SAT stats                           ClassicMinim  LitRemoved  LitLearned  LitForgotten  Subsumed  MClauses  MDecisions  MLitTrue  MSubsumed  MLitRemoved  MReused
                           'core':             0           0           0             0         0         0           0         0          0            0        0
                     'default_lp':            77         138       2'166             0         1         0           0         0          0            0        0
                          'fixed':           115         315       4'889             0         0         0           0         0          0            0        0
                      'fs_random':             0           0           0             0         0         0           0         0          0            0        0
                      'fs_random':             0           0           0             0         0         0           0         0          0            0        0
                      'fs_random':             0           0           0             0         0         0           0         0          0            0        0
                      'fs_random':             0           0           0             0         0         0           0         0          0            0        0
                      'fs_random':             0           0           0             0         0         0           0         0          0            0        0
                      'fs_random':             0           0           0             0         0         0           0         0          0            0        0
                      'fs_random':             0           0           0             0         0         0           0         0          0            0        0
                      'fs_random':             0           0           0             0         0         0           0         0          0            0        0
                      'fs_random':             0           0           0             0         0         0           0         0          0            0        0
                      'fs_random':             0           0           0             0         0         0           0         0          0            0        0
                      'fs_random':             0           0           0             0         0         0           0         0          0            0        0
                      'fs_random':             0           0           0             0         0         0           0         0          0            0        0
                'fs_random_no_lp':             0           0           0             0         0         0           0         0          0            0        0
                'fs_random_no_lp':             0           0           0             0         0         0           0         0          0            0        0
                'fs_random_no_lp':             0           0           0             0         0         0           0         0          0            0        0
                'fs_random_no_lp':             0           0           0             0         0         0           0         0          0            0        0
                'fs_random_no_lp':             0           0           0             0         0         0           0         0          0            0        0
                'fs_random_no_lp':             0           0           0             0         0         0           0         0          0            0        0
                'fs_random_no_lp':             0           0           0             0         0         0           0         0          0            0        0
                'fs_random_no_lp':             0           0           0             0         0         0           0         0          0            0        0
                'fs_random_no_lp':             0           0           0             0         0         0           0         0          0            0        0
                'fs_random_no_lp':             0           0           0             0         0         0           0         0          0            0        0
                'fs_random_no_lp':             0           0           0             0         0         0           0         0          0            0        0
                'fs_random_no_lp':             0           0           0             0         0         0           0         0          0            0        0
                'fs_random_no_lp':             0           0           0             0         0         0           0         0          0            0        0
        'fs_random_quick_restart':             0           0           0             0         0         0           0         0          0            0        0
        'fs_random_quick_restart':             0           0           0             0         0         0           0         0          0            0        0
        'fs_random_quick_restart':             0           0           0             0         0         0           0         0          0            0        0
        'fs_random_quick_restart':             0           0           0             0         0         0           0         0          0            0        0
        'fs_random_quick_restart':             0           0           0             0         0         0           0         0          0            0        0
        'fs_random_quick_restart':             0           0           0             0         0         0           0         0          0            0        0
        'fs_random_quick_restart':             0           0           0             0         0         0           0         0          0            0        0
        'fs_random_quick_restart':             0           0           0             0         0         0           0         0          0            0        0
        'fs_random_quick_restart':             0           0           0             0         0         0           0         0          0            0        0
        'fs_random_quick_restart':             0           0           0             0         0         0           0         0          0            0        0
        'fs_random_quick_restart':             0           0           0             0         0         0           0         0          0            0        0
        'fs_random_quick_restart':             0           0           0             0         0         0           0         0          0            0        0
  'fs_random_quick_restart_no_lp':             0           0           0             0         0         0           0         0          0            0        0
  'fs_random_quick_restart_no_lp':             0           0           0             0         0         0           0         0          0            0        0
  'fs_random_quick_restart_no_lp':             0           0           0             0         0         0           0         0          0            0        0
  'fs_random_quick_restart_no_lp':             0           0           0             0         0         0           0         0          0            0        0
  'fs_random_quick_restart_no_lp':             0           0           0             0         0         0           0         0          0            0        0
  'fs_random_quick_restart_no_lp':             0           0           0             0         0         0           0         0          0            0        0
  'fs_random_quick_restart_no_lp':             0           0           0             0         0         0           0         0          0            0        0
  'fs_random_quick_restart_no_lp':             0           0           0             0         0         0           0         0          0            0        0
  'fs_random_quick_restart_no_lp':             0           0           0             0         0         0           0         0          0            0        0
  'fs_random_quick_restart_no_lp':             0           0           0             0         0         0           0         0          0            0        0
  'fs_random_quick_restart_no_lp':             0           0           0             0         0         0           0         0          0            0        0
  'fs_random_quick_restart_no_lp':             0           0           0             0         0         0           0         0          0            0        0
                 'lb_tree_search':             0           0           0             0         0         0           0         0          0            0        0
                         'max_lp':             0           0           5             0         0         0           0         0          0            0        0
                          'no_lp':            89         139       3'554             0         1         0           0         0          0            0        0
            'objective_lb_search':           116         180       1'378             0         0         0           0         0          0            0        0
     'objective_lb_search_max_lp':             0           0           0             0         0         0           0         0          0            0        0
      'objective_lb_search_no_lp':           122         492       5'357             0         0         0           0         0          0            0        0
                        'probing':             0           0           0             0         0         0           0         0          0            0        0
                 'probing_max_lp':             0           0           0             0         0         0           0         0          0            0        0
                  'probing_no_lp':             0           0           0             0         0         0           0         0          0            0        0
                   'pseudo_costs':             0           0           4             0         0         0           0         0          0            0        0
                  'quick_restart':            34         132       1'042             0         1         0           0         0          0            0        0
            'quick_restart_no_lp':            18          66         785             0         1         0           0         0          0            0        0
                  'reduced_costs':             0           0           0             0         0         0           0         0          0            0        0

Lp stats                         Component  Iterations  AddedCuts  OPTIMAL  DUAL_F.  DUAL_U.
                  'default_lp':         23         161          0    2'792        0        0
                       'fixed':         23          50          0    4'776        0        0
                   'fs_random':         23           4          0        9        0        0
     'fs_random_quick_restart':         23          22          0       45        0        0
              'lb_tree_search':          1           0          0        0        0        0
                      'max_lp':          1         310        278       20        2        0
         'objective_lb_search':         23          47          0    2'720        0        0
  'objective_lb_search_max_lp':          1          49        206        5        0        0
                     'probing':         23           0          0        0        0        0
              'probing_max_lp':          1           0          0        0        0        0
                'pseudo_costs':          1         423        574       32        5        0
               'quick_restart':         23         112          0    3'307        0        0
               'reduced_costs':          1           0          0        0        0        0

Lp dimension                      Final dimension of first component
                  'default_lp':         1 rows, 7 columns, 2 entries
                       'fixed':         2 rows, 7 columns, 4 entries
                   'fs_random':         2 rows, 7 columns, 4 entries
     'fs_random_quick_restart':         2 rows, 7 columns, 4 entries
              'lb_tree_search':   221 rows, 236 columns, 442 entries
                      'max_lp':  345 rows, 236 columns, 1414 entries
         'objective_lb_search':         2 rows, 7 columns, 4 entries
  'objective_lb_search_max_lp':    83 rows, 236 columns, 444 entries
                     'probing':         0 rows, 7 columns, 0 entries
              'probing_max_lp':   221 rows, 236 columns, 442 entries
                'pseudo_costs':  390 rows, 236 columns, 2052 entries
               'quick_restart':         2 rows, 7 columns, 4 entries
               'reduced_costs':       0 rows, 236 columns, 0 entries

Lp debug                         CutPropag  CutEqPropag  Adjust  Overflow    Bad  BadScaling
                  'default_lp':          0            0       0         0      0           0
                       'fixed':          0            0       0         0      0           0
                   'fs_random':          0            0       0         0      0           0
     'fs_random_quick_restart':          0            0       0         0      0           0
              'lb_tree_search':          0            0       0         0      0           0
                      'max_lp':          0            0       8         0  3'808           0
         'objective_lb_search':          0            0       0         0      0           0
  'objective_lb_search_max_lp':          0            0       0         0     50           0
                     'probing':          0            0       0         0      0           0
              'probing_max_lp':          0            0       0         0      0           0
                'pseudo_costs':          0            0       0         0  1'895           0
               'quick_restart':          0            0       0         0      0           0
               'reduced_costs':          0            0       0         0      0           0

Lp pool                          Constraints  Updates  Simplif  Merged  Shortened  Split  Strenghtened  Cuts/Call
                  'default_lp':          221        0        2       0          0      0             0        0/0
                       'fixed':          221        0        7       0          0      0             0        0/0
                   'fs_random':          221        0        0       0          0      0             0        0/0
     'fs_random_quick_restart':          221        0        0       0          0      0             0        0/0
              'lb_tree_search':          221        0        0       0          0      0             0        0/0
                      'max_lp':          495      656      157       4          0      0             0    278/423
         'objective_lb_search':          221        0       21       0          0      0             0        0/0
  'objective_lb_search_max_lp':          427        0        0       0          0      0             0    206/297
                     'probing':          221        0        0       0          0      0             0        0/0
              'probing_max_lp':          221        0        0       0          0      0             0        0/0
                'pseudo_costs':          742      588      255      53          0      0             2    574/892
               'quick_restart':          221        0       47       0          0      0             0        0/0
               'reduced_costs':          221        0        0       0          0      0             0        0/0

Lp Cut                                                max_lp  objective_lb_search_max_lp  pseudo_costs
                                               CG_K:       -                           -             1
                                               CG_R:       -                           1            13
                                            MIR_1_K:       -                           2             1
                                            MIR_1_R:       2                           8            15
                                           MIR_2_FF:       1                           -             -
                                            MIR_2_R:       -                           -             1
                  NoOverlapCompletionTimeExhaustive:      16                           4            31
           NoOverlapCompletionTimeExhaustive_lifted:       6                           5            35
  NoOverlapCompletionTimeExhaustive_lifted_weighted:      38                          31            63
         NoOverlapCompletionTimeExhaustive_weighted:      20                           5            41
                    NoOverlapCompletionTimeQueyrane:      46                          28            77
             NoOverlapCompletionTimeQueyrane_lifted:      78                          51           138
                        NoOverlapDetectedPrecedence:       1                           -             -
                        NoOverlapDisjunctionOnStart:      68                          70           156
                                        ZERO_HALF_R:       2                           1             2

LNS stats                             Improv/Calls  Closed  Difficulty  TimeLimit
                    'graph_arc_lns':           2/9     67%    8.95e-01       0.10
                    'graph_cst_lns':           2/9     67%    8.95e-01       0.10
                    'graph_dec_lns':           2/8     50%    7.00e-01       0.10
                    'graph_var_lns':           3/9     56%    8.01e-01       0.10
                     'lb_relax_lns':           2/2      0%    1.86e-01       0.50
                        'rins/rens':           6/8     50%    7.00e-01       0.10
                      'rnd_cst_lns':           5/9     56%    8.01e-01       0.10
                      'rnd_var_lns':           2/9     56%    8.01e-01       0.10
         'scheduling_intervals_lns':           2/4      0%    8.55e-02       0.10
       'scheduling_precedences_lns':           2/4      0%    8.55e-02       0.10
  'scheduling_resource_windows_lns':           4/4      0%    8.55e-02       0.10
       'scheduling_time_window_lns':           3/4      0%    8.55e-02       0.10

LS stats                                    Batches  Restarts/Perturbs  LinMoves  GenMoves  CompoundMoves  Bactracks  WeightUpdates  ScoreComputed
                            'ls_compound':        1                  2         0     5'087            279      2'404             97        207'851
                         'ls_lin_restart':        7                  7        25     9'222              0          0          6'721        912'413
                'ls_lin_restart_compound':        9                  9         0    14'616            763      6'925            276        780'989
                   'ls_lin_restart_decay':        4                  4        16     2'389              0          0            309        302'830
          'ls_lin_restart_decay_compound':        4                  4         0     8'582            438      4'072            140        326'507
  'ls_lin_restart_decay_compound_perturb':        3                  3         0     4'240            247      1'996             47        282'570
           'ls_lin_restart_decay_perturb':        5                  5         5       367              0          0            171         26'820
                 'ls_lin_restart_perturb':        9                  9        27    11'879              0          0          8'968      1'372'403
                             'ls_restart':       12                 12        35    15'217              0          0         11'042      1'449'881
                    'ls_restart_compound':        6                  6         0     5'600            328      2'636            106        282'050
            'ls_restart_compound_perturb':       11                 11         0    25'773          1'282     12'243            473      1'438'723
                       'ls_restart_decay':       13                 13        45     5'948              0          0          1'051        603'659
              'ls_restart_decay_compound':        5                  5         0     6'682            386      3'148             98        280'693
      'ls_restart_decay_compound_perturb':       15                 15         0    26'049          1'421     12'305            379      1'171'312
               'ls_restart_decay_perturb':       10                 10        32     3'743              0          0            803        363'521
                     'ls_restart_perturb':       13                 13        50     6'721              0          0          4'606        722'553

Solutions (29)                          Num     Rank
                               'core':    1  [14,14]
                         'default_lp':    1    [2,2]
            'ls_lin_restart_compound':    2   [9,10]
               'ls_lin_restart_decay':    1  [11,11]
       'ls_lin_restart_decay_perturb':    1  [19,19]
             'ls_lin_restart_perturb':    2   [8,17]
                         'ls_restart':    1  [15,15]
        'ls_restart_compound_perturb':    1    [6,6]
                   'ls_restart_decay':    4   [5,29]
  'ls_restart_decay_compound_perturb':    3  [16,27]
           'ls_restart_decay_perturb':    2  [20,25]
                 'ls_restart_perturb':    3   [7,13]
                              'no_lp':    1    [1,1]
          'objective_lb_search_no_lp':    1    [4,4]
                      'quick_restart':    4   [3,28]
                      'rins_pump_lns':    1  [26,26]

Objective bounds                Num
             'initial_domain':    1
                     'max_lp':    1
        'objective_lb_search':    8
  'objective_lb_search_no_lp':    4
   'objective_shaving_max_lp':    3
    'objective_shaving_no_lp':    3

Solution repositories    Added  Queried  Synchro
  'feasible solutions':    198      297       90
   'fj solution hints':      0        0        0
        'lp solutions':      0        0        0
                'pump':    153        9

Improving bounds shared           Num  Sym
                 'default_lp':    214    0
                      'fixed':     14    0
                     'max_lp':    399    0
                      'no_lp':     23    0
        'objective_lb_search':    214    0
  'objective_lb_search_no_lp':     22    0
               'pseudo_costs':    672    0
              'quick_restart':  1'028    0
        'quick_restart_no_lp':    689    0

CpSolverResponse summary:
status: OPTIMAL
objective: 11707
best_bound: 11682
integers: 237
booleans: 26
conflicts: 0
branches: 26
propagations: 0
integer_propagations: 424
restarts: 0
lp_iterations: 0
walltime: 0.121485
usertime: 0.121485
deterministic_time: 3.88956
gap_integral: 18.3659
solution_fingerprint: 0x69ef4f8fb34915f8

