
Starting CP-SAT solver v9.14.6206
Parameters: max_time_in_seconds: 300 log_search_progress: true num_search_workers: 104 relative_gap_limit: 0.005

Initial optimization model '': (model_fingerprint: 0xbe5e0056b44c9b52)
#Variables: 376 (#ints: 52 in objective) (324 primary variables)
  - 52 in [0,39894]
  - 24 in [27360,39894]
  - 300 in [28800,39894]
#kInterval: 165 (#fixed: 3)
#kLinMax: 52 (#expressions: 104)
#kLinear1: 20
#kLinear2: 142
#kNoOverlap: 10 (#intervals: 165, #fixed_intervals: 3)

Starting presolve at 0.00s
  5.99e-05s  0.00e+00d  [DetectDominanceRelations] 
  1.51e-03s  0.00e+00d  [PresolveToFixPoint] #num_loops=10 #num_dual_strengthening=1 
  2.11e-06s  0.00e+00d  [ExtractEncodingFromLinear] 
  1.31e-05s  0.00e+00d  [DetectDuplicateColumns] 
  5.47e-05s  0.00e+00d  [DetectDuplicateConstraints] 
[Symmetry] Graph for symmetry has 936 nodes and 916 arcs.
[Symmetry] Symmetry computation done. time: 7.473e-05 dtime: 9.718e-05
  5.61e-05s  0.00e+00d  [DetectDuplicateConstraintsWithDifferentEnforcements] 
  4.76e-04s  3.77e-06d  [Probe] #new_bounds=13 
  2.57e-06s  0.00e+00d  [MaxClique] 
  5.37e-05s  0.00e+00d  [DetectDominanceRelations] 
  4.21e-04s  0.00e+00d  [PresolveToFixPoint] #num_loops=3 #num_dual_strengthening=2 
  2.44e-05s  0.00e+00d  [ProcessAtMostOneAndLinear] 
  4.71e-05s  0.00e+00d  [DetectDuplicateConstraints] 
  4.60e-05s  0.00e+00d  [DetectDuplicateConstraintsWithDifferentEnforcements] 
  2.41e-05s  1.10e-06d  [DetectDominatedLinearConstraints] #relevant_constraints=182 
  2.47e-05s  0.00e+00d  [DetectDifferentVariables] 
  1.75e-06s  0.00e+00d  [ProcessSetPPC] 
  2.35e-06s  0.00e+00d  [FindAlmostIdenticalLinearConstraints] 
  8.52e-06s  0.00e+00d  [FindBigAtMostOneAndLinearOverlap] 
  1.35e-05s  6.60e-06d  [FindBigVerticalLinearOverlap] 
  1.69e-06s  0.00e+00d  [FindBigHorizontalLinearOverlap] 
  1.53e-06s  0.00e+00d  [MergeClauses] 
  4.99e-05s  0.00e+00d  [DetectDominanceRelations] 
  2.85e-04s  0.00e+00d  [PresolveToFixPoint] #num_loops=1 #num_dual_strengthening=1 
  4.79e-05s  0.00e+00d  [DetectDominanceRelations] 
  2.80e-04s  0.00e+00d  [PresolveToFixPoint] #num_loops=1 #num_dual_strengthening=1 
  9.34e-06s  0.00e+00d  [DetectDuplicateColumns] 
  4.54e-05s  0.00e+00d  [DetectDuplicateConstraints] 
[Symmetry] Graph for symmetry has 917 nodes and 889 arcs.
[Symmetry] Symmetry computation done. time: 6.1653e-05 dtime: 9.557e-05
  4.71e-05s  0.00e+00d  [DetectDuplicateConstraintsWithDifferentEnforcements] 
  3.56e-04s  1.96e-06d  [Probe] 
  1.34e-06s  0.00e+00d  [MaxClique] 
  4.93e-05s  0.00e+00d  [DetectDominanceRelations] 
  3.10e-04s  0.00e+00d  [PresolveToFixPoint] #num_loops=1 #num_dual_strengthening=1 
  2.30e-05s  0.00e+00d  [ProcessAtMostOneAndLinear] 
  4.67e-05s  0.00e+00d  [DetectDuplicateConstraints] 
  4.40e-05s  0.00e+00d  [DetectDuplicateConstraintsWithDifferentEnforcements] 
  2.11e-05s  1.10e-06d  [DetectDominatedLinearConstraints] #relevant_constraints=182 
  2.31e-05s  0.00e+00d  [DetectDifferentVariables] 
  1.61e-06s  0.00e+00d  [ProcessSetPPC] 
  1.82e-06s  0.00e+00d  [FindAlmostIdenticalLinearConstraints] 
  8.40e-06s  0.00e+00d  [FindBigAtMostOneAndLinearOverlap] 
  1.23e-05s  6.60e-06d  [FindBigVerticalLinearOverlap] 
  1.38e-06s  0.00e+00d  [FindBigHorizontalLinearOverlap] 
  1.16e-06s  0.00e+00d  [MergeClauses] 
  5.02e-05s  0.00e+00d  [DetectDominanceRelations] 
  2.82e-04s  0.00e+00d  [PresolveToFixPoint] #num_loops=1 #num_dual_strengthening=1 
  1.26e-05s  0.00e+00d  [ExpandObjective] 

Presolve summary:
  - 167 affine relations were detected.
  - rule 'TODO dual: only one blocking constraint?' was applied 445 times.
  - rule 'TODO dual: only one unspecified blocking constraint?' was applied 280 times.
  - rule 'affine: new relation' was applied 167 times.
  - rule 'dual: reduced domain' was applied 2 times.
  - rule 'intervals: removed unused interval' was applied 3 times.
  - rule 'lin_max: converted abs to equality' was applied 5 times.
  - rule 'lin_max: propagate domain from x to abs(x)' was applied 22 times.
  - rule 'lin_max: rewrite with precedences' was applied 40 times.
  - rule 'lin_max: target domain reduced' was applied 40 times.
  - rule 'linear1: x in domain' was applied 13 times.
  - rule 'linear: always true' was applied 47 times.
  - rule 'linear: reduced variable domains' was applied 854 times.
  - rule 'linear: remapped using affine relations' was applied 359 times.
  - rule 'no_overlap: split into disjoint components' was applied 3 times.
  - rule 'presolve: 0 unused variables removed.' was applied 1 time.
  - rule 'presolve: iteration' was applied 2 times.

Presolved optimization model '': (model_fingerprint: 0xc32452e4a4939fe1)
#Variables: 209 (#ints: 52 in objective) (162 primary variables)
  - 185 different domains in [0,39873] with a largest complexity of 1.
#kInterval: 162
#kLinMax: 7 (#expressions: 14)
#kLinear2: 182
#kNoOverlap: 10 (#intervals: 162)
[Symmetry] Graph for symmetry has 750 nodes and 889 arcs.
[Symmetry] Symmetry computation done. time: 5.3988e-05 dtime: 8.555e-05

Preloading model.
#Bound   0.01s best:inf   next:[990,975752] initial_domain
#Model   0.01s var:209/209 constraints:361/361

Starting search at 0.01s with 104 workers.
18 full problem subsolvers: [core, default_lp, fixed, lb_tree_search, max_lp, no_lp, objective_lb_search, objective_lb_search_max_lp, objective_lb_search_no_lp, objective_shaving_max_lp, objective_shaving_no_lp, probing, probing_max_lp, probing_no_lp, pseudo_costs, quick_restart, quick_restart_no_lp, reduced_costs]
86 first solution subsolvers: [fj(25), fj_lin(12), fs_random(12), fs_random_no_lp(13), fs_random_quick_restart(12), fs_random_quick_restart_no_lp(12)]
45 interleaved subsolvers: [feasibility_pump, graph_arc_lns, graph_cst_lns, graph_dec_lns, graph_var_lns, lb_relax_lns, ls(19), ls_lin(10), rins/rens, rnd_cst_lns, rnd_var_lns, scheduling_intervals_lns, scheduling_precedences_lns, scheduling_resource_windows_lns, scheduling_time_window_lns, variables_shaving, variables_shaving_max_lp, variables_shaving_no_lp]
3 helper subsolvers: [neighborhood_helper, synchronization_agent, update_gap_integral]

#Bound   0.01s best:inf   next:[996,975752] bool_core (num_cores=1 [size:2 mw:6 d:1] a=51 d=1 fixed=0/52 clauses=0)
#Bound   0.01s best:inf   next:[1002,975752] bool_core (num_cores=1 [cover] a=51 d=1 fixed=0/55 clauses=1)
#Bound   0.01s best:inf   next:[1008,975752] bool_core (num_cores=1 [cover] a=51 d=1 fixed=1/58 clauses=3)
#Bound   0.01s best:inf   next:[1014,975752] bool_core (num_cores=1 [cover] a=51 d=1 fixed=2/61 clauses=6)
#Bound   0.01s best:inf   next:[1020,975752] bool_core (num_cores=1 [cover] a=51 d=1 fixed=3/64 clauses=10)
#Bound   0.01s best:inf   next:[1026,975752] bool_core (num_cores=1 [cover] a=51 d=1 fixed=4/67 clauses=15)
#Bound   0.01s best:inf   next:[1032,975752] bool_core (num_cores=1 [cover] a=51 d=1 fixed=5/70 clauses=21)
#Bound   0.01s best:inf   next:[1038,975752] bool_core (num_cores=1 [cover] a=51 d=1 fixed=6/73 clauses=28)
#Bound   0.01s best:inf   next:[1044,975752] bool_core (num_cores=1 [cover] a=51 d=1 fixed=7/76 clauses=36)
#Bound   0.01s best:inf   next:[1050,975752] bool_core (num_cores=1 [cover] a=51 d=1 fixed=8/79 clauses=45)
#Bound   0.01s best:inf   next:[1056,975752] bool_core (num_cores=1 [cover] a=51 d=1 fixed=9/82 clauses=55)
#Bound   0.01s best:inf   next:[1062,975752] bool_core (num_cores=1 [cover] a=51 d=1 fixed=10/85 clauses=66)
#Bound   0.01s best:inf   next:[1068,975752] bool_core (num_cores=1 [cover] a=51 d=1 fixed=11/88 clauses=78)
#Bound   0.01s best:inf   next:[1074,975752] bool_core (num_cores=1 [cover] a=51 d=1 fixed=12/91 clauses=91)
#Bound   0.01s best:inf   next:[1080,975752] bool_core (num_cores=1 [cover] a=51 d=1 fixed=13/94 clauses=105)
#Bound   0.01s best:inf   next:[1086,975752] bool_core (num_cores=1 [cover] a=51 d=1 fixed=14/97 clauses=120)
#Bound   0.01s best:inf   next:[1092,975752] bool_core (num_cores=1 [cover] a=51 d=1 fixed=15/100 clauses=136)
#Bound   0.01s best:inf   next:[1098,975752] bool_core (num_cores=1 [cover] a=51 d=1 fixed=16/103 clauses=153)
#Bound   0.01s best:inf   next:[1104,975752] bool_core (num_cores=1 [cover] a=51 d=1 fixed=17/106 clauses=171)
#Bound   0.01s best:inf   next:[1110,975752] bool_core (num_cores=1 [cover] a=51 d=1 fixed=18/109 clauses=190)
#1       0.01s best:26121 next:[1140,26120] quick_restart_no_lp
#2       0.02s best:26120 next:[1305,26119] quick_restart_no_lp
#3       0.02s best:25550 next:[1305,25549] fixed
#4       0.02s best:5185  next:[1320,5184] objective_lb_search_no_lp
#5       0.02s best:4890  next:[1386,4889] ls_restart_decay(batch:1 lin{mvs:2 evals:42} gen{mvs:12 evals:135} #w_updates:50 #perturb:0)
#6       0.02s best:4876  next:[1386,4875] ls_restart_decay_perturb(batch:1 lin{mvs:4 evals:30} #w_updates:0 #perturb:0)
#7       0.02s best:4862  next:[1386,4861] ls_restart_decay(batch:1 lin{mvs:4 evals:31} #w_updates:0 #perturb:0)
#8       0.02s best:4848  next:[1386,4847] ls_restart_perturb(batch:1 lin{mvs:4 evals:30} #w_updates:0 #perturb:0)
#9       0.02s best:4834  next:[1386,4833] ls_restart(batch:1 lin{mvs:4 evals:31} #w_updates:0 #perturb:0)
#10      0.02s best:4643  next:[1386,4642] ls_lin_restart_decay(batch:1 lin{mvs:2 evals:60} gen{mvs:16 evals:153} #w_updates:52 #perturb:0)
#11      0.02s best:4629  next:[1386,4628] ls_lin_restart_decay_perturb(batch:1 lin{mvs:4 evals:32} #w_updates:0 #perturb:0)
#12      0.02s best:1386  next:[]         core
#Done    0.02s core
#Bound   0.02s best:5185  next:[1386,5184] bool_core (num_cores=2 [cover] a=50 d=2 fixed=63/311 clauses=2'112) [skipped_logs=31]

Task timing                                  n [     min,      max]      avg      dev     time         n [     min,      max]      avg      dev    dtime
                             'core':         1 [ 12.58ms,  12.58ms]  12.58ms   0.00ns  12.58ms         1 [  1.10ms,   1.10ms]   1.10ms   0.00ns   1.10ms
                       'default_lp':         1 [ 13.87ms,  13.87ms]  13.87ms   0.00ns  13.87ms         1 [  1.10ms,   1.10ms]   1.10ms   0.00ns   1.10ms
                 'feasibility_pump':         1 [821.68us, 821.68us] 821.68us   0.00ns 821.68us         0 [  0.00ns,   0.00ns]   0.00ns   0.00ns   0.00ns
                            'fixed':         1 [ 13.71ms,  13.71ms]  13.71ms   0.00ns  13.71ms         1 [  1.22ms,   1.22ms]   1.22ms   0.00ns   1.22ms
                               'fj':         0 [  0.00ns,   0.00ns]   0.00ns   0.00ns   0.00ns         0 [  0.00ns,   0.00ns]   0.00ns   0.00ns   0.00ns
                               'fj':         0 [  0.00ns,   0.00ns]   0.00ns   0.00ns   0.00ns         0 [  0.00ns,   0.00ns]   0.00ns   0.00ns   0.00ns
                               'fj':         0 [  0.00ns,   0.00ns]   0.00ns   0.00ns   0.00ns         0 [  0.00ns,   0.00ns]   0.00ns   0.00ns   0.00ns
                               'fj':         0 [  0.00ns,   0.00ns]   0.00ns   0.00ns   0.00ns         0 [  0.00ns,   0.00ns]   0.00ns   0.00ns   0.00ns
                               'fj':         0 [  0.00ns,   0.00ns]   0.00ns   0.00ns   0.00ns         0 [  0.00ns,   0.00ns]   0.00ns   0.00ns   0.00ns
                               'fj':         0 [  0.00ns,   0.00ns]   0.00ns   0.00ns   0.00ns         0 [  0.00ns,   0.00ns]   0.00ns   0.00ns   0.00ns
                               'fj':         0 [  0.00ns,   0.00ns]   0.00ns   0.00ns   0.00ns         0 [  0.00ns,   0.00ns]   0.00ns   0.00ns   0.00ns
                               'fj':         0 [  0.00ns,   0.00ns]   0.00ns   0.00ns   0.00ns         0 [  0.00ns,   0.00ns]   0.00ns   0.00ns   0.00ns
                               'fj':         0 [  0.00ns,   0.00ns]   0.00ns   0.00ns   0.00ns         0 [  0.00ns,   0.00ns]   0.00ns   0.00ns   0.00ns
                               'fj':         0 [  0.00ns,   0.00ns]   0.00ns   0.00ns   0.00ns         0 [  0.00ns,   0.00ns]   0.00ns   0.00ns   0.00ns
                               'fj':         0 [  0.00ns,   0.00ns]   0.00ns   0.00ns   0.00ns         0 [  0.00ns,   0.00ns]   0.00ns   0.00ns   0.00ns
                               'fj':         0 [  0.00ns,   0.00ns]   0.00ns   0.00ns   0.00ns         0 [  0.00ns,   0.00ns]   0.00ns   0.00ns   0.00ns
                               'fj':         0 [  0.00ns,   0.00ns]   0.00ns   0.00ns   0.00ns         0 [  0.00ns,   0.00ns]   0.00ns   0.00ns   0.00ns
                               'fj':         0 [  0.00ns,   0.00ns]   0.00ns   0.00ns   0.00ns         0 [  0.00ns,   0.00ns]   0.00ns   0.00ns   0.00ns
                               'fj':         0 [  0.00ns,   0.00ns]   0.00ns   0.00ns   0.00ns         0 [  0.00ns,   0.00ns]   0.00ns   0.00ns   0.00ns
                               'fj':         0 [  0.00ns,   0.00ns]   0.00ns   0.00ns   0.00ns         0 [  0.00ns,   0.00ns]   0.00ns   0.00ns   0.00ns
                               'fj':         0 [  0.00ns,   0.00ns]   0.00ns   0.00ns   0.00ns         0 [  0.00ns,   0.00ns]   0.00ns   0.00ns   0.00ns
                               'fj':         0 [  0.00ns,   0.00ns]   0.00ns   0.00ns   0.00ns         0 [  0.00ns,   0.00ns]   0.00ns   0.00ns   0.00ns
                               'fj':         0 [  0.00ns,   0.00ns]   0.00ns   0.00ns   0.00ns         0 [  0.00ns,   0.00ns]   0.00ns   0.00ns   0.00ns
                               'fj':         0 [  0.00ns,   0.00ns]   0.00ns   0.00ns   0.00ns         0 [  0.00ns,   0.00ns]   0.00ns   0.00ns   0.00ns
                               'fj':         0 [  0.00ns,   0.00ns]   0.00ns   0.00ns   0.00ns         0 [  0.00ns,   0.00ns]   0.00ns   0.00ns   0.00ns
                               'fj':         0 [  0.00ns,   0.00ns]   0.00ns   0.00ns   0.00ns         0 [  0.00ns,   0.00ns]   0.00ns   0.00ns   0.00ns
                               'fj':         0 [  0.00ns,   0.00ns]   0.00ns   0.00ns   0.00ns         0 [  0.00ns,   0.00ns]   0.00ns   0.00ns   0.00ns
                               'fj':         0 [  0.00ns,   0.00ns]   0.00ns   0.00ns   0.00ns         0 [  0.00ns,   0.00ns]   0.00ns   0.00ns   0.00ns
                               'fj':         0 [  0.00ns,   0.00ns]   0.00ns   0.00ns   0.00ns         0 [  0.00ns,   0.00ns]   0.00ns   0.00ns   0.00ns
                           'fj_lin':         0 [  0.00ns,   0.00ns]   0.00ns   0.00ns   0.00ns         0 [  0.00ns,   0.00ns]   0.00ns   0.00ns   0.00ns
                           'fj_lin':         0 [  0.00ns,   0.00ns]   0.00ns   0.00ns   0.00ns         0 [  0.00ns,   0.00ns]   0.00ns   0.00ns   0.00ns
                           'fj_lin':         0 [  0.00ns,   0.00ns]   0.00ns   0.00ns   0.00ns         0 [  0.00ns,   0.00ns]   0.00ns   0.00ns   0.00ns
                           'fj_lin':         0 [  0.00ns,   0.00ns]   0.00ns   0.00ns   0.00ns         0 [  0.00ns,   0.00ns]   0.00ns   0.00ns   0.00ns
                           'fj_lin':         0 [  0.00ns,   0.00ns]   0.00ns   0.00ns   0.00ns         0 [  0.00ns,   0.00ns]   0.00ns   0.00ns   0.00ns
                           'fj_lin':         0 [  0.00ns,   0.00ns]   0.00ns   0.00ns   0.00ns         0 [  0.00ns,   0.00ns]   0.00ns   0.00ns   0.00ns
                           'fj_lin':         0 [  0.00ns,   0.00ns]   0.00ns   0.00ns   0.00ns         0 [  0.00ns,   0.00ns]   0.00ns   0.00ns   0.00ns
                           'fj_lin':         0 [  0.00ns,   0.00ns]   0.00ns   0.00ns   0.00ns         0 [  0.00ns,   0.00ns]   0.00ns   0.00ns   0.00ns
                           'fj_lin':         0 [  0.00ns,   0.00ns]   0.00ns   0.00ns   0.00ns         0 [  0.00ns,   0.00ns]   0.00ns   0.00ns   0.00ns
                           'fj_lin':         0 [  0.00ns,   0.00ns]   0.00ns   0.00ns   0.00ns         0 [  0.00ns,   0.00ns]   0.00ns   0.00ns   0.00ns
                           'fj_lin':         0 [  0.00ns,   0.00ns]   0.00ns   0.00ns   0.00ns         0 [  0.00ns,   0.00ns]   0.00ns   0.00ns   0.00ns
                           'fj_lin':         0 [  0.00ns,   0.00ns]   0.00ns   0.00ns   0.00ns         0 [  0.00ns,   0.00ns]   0.00ns   0.00ns   0.00ns
                        'fs_random':         0 [  0.00ns,   0.00ns]   0.00ns   0.00ns   0.00ns         0 [  0.00ns,   0.00ns]   0.00ns   0.00ns   0.00ns
                        'fs_random':         0 [  0.00ns,   0.00ns]   0.00ns   0.00ns   0.00ns         0 [  0.00ns,   0.00ns]   0.00ns   0.00ns   0.00ns
                        'fs_random':         0 [  0.00ns,   0.00ns]   0.00ns   0.00ns   0.00ns         0 [  0.00ns,   0.00ns]   0.00ns   0.00ns   0.00ns
                        'fs_random':         0 [  0.00ns,   0.00ns]   0.00ns   0.00ns   0.00ns         0 [  0.00ns,   0.00ns]   0.00ns   0.00ns   0.00ns
                        'fs_random':         0 [  0.00ns,   0.00ns]   0.00ns   0.00ns   0.00ns         0 [  0.00ns,   0.00ns]   0.00ns   0.00ns   0.00ns
                        'fs_random':         0 [  0.00ns,   0.00ns]   0.00ns   0.00ns   0.00ns         0 [  0.00ns,   0.00ns]   0.00ns   0.00ns   0.00ns
                        'fs_random':         0 [  0.00ns,   0.00ns]   0.00ns   0.00ns   0.00ns         0 [  0.00ns,   0.00ns]   0.00ns   0.00ns   0.00ns
                        'fs_random':         0 [  0.00ns,   0.00ns]   0.00ns   0.00ns   0.00ns         0 [  0.00ns,   0.00ns]   0.00ns   0.00ns   0.00ns
                        'fs_random':         0 [  0.00ns,   0.00ns]   0.00ns   0.00ns   0.00ns         0 [  0.00ns,   0.00ns]   0.00ns   0.00ns   0.00ns
                        'fs_random':         0 [  0.00ns,   0.00ns]   0.00ns   0.00ns   0.00ns         0 [  0.00ns,   0.00ns]   0.00ns   0.00ns   0.00ns
                        'fs_random':         0 [  0.00ns,   0.00ns]   0.00ns   0.00ns   0.00ns         0 [  0.00ns,   0.00ns]   0.00ns   0.00ns   0.00ns
                        'fs_random':         1 [  2.55ms,   2.55ms]   2.55ms   0.00ns   2.55ms         0 [  0.00ns,   0.00ns]   0.00ns   0.00ns   0.00ns
                  'fs_random_no_lp':         0 [  0.00ns,   0.00ns]   0.00ns   0.00ns   0.00ns         0 [  0.00ns,   0.00ns]   0.00ns   0.00ns   0.00ns
                  'fs_random_no_lp':         0 [  0.00ns,   0.00ns]   0.00ns   0.00ns   0.00ns         0 [  0.00ns,   0.00ns]   0.00ns   0.00ns   0.00ns
                  'fs_random_no_lp':         0 [  0.00ns,   0.00ns]   0.00ns   0.00ns   0.00ns         0 [  0.00ns,   0.00ns]   0.00ns   0.00ns   0.00ns
                  'fs_random_no_lp':         0 [  0.00ns,   0.00ns]   0.00ns   0.00ns   0.00ns         0 [  0.00ns,   0.00ns]   0.00ns   0.00ns   0.00ns
                  'fs_random_no_lp':         0 [  0.00ns,   0.00ns]   0.00ns   0.00ns   0.00ns         0 [  0.00ns,   0.00ns]   0.00ns   0.00ns   0.00ns
                  'fs_random_no_lp':         0 [  0.00ns,   0.00ns]   0.00ns   0.00ns   0.00ns         0 [  0.00ns,   0.00ns]   0.00ns   0.00ns   0.00ns
                  'fs_random_no_lp':         0 [  0.00ns,   0.00ns]   0.00ns   0.00ns   0.00ns         0 [  0.00ns,   0.00ns]   0.00ns   0.00ns   0.00ns
                  'fs_random_no_lp':         0 [  0.00ns,   0.00ns]   0.00ns   0.00ns   0.00ns         0 [  0.00ns,   0.00ns]   0.00ns   0.00ns   0.00ns
                  'fs_random_no_lp':         0 [  0.00ns,   0.00ns]   0.00ns   0.00ns   0.00ns         0 [  0.00ns,   0.00ns]   0.00ns   0.00ns   0.00ns
                  'fs_random_no_lp':         0 [  0.00ns,   0.00ns]   0.00ns   0.00ns   0.00ns         0 [  0.00ns,   0.00ns]   0.00ns   0.00ns   0.00ns
                  'fs_random_no_lp':         0 [  0.00ns,   0.00ns]   0.00ns   0.00ns   0.00ns         0 [  0.00ns,   0.00ns]   0.00ns   0.00ns   0.00ns
                  'fs_random_no_lp':         1 [  1.31ms,   1.31ms]   1.31ms   0.00ns   1.31ms         1 [ 41.52us,  41.52us]  41.52us   0.00ns  41.52us
                  'fs_random_no_lp':         1 [  1.75ms,   1.75ms]   1.75ms   0.00ns   1.75ms         0 [  0.00ns,   0.00ns]   0.00ns   0.00ns   0.00ns
          'fs_random_quick_restart':         0 [  0.00ns,   0.00ns]   0.00ns   0.00ns   0.00ns         0 [  0.00ns,   0.00ns]   0.00ns   0.00ns   0.00ns
          'fs_random_quick_restart':         0 [  0.00ns,   0.00ns]   0.00ns   0.00ns   0.00ns         0 [  0.00ns,   0.00ns]   0.00ns   0.00ns   0.00ns
          'fs_random_quick_restart':         0 [  0.00ns,   0.00ns]   0.00ns   0.00ns   0.00ns         0 [  0.00ns,   0.00ns]   0.00ns   0.00ns   0.00ns
          'fs_random_quick_restart':         0 [  0.00ns,   0.00ns]   0.00ns   0.00ns   0.00ns         0 [  0.00ns,   0.00ns]   0.00ns   0.00ns   0.00ns
          'fs_random_quick_restart':         0 [  0.00ns,   0.00ns]   0.00ns   0.00ns   0.00ns         0 [  0.00ns,   0.00ns]   0.00ns   0.00ns   0.00ns
          'fs_random_quick_restart':         0 [  0.00ns,   0.00ns]   0.00ns   0.00ns   0.00ns         0 [  0.00ns,   0.00ns]   0.00ns   0.00ns   0.00ns
          'fs_random_quick_restart':         0 [  0.00ns,   0.00ns]   0.00ns   0.00ns   0.00ns         0 [  0.00ns,   0.00ns]   0.00ns   0.00ns   0.00ns
          'fs_random_quick_restart':         0 [  0.00ns,   0.00ns]   0.00ns   0.00ns   0.00ns         0 [  0.00ns,   0.00ns]   0.00ns   0.00ns   0.00ns
          'fs_random_quick_restart':         0 [  0.00ns,   0.00ns]   0.00ns   0.00ns   0.00ns         0 [  0.00ns,   0.00ns]   0.00ns   0.00ns   0.00ns
          'fs_random_quick_restart':         0 [  0.00ns,   0.00ns]   0.00ns   0.00ns   0.00ns         0 [  0.00ns,   0.00ns]   0.00ns   0.00ns   0.00ns
          'fs_random_quick_restart':         0 [  0.00ns,   0.00ns]   0.00ns   0.00ns   0.00ns         0 [  0.00ns,   0.00ns]   0.00ns   0.00ns   0.00ns
          'fs_random_quick_restart':         1 [  2.25ms,   2.25ms]   2.25ms   0.00ns   2.25ms         0 [  0.00ns,   0.00ns]   0.00ns   0.00ns   0.00ns
    'fs_random_quick_restart_no_lp':         0 [  0.00ns,   0.00ns]   0.00ns   0.00ns   0.00ns         0 [  0.00ns,   0.00ns]   0.00ns   0.00ns   0.00ns
    'fs_random_quick_restart_no_lp':         0 [  0.00ns,   0.00ns]   0.00ns   0.00ns   0.00ns         0 [  0.00ns,   0.00ns]   0.00ns   0.00ns   0.00ns
    'fs_random_quick_restart_no_lp':         0 [  0.00ns,   0.00ns]   0.00ns   0.00ns   0.00ns         0 [  0.00ns,   0.00ns]   0.00ns   0.00ns   0.00ns
    'fs_random_quick_restart_no_lp':         0 [  0.00ns,   0.00ns]   0.00ns   0.00ns   0.00ns         0 [  0.00ns,   0.00ns]   0.00ns   0.00ns   0.00ns
    'fs_random_quick_restart_no_lp':         0 [  0.00ns,   0.00ns]   0.00ns   0.00ns   0.00ns         0 [  0.00ns,   0.00ns]   0.00ns   0.00ns   0.00ns
    'fs_random_quick_restart_no_lp':         0 [  0.00ns,   0.00ns]   0.00ns   0.00ns   0.00ns         0 [  0.00ns,   0.00ns]   0.00ns   0.00ns   0.00ns
    'fs_random_quick_restart_no_lp':         0 [  0.00ns,   0.00ns]   0.00ns   0.00ns   0.00ns         0 [  0.00ns,   0.00ns]   0.00ns   0.00ns   0.00ns
    'fs_random_quick_restart_no_lp':         0 [  0.00ns,   0.00ns]   0.00ns   0.00ns   0.00ns         0 [  0.00ns,   0.00ns]   0.00ns   0.00ns   0.00ns
    'fs_random_quick_restart_no_lp':         0 [  0.00ns,   0.00ns]   0.00ns   0.00ns   0.00ns         0 [  0.00ns,   0.00ns]   0.00ns   0.00ns   0.00ns
    'fs_random_quick_restart_no_lp':         0 [  0.00ns,   0.00ns]   0.00ns   0.00ns   0.00ns         0 [  0.00ns,   0.00ns]   0.00ns   0.00ns   0.00ns
    'fs_random_quick_restart_no_lp':         0 [  0.00ns,   0.00ns]   0.00ns   0.00ns   0.00ns         0 [  0.00ns,   0.00ns]   0.00ns   0.00ns   0.00ns
    'fs_random_quick_restart_no_lp':         1 [915.53us, 915.53us] 915.53us   0.00ns 915.53us         0 [  0.00ns,   0.00ns]   0.00ns   0.00ns   0.00ns
                    'graph_arc_lns':         2 [  4.02ms,   4.82ms]   4.42ms 403.28us   8.84ms         1 [136.24us, 136.24us] 136.24us   0.00ns 136.24us
                    'graph_cst_lns':         1 [  6.21ms,   6.21ms]   6.21ms   0.00ns   6.21ms         1 [123.51us, 123.51us] 123.51us   0.00ns 123.51us
                    'graph_dec_lns':         2 [  3.67ms,   3.82ms]   3.75ms  77.81us   7.49ms         1 [ 33.77us,  33.77us]  33.77us   0.00ns  33.77us
                    'graph_var_lns':         1 [  6.73ms,   6.73ms]   6.73ms   0.00ns   6.73ms         1 [528.09us, 528.09us] 528.09us   0.00ns 528.09us
                     'lb_relax_lns':         1 [  9.84ms,   9.84ms]   9.84ms   0.00ns   9.84ms         0 [  0.00ns,   0.00ns]   0.00ns   0.00ns   0.00ns
                   'lb_tree_search':         1 [ 15.68ms,  15.68ms]  15.68ms   0.00ns  15.68ms         0 [  0.00ns,   0.00ns]   0.00ns   0.00ns   0.00ns
                               'ls':         1 [  2.75ms,   2.75ms]   2.75ms   0.00ns   2.75ms         1 [  3.97ms,   3.97ms]   3.97ms   0.00ns   3.97ms
                               'ls':         1 [  2.78ms,   2.78ms]   2.78ms   0.00ns   2.78ms         1 [  2.24ms,   2.24ms]   2.24ms   0.00ns   2.24ms
                               'ls':         1 [  2.94ms,   2.94ms]   2.94ms   0.00ns   2.94ms         1 [  4.30ms,   4.30ms]   4.30ms   0.00ns   4.30ms
                               'ls':         1 [  2.96ms,   2.96ms]   2.96ms   0.00ns   2.96ms         1 [  4.40ms,   4.40ms]   4.40ms   0.00ns   4.40ms
                               'ls':         1 [  3.06ms,   3.06ms]   3.06ms   0.00ns   3.06ms         1 [  2.41ms,   2.41ms]   2.41ms   0.00ns   2.41ms
                               'ls':         1 [  3.18ms,   3.18ms]   3.18ms   0.00ns   3.18ms         1 [  3.02ms,   3.02ms]   3.02ms   0.00ns   3.02ms
                               'ls':         1 [  3.37ms,   3.37ms]   3.37ms   0.00ns   3.37ms         1 [  4.54ms,   4.54ms]   4.54ms   0.00ns   4.54ms
                               'ls':         1 [  3.63ms,   3.63ms]   3.63ms   0.00ns   3.63ms         1 [  3.03ms,   3.03ms]   3.03ms   0.00ns   3.03ms
                               'ls':         1 [  3.74ms,   3.74ms]   3.74ms   0.00ns   3.74ms         1 [  4.45ms,   4.45ms]   4.45ms   0.00ns   4.45ms
                               'ls':         1 [  4.01ms,   4.01ms]   4.01ms   0.00ns   4.01ms         1 [  6.29ms,   6.29ms]   6.29ms   0.00ns   6.29ms
                               'ls':         1 [  4.12ms,   4.12ms]   4.12ms   0.00ns   4.12ms         1 [  3.59ms,   3.59ms]   3.59ms   0.00ns   3.59ms
                               'ls':         1 [  4.24ms,   4.24ms]   4.24ms   0.00ns   4.24ms         1 [  6.98ms,   6.98ms]   6.98ms   0.00ns   6.98ms
                               'ls':         1 [  6.23ms,   6.23ms]   6.23ms   0.00ns   6.23ms         1 [  3.93ms,   3.93ms]   3.93ms   0.00ns   3.93ms
                               'ls':         1 [394.02us, 394.02us] 394.02us   0.00ns 394.02us         1 [  9.00us,   9.00us]   9.00us   0.00ns   9.00us
                               'ls':         1 [423.62us, 423.62us] 423.62us   0.00ns 423.62us         1 [  8.79us,   8.79us]   8.79us   0.00ns   8.79us
                               'ls':         1 [486.35us, 486.35us] 486.35us   0.00ns 486.35us         1 [  8.86us,   8.86us]   8.86us   0.00ns   8.86us
                               'ls':         1 [587.11us, 587.11us] 587.11us   0.00ns 587.11us         1 [  8.92us,   8.92us]   8.92us   0.00ns   8.92us
                               'ls':         1 [607.31us, 607.31us] 607.31us   0.00ns 607.31us         0 [  0.00ns,   0.00ns]   0.00ns   0.00ns   0.00ns
                               'ls':         1 [651.54us, 651.54us] 651.54us   0.00ns 651.54us         1 [630.96us, 630.96us] 630.96us   0.00ns 630.96us
                           'ls_lin':         1 [  1.05ms,   1.05ms]   1.05ms   0.00ns   1.05ms         1 [971.72us, 971.72us] 971.72us   0.00ns 971.72us
                           'ls_lin':         1 [  1.13ms,   1.13ms]   1.13ms   0.00ns   1.13ms         1 [  2.01ms,   2.01ms]   2.01ms   0.00ns   2.01ms
                           'ls_lin':         1 [  1.14ms,   1.14ms]   1.14ms   0.00ns   1.14ms         1 [997.45us, 997.45us] 997.45us   0.00ns 997.45us
                           'ls_lin':         1 [  1.44ms,   1.44ms]   1.44ms   0.00ns   1.44ms         1 [  2.29ms,   2.29ms]   2.29ms   0.00ns   2.29ms
                           'ls_lin':         1 [  1.81ms,   1.81ms]   1.81ms   0.00ns   1.81ms         1 [  4.43ms,   4.43ms]   4.43ms   0.00ns   4.43ms
                           'ls_lin':         1 [  4.44ms,   4.44ms]   4.44ms   0.00ns   4.44ms         1 [  2.30ms,   2.30ms]   2.30ms   0.00ns   2.30ms
                           'ls_lin':         1 [480.22us, 480.22us] 480.22us   0.00ns 480.22us         0 [  0.00ns,   0.00ns]   0.00ns   0.00ns   0.00ns
                           'ls_lin':         1 [660.46us, 660.46us] 660.46us   0.00ns 660.46us         1 [655.07us, 655.07us] 655.07us   0.00ns 655.07us
                           'ls_lin':         1 [665.06us, 665.06us] 665.06us   0.00ns 665.06us         1 [  9.02us,   9.02us]   9.02us   0.00ns   9.02us
                           'ls_lin':         1 [746.83us, 746.83us] 746.83us   0.00ns 746.83us         1 [115.63us, 115.63us] 115.63us   0.00ns 115.63us
                           'max_lp':         1 [ 13.02ms,  13.02ms]  13.02ms   0.00ns  13.02ms         1 [ 13.11us,  13.11us]  13.11us   0.00ns  13.11us
                            'no_lp':         1 [ 13.06ms,  13.06ms]  13.06ms   0.00ns  13.06ms         1 [970.74us, 970.74us] 970.74us   0.00ns 970.74us
              'objective_lb_search':         1 [ 11.83ms,  11.83ms]  11.83ms   0.00ns  11.83ms         1 [  1.90ms,   1.90ms]   1.90ms   0.00ns   1.90ms
       'objective_lb_search_max_lp':         1 [ 14.57ms,  14.57ms]  14.57ms   0.00ns  14.57ms         0 [  0.00ns,   0.00ns]   0.00ns   0.00ns   0.00ns
        'objective_lb_search_no_lp':         1 [ 11.20ms,  11.20ms]  11.20ms   0.00ns  11.20ms         1 [  1.11ms,   1.11ms]   1.11ms   0.00ns   1.11ms
         'objective_shaving_max_lp':         2 [  1.60ms,   3.98ms]   2.79ms   1.19ms   5.58ms         0 [  0.00ns,   0.00ns]   0.00ns   0.00ns   0.00ns
          'objective_shaving_no_lp':         2 [544.60us,   1.79ms]   1.17ms 622.09us   2.33ms         1 [ 21.88us,  21.88us]  21.88us   0.00ns  21.88us
                          'probing':         1 [ 15.70ms,  15.70ms]  15.70ms   0.00ns  15.70ms         0 [  0.00ns,   0.00ns]   0.00ns   0.00ns   0.00ns
                   'probing_max_lp':         1 [ 14.81ms,  14.81ms]  14.81ms   0.00ns  14.81ms         0 [  0.00ns,   0.00ns]   0.00ns   0.00ns   0.00ns
                    'probing_no_lp':         1 [ 11.32ms,  11.32ms]  11.32ms   0.00ns  11.32ms         0 [  0.00ns,   0.00ns]   0.00ns   0.00ns   0.00ns
                     'pseudo_costs':         1 [ 12.28ms,  12.28ms]  12.28ms   0.00ns  12.28ms         1 [  1.13ms,   1.13ms]   1.13ms   0.00ns   1.13ms
                    'quick_restart':         1 [ 12.90ms,  12.90ms]  12.90ms   0.00ns  12.90ms         1 [  1.28ms,   1.28ms]   1.28ms   0.00ns   1.28ms
              'quick_restart_no_lp':         1 [ 12.49ms,  12.49ms]  12.49ms   0.00ns  12.49ms         1 [  1.46ms,   1.46ms]   1.46ms   0.00ns   1.46ms
                    'reduced_costs':         1 [ 15.96ms,  15.96ms]  15.96ms   0.00ns  15.96ms         0 [  0.00ns,   0.00ns]   0.00ns   0.00ns   0.00ns
                        'rins/rens':         0 [  0.00ns,   0.00ns]   0.00ns   0.00ns   0.00ns         0 [  0.00ns,   0.00ns]   0.00ns   0.00ns   0.00ns
                      'rnd_cst_lns':         1 [  6.86ms,   6.86ms]   6.86ms   0.00ns   6.86ms         1 [423.76us, 423.76us] 423.76us   0.00ns 423.76us
                      'rnd_var_lns':         1 [  6.99ms,   6.99ms]   6.99ms   0.00ns   6.99ms         1 [346.83us, 346.83us] 346.83us   0.00ns 346.83us
         'scheduling_intervals_lns':         1 [  8.78ms,   8.78ms]   8.78ms   0.00ns   8.78ms         0 [  0.00ns,   0.00ns]   0.00ns   0.00ns   0.00ns
       'scheduling_precedences_lns':         1 [  8.38ms,   8.38ms]   8.38ms   0.00ns   8.38ms         0 [  0.00ns,   0.00ns]   0.00ns   0.00ns   0.00ns
  'scheduling_resource_windows_lns':         1 [  8.47ms,   8.47ms]   8.47ms   0.00ns   8.47ms         0 [  0.00ns,   0.00ns]   0.00ns   0.00ns   0.00ns
       'scheduling_time_window_lns':         1 [  5.58ms,   5.58ms]   5.58ms   0.00ns   5.58ms         0 [  0.00ns,   0.00ns]   0.00ns   0.00ns   0.00ns
                'variables_shaving':         1 [  8.69ms,   8.69ms]   8.69ms   0.00ns   8.69ms         1 [382.22us, 382.22us] 382.22us   0.00ns 382.22us
         'variables_shaving_max_lp':         1 [ 11.81ms,  11.81ms]  11.81ms   0.00ns  11.81ms         1 [ 24.04us,  24.04us]  24.04us   0.00ns  24.04us
          'variables_shaving_no_lp':         1 [  8.27ms,   8.27ms]   8.27ms   0.00ns   8.27ms         1 [463.14us, 463.14us] 463.14us   0.00ns 463.14us

Search stats                        Bools  Conflicts  Branches  Restarts  BoolPropag  IntegerPropag
                           'core':    451         66       744       180       1'357          5'757
                     'default_lp':    217          0       620       370         246          5'919
                          'fixed':    353          0       618       132         382          6'961
                      'fs_random':      0          0         0         0           0              0
                      'fs_random':      0          0         0         0           0              0
                      'fs_random':      0          0         0         0           0              0
                      'fs_random':      0          0         0         0           0              0
                      'fs_random':      0          0         0         0           0              0
                      'fs_random':      0          0         0         0           0              0
                      'fs_random':      0          0         0         0           0              0
                      'fs_random':      0          0         0         0           0              0
                      'fs_random':      0          0         0         0           0              0
                      'fs_random':      0          0         0         0           0              0
                      'fs_random':      0          0         0         0           0              0
                      'fs_random':      0          0         0         0           0              0
                'fs_random_no_lp':      0          0         0         0           0              0
                'fs_random_no_lp':      0          0         0         0           0              0
                'fs_random_no_lp':      0          0         0         0           0              0
                'fs_random_no_lp':      0          0         0         0           0              0
                'fs_random_no_lp':      0          0         0         0           0              0
                'fs_random_no_lp':      0          0         0         0           0              0
                'fs_random_no_lp':      0          0         0         0           0              0
                'fs_random_no_lp':      0          0         0         0           0              0
                'fs_random_no_lp':      0          0         0         0           0              0
                'fs_random_no_lp':      0          0         0         0           0              0
                'fs_random_no_lp':      0          0         0         0           0              0
                'fs_random_no_lp':      0          0         0         0           0              0
                'fs_random_no_lp':     17          0        17         0           0            285
        'fs_random_quick_restart':      0          0         0         0           0              0
        'fs_random_quick_restart':      0          0         0         0           0              0
        'fs_random_quick_restart':      0          0         0         0           0              0
        'fs_random_quick_restart':      0          0         0         0           0              0
        'fs_random_quick_restart':      0          0         0         0           0              0
        'fs_random_quick_restart':      0          0         0         0           0              0
        'fs_random_quick_restart':      0          0         0         0           0              0
        'fs_random_quick_restart':      0          0         0         0           0              0
        'fs_random_quick_restart':      0          0         0         0           0              0
        'fs_random_quick_restart':      0          0         0         0           0              0
        'fs_random_quick_restart':      0          0         0         0           0              0
        'fs_random_quick_restart':      0          0         0         0           0              0
  'fs_random_quick_restart_no_lp':      0          0         0         0           0              0
  'fs_random_quick_restart_no_lp':      0          0         0         0           0              0
  'fs_random_quick_restart_no_lp':      0          0         0         0           0              0
  'fs_random_quick_restart_no_lp':      0          0         0         0           0              0
  'fs_random_quick_restart_no_lp':      0          0         0         0           0              0
  'fs_random_quick_restart_no_lp':      0          0         0         0           0              0
  'fs_random_quick_restart_no_lp':      0          0         0         0           0              0
  'fs_random_quick_restart_no_lp':      0          0         0         0           0              0
  'fs_random_quick_restart_no_lp':      0          0         0         0           0              0
  'fs_random_quick_restart_no_lp':      0          0         0         0           0              0
  'fs_random_quick_restart_no_lp':      0          0         0         0           0              0
  'fs_random_quick_restart_no_lp':      0          0         0         0           0              0
                 'lb_tree_search':  1'236          0       346       346           0          2'338
                         'max_lp':      0          0         0         0           0              0
                          'no_lp':    220         32       395         1         320          6'273
            'objective_lb_search':    184         17       310        82          99         14'905
     'objective_lb_search_max_lp':  1'236          0       468       468           0          3'234
      'objective_lb_search_no_lp':    170         22       286        82          68          8'563
                        'probing':  1'236          0       276       276           0          1'860
                 'probing_max_lp':  1'236          0       420       420           0          2'896
                  'probing_no_lp':  1'236          0       252       252           0          1'712
                   'pseudo_costs':      1          0         0         0           0            570
                  'quick_restart':    201         12       383        25         236          8'714
            'quick_restart_no_lp':    261          0       832       402         356          9'033
                  'reduced_costs':  1'236          0       562       562           0          3'925

SAT stats                           ClassicMinim  LitRemoved  LitLearned  LitForgotten  Subsumed  MClauses  MDecisions  MLitTrue  MSubsumed  MLitRemoved  MReused
                           'core':             0           0           0             0         0         0           0         0          0            0        0
                     'default_lp':             0           0           0             0         0         0           0         0          0            0        0
                          'fixed':             0           0           0             0         0         0           0         0          0            0        0
                      'fs_random':             0           0           0             0         0         0           0         0          0            0        0
                      'fs_random':             0           0           0             0         0         0           0         0          0            0        0
                      'fs_random':             0           0           0             0         0         0           0         0          0            0        0
                      'fs_random':             0           0           0             0         0         0           0         0          0            0        0
                      'fs_random':             0           0           0             0         0         0           0         0          0            0        0
                      'fs_random':             0           0           0             0         0         0           0         0          0            0        0
                      'fs_random':             0           0           0             0         0         0           0         0          0            0        0
                      'fs_random':             0           0           0             0         0         0           0         0          0            0        0
                      'fs_random':             0           0           0             0         0         0           0         0          0            0        0
                      'fs_random':             0           0           0             0         0         0           0         0          0            0        0
                      'fs_random':             0           0           0             0         0         0           0         0          0            0        0
                      'fs_random':             0           0           0             0         0         0           0         0          0            0        0
                'fs_random_no_lp':             0           0           0             0         0         0           0         0          0            0        0
                'fs_random_no_lp':             0           0           0             0         0         0           0         0          0            0        0
                'fs_random_no_lp':             0           0           0             0         0         0           0         0          0            0        0
                'fs_random_no_lp':             0           0           0             0         0         0           0         0          0            0        0
                'fs_random_no_lp':             0           0           0             0         0         0           0         0          0            0        0
                'fs_random_no_lp':             0           0           0             0         0         0           0         0          0            0        0
                'fs_random_no_lp':             0           0           0             0         0         0           0         0          0            0        0
                'fs_random_no_lp':             0           0           0             0         0         0           0         0          0            0        0
                'fs_random_no_lp':             0           0           0             0         0         0           0         0          0            0        0
                'fs_random_no_lp':             0           0           0             0         0         0           0         0          0            0        0
                'fs_random_no_lp':             0           0           0             0         0         0           0         0          0            0        0
                'fs_random_no_lp':             0           0           0             0         0         0           0         0          0            0        0
                'fs_random_no_lp':             0           0           0             0         0         0           0         0          0            0        0
        'fs_random_quick_restart':             0           0           0             0         0         0           0         0          0            0        0
        'fs_random_quick_restart':             0           0           0             0         0         0           0         0          0            0        0
        'fs_random_quick_restart':             0           0           0             0         0         0           0         0          0            0        0
        'fs_random_quick_restart':             0           0           0             0         0         0           0         0          0            0        0
        'fs_random_quick_restart':             0           0           0             0         0         0           0         0          0            0        0
        'fs_random_quick_restart':             0           0           0             0         0         0           0         0          0            0        0
        'fs_random_quick_restart':             0           0           0             0         0         0           0         0          0            0        0
        'fs_random_quick_restart':             0           0           0             0         0         0           0         0          0            0        0
        'fs_random_quick_restart':             0           0           0             0         0         0           0         0          0            0        0
        'fs_random_quick_restart':             0           0           0             0         0         0           0         0          0            0        0
        'fs_random_quick_restart':             0           0           0             0         0         0           0         0          0            0        0
        'fs_random_quick_restart':             0           0           0             0         0         0           0         0          0            0        0
  'fs_random_quick_restart_no_lp':             0           0           0             0         0         0           0         0          0            0        0
  'fs_random_quick_restart_no_lp':             0           0           0             0         0         0           0         0          0            0        0
  'fs_random_quick_restart_no_lp':             0           0           0             0         0         0           0         0          0            0        0
  'fs_random_quick_restart_no_lp':             0           0           0             0         0         0           0         0          0            0        0
  'fs_random_quick_restart_no_lp':             0           0           0             0         0         0           0         0          0            0        0
  'fs_random_quick_restart_no_lp':             0           0           0             0         0         0           0         0          0            0        0
  'fs_random_quick_restart_no_lp':             0           0           0             0         0         0           0         0          0            0        0
  'fs_random_quick_restart_no_lp':             0           0           0             0         0         0           0         0          0            0        0
  'fs_random_quick_restart_no_lp':             0           0           0             0         0         0           0         0          0            0        0
  'fs_random_quick_restart_no_lp':             0           0           0             0         0         0           0         0          0            0        0
  'fs_random_quick_restart_no_lp':             0           0           0             0         0         0           0         0          0            0        0
  'fs_random_quick_restart_no_lp':             0           0           0             0         0         0           0         0          0            0        0
                 'lb_tree_search':             0           0           0             0         0         0           0         0          0            0        0
                         'max_lp':             0           0           0             0         0         0           0         0          0            0        0
                          'no_lp':            18          38         600             0         0         0           0         0          0            0        0
            'objective_lb_search':             0           0          57             0         0         0           0         0          0            0        0
     'objective_lb_search_max_lp':             0           0           0             0         0         0           0         0          0            0        0
      'objective_lb_search_no_lp':             0           0         132             0         0         0           0         0          0            0        0
                        'probing':             0           0           0             0         0         0           0         0          0            0        0
                 'probing_max_lp':             0           0           0             0         0         0           0         0          0            0        0
                  'probing_no_lp':             0           0           0             0         0         0           0         0          0            0        0
                   'pseudo_costs':             0           0           0             0         0         0           0         0          0            0        0
                  'quick_restart':             1           1         284             0         1         0           0         0          0            0        0
            'quick_restart_no_lp':             0           0           0             0         0         0           0         0          0            0        0
                  'reduced_costs':             0           0           0             0         0         0           0         0          0            0        0

Lp stats                         Component  Iterations  AddedCuts  OPTIMAL  DUAL_F.  DUAL_U.
                  'default_lp':         20          30          0      327        0        0
                       'fixed':         20          30          0      592        0        0
                   'fs_random':         20           0          0        0        0        0
     'fs_random_quick_restart':         20           0          0        0        0        0
              'lb_tree_search':          1           0          0        0        0        0
                      'max_lp':          1         139        184        3        0        0
         'objective_lb_search':         20          24          0      575        0        0
  'objective_lb_search_max_lp':          1           0          0        0        0        0
                     'probing':         20           0          0        0        0        0
              'probing_max_lp':          1           0          0        0        0        0
                'pseudo_costs':          1         173        359       10        0        0
               'quick_restart':         20          41          0      685        0        0
               'reduced_costs':          1           0          0        0        0        0

Lp dimension                      Final dimension of first component
                  'default_lp':         3 rows, 6 columns, 6 entries
                       'fixed':         3 rows, 6 columns, 6 entries
                   'fs_random':         0 rows, 6 columns, 0 entries
     'fs_random_quick_restart':         0 rows, 6 columns, 0 entries
              'lb_tree_search':   203 rows, 209 columns, 406 entries
                      'max_lp':   267 rows, 209 columns, 808 entries
         'objective_lb_search':         3 rows, 6 columns, 6 entries
  'objective_lb_search_max_lp':       0 rows, 209 columns, 0 entries
                     'probing':         0 rows, 6 columns, 0 entries
              'probing_max_lp':   203 rows, 209 columns, 406 entries
                'pseudo_costs':  227 rows, 209 columns, 1031 entries
               'quick_restart':         3 rows, 6 columns, 6 entries
               'reduced_costs':       0 rows, 209 columns, 0 entries

Lp debug                         CutPropag  CutEqPropag  Adjust  Overflow  Bad  BadScaling
                  'default_lp':          0            0       0         0    0           0
                       'fixed':          0            0       0         0    0           0
                   'fs_random':          0            0       0         0    0           0
     'fs_random_quick_restart':          0            0       0         0    0           0
              'lb_tree_search':          0            0       0         0    0           0
                      'max_lp':          0            0       0         0  396           0
         'objective_lb_search':          0            0       0         0    0           0
  'objective_lb_search_max_lp':          0            0       0         0    0           0
                     'probing':          0            0       0         0    0           0
              'probing_max_lp':          0            0       0         0    0           0
                'pseudo_costs':          0            0       1         0  364           0
               'quick_restart':          0            0       0         0    0           0
               'reduced_costs':          0            0       0         0    0           0

Lp pool                          Constraints  Updates  Simplif  Merged  Shortened  Split  Strenghtened  Cuts/Call
                  'default_lp':          203        0        0       0          0      0             0        0/0
                       'fixed':          203        0        0       0          0      0             0        0/0
                   'fs_random':          203        0        0       0          0      0             0        0/0
     'fs_random_quick_restart':          203        0        0       0          0      0             0        0/0
              'lb_tree_search':          203        0        0       0          0      0             0        0/0
                      'max_lp':          387        0        0       0          0      0             0    184/260
         'objective_lb_search':          203        0        0       0          0      0             0        0/0
  'objective_lb_search_max_lp':          203        0        0       0          0      0             0        0/0
                     'probing':          203        0        0       0          0      0             0        0/0
              'probing_max_lp':          203        0        0       0          0      0             0        0/0
                'pseudo_costs':          549       55        1      13          0      0             0    359/556
               'quick_restart':          203        0        2       0          0      0             0        0/0
               'reduced_costs':          203        0        0       0          0      0             0        0/0

Lp Cut                                                max_lp  pseudo_costs
                                               CG_R:       -             2
                                            MIR_1_K:       -             5
                                            MIR_1_R:       -             5
                  NoOverlapCompletionTimeExhaustive:       4            12
           NoOverlapCompletionTimeExhaustive_lifted:       9            13
  NoOverlapCompletionTimeExhaustive_lifted_weighted:      25            51
         NoOverlapCompletionTimeExhaustive_weighted:      11            19
                    NoOverlapCompletionTimeQueyrane:      23            54
             NoOverlapCompletionTimeQueyrane_lifted:      43            86
                        NoOverlapDisjunctionOnStart:      69           109
                                        ZERO_HALF_R:       -             3

LNS stats                             Improv/Calls  Closed  Difficulty  TimeLimit
                    'graph_arc_lns':           1/1    100%    7.07e-01       0.10
                    'graph_cst_lns':           1/1      0%    2.93e-01       0.10
                    'graph_dec_lns':           0/1    100%    7.07e-01       0.10
                    'graph_var_lns':           1/1      0%    2.93e-01       0.10
                     'lb_relax_lns':           0/0      0%    5.00e-01       0.50
                        'rins/rens':           0/0      0%    5.00e-01       0.10
                      'rnd_cst_lns':           1/1      0%    2.93e-01       0.10
                      'rnd_var_lns':           1/1      0%    2.93e-01       0.10
         'scheduling_intervals_lns':           0/0      0%    5.00e-01       0.10
       'scheduling_precedences_lns':           0/0      0%    5.00e-01       0.10
  'scheduling_resource_windows_lns':           0/0      0%    5.00e-01       0.10
       'scheduling_time_window_lns':           0/0      0%    5.00e-01       0.10

LS stats                                    Batches  Restarts/Perturbs  LinMoves  GenMoves  CompoundMoves  Bactracks  WeightUpdates  ScoreComputed
                         'ls_lin_restart':        1                  1         2         8              0          0            194          5'700
                'ls_lin_restart_compound':        2                  2         0       128             12         58              1          8'573
                   'ls_lin_restart_decay':        2                  2         2        16              0          0             52          2'793
  'ls_lin_restart_decay_compound_perturb':        1                  1         0       125             11         57              1          7'248
           'ls_lin_restart_decay_perturb':        2                  2         6        80              0          0            138         12'196
                 'ls_lin_restart_perturb':        2                  2         8       132              0          0            155         21'772
                             'ls_restart':        2                  2         7       141              0          0            188         21'492
                    'ls_restart_compound':        3                  3         0       950             20        465             13         64'606
            'ls_restart_compound_perturb':        4                  4         0     1'469             81        694             19         93'334
                       'ls_restart_decay':        3                  3         8       198              0          0            153         21'449
      'ls_restart_decay_compound_perturb':        2                  2         0       820             22        399             11         56'489
               'ls_restart_decay_perturb':        2                  2         6       166              0          0            108         18'290
                     'ls_restart_perturb':        3                  3        12       203              0          0            151         36'600

Solutions (12)                     Num     Rank
                          'core':    1  [12,12]
                         'fixed':    1    [3,3]
          'ls_lin_restart_decay':    1  [10,10]
  'ls_lin_restart_decay_perturb':    1  [11,11]
                    'ls_restart':    1    [9,9]
              'ls_restart_decay':    2    [5,7]
      'ls_restart_decay_perturb':    1    [6,6]
            'ls_restart_perturb':    1    [8,8]
     'objective_lb_search_no_lp':    1    [4,4]
           'quick_restart_no_lp':    2    [1,2]

Objective bounds          Num
            'bool_core':   47
       'initial_domain':    1
  'objective_lb_search':    5

Solution repositories    Added  Queried  Synchro
  'feasible solutions':     41       55       26
   'fj solution hints':      0        0        0
        'lp solutions':      0        0        0
                'pump':      0        0

Improving bounds shared         Num  Sym
                      'fixed':   19    0
        'objective_lb_search':    1    0
  'objective_lb_search_no_lp':  189    0
               'pseudo_costs':  185    0
              'quick_restart':  380    0
        'quick_restart_no_lp':   19    0

CpSolverResponse summary:
status: OPTIMAL
objective: 1386
best_bound: 1386
integers: 210
booleans: 17
conflicts: 0
branches: 17
propagations: 0
integer_propagations: 285
restarts: 0
lp_iterations: 0
walltime: 0.0339061
usertime: 0.0339062
deterministic_time: 0.0814379
gap_integral: 0.608385
solution_fingerprint: 0x139864dcaba6ff51

