
Starting CP-SAT solver v9.14.6206
Parameters: max_time_in_seconds: 300 log_search_progress: true num_search_workers: 104 relative_gap_limit: 0.005

Initial optimization model '': (model_fingerprint: 0x8b0fa18fb49a53aa)
#Variables: 603 (#ints: 97 in objective) (506 primary variables)
  - 97 in [0,20084]
  - 2 in [1440,20084]
  - 64 in [2880,20084]
  - 440 in [4320,20084]
#kInterval: 257 (#fixed: 4)
#kLinMax: 97 (#expressions: 194)
#kLinear1: 32
#kLinear2: 221
#kNoOverlap: 10 (#intervals: 257, #fixed_intervals: 4)

Starting presolve at 0.00s
  9.29e-05s  0.00e+00d  [DetectDominanceRelations] 
  2.31e-03s  0.00e+00d  [PresolveToFixPoint] #num_loops=10 #num_dual_strengthening=1 
  2.74e-06s  0.00e+00d  [ExtractEncodingFromLinear] 
  1.53e-05s  0.00e+00d  [DetectDuplicateColumns] 
  8.27e-05s  0.00e+00d  [DetectDuplicateConstraints] 
[Symmetry] Graph for symmetry has 1'455 nodes and 1'407 arcs.
[Symmetry] Symmetry computation done. time: 9.6876e-05 dtime: 0.00016789
  8.66e-05s  0.00e+00d  [DetectDuplicateConstraintsWithDifferentEnforcements] 
  6.06e-04s  6.01e-06d  [Probe] #new_bounds=24 
  2.55e-06s  0.00e+00d  [MaxClique] 
  8.36e-05s  0.00e+00d  [DetectDominanceRelations] 
  6.31e-04s  0.00e+00d  [PresolveToFixPoint] #num_loops=3 #num_dual_strengthening=2 
  3.55e-05s  0.00e+00d  [ProcessAtMostOneAndLinear] 
  7.59e-05s  0.00e+00d  [DetectDuplicateConstraints] 
  7.03e-05s  0.00e+00d  [DetectDuplicateConstraintsWithDifferentEnforcements] 
  3.30e-05s  1.69e-06d  [DetectDominatedLinearConstraints] #relevant_constraints=281 
  3.47e-05s  0.00e+00d  [DetectDifferentVariables] 
  2.69e-06s  0.00e+00d  [ProcessSetPPC] 
  3.18e-06s  0.00e+00d  [FindAlmostIdenticalLinearConstraints] 
  1.33e-05s  0.00e+00d  [FindBigAtMostOneAndLinearOverlap] 
  1.93e-05s  1.03e-05d  [FindBigVerticalLinearOverlap] 
  2.27e-06s  0.00e+00d  [FindBigHorizontalLinearOverlap] 
  1.97e-06s  0.00e+00d  [MergeClauses] 
  8.30e-05s  0.00e+00d  [DetectDominanceRelations] 
  4.44e-04s  0.00e+00d  [PresolveToFixPoint] #num_loops=1 #num_dual_strengthening=1 
  7.50e-05s  0.00e+00d  [DetectDominanceRelations] 
  4.37e-04s  0.00e+00d  [PresolveToFixPoint] #num_loops=1 #num_dual_strengthening=1 
  1.20e-05s  0.00e+00d  [DetectDuplicateColumns] 
  7.02e-05s  0.00e+00d  [DetectDuplicateConstraints] 
[Symmetry] Graph for symmetry has 1'442 nodes and 1'389 arcs.
[Symmetry] Symmetry computation done. time: 9.5887e-05 dtime: 0.00016654
  7.75e-05s  0.00e+00d  [DetectDuplicateConstraintsWithDifferentEnforcements] 
  5.25e-04s  2.47e-06d  [Probe] 
  1.84e-06s  0.00e+00d  [MaxClique] 
  8.18e-05s  0.00e+00d  [DetectDominanceRelations] 
  4.81e-04s  0.00e+00d  [PresolveToFixPoint] #num_loops=1 #num_dual_strengthening=1 
  3.39e-05s  0.00e+00d  [ProcessAtMostOneAndLinear] 
  7.49e-05s  0.00e+00d  [DetectDuplicateConstraints] 
  7.08e-05s  0.00e+00d  [DetectDuplicateConstraintsWithDifferentEnforcements] 
  3.13e-05s  1.69e-06d  [DetectDominatedLinearConstraints] #relevant_constraints=281 
  3.37e-05s  0.00e+00d  [DetectDifferentVariables] 
  2.42e-06s  0.00e+00d  [ProcessSetPPC] 
  2.73e-06s  0.00e+00d  [FindAlmostIdenticalLinearConstraints] 
  1.34e-05s  0.00e+00d  [FindBigAtMostOneAndLinearOverlap] 
  1.86e-05s  1.03e-05d  [FindBigVerticalLinearOverlap] 
  2.09e-06s  0.00e+00d  [FindBigHorizontalLinearOverlap] 
  1.70e-06s  0.00e+00d  [MergeClauses] 
  7.71e-05s  0.00e+00d  [DetectDominanceRelations] 
  4.44e-04s  0.00e+00d  [PresolveToFixPoint] #num_loops=1 #num_dual_strengthening=1 
  2.05e-05s  0.00e+00d  [ExpandObjective] 

Presolve summary:
  - 275 affine relations were detected.
  - rule 'TODO dual: only one blocking constraint?' was applied 717 times.
  - rule 'TODO dual: only one unspecified blocking constraint?' was applied 420 times.
  - rule 'affine: new relation' was applied 275 times.
  - rule 'dual: reduced domain' was applied 4 times.
  - rule 'intervals: removed unused interval' was applied 4 times.
  - rule 'lin_max: converted abs to equality' was applied 20 times.
  - rule 'lin_max: converted to equality' was applied 4 times.
  - rule 'lin_max: propagate domain from x to abs(x)' was applied 37 times.
  - rule 'lin_max: removed exprs' was applied 4 times.
  - rule 'lin_max: rewrite with precedences' was applied 60 times.
  - rule 'lin_max: target domain reduced' was applied 64 times.
  - rule 'linear1: x in domain' was applied 22 times.
  - rule 'linear: always true' was applied 72 times.
  - rule 'linear: fixed or dup variables' was applied 2 times.
  - rule 'linear: reduced variable domains' was applied 1'294 times.
  - rule 'linear: remapped using affine relations' was applied 583 times.
  - rule 'no_overlap: split into disjoint components' was applied 4 times.
  - rule 'objective: variable not used elsewhere' was applied 2 times.
  - rule 'presolve: 2 unused variables removed.' was applied 1 time.
  - rule 'presolve: iteration' was applied 2 times.

Presolved optimization model '': (model_fingerprint: 0xd6359997962dd284)
#Variables: 326 (#ints: 93 in objective) (253 primary variables)
  - 260 different domains in [0,20063] with a largest complexity of 1.
#kInterval: 253
#kLinMax: 13 (#expressions: 26)
#kLinear2: 281
#kNoOverlap: 10 (#intervals: 253)
[Symmetry] Graph for symmetry has 1'165 nodes and 1'389 arcs.
[Symmetry] Symmetry computation done. time: 8.5851e-05 dtime: 0.00014992

Preloading model.
#Bound   0.01s best:inf   next:[13768,3557042] initial_domain
#Model   0.01s var:326/326 constraints:557/557

Starting search at 0.01s with 104 workers.
18 full problem subsolvers: [core, default_lp, fixed, lb_tree_search, max_lp, no_lp, objective_lb_search, objective_lb_search_max_lp, objective_lb_search_no_lp, objective_shaving_max_lp, objective_shaving_no_lp, probing, probing_max_lp, probing_no_lp, pseudo_costs, quick_restart, quick_restart_no_lp, reduced_costs]
86 first solution subsolvers: [fj(25), fj_lin(12), fs_random(12), fs_random_no_lp(13), fs_random_quick_restart(12), fs_random_quick_restart_no_lp(12)]
45 interleaved subsolvers: [feasibility_pump, graph_arc_lns, graph_cst_lns, graph_dec_lns, graph_var_lns, lb_relax_lns, ls(19), ls_lin(10), rins/rens, rnd_cst_lns, rnd_var_lns, scheduling_intervals_lns, scheduling_precedences_lns, scheduling_resource_windows_lns, scheduling_time_window_lns, variables_shaving, variables_shaving_max_lp, variables_shaving_no_lp]
3 helper subsolvers: [neighborhood_helper, synchronization_agent, update_gap_integral]

#Bound   0.02s best:inf   next:[13809,3557042] objective_lb_search
#1       0.02s best:41250 next:[13809,41249] no_lp
#Bound   0.02s best:41250 next:[13810,41249] bool_core (num_cores=1 [cover] a=92 d=1 fixed=4/108 clauses=15)
#Bound   0.02s best:41250 next:[13817,41249] bool_core (num_cores=1 [cover] a=92 d=1 fixed=5/111 clauses=21)
#Bound   0.02s best:41250 next:[13824,41249] bool_core (num_cores=1 [cover] a=92 d=1 fixed=6/114 clauses=28)
#Bound   0.02s best:41250 next:[13831,41249] bool_core (num_cores=1 [cover] a=92 d=1 fixed=7/117 clauses=36)
#Bound   0.02s best:41250 next:[13838,41249] bool_core (num_cores=1 [cover] a=92 d=1 fixed=8/120 clauses=45)
#Bound   0.02s best:41250 next:[13845,41249] bool_core (num_cores=1 [cover] a=92 d=1 fixed=9/123 clauses=55)
#Bound   0.02s best:41250 next:[13852,41249] bool_core (num_cores=1 [cover] a=92 d=1 fixed=10/126 clauses=66)
#Bound   0.02s best:41250 next:[13859,41249] bool_core (num_cores=1 [cover] a=92 d=1 fixed=11/129 clauses=78)
#Bound   0.02s best:41250 next:[13866,41249] bool_core (num_cores=1 [cover] a=92 d=1 fixed=12/132 clauses=91)
#Bound   0.02s best:41250 next:[13873,41249] bool_core (num_cores=1 [cover] a=92 d=1 fixed=13/135 clauses=105)
#Bound   0.02s best:41250 next:[13880,41249] bool_core (num_cores=1 [cover] a=92 d=1 fixed=14/138 clauses=120)
#Bound   0.02s best:41250 next:[13887,41249] bool_core (num_cores=1 [cover] a=92 d=1 fixed=15/141 clauses=136)
#Bound   0.02s best:41250 next:[13894,41249] bool_core (num_cores=1 [cover] a=92 d=1 fixed=16/144 clauses=153)
#Bound   0.02s best:41250 next:[13901,41249] bool_core (num_cores=1 [cover] a=92 d=1 fixed=17/147 clauses=171)
#Bound   0.02s best:41250 next:[13908,41249] bool_core (num_cores=1 [cover] a=92 d=1 fixed=18/150 clauses=190)
#Bound   0.02s best:41250 next:[13915,41249] bool_core (num_cores=1 [cover] a=92 d=1 fixed=19/153 clauses=210)
#Bound   0.02s best:41250 next:[13922,41249] bool_core (num_cores=1 [cover] a=92 d=1 fixed=20/156 clauses=231)
#Bound   0.02s best:41250 next:[13929,41249] bool_core (num_cores=1 [cover] a=92 d=1 fixed=21/159 clauses=253)
#Bound   0.02s best:41250 next:[13936,41249] bool_core (num_cores=1 [cover] a=92 d=1 fixed=22/162 clauses=276)
#2       0.02s best:40982 next:[14279,40981] quick_restart_no_lp
#3       0.03s best:40768 next:[14279,40767] rnd_var_lns (d=5.00e-01 s=34 t=0.10 p=0.00 stall=0 h=base)
#4       0.03s best:40656 next:[14279,40655] ls_restart_compound(batch:1 lin{mvs:0 evals:64} gen{mvs:6 evals:65} comp{mvs:6 btracks:0} #w_updates:0 #perturb:0)
#5       0.03s best:40650 next:[14279,40649] ls_restart_compound_perturb(batch:1 lin{mvs:0 evals:30} gen{mvs:2 evals:33} comp{mvs:2 btracks:0} #w_updates:0 #perturb:0)
#6       0.03s best:40364 next:[19869,40363] ls_restart_decay_perturb(batch:1 lin{mvs:20 evals:1'385} gen{mvs:44 evals:725} #w_updates:6 #perturb:0) [combined with: ls_restart_compound_...]
#7       0.03s best:40312 next:[19869,40311] ls_restart_compound(batch:1 lin{mvs:0 evals:61} gen{mvs:3 evals:48} comp{mvs:3 btracks:0} #w_updates:0 #perturb:0) [combined with: ls_restart_decay_per...]
#8       0.03s best:39992 next:[19869,39991] ls_restart_compound_perturb(batch:1 lin{mvs:0 evals:430} gen{mvs:26 evals:364} comp{mvs:8 btracks:9} #w_updates:0 #perturb:0)
#9       0.03s best:39136 next:[19869,39135] ls_restart_compound_perturb(batch:1 lin{mvs:0 evals:430} gen{mvs:26 evals:364} comp{mvs:8 btracks:9} #w_updates:0 #perturb:0) [combined with: ls_restart_compound(...]
#10      0.04s best:39131 next:[19869,39130] ls_restart_decay_compound_perturb(batch:1 lin{mvs:0 evals:665} gen{mvs:62 evals:655} comp{mvs:12 btracks:25} #w_updates:1 #perturb:0) [combined with: ls_restart_compound_...]
#11      0.04s best:38863 next:[19869,38862] ls_lin_restart_compound(batch:1 lin{mvs:0 evals:104} gen{mvs:5 evals:87} comp{mvs:5 btracks:0} #w_updates:0 #perturb:0)
#12      0.04s best:34837 next:[19869,34836] fixed
#13      0.04s best:33992 next:[19869,33991] ls_lin_restart_decay_compound_perturb(batch:1 lin{mvs:0 evals:369} gen{mvs:24 evals:320} comp{mvs:6 btracks:9} #w_updates:0 #perturb:0)
#14      0.04s best:33967 next:[19869,33966] ls_restart_decay_compound_perturb(batch:1 lin{mvs:0 evals:62} gen{mvs:3 evals:62} comp{mvs:3 btracks:0} #w_updates:0 #perturb:0) [combined with: ls_lin_restart_decay...]
#15      0.04s best:33966 next:[19869,33965] ls_restart_compound_perturb(batch:1 lin{mvs:0 evals:117} gen{mvs:10 evals:133} comp{mvs:4 btracks:3} #w_updates:0 #perturb:0) [combined with: ls_restart_decay_com...]
#16      0.04s best:28758 next:[19869,28757] core
#17      0.05s best:28751 next:[20018,28750] ls_restart_compound_perturb(batch:1 lin{mvs:0 evals:30} gen{mvs:9 evals:94} comp{mvs:5 btracks:2} #w_updates:0 #perturb:0)
#18      0.05s best:28744 next:[20018,28743] ls_restart_decay_compound_perturb(batch:1 lin{mvs:0 evals:101} gen{mvs:29 evals:278} comp{mvs:15 btracks:7} #w_updates:0 #perturb:0)
#19      0.05s best:28737 next:[20018,28736] ls_restart_decay_compound(batch:1 lin{mvs:0 evals:258} gen{mvs:67 evals:692} comp{mvs:15 btracks:26} #w_updates:1 #perturb:0)
#20      0.05s best:28730 next:[20018,28729] ls_restart_compound(batch:1 lin{mvs:0 evals:344} gen{mvs:105 evals:944} comp{mvs:17 btracks:44} #w_updates:1 #perturb:0)
#21      0.05s best:28723 next:[20018,28722] ls_restart_compound(batch:1 lin{mvs:0 evals:126} gen{mvs:33 evals:348} comp{mvs:5 btracks:14} #w_updates:0 #perturb:0)
#22      0.05s best:27018 next:[20018,27017] rnd_cst_lns (d=5.00e-01 s=131 t=0.10 p=0.00 stall=0 h=base)
#23      0.05s best:27013 next:[20018,27012] rnd_cst_lns (d=5.00e-01 s=131 t=0.10 p=0.00 stall=0 h=base) [combined with: ls_restart_compound(...]
#24      0.06s best:26797 next:[20018,26796] rnd_cst_lns (d=5.00e-01 s=105 t=0.10 p=0.00 stall=0 h=base) [combined with: rnd_cst_lns (d=5.00e...]
#25      0.06s best:26647 next:[20018,26646] ls_restart_perturb(batch:1 lin{mvs:13 evals:263} gen{mvs:40 evals:470} #w_updates:2 #perturb:0)
#26      0.06s best:26440 next:[20018,26439] rins_pump_lns (d=5.00e-01 s=102 t=0.10 p=0.00 stall=0 h=base)
#27      0.06s best:26419 next:[20018,26418] rins_pump_lns (d=5.00e-01 s=174 t=0.10 p=0.00 stall=0 h=base)
#28      0.06s best:26412 next:[20018,26411] ls_restart_compound(batch:1 lin{mvs:0 evals:36} gen{mvs:9 evals:105} comp{mvs:5 btracks:2} #w_updates:0 #perturb:0)
#29      0.07s best:26405 next:[20018,26404] ls_restart_compound(batch:1 lin{mvs:0 evals:152} gen{mvs:53 evals:418} comp{mvs:11 btracks:21} #w_updates:0 #perturb:0)
#30      0.07s best:26398 next:[20018,26397] ls_lin_restart_compound_perturb(batch:1 lin{mvs:0 evals:112} gen{mvs:31 evals:293} comp{mvs:15 btracks:8} #w_updates:0 #perturb:0)
#31      0.07s best:26391 next:[20018,26390] ls_lin_restart_compound(batch:1 lin{mvs:0 evals:88} gen{mvs:27 evals:231} comp{mvs:11 btracks:8} #w_updates:0 #perturb:0)
#32      0.07s best:26309 next:[20018,26308] ls_lin_restart_decay(batch:1 lin{mvs:10 evals:250} gen{mvs:35 evals:487} #w_updates:5 #perturb:0)
#33      0.07s best:26302 next:[20018,26301] ls_lin_restart_decay(batch:1 lin{mvs:10 evals:250} gen{mvs:35 evals:487} #w_updates:5 #perturb:0) [combined with: ls_lin_restart_compo...]
#34      0.07s best:26295 next:[20018,26294] ls_lin_restart_decay_compound(batch:1 lin{mvs:0 evals:51} gen{mvs:15 evals:175} comp{mvs:9 btracks:3} #w_updates:0 #perturb:0)
#35      0.08s best:26036 next:[20018,26035] ls_restart(batch:1 lin{mvs:9 evals:728} gen{mvs:196 evals:3'168} #w_updates:364 #perturb:0)
#36      0.08s best:26032 next:[20018,26031] ls_lin_restart_perturb(batch:1 lin{mvs:11 evals:1'001} gen{mvs:261 evals:3'221} #w_updates:53 #perturb:0) [combined with: graph_dec_lns (d=7.0...]
#37      0.09s best:26008 next:[20018,26007] ls_restart_perturb(batch:1 lin{mvs:8 evals:156} gen{mvs:14 evals:233} #w_updates:1 #perturb:0)
#38      0.09s best:26002 next:[20018,26001] ls_lin_restart_decay_perturb(batch:1 lin{mvs:9 evals:177} gen{mvs:20 evals:263} #w_updates:1 #perturb:0)
#39      0.09s best:25996 next:[20018,25995] ls_lin_restart_compound(batch:1 lin{mvs:0 evals:19} gen{mvs:4 evals:49} comp{mvs:4 btracks:0} #w_updates:0 #perturb:0)
#40      0.09s best:25984 next:[20018,25983] ls_restart_decay_perturb(batch:1 lin{mvs:8 evals:177} gen{mvs:16 evals:228} #w_updates:2 #perturb:0)
#41      0.10s best:25936 next:[20018,25935] ls_(batch:3 lin{mvs:40 evals:7'980} gen{mvs:749 evals:11'817} #w_updates:397 #perturb:3) [combined with: ls_restart_decay_per...]
#42      0.10s best:25845 next:[20018,25844] graph_arc_lns (d=5.00e-01 s=136 t=0.10 p=0.00 stall=0 h=base) [combined with: ls_(batch:3 lin{mvs:...]
#43      0.10s best:25665 next:[20018,25664] ls_restart_decay_perturb(batch:1 lin{mvs:10 evals:179} gen{mvs:14 evals:172} #w_updates:0 #perturb:0)
#44      0.11s best:25659 next:[20018,25658] ls_lin_restart_decay(batch:1 lin{mvs:7 evals:452} gen{mvs:104 evals:1'257} #w_updates:19 #perturb:0)
#45      0.12s best:25653 next:[20018,25652] ls_restart_compound(batch:1 lin{mvs:0 evals:258} gen{mvs:67 evals:771} comp{mvs:23 btracks:22} #w_updates:1 #perturb:0)
#46      0.12s best:25605 next:[20018,25604] ls_restart_decay_perturb(batch:1 lin{mvs:9 evals:234} gen{mvs:31 evals:381} #w_updates:5 #perturb:0)
#47      0.13s best:25599 next:[20018,25598] ls_lin_restart_compound_perturb(batch:1 lin{mvs:0 evals:101} gen{mvs:44 evals:331} comp{mvs:10 btracks:17} #w_updates:0 #perturb:0)
#48      0.13s best:25395 next:[20018,25394] quick_restart_no_lp
#49      0.14s best:25389 next:[20018,25388] quick_restart_no_lp
#50      0.14s best:25388 next:[20018,25387] ls_restart_decay_compound_perturb(batch:1 lin{mvs:0 evals:8} gen{mvs:1 evals:19} comp{mvs:1 btracks:0} #w_updates:0 #perturb:0)
#51      0.16s best:25151 next:[20018,25150] ls_restart_decay(batch:1 lin{mvs:9 evals:1'484} gen{mvs:358 evals:4'612} #w_updates:106 #perturb:0)
#52      0.18s best:25031 next:[20018,25030] lb_relax_lns_bool_h (d=5.00e-01 s=168 t=0.50 p=0.00 stall=0 h=base) [combined with: ls_restart_decay(bat...]
#53      0.19s best:25025 next:[20018,25024] ls_lin_restart_decay_compound_perturb(batch:1 lin{mvs:0 evals:1'039} gen{mvs:340 evals:3'296} comp{mvs:58 btracks:141} #w_updates:3 #perturb:0)
#54      0.20s best:25019 next:[20018,25018] ls_restart_compound_perturb(batch:1 lin{mvs:0 evals:215} gen{mvs:62 evals:678} comp{mvs:12 btracks:25} #w_updates:0 #perturb:0)
#55      0.20s best:24989 next:[20018,24988] ls_lin_restart_compound(batch:1 lin{mvs:0 evals:11} gen{mvs:3 evals:41} comp{mvs:3 btracks:0} #w_updates:0 #perturb:0)
#56      0.22s best:24716 next:[20018,24715] ls_restart_decay(batch:1 lin{mvs:8 evals:1'097} gen{mvs:314 evals:3'750} #w_updates:48 #perturb:0)
#57      0.23s best:24710 next:[20018,24709] ls_lin_restart_compound_perturb(batch:1 lin{mvs:0 evals:75} gen{mvs:20 evals:238} comp{mvs:12 btracks:4} #w_updates:0 #perturb:0)
#58      0.23s best:24703 next:[20018,24702] ls_lin_restart_compound(batch:1 lin{mvs:0 evals:168} gen{mvs:48 evals:575} comp{mvs:22 btracks:13} #w_updates:0 #perturb:0)
#59      0.23s best:24673 next:[20018,24672] ls_restart_decay(batch:1 lin{mvs:9 evals:777} gen{mvs:195 evals:2'273} #w_updates:24 #perturb:0)
#60      0.24s best:24355 next:[20018,24354] ls_restart_decay_perturb(batch:1 lin{mvs:8 evals:228} gen{mvs:28 evals:442} #w_updates:4 #perturb:0)
#61      0.33s best:24235 next:[20018,24234] quick_restart
#62      0.34s best:24215 next:[20018,24214] ls_restart_compound_perturb(batch:1 lin{mvs:0 evals:53} gen{mvs:11 evals:157} comp{mvs:5 btracks:3} #w_updates:0 #perturb:0)
#63      0.39s best:24196 next:[20018,24195] ls_lin_restart_decay_perturb(batch:1 lin{mvs:8 evals:1'980} gen{mvs:590 evals:7'569} #w_updates:166 #perturb:0)
#64      0.39s best:24195 next:[20018,24194] ls_lin_restart_decay_perturb(batch:1 lin{mvs:8 evals:1'980} gen{mvs:590 evals:7'569} #w_updates:166 #perturb:0) [combined with: quick_restart...]
#65      0.39s best:24189 next:[20018,24188] ls_lin_restart_decay_compound(batch:1 lin{mvs:0 evals:48} gen{mvs:16 evals:174} comp{mvs:4 btracks:6} #w_updates:0 #perturb:0)
#66      0.39s best:24182 next:[20018,24181] ls_restart_decay_compound_perturb(batch:1 lin{mvs:0 evals:16} gen{mvs:3 evals:47} comp{mvs:3 btracks:0} #w_updates:0 #perturb:0)
#67      0.40s best:24176 next:[20018,24175] ls_restart_decay_compound_perturb(batch:1 lin{mvs:0 evals:850} gen{mvs:216 evals:2'414} comp{mvs:24 btracks:96} #w_updates:1 #perturb:0)
#68      0.41s best:24175 next:[20018,24174] ls_restart(batch:1 lin{mvs:9 evals:788} gen{mvs:141 evals:2'367} #w_updates:78 #perturb:0)
#69      0.41s best:24171 next:[20018,24170] ls_restart_decay_compound_perturb(batch:1 lin{mvs:0 evals:26} gen{mvs:5 evals:87} comp{mvs:5 btracks:0} #w_updates:0 #perturb:0)
#70      0.41s best:24169 next:[20018,24168] ls_restart_compound_perturb(batch:1 lin{mvs:0 evals:7} gen{mvs:2 evals:26} comp{mvs:2 btracks:0} #w_updates:0 #perturb:0)
#71      0.41s best:24152 next:[20018,24151] ls_restart_decay_perturb(batch:1 lin{mvs:10 evals:353} gen{mvs:46 evals:728} #w_updates:7 #perturb:0)
#72      0.41s best:24145 next:[20018,24144] ls_lin_restart_compound_perturb(batch:1 lin{mvs:0 evals:15} gen{mvs:3 evals:47} comp{mvs:3 btracks:0} #w_updates:0 #perturb:0)
#73      0.42s best:24139 next:[20021,24138] ls_restart_decay_compound(batch:1 lin{mvs:0 evals:145} gen{mvs:44 evals:426} comp{mvs:6 btracks:19} #w_updates:0 #perturb:0)
#74      0.42s best:24132 next:[20021,24131] ls_restart_compound_perturb(batch:1 lin{mvs:0 evals:105} gen{mvs:19 evals:308} comp{mvs:15 btracks:2} #w_updates:0 #perturb:0)
#75      0.42s best:24131 next:[20021,24130] ls_lin_restart_compound_perturb(batch:1 lin{mvs:0 evals:77} gen{mvs:17 evals:231} comp{mvs:7 btracks:5} #w_updates:0 #perturb:0)
#76      0.43s best:24105 next:[20021,24104] ls_restart_perturb(batch:1 lin{mvs:9 evals:601} gen{mvs:104 evals:1'618} #w_updates:26 #perturb:0)
#77      0.43s best:24099 next:[20021,24098] ls_restart_perturb(batch:1 lin{mvs:9 evals:601} gen{mvs:104 evals:1'618} #w_updates:26 #perturb:0) [combined with: ls_lin_restart_compo...]
#78      0.43s best:24092 next:[20021,24091] ls_lin_restart_compound_perturb(batch:1 lin{mvs:0 evals:274} gen{mvs:59 evals:793} comp{mvs:25 btracks:17} #w_updates:0 #perturb:0) [combined with: ls_restart_perturb(b...]
#79      0.43s best:23990 next:[20021,23989] ls_restart_compound(batch:1 lin{mvs:0 evals:661} gen{mvs:156 evals:1'868} comp{mvs:14 btracks:71} #w_updates:1 #perturb:0)
#80      0.43s best:23705 next:[20021,23704] ls_restart_decay(batch:1 lin{mvs:7 evals:798} gen{mvs:208 evals:2'443} #w_updates:33 #perturb:0)
#81      0.44s best:23698 next:[20021,23697] ls_restart_compound_perturb(batch:1 lin{mvs:0 evals:148} gen{mvs:33 evals:413} comp{mvs:7 btracks:13} #w_updates:0 #perturb:0)
#82      0.44s best:23691 next:[20021,23690] ls_restart_compound_perturb(batch:1 lin{mvs:0 evals:15} gen{mvs:3 evals:43} comp{mvs:3 btracks:0} #w_updates:0 #perturb:0)
#83      0.44s best:23684 next:[20021,23683] ls_lin_restart_decay_compound_perturb(batch:1 lin{mvs:0 evals:102} gen{mvs:17 evals:249} comp{mvs:15 btracks:1} #w_updates:0 #perturb:0)
#84      0.44s best:23679 next:[20021,23678] ls_restart_perturb(batch:1 lin{mvs:7 evals:236} gen{mvs:25 evals:376} #w_updates:3 #perturb:0)
#85      0.44s best:23672 next:[20021,23671] ls_restart_perturb(batch:1 lin{mvs:7 evals:236} gen{mvs:25 evals:376} #w_updates:3 #perturb:0) [combined with: ls_lin_restart_decay...]
#86      0.44s best:23671 next:[20021,23670] ls_lin_restart_decay_perturb(batch:1 lin{mvs:7 evals:219} gen{mvs:35 evals:423} #w_updates:5 #perturb:0)
#87      0.44s best:23665 next:[20021,23664] ls_lin_restart_compound_perturb(batch:1 lin{mvs:0 evals:66} gen{mvs:12 evals:180} comp{mvs:12 btracks:0} #w_updates:0 #perturb:0)
#88      0.44s best:23659 next:[20021,23658] ls_restart_compound(batch:1 lin{mvs:0 evals:165} gen{mvs:44 evals:459} comp{mvs:18 btracks:13} #w_updates:0 #perturb:0) [combined with: ls_lin_restart_compo...]
#89      0.44s best:23653 next:[20021,23652] ls_restart_decay_compound_perturb(batch:1 lin{mvs:0 evals:7} gen{mvs:2 evals:24} comp{mvs:2 btracks:0} #w_updates:0 #perturb:0)
#90      0.45s best:23646 next:[20021,23645] ls_restart_compound_perturb(batch:1 lin{mvs:0 evals:17} gen{mvs:3 evals:42} comp{mvs:3 btracks:0} #w_updates:0 #perturb:0)
#91      0.45s best:23622 next:[20021,23621] ls_restart_perturb(batch:1 lin{mvs:7 evals:253} gen{mvs:30 evals:429} #w_updates:5 #perturb:0)
#92      0.45s best:23616 next:[20021,23615] ls_restart_compound_perturb(batch:1 lin{mvs:0 evals:69} gen{mvs:14 evals:179} comp{mvs:6 btracks:4} #w_updates:0 #perturb:0)
#93      0.45s best:23592 next:[20021,23591] ls_restart_decay_perturb(batch:1 lin{mvs:6 evals:177} gen{mvs:21 evals:312} #w_updates:3 #perturb:0)
#94      0.45s best:23571 next:[20021,23570] ls_lin_restart_decay_perturb(batch:1 lin{mvs:7 evals:817} gen{mvs:182 evals:2'150} #w_updates:38 #perturb:0)
#95      0.45s best:23486 next:[20021,23485] ls_lin_restart_decay_perturb(batch:1 lin{mvs:7 evals:817} gen{mvs:182 evals:2'150} #w_updates:38 #perturb:0) [combined with: ls_restart_decay_per...]
#96      0.46s best:23484 next:[20021,23483] ls_restart_decay_compound(batch:1 lin{mvs:0 evals:117} gen{mvs:29 evals:356} comp{mvs:9 btracks:10} #w_updates:0 #perturb:0)
#97      0.47s best:23483 next:[20021,23482] ls_lin_restart_compound_perturb(batch:1 lin{mvs:0 evals:54} gen{mvs:18 evals:180} comp{mvs:4 btracks:7} #w_updates:0 #perturb:0)
#98      0.59s best:23441 next:[20021,23440] quick_restart_no_lp
#99      0.59s best:23434 next:[20021,23433] ls_restart_decay_perturb(batch:1 lin{mvs:6 evals:187} gen{mvs:24 evals:326} #w_updates:7 #perturb:0)
#100     0.60s best:23427 next:[20021,23426] ls_restart_compound(batch:1 lin{mvs:0 evals:585} gen{mvs:145 evals:1'609} comp{mvs:25 btracks:60} #w_updates:1 #perturb:0)
#101     0.60s best:23373 next:[20021,23372] ls_restart_compound(batch:1 lin{mvs:0 evals:585} gen{mvs:145 evals:1'609} comp{mvs:25 btracks:60} #w_updates:1 #perturb:0) [combined with: quick_restart_no_lp...]
#102     0.60s best:23367 next:[20021,23366] ls_restart(batch:1 lin{mvs:6 evals:205} gen{mvs:31 evals:425} #w_updates:5 #perturb:0)
#103     0.84s best:23363 next:[20021,23362] quick_restart_no_lp
#104     0.88s best:23362 next:[20021,23361] quick_restart_no_lp
#105     0.98s best:23361 next:[20021,23360] quick_restart_no_lp
#Bound   0.42s best:24145 next:[20021,24144] lb_tree_search [skipped_logs=51]
#106     1.00s best:23358 next:[20021,23357] quick_restart_no_lp
#107     1.02s best:23357 next:[20021,23356] quick_restart_no_lp
#108     1.06s best:23348 next:[20021,23347] quick_restart_no_lp
#109     1.18s best:23173 next:[20117,23172] graph_arc_lns (d=9.39e-01 s=1011 t=0.10 p=1.00 stall=0 h=base)
#110     1.18s best:23154 next:[20117,23153] graph_arc_lns (d=9.39e-01 s=1011 t=0.10 p=1.00 stall=0 h=base) [combined with: quick_restart_no_lp...]
#111     1.19s best:23148 next:[20117,23147] ls_restart_decay(batch:1 lin{mvs:5 evals:402} gen{mvs:60 evals:945} #w_updates:64 #perturb:0)
#112     1.19s best:23141 next:[20117,23140] ls_lin_restart_decay_compound_perturb(batch:1 lin{mvs:0 evals:360} gen{mvs:127 evals:924} comp{mvs:11 btracks:58} #w_updates:1 #perturb:0)
#113     1.24s best:23090 next:[20626,23089] ls_lin_restart(batch:1 lin{mvs:5 evals:219} gen{mvs:177 evals:2'068} #w_updates:285 #perturb:0)
#114     1.25s best:23069 next:[20626,23068] ls_restart_decay_compound_perturb(batch:1 lin{mvs:0 evals:204} gen{mvs:47 evals:500} comp{mvs:9 btracks:19} #w_updates:0 #perturb:0)
#115     1.25s best:23057 next:[20626,23056] ls_restart_decay_perturb(batch:1 lin{mvs:4 evals:239} gen{mvs:20 evals:378} #w_updates:4 #perturb:0)
#116     1.34s best:23050 next:[20628,23049] quick_restart_no_lp
#117     1.34s best:22889 next:[20628,22888] ls_restart_decay_compound(batch:1 lin{mvs:0 evals:14} gen{mvs:2 evals:39} comp{mvs:2 btracks:0} #w_updates:0 #perturb:0)
#118     1.54s best:22875 next:[20713,22874] graph_var_lns (d=6.52e-01 s=1722 t=0.10 p=0.50 stall=0 h=base)
#119     1.81s best:22870 next:[20748,22869] graph_arc_lns (d=7.41e-01 s=1963 t=0.10 p=0.50 stall=2 h=base)
#120     1.92s best:22867 next:[20756,22866] scheduling_time_window_lns (d=1.24e-01 s=1984 t=0.10 p=0.00 stall=0 h=base) [combined with: graph_arc_lns (d=7.4...]
#Bound   1.88s best:22870 next:[20756,22869] objective_lb_search_max_lp [skipped_logs=12]
#121     2.21s best:22858 next:[20756,22857] graph_cst_lns (d=7.75e-01 s=2235 t=0.10 p=0.55 stall=0 h=base)
#122     2.40s best:22846 next:[20756,22845] rnd_var_lns (d=8.18e-01 s=2346 t=0.10 p=0.55 stall=3 h=base)
#123     2.44s best:22611 next:[20756,22610] graph_arc_lns (d=7.99e-01 s=2076 t=0.10 p=0.55 stall=0 h=base)
#124     2.45s best:22604 next:[20756,22603] ls_restart_decay_perturb(batch:1 lin{mvs:5 evals:156} gen{mvs:6 evals:121} #w_updates:1 #perturb:0)
#125     2.45s best:22603 next:[20756,22602] ls_restart_compound(batch:1 lin{mvs:0 evals:218} gen{mvs:45 evals:474} comp{mvs:13 btracks:16} #w_updates:0 #perturb:0)
#126     2.50s best:22591 next:[20756,22590] graph_arc_lns (d=8.43e-01 s=2142 t=0.10 p=0.58 stall=1 h=base)
#127     2.50s best:22554 next:[20756,22553] ls_restart_compound(batch:1 lin{mvs:0 evals:67} gen{mvs:8 evals:140} comp{mvs:8 btracks:0} #w_updates:0 #perturb:0)
#128     2.67s best:22546 next:[20756,22545] graph_dec_lns (d=7.41e-01 s=2493 t=0.10 p=0.50 stall=1 h=base)
#129     2.78s best:22541 next:[20770,22540] graph_var_lns (d=5.49e-01 s=2463 t=0.10 p=0.44 stall=2 h=base)
#130     2.82s best:22398 next:[20833,22397] graph_dec_lns (d=7.99e-01 s=2535 t=0.10 p=0.55 stall=0 h=base)
#Bound   2.98s best:22398 next:[21125,22397] objective_lb_search_max_lp [skipped_logs=5]
#131     3.24s best:22397 next:[21137,22396] graph_dec_lns (d=8.43e-01 s=2572 t=0.10 p=0.58 stall=1 h=base)
#132     3.40s best:22394 next:[21231,22393] graph_var_lns (d=8.68e-01 s=2757 t=0.10 p=0.64 stall=3 h=base)
#133     3.91s best:22389 next:[21231,22388] scheduling_time_window_lns (d=1.23e-01 s=2919 t=0.10 p=0.29 stall=1 h=base)
#Bound   3.26s best:22397 next:[21231,22396] objective_lb_search_max_lp [skipped_logs=2]
#134     4.90s best:22382 next:[21231,22381] scheduling_time_window_lns (d=1.20e-01 s=3581 t=0.10 p=0.36 stall=3 h=base)
#Bound   8.40s best:22382 next:[21233,22381] bool_core (num_cores=37 [cover] a=71 d=6 fixed=1242/13206 clauses=998'619)
#Bound   8.47s best:22382 next:[21239,22381] bool_core (num_cores=37 [cover] a=71 d=6 fixed=1243/13235 clauses=1'003'680)
#Bound   8.56s best:22382 next:[21245,22381] bool_core (num_cores=37 [cover] a=71 d=6 fixed=1244/13264 clauses=1'008'760)
#Bound   8.66s best:22382 next:[21251,22381] bool_core (num_cores=37 [cover] a=71 d=6 fixed=1245/13293 clauses=1'013'844)
#Bound   8.96s best:22382 next:[21275,22381] bool_core (num_cores=37 [cover] a=71 d=6 fixed=1249/13409 clauses=1'034'306) [skipped_logs=3]
#Bound   9.96s best:22382 next:[21341,22381] bool_core (num_cores=37 [cover] a=71 d=6 fixed=1260/13728 clauses=1'091'503) [skipped_logs=10]
#Bound  11.86s best:22382 next:[21347,22381] bool_core (num_cores=38 [size:2 mw:6 d:7] a=70 d=7 fixed=1700/13757 clauses=914'402)
#Bound  11.98s best:22382 next:[21359,22381] bool_core (num_cores=38 [cover] a=70 d=7 fixed=1701/13817 clauses=924'163) [skipped_logs=1]
#Bound  12.98s best:22382 next:[21453,22381] bool_core (num_cores=41 [cover] a=69 d=9 fixed=1766/14605 clauses=1'024'909) [skipped_logs=28]
#Bound  13.99s best:22382 next:[21499,22381] bool_core (num_cores=43 [cover] a=69 d=9 fixed=1810/15598 clauses=1'142'939) [skipped_logs=45]
#Bound  14.98s best:22382 next:[21519,22381] bool_core (num_cores=43 [cover] a=69 d=9 fixed=1830/16478 clauses=1'267'269) [skipped_logs=19]
#135    15.31s best:22356 next:[21524,22355] lb_relax_lns_int (d=4.30e-01 s=8040 t=0.50 p=0.44 stall=5 h=base)
#136    15.60s best:22302 next:[21528,22301] graph_dec_lns (d=5.53e-01 s=11421 t=0.10 p=0.46 stall=57 h=stalling)
#137    15.60s best:22240 next:[21528,22239] ls_restart_compound(batch:1 lin{mvs:0 evals:28} gen{mvs:2 evals:39} comp{mvs:2 btracks:0} #w_updates:0 #perturb:0)
#138    15.74s best:22228 next:[21531,22227] graph_dec_lns (d=8.08e-01 s=11546 t=0.10 p=0.51 stall=0 h=base)
#Bound  15.99s best:22228 next:[21536,22227] bool_core (num_cores=45 [cover] a=69 d=9 fixed=1951/16922 clauses=1'332'002) [skipped_logs=16]
#Bound  16.96s best:22228 next:[21557,22227] bool_core (num_cores=45 [cover] a=69 d=9 fixed=1972/16964 clauses=1'332'484) [skipped_logs=20]
#Bound  18.00s best:22228 next:[21568,22227] bool_core (num_cores=45 [cover] a=69 d=9 fixed=1983/16986 clauses=1'333'070) [skipped_logs=10]
#Bound  18.93s best:22228 next:[21575,22227] bool_core (num_cores=45 [cover] a=69 d=9 fixed=1990/17000 clauses=1'333'628) [skipped_logs=6]
#139    19.91s best:22224 next:[21581,22223] graph_arc_lns (d=8.13e-01 s=15310 t=0.10 p=0.55 stall=98 h=base)
#Bound  19.86s best:22228 next:[21581,22227] bool_core (num_cores=45 [cover] a=69 d=9 fixed=1996/17012 clauses=1'334'161) [skipped_logs=5]
#140    20.09s best:22215 next:[21582,22214] rnd_var_lns (d=9.00e-01 s=14794 t=0.10 p=0.56 stall=131 h=base)
#141    20.52s best:22211 next:[21584,22210] scheduling_time_window_lns (d=3.77e-02 s=16316 t=0.10 p=0.42 stall=52 h=base)
#Bound  20.90s best:22211 next:[21586,22210] bool_core (num_cores=45 [cover] a=69 d=9 fixed=2001/17022 clauses=1'334'741) [skipped_logs=4]
#Bound  21.93s best:22211 next:[21590,22210] bool_core (num_cores=45 [cover] a=69 d=9 fixed=2005/17138 clauses=1'353'572) [skipped_logs=3]
#Bound  22.13s best:22211 next:[21591,22210] bool_core (num_cores=45 [cover] a=69 d=9 fixed=2006/17176 clauses=1'359'820) [skipped_logs=0]
#Bound  24.29s best:22211 next:[21592,22210] bool_core (num_cores=46 [size:2 mw:1 d:10] a=68 d=10 fixed=2340/17213 clauses=1'295'360)
#Bound  25.00s best:22211 next:[21627,22210] bool_core (num_cores=47 [cover] a=67 d=10 fixed=2427/18487 clauses=1'484'526) [skipped_logs=34]
#142    25.89s best:22193 next:[21628,22192] graph_cst_lns (d=8.23e-01 s=21540 t=0.11 p=0.52 stall=181 h=base)
#143    25.92s best:22187 next:[21628,22186] ls_lin_restart_decay(batch:1 lin{mvs:2 evals:89} gen{mvs:5 evals:68} #w_updates:0 #perturb:0)
#Bound  25.04s best:22211 next:[21628,22210] bool_core (num_cores=47 [cover] a=67 d=10 fixed=2428/18529 clauses=1'491'233) [skipped_logs=0]
#144    26.24s best:22186 next:[21628,22185] rnd_var_lns (d=5.26e-01 s=22710 t=0.11 p=0.50 stall=23 h=base)
#145    26.31s best:22185 next:[21628,22184] rnd_var_lns (d=8.30e-01 s=22779 t=0.11 p=0.53 stall=6 h=base)
#146    26.33s best:22184 next:[21628,22183] rnd_var_lns (d=8.30e-01 s=22776 t=0.11 p=0.53 stall=6 h=base) [combined with: rnd_var_lns (d=8.30e...]
#Bound  27.10s best:22184 next:[21629,22183] bool_core (num_cores=48 [size:18 mw:1 d:10] a=50 d=10 fixed=2489/18587 clauses=1'500'292)
#Bound  27.99s best:22184 next:[21655,22183] bool_core (num_cores=49 [cover] a=48 d=11 fixed=2702/19624 clauses=1'507'859) [skipped_logs=25]
#Bound  28.81s best:22184 next:[21692,22183] bool_core (num_cores=49 [cover] a=48 d=11 fixed=2764/21103 clauses=1'541'307) [skipped_logs=36]
#Bound  29.94s best:22184 next:[21699,22183] bool_core (num_cores=50 [cover] a=47 d=12 fixed=2776/21395 clauses=1'551'301) [skipped_logs=6]
#Bound  30.94s best:22184 next:[21715,22183] bool_core (num_cores=50 [cover] a=47 d=12 fixed=2812/22067 clauses=1'577'016) [skipped_logs=15]
#Bound  31.85s best:22184 next:[21722,22183] bool_core (num_cores=50 [cover] a=47 d=12 fixed=2824/22596 clauses=1'632'130) [skipped_logs=6]
#Bound  32.95s best:22184 next:[21728,22183] bool_core (num_cores=50 [cover] a=47 d=12 fixed=2835/23046 clauses=1'680'798) [skipped_logs=5]
#Bound  33.92s best:22184 next:[21734,22183] bool_core (num_cores=50 [cover] a=47 d=12 fixed=2846/23496 clauses=1'730'596) [skipped_logs=5]
#Bound  34.80s best:22184 next:[21737,22183] bool_core (num_cores=50 [cover] a=47 d=12 fixed=2854/23719 clauses=1'756'019) [skipped_logs=2]
#Bound  35.71s best:22184 next:[21740,22183] bool_core (num_cores=50 [cover] a=47 d=12 fixed=2862/23941 clauses=1'781'791) [skipped_logs=2]
#Bound  36.99s best:22184 next:[21743,22183] bool_core (num_cores=50 [cover] a=47 d=12 fixed=2865/24163 clauses=1'807'974) [skipped_logs=2]
#Bound  37.79s best:22184 next:[21745,22183] bool_core (num_cores=50 [cover] a=47 d=12 fixed=2872/24311 clauses=1'825'568) [skipped_logs=1]
#Bound  38.97s best:22184 next:[21747,22183] bool_core (num_cores=50 [cover] a=47 d=12 fixed=2874/24459 clauses=1'843'326) [skipped_logs=1]
#Bound  39.48s best:22184 next:[21748,22183] bool_core (num_cores=50 [cover] a=47 d=12 fixed=2875/24533 clauses=1'852'227) [skipped_logs=0]
#Bound  40.57s best:22184 next:[21750,22183] bool_core (num_cores=50 [cover] a=47 d=12 fixed=2882/24681 clauses=1'870'270) [skipped_logs=1]
#Bound  41.99s best:22184 next:[21752,22183] bool_core (num_cores=50 [cover] a=47 d=12 fixed=2884/24829 clauses=1'888'591) [skipped_logs=1]
#Bound  42.78s best:22184 next:[21753,22183] bool_core (num_cores=50 [cover] a=47 d=12 fixed=2885/24903 clauses=1'897'747) [skipped_logs=0]
#Bound  43.49s best:22184 next:[21754,22183] bool_core (num_cores=50 [cover] a=47 d=12 fixed=2886/24977 clauses=1'906'968) [skipped_logs=0]
#Bound  44.96s best:22184 next:[21756,22183] bool_core (num_cores=50 [cover] a=47 d=12 fixed=2893/25125 clauses=1'925'530) [skipped_logs=1]
#Bound  45.87s best:22184 next:[21757,22183] bool_core (num_cores=50 [cover] a=47 d=12 fixed=2894/25199 clauses=1'934'791) [skipped_logs=0]
#Bound  46.93s best:22184 next:[21758,22183] bool_core (num_cores=50 [cover] a=47 d=12 fixed=2895/25273 clauses=1'944'145) [skipped_logs=0]
#Bound  47.95s best:22184 next:[21759,22183] bool_core (num_cores=50 [cover] a=47 d=12 fixed=2896/25347 clauses=1'953'658) [skipped_logs=0]
#Bound  48.62s best:22184 next:[21760,22183] bool_core (num_cores=50 [cover] a=47 d=12 fixed=2902/25421 clauses=1'963'069) [skipped_logs=0]
#147    49.53s best:22175 next:[21761,22174] graph_var_lns (d=8.08e-01 s=48052 t=0.12 p=0.52 stall=468 h=base)
#Bound  49.40s best:22184 next:[21761,22183] bool_core (num_cores=50 [cover] a=47 d=12 fixed=2903/25495 clauses=1'972'532) [skipped_logs=0]
#Bound  50.58s best:22175 next:[21762,22174] bool_core (num_cores=50 [cover] a=47 d=12 fixed=2904/25568 clauses=1'911'055) [skipped_logs=0]
#Bound  51.61s best:22175 next:[21763,22174] bool_core (num_cores=50 [cover] a=47 d=12 fixed=2905/25641 clauses=1'920'675) [skipped_logs=0]
#Bound  52.59s best:22175 next:[21764,22174] bool_core (num_cores=50 [cover] a=47 d=12 fixed=2906/25714 clauses=1'930'250) [skipped_logs=0]
#Bound  53.60s best:22175 next:[21765,22174] bool_core (num_cores=50 [cover] a=47 d=12 fixed=2912/25787 clauses=1'939'909) [skipped_logs=0]
#148    54.24s best:22171 next:[21765,22170] graph_dec_lns (d=8.39e-01 s=54432 t=0.12 p=0.51 stall=439 h=base)
#149    54.69s best:22170 next:[21765,22169] graph_arc_lns (d=8.34e-01 s=54466 t=0.12 p=0.52 stall=313 h=base)
#Bound  54.72s best:22170 next:[21766,22169] bool_core (num_cores=50 [cover] a=47 d=12 fixed=2913/25859 clauses=1'949'600) [skipped_logs=0]
#Bound  55.90s best:22170 next:[21767,22169] bool_core (num_cores=50 [cover] a=47 d=12 fixed=2914/25931 clauses=1'959'407) [skipped_logs=0]
#Bound  57.24s best:22170 next:[21768,22169] bool_core (num_cores=50 [cover] a=47 d=12 fixed=2915/26003 clauses=1'969'313)
#150    57.83s best:22165 next:[21768,22164] graph_arc_lns (d=8.41e-01 s=57471 t=0.12 p=0.52 stall=9 h=base)
#Bound  58.42s best:22165 next:[21769,22164] bool_core (num_cores=50 [cover] a=47 d=12 fixed=2916/26075 clauses=1'979'197)
#Bound  59.65s best:22165 next:[21770,22164] bool_core (num_cores=50 [cover] a=47 d=12 fixed=2922/26147 clauses=1'989'093)
#Bound  60.92s best:22165 next:[21771,22164] bool_core (num_cores=50 [cover] a=47 d=12 fixed=2923/26219 clauses=1'999'020)
#Bound  62.76s best:22165 next:[21772,22164] bool_core (num_cores=50 [cover] a=47 d=12 fixed=2924/26291 clauses=2'009'157)
#Bound  64.69s best:22165 next:[21773,22164] bool_core (num_cores=50 [cover] a=47 d=12 fixed=2925/26363 clauses=2'019'297)
#Bound  66.42s best:22165 next:[21774,22164] bool_core (num_cores=50 [cover] a=47 d=12 fixed=2926/26435 clauses=2'029'402)
#Bound  67.99s best:22165 next:[21775,22164] bool_core (num_cores=50 [cover] a=47 d=12 fixed=2932/26507 clauses=2'039'517)
#Bound  70.02s best:22165 next:[21776,22164] bool_core (num_cores=50 [cover] a=47 d=12 fixed=2933/26579 clauses=2'049'851)
#Bound  71.84s best:22165 next:[21777,22164] bool_core (num_cores=50 [cover] a=47 d=12 fixed=2934/26651 clauses=2'060'137)
#151    73.00s best:22164 next:[21777,22163] graph_cst_lns (d=8.05e-01 s=75401 t=0.12 p=0.51 stall=116 h=stalling)
#152    73.15s best:22162 next:[21777,22161] graph_var_lns (d=8.11e-01 s=77024 t=0.13 p=0.51 stall=215 h=base)
#Bound  77.59s best:22162 next:[21778,22161] bool_core (num_cores=51 [size:2 mw:1 d:13] a=46 d=13 fixed=4809/26723 clauses=1'692'249)
#Bound  78.74s best:22162 next:[21779,22161] bool_core (num_cores=51 [cover] a=46 d=13 fixed=4825/26794 clauses=1'701'270)
#Bound  84.36s best:22162 next:[21780,22161] bool_core (num_cores=52 [size:2 mw:1 d:14] a=46 d=14 fixed=4935/26864 clauses=1'684'140)
#Bound  85.82s best:22162 next:[21781,22161] bool_core (num_cores=52 [cover] a=46 d=14 fixed=4939/26936 clauses=1'688'256)
#Bound  91.87s best:22162 next:[21782,22161] bool_core (num_cores=53 [size:1 mw:1] a=46 d=14 fixed=5078/27008 clauses=1'678'040)
#Bound  93.42s best:22162 next:[21783,22161] bool_core (num_cores=53 [cover] a=46 d=14 fixed=5084/27080 clauses=1'687'309)
#Bound  97.88s best:22162 next:[21784,22161] bool_core (num_cores=54 [size:2 mw:1 d:15] a=45 d=15 fixed=5129/27152 clauses=1'688'870)

Task timing                                  n [     min,      max]      avg      dev     time         n [     min,      max]      avg      dev    dtime
                             'core':         1 [   1.63m,    1.63m]    1.63m   0.00ns    1.63m         1 [   2.76m,    2.76m]    2.76m   0.00ns    2.76m
                       'default_lp':         1 [   1.63m,    1.63m]    1.63m   0.00ns    1.63m         1 [  35.18s,   35.18s]   35.18s   0.00ns   35.18s
                 'feasibility_pump':      4020 [ 87.38us,   1.85ms] 361.19us 177.01us    1.45s      4019 [ 46.72us, 668.35us]  46.87us   9.80us 188.37ms
                            'fixed':         1 [   1.63m,    1.63m]    1.63m   0.00ns    1.63m         1 [  40.53s,   40.53s]   40.53s   0.00ns   40.53s
                               'fj':         0 [  0.00ns,   0.00ns]   0.00ns   0.00ns   0.00ns         0 [  0.00ns,   0.00ns]   0.00ns   0.00ns   0.00ns
                               'fj':         0 [  0.00ns,   0.00ns]   0.00ns   0.00ns   0.00ns         0 [  0.00ns,   0.00ns]   0.00ns   0.00ns   0.00ns
                               'fj':         0 [  0.00ns,   0.00ns]   0.00ns   0.00ns   0.00ns         0 [  0.00ns,   0.00ns]   0.00ns   0.00ns   0.00ns
                               'fj':         0 [  0.00ns,   0.00ns]   0.00ns   0.00ns   0.00ns         0 [  0.00ns,   0.00ns]   0.00ns   0.00ns   0.00ns
                               'fj':         0 [  0.00ns,   0.00ns]   0.00ns   0.00ns   0.00ns         0 [  0.00ns,   0.00ns]   0.00ns   0.00ns   0.00ns
                               'fj':         0 [  0.00ns,   0.00ns]   0.00ns   0.00ns   0.00ns         0 [  0.00ns,   0.00ns]   0.00ns   0.00ns   0.00ns
                               'fj':         0 [  0.00ns,   0.00ns]   0.00ns   0.00ns   0.00ns         0 [  0.00ns,   0.00ns]   0.00ns   0.00ns   0.00ns
                               'fj':         0 [  0.00ns,   0.00ns]   0.00ns   0.00ns   0.00ns         0 [  0.00ns,   0.00ns]   0.00ns   0.00ns   0.00ns
                               'fj':         0 [  0.00ns,   0.00ns]   0.00ns   0.00ns   0.00ns         0 [  0.00ns,   0.00ns]   0.00ns   0.00ns   0.00ns
                               'fj':         0 [  0.00ns,   0.00ns]   0.00ns   0.00ns   0.00ns         0 [  0.00ns,   0.00ns]   0.00ns   0.00ns   0.00ns
                               'fj':         0 [  0.00ns,   0.00ns]   0.00ns   0.00ns   0.00ns         0 [  0.00ns,   0.00ns]   0.00ns   0.00ns   0.00ns
                               'fj':         0 [  0.00ns,   0.00ns]   0.00ns   0.00ns   0.00ns         0 [  0.00ns,   0.00ns]   0.00ns   0.00ns   0.00ns
                               'fj':         0 [  0.00ns,   0.00ns]   0.00ns   0.00ns   0.00ns         0 [  0.00ns,   0.00ns]   0.00ns   0.00ns   0.00ns
                               'fj':         0 [  0.00ns,   0.00ns]   0.00ns   0.00ns   0.00ns         0 [  0.00ns,   0.00ns]   0.00ns   0.00ns   0.00ns
                               'fj':         0 [  0.00ns,   0.00ns]   0.00ns   0.00ns   0.00ns         0 [  0.00ns,   0.00ns]   0.00ns   0.00ns   0.00ns
                               'fj':         0 [  0.00ns,   0.00ns]   0.00ns   0.00ns   0.00ns         0 [  0.00ns,   0.00ns]   0.00ns   0.00ns   0.00ns
                               'fj':         0 [  0.00ns,   0.00ns]   0.00ns   0.00ns   0.00ns         0 [  0.00ns,   0.00ns]   0.00ns   0.00ns   0.00ns
                               'fj':         0 [  0.00ns,   0.00ns]   0.00ns   0.00ns   0.00ns         0 [  0.00ns,   0.00ns]   0.00ns   0.00ns   0.00ns
                               'fj':         0 [  0.00ns,   0.00ns]   0.00ns   0.00ns   0.00ns         0 [  0.00ns,   0.00ns]   0.00ns   0.00ns   0.00ns
                               'fj':         0 [  0.00ns,   0.00ns]   0.00ns   0.00ns   0.00ns         0 [  0.00ns,   0.00ns]   0.00ns   0.00ns   0.00ns
                               'fj':         0 [  0.00ns,   0.00ns]   0.00ns   0.00ns   0.00ns         0 [  0.00ns,   0.00ns]   0.00ns   0.00ns   0.00ns
                               'fj':         0 [  0.00ns,   0.00ns]   0.00ns   0.00ns   0.00ns         0 [  0.00ns,   0.00ns]   0.00ns   0.00ns   0.00ns
                               'fj':         0 [  0.00ns,   0.00ns]   0.00ns   0.00ns   0.00ns         0 [  0.00ns,   0.00ns]   0.00ns   0.00ns   0.00ns
                               'fj':         0 [  0.00ns,   0.00ns]   0.00ns   0.00ns   0.00ns         0 [  0.00ns,   0.00ns]   0.00ns   0.00ns   0.00ns
                               'fj':         0 [  0.00ns,   0.00ns]   0.00ns   0.00ns   0.00ns         0 [  0.00ns,   0.00ns]   0.00ns   0.00ns   0.00ns
                           'fj_lin':         0 [  0.00ns,   0.00ns]   0.00ns   0.00ns   0.00ns         0 [  0.00ns,   0.00ns]   0.00ns   0.00ns   0.00ns
                           'fj_lin':         0 [  0.00ns,   0.00ns]   0.00ns   0.00ns   0.00ns         0 [  0.00ns,   0.00ns]   0.00ns   0.00ns   0.00ns
                           'fj_lin':         0 [  0.00ns,   0.00ns]   0.00ns   0.00ns   0.00ns         0 [  0.00ns,   0.00ns]   0.00ns   0.00ns   0.00ns
                           'fj_lin':         0 [  0.00ns,   0.00ns]   0.00ns   0.00ns   0.00ns         0 [  0.00ns,   0.00ns]   0.00ns   0.00ns   0.00ns
                           'fj_lin':         0 [  0.00ns,   0.00ns]   0.00ns   0.00ns   0.00ns         0 [  0.00ns,   0.00ns]   0.00ns   0.00ns   0.00ns
                           'fj_lin':         0 [  0.00ns,   0.00ns]   0.00ns   0.00ns   0.00ns         0 [  0.00ns,   0.00ns]   0.00ns   0.00ns   0.00ns
                           'fj_lin':         0 [  0.00ns,   0.00ns]   0.00ns   0.00ns   0.00ns         0 [  0.00ns,   0.00ns]   0.00ns   0.00ns   0.00ns
                           'fj_lin':         0 [  0.00ns,   0.00ns]   0.00ns   0.00ns   0.00ns         0 [  0.00ns,   0.00ns]   0.00ns   0.00ns   0.00ns
                           'fj_lin':         0 [  0.00ns,   0.00ns]   0.00ns   0.00ns   0.00ns         0 [  0.00ns,   0.00ns]   0.00ns   0.00ns   0.00ns
                           'fj_lin':         0 [  0.00ns,   0.00ns]   0.00ns   0.00ns   0.00ns         0 [  0.00ns,   0.00ns]   0.00ns   0.00ns   0.00ns
                           'fj_lin':         0 [  0.00ns,   0.00ns]   0.00ns   0.00ns   0.00ns         0 [  0.00ns,   0.00ns]   0.00ns   0.00ns   0.00ns
                           'fj_lin':         0 [  0.00ns,   0.00ns]   0.00ns   0.00ns   0.00ns         0 [  0.00ns,   0.00ns]   0.00ns   0.00ns   0.00ns
                        'fs_random':         0 [  0.00ns,   0.00ns]   0.00ns   0.00ns   0.00ns         0 [  0.00ns,   0.00ns]   0.00ns   0.00ns   0.00ns
                        'fs_random':         0 [  0.00ns,   0.00ns]   0.00ns   0.00ns   0.00ns         0 [  0.00ns,   0.00ns]   0.00ns   0.00ns   0.00ns
                        'fs_random':         0 [  0.00ns,   0.00ns]   0.00ns   0.00ns   0.00ns         0 [  0.00ns,   0.00ns]   0.00ns   0.00ns   0.00ns
                        'fs_random':         0 [  0.00ns,   0.00ns]   0.00ns   0.00ns   0.00ns         0 [  0.00ns,   0.00ns]   0.00ns   0.00ns   0.00ns
                        'fs_random':         0 [  0.00ns,   0.00ns]   0.00ns   0.00ns   0.00ns         0 [  0.00ns,   0.00ns]   0.00ns   0.00ns   0.00ns
                        'fs_random':         0 [  0.00ns,   0.00ns]   0.00ns   0.00ns   0.00ns         0 [  0.00ns,   0.00ns]   0.00ns   0.00ns   0.00ns
                        'fs_random':         0 [  0.00ns,   0.00ns]   0.00ns   0.00ns   0.00ns         0 [  0.00ns,   0.00ns]   0.00ns   0.00ns   0.00ns
                        'fs_random':         0 [  0.00ns,   0.00ns]   0.00ns   0.00ns   0.00ns         0 [  0.00ns,   0.00ns]   0.00ns   0.00ns   0.00ns
                        'fs_random':         0 [  0.00ns,   0.00ns]   0.00ns   0.00ns   0.00ns         0 [  0.00ns,   0.00ns]   0.00ns   0.00ns   0.00ns
                        'fs_random':         1 [  2.36ms,   2.36ms]   2.36ms   0.00ns   2.36ms         0 [  0.00ns,   0.00ns]   0.00ns   0.00ns   0.00ns
                        'fs_random':         1 [  2.85ms,   2.85ms]   2.85ms   0.00ns   2.85ms         0 [  0.00ns,   0.00ns]   0.00ns   0.00ns   0.00ns
                        'fs_random':         1 [  5.23ms,   5.23ms]   5.23ms   0.00ns   5.23ms         1 [142.96us, 142.96us] 142.96us   0.00ns 142.96us
                  'fs_random_no_lp':         0 [  0.00ns,   0.00ns]   0.00ns   0.00ns   0.00ns         0 [  0.00ns,   0.00ns]   0.00ns   0.00ns   0.00ns
                  'fs_random_no_lp':         0 [  0.00ns,   0.00ns]   0.00ns   0.00ns   0.00ns         0 [  0.00ns,   0.00ns]   0.00ns   0.00ns   0.00ns
                  'fs_random_no_lp':         0 [  0.00ns,   0.00ns]   0.00ns   0.00ns   0.00ns         0 [  0.00ns,   0.00ns]   0.00ns   0.00ns   0.00ns
                  'fs_random_no_lp':         0 [  0.00ns,   0.00ns]   0.00ns   0.00ns   0.00ns         0 [  0.00ns,   0.00ns]   0.00ns   0.00ns   0.00ns
                  'fs_random_no_lp':         0 [  0.00ns,   0.00ns]   0.00ns   0.00ns   0.00ns         0 [  0.00ns,   0.00ns]   0.00ns   0.00ns   0.00ns
                  'fs_random_no_lp':         0 [  0.00ns,   0.00ns]   0.00ns   0.00ns   0.00ns         0 [  0.00ns,   0.00ns]   0.00ns   0.00ns   0.00ns
                  'fs_random_no_lp':         0 [  0.00ns,   0.00ns]   0.00ns   0.00ns   0.00ns         0 [  0.00ns,   0.00ns]   0.00ns   0.00ns   0.00ns
                  'fs_random_no_lp':         0 [  0.00ns,   0.00ns]   0.00ns   0.00ns   0.00ns         0 [  0.00ns,   0.00ns]   0.00ns   0.00ns   0.00ns
                  'fs_random_no_lp':         0 [  0.00ns,   0.00ns]   0.00ns   0.00ns   0.00ns         0 [  0.00ns,   0.00ns]   0.00ns   0.00ns   0.00ns
                  'fs_random_no_lp':         1 [  1.38ms,   1.38ms]   1.38ms   0.00ns   1.38ms         1 [ 39.70us,  39.70us]  39.70us   0.00ns  39.70us
                  'fs_random_no_lp':         1 [  1.74ms,   1.74ms]   1.74ms   0.00ns   1.74ms         0 [  0.00ns,   0.00ns]   0.00ns   0.00ns   0.00ns
                  'fs_random_no_lp':         1 [  2.48ms,   2.48ms]   2.48ms   0.00ns   2.48ms         0 [  0.00ns,   0.00ns]   0.00ns   0.00ns   0.00ns
                  'fs_random_no_lp':         1 [  3.67ms,   3.67ms]   3.67ms   0.00ns   3.67ms         1 [283.88us, 283.88us] 283.88us   0.00ns 283.88us
          'fs_random_quick_restart':         0 [  0.00ns,   0.00ns]   0.00ns   0.00ns   0.00ns         0 [  0.00ns,   0.00ns]   0.00ns   0.00ns   0.00ns
          'fs_random_quick_restart':         0 [  0.00ns,   0.00ns]   0.00ns   0.00ns   0.00ns         0 [  0.00ns,   0.00ns]   0.00ns   0.00ns   0.00ns
          'fs_random_quick_restart':         0 [  0.00ns,   0.00ns]   0.00ns   0.00ns   0.00ns         0 [  0.00ns,   0.00ns]   0.00ns   0.00ns   0.00ns
          'fs_random_quick_restart':         0 [  0.00ns,   0.00ns]   0.00ns   0.00ns   0.00ns         0 [  0.00ns,   0.00ns]   0.00ns   0.00ns   0.00ns
          'fs_random_quick_restart':         0 [  0.00ns,   0.00ns]   0.00ns   0.00ns   0.00ns         0 [  0.00ns,   0.00ns]   0.00ns   0.00ns   0.00ns
          'fs_random_quick_restart':         0 [  0.00ns,   0.00ns]   0.00ns   0.00ns   0.00ns         0 [  0.00ns,   0.00ns]   0.00ns   0.00ns   0.00ns
          'fs_random_quick_restart':         0 [  0.00ns,   0.00ns]   0.00ns   0.00ns   0.00ns         0 [  0.00ns,   0.00ns]   0.00ns   0.00ns   0.00ns
          'fs_random_quick_restart':         0 [  0.00ns,   0.00ns]   0.00ns   0.00ns   0.00ns         0 [  0.00ns,   0.00ns]   0.00ns   0.00ns   0.00ns
          'fs_random_quick_restart':         0 [  0.00ns,   0.00ns]   0.00ns   0.00ns   0.00ns         0 [  0.00ns,   0.00ns]   0.00ns   0.00ns   0.00ns
          'fs_random_quick_restart':         1 [  2.17ms,   2.17ms]   2.17ms   0.00ns   2.17ms         0 [  0.00ns,   0.00ns]   0.00ns   0.00ns   0.00ns
          'fs_random_quick_restart':         1 [  2.63ms,   2.63ms]   2.63ms   0.00ns   2.63ms         0 [  0.00ns,   0.00ns]   0.00ns   0.00ns   0.00ns
          'fs_random_quick_restart':         1 [  3.21ms,   3.21ms]   3.21ms   0.00ns   3.21ms         1 [ 55.32us,  55.32us]  55.32us   0.00ns  55.32us
    'fs_random_quick_restart_no_lp':         0 [  0.00ns,   0.00ns]   0.00ns   0.00ns   0.00ns         0 [  0.00ns,   0.00ns]   0.00ns   0.00ns   0.00ns
    'fs_random_quick_restart_no_lp':         0 [  0.00ns,   0.00ns]   0.00ns   0.00ns   0.00ns         0 [  0.00ns,   0.00ns]   0.00ns   0.00ns   0.00ns
    'fs_random_quick_restart_no_lp':         0 [  0.00ns,   0.00ns]   0.00ns   0.00ns   0.00ns         0 [  0.00ns,   0.00ns]   0.00ns   0.00ns   0.00ns
    'fs_random_quick_restart_no_lp':         0 [  0.00ns,   0.00ns]   0.00ns   0.00ns   0.00ns         0 [  0.00ns,   0.00ns]   0.00ns   0.00ns   0.00ns
    'fs_random_quick_restart_no_lp':         0 [  0.00ns,   0.00ns]   0.00ns   0.00ns   0.00ns         0 [  0.00ns,   0.00ns]   0.00ns   0.00ns   0.00ns
    'fs_random_quick_restart_no_lp':         0 [  0.00ns,   0.00ns]   0.00ns   0.00ns   0.00ns         0 [  0.00ns,   0.00ns]   0.00ns   0.00ns   0.00ns
    'fs_random_quick_restart_no_lp':         0 [  0.00ns,   0.00ns]   0.00ns   0.00ns   0.00ns         0 [  0.00ns,   0.00ns]   0.00ns   0.00ns   0.00ns
    'fs_random_quick_restart_no_lp':         0 [  0.00ns,   0.00ns]   0.00ns   0.00ns   0.00ns         0 [  0.00ns,   0.00ns]   0.00ns   0.00ns   0.00ns
    'fs_random_quick_restart_no_lp':         0 [  0.00ns,   0.00ns]   0.00ns   0.00ns   0.00ns         0 [  0.00ns,   0.00ns]   0.00ns   0.00ns   0.00ns
    'fs_random_quick_restart_no_lp':         1 [  1.00ms,   1.00ms]   1.00ms   0.00ns   1.00ms         0 [  0.00ns,   0.00ns]   0.00ns   0.00ns   0.00ns
    'fs_random_quick_restart_no_lp':         1 [  2.22ms,   2.22ms]   2.22ms   0.00ns   2.22ms         0 [  0.00ns,   0.00ns]   0.00ns   0.00ns   0.00ns
    'fs_random_quick_restart_no_lp':         1 [  5.08ms,   5.08ms]   5.08ms   0.00ns   5.08ms         1 [134.96us, 134.96us] 134.96us   0.00ns 134.96us
                    'graph_arc_lns':       862 [943.30us,    2.01s] 474.36ms 419.70ms    6.81m       862 [ 10.00ns, 127.15ms]  64.95ms  52.31ms   55.99s
                    'graph_cst_lns':       915 [  1.57ms,    2.15s] 449.18ms 426.74ms    6.85m       915 [  5.40us, 132.00ms]  61.76ms  53.81ms   56.51s
                    'graph_dec_lns':      1074 [  1.58ms,    1.64s] 388.54ms 355.54ms    6.95m      1074 [  7.35us, 137.42ms]  63.92ms  54.97ms    1.14m
                    'graph_var_lns':       989 [  1.52ms,    2.17s] 409.08ms 361.11ms    6.74m       989 [  3.70us, 134.85ms]  65.56ms  53.20ms    1.08m
                     'lb_relax_lns':       350 [168.29us,    6.82s]    1.40s    1.60s    8.15m       260 [  2.48ms, 549.45ms] 332.15ms 239.29ms    1.44m
                   'lb_tree_search':         1 [   1.63m,    1.63m]    1.63m   0.00ns    1.63m         1 [  19.29s,   19.29s]   19.29s   0.00ns   19.29s
                               'ls':      2191 [175.58us,  93.15ms]  43.01ms  11.14ms    1.57m      2190 [676.76us, 100.82ms]  99.62ms   6.43ms    3.64m
                               'ls':      2492 [321.88us,  80.92ms]  37.24ms  10.54ms    1.55m      2492 [477.99us, 100.93ms]  99.82ms   4.98ms    4.15m
                               'ls':      2506 [  3.08ms,  82.09ms]  37.39ms  11.22ms    1.56m      2506 [  6.11ms, 101.57ms]  99.96ms   3.30ms    4.17m
                               'ls':      2514 [887.68us,  84.24ms]  36.99ms  10.93ms    1.55m      2513 [  2.72ms, 100.95ms]  99.94ms   3.73ms    4.19m
                               'ls':      2519 [170.13us,  79.89ms]  37.14ms   9.24ms    1.56m      2518 [ 14.04ms, 100.88ms]  99.99ms   2.85ms    4.20m
                               'ls':      2537 [286.13us,  81.93ms]  36.54ms  10.65ms    1.54m      2537 [326.20us, 101.07ms]  99.72ms   5.65ms    4.22m
                               'ls':      2538 [280.71us,  82.32ms]  37.28ms  11.71ms    1.58m      2538 [384.51us, 101.01ms]  99.74ms   5.65ms    4.22m
                               'ls':      2549 [  1.17ms,  81.93ms]  36.77ms  10.15ms    1.56m      2549 [  3.40ms, 100.90ms]  99.96ms   3.33ms    4.25m
                               'ls':      2549 [319.73us,  79.18ms]  36.21ms   9.53ms    1.54m      2548 [376.88us, 100.90ms]  99.90ms   4.16ms    4.24m
                               'ls':      2551 [  1.26ms,  80.19ms]  36.59ms  10.12ms    1.56m      2551 [  1.51ms, 101.10ms] 100.00ms   3.06ms    4.25m
                               'ls':      2553 [447.91us,  80.78ms]  36.72ms  10.29ms    1.56m      2553 [260.36us, 100.85ms]  99.78ms   5.33ms    4.25m
                               'ls':      2559 [852.14us,  84.12ms]  36.33ms   9.14ms    1.55m      2559 [302.58us, 101.89ms]  99.78ms   5.44ms    4.26m
                               'ls':      2560 [ 13.67ms,  82.10ms]  36.66ms   9.93ms    1.56m      2560 [ 31.11ms, 101.79ms] 100.04ms   2.04ms    4.27m
                               'ls':      2575 [105.42us,  79.58ms]  35.81ms   8.98ms    1.54m      2572 [215.47us, 101.24ms]  99.75ms   5.76ms    4.28m
                               'ls':      2577 [827.73us,  80.80ms]  36.29ms  10.25ms    1.56m      2577 [  1.76ms, 109.41ms]  99.83ms   4.89ms    4.29m
                               'ls':      2594 [495.64us,  80.03ms]  35.50ms   9.24ms    1.53m      2594 [933.91us, 102.70ms]  99.92ms   3.98ms    4.32m
                               'ls':      2597 [334.41us,  82.53ms]  35.77ms   9.71ms    1.55m      2597 [192.31us, 101.59ms]  99.86ms   4.73ms    4.32m
                               'ls':      2611 [878.06us,  81.45ms]  35.22ms   9.20ms    1.53m      2611 [  3.06ms, 101.57ms]  99.86ms   4.65ms    4.35m
                               'ls':      2631 [149.65us,  84.10ms]  35.52ms  10.24ms    1.56m      2630 [623.26us, 101.58ms]  99.97ms   3.81ms    4.38m
                           'ls_lin':      2366 [199.90us,  86.16ms]  39.62ms  11.47ms    1.56m      2365 [541.29us, 101.10ms]  99.91ms   4.28ms    3.94m
                           'ls_lin':      2431 [384.61us,  93.13ms]  38.34ms  11.74ms    1.55m      2430 [761.96us, 101.19ms]  99.65ms   6.16ms    4.04m
                           'ls_lin':      2489 [790.67us,  85.94ms]  38.28ms  11.84ms    1.59m      2489 [  1.78ms, 102.17ms]  99.99ms   3.06ms    4.15m
                           'ls_lin':      2490 [227.98us,  85.16ms]  37.76ms  10.89ms    1.57m      2489 [  2.19ms, 100.92ms]  99.88ms   4.36ms    4.14m
                           'ls_lin':      2499 [727.85us,  85.47ms]  37.42ms  10.33ms    1.56m      2499 [  1.55ms, 102.90ms]  99.81ms   5.26ms    4.16m
                           'ls_lin':      2508 [  1.46ms,  86.21ms]  36.95ms  10.14ms    1.54m      2508 [  1.80ms, 101.55ms]  99.81ms   4.94ms    4.17m
                           'ls_lin':      2511 [616.94us,  83.83ms]  37.58ms  10.77ms    1.57m      2511 [485.55us, 101.15ms]  99.97ms   3.54ms    4.18m
                           'ls_lin':      2542 [561.54us,  91.56ms]  36.37ms   9.86ms    1.54m      2541 [972.63us, 103.37ms]  99.88ms   4.15ms    4.23m
                           'ls_lin':      2547 [381.33us,  86.90ms]  37.05ms  11.04ms    1.57m      2546 [542.30us, 101.63ms] 100.02ms   2.78ms    4.24m
                           'ls_lin':      2561 [523.07us,  81.04ms]  37.01ms  10.88ms    1.58m      2561 [396.53us, 101.29ms]  99.90ms   4.22ms    4.26m
                           'max_lp':         1 [   1.63m,    1.63m]    1.63m   0.00ns    1.63m         1 [  28.74s,   28.74s]   28.74s   0.00ns   28.74s
                            'no_lp':         1 [   1.63m,    1.63m]    1.63m   0.00ns    1.63m         1 [  57.96s,   57.96s]   57.96s   0.00ns   57.96s
              'objective_lb_search':         1 [   1.63m,    1.63m]    1.63m   0.00ns    1.63m         1 [  34.21s,   34.21s]   34.21s   0.00ns   34.21s
       'objective_lb_search_max_lp':         1 [   1.63m,    1.63m]    1.63m   0.00ns    1.63m         1 [  15.49s,   15.49s]   15.49s   0.00ns   15.49s
        'objective_lb_search_no_lp':         1 [   1.63m,    1.63m]    1.63m   0.00ns    1.63m         1 [  54.53s,   54.53s]   54.53s   0.00ns   54.53s
         'objective_shaving_max_lp':      3997 [  1.11ms,  33.31ms]  17.42ms   4.13ms    1.16m      3954 [  3.30us, 162.82us] 149.27us  22.41us 590.21ms
          'objective_shaving_no_lp':      4010 [733.32us,  35.16ms]  16.60ms   4.07ms    1.11m      3958 [  1.01us, 142.16us] 131.63us  19.70us 520.98ms
                          'probing':         1 [   1.63m,    1.63m]    1.63m   0.00ns    1.63m         1 [  10.72s,   10.72s]   10.72s   0.00ns   10.72s
                   'probing_max_lp':         1 [   1.63m,    1.63m]    1.63m   0.00ns    1.63m         1 [   5.37s,    5.37s]    5.37s   0.00ns    5.37s
                    'probing_no_lp':         1 [   1.63m,    1.63m]    1.63m   0.00ns    1.63m         0 [  0.00ns,   0.00ns]   0.00ns   0.00ns   0.00ns
                     'pseudo_costs':         1 [   1.63m,    1.63m]    1.63m   0.00ns    1.63m         1 [  33.75s,   33.75s]   33.75s   0.00ns   33.75s
                    'quick_restart':         1 [   1.63m,    1.63m]    1.63m   0.00ns    1.63m         1 [  38.78s,   38.78s]   38.78s   0.00ns   38.78s
              'quick_restart_no_lp':         1 [   1.63m,    1.63m]    1.63m   0.00ns    1.63m         1 [  55.76s,   55.76s]   55.76s   0.00ns   55.76s
                    'reduced_costs':         1 [   1.63m,    1.63m]    1.63m   0.00ns    1.63m         1 [  20.49s,   20.49s]   20.49s   0.00ns   20.49s
                        'rins/rens':       947 [ 67.23us,    2.12s] 454.66ms 500.59ms    7.18m       739 [880.00ns, 112.70ms]  63.47ms  49.16ms   46.90s
                      'rnd_cst_lns':       936 [  1.90ms,    2.11s] 457.48ms 402.86ms    7.14m       936 [ 10.27us, 137.56ms]  65.86ms  54.10ms    1.03m
                      'rnd_var_lns':      1036 [  1.06ms,    2.02s] 399.28ms 363.47ms    6.89m      1036 [630.00ns, 140.15ms]  65.36ms  54.25ms    1.13m
         'scheduling_intervals_lns':       842 [ 23.70ms,    3.26s] 493.67ms 389.91ms    6.93m       842 [486.36us, 132.05ms]  74.17ms  46.22ms    1.04m
       'scheduling_precedences_lns':       785 [ 25.54ms,    4.54s] 533.51ms 417.43ms    6.98m       785 [463.28us, 132.20ms]  74.63ms  46.08ms   58.58s
  'scheduling_resource_windows_lns':       481 [324.96ms,    2.19s] 840.43ms 292.84ms    6.74m       481 [ 71.06ms, 117.26ms] 108.14ms   5.82ms   52.01s
       'scheduling_time_window_lns':       893 [ 23.34ms,    1.82s] 460.26ms 329.19ms    6.85m       893 [463.87us, 134.59ms]  72.44ms  46.73ms    1.08m
                'variables_shaving':      4021 [  9.93ms,    1.83s]  28.87ms  78.31ms    1.93m      4021 [ 33.95us, 100.01ms]   1.23ms   5.09ms    4.95s
         'variables_shaving_max_lp':      3231 [ 49.78ms,    1.04s] 124.45ms 149.20ms    6.70m      3231 [ 10.91ms, 100.13ms]  21.66ms  19.62ms    1.17m
          'variables_shaving_no_lp':      4020 [  7.91ms,    2.22s]  27.22ms  80.79ms    1.82m      4020 [287.52us,  93.65ms]   1.10ms   4.10ms    4.43s

Search stats                         Bools  Conflicts   Branches  Restarts   BoolPropag  IntegerPropag
                           'core':  27'226     35'216    167'685    17'453  195'120'067     19'847'969
                     'default_lp':   6'609    161'015    446'989    28'101  147'088'034    150'654'403
                          'fixed':   1'728    372'831    719'847       627   60'113'458    245'554'484
                      'fs_random':       0          0          0         0            0              0
                      'fs_random':       0          0          0         0            0              0
                      'fs_random':       0          0          0         0            0              0
                      'fs_random':       0          0          0         0            0              0
                      'fs_random':       0          0          0         0            0              0
                      'fs_random':       0          0          0         0            0              0
                      'fs_random':       0          0          0         0            0              0
                      'fs_random':       0          0          0         0            0              0
                      'fs_random':       0          0          0         0            0              0
                      'fs_random':       0          0          0         0            0              0
                      'fs_random':       0          0          0         0            0              0
                      'fs_random':       7          0          7         0            0          1'083
                'fs_random_no_lp':       0          0          0         0            0              0
                'fs_random_no_lp':       0          0          0         0            0              0
                'fs_random_no_lp':       0          0          0         0            0              0
                'fs_random_no_lp':       0          0          0         0            0              0
                'fs_random_no_lp':       0          0          0         0            0              0
                'fs_random_no_lp':       0          0          0         0            0              0
                'fs_random_no_lp':       0          0          0         0            0              0
                'fs_random_no_lp':       0          0          0         0            0              0
                'fs_random_no_lp':       0          0          0         0            0              0
                'fs_random_no_lp':       0          0          0         0            0              0
                'fs_random_no_lp':       0          0          0         0            0              0
                'fs_random_no_lp':      15          0         15         0            0            251
                'fs_random_no_lp':      95          0         95         0            0          1'911
        'fs_random_quick_restart':       0          0          0         0            0              0
        'fs_random_quick_restart':       0          0          0         0            0              0
        'fs_random_quick_restart':       0          0          0         0            0              0
        'fs_random_quick_restart':       0          0          0         0            0              0
        'fs_random_quick_restart':       0          0          0         0            0              0
        'fs_random_quick_restart':       0          0          0         0            0              0
        'fs_random_quick_restart':       0          0          0         0            0              0
        'fs_random_quick_restart':       0          0          0         0            0              0
        'fs_random_quick_restart':       0          0          0         0            0              0
        'fs_random_quick_restart':       0          0          0         0            0              0
        'fs_random_quick_restart':       0          0          0         0            0              0
        'fs_random_quick_restart':      14          0         14         0            0            281
  'fs_random_quick_restart_no_lp':       0          0          0         0            0              0
  'fs_random_quick_restart_no_lp':       0          0          0         0            0              0
  'fs_random_quick_restart_no_lp':       0          0          0         0            0              0
  'fs_random_quick_restart_no_lp':       0          0          0         0            0              0
  'fs_random_quick_restart_no_lp':       0          0          0         0            0              0
  'fs_random_quick_restart_no_lp':       0          0          0         0            0              0
  'fs_random_quick_restart_no_lp':       0          0          0         0            0              0
  'fs_random_quick_restart_no_lp':       0          0          0         0            0              0
  'fs_random_quick_restart_no_lp':       0          0          0         0            0              0
  'fs_random_quick_restart_no_lp':       0          0          0         0            0              0
  'fs_random_quick_restart_no_lp':       0          0          0         0            0              0
  'fs_random_quick_restart_no_lp':      51          0         51         0            0            923
                 'lb_tree_search':   3'106     14'821    615'432    44'330    3'890'069     20'873'149
                         'max_lp':   6'546     74'098    378'243    26'862   54'062'027     75'080'991
                          'no_lp':   4'597    244'093    921'955    85'577  272'340'717    205'695'069
            'objective_lb_search':   7'620    159'735    469'994    25'322  135'107'036    153'947'136
     'objective_lb_search_max_lp':   3'331     22'211    780'675   248'056    6'563'492     25'611'833
      'objective_lb_search_no_lp':   9'886    256'585    945'039    50'637  261'323'871    207'389'865
                        'probing':   7'714     35'875    252'144   106'891   12'119'952     42'505'562
                 'probing_max_lp':   4'510        956     22'416    14'678      612'050        762'722
                  'probing_no_lp':   9'863     61'569    440'017   223'210   23'832'838     61'886'802
                   'pseudo_costs':   6'452    102'856    455'342    34'916   79'364'696     94'923'625
                  'quick_restart':  15'767    138'295    963'195    43'206  246'682'893    120'010'209
            'quick_restart_no_lp':  15'613    172'918  1'085'079    54'614  371'893'251    148'022'954
                  'reduced_costs':   6'039     61'898    405'355    65'410   35'983'764     42'166'000

SAT stats                           ClassicMinim  LitRemoved  LitLearned  LitForgotten  Subsumed  MClauses  MDecisions  MLitTrue  MSubsumed  MLitRemoved  MReused
                           'core':        29'374     531'241     676'882       244'585       121    22'135      34'695         0      1'446        4'408    8'199
                     'default_lp':       155'052   1'335'689   2'181'436     1'074'046       393    28'793     114'348         0     13'137      118'227   17'078
                          'fixed':       307'398     643'986   5'846'808     5'590'699     1'052         0           0         0          0            0        0
                      'fs_random':             0           0           0             0         0         0           0         0          0            0        0
                      'fs_random':             0           0           0             0         0         0           0         0          0            0        0
                      'fs_random':             0           0           0             0         0         0           0         0          0            0        0
                      'fs_random':             0           0           0             0         0         0           0         0          0            0        0
                      'fs_random':             0           0           0             0         0         0           0         0          0            0        0
                      'fs_random':             0           0           0             0         0         0           0         0          0            0        0
                      'fs_random':             0           0           0             0         0         0           0         0          0            0        0
                      'fs_random':             0           0           0             0         0         0           0         0          0            0        0
                      'fs_random':             0           0           0             0         0         0           0         0          0            0        0
                      'fs_random':             0           0           0             0         0         0           0         0          0            0        0
                      'fs_random':             0           0           0             0         0         0           0         0          0            0        0
                      'fs_random':             0           0           0             0         0         0           0         0          0            0        0
                'fs_random_no_lp':             0           0           0             0         0         0           0         0          0            0        0
                'fs_random_no_lp':             0           0           0             0         0         0           0         0          0            0        0
                'fs_random_no_lp':             0           0           0             0         0         0           0         0          0            0        0
                'fs_random_no_lp':             0           0           0             0         0         0           0         0          0            0        0
                'fs_random_no_lp':             0           0           0             0         0         0           0         0          0            0        0
                'fs_random_no_lp':             0           0           0             0         0         0           0         0          0            0        0
                'fs_random_no_lp':             0           0           0             0         0         0           0         0          0            0        0
                'fs_random_no_lp':             0           0           0             0         0         0           0         0          0            0        0
                'fs_random_no_lp':             0           0           0             0         0         0           0         0          0            0        0
                'fs_random_no_lp':             0           0           0             0         0         0           0         0          0            0        0
                'fs_random_no_lp':             0           0           0             0         0         0           0         0          0            0        0
                'fs_random_no_lp':             0           0           0             0         0         0           0         0          0            0        0
                'fs_random_no_lp':             0           0           0             0         0         0           0         0          0            0        0
        'fs_random_quick_restart':             0           0           0             0         0         0           0         0          0            0        0
        'fs_random_quick_restart':             0           0           0             0         0         0           0         0          0            0        0
        'fs_random_quick_restart':             0           0           0             0         0         0           0         0          0            0        0
        'fs_random_quick_restart':             0           0           0             0         0         0           0         0          0            0        0
        'fs_random_quick_restart':             0           0           0             0         0         0           0         0          0            0        0
        'fs_random_quick_restart':             0           0           0             0         0         0           0         0          0            0        0
        'fs_random_quick_restart':             0           0           0             0         0         0           0         0          0            0        0
        'fs_random_quick_restart':             0           0           0             0         0         0           0         0          0            0        0
        'fs_random_quick_restart':             0           0           0             0         0         0           0         0          0            0        0
        'fs_random_quick_restart':             0           0           0             0         0         0           0         0          0            0        0
        'fs_random_quick_restart':             0           0           0             0         0         0           0         0          0            0        0
        'fs_random_quick_restart':             0           0           0             0         0         0           0         0          0            0        0
  'fs_random_quick_restart_no_lp':             0           0           0             0         0         0           0         0          0            0        0
  'fs_random_quick_restart_no_lp':             0           0           0             0         0         0           0         0          0            0        0
  'fs_random_quick_restart_no_lp':             0           0           0             0         0         0           0         0          0            0        0
  'fs_random_quick_restart_no_lp':             0           0           0             0         0         0           0         0          0            0        0
  'fs_random_quick_restart_no_lp':             0           0           0             0         0         0           0         0          0            0        0
  'fs_random_quick_restart_no_lp':             0           0           0             0         0         0           0         0          0            0        0
  'fs_random_quick_restart_no_lp':             0           0           0             0         0         0           0         0          0            0        0
  'fs_random_quick_restart_no_lp':             0           0           0             0         0         0           0         0          0            0        0
  'fs_random_quick_restart_no_lp':             0           0           0             0         0         0           0         0          0            0        0
  'fs_random_quick_restart_no_lp':             0           0           0             0         0         0           0         0          0            0        0
  'fs_random_quick_restart_no_lp':             0           0           0             0         0         0           0         0          0            0        0
  'fs_random_quick_restart_no_lp':             0           0           0             0         0         0           0         0          0            0        0
                 'lb_tree_search':         9'414      30'848     595'197       210'405        76    11'471      25'045         0         68          286      879
                         'max_lp':        69'749     433'980   1'091'053       462'166       281    26'946     140'246       307      9'151       88'825    8'265
                          'no_lp':       232'385   1'656'605   3'551'788     2'812'828       421   103'931     250'496         0     12'714      104'383   89'724
            'objective_lb_search':       152'920     983'581   1'997'306       851'093       367    33'131     120'352         0     12'484      101'439   28'802
     'objective_lb_search_max_lp':        20'072     221'512     919'714       110'237       162    64'990     143'408         0        101          507    5'706
      'objective_lb_search_no_lp':       248'189   1'854'559   3'422'170     1'021'092       447    76'794     227'814        25     13'985      117'582   69'110
                        'probing':        28'904     104'491     234'323        10'972     1'991    10'120      32'261        71      3'311       18'192    2'181
                 'probing_max_lp':             0           0         956             0         0         0           0         0          0            0        0
                  'probing_no_lp':        50'742     216'818     380'316        32'413     1'979    15'741      47'392        98      5'454       28'705    3'672
                   'pseudo_costs':        95'145     445'973   1'209'889       276'022       168    26'020     122'558         0     13'507      123'249    6'639
                  'quick_restart':        47'315     180'174     912'715       255'072     2'851   101'844      59'221         7      7'013       30'481  159'086
            'quick_restart_no_lp':        78'468     301'915   1'383'554       466'926     3'527    74'945      83'073        26     14'397       60'143   91'566
                  'reduced_costs':        58'343     360'936     745'764       233'470       178    28'097     130'617         0      8'359       68'185   18'894

Lp stats                         Component  Iterations  AddedCuts    OPTIMAL  DUAL_F.  DUAL_U.
                  'default_lp':         32      15'605          0  1'949'318        0        0
                       'fixed':         32       3'158          0  2'321'615        0        0
                   'fs_random':         32           0          0          0        0        0
                   'fs_random':         32          42          0        167        0        0
     'fs_random_quick_restart':         32           0          0          0        0        0
     'fs_random_quick_restart':         32          38          0        222        0        0
              'lb_tree_search':          1     296'759      5'792    181'425    6'401        0
                      'max_lp':          1     213'506      9'225    213'581    2'736        1
         'objective_lb_search':         32      26'796          0  2'124'537        0        0
  'objective_lb_search_max_lp':          1     195'268      7'541    106'083    3'735        0
                     'probing':         32      86'952          0  7'873'776        3        0
              'probing_max_lp':          1      31'596      8'069     15'422      433        0
                'pseudo_costs':          1     247'734      4'436    252'814    1'158        1
               'quick_restart':         32     102'610          0  2'059'802        0        0
               'reduced_costs':          1     244'857      2'815    171'312    1'707        1

Lp dimension                      Final dimension of first component
                  'default_lp':         0 rows, 3 columns, 0 entries
                       'fixed':         0 rows, 3 columns, 0 entries
                   'fs_random':         0 rows, 3 columns, 0 entries
                   'fs_random':         0 rows, 3 columns, 0 entries
     'fs_random_quick_restart':         0 rows, 3 columns, 0 entries
     'fs_random_quick_restart':         0 rows, 3 columns, 0 entries
              'lb_tree_search':  374 rows, 326 columns, 1253 entries
                      'max_lp':   239 rows, 326 columns, 848 entries
         'objective_lb_search':         0 rows, 3 columns, 0 entries
  'objective_lb_search_max_lp':   256 rows, 326 columns, 806 entries
                     'probing':         0 rows, 3 columns, 0 entries
              'probing_max_lp':   234 rows, 326 columns, 711 entries
                'pseudo_costs':   254 rows, 326 columns, 665 entries
               'quick_restart':         0 rows, 3 columns, 0 entries
               'reduced_costs':   223 rows, 326 columns, 567 entries

Lp debug                         CutPropag  CutEqPropag   Adjust  Overflow        Bad  BadScaling
                  'default_lp':          0            0      704         0          0           0
                       'fixed':          0            0        0         0          0           0
                   'fs_random':          0            0        0         0          0           0
                   'fs_random':          0            0        0         0          0           0
     'fs_random_quick_restart':          0            0        0         0          0           0
     'fs_random_quick_restart':          0            0        0         0          0           0
              'lb_tree_search':          0            5   30'956         0     57'892           0
                      'max_lp':          0           95   61'610         0     93'094           0
         'objective_lb_search':          0            0    3'712         0          0           0
  'objective_lb_search_max_lp':          9           23   19'726         0     38'057           0
                     'probing':          0            0        0         0          0           0
              'probing_max_lp':          0           12   15'829         0  4'351'687           0
                'pseudo_costs':          0           12  129'589         0     57'585           0
               'quick_restart':          0            0        0         0          0           0
               'reduced_costs':          0            0  117'195         0     62'634           0

Lp pool                          Constraints  Updates  Simplif  Merged  Shortened  Split  Strenghtened        Cuts/Call
                  'default_lp':          320        0      752       0          0      0             0              0/0
                       'fixed':          320        0        0       0          0      0             0              0/0
                   'fs_random':          320        0        0       0          0      0             0              0/0
                   'fs_random':          320        0        0       0          0      0             0              0/0
     'fs_random_quick_restart':          320        0        0       0          0      0             0              0/0
     'fs_random_quick_restart':          320        0        0       0          0      0             0              0/0
              'lb_tree_search':        5'886    4'237    7'309     226          0      0            47  5'792/2'009'572
                      'max_lp':        8'111   11'095  118'328   1'434          0      7           340  9'225/1'192'720
         'objective_lb_search':          320        0      824       0          0      0             0              0/0
  'objective_lb_search_max_lp':        6'456    2'944   51'229   1'405          0      2           266  7'541/1'097'633
                     'probing':          320        0    4'416       0          0      0             0              0/0
              'probing_max_lp':        7'859   13'054   76'300     530          0      3            56    8'069/177'569
                'pseudo_costs':        4'064    3'804   66'764     692          0      0           171  4'436/1'296'481
               'quick_restart':          320        0    5'418       0          0      0             0              0/0
               'reduced_costs':        2'653    3'681   62'539     482          0      0            94    2'815/617'646

Lp Cut                                                max_lp  reduced_costs  pseudo_costs  objective_lb_search_max_lp  lb_tree_search  probing_max_lp
                                          AffineMax:       -              1             1                           -               -               -
                                              CG_FF:      11              1             4                           -               -               5
                                               CG_K:      53             20            26                          22              20              19
                                               CG_R:     228            107           104                          95             150             227
                                           MIR_1_FF:       -              1             -                           1               -               -
                                            MIR_1_K:      28             13            15                          17              13              11
                                            MIR_1_R:      74             41            61                          64              39              44
                                           MIR_2_FF:       2              -             -                           -               -               -
                                            MIR_2_K:      27             15             7                           2               3               4
                                            MIR_2_R:      21              6            12                          27               6               7
                                            MIR_3_K:      11              5             7                           7               2               2
                                            MIR_3_R:      13             16            10                          22               2               3
                                           MIR_4_FF:       -              1             -                           -               -               -
                                            MIR_4_K:      14              4             5                           8               2               4
                                            MIR_4_R:      26             13            13                          23              10               6
                                           MIR_5_FF:       1              1             -                           -               -               -
                                            MIR_5_K:       6              2             4                           2               -               1
                                            MIR_5_R:      10              5            16                           2               5               2
                                            MIR_6_K:       1              -             -                           1               -               -
                                            MIR_6_R:       9              2             2                           2               4               3
                  NoOverlapCompletionTimeExhaustive:     527            180           279                         358             309             333
           NoOverlapCompletionTimeExhaustive_lifted:     381            127           174                         300             298             182
  NoOverlapCompletionTimeExhaustive_lifted_weighted:   1'046            277           510                         913             733             742
         NoOverlapCompletionTimeExhaustive_weighted:   1'059            361           505                         697             625             870
                    NoOverlapCompletionTimeQueyrane:   1'439            480           752                       1'124           1'114           2'286
             NoOverlapCompletionTimeQueyrane_lifted:   2'129            493           932                       1'902           1'762           2'141
                        NoOverlapDetectedPrecedence:      24              6            19                          26              13               3
                          NoOverlapDisjunctionOnEnd:     251             34           121                         272              32               -
                        NoOverlapDisjunctionOnStart:   1'703            544           773                       1'613             555             628
                                        ZERO_HALF_K:       1              -             3                           4               -               1
                                        ZERO_HALF_R:     130             59            81                          37              95             545

LNS stats                             Improv/Calls  Closed  Difficulty  TimeLimit
                    'graph_arc_lns':        22/862     49%    3.12e-01       0.13
                    'graph_cst_lns':        18/915     51%    7.84e-01       0.13
                    'graph_dec_lns':       50/1074     50%    7.20e-01       0.14
                    'graph_var_lns':        15/989     50%    5.36e-01       0.14
                     'lb_relax_lns':         5/260     38%    2.48e-02       0.54
                        'rins/rens':        91/820     50%    3.39e-01       0.11
                      'rnd_cst_lns':        10/936     49%    6.02e-01       0.14
                      'rnd_var_lns':       20/1036     51%    8.49e-01       0.14
         'scheduling_intervals_lns':        16/842     49%    4.56e-02       0.13
       'scheduling_precedences_lns':         3/785     48%    9.36e-02       0.13
  'scheduling_resource_windows_lns':         4/481      0%    1.04e-17       0.12
       'scheduling_time_window_lns':        18/893     49%    5.60e-02       0.14

LS stats                                    Batches  Restarts/Perturbs  LinMoves   GenMoves  CompoundMoves  Bactracks  WeightUpdates  ScoreComputed
                      'ls_decay_compound':    2'669                 70    44'559  2'667'700         70'750    637'510        148'780    578'211'710
                         'ls_lin_restart':    3'456                915    60'971  2'165'050              0          0      1'206'141    775'017'880
                'ls_lin_restart_compound':    3'566                881         0  5'731'307        224'957  2'751'560         45'096    946'304'863
        'ls_lin_restart_compound_perturb':    3'282                852         0  5'232'053        216'626  2'505'903         43'852    888'490'669
                   'ls_lin_restart_decay':    2'394                867    56'366  2'831'824              0          0        130'441    513'377'840
          'ls_lin_restart_decay_compound':    2'631                843         0  3'951'702        259'725  1'844'149         26'058    682'460'540
  'ls_lin_restart_decay_compound_perturb':    2'523                852         0  3'794'084        237'712  1'776'456         26'573    662'605'964
           'ls_lin_restart_decay_perturb':    3'402                922    82'998  3'949'529              0          0        159'280    726'358'115
                 'ls_lin_restart_perturb':    3'690                905    68'902  2'189'403              0          0      1'283'263    820'470'842
                             'ls_restart':    5'265              1'508    92'954  3'359'587              0          0      2'165'616  1'186'152'316
                    'ls_restart_compound':    5'754              1'527         0  9'253'460        371'092  4'438'069         72'183  1'536'915'983
            'ls_restart_compound_perturb':    5'283              1'533         0  8'616'718        376'144  4'117'397         79'408  1'449'406'502
                       'ls_restart_decay':    5'556              1'493   132'918  6'457'796              0          0        259'604  1'186'394'728
              'ls_restart_decay_compound':    5'937              1'600         0  8'630'708        574'447  4'024'749         50'263  1'493'823'751
      'ls_restart_decay_compound_perturb':    5'363              1'569         0  7'914'497        514'035  3'696'354         49'766  1'374'145'972
               'ls_restart_decay_perturb':    5'979              1'538   148'770  6'924'984              0          0        274'283  1'274'233'708
                     'ls_restart_perturb':    6'397              1'554   128'386  3'726'732              0          0      2'265'928  1'415'988'523

Solutions (152)                             Num       Rank
                                   'core':    1    [16,16]
                                  'fixed':    1    [12,12]
                          'graph_arc_lns':    9   [42,150]
                          'graph_cst_lns':    3  [121,151]
                          'graph_dec_lns':    6  [128,148]
                          'graph_var_lns':    5  [118,152]
                    'lb_relax_lns_bool_h':    1    [52,52]
                       'lb_relax_lns_int':    1  [135,135]
                                    'ls_':    1    [41,41]
                         'ls_lin_restart':    1  [113,113]
                'ls_lin_restart_compound':    5    [11,58]
        'ls_lin_restart_compound_perturb':    8    [30,97]
                   'ls_lin_restart_decay':    4   [32,143]
          'ls_lin_restart_decay_compound':    2    [34,65]
  'ls_lin_restart_decay_compound_perturb':    4   [13,112]
           'ls_lin_restart_decay_perturb':    6    [38,95]
                 'ls_lin_restart_perturb':    1    [36,36]
                             'ls_restart':    3   [35,102]
                    'ls_restart_compound':   14    [4,137]
            'ls_restart_compound_perturb':   13     [5,92]
                       'ls_restart_decay':    5   [51,111]
              'ls_restart_decay_compound':    4   [19,117]
      'ls_restart_decay_compound_perturb':    9   [10,114]
               'ls_restart_decay_perturb':   10    [6,124]
                     'ls_restart_perturb':    7    [25,91]
                                  'no_lp':    1      [1,1]
                          'quick_restart':    1    [61,61]
                    'quick_restart_no_lp':   11    [2,116]
                          'rins_pump_lns':    2    [26,27]
                            'rnd_cst_lns':    3    [22,24]
                            'rnd_var_lns':    6    [3,146]
             'scheduling_time_window_lns':    4  [120,141]

Objective bounds                 Num
                   'bool_core':  450
              'initial_domain':    1
              'lb_tree_search':    1
                      'max_lp':    2
         'objective_lb_search':    1
  'objective_lb_search_max_lp':   22

Solution repositories    Added  Queried  Synchro
  'feasible solutions':  8'531   40'387    5'431
   'fj solution hints':      0        0        0
        'lp solutions':  6'579      478    6'210
                'pump':  4'019      469

Improving bounds shared             Num  Sym
                        'core':      77    0
                  'default_lp':      21    0
                       'fixed':      61    0
              'lb_tree_search':   4'337    0
                      'max_lp':  15'670    0
                       'no_lp':      46    0
         'objective_lb_search':      56    0
  'objective_lb_search_max_lp':   2'453    0
   'objective_lb_search_no_lp':      67    0
                     'probing':     305    0
              'probing_max_lp':   5'886    0
               'probing_no_lp':   2'458    0
                'pseudo_costs':   1'167    0
               'quick_restart':      61    0
         'quick_restart_no_lp':     187    0
               'reduced_costs':   1'579    0

CpSolverResponse summary:
status: FEASIBLE
objective: 22162
best_bound: 21784
integers: 327
booleans: 95
conflicts: 0
branches: 95
propagations: 0
integer_propagations: 1911
restarts: 0
lp_iterations: 0
walltime: 98.0305
usertime: 98.0305
deterministic_time: 8747.38
gap_integral: 53885
solution_fingerprint: 0xff809f7c858301f

