
Starting CP-SAT solver v9.14.6206
Parameters: max_time_in_seconds: 300 log_search_progress: true num_search_workers: 104 relative_gap_limit: 0.005

Initial optimization model '': (model_fingerprint: 0x886071596e94cd2a)
#Variables: 469 (#ints: 79 in objective) (390 primary variables)
  - 79 in [0,32920]
  - 50 in [18720,32920]
  - 340 in [20160,32920]
#kInterval: 199 (#fixed: 4)
#kLinMax: 79 (#expressions: 158)
#kLinear1: 27
#kLinear2: 168
#kNoOverlap: 10 (#intervals: 199, #fixed_intervals: 4)

Starting presolve at 0.00s
  7.94e-05s  0.00e+00d  [DetectDominanceRelations] 
  1.84e-03s  0.00e+00d  [PresolveToFixPoint] #num_loops=10 #num_dual_strengthening=1 
  2.94e-06s  0.00e+00d  [ExtractEncodingFromLinear] 
  1.52e-05s  0.00e+00d  [DetectDuplicateColumns] 
  7.10e-05s  0.00e+00d  [DetectDuplicateConstraints] 
[Symmetry] Graph for symmetry has 1'130 nodes and 1'088 arcs.
[Symmetry] Symmetry computation done. time: 9.4609e-05 dtime: 0.00012332
  6.53e-05s  0.00e+00d  [DetectDuplicateConstraintsWithDifferentEnforcements] 
  5.87e-04s  1.18e-05d  [Probe] #new_bounds=82 
  2.88e-06s  0.00e+00d  [MaxClique] 
  6.72e-05s  0.00e+00d  [DetectDominanceRelations] 
  5.72e-04s  0.00e+00d  [PresolveToFixPoint] #num_loops=3 #num_dual_strengthening=2 
  2.97e-05s  0.00e+00d  [ProcessAtMostOneAndLinear] 
  5.96e-05s  0.00e+00d  [DetectDuplicateConstraints] 
  5.90e-05s  0.00e+00d  [DetectDuplicateConstraintsWithDifferentEnforcements] 
  2.85e-05s  1.33e-06d  [DetectDominatedLinearConstraints] #relevant_constraints=220 
  3.04e-05s  0.00e+00d  [DetectDifferentVariables] 
  2.67e-06s  0.00e+00d  [ProcessSetPPC] 
  3.89e-06s  0.00e+00d  [FindAlmostIdenticalLinearConstraints] 
  1.05e-05s  0.00e+00d  [FindBigAtMostOneAndLinearOverlap] 
  1.73e-05s  8.07e-06d  [FindBigVerticalLinearOverlap] 
  2.11e-06s  0.00e+00d  [FindBigHorizontalLinearOverlap] 
  1.85e-06s  0.00e+00d  [MergeClauses] 
  6.37e-05s  0.00e+00d  [DetectDominanceRelations] 
  3.54e-04s  0.00e+00d  [PresolveToFixPoint] #num_loops=1 #num_dual_strengthening=1 
  6.11e-05s  0.00e+00d  [DetectDominanceRelations] 
  3.48e-04s  0.00e+00d  [PresolveToFixPoint] #num_loops=1 #num_dual_strengthening=1 
  1.22e-05s  0.00e+00d  [DetectDuplicateColumns] 
  5.63e-05s  0.00e+00d  [DetectDuplicateConstraints] 
[Symmetry] Graph for symmetry has 1'126 nodes and 1'084 arcs.
[Symmetry] Symmetry computation done. time: 7.8441e-05 dtime: 0.000123
  5.98e-05s  0.00e+00d  [DetectDuplicateConstraintsWithDifferentEnforcements] 
  4.25e-04s  2.19e-06d  [Probe] 
  1.61e-06s  0.00e+00d  [MaxClique] 
  7.26e-05s  0.00e+00d  [DetectDominanceRelations] 
  3.89e-04s  0.00e+00d  [PresolveToFixPoint] #num_loops=1 #num_dual_strengthening=1 
  2.74e-05s  0.00e+00d  [ProcessAtMostOneAndLinear] 
  5.78e-05s  0.00e+00d  [DetectDuplicateConstraints] 
  5.44e-05s  0.00e+00d  [DetectDuplicateConstraintsWithDifferentEnforcements] 
  2.62e-05s  1.33e-06d  [DetectDominatedLinearConstraints] #relevant_constraints=220 
  2.80e-05s  0.00e+00d  [DetectDifferentVariables] 
  2.06e-06s  0.00e+00d  [ProcessSetPPC] 
  2.61e-06s  0.00e+00d  [FindAlmostIdenticalLinearConstraints] 
  9.98e-06s  0.00e+00d  [FindBigAtMostOneAndLinearOverlap] 
  1.69e-05s  8.07e-06d  [FindBigVerticalLinearOverlap] 
  1.97e-06s  0.00e+00d  [FindBigHorizontalLinearOverlap] 
  1.55e-06s  0.00e+00d  [MergeClauses] 
  6.46e-05s  0.00e+00d  [DetectDominanceRelations] 
  3.55e-04s  0.00e+00d  [PresolveToFixPoint] #num_loops=1 #num_dual_strengthening=1 
  1.70e-05s  0.00e+00d  [ExpandObjective] 

Presolve summary:
  - 210 affine relations were detected.
  - rule 'TODO dual: only one blocking constraint?' was applied 602 times.
  - rule 'TODO dual: only one unspecified blocking constraint?' was applied 364 times.
  - rule 'affine: new relation' was applied 210 times.
  - rule 'dual: reduced domain' was applied 9 times.
  - rule 'intervals: removed unused interval' was applied 4 times.
  - rule 'lin_max: converted abs to equality' was applied 14 times.
  - rule 'lin_max: converted to equality' was applied 2 times.
  - rule 'lin_max: propagate domain from x to abs(x)' was applied 26 times.
  - rule 'lin_max: removed exprs' was applied 2 times.
  - rule 'lin_max: rewrite with precedences' was applied 52 times.
  - rule 'lin_max: target domain reduced' was applied 54 times.
  - rule 'linear1: x in domain' was applied 18 times.
  - rule 'linear: always true' was applied 62 times.
  - rule 'linear: fixed or dup variables' was applied 1 time.
  - rule 'linear: reduced variable domains' was applied 993 times.
  - rule 'linear: remapped using affine relations' was applied 445 times.
  - rule 'no_overlap: split into disjoint components' was applied 4 times.
  - rule 'objective: variable not used elsewhere' was applied 1 time.
  - rule 'presolve: 1 unused variables removed.' was applied 1 time.
  - rule 'presolve: iteration' was applied 2 times.

Presolved optimization model '': (model_fingerprint: 0x8479d9b156eec46a)
#Variables: 258 (#ints: 77 in objective) (195 primary variables)
  - 220 different domains in [0,32899] with a largest complexity of 1.
#kInterval: 195
#kLinMax: 11 (#expressions: 22)
#kLinear2: 220
#kNoOverlap: 10 (#intervals: 195)
[Symmetry] Graph for symmetry has 915 nodes and 1'084 arcs.
[Symmetry] Symmetry computation done. time: 6.3707e-05 dtime: 0.00011034

Preloading model.
#Bound   0.01s best:inf   next:[4404,2203935] initial_domain
#Model   0.01s var:258/258 constraints:436/436

Starting search at 0.01s with 104 workers.
18 full problem subsolvers: [core, default_lp, fixed, lb_tree_search, max_lp, no_lp, objective_lb_search, objective_lb_search_max_lp, objective_lb_search_no_lp, objective_shaving_max_lp, objective_shaving_no_lp, probing, probing_max_lp, probing_no_lp, pseudo_costs, quick_restart, quick_restart_no_lp, reduced_costs]
86 first solution subsolvers: [fj(25), fj_lin(12), fs_random(12), fs_random_no_lp(13), fs_random_quick_restart(12), fs_random_quick_restart_no_lp(12)]
45 interleaved subsolvers: [feasibility_pump, graph_arc_lns, graph_cst_lns, graph_dec_lns, graph_var_lns, lb_relax_lns, ls(19), ls_lin(10), rins/rens, rnd_cst_lns, rnd_var_lns, scheduling_intervals_lns, scheduling_precedences_lns, scheduling_resource_windows_lns, scheduling_time_window_lns, variables_shaving, variables_shaving_max_lp, variables_shaving_no_lp]
3 helper subsolvers: [neighborhood_helper, synchronization_agent, update_gap_integral]

#Bound   0.01s best:inf   next:[4424,2203935] default_lp
#Bound   0.02s best:inf   next:[4431,2203935] objective_lb_search
#Bound   0.02s best:inf   next:[4443,2203935] objective_lb_search
#Bound   0.02s best:inf   next:[4652,2203935] objective_lb_search
#Bound   0.02s best:inf   next:[4682,2203935] objective_lb_search
#1       0.02s best:31829 next:[4682,31828] no_lp
#2       0.02s best:30951 next:[4682,30950] quick_restart_no_lp
#3       0.02s best:30835 next:[4682,30834] quick_restart_no_lp
#Bound   0.02s best:30835 next:[5572,30834] max_lp
#4       0.02s best:30834 next:[5572,30833] ls_restart_compound(batch:1 lin{mvs:0 evals:181} gen{mvs:20 evals:135} comp{mvs:4 btracks:8} #w_updates:0 #perturb:0)
#5       0.03s best:30152 next:[5572,30151] ls_restart_decay(batch:1 lin{mvs:11 evals:775} gen{mvs:24 evals:351} #w_updates:5 #perturb:0)
#6       0.03s best:30151 next:[5572,30150] ls_restart_decay(batch:1 lin{mvs:11 evals:775} gen{mvs:24 evals:351} #w_updates:5 #perturb:0) [combined with: ls_restart_compound(...]
#7       0.03s best:27965 next:[5572,27964] graph_dec_lns (d=5.00e-01 s=26 t=0.10 p=0.00 stall=0 h=base)
#8       0.03s best:27165 next:[5572,27164] graph_dec_lns (d=5.00e-01 s=26 t=0.10 p=0.00 stall=0 h=base) [combined with: ls_restart_decay(bat...]
#9       0.03s best:25302 next:[5572,25301] ls_restart_compound(batch:1 lin{mvs:0 evals:253} gen{mvs:21 evals:198} comp{mvs:11 btracks:5} #w_updates:0 #perturb:0) [combined with: graph_dec_lns (d=5.0...]
#10      0.03s best:21151 next:[5572,21150] rnd_cst_lns (d=5.00e-01 s=22 t=0.10 p=0.00 stall=0 h=base)
#11      0.03s best:17567 next:[5572,17566] rnd_cst_lns (d=5.00e-01 s=22 t=0.10 p=0.00 stall=0 h=base) [combined with: graph_dec_lns (d=5.0...]
#12      0.03s best:17441 next:[5572,17440] ls_restart(batch:1 lin{mvs:12 evals:895} gen{mvs:25 evals:421} #w_updates:7 #perturb:0) [combined with: rnd_cst_lns (d=5.00e...]
#13      0.03s best:16177 next:[5572,16176] ls_restart_compound_perturb(batch:1 lin{mvs:0 evals:83} gen{mvs:5 evals:50} comp{mvs:5 btracks:0} #w_updates:0 #perturb:0)
#14      0.03s best:16176 next:[5572,16175] ls_restart_compound(batch:1 lin{mvs:0 evals:97} gen{mvs:12 evals:82} comp{mvs:6 btracks:3} #w_updates:0 #perturb:0)
#15      0.03s best:14753 next:[5572,14752] ls_restart_decay_compound_perturb(batch:1 lin{mvs:0 evals:199} gen{mvs:12 evals:131} comp{mvs:12 btracks:0} #w_updates:0 #perturb:0)
#16      0.03s best:14752 next:[5572,14751] ls_restart_decay_compound_perturb(batch:1 lin{mvs:0 evals:199} gen{mvs:12 evals:131} comp{mvs:12 btracks:0} #w_updates:0 #perturb:0) [combined with: ls_restart_compound(...]
#17      0.03s best:14527 next:[5572,14526] ls_lin_restart_compound(batch:1 lin{mvs:0 evals:106} gen{mvs:6 evals:56} comp{mvs:6 btracks:0} #w_updates:0 #perturb:0)
#18      0.03s best:14147 next:[5572,14146] ls_lin_restart_compound(batch:1 lin{mvs:0 evals:129} gen{mvs:9 evals:78} comp{mvs:5 btracks:2} #w_updates:0 #perturb:0)
#19      0.03s best:14146 next:[5572,14145] ls_lin_restart_decay_compound_perturb(batch:1 lin{mvs:0 evals:85} gen{mvs:6 evals:54} comp{mvs:4 btracks:1} #w_updates:0 #perturb:0) [combined with: ls_lin_restart_compo...]
#20      0.03s best:13904 next:[5572,13903] ls_lin_restart_perturb(batch:1 lin{mvs:10 evals:551} gen{mvs:18 evals:236} #w_updates:24 #perturb:0)
#21      0.03s best:13903 next:[5572,13902] ls_lin_restart_perturb(batch:1 lin{mvs:10 evals:551} gen{mvs:18 evals:236} #w_updates:24 #perturb:0) [combined with: ls_lin_restart_decay...]
#22      0.03s best:13369 next:[5572,13368] ls_lin_restart_decay_perturb(batch:1 lin{mvs:8 evals:495} gen{mvs:17 evals:217} #w_updates:15 #perturb:0)
#23      0.03s best:13368 next:[5572,13367] ls_lin_restart_decay_perturb(batch:1 lin{mvs:8 evals:495} gen{mvs:17 evals:217} #w_updates:15 #perturb:0) [combined with: ls_lin_restart_pertu...]
#Bound   0.03s best:13368 next:[5578,13367] max_lp
#Bound   0.03s best:13368 next:[5579,13367] max_lp
#24      0.04s best:13367 next:[5579,13366] ls_restart_compound(batch:1 lin{mvs:0 evals:60} gen{mvs:4 evals:36} comp{mvs:4 btracks:0} #w_updates:0 #perturb:0)
#25      0.04s best:13338 next:[5579,13337] ls_restart_perturb(batch:1 lin{mvs:7 evals:379} gen{mvs:18 evals:151} #w_updates:5 #perturb:0)
#26      0.04s best:13284 next:[5579,13283] ls_restart_compound(batch:1 lin{mvs:0 evals:292} gen{mvs:26 evals:168} comp{mvs:6 btracks:10} #w_updates:0 #perturb:0)
#27      0.04s best:13255 next:[5579,13254] ls_restart_compound(batch:1 lin{mvs:0 evals:292} gen{mvs:26 evals:168} comp{mvs:6 btracks:10} #w_updates:0 #perturb:0) [combined with: ls_restart_perturb(b...]
#28      0.04s best:13205 next:[5579,13204] ls_restart_decay_compound_perturb(batch:1 lin{mvs:0 evals:225} gen{mvs:31 evals:150} comp{mvs:7 btracks:12} #w_updates:0 #perturb:0)
#29      0.04s best:12134 next:[5579,12133] ls_restart_compound(batch:1 lin{mvs:0 evals:106} gen{mvs:7 evals:58} comp{mvs:7 btracks:0} #w_updates:0 #perturb:0)
#30      0.04s best:12106 next:[5579,12105] ls_restart_compound(batch:1 lin{mvs:0 evals:85} gen{mvs:5 evals:46} comp{mvs:5 btracks:0} #w_updates:0 #perturb:0)
#31      0.04s best:12057 next:[5579,12056] ls_restart_compound(batch:1 lin{mvs:0 evals:133} gen{mvs:19 evals:93} comp{mvs:7 btracks:6} #w_updates:0 #perturb:0) [combined with: ls_restart_compound(...]
#32      0.04s best:11992 next:[5579,11991] ls_restart_compound(batch:1 lin{mvs:0 evals:434} gen{mvs:41 evals:267} comp{mvs:7 btracks:17} #w_updates:0 #perturb:0) [combined with: ls_restart_compound(...]
#33      0.04s best:11975 next:[5579,11974] ls_restart(batch:1 lin{mvs:5 evals:428} gen{mvs:24 evals:202} #w_updates:9 #perturb:0)
#34      0.04s best:11968 next:[5579,11967] ls_restart_perturb(batch:1 lin{mvs:7 evals:649} gen{mvs:37 evals:319} #w_updates:16 #perturb:0) [combined with: ls_restart(batch:1 l...]
#35      0.04s best:11922 next:[5579,11921] ls_lin_restart_compound(batch:1 lin{mvs:0 evals:106} gen{mvs:6 evals:59} comp{mvs:6 btracks:0} #w_updates:0 #perturb:0)
#36      0.04s best:11898 next:[5579,11897] ls_lin_restart_decay_compound(batch:1 lin{mvs:0 evals:186} gen{mvs:15 evals:114} comp{mvs:7 btracks:4} #w_updates:0 #perturb:0)
#37      0.05s best:11856 next:[5579,11855] ls_restart_compound_perturb(batch:1 lin{mvs:0 evals:84} gen{mvs:5 evals:45} comp{mvs:5 btracks:0} #w_updates:0 #perturb:0)
#38      0.05s best:11539 next:[5579,11538] ls_restart_decay(batch:1 lin{mvs:7 evals:369} gen{mvs:14 evals:149} #w_updates:4 #perturb:0)
#39      0.05s best:11497 next:[5579,11496] ls_restart_decay(batch:1 lin{mvs:7 evals:369} gen{mvs:14 evals:149} #w_updates:4 #perturb:0) [combined with: ls_restart_compound_...]
#40      0.05s best:11490 next:[5579,11489] ls_restart_decay_perturb(batch:1 lin{mvs:8 evals:504} gen{mvs:27 evals:227} #w_updates:7 #perturb:0) [combined with: ls_restart_decay(bat...]
#41      0.05s best:11483 next:[5579,11482] ls_restart_compound_perturb(batch:1 lin{mvs:0 evals:44} gen{mvs:3 evals:30} comp{mvs:3 btracks:0} #w_updates:0 #perturb:0)
#42      0.05s best:11476 next:[5579,11475] ls_restart_decay_perturb(batch:1 lin{mvs:10 evals:378} gen{mvs:9 evals:111} #w_updates:1 #perturb:0)
#43      0.05s best:11469 next:[5579,11468] ls_restart_decay_perturb(batch:1 lin{mvs:10 evals:378} gen{mvs:9 evals:111} #w_updates:1 #perturb:0) [combined with: ls_restart_compound_...]
#44      0.05s best:11468 next:[5579,11467] ls_restart_compound(batch:1 lin{mvs:0 evals:459} gen{mvs:52 evals:294} comp{mvs:12 btracks:20} #w_updates:0 #perturb:0) [combined with: ls_restart_decay_per...]
#45      0.05s best:11387 next:[5579,11386] ls_restart_decay(batch:1 lin{mvs:9 evals:534} gen{mvs:19 evals:192} #w_updates:3 #perturb:0)
#46      0.05s best:11365 next:[5579,11364] ls_restart_decay(batch:1 lin{mvs:9 evals:534} gen{mvs:19 evals:192} #w_updates:3 #perturb:0) [combined with: ls_restart_compound(...]
#47      0.05s best:11208 next:[5579,11207] ls_restart_perturb(batch:1 lin{mvs:6 evals:314} gen{mvs:6 evals:81} #w_updates:2 #perturb:0)
#48      0.05s best:11201 next:[5579,11200] ls_restart_decay_compound_perturb(batch:1 lin{mvs:0 evals:917} gen{mvs:107 evals:611} comp{mvs:9 btracks:49} #w_updates:1 #perturb:0) [combined with: ls_restart_perturb(b...]
#49      0.05s best:11194 next:[5579,11193] ls_lin_restart_compound(batch:1 lin{mvs:0 evals:142} gen{mvs:21 evals:116} comp{mvs:5 btracks:8} #w_updates:0 #perturb:0)
#50      0.05s best:11192 next:[5579,11191] ls_lin_restart_decay(batch:1 lin{mvs:8 evals:337} gen{mvs:6 evals:88} #w_updates:2 #perturb:0) [combined with: ls_lin_restart_compo...]
#51      0.05s best:11178 next:[5579,11177] ls_lin_restart_decay(batch:1 lin{mvs:9 evals:356} gen{mvs:6 evals:79} #w_updates:2 #perturb:0) [combined with: ls_lin_restart_decay...]
#52      0.05s best:11171 next:[5579,11170] ls_lin_restart_compound(batch:1 lin{mvs:0 evals:453} gen{mvs:37 evals:315} comp{mvs:17 btracks:10} #w_updates:0 #perturb:0)
#53      0.05s best:11157 next:[5579,11156] ls_restart_decay(batch:1 lin{mvs:9 evals:362} gen{mvs:7 evals:94} #w_updates:2 #perturb:0)
#54      0.05s best:11150 next:[5579,11149] ls_restart_decay(batch:1 lin{mvs:5 evals:334} gen{mvs:14 evals:151} #w_updates:5 #perturb:0) [combined with: ls_restart_decay(bat...]
#55      0.05s best:11143 next:[5579,11142] ls_restart_decay_perturb(batch:1 lin{mvs:8 evals:619} gen{mvs:30 evals:308} #w_updates:13 #perturb:0) [combined with: ls_restart_decay(bat...]
#56      0.05s best:11136 next:[5579,11135] ls_restart_perturb(batch:1 lin{mvs:6 evals:350} gen{mvs:10 evals:117} #w_updates:4 #perturb:0)
#57      0.05s best:11129 next:[5579,11128] ls_restart(batch:1 lin{mvs:5 evals:407} gen{mvs:20 evals:222} #w_updates:10 #perturb:0) [combined with: ls_restart_perturb(b...]
#58      0.05s best:11122 next:[5579,11121] ls_lin_restart_decay_compound_perturb(batch:1 lin{mvs:0 evals:71} gen{mvs:5 evals:53} comp{mvs:5 btracks:0} #w_updates:0 #perturb:0) [combined with: ls_restart(batch:1 l...]
#59      0.05s best:11115 next:[5579,11114] ls_restart_perturb(batch:1 lin{mvs:5 evals:436} gen{mvs:22 evals:228} #w_updates:10 #perturb:0)
#60      0.06s best:11108 next:[5579,11107] ls_restart(batch:1 lin{mvs:9 evals:327} gen{mvs:6 evals:79} #w_updates:2 #perturb:0)
#61      0.06s best:11052 next:[5579,11051] ls_restart_decay_compound(batch:1 lin{mvs:0 evals:565} gen{mvs:66 evals:430} comp{mvs:10 btracks:28} #w_updates:1 #perturb:0)
#62      0.06s best:11038 next:[5579,11037] ls_restart_decay_compound(batch:1 lin{mvs:0 evals:565} gen{mvs:66 evals:430} comp{mvs:10 btracks:28} #w_updates:1 #perturb:0) [combined with: ls_restart(batch:1 l...]
#63      0.06s best:11027 next:[5579,11026] ls_restart_decay_compound_perturb(batch:1 lin{mvs:0 evals:325} gen{mvs:30 evals:230} comp{mvs:6 btracks:12} #w_updates:0 #perturb:0) [combined with: ls_restart_decay_com...]
#64      0.06s best:11020 next:[5579,11019] ls_compound_perturb(batch:2 lin{mvs:6 evals:423} gen{mvs:19 evals:184} comp{mvs:9 btracks:0} #w_updates:4 #perturb:2)
#65      0.06s best:11013 next:[5579,11012] ls_restart_compound(batch:1 lin{mvs:0 evals:246} gen{mvs:33 evals:180} comp{mvs:5 btracks:14} #w_updates:1 #perturb:0) [combined with: ls_compound_perturb(...]
#66      0.06s best:11009 next:[5579,11008] ls_restart_decay(batch:1 lin{mvs:6 evals:395} gen{mvs:19 evals:170} #w_updates:8 #perturb:0)
#67      0.06s best:11004 next:[5579,11003] ls_lin_restart_perturb(batch:1 lin{mvs:5 evals:331} gen{mvs:15 evals:142} #w_updates:6 #perturb:0)
#68      0.06s best:10997 next:[5579,10996] ls_lin_restart(batch:1 lin{mvs:8 evals:556} gen{mvs:25 evals:242} #w_updates:13 #perturb:0) [combined with: ls_lin_restart_pertu...]
#69      0.06s best:10958 next:[5579,10957] graph_cst_lns (d=5.00e-01 s=138 t=0.10 p=0.00 stall=0 h=base)
#70      0.06s best:10795 next:[5579,10794] graph_cst_lns (d=5.00e-01 s=138 t=0.10 p=0.00 stall=0 h=base) [combined with: ls_lin_restart(batch...]
#71      0.07s best:10790 next:[5579,10789] ls_lin_restart_decay_perturb(batch:1 lin{mvs:8 evals:408} gen{mvs:16 evals:163} #w_updates:6 #perturb:0)
#72      0.07s best:10783 next:[5579,10782] ls_restart_decay_perturb(batch:1 lin{mvs:8 evals:341} gen{mvs:9 evals:86} #w_updates:3 #perturb:0)
#73      0.07s best:10759 next:[5579,10758] ls_restart_decay_perturb(batch:1 lin{mvs:9 evals:600} gen{mvs:34 evals:275} #w_updates:13 #perturb:0)
#74      0.07s best:10752 next:[5579,10751] ls_restart_decay_perturb(batch:1 lin{mvs:9 evals:600} gen{mvs:34 evals:275} #w_updates:13 #perturb:0) [combined with: ls_restart_decay_per...]
#75      0.07s best:10745 next:[5579,10744] ls_restart_decay(batch:1 lin{mvs:6 evals:296} gen{mvs:9 evals:86} #w_updates:4 #perturb:0)
#76      0.07s best:10739 next:[5579,10738] ls_lin_restart_perturb(batch:1 lin{mvs:8 evals:569} gen{mvs:32 evals:257} #w_updates:14 #perturb:0) [combined with: ls_restart_decay(bat...]
#77      0.07s best:10738 next:[5579,10737] ls_lin_restart_perturb(batch:1 lin{mvs:5 evals:374} gen{mvs:19 evals:175} #w_updates:9 #perturb:0)
#78      0.07s best:10732 next:[5579,10731] ls_lin_restart_perturb(batch:1 lin{mvs:5 evals:374} gen{mvs:19 evals:175} #w_updates:9 #perturb:0) [combined with: ls_lin_restart_pertu...]
#79      0.07s best:10725 next:[5579,10724] ls_lin_restart_decay_compound_perturb(batch:1 lin{mvs:0 evals:296} gen{mvs:62 evals:254} comp{mvs:14 btracks:24} #w_updates:0 #perturb:0) [combined with: ls_lin_restart_pertu...]
#80      0.07s best:10711 next:[5579,10710] ls_restart_decay_perturb(batch:1 lin{mvs:9 evals:300} gen{mvs:6 evals:69} #w_updates:2 #perturb:0)
#81      0.07s best:10710 next:[5579,10709] ls_restart_decay(batch:1 lin{mvs:6 evals:300} gen{mvs:10 evals:88} #w_updates:4 #perturb:0) [combined with: ls_restart_decay_per...]
#82      0.07s best:10617 next:[5579,10616] ls_compound(batch:5 lin{mvs:11 evals:1'697} gen{mvs:117 evals:957} comp{mvs:15 btracks:7} #w_updates:41 #perturb:5)
#83      0.07s best:10616 next:[5579,10615] ls_compound(batch:5 lin{mvs:11 evals:1'697} gen{mvs:117 evals:957} comp{mvs:15 btracks:7} #w_updates:41 #perturb:5) [combined with: ls_restart_decay(bat...]
#84      0.07s best:10610 next:[5579,10609] ls_restart_decay_compound(batch:1 lin{mvs:0 evals:40} gen{mvs:3 evals:25} comp{mvs:3 btracks:0} #w_updates:0 #perturb:0) [combined with: ls_compound(batch:5 ...]
#85      0.07s best:10578 next:[5579,10577] ls_restart_perturb(batch:1 lin{mvs:9 evals:306} gen{mvs:5 evals:59} #w_updates:2 #perturb:0)
#86      0.08s best:10571 next:[5579,10570] ls_restart_perturb(batch:1 lin{mvs:5 evals:292} gen{mvs:12 evals:108} #w_updates:6 #perturb:0)
#87      0.08s best:10570 next:[5579,10569] ls_restart_perturb(batch:1 lin{mvs:5 evals:292} gen{mvs:12 evals:108} #w_updates:6 #perturb:0) [combined with: ls_restart_perturb(b...]
#88      0.08s best:10563 next:[5579,10562] ls_restart_decay_compound_perturb(batch:1 lin{mvs:0 evals:40} gen{mvs:3 evals:24} comp{mvs:3 btracks:0} #w_updates:0 #perturb:0)
#89      0.08s best:10554 next:[5579,10553] ls_compound_perturb(batch:7 lin{mvs:11 evals:2'135} gen{mvs:180 evals:1'272} comp{mvs:32 btracks:30} #w_updates:41 #perturb:7) [combined with: ls_restart_decay_com...]
#90      0.08s best:10547 next:[5579,10546] ls_restart(batch:1 lin{mvs:5 evals:263} gen{mvs:10 evals:97} #w_updates:4 #perturb:0) [combined with: ls_compound_perturb(...]
#91      0.08s best:10540 next:[5579,10539] ls_compound_perturb(batch:8 lin{mvs:11 evals:3'344} gen{mvs:332 evals:2'095} comp{mvs:54 btracks:95} #w_updates:43 #perturb:8) [combined with: ls_restart(batch:1 l...]
#92      0.08s best:10533 next:[5579,10532] ls_restart_compound_perturb(batch:1 lin{mvs:0 evals:90} gen{mvs:6 evals:59} comp{mvs:6 btracks:0} #w_updates:0 #perturb:0)
#93      0.08s best:10528 next:[5579,10527] ls_restart_decay_compound_perturb(batch:1 lin{mvs:0 evals:1'724} gen{mvs:240 evals:1'169} comp{mvs:16 btracks:112} #w_updates:3 #perturb:0) [combined with: ls_restart_compound_...]
#94      0.08s best:10526 next:[5579,10525] ls_restart_compound(batch:1 lin{mvs:0 evals:40} gen{mvs:3 evals:26} comp{mvs:3 btracks:0} #w_updates:0 #perturb:0)
#95      0.08s best:10521 next:[5579,10520] ls_restart_compound(batch:1 lin{mvs:0 evals:40} gen{mvs:3 evals:26} comp{mvs:3 btracks:0} #w_updates:0 #perturb:0) [combined with: ls_restart_decay_com...]
#96      0.08s best:10514 next:[5579,10513] ls_restart_compound(batch:1 lin{mvs:0 evals:234} gen{mvs:41 evals:190} comp{mvs:5 btracks:18} #w_updates:0 #perturb:0)
#97      0.08s best:10507 next:[5579,10506] ls_compound(batch:9 lin{mvs:11 evals:3'397} gen{mvs:336 evals:2'128} comp{mvs:58 btracks:95} #w_updates:43 #perturb:9)
#98      0.08s best:10500 next:[5579,10499] ls_compound(batch:9 lin{mvs:11 evals:3'397} gen{mvs:336 evals:2'128} comp{mvs:58 btracks:95} #w_updates:43 #perturb:9) [combined with: ls_restart_compound(...]
#99      0.08s best:10493 next:[5579,10492] ls_restart_decay_perturb(batch:1 lin{mvs:8 evals:338} gen{mvs:13 evals:106} #w_updates:6 #perturb:0)
#100     0.08s best:10486 next:[5579,10485] ls_restart_compound(batch:1 lin{mvs:0 evals:247} gen{mvs:21 evals:129} comp{mvs:17 btracks:2} #w_updates:0 #perturb:0)
#101     0.09s best:10479 next:[5579,10478] ls_restart_compound_perturb(batch:1 lin{mvs:0 evals:123} gen{mvs:23 evals:95} comp{mvs:5 btracks:9} #w_updates:0 #perturb:0)
#102     0.10s best:10475 next:[5579,10474] quick_restart_no_lp
#103     0.11s best:10468 next:[5579,10467] ls_lin_restart_perturb(batch:1 lin{mvs:6 evals:396} gen{mvs:22 evals:180} #w_updates:6 #perturb:0)
#104     0.11s best:10461 next:[5579,10460] ls_lin_restart_decay_perturb(batch:1 lin{mvs:8 evals:356} gen{mvs:15 evals:135} #w_updates:6 #perturb:0)
#105     0.11s best:10454 next:[5579,10453] ls_lin_restart_compound_perturb(batch:1 lin{mvs:0 evals:120} gen{mvs:19 evals:94} comp{mvs:5 btracks:7} #w_updates:0 #perturb:0)
#106     0.11s best:10440 next:[5579,10439] ls_lin_restart_perturb(batch:1 lin{mvs:9 evals:287} gen{mvs:6 evals:67} #w_updates:2 #perturb:0)
#107     0.11s best:10439 next:[5579,10438] ls_restart_compound_perturb(batch:1 lin{mvs:0 evals:1'031} gen{mvs:154 evals:646} comp{mvs:12 btracks:71} #w_updates:2 #perturb:0) [combined with: ls_lin_restart_pertu...]
#108     0.12s best:10432 next:[5579,10431] ls_lin_restart_decay(batch:1 lin{mvs:8 evals:337} gen{mvs:10 evals:98} #w_updates:4 #perturb:0)
#109     0.12s best:10431 next:[5579,10430] ls_lin_restart_decay_compound(batch:1 lin{mvs:0 evals:102} gen{mvs:9 evals:64} comp{mvs:3 btracks:3} #w_updates:0 #perturb:0)
#110     0.12s best:10430 next:[5579,10429] ls_restart_decay_compound(batch:1 lin{mvs:0 evals:12'946} gen{mvs:2'023 evals:8'555} comp{mvs:107 btracks:958} #w_updates:19 #perturb:0) [combined with: ls_lin_restart_decay...]
#111     0.12s best:10425 next:[5579,10424] ls_restart_perturb(batch:1 lin{mvs:6 evals:817} gen{mvs:52 evals:498} #w_updates:33 #perturb:0)
#112     0.12s best:10423 next:[5579,10422] ls_restart_perturb(batch:1 lin{mvs:6 evals:817} gen{mvs:52 evals:498} #w_updates:33 #perturb:0) [combined with: ls_restart_decay_com...]
#113     0.12s best:10417 next:[5579,10416] ls_lin_restart_decay_compound(batch:1 lin{mvs:0 evals:811} gen{mvs:97 evals:482} comp{mvs:11 btracks:43} #w_updates:1 #perturb:0)
#114     0.12s best:10402 next:[5579,10401] ls_restart_decay(batch:1 lin{mvs:6 evals:3'410} gen{mvs:1'242 evals:6'419} #w_updates:141 #perturb:0)
#115     0.13s best:10384 next:[5579,10383] graph_dec_lns (d=7.07e-01 s=236 t=0.10 p=1.00 stall=0 h=base)
#116     0.13s best:10174 next:[5579,10173] ls_lin_restart_decay(batch:1 lin{mvs:8 evals:238} gen{mvs:6 evals:62} #w_updates:2 #perturb:0)
#117     0.13s best:10173 next:[5579,10172] ls_lin_restart_compound_perturb(batch:1 lin{mvs:0 evals:256} gen{mvs:46 evals:216} comp{mvs:4 btracks:21} #w_updates:0 #perturb:0)
#118     0.13s best:10075 next:[5579,10074] ls_restart_decay_compound_perturb(batch:1 lin{mvs:0 evals:308} gen{mvs:25 evals:189} comp{mvs:11 btracks:7} #w_updates:0 #perturb:0)
#119     0.14s best:10074 next:[5579,10073] ls_restart_decay(batch:1 lin{mvs:6 evals:2'219} gen{mvs:214 evals:1'627} #w_updates:118 #perturb:0)
#120     0.14s best:10073 next:[5579,10072] ls_restart_decay_compound(batch:1 lin{mvs:0 evals:891} gen{mvs:110 evals:505} comp{mvs:10 btracks:50} #w_updates:1 #perturb:0)
#121     0.15s best:10072 next:[5579,10071] ls_lin_restart_decay_perturb(batch:1 lin{mvs:5 evals:720} gen{mvs:51 evals:441} #w_updates:27 #perturb:0)
#122     0.15s best:10071 next:[5579,10070] ls_lin_restart_decay(batch:1 lin{mvs:8 evals:837} gen{mvs:123 evals:673} #w_updates:68 #perturb:0)
#Bound   0.16s best:10071 next:[5587,10070] objective_lb_search_max_lp
#123     0.16s best:10007 next:[5587,10006] ls_restart_decay(batch:1 lin{mvs:7 evals:280} gen{mvs:6 evals:71} #w_updates:2 #perturb:0)
#124     0.17s best:10006 next:[5587,10005] ls_restart_compound_perturb(batch:1 lin{mvs:0 evals:6'506} gen{mvs:767 evals:3'861} comp{mvs:57 btracks:355} #w_updates:8 #perturb:0) [combined with: ls_restart_decay(bat...]
#125     0.17s best:9816  next:[5587,9815] max_lp
#126     0.17s best:9549  next:[5587,9548] ls_restart_perturb(batch:1 lin{mvs:8 evals:351} gen{mvs:15 evals:116} #w_updates:4 #perturb:0)
#127     0.17s best:9393  next:[5587,9392] ls_restart(batch:1 lin{mvs:5 evals:206} gen{mvs:6 evals:46} #w_updates:0 #perturb:0)
#128     0.17s best:9251  next:[5587,9250] ls_restart_decay_compound_perturb(batch:1 lin{mvs:0 evals:468} gen{mvs:65 evals:250} comp{mvs:9 btracks:28} #w_updates:1 #perturb:0) [combined with: ls_restart(batch:1 l...]
#129     0.17s best:9250  next:[5587,9249] ls_restart_decay_compound(batch:1 lin{mvs:0 evals:1'123} gen{mvs:126 evals:581} comp{mvs:14 btracks:56} #w_updates:1 #perturb:0) [combined with: ls_restart_decay_com...]
#130     0.18s best:8935  next:[5587,8934] ls_restart_decay_compound_perturb(batch:1 lin{mvs:0 evals:217} gen{mvs:23 evals:109} comp{mvs:5 btracks:9} #w_updates:0 #perturb:0)
#131     0.18s best:8934  next:[5587,8933] ls_lin_restart_decay(batch:1 lin{mvs:8 evals:306} gen{mvs:15 evals:96} #w_updates:2 #perturb:0)
#132     0.18s best:8933  next:[5587,8932] ls_lin_restart_decay_compound_perturb(batch:1 lin{mvs:0 evals:131} gen{mvs:19 evals:81} comp{mvs:5 btracks:7} #w_updates:0 #perturb:0)
#133     0.18s best:8791  next:[5587,8790] ls_restart_compound_perturb(batch:1 lin{mvs:0 evals:67} gen{mvs:4 evals:35} comp{mvs:4 btracks:0} #w_updates:0 #perturb:0)
#134     0.18s best:8771  next:[5587,8770] ls_lin_restart_decay_compound(batch:1 lin{mvs:0 evals:54} gen{mvs:5 evals:29} comp{mvs:5 btracks:0} #w_updates:0 #perturb:0)
#135     0.18s best:8720  next:[5587,8719] ls_lin_restart_decay_compound_perturb(batch:1 lin{mvs:0 evals:34} gen{mvs:3 evals:22} comp{mvs:3 btracks:0} #w_updates:0 #perturb:0)
#136     0.18s best:8700  next:[5587,8699] ls_lin_restart_decay_compound_perturb(batch:1 lin{mvs:0 evals:34} gen{mvs:3 evals:22} comp{mvs:3 btracks:0} #w_updates:0 #perturb:0) [combined with: ls_lin_restart_decay...]
#137     0.18s best:8694  next:[5587,8693] ls_restart_decay_compound_perturb(batch:1 lin{mvs:0 evals:37} gen{mvs:3 evals:20} comp{mvs:3 btracks:0} #w_updates:0 #perturb:0)
#138     0.18s best:8674  next:[5587,8673] ls_restart_decay_perturb(batch:1 lin{mvs:8 evals:290} gen{mvs:13 evals:98} #w_updates:2 #perturb:0)
#139     0.18s best:8668  next:[5587,8667] ls_restart_decay_perturb(batch:1 lin{mvs:8 evals:290} gen{mvs:13 evals:98} #w_updates:2 #perturb:0) [combined with: ls_restart_decay_com...]
#140     0.18s best:8667  next:[5587,8666] ls_lin_restart_decay_compound(batch:1 lin{mvs:0 evals:148} gen{mvs:16 evals:92} comp{mvs:4 btracks:6} #w_updates:0 #perturb:0)
#141     0.18s best:8653  next:[5587,8652] ls_lin_restart_compound(batch:1 lin{mvs:0 evals:100} gen{mvs:9 evals:56} comp{mvs:5 btracks:2} #w_updates:0 #perturb:0)
#142     0.18s best:8459  next:[5587,8458] ls_lin_restart_decay(batch:1 lin{mvs:5 evals:363} gen{mvs:20 evals:173} #w_updates:4 #perturb:0)
#143     0.18s best:8444  next:[5587,8443] ls_lin_restart_decay(batch:1 lin{mvs:5 evals:363} gen{mvs:20 evals:173} #w_updates:4 #perturb:0) [combined with: ls_lin_restart_compo...]
#144     0.18s best:8443  next:[5587,8442] ls_restart_compound(batch:1 lin{mvs:0 evals:85} gen{mvs:8 evals:49} comp{mvs:8 btracks:0} #w_updates:0 #perturb:0) [combined with: ls_lin_restart_decay...]
#145     0.18s best:8442  next:[5587,8441] ls_restart_compound(batch:1 lin{mvs:0 evals:107} gen{mvs:34 evals:102} comp{mvs:4 btracks:15} #w_updates:0 #perturb:0) [combined with: ls_restart_compound(...]
#146     0.18s best:8437  next:[5587,8436] ls_restart_decay(batch:1 lin{mvs:7 evals:471} gen{mvs:35 evals:250} #w_updates:15 #perturb:0) [combined with: ls_restart_compound(...]
#147     0.18s best:8287  next:[5587,8286] ls_restart_decay(batch:1 lin{mvs:6 evals:234} gen{mvs:7 evals:73} #w_updates:1 #perturb:0)
#148     0.18s best:8281  next:[5587,8280] ls_restart_decay(batch:1 lin{mvs:6 evals:234} gen{mvs:7 evals:73} #w_updates:1 #perturb:0) [combined with: ls_restart_decay(bat...]
#149     0.18s best:8275  next:[5587,8274] ls_restart_decay_compound(batch:1 lin{mvs:0 evals:56} gen{mvs:4 evals:35} comp{mvs:4 btracks:0} #w_updates:0 #perturb:0) [combined with: ls_restart_decay(bat...]
#150     0.18s best:8274  next:[5587,8273] ls_lin_restart_compound_perturb(batch:1 lin{mvs:0 evals:262} gen{mvs:30 evals:133} comp{mvs:10 btracks:10} #w_updates:0 #perturb:0)
#151     0.18s best:8272  next:[5587,8271] ls_restart(batch:1 lin{mvs:7 evals:653} gen{mvs:54 evals:385} #w_updates:29 #perturb:0)
#152     0.18s best:8271  next:[5587,8270] ls_restart_compound_perturb(batch:1 lin{mvs:0 evals:119} gen{mvs:22 evals:96} comp{mvs:4 btracks:9} #w_updates:0 #perturb:0)
#153     0.19s best:8270  next:[5587,8269] ls_decay_compound(batch:15 lin{mvs:22 evals:11'746} gen{mvs:1'964 evals:16'046} comp{mvs:107 btracks:217} #w_updates:775 #perturb:15) [combined with: ls_restart_compound_...]
#154     0.19s best:8257  next:[5587,8256] ls_restart_perturb(batch:1 lin{mvs:7 evals:289} gen{mvs:11 evals:86} #w_updates:3 #perturb:0)
#155     0.19s best:8256  next:[5587,8255] ls_restart_compound(batch:1 lin{mvs:0 evals:18} gen{mvs:2 evals:12} comp{mvs:2 btracks:0} #w_updates:0 #perturb:0)
#156     0.19s best:8204  next:[5587,8203] quick_restart_no_lp
#157     0.19s best:8203  next:[5587,8202] ls_lin_restart_decay_compound(batch:1 lin{mvs:0 evals:190} gen{mvs:25 evals:129} comp{mvs:11 btracks:7} #w_updates:0 #perturb:0)
#158     0.19s best:8195  next:[5587,8194] ls_restart(batch:1 lin{mvs:9 evals:290} gen{mvs:11 evals:76} #w_updates:3 #perturb:0)
#159     0.20s best:8194  next:[5587,8193] ls_restart_perturb(batch:1 lin{mvs:6 evals:275} gen{mvs:18 evals:132} #w_updates:8 #perturb:0)
#160     0.20s best:8193  next:[5587,8192] ls_restart_compound(batch:1 lin{mvs:0 evals:46} gen{mvs:4 evals:31} comp{mvs:4 btracks:0} #w_updates:0 #perturb:0)
#161     0.20s best:8090  next:[5587,8089] ls_lin_restart_decay_perturb(batch:1 lin{mvs:7 evals:380} gen{mvs:23 evals:180} #w_updates:4 #perturb:0)
#162     0.20s best:8087  next:[5587,8086] ls_restart_compound_perturb(batch:1 lin{mvs:0 evals:44} gen{mvs:5 evals:30} comp{mvs:5 btracks:0} #w_updates:0 #perturb:0) [combined with: ls_lin_restart_decay...]
#163     0.20s best:7931  next:[5587,7930] ls_lin_restart_decay(batch:1 lin{mvs:8 evals:256} gen{mvs:6 evals:61} #w_updates:2 #perturb:0)
#164     0.20s best:7918  next:[5587,7917] ls_lin_restart_decay_perturb(batch:1 lin{mvs:9 evals:690} gen{mvs:54 evals:414} #w_updates:23 #perturb:0)
#165     0.20s best:7917  next:[5587,7916] ls_lin_restart_decay_compound(batch:1 lin{mvs:0 evals:355} gen{mvs:44 evals:240} comp{mvs:14 btracks:15} #w_updates:0 #perturb:0)
#166     0.20s best:7912  next:[5587,7911] ls_restart(batch:1 lin{mvs:6 evals:199} gen{mvs:6 evals:62} #w_updates:2 #perturb:0)
#167     0.21s best:7911  next:[5587,7910] ls_restart_decay(batch:1 lin{mvs:5 evals:1'861} gen{mvs:194 evals:1'553} #w_updates:94 #perturb:0)
#168     0.21s best:7906  next:[5587,7905] ls_restart(batch:1 lin{mvs:8 evals:414} gen{mvs:30 evals:228} #w_updates:16 #perturb:0)
#169     0.22s best:7901  next:[5587,7900] ls_restart_decay(batch:1 lin{mvs:5 evals:1'896} gen{mvs:199 evals:1'536} #w_updates:97 #perturb:0)
#170     0.25s best:7722  next:[5587,7721] graph_cst_lns (d=7.07e-01 s=633 t=0.10 p=1.00 stall=0 h=base)
#171     0.25s best:7717  next:[5587,7716] graph_cst_lns (d=7.07e-01 s=633 t=0.10 p=1.00 stall=0 h=base) [combined with: quick_restart_no_lp...]
#172     0.25s best:7648  next:[5587,7647] ls_restart_decay_perturb(batch:1 lin{mvs:7 evals:200} gen{mvs:7 evals:71} #w_updates:2 #perturb:0)
#173     0.26s best:7645  next:[5587,7644] ls_lin_restart_decay_perturb(batch:1 lin{mvs:5 evals:1'664} gen{mvs:195 evals:1'575} #w_updates:98 #perturb:0)
#174     0.26s best:7641  next:[5587,7640] ls_lin_restart(batch:1 lin{mvs:8 evals:776} gen{mvs:72 evals:610} #w_updates:45 #perturb:0)
#175     0.27s best:5961  next:[5587,5960] objective_lb_search_no_lp
#176     0.27s best:5955  next:[5587,5954] ls_lin_restart_compound_perturb(batch:1 lin{mvs:0 evals:5} gen{mvs:2 evals:13} comp{mvs:2 btracks:0} #w_updates:0 #perturb:0)
#Bound   0.28s best:5955  next:[5639,5954] objective_lb_search_no_lp
#177     0.28s best:5949  next:[5639,5948] quick_restart
#Bound   0.29s best:5949  next:[5703,5948] objective_lb_search_no_lp
#178     0.29s best:5823  next:[5703,5822] quick_restart
#179     0.30s best:5817  next:[5703,5816] ls_restart(batch:1 lin{mvs:2 evals:25} gen{mvs:2 evals:16} #w_updates:0 #perturb:0)
#Bound   0.30s best:5817  next:[5705,5816] objective_lb_search_no_lp
#Done    0.31s quick_restart_no_lp
#Done    0.31s probing
#Done    0.31s probing_max_lp

Task timing                                  n [     min,      max]      avg      dev     time         n [     min,      max]      avg      dev    dtime
                             'core':         1 [301.16ms, 301.16ms] 301.16ms   0.00ns 301.16ms         1 [ 24.55ms,  24.55ms]  24.55ms   0.00ns  24.55ms
                       'default_lp':         1 [301.46ms, 301.46ms] 301.46ms   0.00ns 301.46ms         1 [ 41.25ms,  41.25ms]  41.25ms   0.00ns  41.25ms
                 'feasibility_pump':        61 [ 87.35us,   1.52ms] 197.88us 202.59us  12.07ms        60 [ 36.83us, 449.28us]  43.71us  52.80us   2.62ms
                            'fixed':         1 [307.39ms, 307.39ms] 307.39ms   0.00ns 307.39ms         1 [ 53.59ms,  53.59ms]  53.59ms   0.00ns  53.59ms
                               'fj':         0 [  0.00ns,   0.00ns]   0.00ns   0.00ns   0.00ns         0 [  0.00ns,   0.00ns]   0.00ns   0.00ns   0.00ns
                               'fj':         0 [  0.00ns,   0.00ns]   0.00ns   0.00ns   0.00ns         0 [  0.00ns,   0.00ns]   0.00ns   0.00ns   0.00ns
                               'fj':         0 [  0.00ns,   0.00ns]   0.00ns   0.00ns   0.00ns         0 [  0.00ns,   0.00ns]   0.00ns   0.00ns   0.00ns
                               'fj':         0 [  0.00ns,   0.00ns]   0.00ns   0.00ns   0.00ns         0 [  0.00ns,   0.00ns]   0.00ns   0.00ns   0.00ns
                               'fj':         0 [  0.00ns,   0.00ns]   0.00ns   0.00ns   0.00ns         0 [  0.00ns,   0.00ns]   0.00ns   0.00ns   0.00ns
                               'fj':         0 [  0.00ns,   0.00ns]   0.00ns   0.00ns   0.00ns         0 [  0.00ns,   0.00ns]   0.00ns   0.00ns   0.00ns
                               'fj':         0 [  0.00ns,   0.00ns]   0.00ns   0.00ns   0.00ns         0 [  0.00ns,   0.00ns]   0.00ns   0.00ns   0.00ns
                               'fj':         0 [  0.00ns,   0.00ns]   0.00ns   0.00ns   0.00ns         0 [  0.00ns,   0.00ns]   0.00ns   0.00ns   0.00ns
                               'fj':         0 [  0.00ns,   0.00ns]   0.00ns   0.00ns   0.00ns         0 [  0.00ns,   0.00ns]   0.00ns   0.00ns   0.00ns
                               'fj':         0 [  0.00ns,   0.00ns]   0.00ns   0.00ns   0.00ns         0 [  0.00ns,   0.00ns]   0.00ns   0.00ns   0.00ns
                               'fj':         0 [  0.00ns,   0.00ns]   0.00ns   0.00ns   0.00ns         0 [  0.00ns,   0.00ns]   0.00ns   0.00ns   0.00ns
                               'fj':         0 [  0.00ns,   0.00ns]   0.00ns   0.00ns   0.00ns         0 [  0.00ns,   0.00ns]   0.00ns   0.00ns   0.00ns
                               'fj':         0 [  0.00ns,   0.00ns]   0.00ns   0.00ns   0.00ns         0 [  0.00ns,   0.00ns]   0.00ns   0.00ns   0.00ns
                               'fj':         0 [  0.00ns,   0.00ns]   0.00ns   0.00ns   0.00ns         0 [  0.00ns,   0.00ns]   0.00ns   0.00ns   0.00ns
                               'fj':         0 [  0.00ns,   0.00ns]   0.00ns   0.00ns   0.00ns         0 [  0.00ns,   0.00ns]   0.00ns   0.00ns   0.00ns
                               'fj':         0 [  0.00ns,   0.00ns]   0.00ns   0.00ns   0.00ns         0 [  0.00ns,   0.00ns]   0.00ns   0.00ns   0.00ns
                               'fj':         0 [  0.00ns,   0.00ns]   0.00ns   0.00ns   0.00ns         0 [  0.00ns,   0.00ns]   0.00ns   0.00ns   0.00ns
                               'fj':         0 [  0.00ns,   0.00ns]   0.00ns   0.00ns   0.00ns         0 [  0.00ns,   0.00ns]   0.00ns   0.00ns   0.00ns
                               'fj':         0 [  0.00ns,   0.00ns]   0.00ns   0.00ns   0.00ns         0 [  0.00ns,   0.00ns]   0.00ns   0.00ns   0.00ns
                               'fj':         0 [  0.00ns,   0.00ns]   0.00ns   0.00ns   0.00ns         0 [  0.00ns,   0.00ns]   0.00ns   0.00ns   0.00ns
                               'fj':         0 [  0.00ns,   0.00ns]   0.00ns   0.00ns   0.00ns         0 [  0.00ns,   0.00ns]   0.00ns   0.00ns   0.00ns
                               'fj':         0 [  0.00ns,   0.00ns]   0.00ns   0.00ns   0.00ns         0 [  0.00ns,   0.00ns]   0.00ns   0.00ns   0.00ns
                               'fj':         0 [  0.00ns,   0.00ns]   0.00ns   0.00ns   0.00ns         0 [  0.00ns,   0.00ns]   0.00ns   0.00ns   0.00ns
                               'fj':         0 [  0.00ns,   0.00ns]   0.00ns   0.00ns   0.00ns         0 [  0.00ns,   0.00ns]   0.00ns   0.00ns   0.00ns
                               'fj':         0 [  0.00ns,   0.00ns]   0.00ns   0.00ns   0.00ns         0 [  0.00ns,   0.00ns]   0.00ns   0.00ns   0.00ns
                           'fj_lin':         0 [  0.00ns,   0.00ns]   0.00ns   0.00ns   0.00ns         0 [  0.00ns,   0.00ns]   0.00ns   0.00ns   0.00ns
                           'fj_lin':         0 [  0.00ns,   0.00ns]   0.00ns   0.00ns   0.00ns         0 [  0.00ns,   0.00ns]   0.00ns   0.00ns   0.00ns
                           'fj_lin':         0 [  0.00ns,   0.00ns]   0.00ns   0.00ns   0.00ns         0 [  0.00ns,   0.00ns]   0.00ns   0.00ns   0.00ns
                           'fj_lin':         0 [  0.00ns,   0.00ns]   0.00ns   0.00ns   0.00ns         0 [  0.00ns,   0.00ns]   0.00ns   0.00ns   0.00ns
                           'fj_lin':         0 [  0.00ns,   0.00ns]   0.00ns   0.00ns   0.00ns         0 [  0.00ns,   0.00ns]   0.00ns   0.00ns   0.00ns
                           'fj_lin':         0 [  0.00ns,   0.00ns]   0.00ns   0.00ns   0.00ns         0 [  0.00ns,   0.00ns]   0.00ns   0.00ns   0.00ns
                           'fj_lin':         0 [  0.00ns,   0.00ns]   0.00ns   0.00ns   0.00ns         0 [  0.00ns,   0.00ns]   0.00ns   0.00ns   0.00ns
                           'fj_lin':         0 [  0.00ns,   0.00ns]   0.00ns   0.00ns   0.00ns         0 [  0.00ns,   0.00ns]   0.00ns   0.00ns   0.00ns
                           'fj_lin':         0 [  0.00ns,   0.00ns]   0.00ns   0.00ns   0.00ns         0 [  0.00ns,   0.00ns]   0.00ns   0.00ns   0.00ns
                           'fj_lin':         0 [  0.00ns,   0.00ns]   0.00ns   0.00ns   0.00ns         0 [  0.00ns,   0.00ns]   0.00ns   0.00ns   0.00ns
                           'fj_lin':         0 [  0.00ns,   0.00ns]   0.00ns   0.00ns   0.00ns         0 [  0.00ns,   0.00ns]   0.00ns   0.00ns   0.00ns
                           'fj_lin':         0 [  0.00ns,   0.00ns]   0.00ns   0.00ns   0.00ns         0 [  0.00ns,   0.00ns]   0.00ns   0.00ns   0.00ns
                        'fs_random':         0 [  0.00ns,   0.00ns]   0.00ns   0.00ns   0.00ns         0 [  0.00ns,   0.00ns]   0.00ns   0.00ns   0.00ns
                        'fs_random':         0 [  0.00ns,   0.00ns]   0.00ns   0.00ns   0.00ns         0 [  0.00ns,   0.00ns]   0.00ns   0.00ns   0.00ns
                        'fs_random':         0 [  0.00ns,   0.00ns]   0.00ns   0.00ns   0.00ns         0 [  0.00ns,   0.00ns]   0.00ns   0.00ns   0.00ns
                        'fs_random':         0 [  0.00ns,   0.00ns]   0.00ns   0.00ns   0.00ns         0 [  0.00ns,   0.00ns]   0.00ns   0.00ns   0.00ns
                        'fs_random':         0 [  0.00ns,   0.00ns]   0.00ns   0.00ns   0.00ns         0 [  0.00ns,   0.00ns]   0.00ns   0.00ns   0.00ns
                        'fs_random':         0 [  0.00ns,   0.00ns]   0.00ns   0.00ns   0.00ns         0 [  0.00ns,   0.00ns]   0.00ns   0.00ns   0.00ns
                        'fs_random':         0 [  0.00ns,   0.00ns]   0.00ns   0.00ns   0.00ns         0 [  0.00ns,   0.00ns]   0.00ns   0.00ns   0.00ns
                        'fs_random':         0 [  0.00ns,   0.00ns]   0.00ns   0.00ns   0.00ns         0 [  0.00ns,   0.00ns]   0.00ns   0.00ns   0.00ns
                        'fs_random':         0 [  0.00ns,   0.00ns]   0.00ns   0.00ns   0.00ns         0 [  0.00ns,   0.00ns]   0.00ns   0.00ns   0.00ns
                        'fs_random':         0 [  0.00ns,   0.00ns]   0.00ns   0.00ns   0.00ns         0 [  0.00ns,   0.00ns]   0.00ns   0.00ns   0.00ns
                        'fs_random':         0 [  0.00ns,   0.00ns]   0.00ns   0.00ns   0.00ns         0 [  0.00ns,   0.00ns]   0.00ns   0.00ns   0.00ns
                        'fs_random':         0 [  0.00ns,   0.00ns]   0.00ns   0.00ns   0.00ns         0 [  0.00ns,   0.00ns]   0.00ns   0.00ns   0.00ns
                  'fs_random_no_lp':         0 [  0.00ns,   0.00ns]   0.00ns   0.00ns   0.00ns         0 [  0.00ns,   0.00ns]   0.00ns   0.00ns   0.00ns
                  'fs_random_no_lp':         0 [  0.00ns,   0.00ns]   0.00ns   0.00ns   0.00ns         0 [  0.00ns,   0.00ns]   0.00ns   0.00ns   0.00ns
                  'fs_random_no_lp':         0 [  0.00ns,   0.00ns]   0.00ns   0.00ns   0.00ns         0 [  0.00ns,   0.00ns]   0.00ns   0.00ns   0.00ns
                  'fs_random_no_lp':         0 [  0.00ns,   0.00ns]   0.00ns   0.00ns   0.00ns         0 [  0.00ns,   0.00ns]   0.00ns   0.00ns   0.00ns
                  'fs_random_no_lp':         0 [  0.00ns,   0.00ns]   0.00ns   0.00ns   0.00ns         0 [  0.00ns,   0.00ns]   0.00ns   0.00ns   0.00ns
                  'fs_random_no_lp':         0 [  0.00ns,   0.00ns]   0.00ns   0.00ns   0.00ns         0 [  0.00ns,   0.00ns]   0.00ns   0.00ns   0.00ns
                  'fs_random_no_lp':         0 [  0.00ns,   0.00ns]   0.00ns   0.00ns   0.00ns         0 [  0.00ns,   0.00ns]   0.00ns   0.00ns   0.00ns
                  'fs_random_no_lp':         0 [  0.00ns,   0.00ns]   0.00ns   0.00ns   0.00ns         0 [  0.00ns,   0.00ns]   0.00ns   0.00ns   0.00ns
                  'fs_random_no_lp':         0 [  0.00ns,   0.00ns]   0.00ns   0.00ns   0.00ns         0 [  0.00ns,   0.00ns]   0.00ns   0.00ns   0.00ns
                  'fs_random_no_lp':         0 [  0.00ns,   0.00ns]   0.00ns   0.00ns   0.00ns         0 [  0.00ns,   0.00ns]   0.00ns   0.00ns   0.00ns
                  'fs_random_no_lp':         0 [  0.00ns,   0.00ns]   0.00ns   0.00ns   0.00ns         0 [  0.00ns,   0.00ns]   0.00ns   0.00ns   0.00ns
                  'fs_random_no_lp':         0 [  0.00ns,   0.00ns]   0.00ns   0.00ns   0.00ns         0 [  0.00ns,   0.00ns]   0.00ns   0.00ns   0.00ns
                  'fs_random_no_lp':         0 [  0.00ns,   0.00ns]   0.00ns   0.00ns   0.00ns         0 [  0.00ns,   0.00ns]   0.00ns   0.00ns   0.00ns
          'fs_random_quick_restart':         0 [  0.00ns,   0.00ns]   0.00ns   0.00ns   0.00ns         0 [  0.00ns,   0.00ns]   0.00ns   0.00ns   0.00ns
          'fs_random_quick_restart':         0 [  0.00ns,   0.00ns]   0.00ns   0.00ns   0.00ns         0 [  0.00ns,   0.00ns]   0.00ns   0.00ns   0.00ns
          'fs_random_quick_restart':         0 [  0.00ns,   0.00ns]   0.00ns   0.00ns   0.00ns         0 [  0.00ns,   0.00ns]   0.00ns   0.00ns   0.00ns
          'fs_random_quick_restart':         0 [  0.00ns,   0.00ns]   0.00ns   0.00ns   0.00ns         0 [  0.00ns,   0.00ns]   0.00ns   0.00ns   0.00ns
          'fs_random_quick_restart':         0 [  0.00ns,   0.00ns]   0.00ns   0.00ns   0.00ns         0 [  0.00ns,   0.00ns]   0.00ns   0.00ns   0.00ns
          'fs_random_quick_restart':         0 [  0.00ns,   0.00ns]   0.00ns   0.00ns   0.00ns         0 [  0.00ns,   0.00ns]   0.00ns   0.00ns   0.00ns
          'fs_random_quick_restart':         0 [  0.00ns,   0.00ns]   0.00ns   0.00ns   0.00ns         0 [  0.00ns,   0.00ns]   0.00ns   0.00ns   0.00ns
          'fs_random_quick_restart':         0 [  0.00ns,   0.00ns]   0.00ns   0.00ns   0.00ns         0 [  0.00ns,   0.00ns]   0.00ns   0.00ns   0.00ns
          'fs_random_quick_restart':         0 [  0.00ns,   0.00ns]   0.00ns   0.00ns   0.00ns         0 [  0.00ns,   0.00ns]   0.00ns   0.00ns   0.00ns
          'fs_random_quick_restart':         0 [  0.00ns,   0.00ns]   0.00ns   0.00ns   0.00ns         0 [  0.00ns,   0.00ns]   0.00ns   0.00ns   0.00ns
          'fs_random_quick_restart':         0 [  0.00ns,   0.00ns]   0.00ns   0.00ns   0.00ns         0 [  0.00ns,   0.00ns]   0.00ns   0.00ns   0.00ns
          'fs_random_quick_restart':         0 [  0.00ns,   0.00ns]   0.00ns   0.00ns   0.00ns         0 [  0.00ns,   0.00ns]   0.00ns   0.00ns   0.00ns
    'fs_random_quick_restart_no_lp':         0 [  0.00ns,   0.00ns]   0.00ns   0.00ns   0.00ns         0 [  0.00ns,   0.00ns]   0.00ns   0.00ns   0.00ns
    'fs_random_quick_restart_no_lp':         0 [  0.00ns,   0.00ns]   0.00ns   0.00ns   0.00ns         0 [  0.00ns,   0.00ns]   0.00ns   0.00ns   0.00ns
    'fs_random_quick_restart_no_lp':         0 [  0.00ns,   0.00ns]   0.00ns   0.00ns   0.00ns         0 [  0.00ns,   0.00ns]   0.00ns   0.00ns   0.00ns
    'fs_random_quick_restart_no_lp':         0 [  0.00ns,   0.00ns]   0.00ns   0.00ns   0.00ns         0 [  0.00ns,   0.00ns]   0.00ns   0.00ns   0.00ns
    'fs_random_quick_restart_no_lp':         0 [  0.00ns,   0.00ns]   0.00ns   0.00ns   0.00ns         0 [  0.00ns,   0.00ns]   0.00ns   0.00ns   0.00ns
    'fs_random_quick_restart_no_lp':         0 [  0.00ns,   0.00ns]   0.00ns   0.00ns   0.00ns         0 [  0.00ns,   0.00ns]   0.00ns   0.00ns   0.00ns
    'fs_random_quick_restart_no_lp':         0 [  0.00ns,   0.00ns]   0.00ns   0.00ns   0.00ns         0 [  0.00ns,   0.00ns]   0.00ns   0.00ns   0.00ns
    'fs_random_quick_restart_no_lp':         0 [  0.00ns,   0.00ns]   0.00ns   0.00ns   0.00ns         0 [  0.00ns,   0.00ns]   0.00ns   0.00ns   0.00ns
    'fs_random_quick_restart_no_lp':         0 [  0.00ns,   0.00ns]   0.00ns   0.00ns   0.00ns         0 [  0.00ns,   0.00ns]   0.00ns   0.00ns   0.00ns
    'fs_random_quick_restart_no_lp':         0 [  0.00ns,   0.00ns]   0.00ns   0.00ns   0.00ns         0 [  0.00ns,   0.00ns]   0.00ns   0.00ns   0.00ns
    'fs_random_quick_restart_no_lp':         0 [  0.00ns,   0.00ns]   0.00ns   0.00ns   0.00ns         0 [  0.00ns,   0.00ns]   0.00ns   0.00ns   0.00ns
    'fs_random_quick_restart_no_lp':         0 [  0.00ns,   0.00ns]   0.00ns   0.00ns   0.00ns         0 [  0.00ns,   0.00ns]   0.00ns   0.00ns   0.00ns
                    'graph_arc_lns':         5 [  7.61ms, 283.94ms] 128.55ms 113.94ms 642.75ms         5 [172.01us,  45.88ms]  15.12ms  17.21ms  75.58ms
                    'graph_cst_lns':         5 [ 10.38ms, 305.10ms] 134.36ms 119.81ms 671.80ms         5 [669.78us,  19.47ms]   8.31ms   8.10ms  41.53ms
                    'graph_dec_lns':         6 [  4.48ms, 230.97ms] 103.95ms  80.92ms 623.71ms         6 [ 71.42us,  28.23ms]  11.80ms   9.94ms  70.79ms
                    'graph_var_lns':         5 [ 86.26ms, 301.27ms] 141.55ms  80.38ms 707.74ms         5 [  8.27ms,  17.73ms]  11.44ms   3.32ms  57.20ms
                     'lb_relax_lns':         4 [255.73us, 301.41ms] 198.47ms 118.33ms 793.87ms         3 [ 28.68ms,  48.78ms]  35.48ms   9.40ms 106.45ms
                   'lb_tree_search':         1 [300.18ms, 300.18ms] 300.18ms   0.00ns 300.18ms         1 [ 17.00ms,  17.00ms]  17.00ms   0.00ns  17.00ms
                               'ls':        13 [363.54us,  60.31ms]  17.84ms  22.87ms 231.93ms        13 [365.63us, 100.07ms]  32.64ms  43.09ms 424.35ms
                               'ls':        14 [ 76.11us,  64.28ms]  17.64ms  23.02ms 246.92ms        12 [  1.15ms, 100.08ms]  37.58ms  44.29ms 450.94ms
                               'ls':        16 [148.24us,  77.66ms]  15.92ms  23.60ms 254.77ms        13 [  2.01ms, 100.09ms]  35.65ms  42.08ms 463.49ms
                               'ls':        17 [112.19us,  58.64ms]  13.63ms  19.56ms 231.72ms        15 [176.32us, 100.15ms]  27.00ms  38.78ms 405.07ms
                               'ls':        17 [125.01us,  59.15ms]  13.13ms  18.39ms 223.29ms        15 [132.78us, 100.08ms]  31.42ms  41.37ms 471.26ms
                               'ls':        18 [140.03us,  58.34ms]   9.48ms  18.36ms 170.73ms        17 [156.08us, 100.11ms]  17.91ms  32.79ms 304.55ms
                               'ls':        18 [216.20us,  71.87ms]  12.33ms  20.60ms 222.02ms        17 [193.51us, 100.06ms]  19.45ms  33.12ms 330.73ms
                               'ls':        19 [104.64us,  56.70ms]  11.04ms  18.28ms 209.74ms        15 [120.71us, 100.08ms]  25.87ms  37.16ms 387.99ms
                               'ls':        19 [107.99us,  73.14ms]  10.88ms  20.70ms 206.64ms        18 [212.75us, 100.12ms]  17.91ms  32.26ms 322.41ms
                               'ls':        19 [109.40us,  68.48ms]  11.22ms  19.57ms 213.10ms        17 [257.10us, 100.06ms]  18.19ms  31.30ms 309.17ms
                               'ls':        19 [139.54us,  67.61ms]   9.98ms  19.75ms 189.55ms        17 [134.57us, 100.04ms]  16.28ms  31.79ms 276.74ms
                               'ls':        20 [ 92.20us,  53.44ms]   8.87ms  17.65ms 177.41ms        17 [155.03us, 100.03ms]  17.41ms  32.41ms 295.91ms
                               'ls':        20 [108.42us,  53.71ms]  11.48ms  18.87ms 229.61ms        18 [ 94.53us, 100.06ms]  25.23ms  38.47ms 454.09ms
                               'ls':        20 [112.67us,  47.38ms]  10.37ms  14.92ms 207.47ms        17 [126.01us, 100.08ms]  29.34ms  41.12ms 498.81ms
                               'ls':        21 [ 83.33us,  59.34ms]   8.59ms  18.75ms 180.34ms        18 [200.97us, 100.05ms]  17.03ms  34.28ms 306.58ms
                               'ls':        21 [107.10us,  47.72ms]   8.66ms  15.70ms 181.93ms        17 [130.94us, 100.03ms]  20.10ms  33.50ms 341.67ms
                               'ls':        21 [108.03us,  66.99ms]   7.33ms  15.81ms 153.84ms        18 [323.60us, 100.07ms]  13.79ms  25.59ms 248.16ms
                               'ls':        21 [200.82us,  57.01ms]   8.88ms  16.85ms 186.40ms        20 [ 80.01us, 100.04ms]  17.58ms  34.03ms 351.68ms
                               'ls':        22 [132.68us,  54.18ms]   8.67ms  15.50ms 190.68ms        20 [253.70us, 100.06ms]  19.09ms  35.09ms 381.79ms
                           'ls_lin':        16 [124.11us,  73.66ms]  13.30ms  23.33ms 212.78ms        12 [341.35us, 100.06ms]  28.18ms  41.74ms 338.18ms
                           'ls_lin':        16 [141.40us,  69.58ms]  14.68ms  22.11ms 234.83ms        15 [662.85us, 100.04ms]  26.25ms  38.69ms 393.69ms
                           'ls_lin':        17 [432.60us,  62.71ms]  12.30ms  20.22ms 209.10ms        17 [373.41us,  93.27ms]  19.78ms  32.42ms 336.23ms
                           'ls_lin':        18 [140.40us,  74.18ms]  12.36ms  21.18ms 222.53ms        16 [255.92us, 100.15ms]  25.00ms  39.16ms 400.04ms
                           'ls_lin':        19 [137.04us,  60.35ms]  11.28ms  20.62ms 214.39ms        17 [177.74us, 100.15ms]  23.13ms  39.36ms 393.19ms
                           'ls_lin':        19 [219.60us,  70.63ms]  11.98ms  19.05ms 227.61ms        18 [ 66.66us, 100.04ms]  23.02ms  36.50ms 414.41ms
                           'ls_lin':        20 [ 81.91us,  67.58ms]  10.79ms  18.26ms 215.80ms        15 [363.73us, 100.06ms]  25.19ms  36.49ms 377.90ms
                           'ls_lin':        20 [ 87.05us,  74.49ms]  12.48ms  21.23ms 249.68ms        17 [349.87us, 100.06ms]  29.37ms  41.48ms 499.32ms
                           'ls_lin':        20 [ 90.04us,  53.96ms]   9.74ms  17.04ms 194.83ms        16 [  0.00ns, 100.10ms]  23.22ms  37.29ms 371.59ms
                           'ls_lin':        20 [107.21us,  50.74ms]  10.14ms  17.19ms 202.78ms        18 [340.12us, 100.09ms]  22.45ms  35.99ms 404.07ms
                           'max_lp':         1 [301.29ms, 301.29ms] 301.29ms   0.00ns 301.29ms         1 [ 64.30ms,  64.30ms]  64.30ms   0.00ns  64.30ms
                            'no_lp':         1 [301.02ms, 301.02ms] 301.02ms   0.00ns 301.02ms         1 [ 34.59ms,  34.59ms]  34.59ms   0.00ns  34.59ms
              'objective_lb_search':         1 [307.33ms, 307.33ms] 307.33ms   0.00ns 307.33ms         1 [ 50.44ms,  50.44ms]  50.44ms   0.00ns  50.44ms
       'objective_lb_search_max_lp':         1 [307.72ms, 307.72ms] 307.72ms   0.00ns 307.72ms         1 [ 23.25ms,  23.25ms]  23.25ms   0.00ns  23.25ms
        'objective_lb_search_no_lp':         1 [303.03ms, 303.03ms] 303.03ms   0.00ns 303.03ms         1 [ 61.25ms,  61.25ms]  61.25ms   0.00ns  61.25ms
         'objective_shaving_max_lp':        22 [  3.28ms,  17.33ms]  12.08ms   3.30ms 265.73ms        21 [ 40.37us, 153.41us] 129.78us  28.72us   2.73ms
          'objective_shaving_no_lp':        23 [982.17us,  17.13ms]  11.12ms   3.91ms 255.75ms        21 [ 40.29us,  97.14us]  89.12us  17.88us   1.87ms
                          'probing':         1 [300.33ms, 300.33ms] 300.33ms   0.00ns 300.33ms         1 [  6.53ms,   6.53ms]   6.53ms   0.00ns   6.53ms
                   'probing_max_lp':         1 [298.78ms, 298.78ms] 298.78ms   0.00ns 298.78ms         1 [  6.26ms,   6.26ms]   6.26ms   0.00ns   6.26ms
                    'probing_no_lp':         1 [299.20ms, 299.20ms] 299.20ms   0.00ns 299.20ms         1 [ 21.84ms,  21.84ms]  21.84ms   0.00ns  21.84ms
                     'pseudo_costs':         1 [300.38ms, 300.38ms] 300.38ms   0.00ns 300.38ms         1 [ 55.63ms,  55.63ms]  55.63ms   0.00ns  55.63ms
                    'quick_restart':         1 [298.90ms, 298.90ms] 298.90ms   0.00ns 298.90ms         1 [ 67.94ms,  67.94ms]  67.94ms   0.00ns  67.94ms
              'quick_restart_no_lp':         1 [298.59ms, 298.59ms] 298.59ms   0.00ns 298.59ms         1 [ 53.51ms,  53.51ms]  53.51ms   0.00ns  53.51ms
                    'reduced_costs':         1 [312.29ms, 312.29ms] 312.29ms   0.00ns 312.29ms         1 [ 25.50ms,  25.50ms]  25.50ms   0.00ns  25.50ms
                        'rins/rens':         4 [348.39us, 283.11ms] 165.20ms 111.79ms 660.82ms         3 [  9.50ms,  46.34ms]  29.61ms  15.23ms  88.82ms
                      'rnd_cst_lns':         5 [  6.43ms, 252.68ms] 124.72ms 101.07ms 623.59ms         5 [142.05us,  44.08ms]  13.77ms  16.33ms  68.86ms
                      'rnd_var_lns':         6 [  4.20ms, 255.84ms] 103.38ms 103.23ms 620.28ms         6 [ 56.96us,  34.93ms]  11.07ms  12.98ms  66.42ms
         'scheduling_intervals_lns':         4 [ 16.90ms, 300.99ms] 202.43ms 111.21ms 809.71ms         3 [  9.26ms,  25.96ms]  17.22ms   6.84ms  51.67ms
       'scheduling_precedences_lns':         4 [ 16.75ms, 303.38ms] 203.54ms 112.09ms 814.17ms         3 [ 13.45ms,  31.64ms]  20.19ms   8.13ms  60.58ms
  'scheduling_resource_windows_lns':         4 [ 89.26ms, 304.33ms] 197.74ms  76.85ms 790.97ms         4 [ 10.86ms,  50.47ms]  34.52ms  14.64ms 138.09ms
       'scheduling_time_window_lns':         4 [ 15.56ms, 301.96ms] 202.17ms 111.97ms 808.69ms         3 [ 14.46ms,  28.06ms]  21.26ms   5.55ms  63.79ms
                'variables_shaving':        62 [  7.25ms,  89.90ms]  19.44ms  18.35ms    1.21s        61 [ 13.83us,   4.59ms] 672.97us   1.13ms  41.05ms
         'variables_shaving_max_lp':         9 [ 19.36ms, 120.83ms]  62.20ms  33.51ms 559.77ms         9 [ 27.97us,  18.89ms]  10.20ms   6.22ms  91.79ms
          'variables_shaving_no_lp':        62 [  6.05ms, 119.81ms]  18.62ms  23.88ms    1.15s        61 [ 13.75us,   6.03ms] 690.94us   1.23ms  42.15ms

Search stats                        Bools  Conflicts  Branches  Restarts  BoolPropag  IntegerPropag
                           'core':    760        615     8'258         1      31'142        144'195
                     'default_lp':    802        432     5'288     1'089      18'779        291'588
                          'fixed':  1'239      1'007     3'921       489     186'527        252'959
                      'fs_random':      0          0         0         0           0              0
                      'fs_random':      0          0         0         0           0              0
                      'fs_random':      0          0         0         0           0              0
                      'fs_random':      0          0         0         0           0              0
                      'fs_random':      0          0         0         0           0              0
                      'fs_random':      0          0         0         0           0              0
                      'fs_random':      0          0         0         0           0              0
                      'fs_random':      0          0         0         0           0              0
                      'fs_random':      0          0         0         0           0              0
                      'fs_random':      0          0         0         0           0              0
                      'fs_random':      0          0         0         0           0              0
                      'fs_random':      0          0         0         0           0              0
                'fs_random_no_lp':      0          0         0         0           0              0
                'fs_random_no_lp':      0          0         0         0           0              0
                'fs_random_no_lp':      0          0         0         0           0              0
                'fs_random_no_lp':      0          0         0         0           0              0
                'fs_random_no_lp':      0          0         0         0           0              0
                'fs_random_no_lp':      0          0         0         0           0              0
                'fs_random_no_lp':      0          0         0         0           0              0
                'fs_random_no_lp':      0          0         0         0           0              0
                'fs_random_no_lp':      0          0         0         0           0              0
                'fs_random_no_lp':      0          0         0         0           0              0
                'fs_random_no_lp':      0          0         0         0           0              0
                'fs_random_no_lp':      0          0         0         0           0              0
                'fs_random_no_lp':      0          0         0         0           0              0
        'fs_random_quick_restart':      0          0         0         0           0              0
        'fs_random_quick_restart':      0          0         0         0           0              0
        'fs_random_quick_restart':      0          0         0         0           0              0
        'fs_random_quick_restart':      0          0         0         0           0              0
        'fs_random_quick_restart':      0          0         0         0           0              0
        'fs_random_quick_restart':      0          0         0         0           0              0
        'fs_random_quick_restart':      0          0         0         0           0              0
        'fs_random_quick_restart':      0          0         0         0           0              0
        'fs_random_quick_restart':      0          0         0         0           0              0
        'fs_random_quick_restart':      0          0         0         0           0              0
        'fs_random_quick_restart':      0          0         0         0           0              0
        'fs_random_quick_restart':      0          0         0         0           0              0
  'fs_random_quick_restart_no_lp':      0          0         0         0           0              0
  'fs_random_quick_restart_no_lp':      0          0         0         0           0              0
  'fs_random_quick_restart_no_lp':      0          0         0         0           0              0
  'fs_random_quick_restart_no_lp':      0          0         0         0           0              0
  'fs_random_quick_restart_no_lp':      0          0         0         0           0              0
  'fs_random_quick_restart_no_lp':      0          0         0         0           0              0
  'fs_random_quick_restart_no_lp':      0          0         0         0           0              0
  'fs_random_quick_restart_no_lp':      0          0         0         0           0              0
  'fs_random_quick_restart_no_lp':      0          0         0         0           0              0
  'fs_random_quick_restart_no_lp':      0          0         0         0           0              0
  'fs_random_quick_restart_no_lp':      0          0         0         0           0              0
  'fs_random_quick_restart_no_lp':      0          0         0         0           0              0
                 'lb_tree_search':  1'820         41     7'083     6'119      17'373         62'849
                         'max_lp':    568        212     4'441     1'350       7'966        184'911
                          'no_lp':    550        636     4'462       494      14'450        239'549
            'objective_lb_search':    541        486     4'476     1'128      27'260        384'758
     'objective_lb_search_max_lp':  1'822         89     4'625     3'989      32'881         83'387
      'objective_lb_search_no_lp':    761        578     5'896       444      18'624        485'862
                        'probing':  1'922         24     3'820     3'820      16'421         45'515
                 'probing_max_lp':  1'825          3     3'648     3'648         752         26'190
                  'probing_no_lp':  2'222         23     4'421     4'421      78'968        105'947
                   'pseudo_costs':    489        111     4'413     1'579       5'422        107'892
                  'quick_restart':  1'318        316     7'948       953      45'094        524'620
            'quick_restart_no_lp':  1'114        290     8'870     1'248      37'458        397'508
                  'reduced_costs':  1'897         82     4'158     3'751      18'635         55'323

SAT stats                           ClassicMinim  LitRemoved  LitLearned  LitForgotten  Subsumed  MClauses  MDecisions  MLitTrue  MSubsumed  MLitRemoved  MReused
                           'core':           185         224      14'182             0         4         0           0         0          0            0        0
                     'default_lp':           392       1'480       7'141             0         2         0           0         0          0            0        0
                          'fixed':           677       7'313      22'035             0         1         0           0         0          0            0        0
                      'fs_random':             0           0           0             0         0         0           0         0          0            0        0
                      'fs_random':             0           0           0             0         0         0           0         0          0            0        0
                      'fs_random':             0           0           0             0         0         0           0         0          0            0        0
                      'fs_random':             0           0           0             0         0         0           0         0          0            0        0
                      'fs_random':             0           0           0             0         0         0           0         0          0            0        0
                      'fs_random':             0           0           0             0         0         0           0         0          0            0        0
                      'fs_random':             0           0           0             0         0         0           0         0          0            0        0
                      'fs_random':             0           0           0             0         0         0           0         0          0            0        0
                      'fs_random':             0           0           0             0         0         0           0         0          0            0        0
                      'fs_random':             0           0           0             0         0         0           0         0          0            0        0
                      'fs_random':             0           0           0             0         0         0           0         0          0            0        0
                      'fs_random':             0           0           0             0         0         0           0         0          0            0        0
                'fs_random_no_lp':             0           0           0             0         0         0           0         0          0            0        0
                'fs_random_no_lp':             0           0           0             0         0         0           0         0          0            0        0
                'fs_random_no_lp':             0           0           0             0         0         0           0         0          0            0        0
                'fs_random_no_lp':             0           0           0             0         0         0           0         0          0            0        0
                'fs_random_no_lp':             0           0           0             0         0         0           0         0          0            0        0
                'fs_random_no_lp':             0           0           0             0         0         0           0         0          0            0        0
                'fs_random_no_lp':             0           0           0             0         0         0           0         0          0            0        0
                'fs_random_no_lp':             0           0           0             0         0         0           0         0          0            0        0
                'fs_random_no_lp':             0           0           0             0         0         0           0         0          0            0        0
                'fs_random_no_lp':             0           0           0             0         0         0           0         0          0            0        0
                'fs_random_no_lp':             0           0           0             0         0         0           0         0          0            0        0
                'fs_random_no_lp':             0           0           0             0         0         0           0         0          0            0        0
                'fs_random_no_lp':             0           0           0             0         0         0           0         0          0            0        0
        'fs_random_quick_restart':             0           0           0             0         0         0           0         0          0            0        0
        'fs_random_quick_restart':             0           0           0             0         0         0           0         0          0            0        0
        'fs_random_quick_restart':             0           0           0             0         0         0           0         0          0            0        0
        'fs_random_quick_restart':             0           0           0             0         0         0           0         0          0            0        0
        'fs_random_quick_restart':             0           0           0             0         0         0           0         0          0            0        0
        'fs_random_quick_restart':             0           0           0             0         0         0           0         0          0            0        0
        'fs_random_quick_restart':             0           0           0             0         0         0           0         0          0            0        0
        'fs_random_quick_restart':             0           0           0             0         0         0           0         0          0            0        0
        'fs_random_quick_restart':             0           0           0             0         0         0           0         0          0            0        0
        'fs_random_quick_restart':             0           0           0             0         0         0           0         0          0            0        0
        'fs_random_quick_restart':             0           0           0             0         0         0           0         0          0            0        0
        'fs_random_quick_restart':             0           0           0             0         0         0           0         0          0            0        0
  'fs_random_quick_restart_no_lp':             0           0           0             0         0         0           0         0          0            0        0
  'fs_random_quick_restart_no_lp':             0           0           0             0         0         0           0         0          0            0        0
  'fs_random_quick_restart_no_lp':             0           0           0             0         0         0           0         0          0            0        0
  'fs_random_quick_restart_no_lp':             0           0           0             0         0         0           0         0          0            0        0
  'fs_random_quick_restart_no_lp':             0           0           0             0         0         0           0         0          0            0        0
  'fs_random_quick_restart_no_lp':             0           0           0             0         0         0           0         0          0            0        0
  'fs_random_quick_restart_no_lp':             0           0           0             0         0         0           0         0          0            0        0
  'fs_random_quick_restart_no_lp':             0           0           0             0         0         0           0         0          0            0        0
  'fs_random_quick_restart_no_lp':             0           0           0             0         0         0           0         0          0            0        0
  'fs_random_quick_restart_no_lp':             0           0           0             0         0         0           0         0          0            0        0
  'fs_random_quick_restart_no_lp':             0           0           0             0         0         0           0         0          0            0        0
  'fs_random_quick_restart_no_lp':             0           0           0             0         0         0           0         0          0            0        0
                 'lb_tree_search':             0           0          41             0         0         0           0         0          0            0        0
                         'max_lp':           186       1'116       8'115             0         0         0           0         0          0            0        0
                          'no_lp':           605       3'192      25'811             0         1         0           0         0          0            0        0
            'objective_lb_search':           425       2'198       4'755             0         2        13          28         0          3           13        0
     'objective_lb_search_max_lp':             0           0          91             0         0         0           0         0          0            0        0
      'objective_lb_search_no_lp':           426       1'115      10'958             0         1        26          33         0         18           54        6
                        'probing':             0           0          24             0         0         0           0         0          0            0        0
                 'probing_max_lp':             0           0           2             0         0         0           0         0          0            0        0
                  'probing_no_lp':             0           0          23             0         0         0           0         0          0            0        0
                   'pseudo_costs':           108         276       1'882             0         0         6           9         0          0            0        9
                  'quick_restart':           179         656       5'127             0         6        64          97         0         29          117       88
            'quick_restart_no_lp':           217         956       8'162             0         5         5           9         2          0            6        8
                  'reduced_costs':            47         337       1'371             0         0         0           0         0          0            0        0

Lp stats                         Component  Iterations  AddedCuts  OPTIMAL  DUAL_F.  DUAL_U.
                  'default_lp':         26         152          0    9'070        0        0
                       'fixed':         26          93          0   10'119        0        0
              'lb_tree_search':          1         349        315       36        1        0
                      'max_lp':          1       1'307        898      602        6        0
         'objective_lb_search':         26         155          0    7'125        0        0
  'objective_lb_search_max_lp':          1         439        577       22        9        0
                     'probing':         26         147          0   18'698        0        0
              'probing_max_lp':          1         240        236       37        0        0
                'pseudo_costs':          1       1'537        980      568       21        0
               'quick_restart':         26         475          0    9'972        0        0
               'reduced_costs':          1         871        532      494       14        0

Lp dimension                      Final dimension of first component
                  'default_lp':         1 rows, 9 columns, 2 entries
                       'fixed':         2 rows, 9 columns, 4 entries
              'lb_tree_search':  417 rows, 258 columns, 1581 entries
                      'max_lp':   112 rows, 258 columns, 225 entries
         'objective_lb_search':         2 rows, 9 columns, 4 entries
  'objective_lb_search_max_lp':  453 rows, 258 columns, 2182 entries
                     'probing':         1 rows, 9 columns, 2 entries
              'probing_max_lp':  389 rows, 258 columns, 1488 entries
                'pseudo_costs':   239 rows, 258 columns, 726 entries
               'quick_restart':         1 rows, 9 columns, 2 entries
               'reduced_costs':   200 rows, 258 columns, 498 entries

Lp debug                         CutPropag  CutEqPropag  Adjust  Overflow    Bad  BadScaling
                  'default_lp':          0            0       0         0      0           0
                       'fixed':          0            0       0         0      0           0
              'lb_tree_search':          0            9      33         0  4'145           0
                      'max_lp':          0            3      40         0  7'099           0
         'objective_lb_search':          0            0       0         0      0           0
  'objective_lb_search_max_lp':          0            0      12         0  1'899           0
                     'probing':          0            0       0         0      0           0
              'probing_max_lp':          0            7      33         0  6'050           0
                'pseudo_costs':          0            0     391         0  6'126           0
               'quick_restart':          0            0       0         0      0           0
               'reduced_costs':          0            0       0         0    465           0

Lp pool                          Constraints  Updates  Simplif  Merged  Shortened  Split  Strenghtened  Cuts/Call
                  'default_lp':          253        0        9       0          0      0             0        0/0
                       'fixed':          253        0        0       0          0      0             0        0/0
              'lb_tree_search':          565    1'159       86       3          0      0             0    315/655
                      'max_lp':          969    1'600       18     182          0      0             0  898/2'730
         'objective_lb_search':          253        0        6       0          0      0             0        0/0
  'objective_lb_search_max_lp':          786      372        7      44          0      0             0    577/953
                     'probing':          253        0       11       0          0      0             0        0/0
              'probing_max_lp':          489       10        0       0          0      0             0    236/566
                'pseudo_costs':        1'060    1'876      122     173          0      0             0  980/4'743
               'quick_restart':          253        0      151       0          0      0             0        0/0
               'reduced_costs':          743       66        5      42          0      0             0    532/838

Lp Cut                                                max_lp  pseudo_costs  lb_tree_search  probing_max_lp  reduced_costs  objective_lb_search_max_lp
                                               CG_K:       2             3               -               -              2                           4
                                               CG_R:       9            24               1               2              7                          12
                                            MIR_1_K:       3             4               2               -              6                           3
                                            MIR_1_R:       8            19               -               -             11                          12
                                            MIR_2_K:       -             1               1               -              -                           1
                                            MIR_2_R:       1             2               -               -              -                           1
                                            MIR_3_K:       -             3               1               -              -                           2
                                            MIR_3_R:       -             1               -               -              -                           1
                                            MIR_4_R:       -             1               -               -              -                           -
                                            MIR_5_R:       1             1               1               2              -                           -
                  NoOverlapCompletionTimeExhaustive:      44            29              12               9             26                          21
           NoOverlapCompletionTimeExhaustive_lifted:      28            44              10               8             30                          28
  NoOverlapCompletionTimeExhaustive_lifted_weighted:     112           107              37              25             57                          67
         NoOverlapCompletionTimeExhaustive_weighted:      63            60              25              19             29                          30
                    NoOverlapCompletionTimeQueyrane:     123           132              53              34             60                          81
             NoOverlapCompletionTimeQueyrane_lifted:     220           241              76              61            119                         159
                        NoOverlapDetectedPrecedence:       -            11               -               -              -                           -
                          NoOverlapDisjunctionOnEnd:       -             5               -               -             26                           -
                        NoOverlapDisjunctionOnStart:     269           281              88              69            154                         151
                                        ZERO_HALF_R:      15            11               8               7              5                           4

LNS stats                             Improv/Calls  Closed  Difficulty  TimeLimit
                    'graph_arc_lns':           4/5     40%    4.32e-01       0.10
                    'graph_cst_lns':           5/5     40%    4.32e-01       0.10
                    'graph_dec_lns':           6/6     50%    6.52e-01       0.10
                    'graph_var_lns':           5/5     40%    4.32e-01       0.10
                     'lb_relax_lns':           3/3      0%    1.24e-01       0.50
                        'rins/rens':           4/4     25%    2.48e-01       0.10
                      'rnd_cst_lns':           5/5     40%    4.32e-01       0.10
                      'rnd_var_lns':           5/6     50%    6.52e-01       0.10
         'scheduling_intervals_lns':           3/3      0%    1.24e-01       0.10
       'scheduling_precedences_lns':           3/3      0%    1.24e-01       0.10
  'scheduling_resource_windows_lns':           4/4     25%    2.48e-01       0.10
       'scheduling_time_window_lns':           3/3      0%    1.24e-01       0.10

LS stats                                    Batches  Restarts/Perturbs  LinMoves  GenMoves  CompoundMoves  Bactracks  WeightUpdates  ScoreComputed
                            'ls_compound':       19                 20        29     6'328            303      1'281          2'107      1'062'601
                         'ls_lin_restart':       18                 18       108     8'766              0          0          4'392      1'856'196
                'ls_lin_restart_compound':       20                 20         0     9'501            704      4'396             86      1'176'587
        'ls_lin_restart_compound_perturb':       18                 18         0    20'694            558     10'061            270      1'972'195
                   'ls_lin_restart_decay':       29                 29       160    12'229              0          0          1'555      1'766'125
          'ls_lin_restart_decay_compound':       28                 28         0    21'959          1'237     10'356            213      2'458'882
  'ls_lin_restart_decay_compound_perturb':       24                 24         0     9'382            644      4'368             97      1'133'611
           'ls_lin_restart_decay_perturb':       21                 21       112    10'569              0          0          1'880      1'544'950
                 'ls_lin_restart_perturb':       27                 27       183    10'251              0          0          5'615      2'191'987
                             'ls_restart':       43                 43       274    15'012              0          0          9'143      3'185'886
                    'ls_restart_compound':       47                 47         0    20'095          1'213      9'435            232      2'034'785
            'ls_restart_compound_perturb':       46                 46         0    32'496          1'490     15'491            462      3'266'459
                       'ls_restart_decay':       46                 46       280    26'862              0          0          2'930      3'778'577
              'ls_restart_decay_compound':       40                 40         0    33'822          1'901     15'953            354      3'929'384
      'ls_restart_decay_compound_perturb':       40                 40         0    32'737          1'847     15'433            304      3'678'147
               'ls_restart_decay_perturb':       38                 38       224    11'388              0          0          1'239      1'715'316
                     'ls_restart_perturb':       36                 36       227    13'396              0          0          7'215      3'011'646

Solutions (179)                             Num       Rank
                          'graph_cst_lns':    4   [69,171]
                          'graph_dec_lns':    3    [7,115]
                            'ls_compound':    4    [82,98]
                    'ls_compound_perturb':    3    [64,91]
                      'ls_decay_compound':    1  [153,153]
                         'ls_lin_restart':    2   [68,174]
                'ls_lin_restart_compound':    6   [17,141]
        'ls_lin_restart_compound_perturb':    4  [105,176]
                   'ls_lin_restart_decay':    9   [50,163]
          'ls_lin_restart_decay_compound':    7   [36,165]
  'ls_lin_restart_decay_compound_perturb':    6   [19,136]
           'ls_lin_restart_decay_perturb':    8   [22,173]
                 'ls_lin_restart_perturb':    8   [20,106]
                             'ls_restart':   11   [12,179]
                    'ls_restart_compound':   20    [4,160]
            'ls_restart_compound_perturb':   10   [13,162]
                       'ls_restart_decay':   19    [5,169]
              'ls_restart_decay_compound':    7   [61,149]
      'ls_restart_decay_compound_perturb':   11   [15,137]
               'ls_restart_decay_perturb':   12   [40,172]
                     'ls_restart_perturb':   13   [25,159]
                                 'max_lp':    1  [125,125]
                                  'no_lp':    1      [1,1]
              'objective_lb_search_no_lp':    1  [175,175]
                          'quick_restart':    2  [177,178]
                    'quick_restart_no_lp':    4    [2,156]
                            'rnd_cst_lns':    2    [10,11]

Objective bounds                 Num
                  'default_lp':    1
              'initial_domain':    1
                      'max_lp':    3
         'objective_lb_search':    4
  'objective_lb_search_max_lp':    1
   'objective_lb_search_no_lp':    3

Solution repositories    Added  Queried  Synchro
  'feasible solutions':    937      655      415
   'fj solution hints':      0        0        0
        'lp solutions':     16        2       16
                'pump':     60        2

Improving bounds shared            Num  Sym
                  'default_lp':    232    0
                       'fixed':    106    0
              'lb_tree_search':    698    0
                      'max_lp':  2'378    0
                       'no_lp':    271    0
         'objective_lb_search':    491    0
  'objective_lb_search_max_lp':      5    0
   'objective_lb_search_no_lp':    959    0
                     'probing':     13    0
              'probing_max_lp':      1    0
               'probing_no_lp':     11    0
                'pseudo_costs':  1'725    0
               'quick_restart':  2'968    0
         'quick_restart_no_lp':  1'324    0
               'reduced_costs':      5    0

CpSolverResponse summary:
status: OPTIMAL
objective: 5817
best_bound: 5817
integers: 0
booleans: 0
conflicts: 0
branches: 0
propagations: 0
integer_propagations: 0
restarts: 0
lp_iterations: 0
walltime: 0.335859
usertime: 0.335859
deterministic_time: 12.6334
gap_integral: 74.8765
solution_fingerprint: 0x97d6792907fd7db1

